<?xml version="1.0" encoding="UTF-8"?>
<testsuite name="de.uka.ilkd.key.proof.runallproofs.RunAllProofsFunctional" tests="34" skipped="0" failures="0" errors="0" timestamp="2023-06-02T20:31:56" hostname="fv-az167-193" time="5963.114">
  <properties/>
  <testcase name="newBook" classname="de.uka.ilkd.key.proof.runallproofs.RunAllProofsFunctional" time="71.526"/>
  <testcase name="oldBook" classname="de.uka.ilkd.key.proof.runallproofs.RunAllProofsFunctional" time="19.823"/>
  <testcase name="comprehensions" classname="de.uka.ilkd.key.proof.runallproofs.RunAllProofsFunctional" time="72.296"/>
  <testcase name="performance" classname="de.uka.ilkd.key.proof.runallproofs.RunAllProofsFunctional" time="247.299"/>
  <testcase name="performancePOConstruction" classname="de.uka.ilkd.key.proof.runallproofs.RunAllProofsFunctional" time="84.84"/>
  <testcase name="applicationRestrictions" classname="de.uka.ilkd.key.proof.runallproofs.RunAllProofsFunctional" time="55.496"/>
  <testcase name="blockContracts" classname="de.uka.ilkd.key.proof.runallproofs.RunAllProofsFunctional" time="155.701"/>
  <testcase name="jmlAsserts" classname="de.uka.ilkd.key.proof.runallproofs.RunAllProofsFunctional" time="105.861"/>
  <testcase name="javaCard" classname="de.uka.ilkd.key.proof.runallproofs.RunAllProofsFunctional" time="147.487"/>
  <testcase name="list" classname="de.uka.ilkd.key.proof.runallproofs.RunAllProofsFunctional" time="294.955"/>
  <testcase name="list_ghost" classname="de.uka.ilkd.key.proof.runallproofs.RunAllProofsFunctional" time="76.106"/>
  <testcase name="list_recursive" classname="de.uka.ilkd.key.proof.runallproofs.RunAllProofsFunctional" time="25.445"/>
  <testcase name="list_seq" classname="de.uka.ilkd.key.proof.runallproofs.RunAllProofsFunctional" time="177.501"/>
  <testcase name="observer" classname="de.uka.ilkd.key.proof.runallproofs.RunAllProofsFunctional" time="109.121"/>
  <testcase name="removeDups" classname="de.uka.ilkd.key.proof.runallproofs.RunAllProofsFunctional" time="149.697"/>
  <testcase name="quicksort" classname="de.uka.ilkd.key.proof.runallproofs.RunAllProofsFunctional" time="122.854"/>
  <testcase name="simpleTests" classname="de.uka.ilkd.key.proof.runallproofs.RunAllProofsFunctional" time="184.182"/>
  <testcase name="SmansEtAl" classname="de.uka.ilkd.key.proof.runallproofs.RunAllProofsFunctional" time="216.872"/>
  <testcase name="VACID0" classname="de.uka.ilkd.key.proof.runallproofs.RunAllProofsFunctional" time="89.864"/>
  <testcase name="VSTTE10" classname="de.uka.ilkd.key.proof.runallproofs.RunAllProofsFunctional" time="208.616"/>
  <testcase name="WeideEtAl" classname="de.uka.ilkd.key.proof.runallproofs.RunAllProofsFunctional" time="34.881"/>
  <testcase name="arithmetic" classname="de.uka.ilkd.key.proof.runallproofs.RunAllProofsFunctional" time="590.544"/>
  <testcase name="arrays" classname="de.uka.ilkd.key.proof.runallproofs.RunAllProofsFunctional" time="67.686"/>
  <testcase name="javadl" classname="de.uka.ilkd.key.proof.runallproofs.RunAllProofsFunctional" time="677.553"/>
  <testcase name="FOL" classname="de.uka.ilkd.key.proof.runallproofs.RunAllProofsFunctional" time="305.616"/>
  <testcase name="strings" classname="de.uka.ilkd.key.proof.runallproofs.RunAllProofsFunctional" time="176.086"/>
  <testcase name="simple_info_flow" classname="de.uka.ilkd.key.proof.runallproofs.RunAllProofsFunctional" time="15.572"/>
  <testcase name="modelMethods" classname="de.uka.ilkd.key.proof.runallproofs.RunAllProofsFunctional" time="196.426"/>
  <testcase name="permissionHeap" classname="de.uka.ilkd.key.proof.runallproofs.RunAllProofsFunctional" time="936.929"/>
  <testcase name="completionScopes" classname="de.uka.ilkd.key.proof.runallproofs.RunAllProofsFunctional" time="58.294"/>
  <testcase name="reload_examples" classname="de.uka.ilkd.key.proof.runallproofs.RunAllProofsFunctional" time="48.733"/>
  <testcase name="proofLoadRepair" classname="de.uka.ilkd.key.proof.runallproofs.RunAllProofsFunctional" time="22.635"/>
  <testcase name="switch" classname="de.uka.ilkd.key.proof.runallproofs.RunAllProofsFunctional" time="75.055"/>
  <testcase name="redux" classname="de.uka.ilkd.key.proof.runallproofs.RunAllProofsFunctional" time="141.547"/>
  <system-out><![CDATA[507        INFO  Test worker     d.u.i.k.p.r.RunAllProofsTestUnit Running test newBook 
388        INFO  Timeout watchdog d.u.i.k.p.r.p.ForkedTestFileRunner Timeout watcher launched (2000 secs.) 
410        WARN  main            d.u.i.k.s.ProofSettings   No proof-settings could be loaded, using defaults java.io.FileNotFoundException: /home/runner/.key/proof-settings.props (No such file or directory)
	at java.base/java.io.FileInputStream.open0(Native Method)

446        INFO  main            d.u.i.k.p.r.p.TestFile    Now processing file /home/runner/work/key/key/key.core/../key.ui/examples/newBook/09.list_modelfield/ArrayList.add.key 
600        INFO  main            d.u.i.k.p.i.AbstractProblemLoader Loading environment from /home/runner/work/key/key/key.core/../key.ui/examples/newBook/09.list_modelfield/ArrayList.add.key 
619        DEBUG main            d.u.i.k.p.i.AbstractProblemLoader Environment load took 2.34ms 
923        INFO  main            d.u.i.k.p.i.AbstractProblemLoader Creating init config 
2018       DEBUG main            d.u.i.k.j.TypeConverter   No LDT found for Meta 
2019       DEBUG main            d.u.i.k.j.TypeConverter   No LDT found for Meta 
2022       DEBUG main            d.u.i.k.j.TypeConverter   No LDT found for Meta 
2022       DEBUG main            d.u.i.k.j.TypeConverter   No LDT found for Meta 
4073       DEBUG main            d.u.i.k.j.TypeConverter   No LDT found for JavaBigintExpression 
10441      DEBUG main            d.u.i.k.p.i.AbstractProblemLoader Init config took 9.52s 
10710      INFO  main            d.u.i.k.p.i.AbstractProblemLoader Replaying proof ArrayList[List::add(int)].JML normal_behavior operation contract.0 
10754      DEBUG main            d.u.i.k.p.i.IntermediateProofReplayer Proof replay took 40.3ns 
31836      INFO  main            d.u.i.k.p.r.p.TestFile    ... finished proof: closed. 
32107      INFO  main            d.u.i.k.p.i.AbstractProblemLoader Loading environment from /home/runner/work/key/key/key.core/../key.ui/examples/newBook/09.list_modelfield/ArrayList.add.key.proof 
32108      DEBUG main            d.u.i.k.p.i.AbstractProblemLoader Environment load took 1.01ms 
32118      INFO  main            d.u.i.k.p.i.AbstractProblemLoader Creating init config 
35646      DEBUG main            d.u.i.k.p.i.AbstractProblemLoader Init config took 3.53s 
35723      INFO  main            d.u.i.k.p.i.AbstractProblemLoader Replaying proof ArrayList[List::add(int)].JML normal_behavior operation contract.0 
36958      DEBUG main            d.u.i.k.p.i.IntermediateProofReplayer Proof replay took 1.12s 
36983      DEBUG main            d.u.i.k.p.r.p.TestFile    ... success: reloaded. 
36988      INFO  main            d.u.i.k.p.r.p.TestFile    Now processing file /home/runner/work/key/key/key.core/../key.ui/examples/newBook/09.list_modelfield/ArrayList.remFirst.key 
36989      INFO  main            d.u.i.k.p.i.AbstractProblemLoader Loading environment from /home/runner/work/key/key/key.core/../key.ui/examples/newBook/09.list_modelfield/ArrayList.remFirst.key 
36990      DEBUG main            d.u.i.k.p.i.AbstractProblemLoader Environment load took 703.5ns 
36994      INFO  main            d.u.i.k.p.i.AbstractProblemLoader Creating init config 
40467      DEBUG main            d.u.i.k.p.i.AbstractProblemLoader Init config took 3.47s 
40558      INFO  main            d.u.i.k.p.i.AbstractProblemLoader Replaying proof ArrayList[List::remFirst()].JML normal_behavior operation contract.0 
40560      DEBUG main            d.u.i.k.p.i.IntermediateProofReplayer Proof replay took 7.2ns 
45298      INFO  main            d.u.i.k.p.r.p.TestFile    ... finished proof: closed. 
45557      INFO  main            d.u.i.k.p.i.AbstractProblemLoader Loading environment from /home/runner/work/key/key/key.core/../key.ui/examples/newBook/09.list_modelfield/ArrayList.remFirst.key.proof 
45557      DEBUG main            d.u.i.k.p.i.AbstractProblemLoader Environment load took 155.8ns 
45560      INFO  main            d.u.i.k.p.i.AbstractProblemLoader Creating init config 
48654      DEBUG main            d.u.i.k.p.i.AbstractProblemLoader Init config took 3.09s 
48720      INFO  main            d.u.i.k.p.i.AbstractProblemLoader Replaying proof ArrayList[List::remFirst()].JML normal_behavior operation contract.0 
49215      DEBUG main            d.u.i.k.p.i.IntermediateProofReplayer Proof replay took 470.58ms 
49216      DEBUG main            d.u.i.k.p.r.p.TestFile    ... success: reloaded. 
49218      INFO  main            d.u.i.k.p.r.p.TestFile    Now processing file /home/runner/work/key/key/key.core/../key.ui/examples/newBook/09.list_modelfield/ArrayList.empty.key 
49219      INFO  main            d.u.i.k.p.i.AbstractProblemLoader Loading environment from /home/runner/work/key/key/key.core/../key.ui/examples/newBook/09.list_modelfield/ArrayList.empty.key 
49219      DEBUG main            d.u.i.k.p.i.AbstractProblemLoader Environment load took 332.8ns 
49221      INFO  main            d.u.i.k.p.i.AbstractProblemLoader Creating init config 
52272      DEBUG main            d.u.i.k.p.i.AbstractProblemLoader Init config took 3.05s 
52333      INFO  main            d.u.i.k.p.i.AbstractProblemLoader Replaying proof ArrayList[List::empty()].JML normal_behavior operation contract.0 
52340      DEBUG main            d.u.i.k.p.i.IntermediateProofReplayer Proof replay took 6.6ns 
53547      INFO  main            d.u.i.k.p.r.p.TestFile    ... finished proof: closed. 
53732      INFO  main            d.u.i.k.p.i.AbstractProblemLoader Loading environment from /home/runner/work/key/key/key.core/../key.ui/examples/newBook/09.list_modelfield/ArrayList.empty.key.proof 
53735      DEBUG main            d.u.i.k.p.i.AbstractProblemLoader Environment load took 3.4ms 
53738      INFO  main            d.u.i.k.p.i.AbstractProblemLoader Creating init config 
56763      DEBUG main            d.u.i.k.p.i.AbstractProblemLoader Init config took 3.03s 
56839      INFO  main            d.u.i.k.p.i.AbstractProblemLoader Replaying proof ArrayList[List::empty()].JML normal_behavior operation contract.0 
56935      DEBUG main            d.u.i.k.p.i.IntermediateProofReplayer Proof replay took 89.6ms 
56938      DEBUG main            d.u.i.k.p.r.p.TestFile    ... success: reloaded. 
56939      INFO  main            d.u.i.k.p.r.p.TestFile    Now processing file /home/runner/work/key/key/key.core/../key.ui/examples/newBook/09.list_modelfield/ArrayList.size.key 
56940      INFO  main            d.u.i.k.p.i.AbstractProblemLoader Loading environment from /home/runner/work/key/key/key.core/../key.ui/examples/newBook/09.list_modelfield/ArrayList.size.key 
56941      DEBUG main            d.u.i.k.p.i.AbstractProblemLoader Environment load took 635.5ns 
56942      INFO  main            d.u.i.k.p.i.AbstractProblemLoader Creating init config 
59941      DEBUG main            d.u.i.k.p.i.AbstractProblemLoader Init config took 3s 
59993      INFO  main            d.u.i.k.p.i.AbstractProblemLoader Replaying proof ArrayList[List::size()].JML normal_behavior operation contract.0 
59995      DEBUG main            d.u.i.k.p.i.IntermediateProofReplayer Proof replay took 6.3ns 
60520      INFO  main            d.u.i.k.p.r.p.TestFile    ... finished proof: closed. 
60707      INFO  main            d.u.i.k.p.i.AbstractProblemLoader Loading environment from /home/runner/work/key/key/key.core/../key.ui/examples/newBook/09.list_modelfield/ArrayList.size.key.proof 
60708      DEBUG main            d.u.i.k.p.i.AbstractProblemLoader Environment load took 134.8ns 
60709      INFO  main            d.u.i.k.p.i.AbstractProblemLoader Creating init config 
63744      DEBUG main            d.u.i.k.p.i.AbstractProblemLoader Init config took 3.03s 
63798      INFO  main            d.u.i.k.p.i.AbstractProblemLoader Replaying proof ArrayList[List::size()].JML normal_behavior operation contract.0 
63841      DEBUG main            d.u.i.k.p.i.IntermediateProofReplayer Proof replay took 38.55ms 
63843      DEBUG main            d.u.i.k.p.r.p.TestFile    ... success: reloaded. 
63844      INFO  main            d.u.i.k.p.r.p.TestFile    Now processing file /home/runner/work/key/key/key.core/../key.ui/examples/newBook/09.list_modelfield/ArrayList.get.key 
63844      INFO  main            d.u.i.k.p.i.AbstractProblemLoader Loading environment from /home/runner/work/key/key/key.core/../key.ui/examples/newBook/09.list_modelfield/ArrayList.get.key 
63844      DEBUG main            d.u.i.k.p.i.AbstractProblemLoader Environment load took 171.2ns 
63845      INFO  main            d.u.i.k.p.i.AbstractProblemLoader Creating init config 
66854      DEBUG main            d.u.i.k.p.i.AbstractProblemLoader Init config took 3.01s 
66906      INFO  main            d.u.i.k.p.i.AbstractProblemLoader Replaying proof ArrayList[List::get(int)].JML normal_behavior operation contract.0 
66910      DEBUG main            d.u.i.k.p.i.IntermediateProofReplayer Proof replay took 6.8ns 
68016      INFO  main            d.u.i.k.p.r.p.TestFile    ... finished proof: closed. 
68216      INFO  main            d.u.i.k.p.i.AbstractProblemLoader Loading environment from /home/runner/work/key/key/key.core/../key.ui/examples/newBook/09.list_modelfield/ArrayList.get.key.proof 
68217      DEBUG main            d.u.i.k.p.i.AbstractProblemLoader Environment load took 1.05ms 
68223      INFO  main            d.u.i.k.p.i.AbstractProblemLoader Creating init config 
71143      DEBUG main            d.u.i.k.p.i.AbstractProblemLoader Init config took 2.92s 
71196      INFO  main            d.u.i.k.p.i.AbstractProblemLoader Replaying proof ArrayList[List::get(int)].JML normal_behavior operation contract.0 
71268      DEBUG main            d.u.i.k.p.i.IntermediateProofReplayer Proof replay took 66.81ms 
71269      DEBUG main            d.u.i.k.p.r.p.TestFile    ... success: reloaded. 
72019      INFO  Test worker     d.u.i.k.p.r.RunAllProofsTestUnit Returning from test newBook 
72029      INFO  Test worker     d.u.i.k.p.r.RunAllProofsTestUnit Running test oldBook 
428        INFO  Timeout watchdog d.u.i.k.p.r.p.ForkedTestFileRunner Timeout watcher launched (2000 secs.) 
439        WARN  main            d.u.i.k.s.ProofSettings   The settings in /home/runner/.key/proof-settings.props are *not* read. 
470        INFO  main            d.u.i.k.p.r.p.TestFile    Now processing file /home/runner/work/key/key/key.core/../key.ui/examples/standard_key/BookExamples/02FirstOrderLogic/Ex2.58.key 
636        INFO  main            d.u.i.k.p.i.AbstractProblemLoader Loading environment from /home/runner/work/key/key/key.core/../key.ui/examples/standard_key/BookExamples/02FirstOrderLogic/Ex2.58.key 
656        DEBUG main            d.u.i.k.p.i.AbstractProblemLoader Environment load took 3.1ms 
943        INFO  main            d.u.i.k.p.i.AbstractProblemLoader Creating init config 
2110       DEBUG main            d.u.i.k.j.TypeConverter   No LDT found for Meta 
2111       DEBUG main            d.u.i.k.j.TypeConverter   No LDT found for Meta 
2115       DEBUG main            d.u.i.k.j.TypeConverter   No LDT found for Meta 
2115       DEBUG main            d.u.i.k.j.TypeConverter   No LDT found for Meta 
3831       DEBUG main            d.u.i.k.j.TypeConverter   No LDT found for JavaBigintExpression 
9424       DEBUG main            d.u.i.k.p.i.AbstractProblemLoader Init config took 8.48s 
9508       INFO  main            d.u.i.k.p.i.AbstractProblemLoader Replaying proof Ex2.58.key 
9552       DEBUG main            d.u.i.k.p.i.IntermediateProofReplayer Proof replay took 37.3ns 
9789       INFO  main            d.u.i.k.p.r.p.TestFile    ... finished proof: closed. 
9899       INFO  main            d.u.i.k.p.i.AbstractProblemLoader Loading environment from /home/runner/work/key/key/key.core/../key.ui/examples/standard_key/BookExamples/02FirstOrderLogic/Ex2.58.key.proof 
9899       DEBUG main            d.u.i.k.p.i.AbstractProblemLoader Environment load took 212.4ns 
9906       INFO  main            d.u.i.k.p.i.AbstractProblemLoader Creating init config 
12988      DEBUG main            d.u.i.k.p.i.AbstractProblemLoader Init config took 3.08s 
13027      INFO  main            d.u.i.k.p.i.AbstractProblemLoader Replaying proof Ex2.58.key.proof 
13036      DEBUG main            d.u.i.k.p.i.IntermediateProofReplayer Proof replay took 3.03ms 
13049      DEBUG main            d.u.i.k.p.r.p.TestFile    ... success: reloaded. 
13051      INFO  main            d.u.i.k.p.r.p.TestFile    Now processing file /home/runner/work/key/key/key.core/../key.ui/examples/standard_key/BookExamples/03DynamicLogic/Sect3.3.1.key 
13052      INFO  main            d.u.i.k.p.i.AbstractProblemLoader Loading environment from /home/runner/work/key/key/key.core/../key.ui/examples/standard_key/BookExamples/03DynamicLogic/Sect3.3.1.key 
13053      DEBUG main            d.u.i.k.p.i.AbstractProblemLoader Environment load took 397.5ns 
13055      INFO  main            d.u.i.k.p.i.AbstractProblemLoader Creating init config 
15857      DEBUG main            d.u.i.k.p.i.AbstractProblemLoader Init config took 2.8s 
15901      INFO  main            d.u.i.k.p.i.AbstractProblemLoader Replaying proof Sect3.3.1.key 
15909      DEBUG main            d.u.i.k.p.i.IntermediateProofReplayer Proof replay took 8.4ns 
16517      INFO  main            d.u.i.k.p.r.p.TestFile    ... finished proof: closed. 
16685      INFO  main            d.u.i.k.p.i.AbstractProblemLoader Loading environment from /home/runner/work/key/key/key.core/../key.ui/examples/standard_key/BookExamples/03DynamicLogic/Sect3.3.1.key.proof 
16697      DEBUG main            d.u.i.k.p.i.AbstractProblemLoader Environment load took 12.67ms 
16704      INFO  main            d.u.i.k.p.i.AbstractProblemLoader Creating init config 
19529      DEBUG main            d.u.i.k.p.i.AbstractProblemLoader Init config took 2.82s 
19556      INFO  main            d.u.i.k.p.i.AbstractProblemLoader Replaying proof Sect3.3.1.key.proof 
19642      DEBUG main            d.u.i.k.p.i.IntermediateProofReplayer Proof replay took 82.05ms 
19645      DEBUG main            d.u.i.k.p.r.p.TestFile    ... success: reloaded. 
91851      INFO  Test worker     d.u.i.k.p.r.RunAllProofsTestUnit Returning from test oldBook 
91854      INFO  Test worker     d.u.i.k.p.r.RunAllProofsTestUnit Running test comprehensions 
400        INFO  Timeout watchdog d.u.i.k.p.r.p.ForkedTestFileRunner Timeout watcher launched (2000 secs.) 
402        WARN  main            d.u.i.k.s.ProofSettings   The settings in /home/runner/.key/proof-settings.props are *not* read. 
438        INFO  main            d.u.i.k.p.r.p.TestFile    Now processing file /home/runner/work/key/key/key.core/../key.ui/examples/heap/comprehensions/general_sum.key 
574        INFO  main            d.u.i.k.p.i.AbstractProblemLoader Loading environment from /home/runner/work/key/key/key.core/../key.ui/examples/heap/comprehensions/general_sum.key 
593        DEBUG main            d.u.i.k.p.i.AbstractProblemLoader Environment load took 2.4ms 
848        INFO  main            d.u.i.k.p.i.AbstractProblemLoader Creating init config 
1854       DEBUG main            d.u.i.k.j.TypeConverter   No LDT found for Meta 
1855       DEBUG main            d.u.i.k.j.TypeConverter   No LDT found for Meta 
1856       DEBUG main            d.u.i.k.j.TypeConverter   No LDT found for Meta 
1857       DEBUG main            d.u.i.k.j.TypeConverter   No LDT found for Meta 
3392       DEBUG main            d.u.i.k.j.TypeConverter   No LDT found for JavaBigintExpression 
8905       DEBUG main            d.u.i.k.p.i.AbstractProblemLoader Init config took 8.06s 
9128       INFO  main            d.u.i.k.p.i.AbstractProblemLoader Replaying proof GSum[GSum::doNothing()].JML operation contract.0 
9172       DEBUG main            d.u.i.k.p.i.IntermediateProofReplayer Proof replay took 32.1ns 
9620       INFO  main            d.u.i.k.p.r.p.TestFile    ... finished proof: closed. 
9750       INFO  main            d.u.i.k.p.i.AbstractProblemLoader Loading environment from /home/runner/work/key/key/key.core/../key.ui/examples/heap/comprehensions/general_sum.key.proof 
9750       DEBUG main            d.u.i.k.p.i.AbstractProblemLoader Environment load took 145.4ns 
9752       INFO  main            d.u.i.k.p.i.AbstractProblemLoader Creating init config 
12845      DEBUG main            d.u.i.k.p.i.AbstractProblemLoader Init config took 3.09s 
12912      INFO  main            d.u.i.k.p.i.AbstractProblemLoader Replaying proof GSum[GSum::doNothing()].JML operation contract.0 
12938      DEBUG main            d.u.i.k.p.i.IntermediateProofReplayer Proof replay took 19.39ms 
12946      DEBUG main            d.u.i.k.p.r.p.TestFile    ... success: reloaded. 
12948      INFO  main            d.u.i.k.p.r.p.TestFile    Now processing file /home/runner/work/key/key/key.core/../key.ui/examples/heap/comprehensions/sum0.key 
12948      INFO  main            d.u.i.k.p.i.AbstractProblemLoader Loading environment from /home/runner/work/key/key/key.core/../key.ui/examples/heap/comprehensions/sum0.key 
12948      DEBUG main            d.u.i.k.p.i.AbstractProblemLoader Environment load took 351.4ns 
12953      INFO  main            d.u.i.k.p.i.AbstractProblemLoader Creating init config 
15843      DEBUG main            d.u.i.k.p.i.AbstractProblemLoader Init config took 2.89s 
15904      INFO  main            d.u.i.k.p.i.AbstractProblemLoader Replaying proof Sum[Sum::sum0([I)].JML normal_behavior operation contract.0 
15908      DEBUG main            d.u.i.k.p.i.IntermediateProofReplayer Proof replay took 6.8ns 
16051      DEBUG Thread-4        d.u.i.k.l.l.OriginTermLabel commonFileName is null! 
16051      DEBUG Thread-4        d.u.i.k.l.l.OriginTermLabel commonFileName is null! 
16341      DEBUG Thread-4        d.u.i.k.l.l.OriginTermLabel commonFileName is null! 
16342      DEBUG Thread-4        d.u.i.k.l.l.OriginTermLabel commonFileName is null! 
16578      DEBUG Thread-4        d.u.i.k.l.l.OriginTermLabel commonFileName is null! 
16815      INFO  main            d.u.i.k.p.r.p.TestFile    ... finished proof: closed. 
17004      INFO  main            d.u.i.k.p.i.AbstractProblemLoader Loading environment from /home/runner/work/key/key/key.core/../key.ui/examples/heap/comprehensions/sum0.key.proof 
17010      DEBUG main            d.u.i.k.p.i.AbstractProblemLoader Environment load took 5.51ms 
17013      INFO  main            d.u.i.k.p.i.AbstractProblemLoader Creating init config 
19938      DEBUG main            d.u.i.k.p.i.AbstractProblemLoader Init config took 2.92s 
19992      INFO  main            d.u.i.k.p.i.AbstractProblemLoader Replaying proof Sum[Sum::sum0([I)].JML normal_behavior operation contract.0 
20027      DEBUG main            d.u.i.k.l.l.OriginTermLabel commonFileName is null! 
20027      DEBUG main            d.u.i.k.l.l.OriginTermLabel commonFileName is null! 
20085      DEBUG main            d.u.i.k.l.l.OriginTermLabel commonFileName is null! 
20123      DEBUG main            d.u.i.k.l.l.OriginTermLabel commonFileName is null! 
20123      DEBUG main            d.u.i.k.l.l.OriginTermLabel commonFileName is null! 
20126      DEBUG main            d.u.i.k.p.i.IntermediateProofReplayer Proof replay took 129.24ms 
20128      DEBUG main            d.u.i.k.p.r.p.TestFile    ... success: reloaded. 
20129      INFO  main            d.u.i.k.p.r.p.TestFile    Now processing file /home/runner/work/key/key/key.core/../key.ui/examples/heap/comprehensions/sum1.key 
20130      INFO  main            d.u.i.k.p.i.AbstractProblemLoader Loading environment from /home/runner/work/key/key/key.core/../key.ui/examples/heap/comprehensions/sum1.key 
20130      DEBUG main            d.u.i.k.p.i.AbstractProblemLoader Environment load took 105ns 
20131      INFO  main            d.u.i.k.p.i.AbstractProblemLoader Creating init config 
22951      DEBUG main            d.u.i.k.p.i.AbstractProblemLoader Init config took 2.82s 
23002      INFO  main            d.u.i.k.p.i.AbstractProblemLoader Replaying proof Sum[Sum::sum1([I)].JML normal_behavior operation contract.0 
23005      DEBUG main            d.u.i.k.p.i.IntermediateProofReplayer Proof replay took 5.8ns 
23067      DEBUG Thread-7        d.u.i.k.l.l.OriginTermLabel commonFileName is null! 
23068      DEBUG Thread-7        d.u.i.k.l.l.OriginTermLabel commonFileName is null! 
23228      DEBUG Thread-7        d.u.i.k.l.l.OriginTermLabel commonFileName is null! 
23233      DEBUG Thread-7        d.u.i.k.l.l.OriginTermLabel commonFileName is null! 
23372      DEBUG Thread-7        d.u.i.k.l.l.OriginTermLabel commonFileName is null! 
23610      INFO  main            d.u.i.k.p.r.p.TestFile    ... finished proof: closed. 
23876      INFO  main            d.u.i.k.p.i.AbstractProblemLoader Loading environment from /home/runner/work/key/key/key.core/../key.ui/examples/heap/comprehensions/sum1.key.proof 
23877      DEBUG main            d.u.i.k.p.i.AbstractProblemLoader Environment load took 782.7ns 
23879      INFO  main            d.u.i.k.p.i.AbstractProblemLoader Creating init config 
26810      DEBUG main            d.u.i.k.p.i.AbstractProblemLoader Init config took 2.93s 
26857      INFO  main            d.u.i.k.p.i.AbstractProblemLoader Replaying proof Sum[Sum::sum1([I)].JML normal_behavior operation contract.0 
26888      DEBUG main            d.u.i.k.l.l.OriginTermLabel commonFileName is null! 
26889      DEBUG main            d.u.i.k.l.l.OriginTermLabel commonFileName is null! 
26932      DEBUG main            d.u.i.k.l.l.OriginTermLabel commonFileName is null! 
26962      DEBUG main            d.u.i.k.l.l.OriginTermLabel commonFileName is null! 
26963      DEBUG main            d.u.i.k.l.l.OriginTermLabel commonFileName is null! 
26966      DEBUG main            d.u.i.k.p.i.IntermediateProofReplayer Proof replay took 104.35ms 
26967      DEBUG main            d.u.i.k.p.r.p.TestFile    ... success: reloaded. 
26969      INFO  main            d.u.i.k.p.r.p.TestFile    Now processing file /home/runner/work/key/key/key.core/../key.ui/examples/heap/comprehensions/sum2.key 
26970      INFO  main            d.u.i.k.p.i.AbstractProblemLoader Loading environment from /home/runner/work/key/key/key.core/../key.ui/examples/heap/comprehensions/sum2.key 
26971      DEBUG main            d.u.i.k.p.i.AbstractProblemLoader Environment load took 400.6ns 
26972      INFO  main            d.u.i.k.p.i.AbstractProblemLoader Creating init config 
29753      DEBUG main            d.u.i.k.p.i.AbstractProblemLoader Init config took 2.78s 
29806      INFO  main            d.u.i.k.p.i.AbstractProblemLoader Replaying proof Sum[Sum::sum2([I)].JML normal_behavior operation contract.0 
29809      DEBUG main            d.u.i.k.p.i.IntermediateProofReplayer Proof replay took 6.7ns 
29862      DEBUG Thread-10       d.u.i.k.l.l.OriginTermLabel commonFileName is null! 
29863      DEBUG Thread-10       d.u.i.k.l.l.OriginTermLabel commonFileName is null! 
29988      DEBUG Thread-10       d.u.i.k.l.l.OriginTermLabel commonFileName is null! 
29989      DEBUG Thread-10       d.u.i.k.l.l.OriginTermLabel commonFileName is null! 
30095      DEBUG Thread-10       d.u.i.k.l.l.OriginTermLabel commonFileName is null! 
30313      INFO  main            d.u.i.k.p.r.p.TestFile    ... finished proof: closed. 
30506      INFO  main            d.u.i.k.p.i.AbstractProblemLoader Loading environment from /home/runner/work/key/key/key.core/../key.ui/examples/heap/comprehensions/sum2.key.proof 
30507      DEBUG main            d.u.i.k.p.i.AbstractProblemLoader Environment load took 865.7ns 
30509      INFO  main            d.u.i.k.p.i.AbstractProblemLoader Creating init config 
33465      DEBUG main            d.u.i.k.p.i.AbstractProblemLoader Init config took 2.96s 
33527      INFO  main            d.u.i.k.p.i.AbstractProblemLoader Replaying proof Sum[Sum::sum2([I)].JML normal_behavior operation contract.0 
33561      DEBUG main            d.u.i.k.l.l.OriginTermLabel commonFileName is null! 
33561      DEBUG main            d.u.i.k.l.l.OriginTermLabel commonFileName is null! 
33598      DEBUG main            d.u.i.k.l.l.OriginTermLabel commonFileName is null! 
33626      DEBUG main            d.u.i.k.l.l.OriginTermLabel commonFileName is null! 
33627      DEBUG main            d.u.i.k.l.l.OriginTermLabel commonFileName is null! 
33629      DEBUG main            d.u.i.k.p.i.IntermediateProofReplayer Proof replay took 95.72ms 
33631      DEBUG main            d.u.i.k.p.r.p.TestFile    ... success: reloaded. 
33632      INFO  main            d.u.i.k.p.r.p.TestFile    Now processing file /home/runner/work/key/key/key.core/../key.ui/examples/heap/comprehensions/sum3.key 
33632      INFO  main            d.u.i.k.p.i.AbstractProblemLoader Loading environment from /home/runner/work/key/key/key.core/../key.ui/examples/heap/comprehensions/sum3.key 
33632      DEBUG main            d.u.i.k.p.i.AbstractProblemLoader Environment load took 343.7ns 
33634      INFO  main            d.u.i.k.p.i.AbstractProblemLoader Creating init config 
36411      DEBUG main            d.u.i.k.p.i.AbstractProblemLoader Init config took 2.78s 
36483      INFO  main            d.u.i.k.p.i.AbstractProblemLoader Replaying proof Sum[Sum::sum3([I)].JML normal_behavior operation contract.0 
36486      DEBUG main            d.u.i.k.p.i.IntermediateProofReplayer Proof replay took 7.1ns 
36545      DEBUG Thread-13       d.u.i.k.l.l.OriginTermLabel commonFileName is null! 
36546      DEBUG Thread-13       d.u.i.k.l.l.OriginTermLabel commonFileName is null! 
36680      DEBUG Thread-13       d.u.i.k.l.l.OriginTermLabel commonFileName is null! 
36687      DEBUG Thread-13       d.u.i.k.l.l.OriginTermLabel commonFileName is null! 
36775      DEBUG Thread-13       d.u.i.k.l.l.OriginTermLabel commonFileName is null! 
36889      INFO  main            d.u.i.k.p.r.p.TestFile    ... finished proof: closed. 
37080      INFO  main            d.u.i.k.p.i.AbstractProblemLoader Loading environment from /home/runner/work/key/key/key.core/../key.ui/examples/heap/comprehensions/sum3.key.proof 
37081      DEBUG main            d.u.i.k.p.i.AbstractProblemLoader Environment load took 949.2ns 
37085      INFO  main            d.u.i.k.p.i.AbstractProblemLoader Creating init config 
39849      DEBUG main            d.u.i.k.p.i.AbstractProblemLoader Init config took 2.76s 
39894      INFO  main            d.u.i.k.p.i.AbstractProblemLoader Replaying proof Sum[Sum::sum3([I)].JML normal_behavior operation contract.0 
39919      DEBUG main            d.u.i.k.l.l.OriginTermLabel commonFileName is null! 
39921      DEBUG main            d.u.i.k.l.l.OriginTermLabel commonFileName is null! 
39960      DEBUG main            d.u.i.k.l.l.OriginTermLabel commonFileName is null! 
39983      DEBUG main            d.u.i.k.l.l.OriginTermLabel commonFileName is null! 
39987      DEBUG main            d.u.i.k.l.l.OriginTermLabel commonFileName is null! 
39991      DEBUG main            d.u.i.k.p.i.IntermediateProofReplayer Proof replay took 92.99ms 
39993      DEBUG main            d.u.i.k.p.r.p.TestFile    ... success: reloaded. 
39995      INFO  main            d.u.i.k.p.r.p.TestFile    Now processing file /home/runner/work/key/key/key.core/../key.ui/examples/heap/comprehensions/segsum.key 
39996      INFO  main            d.u.i.k.p.i.AbstractProblemLoader Loading environment from /home/runner/work/key/key/key.core/../key.ui/examples/heap/comprehensions/segsum.key 
39998      DEBUG main            d.u.i.k.p.i.AbstractProblemLoader Environment load took 1.89ms 
40002      INFO  main            d.u.i.k.p.i.AbstractProblemLoader Creating init config 
42990      DEBUG main            d.u.i.k.p.i.AbstractProblemLoader Init config took 2.99s 
43034      INFO  main            d.u.i.k.p.i.AbstractProblemLoader Replaying proof SegSum[SegSum::segSum([I,int,int)].JML normal_behavior operation contract.0 
43036      DEBUG main            d.u.i.k.p.i.IntermediateProofReplayer Proof replay took 6.9ns 
43539      INFO  main            d.u.i.k.p.r.p.TestFile    ... finished proof: closed. 
43729      INFO  main            d.u.i.k.p.i.AbstractProblemLoader Loading environment from /home/runner/work/key/key/key.core/../key.ui/examples/heap/comprehensions/segsum.key.proof 
43729      DEBUG main            d.u.i.k.p.i.AbstractProblemLoader Environment load took 157.4ns 
43731      INFO  main            d.u.i.k.p.i.AbstractProblemLoader Creating init config 
46560      DEBUG main            d.u.i.k.p.i.AbstractProblemLoader Init config took 2.83s 
46608      INFO  main            d.u.i.k.p.i.AbstractProblemLoader Replaying proof SegSum[SegSum::segSum([I,int,int)].JML normal_behavior operation contract.0 
46693      DEBUG main            d.u.i.k.p.i.IntermediateProofReplayer Proof replay took 81.72ms 
46694      DEBUG main            d.u.i.k.p.r.p.TestFile    ... success: reloaded. 
46695      INFO  main            d.u.i.k.p.r.p.TestFile    Now processing file /home/runner/work/key/key/key.core/../key.ui/examples/heap/comprehensions/bsum_negative.key 
46695      INFO  main            d.u.i.k.p.i.AbstractProblemLoader Loading environment from /home/runner/work/key/key/key.core/../key.ui/examples/heap/comprehensions/bsum_negative.key 
46696      DEBUG main            d.u.i.k.p.i.AbstractProblemLoader Environment load took 185.9ns 
46697      INFO  main            d.u.i.k.p.i.AbstractProblemLoader Creating init config 
49440      DEBUG main            d.u.i.k.p.i.AbstractProblemLoader Init config took 2.74s 
49461      INFO  main            d.u.i.k.p.i.AbstractProblemLoader Replaying proof bsum_negative.key 
49462      DEBUG main            d.u.i.k.p.i.IntermediateProofReplayer Proof replay took 7ns 
49564      INFO  main            d.u.i.k.p.r.p.TestFile    ... finished proof: closed. 
49779      INFO  main            d.u.i.k.p.i.AbstractProblemLoader Loading environment from /home/runner/work/key/key/key.core/../key.ui/examples/heap/comprehensions/bsum_negative.key.proof 
49779      DEBUG main            d.u.i.k.p.i.AbstractProblemLoader Environment load took 127.2ns 
49780      INFO  main            d.u.i.k.p.i.AbstractProblemLoader Creating init config 
52373      DEBUG main            d.u.i.k.p.i.AbstractProblemLoader Init config took 2.59s 
52396      INFO  main            d.u.i.k.p.i.AbstractProblemLoader Replaying proof bsum_negative.key.proof 
52400      DEBUG main            d.u.i.k.p.i.IntermediateProofReplayer Proof replay took 1.45ms 
52401      DEBUG main            d.u.i.k.p.r.p.TestFile    ... success: reloaded. 
52402      INFO  main            d.u.i.k.p.r.p.TestFile    Now processing file /home/runner/work/key/key/key.core/../key.ui/examples/heap/comprehensions/bsum_neg2.key 
52403      INFO  main            d.u.i.k.p.i.AbstractProblemLoader Loading environment from /home/runner/work/key/key/key.core/../key.ui/examples/heap/comprehensions/bsum_neg2.key 
52403      DEBUG main            d.u.i.k.p.i.AbstractProblemLoader Environment load took 370.3ns 
52404      INFO  main            d.u.i.k.p.i.AbstractProblemLoader Creating init config 
55027      DEBUG main            d.u.i.k.p.i.AbstractProblemLoader Init config took 2.62s 
55047      INFO  main            d.u.i.k.p.i.AbstractProblemLoader Replaying proof bsum_neg2.key 
55049      DEBUG main            d.u.i.k.p.i.IntermediateProofReplayer Proof replay took 7.2ns 
55151      INFO  main            d.u.i.k.p.r.p.TestFile    ... finished proof: closed. 
55352      INFO  main            d.u.i.k.p.i.AbstractProblemLoader Loading environment from /home/runner/work/key/key/key.core/../key.ui/examples/heap/comprehensions/bsum_neg2.key.proof 
55352      DEBUG main            d.u.i.k.p.i.AbstractProblemLoader Environment load took 124ns 
55353      INFO  main            d.u.i.k.p.i.AbstractProblemLoader Creating init config 
57945      DEBUG main            d.u.i.k.p.i.AbstractProblemLoader Init config took 2.59s 
57963      INFO  main            d.u.i.k.p.i.AbstractProblemLoader Replaying proof bsum_neg2.key.proof 
57967      DEBUG main            d.u.i.k.p.i.IntermediateProofReplayer Proof replay took 1.23ms 
57968      DEBUG main            d.u.i.k.p.r.p.TestFile    ... success: reloaded. 
57968      INFO  main            d.u.i.k.p.r.p.TestFile    Now processing file /home/runner/work/key/key/key.core/../key.ui/examples/heap/comprehensions/bsumSplit.key 
57969      INFO  main            d.u.i.k.p.i.AbstractProblemLoader Loading environment from /home/runner/work/key/key/key.core/../key.ui/examples/heap/comprehensions/bsumSplit.key 
57969      DEBUG main            d.u.i.k.p.i.AbstractProblemLoader Environment load took 139.7ns 
57970      INFO  main            d.u.i.k.p.i.AbstractProblemLoader Creating init config 
60553      DEBUG main            d.u.i.k.p.i.AbstractProblemLoader Init config took 2.58s 
60572      INFO  main            d.u.i.k.p.i.AbstractProblemLoader Replaying proof bsumSplit.key 
60573      DEBUG main            d.u.i.k.p.i.IntermediateProofReplayer Proof replay took 7.4ns 
60676      INFO  main            d.u.i.k.p.r.p.TestFile    ... finished proof: closed. 
60884      INFO  main            d.u.i.k.p.i.AbstractProblemLoader Loading environment from /home/runner/work/key/key/key.core/../key.ui/examples/heap/comprehensions/bsumSplit.key.proof 
60885      DEBUG main            d.u.i.k.p.i.AbstractProblemLoader Environment load took 137.7ns 
60887      INFO  main            d.u.i.k.p.i.AbstractProblemLoader Creating init config 
63519      DEBUG main            d.u.i.k.p.i.AbstractProblemLoader Init config took 2.63s 
63540      INFO  main            d.u.i.k.p.i.AbstractProblemLoader Replaying proof bsumSplit.key.proof 
63551      DEBUG main            d.u.i.k.p.i.IntermediateProofReplayer Proof replay took 4.7ms 
63553      DEBUG main            d.u.i.k.p.r.p.TestFile    ... success: reloaded. 
63554      INFO  main            d.u.i.k.p.r.p.TestFile    Now processing file /home/runner/work/key/key/key.core/../key.ui/examples/heap/comprehensions/bprodSplit.key 
63555      INFO  main            d.u.i.k.p.i.AbstractProblemLoader Loading environment from /home/runner/work/key/key/key.core/../key.ui/examples/heap/comprehensions/bprodSplit.key 
63555      DEBUG main            d.u.i.k.p.i.AbstractProblemLoader Environment load took 330.8ns 
63556      INFO  main            d.u.i.k.p.i.AbstractProblemLoader Creating init config 
66161      DEBUG main            d.u.i.k.p.i.AbstractProblemLoader Init config took 2.6s 
66178      INFO  main            d.u.i.k.p.i.AbstractProblemLoader Replaying proof bprodSplit.key 
66180      DEBUG main            d.u.i.k.p.i.IntermediateProofReplayer Proof replay took 8ns 
66282      INFO  main            d.u.i.k.p.r.p.TestFile    ... finished proof: closed. 
66489      INFO  main            d.u.i.k.p.i.AbstractProblemLoader Loading environment from /home/runner/work/key/key/key.core/../key.ui/examples/heap/comprehensions/bprodSplit.key.proof 
66489      DEBUG main            d.u.i.k.p.i.AbstractProblemLoader Environment load took 152.7ns 
66493      INFO  main            d.u.i.k.p.i.AbstractProblemLoader Creating init config 
69089      DEBUG main            d.u.i.k.p.i.AbstractProblemLoader Init config took 2.6s 
69108      INFO  main            d.u.i.k.p.i.AbstractProblemLoader Replaying proof bprodSplit.key.proof 
69113      DEBUG main            d.u.i.k.p.i.IntermediateProofReplayer Proof replay took 2.64ms 
69114      DEBUG main            d.u.i.k.p.r.p.TestFile    ... success: reloaded. 
69114      INFO  main            d.u.i.k.p.r.p.TestFile    Now processing file /home/runner/work/key/key/key.core/../key.ui/examples/heap/comprehensions/bsumSplitInvalid.key 
69115      INFO  main            d.u.i.k.p.i.AbstractProblemLoader Loading environment from /home/runner/work/key/key/key.core/../key.ui/examples/heap/comprehensions/bsumSplitInvalid.key 
69115      DEBUG main            d.u.i.k.p.i.AbstractProblemLoader Environment load took 144.4ns 
69116      INFO  main            d.u.i.k.p.i.AbstractProblemLoader Creating init config 
71724      DEBUG main            d.u.i.k.p.i.AbstractProblemLoader Init config took 2.61s 
71742      INFO  main            d.u.i.k.p.i.AbstractProblemLoader Replaying proof bsumSplitInvalid.key 
71744      DEBUG main            d.u.i.k.p.i.IntermediateProofReplayer Proof replay took 7.6ns 
71852      INFO  main            d.u.i.k.p.r.p.TestFile    ... finished proof: open goal(s) 
164150     INFO  Test worker     d.u.i.k.p.r.RunAllProofsTestUnit Returning from test comprehensions 
164152     INFO  Test worker     d.u.i.k.p.r.RunAllProofsTestUnit Running test performance 
400        INFO  Timeout watchdog d.u.i.k.p.r.p.ForkedTestFileRunner Timeout watcher launched (2000 secs.) 
425        WARN  main            d.u.i.k.s.ProofSettings   The settings in /home/runner/.key/proof-settings.props are *not* read. 
477        INFO  main            d.u.i.k.p.r.p.TestFile    Now processing file /home/runner/work/key/key/key.core/../key.ui/examples/performance-test/Disjoint(Disjoint__disjoint_08()).JML_operation_contract.0.key 
642        INFO  main            d.u.i.k.p.i.AbstractProblemLoader Loading environment from /home/runner/work/key/key/key.core/../key.ui/examples/performance-test/Disjoint(Disjoint__disjoint_08()).JML_operation_contract.0.key 
661        DEBUG main            d.u.i.k.p.i.AbstractProblemLoader Environment load took 2.24ms 
917        INFO  main            d.u.i.k.p.i.AbstractProblemLoader Creating init config 
1957       DEBUG main            d.u.i.k.j.TypeConverter   No LDT found for Meta 
1958       DEBUG main            d.u.i.k.j.TypeConverter   No LDT found for Meta 
1961       DEBUG main            d.u.i.k.j.TypeConverter   No LDT found for Meta 
1961       DEBUG main            d.u.i.k.j.TypeConverter   No LDT found for Meta 
3966       DEBUG main            d.u.i.k.j.TypeConverter   No LDT found for JavaBigintExpression 
10258      DEBUG main            d.u.i.k.j.r.ClassPreparationMethodBuilder clPrepBuilder: Inner Class detected. Reject building class initialisation methods. 
19426      DEBUG main            d.u.i.k.p.i.AbstractProblemLoader Init config took 18.51s 
19724      INFO  main            d.u.i.k.p.i.AbstractProblemLoader Replaying proof Disjoint[Disjoint::disjoint_8()].JML operation contract.0 
19804      DEBUG main            d.u.i.k.p.i.IntermediateProofReplayer Proof replay took 373.8ns 
22760      INFO  main            d.u.i.k.p.r.p.TestFile    ... finished proof: closed. 
23003      INFO  main            d.u.i.k.p.i.AbstractProblemLoader Loading environment from /home/runner/work/key/key/key.core/../key.ui/examples/performance-test/Disjoint(Disjoint__disjoint_08()).JML_operation_contract.0.key.proof 
23004      DEBUG main            d.u.i.k.p.i.AbstractProblemLoader Environment load took 866.8ns 
23007      INFO  main            d.u.i.k.p.i.AbstractProblemLoader Creating init config 
26583      DEBUG main            d.u.i.k.j.r.ClassPreparationMethodBuilder clPrepBuilder: Inner Class detected. Reject building class initialisation methods. 
34485      DEBUG main            d.u.i.k.p.i.AbstractProblemLoader Init config took 11.48s 
34696      INFO  main            d.u.i.k.p.i.AbstractProblemLoader Replaying proof Disjoint[Disjoint::disjoint_8()].JML operation contract.0 
35152      DEBUG main            d.u.i.k.p.i.IntermediateProofReplayer Proof replay took 433.8ms 
35169      DEBUG main            d.u.i.k.p.r.p.TestFile    ... success: reloaded. 
35174      INFO  main            d.u.i.k.p.r.p.TestFile    Now processing file /home/runner/work/key/key/key.core/../key.ui/examples/performance-test/Disjoint(Disjoint__disjoint2_08()).JML_operation_contract.0.key 
35175      INFO  main            d.u.i.k.p.i.AbstractProblemLoader Loading environment from /home/runner/work/key/key/key.core/../key.ui/examples/performance-test/Disjoint(Disjoint__disjoint2_08()).JML_operation_contract.0.key 
35175      DEBUG main            d.u.i.k.p.i.AbstractProblemLoader Environment load took 181.2ns 
35178      INFO  main            d.u.i.k.p.i.AbstractProblemLoader Creating init config 
38539      DEBUG main            d.u.i.k.j.r.ClassPreparationMethodBuilder clPrepBuilder: Inner Class detected. Reject building class initialisation methods. 
46471      DEBUG main            d.u.i.k.p.i.AbstractProblemLoader Init config took 11.29s 
46588      INFO  main            d.u.i.k.p.i.AbstractProblemLoader Replaying proof Disjoint[Disjoint::disjoint2_8()].JML operation contract.0 
46591      DEBUG main            d.u.i.k.p.i.IntermediateProofReplayer Proof replay took 21.5ns 
47796      INFO  main            d.u.i.k.p.r.p.TestFile    ... finished proof: closed. 
48126      INFO  main            d.u.i.k.p.i.AbstractProblemLoader Loading environment from /home/runner/work/key/key/key.core/../key.ui/examples/performance-test/Disjoint(Disjoint__disjoint2_08()).JML_operation_contract.0.key.proof 
48127      DEBUG main            d.u.i.k.p.i.AbstractProblemLoader Environment load took 1.54ms 
48132      INFO  main            d.u.i.k.p.i.AbstractProblemLoader Creating init config 
51388      DEBUG main            d.u.i.k.j.r.ClassPreparationMethodBuilder clPrepBuilder: Inner Class detected. Reject building class initialisation methods. 
59012      DEBUG main            d.u.i.k.p.i.AbstractProblemLoader Init config took 10.88s 
59163      INFO  main            d.u.i.k.p.i.AbstractProblemLoader Replaying proof Disjoint[Disjoint::disjoint2_8()].JML operation contract.0 
59283      DEBUG main            d.u.i.k.p.i.IntermediateProofReplayer Proof replay took 107.84ms 
59288      DEBUG main            d.u.i.k.p.r.p.TestFile    ... success: reloaded. 
59291      INFO  main            d.u.i.k.p.r.p.TestFile    Now processing file /home/runner/work/key/key/key.core/../key.ui/examples/performance-test/AccessChain1(AccessChain1__foo_08()).JML_operation_contract.0.key 
59291      INFO  main            d.u.i.k.p.i.AbstractProblemLoader Loading environment from /home/runner/work/key/key/key.core/../key.ui/examples/performance-test/AccessChain1(AccessChain1__foo_08()).JML_operation_contract.0.key 
59291      DEBUG main            d.u.i.k.p.i.AbstractProblemLoader Environment load took 184.5ns 
59293      INFO  main            d.u.i.k.p.i.AbstractProblemLoader Creating init config 
62654      DEBUG main            d.u.i.k.j.r.ClassPreparationMethodBuilder clPrepBuilder: Inner Class detected. Reject building class initialisation methods. 
70373      DEBUG main            d.u.i.k.p.i.AbstractProblemLoader Init config took 11.08s 
70490      INFO  main            d.u.i.k.p.i.AbstractProblemLoader Replaying proof AccessChain1[AccessChain1::foo_8()].JML operation contract.0 
70492      DEBUG main            d.u.i.k.p.i.IntermediateProofReplayer Proof replay took 26.9ns 
73611      INFO  main            d.u.i.k.p.r.p.TestFile    ... finished proof: closed. 
73977      INFO  main            d.u.i.k.p.i.AbstractProblemLoader Loading environment from /home/runner/work/key/key/key.core/../key.ui/examples/performance-test/AccessChain1(AccessChain1__foo_08()).JML_operation_contract.0.key.proof 
73977      DEBUG main            d.u.i.k.p.i.AbstractProblemLoader Environment load took 196.7ns 
73986      INFO  main            d.u.i.k.p.i.AbstractProblemLoader Creating init config 
77242      DEBUG main            d.u.i.k.j.r.ClassPreparationMethodBuilder clPrepBuilder: Inner Class detected. Reject building class initialisation methods. 
85087      DEBUG main            d.u.i.k.p.i.AbstractProblemLoader Init config took 11.1s 
85207      INFO  main            d.u.i.k.p.i.AbstractProblemLoader Replaying proof AccessChain1[AccessChain1::foo_8()].JML operation contract.0 
85696      DEBUG main            d.u.i.k.p.i.IntermediateProofReplayer Proof replay took 474.63ms 
85698      DEBUG main            d.u.i.k.p.r.p.TestFile    ... success: reloaded. 
85699      INFO  main            d.u.i.k.p.r.p.TestFile    Now processing file /home/runner/work/key/key/key.core/../key.ui/examples/performance-test/AccessChain4(AccessChain4__foo_08()).JML_operation_contract.0.key 
85700      INFO  main            d.u.i.k.p.i.AbstractProblemLoader Loading environment from /home/runner/work/key/key/key.core/../key.ui/examples/performance-test/AccessChain4(AccessChain4__foo_08()).JML_operation_contract.0.key 
85700      DEBUG main            d.u.i.k.p.i.AbstractProblemLoader Environment load took 87.7ns 
85701      INFO  main            d.u.i.k.p.i.AbstractProblemLoader Creating init config 
89132      DEBUG main            d.u.i.k.j.r.ClassPreparationMethodBuilder clPrepBuilder: Inner Class detected. Reject building class initialisation methods. 
96908      DEBUG main            d.u.i.k.p.i.AbstractProblemLoader Init config took 11.21s 
97027      INFO  main            d.u.i.k.p.i.AbstractProblemLoader Replaying proof AccessChain4[AccessChain4::foo_8()].JML operation contract.0 
97030      DEBUG main            d.u.i.k.p.i.IntermediateProofReplayer Proof replay took 22.8ns 
104105     INFO  main            d.u.i.k.p.r.p.TestFile    ... finished proof: closed. 
104535     INFO  main            d.u.i.k.p.i.AbstractProblemLoader Loading environment from /home/runner/work/key/key/key.core/../key.ui/examples/performance-test/AccessChain4(AccessChain4__foo_08()).JML_operation_contract.0.key.proof 
104536     DEBUG main            d.u.i.k.p.i.AbstractProblemLoader Environment load took 713.2ns 
104547     INFO  main            d.u.i.k.p.i.AbstractProblemLoader Creating init config 
107692     DEBUG main            d.u.i.k.j.r.ClassPreparationMethodBuilder clPrepBuilder: Inner Class detected. Reject building class initialisation methods. 
115132     DEBUG main            d.u.i.k.p.i.AbstractProblemLoader Init config took 10.59s 
115268     INFO  main            d.u.i.k.p.i.AbstractProblemLoader Replaying proof AccessChain4[AccessChain4::foo_8()].JML operation contract.0 
116081     DEBUG main            d.u.i.k.p.i.IntermediateProofReplayer Proof replay took 781.67ms 
116084     DEBUG main            d.u.i.k.p.r.p.TestFile    ... success: reloaded. 
116086     INFO  main            d.u.i.k.p.r.p.TestFile    Now processing file /home/runner/work/key/key/key.core/../key.ui/examples/performance-test/Disjoint(Disjoint__xZero_08()).JML_operation_contract.0.key 
116086     INFO  main            d.u.i.k.p.i.AbstractProblemLoader Loading environment from /home/runner/work/key/key/key.core/../key.ui/examples/performance-test/Disjoint(Disjoint__xZero_08()).JML_operation_contract.0.key 
116087     DEBUG main            d.u.i.k.p.i.AbstractProblemLoader Environment load took 269ns 
116088     INFO  main            d.u.i.k.p.i.AbstractProblemLoader Creating init config 
119342     DEBUG main            d.u.i.k.j.r.ClassPreparationMethodBuilder clPrepBuilder: Inner Class detected. Reject building class initialisation methods. 
126509     DEBUG main            d.u.i.k.p.i.AbstractProblemLoader Init config took 10.42s 
126609     INFO  main            d.u.i.k.p.i.AbstractProblemLoader Replaying proof Disjoint[Disjoint::xZero_8()].JML operation contract.0 
126611     DEBUG main            d.u.i.k.p.i.IntermediateProofReplayer Proof replay took 11.3ns 
127718     INFO  main            d.u.i.k.p.r.p.TestFile    ... finished proof: closed. 
128119     INFO  main            d.u.i.k.p.i.AbstractProblemLoader Loading environment from /home/runner/work/key/key/key.core/../key.ui/examples/performance-test/Disjoint(Disjoint__xZero_08()).JML_operation_contract.0.key.proof 
128119     DEBUG main            d.u.i.k.p.i.AbstractProblemLoader Environment load took 250.6ns 
128120     INFO  main            d.u.i.k.p.i.AbstractProblemLoader Creating init config 
131149     DEBUG main            d.u.i.k.j.r.ClassPreparationMethodBuilder clPrepBuilder: Inner Class detected. Reject building class initialisation methods. 
138500     DEBUG main            d.u.i.k.p.i.AbstractProblemLoader Init config took 10.38s 
138602     INFO  main            d.u.i.k.p.i.AbstractProblemLoader Replaying proof Disjoint[Disjoint::xZero_8()].JML operation contract.0 
138801     DEBUG main            d.u.i.k.p.i.IntermediateProofReplayer Proof replay took 192.84ms 
138803     DEBUG main            d.u.i.k.p.r.p.TestFile    ... success: reloaded. 
138805     INFO  main            d.u.i.k.p.r.p.TestFile    Now processing file /home/runner/work/key/key/key.core/../key.ui/examples/performance-test/Dynamic(Dynamic__foo_08()).JML_operation_contract.0.key 
138805     INFO  main            d.u.i.k.p.i.AbstractProblemLoader Loading environment from /home/runner/work/key/key/key.core/../key.ui/examples/performance-test/Dynamic(Dynamic__foo_08()).JML_operation_contract.0.key 
138806     DEBUG main            d.u.i.k.p.i.AbstractProblemLoader Environment load took 348.9ns 
138807     INFO  main            d.u.i.k.p.i.AbstractProblemLoader Creating init config 
141983     DEBUG main            d.u.i.k.j.r.ClassPreparationMethodBuilder clPrepBuilder: Inner Class detected. Reject building class initialisation methods. 
149188     DEBUG main            d.u.i.k.p.i.AbstractProblemLoader Init config took 10.38s 
149292     INFO  main            d.u.i.k.p.i.AbstractProblemLoader Replaying proof Dynamic[Dynamic::foo_8()].JML operation contract.0 
149296     DEBUG main            d.u.i.k.p.i.IntermediateProofReplayer Proof replay took 12.5ns 
154966     INFO  main            d.u.i.k.p.r.p.TestFile    ... finished proof: closed. 
155418     INFO  main            d.u.i.k.p.i.AbstractProblemLoader Loading environment from /home/runner/work/key/key/key.core/../key.ui/examples/performance-test/Dynamic(Dynamic__foo_08()).JML_operation_contract.0.key.proof 
155419     DEBUG main            d.u.i.k.p.i.AbstractProblemLoader Environment load took 674.7ns 
155421     INFO  main            d.u.i.k.p.i.AbstractProblemLoader Creating init config 
158360     DEBUG main            d.u.i.k.j.r.ClassPreparationMethodBuilder clPrepBuilder: Inner Class detected. Reject building class initialisation methods. 
165797     DEBUG main            d.u.i.k.p.i.AbstractProblemLoader Init config took 10.38s 
165901     INFO  main            d.u.i.k.p.i.AbstractProblemLoader Replaying proof Dynamic[Dynamic::foo_8()].JML operation contract.0 
166521     DEBUG main            d.u.i.k.p.i.IntermediateProofReplayer Proof replay took 593.79ms 
166523     DEBUG main            d.u.i.k.p.r.p.TestFile    ... success: reloaded. 
166525     INFO  main            d.u.i.k.p.r.p.TestFile    Now processing file /home/runner/work/key/key/key.core/../key.ui/examples/performance-test/DynamicGhost(DynamicGhost__dynamicGhost_08()).JML_normal_behavior_operation_contract.0.key 
166526     INFO  main            d.u.i.k.p.i.AbstractProblemLoader Loading environment from /home/runner/work/key/key/key.core/../key.ui/examples/performance-test/DynamicGhost(DynamicGhost__dynamicGhost_08()).JML_normal_behavior_operation_contract.0.key 
166526     DEBUG main            d.u.i.k.p.i.AbstractProblemLoader Environment load took 155.6ns 
166527     INFO  main            d.u.i.k.p.i.AbstractProblemLoader Creating init config 
169772     DEBUG main            d.u.i.k.j.r.ClassPreparationMethodBuilder clPrepBuilder: Inner Class detected. Reject building class initialisation methods. 
177408     DEBUG main            d.u.i.k.p.i.AbstractProblemLoader Init config took 10.88s 
177518     INFO  main            d.u.i.k.p.i.AbstractProblemLoader Replaying proof DynamicGhost[DynamicGhost::dynamicGhost_8()].JML normal_behavior operation contract.0 
177521     DEBUG main            d.u.i.k.p.i.IntermediateProofReplayer Proof replay took 27.2ns 
182340     INFO  main            d.u.i.k.p.r.p.TestFile    ... finished proof: closed. 
182900     INFO  main            d.u.i.k.p.i.AbstractProblemLoader Loading environment from /home/runner/work/key/key/key.core/../key.ui/examples/performance-test/DynamicGhost(DynamicGhost__dynamicGhost_08()).JML_normal_behavior_operation_contract.0.key.proof 
182901     DEBUG main            d.u.i.k.p.i.AbstractProblemLoader Environment load took 747.1ns 
182904     INFO  main            d.u.i.k.p.i.AbstractProblemLoader Creating init config 
186178     DEBUG main            d.u.i.k.j.r.ClassPreparationMethodBuilder clPrepBuilder: Inner Class detected. Reject building class initialisation methods. 
194288     DEBUG main            d.u.i.k.p.i.AbstractProblemLoader Init config took 11.38s 
194403     INFO  main            d.u.i.k.p.i.AbstractProblemLoader Replaying proof DynamicGhost[DynamicGhost::dynamicGhost_8()].JML normal_behavior operation contract.0 
195036     DEBUG main            d.u.i.k.p.i.IntermediateProofReplayer Proof replay took 609.15ms 
195040     DEBUG main            d.u.i.k.p.r.p.TestFile    ... success: reloaded. 
195042     INFO  main            d.u.i.k.p.r.p.TestFile    Now processing file /home/runner/work/key/key/key.core/../key.ui/examples/performance-test/GhostFrame(GhostFrame__foo_08()).JML_operation_contract.0.key 
195043     INFO  main            d.u.i.k.p.i.AbstractProblemLoader Loading environment from /home/runner/work/key/key/key.core/../key.ui/examples/performance-test/GhostFrame(GhostFrame__foo_08()).JML_operation_contract.0.key 
195046     DEBUG main            d.u.i.k.p.i.AbstractProblemLoader Environment load took 2.69ms 
195048     INFO  main            d.u.i.k.p.i.AbstractProblemLoader Creating init config 
198489     DEBUG main            d.u.i.k.j.r.ClassPreparationMethodBuilder clPrepBuilder: Inner Class detected. Reject building class initialisation methods. 
206580     DEBUG main            d.u.i.k.p.i.AbstractProblemLoader Init config took 11.53s 
206697     INFO  main            d.u.i.k.p.i.AbstractProblemLoader Replaying proof GhostFrame[GhostFrame::foo_8()].JML operation contract.0 
206699     DEBUG main            d.u.i.k.p.i.IntermediateProofReplayer Proof replay took 15.5ns 
208823     INFO  main            d.u.i.k.p.r.p.TestFile    ... finished proof: closed. 
209363     INFO  main            d.u.i.k.p.i.AbstractProblemLoader Loading environment from /home/runner/work/key/key/key.core/../key.ui/examples/performance-test/GhostFrame(GhostFrame__foo_08()).JML_operation_contract.0.key.proof 
209364     DEBUG main            d.u.i.k.p.i.AbstractProblemLoader Environment load took 1.35ms 
209366     INFO  main            d.u.i.k.p.i.AbstractProblemLoader Creating init config 
212673     DEBUG main            d.u.i.k.j.r.ClassPreparationMethodBuilder clPrepBuilder: Inner Class detected. Reject building class initialisation methods. 
220449     DEBUG main            d.u.i.k.p.i.AbstractProblemLoader Init config took 11.08s 
220552     INFO  main            d.u.i.k.p.i.AbstractProblemLoader Replaying proof GhostFrame[GhostFrame::foo_8()].JML operation contract.0 
220889     DEBUG main            d.u.i.k.p.i.IntermediateProofReplayer Proof replay took 326.72ms 
220892     DEBUG main            d.u.i.k.p.r.p.TestFile    ... success: reloaded. 
220901     INFO  main            d.u.i.k.p.r.p.TestFile    Now processing file /home/runner/work/key/key/key.core/../key.ui/examples/performance-test/Modelfield(Modelfield__foo_08()).JML_operation_contract.0.key 
220903     INFO  main            d.u.i.k.p.i.AbstractProblemLoader Loading environment from /home/runner/work/key/key/key.core/../key.ui/examples/performance-test/Modelfield(Modelfield__foo_08()).JML_operation_contract.0.key 
220903     DEBUG main            d.u.i.k.p.i.AbstractProblemLoader Environment load took 521.1ns 
220905     INFO  main            d.u.i.k.p.i.AbstractProblemLoader Creating init config 
224234     DEBUG main            d.u.i.k.j.r.ClassPreparationMethodBuilder clPrepBuilder: Inner Class detected. Reject building class initialisation methods. 
231847     DEBUG main            d.u.i.k.p.i.AbstractProblemLoader Init config took 10.94s 
231944     INFO  main            d.u.i.k.p.i.AbstractProblemLoader Replaying proof Modelfield[Modelfield::foo_8()].JML operation contract.0 
231946     DEBUG main            d.u.i.k.p.i.IntermediateProofReplayer Proof replay took 6ns 
235287     INFO  main            d.u.i.k.p.r.p.TestFile    ... finished proof: closed. 
235792     INFO  main            d.u.i.k.p.i.AbstractProblemLoader Loading environment from /home/runner/work/key/key/key.core/../key.ui/examples/performance-test/Modelfield(Modelfield__foo_08()).JML_operation_contract.0.key.proof 
235792     DEBUG main            d.u.i.k.p.i.AbstractProblemLoader Environment load took 679.5ns 
235794     INFO  main            d.u.i.k.p.i.AbstractProblemLoader Creating init config 
238929     DEBUG main            d.u.i.k.j.r.ClassPreparationMethodBuilder clPrepBuilder: Inner Class detected. Reject building class initialisation methods. 
246604     DEBUG main            d.u.i.k.p.i.AbstractProblemLoader Init config took 10.81s 
246701     INFO  main            d.u.i.k.p.i.AbstractProblemLoader Replaying proof Modelfield[Modelfield::foo_8()].JML operation contract.0 
247077     DEBUG main            d.u.i.k.p.i.IntermediateProofReplayer Proof replay took 361.48ms 
247080     DEBUG main            d.u.i.k.p.r.p.TestFile    ... success: reloaded. 
411450     INFO  Test worker     d.u.i.k.p.r.RunAllProofsTestUnit Returning from test performance 
411451     INFO  Test worker     d.u.i.k.p.r.RunAllProofsTestUnit Running test performancePOConstruction 
399        INFO  Timeout watchdog d.u.i.k.p.r.p.ForkedTestFileRunner Timeout watcher launched (2000 secs.) 
415        WARN  main            d.u.i.k.s.ProofSettings   The settings in /home/runner/.key/proof-settings.props are *not* read. 
447        INFO  main            d.u.i.k.p.r.p.TestFile    Now processing file /home/runner/work/key/key/key.core/../key.ui/examples/performance-test/Test(Test__a0(int)).JML_normal_behavior_operation_contract.0.key 
579        INFO  main            d.u.i.k.p.i.AbstractProblemLoader Loading environment from /home/runner/work/key/key/key.core/../key.ui/examples/performance-test/Test(Test__a0(int)).JML_normal_behavior_operation_contract.0.key 
599        DEBUG main            d.u.i.k.p.i.AbstractProblemLoader Environment load took 2.6ms 
868        INFO  main            d.u.i.k.p.i.AbstractProblemLoader Creating init config 
1950       DEBUG main            d.u.i.k.j.TypeConverter   No LDT found for Meta 
1950       DEBUG main            d.u.i.k.j.TypeConverter   No LDT found for Meta 
1951       DEBUG main            d.u.i.k.j.TypeConverter   No LDT found for Meta 
1951       DEBUG main            d.u.i.k.j.TypeConverter   No LDT found for Meta 
3681       DEBUG main            d.u.i.k.j.TypeConverter   No LDT found for JavaBigintExpression 
10028      DEBUG main            d.u.i.k.j.r.ClassPreparationMethodBuilder clPrepBuilder: Inner Class detected. Reject building class initialisation methods. 
19133      DEBUG main            d.u.i.k.p.i.AbstractProblemLoader Init config took 18.26s 
20596      INFO  main            d.u.i.k.p.i.AbstractProblemLoader Replaying proof Test[Test::a0(int)].JML normal_behavior operation contract.0 
20694      DEBUG main            d.u.i.k.p.i.IntermediateProofReplayer Proof replay took 46.6ns 
21144      INFO  main            d.u.i.k.p.r.p.TestFile    ... finished proof: closed. 
21320      INFO  main            d.u.i.k.p.i.AbstractProblemLoader Loading environment from /home/runner/work/key/key/key.core/../key.ui/examples/performance-test/Test(Test__a0(int)).JML_normal_behavior_operation_contract.0.key.proof 
21320      DEBUG main            d.u.i.k.p.i.AbstractProblemLoader Environment load took 247ns 
21325      INFO  main            d.u.i.k.p.i.AbstractProblemLoader Creating init config 
25105      DEBUG main            d.u.i.k.j.r.ClassPreparationMethodBuilder clPrepBuilder: Inner Class detected. Reject building class initialisation methods. 
33346      DEBUG main            d.u.i.k.p.i.AbstractProblemLoader Init config took 12.02s 
34569      INFO  main            d.u.i.k.p.i.AbstractProblemLoader Replaying proof Test[Test::a0(int)].JML normal_behavior operation contract.0 
34600      DEBUG main            d.u.i.k.p.i.IntermediateProofReplayer Proof replay took 25.33ms 
34608      DEBUG main            d.u.i.k.p.r.p.TestFile    ... success: reloaded. 
34609      INFO  main            d.u.i.k.p.r.p.TestFile    Now processing file /home/runner/work/key/key/key.core/../key.ui/examples/performance-test/Test(Test__a1(int)).JML_normal_behavior_operation_contract.0.key 
34610      INFO  main            d.u.i.k.p.i.AbstractProblemLoader Loading environment from /home/runner/work/key/key/key.core/../key.ui/examples/performance-test/Test(Test__a1(int)).JML_normal_behavior_operation_contract.0.key 
34610      DEBUG main            d.u.i.k.p.i.AbstractProblemLoader Environment load took 332.4ns 
34612      INFO  main            d.u.i.k.p.i.AbstractProblemLoader Creating init config 
38050      DEBUG main            d.u.i.k.j.r.ClassPreparationMethodBuilder clPrepBuilder: Inner Class detected. Reject building class initialisation methods. 
45783      DEBUG main            d.u.i.k.p.i.AbstractProblemLoader Init config took 11.17s 
46997      INFO  main            d.u.i.k.p.i.AbstractProblemLoader Replaying proof Test[Test::a1(int)].JML normal_behavior operation contract.0 
46999      DEBUG main            d.u.i.k.p.i.IntermediateProofReplayer Proof replay took 7.9ns 
47304      INFO  main            d.u.i.k.p.r.p.TestFile    ... finished proof: closed. 
47632      INFO  main            d.u.i.k.p.i.AbstractProblemLoader Loading environment from /home/runner/work/key/key/key.core/../key.ui/examples/performance-test/Test(Test__a1(int)).JML_normal_behavior_operation_contract.0.key.proof 
47633      DEBUG main            d.u.i.k.p.i.AbstractProblemLoader Environment load took 1.13ms 
47639      INFO  main            d.u.i.k.p.i.AbstractProblemLoader Creating init config 
51044      DEBUG main            d.u.i.k.j.r.ClassPreparationMethodBuilder clPrepBuilder: Inner Class detected. Reject building class initialisation methods. 
58630      DEBUG main            d.u.i.k.p.i.AbstractProblemLoader Init config took 10.99s 
59823      INFO  main            d.u.i.k.p.i.AbstractProblemLoader Replaying proof Test[Test::a1(int)].JML normal_behavior operation contract.0 
59899      DEBUG main            d.u.i.k.p.i.IntermediateProofReplayer Proof replay took 71.22ms 
59901      DEBUG main            d.u.i.k.p.r.p.TestFile    ... success: reloaded. 
59903      INFO  main            d.u.i.k.p.r.p.TestFile    Now processing file /home/runner/work/key/key/key.core/../key.ui/examples/performance-test/Test(Test__f1(int)).JML_normal_behavior_operation_contract.0.key 
59903      INFO  main            d.u.i.k.p.i.AbstractProblemLoader Loading environment from /home/runner/work/key/key/key.core/../key.ui/examples/performance-test/Test(Test__f1(int)).JML_normal_behavior_operation_contract.0.key 
59903      DEBUG main            d.u.i.k.p.i.AbstractProblemLoader Environment load took 238.7ns 
59905      INFO  main            d.u.i.k.p.i.AbstractProblemLoader Creating init config 
63182      DEBUG main            d.u.i.k.j.r.ClassPreparationMethodBuilder clPrepBuilder: Inner Class detected. Reject building class initialisation methods. 
70944      DEBUG main            d.u.i.k.p.i.AbstractProblemLoader Init config took 11.04s 
72153      INFO  main            d.u.i.k.p.i.AbstractProblemLoader Replaying proof Test[Test::f1(int)].JML normal_behavior operation contract.0 
72155      DEBUG main            d.u.i.k.p.i.IntermediateProofReplayer Proof replay took 7.2ns 
72358      INFO  main            d.u.i.k.p.r.p.TestFile    ... finished proof: closed. 
72702      INFO  main            d.u.i.k.p.i.AbstractProblemLoader Loading environment from /home/runner/work/key/key/key.core/../key.ui/examples/performance-test/Test(Test__f1(int)).JML_normal_behavior_operation_contract.0.key.proof 
72703      DEBUG main            d.u.i.k.p.i.AbstractProblemLoader Environment load took 1.43ms 
72705      INFO  main            d.u.i.k.p.i.AbstractProblemLoader Creating init config 
76037      DEBUG main            d.u.i.k.j.r.ClassPreparationMethodBuilder clPrepBuilder: Inner Class detected. Reject building class initialisation methods. 
83458      DEBUG main            d.u.i.k.p.i.AbstractProblemLoader Init config took 10.75s 
84589      INFO  main            d.u.i.k.p.i.AbstractProblemLoader Replaying proof Test[Test::f1(int)].JML normal_behavior operation contract.0 
84646      DEBUG main            d.u.i.k.p.i.IntermediateProofReplayer Proof replay took 53.66ms 
84648      DEBUG main            d.u.i.k.p.r.p.TestFile    ... success: reloaded. 
496290     INFO  Test worker     d.u.i.k.p.r.RunAllProofsTestUnit Returning from test performancePOConstruction 
496292     INFO  Test worker     d.u.i.k.p.r.RunAllProofsTestUnit Running test applicationRestrictions 
402        INFO  Timeout watchdog d.u.i.k.p.r.p.ForkedTestFileRunner Timeout watcher launched (2000 secs.) 
419        WARN  main            d.u.i.k.s.ProofSettings   The settings in /home/runner/.key/proof-settings.props are *not* read. 
476        INFO  main            d.u.i.k.p.r.p.TestFile    Now processing file /home/runner/work/key/key/key.core/../key.ui/examples/heap/polarity_tests/wellformed1.key 
661        INFO  main            d.u.i.k.p.i.AbstractProblemLoader Loading environment from /home/runner/work/key/key/key.core/../key.ui/examples/heap/polarity_tests/wellformed1.key 
691        DEBUG main            d.u.i.k.p.i.AbstractProblemLoader Environment load took 3.44ms 
996        INFO  main            d.u.i.k.p.i.AbstractProblemLoader Creating init config 
2071       DEBUG main            d.u.i.k.j.TypeConverter   No LDT found for Meta 
2072       DEBUG main            d.u.i.k.j.TypeConverter   No LDT found for Meta 
2076       DEBUG main            d.u.i.k.j.TypeConverter   No LDT found for Meta 
2076       DEBUG main            d.u.i.k.j.TypeConverter   No LDT found for Meta 
3497       DEBUG main            d.u.i.k.j.TypeConverter   No LDT found for JavaBigintExpression 
8939       DEBUG main            d.u.i.k.p.i.AbstractProblemLoader Init config took 7.94s 
9011       INFO  main            d.u.i.k.p.i.AbstractProblemLoader Replaying proof wellformed1.key 
9054       DEBUG main            d.u.i.k.p.i.IntermediateProofReplayer Proof replay took 54.5ns 
9244       INFO  main            d.u.i.k.p.r.p.TestFile    ... finished proof: closed. 
9399       INFO  main            d.u.i.k.p.i.AbstractProblemLoader Loading environment from /home/runner/work/key/key/key.core/../key.ui/examples/heap/polarity_tests/wellformed1.key.proof 
9400       DEBUG main            d.u.i.k.p.i.AbstractProblemLoader Environment load took 708.6ns 
9404       INFO  main            d.u.i.k.p.i.AbstractProblemLoader Creating init config 
12616      DEBUG main            d.u.i.k.p.i.AbstractProblemLoader Init config took 3.21s 
12672      INFO  main            d.u.i.k.p.i.AbstractProblemLoader Replaying proof wellformed1.key.proof 
12679      DEBUG main            d.u.i.k.p.i.IntermediateProofReplayer Proof replay took 2.43ms 
12695      DEBUG main            d.u.i.k.p.r.p.TestFile    ... success: reloaded. 
12703      INFO  main            d.u.i.k.p.r.p.TestFile    Now processing file /home/runner/work/key/key/key.core/../key.ui/examples/heap/polarity_tests/wellformed2.key 
12703      INFO  main            d.u.i.k.p.i.AbstractProblemLoader Loading environment from /home/runner/work/key/key/key.core/../key.ui/examples/heap/polarity_tests/wellformed2.key 
12704      DEBUG main            d.u.i.k.p.i.AbstractProblemLoader Environment load took 142.6ns 
12707      INFO  main            d.u.i.k.p.i.AbstractProblemLoader Creating init config 
15789      DEBUG main            d.u.i.k.p.i.AbstractProblemLoader Init config took 3.08s 
15845      INFO  main            d.u.i.k.p.i.AbstractProblemLoader Replaying proof wellformed2.key 
15847      DEBUG main            d.u.i.k.p.i.IntermediateProofReplayer Proof replay took 6.9ns 
15951      INFO  main            d.u.i.k.p.r.p.TestFile    ... finished proof: open goal(s) 
16094      INFO  main            d.u.i.k.p.r.p.TestFile    Now processing file /home/runner/work/key/key/key.core/../key.ui/examples/heap/polarity_tests/wellformed3.key 
16094      INFO  main            d.u.i.k.p.i.AbstractProblemLoader Loading environment from /home/runner/work/key/key/key.core/../key.ui/examples/heap/polarity_tests/wellformed3.key 
16094      DEBUG main            d.u.i.k.p.i.AbstractProblemLoader Environment load took 99.2ns 
16096      INFO  main            d.u.i.k.p.i.AbstractProblemLoader Creating init config 
19136      DEBUG main            d.u.i.k.p.i.AbstractProblemLoader Init config took 3.04s 
19167      INFO  main            d.u.i.k.p.i.AbstractProblemLoader Replaying proof wellformed3.key 
19169      DEBUG main            d.u.i.k.p.i.IntermediateProofReplayer Proof replay took 7.4ns 
19274      INFO  main            d.u.i.k.p.r.p.TestFile    ... finished proof: closed. 
19402      INFO  main            d.u.i.k.p.i.AbstractProblemLoader Loading environment from /home/runner/work/key/key/key.core/../key.ui/examples/heap/polarity_tests/wellformed3.key.proof 
19403      DEBUG main            d.u.i.k.p.i.AbstractProblemLoader Environment load took 582.5ns 
19405      INFO  main            d.u.i.k.p.i.AbstractProblemLoader Creating init config 
22307      DEBUG main            d.u.i.k.p.i.AbstractProblemLoader Init config took 2.9s 
22333      INFO  main            d.u.i.k.p.i.AbstractProblemLoader Replaying proof wellformed3.key.proof 
22338      DEBUG main            d.u.i.k.p.i.IntermediateProofReplayer Proof replay took 2.31ms 
22340      DEBUG main            d.u.i.k.p.r.p.TestFile    ... success: reloaded. 
22341      INFO  main            d.u.i.k.p.r.p.TestFile    Now processing file /home/runner/work/key/key/key.core/../key.ui/examples/heap/polarity_tests/wellformed4.key 
22341      INFO  main            d.u.i.k.p.i.AbstractProblemLoader Loading environment from /home/runner/work/key/key/key.core/../key.ui/examples/heap/polarity_tests/wellformed4.key 
22342      DEBUG main            d.u.i.k.p.i.AbstractProblemLoader Environment load took 276.5ns 
22343      INFO  main            d.u.i.k.p.i.AbstractProblemLoader Creating init config 
25195      DEBUG main            d.u.i.k.p.i.AbstractProblemLoader Init config took 2.85s 
25217      INFO  main            d.u.i.k.p.i.AbstractProblemLoader Replaying proof wellformed4.key 
25219      DEBUG main            d.u.i.k.p.i.IntermediateProofReplayer Proof replay took 6.2ns 
25322      INFO  main            d.u.i.k.p.r.p.TestFile    ... finished proof: open goal(s) 
25469      INFO  main            d.u.i.k.p.r.p.TestFile    Now processing file /home/runner/work/key/key/key.core/../key.ui/examples/heap/polarity_tests/wellformed5.key 
25470      INFO  main            d.u.i.k.p.i.AbstractProblemLoader Loading environment from /home/runner/work/key/key/key.core/../key.ui/examples/heap/polarity_tests/wellformed5.key 
25470      DEBUG main            d.u.i.k.p.i.AbstractProblemLoader Environment load took 73ns 
25471      INFO  main            d.u.i.k.p.i.AbstractProblemLoader Creating init config 
28274      DEBUG main            d.u.i.k.p.i.AbstractProblemLoader Init config took 2.8s 
28299      INFO  main            d.u.i.k.p.i.AbstractProblemLoader Replaying proof wellformed5.key 
28301      DEBUG main            d.u.i.k.p.i.IntermediateProofReplayer Proof replay took 7.2ns 
28404      INFO  main            d.u.i.k.p.r.p.TestFile    ... finished proof: closed. 
28552      INFO  main            d.u.i.k.p.i.AbstractProblemLoader Loading environment from /home/runner/work/key/key/key.core/../key.ui/examples/heap/polarity_tests/wellformed5.key.proof 
28552      DEBUG main            d.u.i.k.p.i.AbstractProblemLoader Environment load took 135.5ns 
28553      INFO  main            d.u.i.k.p.i.AbstractProblemLoader Creating init config 
31272      DEBUG main            d.u.i.k.p.i.AbstractProblemLoader Init config took 2.72s 
31293      INFO  main            d.u.i.k.p.i.AbstractProblemLoader Replaying proof wellformed5.key.proof 
31297      DEBUG main            d.u.i.k.p.i.IntermediateProofReplayer Proof replay took 994.4ns 
31298      DEBUG main            d.u.i.k.p.r.p.TestFile    ... success: reloaded. 
31298      INFO  main            d.u.i.k.p.r.p.TestFile    Now processing file /home/runner/work/key/key/key.core/../key.ui/examples/heap/polarity_tests/wellformed6.key 
31299      INFO  main            d.u.i.k.p.i.AbstractProblemLoader Loading environment from /home/runner/work/key/key/key.core/../key.ui/examples/heap/polarity_tests/wellformed6.key 
31299      DEBUG main            d.u.i.k.p.i.AbstractProblemLoader Environment load took 118.6ns 
31300      INFO  main            d.u.i.k.p.i.AbstractProblemLoader Creating init config 
34149      DEBUG main            d.u.i.k.p.i.AbstractProblemLoader Init config took 2.85s 
34171      INFO  main            d.u.i.k.p.i.AbstractProblemLoader Replaying proof wellformed6.key 
34173      DEBUG main            d.u.i.k.p.i.IntermediateProofReplayer Proof replay took 6.7ns 
34278      INFO  main            d.u.i.k.p.r.p.TestFile    ... finished proof: open goal(s) 
34435      INFO  main            d.u.i.k.p.r.p.TestFile    Now processing file /home/runner/work/key/key/key.core/../key.ui/examples/heap/polarity_tests/wellformed7.key 
34435      INFO  main            d.u.i.k.p.i.AbstractProblemLoader Loading environment from /home/runner/work/key/key/key.core/../key.ui/examples/heap/polarity_tests/wellformed7.key 
34435      DEBUG main            d.u.i.k.p.i.AbstractProblemLoader Environment load took 90.2ns 
34437      INFO  main            d.u.i.k.p.i.AbstractProblemLoader Creating init config 
37097      DEBUG main            d.u.i.k.p.i.AbstractProblemLoader Init config took 2.66s 
37118      INFO  main            d.u.i.k.p.i.AbstractProblemLoader Replaying proof wellformed7.key 
37120      DEBUG main            d.u.i.k.p.i.IntermediateProofReplayer Proof replay took 7.3ns 
37223      INFO  main            d.u.i.k.p.r.p.TestFile    ... finished proof: closed. 
37403      INFO  main            d.u.i.k.p.i.AbstractProblemLoader Loading environment from /home/runner/work/key/key/key.core/../key.ui/examples/heap/polarity_tests/wellformed7.key.proof 
37403      DEBUG main            d.u.i.k.p.i.AbstractProblemLoader Environment load took 124.2ns 
37404      INFO  main            d.u.i.k.p.i.AbstractProblemLoader Creating init config 
40159      DEBUG main            d.u.i.k.p.i.AbstractProblemLoader Init config took 2.75s 
40185      INFO  main            d.u.i.k.p.i.AbstractProblemLoader Replaying proof wellformed7.key.proof 
40189      DEBUG main            d.u.i.k.p.i.IntermediateProofReplayer Proof replay took 1.87ms 
40190      DEBUG main            d.u.i.k.p.r.p.TestFile    ... success: reloaded. 
40191      INFO  main            d.u.i.k.p.r.p.TestFile    Now processing file /home/runner/work/key/key/key.core/../key.ui/examples/heap/polarity_tests/wellformed8.key 
40192      INFO  main            d.u.i.k.p.i.AbstractProblemLoader Loading environment from /home/runner/work/key/key/key.core/../key.ui/examples/heap/polarity_tests/wellformed8.key 
40192      DEBUG main            d.u.i.k.p.i.AbstractProblemLoader Environment load took 182.3ns 
40193      INFO  main            d.u.i.k.p.i.AbstractProblemLoader Creating init config 
43104      DEBUG main            d.u.i.k.p.i.AbstractProblemLoader Init config took 2.91s 
43125      INFO  main            d.u.i.k.p.i.AbstractProblemLoader Replaying proof wellformed8.key 
43126      DEBUG main            d.u.i.k.p.i.IntermediateProofReplayer Proof replay took 7.7ns 
43234      INFO  main            d.u.i.k.p.r.p.TestFile    ... finished proof: open goal(s) 
43394      INFO  main            d.u.i.k.p.r.p.TestFile    Now processing file /home/runner/work/key/key/key.core/../key.ui/examples/heap/polarity_tests/wellformed9.key 
43394      INFO  main            d.u.i.k.p.i.AbstractProblemLoader Loading environment from /home/runner/work/key/key/key.core/../key.ui/examples/heap/polarity_tests/wellformed9.key 
43394      DEBUG main            d.u.i.k.p.i.AbstractProblemLoader Environment load took 68.3ns 
43395      INFO  main            d.u.i.k.p.i.AbstractProblemLoader Creating init config 
46087      DEBUG main            d.u.i.k.p.i.AbstractProblemLoader Init config took 2.69s 
46105      INFO  main            d.u.i.k.p.i.AbstractProblemLoader Replaying proof wellformed9.key 
46106      DEBUG main            d.u.i.k.p.i.IntermediateProofReplayer Proof replay took 7.1ns 
46209      INFO  main            d.u.i.k.p.r.p.TestFile    ... finished proof: closed. 
46363      INFO  main            d.u.i.k.p.i.AbstractProblemLoader Loading environment from /home/runner/work/key/key/key.core/../key.ui/examples/heap/polarity_tests/wellformed9.key.proof 
46363      DEBUG main            d.u.i.k.p.i.AbstractProblemLoader Environment load took 122.9ns 
46365      INFO  main            d.u.i.k.p.i.AbstractProblemLoader Creating init config 
49034      DEBUG main            d.u.i.k.p.i.AbstractProblemLoader Init config took 2.67s 
49055      INFO  main            d.u.i.k.p.i.AbstractProblemLoader Replaying proof wellformed9.key.proof 
49058      DEBUG main            d.u.i.k.p.i.IntermediateProofReplayer Proof replay took 1.48ms 
49059      DEBUG main            d.u.i.k.p.r.p.TestFile    ... success: reloaded. 
49060      INFO  main            d.u.i.k.p.r.p.TestFile    Now processing file /home/runner/work/key/key/key.core/../key.ui/examples/heap/polarity_tests/wellformed10.key 
49061      INFO  main            d.u.i.k.p.i.AbstractProblemLoader Loading environment from /home/runner/work/key/key/key.core/../key.ui/examples/heap/polarity_tests/wellformed10.key 
49061      DEBUG main            d.u.i.k.p.i.AbstractProblemLoader Environment load took 260ns 
49062      INFO  main            d.u.i.k.p.i.AbstractProblemLoader Creating init config 
51862      DEBUG main            d.u.i.k.p.i.AbstractProblemLoader Init config took 2.8s 
51879      INFO  main            d.u.i.k.p.i.AbstractProblemLoader Replaying proof wellformed10.key 
51881      DEBUG main            d.u.i.k.p.i.IntermediateProofReplayer Proof replay took 7.7ns 
51987      INFO  main            d.u.i.k.p.r.p.TestFile    ... finished proof: open goal(s) 
52164      INFO  main            d.u.i.k.p.r.p.TestFile    Now processing file /home/runner/work/key/key/key.core/../key.ui/examples/heap/polarity_tests/wellformed11.key 
52164      INFO  main            d.u.i.k.p.i.AbstractProblemLoader Loading environment from /home/runner/work/key/key/key.core/../key.ui/examples/heap/polarity_tests/wellformed11.key 
52164      DEBUG main            d.u.i.k.p.i.AbstractProblemLoader Environment load took 86.5ns 
52165      INFO  main            d.u.i.k.p.i.AbstractProblemLoader Creating init config 
55009      DEBUG main            d.u.i.k.p.i.AbstractProblemLoader Init config took 2.84s 
55027      INFO  main            d.u.i.k.p.i.AbstractProblemLoader Replaying proof wellformed11.key 
55029      DEBUG main            d.u.i.k.p.i.IntermediateProofReplayer Proof replay took 8.5ns 
55132      INFO  main            d.u.i.k.p.r.p.TestFile    ... finished proof: open goal(s) 
551787     INFO  Test worker     d.u.i.k.p.r.RunAllProofsTestUnit Returning from test applicationRestrictions 
551791     INFO  Test worker     d.u.i.k.p.r.RunAllProofsTestUnit Running test blockContracts 
426        INFO  Timeout watchdog d.u.i.k.p.r.p.ForkedTestFileRunner Timeout watcher launched (2000 secs.) 
446        WARN  main            d.u.i.k.s.ProofSettings   The settings in /home/runner/.key/proof-settings.props are *not* read. 
480        INFO  main            d.u.i.k.p.r.p.TestFile    Now processing file /home/runner/work/key/key/key.core/../key.ui/examples/heap/block_contracts/Simple__add.key 
606        INFO  main            d.u.i.k.p.i.AbstractProblemLoader Loading environment from /home/runner/work/key/key/key.core/../key.ui/examples/heap/block_contracts/Simple__add.key 
634        DEBUG main            d.u.i.k.p.i.AbstractProblemLoader Environment load took 2.48ms 
894        INFO  main            d.u.i.k.p.i.AbstractProblemLoader Creating init config 
2171       DEBUG main            d.u.i.k.j.TypeConverter   No LDT found for Meta 
2172       DEBUG main            d.u.i.k.j.TypeConverter   No LDT found for Meta 
2177       DEBUG main            d.u.i.k.j.TypeConverter   No LDT found for Meta 
2177       DEBUG main            d.u.i.k.j.TypeConverter   No LDT found for Meta 
3773       DEBUG main            d.u.i.k.j.TypeConverter   No LDT found for JavaBigintExpression 
10159      DEBUG main            d.u.i.k.p.i.AbstractProblemLoader Init config took 9.26s 
10296      INFO  main            d.u.i.k.p.i.AbstractProblemLoader Replaying proof Simple[Simple::add(int,int)].JML operation contract.0 
10403      DEBUG main            d.u.i.k.p.i.IntermediateProofReplayer Proof replay took 465.5ns 
11245      INFO  main            d.u.i.k.p.r.p.TestFile    ... finished proof: closed. 
11364      INFO  main            d.u.i.k.p.i.AbstractProblemLoader Loading environment from /home/runner/work/key/key/key.core/../key.ui/examples/heap/block_contracts/Simple__add.key.proof 
11364      DEBUG main            d.u.i.k.p.i.AbstractProblemLoader Environment load took 733.9ns 
11367      INFO  main            d.u.i.k.p.i.AbstractProblemLoader Creating init config 
15291      DEBUG main            d.u.i.k.p.i.AbstractProblemLoader Init config took 3.92s 
15378      INFO  main            d.u.i.k.p.i.AbstractProblemLoader Replaying proof Simple[Simple::add(int,int)].JML operation contract.0 
15462      DEBUG main            d.u.i.k.p.i.IntermediateProofReplayer Proof replay took 77.86ms 
15470      DEBUG main            d.u.i.k.p.r.p.TestFile    ... success: reloaded. 
15472      INFO  main            d.u.i.k.p.r.p.TestFile    Now processing file /home/runner/work/key/key/key.core/../key.ui/examples/heap/block_contracts/Simple__addAbsoluteValues.key 
15473      INFO  main            d.u.i.k.p.i.AbstractProblemLoader Loading environment from /home/runner/work/key/key/key.core/../key.ui/examples/heap/block_contracts/Simple__addAbsoluteValues.key 
15473      DEBUG main            d.u.i.k.p.i.AbstractProblemLoader Environment load took 284.5ns 
15475      INFO  main            d.u.i.k.p.i.AbstractProblemLoader Creating init config 
19235      DEBUG main            d.u.i.k.p.i.AbstractProblemLoader Init config took 3.76s 
19317      INFO  main            d.u.i.k.p.i.AbstractProblemLoader Replaying proof Simple[Simple::addAbsoluteValues(int,int)].JML normal_behavior operation contract.0 
19320      DEBUG main            d.u.i.k.p.i.IntermediateProofReplayer Proof replay took 13.5ns 
20535      INFO  main            d.u.i.k.p.r.p.TestFile    ... finished proof: closed. 
20767      INFO  main            d.u.i.k.p.i.AbstractProblemLoader Loading environment from /home/runner/work/key/key/key.core/../key.ui/examples/heap/block_contracts/Simple__addAbsoluteValues.key.proof 
20769      DEBUG main            d.u.i.k.p.i.AbstractProblemLoader Environment load took 2.53ms 
20773      INFO  main            d.u.i.k.p.i.AbstractProblemLoader Creating init config 
24315      DEBUG main            d.u.i.k.p.i.AbstractProblemLoader Init config took 3.54s 
24375      INFO  main            d.u.i.k.p.i.AbstractProblemLoader Replaying proof Simple[Simple::addAbsoluteValues(int,int)].JML normal_behavior operation contract.0 
24607      DEBUG main            d.u.i.k.p.i.IntermediateProofReplayer Proof replay took 218.41ms 
24608      DEBUG main            d.u.i.k.p.r.p.TestFile    ... success: reloaded. 
24610      INFO  main            d.u.i.k.p.r.p.TestFile    Now processing file /home/runner/work/key/key/key.core/../key.ui/examples/heap/block_contracts/Simple__addWithJump.key 
24610      INFO  main            d.u.i.k.p.i.AbstractProblemLoader Loading environment from /home/runner/work/key/key/key.core/../key.ui/examples/heap/block_contracts/Simple__addWithJump.key 
24611      DEBUG main            d.u.i.k.p.i.AbstractProblemLoader Environment load took 251.7ns 
24612      INFO  main            d.u.i.k.p.i.AbstractProblemLoader Creating init config 
28122      DEBUG main            d.u.i.k.p.i.AbstractProblemLoader Init config took 3.51s 
28181      INFO  main            d.u.i.k.p.i.AbstractProblemLoader Replaying proof Simple[Simple::addWithJump(int,int,int)].JML operation contract.0 
28185      DEBUG main            d.u.i.k.p.i.IntermediateProofReplayer Proof replay took 27.1ns 
28389      INFO  main            d.u.i.k.p.r.p.TestFile    ... finished proof: closed. 
28644      INFO  main            d.u.i.k.p.i.AbstractProblemLoader Loading environment from /home/runner/work/key/key/key.core/../key.ui/examples/heap/block_contracts/Simple__addWithJump.key.proof 
28645      DEBUG main            d.u.i.k.p.i.AbstractProblemLoader Environment load took 790.1ns 
28646      INFO  main            d.u.i.k.p.i.AbstractProblemLoader Creating init config 
32259      DEBUG main            d.u.i.k.p.i.AbstractProblemLoader Init config took 3.61s 
32312      INFO  main            d.u.i.k.p.i.AbstractProblemLoader Replaying proof Simple[Simple::addWithJump(int,int,int)].JML operation contract.0 
32365      DEBUG main            d.u.i.k.p.i.IntermediateProofReplayer Proof replay took 49.5ms 
32367      DEBUG main            d.u.i.k.p.r.p.TestFile    ... success: reloaded. 
32368      INFO  main            d.u.i.k.p.r.p.TestFile    Now processing file /home/runner/work/key/key/key.core/../key.ui/examples/heap/block_contracts/Simple__addWithTwoBlockContracts.key 
32369      INFO  main            d.u.i.k.p.i.AbstractProblemLoader Loading environment from /home/runner/work/key/key/key.core/../key.ui/examples/heap/block_contracts/Simple__addWithTwoBlockContracts.key 
32369      DEBUG main            d.u.i.k.p.i.AbstractProblemLoader Environment load took 224.1ns 
32371      INFO  main            d.u.i.k.p.i.AbstractProblemLoader Creating init config 
35892      DEBUG main            d.u.i.k.p.i.AbstractProblemLoader Init config took 3.52s 
35988      INFO  main            d.u.i.k.p.i.AbstractProblemLoader Replaying proof Simple[Simple::addWithTwoBlockContracts(int,int,int)].JML operation contract.0 
35992      DEBUG main            d.u.i.k.p.i.IntermediateProofReplayer Proof replay took 12.8ns 
36295      INFO  main            d.u.i.k.p.r.p.TestFile    ... finished proof: closed. 
36526      INFO  main            d.u.i.k.p.i.AbstractProblemLoader Loading environment from /home/runner/work/key/key/key.core/../key.ui/examples/heap/block_contracts/Simple__addWithTwoBlockContracts.key.proof 
36526      DEBUG main            d.u.i.k.p.i.AbstractProblemLoader Environment load took 622.6ns 
36528      INFO  main            d.u.i.k.p.i.AbstractProblemLoader Creating init config 
39973      DEBUG main            d.u.i.k.p.i.AbstractProblemLoader Init config took 3.45s 
40066      INFO  main            d.u.i.k.p.i.AbstractProblemLoader Replaying proof Simple[Simple::addWithTwoBlockContracts(int,int,int)].JML operation contract.0 
40134      DEBUG main            d.u.i.k.p.i.IntermediateProofReplayer Proof replay took 63.8ms 
40135      DEBUG main            d.u.i.k.p.r.p.TestFile    ... success: reloaded. 
40137      INFO  main            d.u.i.k.p.r.p.TestFile    Now processing file /home/runner/work/key/key/key.core/../key.ui/examples/heap/block_contracts/Simple__generateByteArray.key 
40137      INFO  main            d.u.i.k.p.i.AbstractProblemLoader Loading environment from /home/runner/work/key/key/key.core/../key.ui/examples/heap/block_contracts/Simple__generateByteArray.key 
40138      DEBUG main            d.u.i.k.p.i.AbstractProblemLoader Environment load took 263.3ns 
40139      INFO  main            d.u.i.k.p.i.AbstractProblemLoader Creating init config 
43487      DEBUG main            d.u.i.k.p.i.AbstractProblemLoader Init config took 3.35s 
43538      INFO  main            d.u.i.k.p.i.AbstractProblemLoader Replaying proof Simple[Simple::generateByteArray()].JML normal_behavior operation contract.0 
43541      DEBUG main            d.u.i.k.p.i.IntermediateProofReplayer Proof replay took 15.2ns 
45750      INFO  main            d.u.i.k.p.r.p.TestFile    ... finished proof: closed. 
46003      INFO  main            d.u.i.k.p.i.AbstractProblemLoader Loading environment from /home/runner/work/key/key/key.core/../key.ui/examples/heap/block_contracts/Simple__generateByteArray.key.proof 
46004      DEBUG main            d.u.i.k.p.i.AbstractProblemLoader Environment load took 611.7ns 
46007      INFO  main            d.u.i.k.p.i.AbstractProblemLoader Creating init config 
49357      DEBUG main            d.u.i.k.p.i.AbstractProblemLoader Init config took 3.35s 
49406      INFO  main            d.u.i.k.p.i.AbstractProblemLoader Replaying proof Simple[Simple::generateByteArray()].JML normal_behavior operation contract.0 
49740      DEBUG main            d.u.i.k.p.i.IntermediateProofReplayer Proof replay took 318.54ms 
49742      DEBUG main            d.u.i.k.p.r.p.TestFile    ... success: reloaded. 
49743      INFO  main            d.u.i.k.p.r.p.TestFile    Now processing file /home/runner/work/key/key/key.core/../key.ui/examples/heap/block_contracts/Simple__getLength.key 
49744      INFO  main            d.u.i.k.p.i.AbstractProblemLoader Loading environment from /home/runner/work/key/key/key.core/../key.ui/examples/heap/block_contracts/Simple__getLength.key 
49745      DEBUG main            d.u.i.k.p.i.AbstractProblemLoader Environment load took 669.9ns 
49746      INFO  main            d.u.i.k.p.i.AbstractProblemLoader Creating init config 
53053      DEBUG main            d.u.i.k.p.i.AbstractProblemLoader Init config took 3.31s 
53106      INFO  main            d.u.i.k.p.i.AbstractProblemLoader Replaying proof Simple[Simple::getLength()].JML normal_behavior operation contract.0 
53109      DEBUG main            d.u.i.k.p.i.IntermediateProofReplayer Proof replay took 12.4ns 
53213      INFO  main            d.u.i.k.p.r.p.TestFile    ... finished proof: closed. 
53455      INFO  main            d.u.i.k.p.i.AbstractProblemLoader Loading environment from /home/runner/work/key/key/key.core/../key.ui/examples/heap/block_contracts/Simple__getLength.key.proof 
53455      DEBUG main            d.u.i.k.p.i.AbstractProblemLoader Environment load took 132.9ns 
53456      INFO  main            d.u.i.k.p.i.AbstractProblemLoader Creating init config 
56924      DEBUG main            d.u.i.k.p.i.AbstractProblemLoader Init config took 3.47s 
56975      INFO  main            d.u.i.k.p.i.AbstractProblemLoader Replaying proof Simple[Simple::getLength()].JML normal_behavior operation contract.0 
56985      DEBUG main            d.u.i.k.p.i.IntermediateProofReplayer Proof replay took 8.25ms 
56986      DEBUG main            d.u.i.k.p.r.p.TestFile    ... success: reloaded. 
56987      INFO  main            d.u.i.k.p.r.p.TestFile    Now processing file /home/runner/work/key/key/key.core/../key.ui/examples/heap/block_contracts/Simple__square.key 
56988      INFO  main            d.u.i.k.p.i.AbstractProblemLoader Loading environment from /home/runner/work/key/key/key.core/../key.ui/examples/heap/block_contracts/Simple__square.key 
56988      DEBUG main            d.u.i.k.p.i.AbstractProblemLoader Environment load took 142.2ns 
56989      INFO  main            d.u.i.k.p.i.AbstractProblemLoader Creating init config 
60616      DEBUG main            d.u.i.k.p.i.AbstractProblemLoader Init config took 3.63s 
60670      INFO  main            d.u.i.k.p.i.AbstractProblemLoader Replaying proof Simple[Simple::square(int)].JML operation contract.0 
60674      DEBUG main            d.u.i.k.p.i.IntermediateProofReplayer Proof replay took 13.5ns 
61177      INFO  main            d.u.i.k.p.r.p.TestFile    ... finished proof: closed. 
61449      INFO  main            d.u.i.k.p.i.AbstractProblemLoader Loading environment from /home/runner/work/key/key/key.core/../key.ui/examples/heap/block_contracts/Simple__square.key.proof 
61450      DEBUG main            d.u.i.k.p.i.AbstractProblemLoader Environment load took 866.5ns 
61452      INFO  main            d.u.i.k.p.i.AbstractProblemLoader Creating init config 
64854      DEBUG main            d.u.i.k.p.i.AbstractProblemLoader Init config took 3.4s 
64910      INFO  main            d.u.i.k.p.i.AbstractProblemLoader Replaying proof Simple[Simple::square(int)].JML operation contract.0 
65026      DEBUG main            d.u.i.k.p.i.IntermediateProofReplayer Proof replay took 111.25ms 
65028      DEBUG main            d.u.i.k.p.r.p.TestFile    ... success: reloaded. 
65029      INFO  main            d.u.i.k.p.r.p.TestFile    Now processing file /home/runner/work/key/key/key.core/../key.ui/examples/heap/block_contracts/Simple__unnecessaryBlockContract.key 
65030      INFO  main            d.u.i.k.p.i.AbstractProblemLoader Loading environment from /home/runner/work/key/key/key.core/../key.ui/examples/heap/block_contracts/Simple__unnecessaryBlockContract.key 
65030      DEBUG main            d.u.i.k.p.i.AbstractProblemLoader Environment load took 270.3ns 
65032      INFO  main            d.u.i.k.p.i.AbstractProblemLoader Creating init config 
68268      DEBUG main            d.u.i.k.p.i.AbstractProblemLoader Init config took 3.24s 
68314      INFO  main            d.u.i.k.p.i.AbstractProblemLoader Replaying proof Simple[Simple::unnecessaryBlockContract()].JML operation contract.0 
68316      DEBUG main            d.u.i.k.p.i.IntermediateProofReplayer Proof replay took 15.1ns 
68418      INFO  main            d.u.i.k.p.r.p.TestFile    ... finished proof: closed. 
68688      INFO  main            d.u.i.k.p.i.AbstractProblemLoader Loading environment from /home/runner/work/key/key/key.core/../key.ui/examples/heap/block_contracts/Simple__unnecessaryBlockContract.key.proof 
68688      DEBUG main            d.u.i.k.p.i.AbstractProblemLoader Environment load took 142.7ns 
68689      INFO  main            d.u.i.k.p.i.AbstractProblemLoader Creating init config 
71810      DEBUG main            d.u.i.k.p.i.AbstractProblemLoader Init config took 3.12s 
71866      INFO  main            d.u.i.k.p.i.AbstractProblemLoader Replaying proof Simple[Simple::unnecessaryBlockContract()].JML operation contract.0 
71891      DEBUG main            d.u.i.k.p.i.IntermediateProofReplayer Proof replay took 22.17ms 
71892      DEBUG main            d.u.i.k.p.r.p.TestFile    ... success: reloaded. 
71893      INFO  main            d.u.i.k.p.r.p.TestFile    Now processing file /home/runner/work/key/key/key.core/../key.ui/examples/heap/block_contracts/Simple__unnecessaryLoopInvariant.key 
71894      INFO  main            d.u.i.k.p.i.AbstractProblemLoader Loading environment from /home/runner/work/key/key/key.core/../key.ui/examples/heap/block_contracts/Simple__unnecessaryLoopInvariant.key 
71894      DEBUG main            d.u.i.k.p.i.AbstractProblemLoader Environment load took 129.7ns 
71895      INFO  main            d.u.i.k.p.i.AbstractProblemLoader Creating init config 
75079      DEBUG main            d.u.i.k.p.i.AbstractProblemLoader Init config took 3.18s 
75120      INFO  main            d.u.i.k.p.i.AbstractProblemLoader Replaying proof Simple[Simple::unnecessaryLoopInvariant()].JML operation contract.0 
75122      DEBUG main            d.u.i.k.p.i.IntermediateProofReplayer Proof replay took 13.4ns 
75227      INFO  main            d.u.i.k.p.r.p.TestFile    ... finished proof: closed. 
75451      INFO  main            d.u.i.k.p.i.AbstractProblemLoader Loading environment from /home/runner/work/key/key/key.core/../key.ui/examples/heap/block_contracts/Simple__unnecessaryLoopInvariant.key.proof 
75452      DEBUG main            d.u.i.k.p.i.AbstractProblemLoader Environment load took 223.2ns 
75453      INFO  main            d.u.i.k.p.i.AbstractProblemLoader Creating init config 
78830      DEBUG main            d.u.i.k.p.i.AbstractProblemLoader Init config took 3.38s 
78888      INFO  main            d.u.i.k.p.i.AbstractProblemLoader Replaying proof Simple[Simple::unnecessaryLoopInvariant()].JML operation contract.0 
78901      DEBUG main            d.u.i.k.p.i.IntermediateProofReplayer Proof replay took 10.97ms 
78902      DEBUG main            d.u.i.k.p.r.p.TestFile    ... success: reloaded. 
78903      INFO  main            d.u.i.k.p.r.p.TestFile    Now processing file /home/runner/work/key/key/key.core/../key.ui/examples/standard_key/java_dl/jml-assert/assert.key 
78904      INFO  main            d.u.i.k.p.i.AbstractProblemLoader Loading environment from /home/runner/work/key/key/key.core/../key.ui/examples/standard_key/java_dl/jml-assert/assert.key 
78904      DEBUG main            d.u.i.k.p.i.AbstractProblemLoader Environment load took 272.9ns 
78905      INFO  main            d.u.i.k.p.i.AbstractProblemLoader Creating init config 
81918      DEBUG main            d.u.i.k.p.i.AbstractProblemLoader Init config took 3.01s 
81965      INFO  main            d.u.i.k.p.i.AbstractProblemLoader Replaying proof Assert[Assert::createArray(int)].JML normal_behavior operation contract.0 
81968      DEBUG main            d.u.i.k.p.i.IntermediateProofReplayer Proof replay took 7.6ns 
82271      INFO  main            d.u.i.k.p.r.p.TestFile    ... finished proof: closed. 
82518      INFO  main            d.u.i.k.p.i.AbstractProblemLoader Loading environment from /home/runner/work/key/key/key.core/../key.ui/examples/standard_key/java_dl/jml-assert/assert.key.proof 
82519      DEBUG main            d.u.i.k.p.i.AbstractProblemLoader Environment load took 124.7ns 
82520      INFO  main            d.u.i.k.p.i.AbstractProblemLoader Creating init config 
85462      DEBUG main            d.u.i.k.p.i.AbstractProblemLoader Init config took 2.94s 
85507      INFO  main            d.u.i.k.p.i.AbstractProblemLoader Replaying proof Assert[Assert::createArray(int)].JML normal_behavior operation contract.0 
85556      DEBUG main            d.u.i.k.p.i.IntermediateProofReplayer Proof replay took 45.53ms 
85558      DEBUG main            d.u.i.k.p.r.p.TestFile    ... success: reloaded. 
85559      INFO  main            d.u.i.k.p.r.p.TestFile    Now processing file /home/runner/work/key/key/key.core/../key.ui/examples/standard_key/java_dl/jml-assert/assert_assume_order.key 
85560      INFO  main            d.u.i.k.p.i.AbstractProblemLoader Loading environment from /home/runner/work/key/key/key.core/../key.ui/examples/standard_key/java_dl/jml-assert/assert_assume_order.key 
85560      DEBUG main            d.u.i.k.p.i.AbstractProblemLoader Environment load took 351.6ns 
85564      INFO  main            d.u.i.k.p.i.AbstractProblemLoader Creating init config 
88405      DEBUG main            d.u.i.k.p.i.AbstractProblemLoader Init config took 2.84s 
88445      INFO  main            d.u.i.k.p.i.AbstractProblemLoader Replaying proof AssertAssume[AssertAssume::singleAssumeAssert(int)].JML normal_behavior operation contract.0 
88447      DEBUG main            d.u.i.k.p.i.IntermediateProofReplayer Proof replay took 7.3ns 
88554      INFO  main            d.u.i.k.p.r.p.TestFile    ... finished proof: closed. 
88777      INFO  main            d.u.i.k.p.i.AbstractProblemLoader Loading environment from /home/runner/work/key/key/key.core/../key.ui/examples/standard_key/java_dl/jml-assert/assert_assume_order.key.proof 
88777      DEBUG main            d.u.i.k.p.i.AbstractProblemLoader Environment load took 129.7ns 
88778      INFO  main            d.u.i.k.p.i.AbstractProblemLoader Creating init config 
91534      DEBUG main            d.u.i.k.p.i.AbstractProblemLoader Init config took 2.76s 
91574      INFO  main            d.u.i.k.p.i.AbstractProblemLoader Replaying proof AssertAssume[AssertAssume::singleAssumeAssert(int)].JML normal_behavior operation contract.0 
91587      DEBUG main            d.u.i.k.p.i.IntermediateProofReplayer Proof replay took 10.84ms 
91588      DEBUG main            d.u.i.k.p.r.p.TestFile    ... success: reloaded. 
91590      INFO  main            d.u.i.k.p.r.p.TestFile    Now processing file /home/runner/work/key/key/key.core/../key.ui/examples/heap/block_loop_contracts/SimpleVariants/sum_onBlock_external.key 
91590      INFO  main            d.u.i.k.p.i.AbstractProblemLoader Loading environment from /home/runner/work/key/key/key.core/../key.ui/examples/heap/block_loop_contracts/SimpleVariants/sum_onBlock_external.key 
91590      DEBUG main            d.u.i.k.p.i.AbstractProblemLoader Environment load took 156.8ns 
91591      INFO  main            d.u.i.k.p.i.AbstractProblemLoader Creating init config 
94738      DEBUG main            d.u.i.k.p.i.AbstractProblemLoader Init config took 3.15s 
94778      INFO  main            d.u.i.k.p.i.AbstractProblemLoader Replaying proof LoopContractExamplesAll[LoopContractExamplesAll::sum_loopContract_onBlock([I)].JML normal_behavior operation contract.0 
94781      DEBUG main            d.u.i.k.p.i.IntermediateProofReplayer Proof replay took 12ns 
94985      INFO  main            d.u.i.k.p.r.p.TestFile    ... finished proof: closed. 
95239      INFO  main            d.u.i.k.p.i.AbstractProblemLoader Loading environment from /home/runner/work/key/key/key.core/../key.ui/examples/heap/block_loop_contracts/SimpleVariants/sum_onBlock_external.key.proof 
95239      DEBUG main            d.u.i.k.p.i.AbstractProblemLoader Environment load took 156.3ns 
95240      INFO  main            d.u.i.k.p.i.AbstractProblemLoader Creating init config 
98237      DEBUG main            d.u.i.k.p.i.AbstractProblemLoader Init config took 3s 
98276      INFO  main            d.u.i.k.p.i.AbstractProblemLoader Replaying proof LoopContractExamplesAll[LoopContractExamplesAll::sum_loopContract_onBlock([I)].JML normal_behavior operation contract.0 
98311      DEBUG main            d.u.i.k.p.i.IntermediateProofReplayer Proof replay took 32.99ms 
98312      DEBUG main            d.u.i.k.p.r.p.TestFile    ... success: reloaded. 
98313      INFO  main            d.u.i.k.p.r.p.TestFile    Now processing file /home/runner/work/key/key/key.core/../key.ui/examples/heap/block_loop_contracts/SimpleVariants/sum_onBlock_internal.key 
98313      INFO  main            d.u.i.k.p.i.AbstractProblemLoader Loading environment from /home/runner/work/key/key/key.core/../key.ui/examples/heap/block_loop_contracts/SimpleVariants/sum_onBlock_internal.key 
98313      DEBUG main            d.u.i.k.p.i.AbstractProblemLoader Environment load took 151.1ns 
98314      INFO  main            d.u.i.k.p.i.AbstractProblemLoader Creating init config 
101383     DEBUG main            d.u.i.k.p.i.AbstractProblemLoader Init config took 3.07s 
101426     INFO  main            d.u.i.k.p.i.AbstractProblemLoader Replaying proof LoopContractExamplesAll[LoopContractExamplesAll::sum_loopContract_onBlock([I)].JML normal_behavior operation contract.0 
101429     DEBUG main            d.u.i.k.p.i.IntermediateProofReplayer Proof replay took 12.6ns 
102138     INFO  main            d.u.i.k.p.r.p.TestFile    ... finished proof: closed. 
102471     INFO  main            d.u.i.k.p.i.AbstractProblemLoader Loading environment from /home/runner/work/key/key/key.core/../key.ui/examples/heap/block_loop_contracts/SimpleVariants/sum_onBlock_internal.key.proof 
102472     DEBUG main            d.u.i.k.p.i.AbstractProblemLoader Environment load took 960.2ns 
102474     INFO  main            d.u.i.k.p.i.AbstractProblemLoader Creating init config 
105478     DEBUG main            d.u.i.k.p.i.AbstractProblemLoader Init config took 3s 
105516     INFO  main            d.u.i.k.p.i.AbstractProblemLoader Replaying proof LoopContractExamplesAll[LoopContractExamplesAll::sum_loopContract_onBlock([I)].JML normal_behavior operation contract.0 
105738     DEBUG main            d.u.i.k.p.i.IntermediateProofReplayer Proof replay took 217.53ms 
105739     DEBUG main            d.u.i.k.p.r.p.TestFile    ... success: reloaded. 
105740     INFO  main            d.u.i.k.p.r.p.TestFile    Now processing file /home/runner/work/key/key/key.core/../key.ui/examples/heap/block_loop_contracts/SimpleVariants/sum_onBlock_loop.key 
105740     INFO  main            d.u.i.k.p.i.AbstractProblemLoader Loading environment from /home/runner/work/key/key/key.core/../key.ui/examples/heap/block_loop_contracts/SimpleVariants/sum_onBlock_loop.key 
105740     DEBUG main            d.u.i.k.p.i.AbstractProblemLoader Environment load took 162.1ns 
105742     INFO  main            d.u.i.k.p.i.AbstractProblemLoader Creating init config 
108871     DEBUG main            d.u.i.k.p.i.AbstractProblemLoader Init config took 3.13s 
108916     INFO  main            d.u.i.k.p.i.AbstractProblemLoader Replaying proof LoopContractExamplesAll[LoopContractExamplesAll::sum_loopContract_onBlock([I)].JML normal_behavior loop contract.0 
108918     DEBUG main            d.u.i.k.p.i.IntermediateProofReplayer Proof replay took 12.9ns 
109722     INFO  main            d.u.i.k.p.r.p.TestFile    ... finished proof: closed. 
110068     INFO  main            d.u.i.k.p.i.AbstractProblemLoader Loading environment from /home/runner/work/key/key/key.core/../key.ui/examples/heap/block_loop_contracts/SimpleVariants/sum_onBlock_loop.key.proof 
110069     DEBUG main            d.u.i.k.p.i.AbstractProblemLoader Environment load took 1.33ms 
110070     INFO  main            d.u.i.k.p.i.AbstractProblemLoader Creating init config 
113055     DEBUG main            d.u.i.k.p.i.AbstractProblemLoader Init config took 2.98s 
113108     INFO  main            d.u.i.k.p.i.AbstractProblemLoader Replaying proof LoopContractExamplesAll[LoopContractExamplesAll::sum_loopContract_onBlock([I)].JML normal_behavior loop contract.0 
113364     DEBUG main            d.u.i.k.p.i.IntermediateProofReplayer Proof replay took 251.84ms 
113366     DEBUG main            d.u.i.k.p.r.p.TestFile    ... success: reloaded. 
113367     INFO  main            d.u.i.k.p.r.p.TestFile    Now processing file /home/runner/work/key/key/key.core/../key.ui/examples/heap/block_loop_contracts/SimpleVariants/sum_onLoop_external.key 
113367     INFO  main            d.u.i.k.p.i.AbstractProblemLoader Loading environment from /home/runner/work/key/key/key.core/../key.ui/examples/heap/block_loop_contracts/SimpleVariants/sum_onLoop_external.key 
113368     DEBUG main            d.u.i.k.p.i.AbstractProblemLoader Environment load took 128.6ns 
113368     INFO  main            d.u.i.k.p.i.AbstractProblemLoader Creating init config 
116566     DEBUG main            d.u.i.k.p.i.AbstractProblemLoader Init config took 3.2s 
116606     INFO  main            d.u.i.k.p.i.AbstractProblemLoader Replaying proof LoopContractExamplesAll[LoopContractExamplesAll::sum_loopContract_onLoop([I)].JML normal_behavior operation contract.0 
116608     DEBUG main            d.u.i.k.p.i.IntermediateProofReplayer Proof replay took 26.6ns 
116711     INFO  main            d.u.i.k.p.r.p.TestFile    ... finished proof: closed. 
117043     INFO  main            d.u.i.k.p.i.AbstractProblemLoader Loading environment from /home/runner/work/key/key/key.core/../key.ui/examples/heap/block_loop_contracts/SimpleVariants/sum_onLoop_external.key.proof 
117043     DEBUG main            d.u.i.k.p.i.AbstractProblemLoader Environment load took 134.5ns 
117044     INFO  main            d.u.i.k.p.i.AbstractProblemLoader Creating init config 
120209     DEBUG main            d.u.i.k.p.i.AbstractProblemLoader Init config took 3.16s 
120248     INFO  main            d.u.i.k.p.i.AbstractProblemLoader Replaying proof LoopContractExamplesAll[LoopContractExamplesAll::sum_loopContract_onLoop([I)].JML normal_behavior operation contract.0 
120280     DEBUG main            d.u.i.k.p.i.IntermediateProofReplayer Proof replay took 30.09ms 
120282     DEBUG main            d.u.i.k.p.r.p.TestFile    ... success: reloaded. 
120283     INFO  main            d.u.i.k.p.r.p.TestFile    Now processing file /home/runner/work/key/key/key.core/../key.ui/examples/heap/block_loop_contracts/SimpleVariants/sum_onLoop_internal.key 
120283     INFO  main            d.u.i.k.p.i.AbstractProblemLoader Loading environment from /home/runner/work/key/key/key.core/../key.ui/examples/heap/block_loop_contracts/SimpleVariants/sum_onLoop_internal.key 
120283     DEBUG main            d.u.i.k.p.i.AbstractProblemLoader Environment load took 183.9ns 
120284     INFO  main            d.u.i.k.p.i.AbstractProblemLoader Creating init config 
123476     DEBUG main            d.u.i.k.p.i.AbstractProblemLoader Init config took 3.19s 
123512     INFO  main            d.u.i.k.p.i.AbstractProblemLoader Replaying proof LoopContractExamplesAll[LoopContractExamplesAll::sum_loopContract_onLoop([I)].JML normal_behavior operation contract.0 
123514     DEBUG main            d.u.i.k.p.i.IntermediateProofReplayer Proof replay took 29ns 
124217     INFO  main            d.u.i.k.p.r.p.TestFile    ... finished proof: closed. 
124542     INFO  main            d.u.i.k.p.i.AbstractProblemLoader Loading environment from /home/runner/work/key/key/key.core/../key.ui/examples/heap/block_loop_contracts/SimpleVariants/sum_onLoop_internal.key.proof 
124543     DEBUG main            d.u.i.k.p.i.AbstractProblemLoader Environment load took 573ns 
124544     INFO  main            d.u.i.k.p.i.AbstractProblemLoader Creating init config 
127726     DEBUG main            d.u.i.k.p.i.AbstractProblemLoader Init config took 3.18s 
127770     INFO  main            d.u.i.k.p.i.AbstractProblemLoader Replaying proof LoopContractExamplesAll[LoopContractExamplesAll::sum_loopContract_onLoop([I)].JML normal_behavior operation contract.0 
128009     DEBUG main            d.u.i.k.p.i.IntermediateProofReplayer Proof replay took 230.06ms 
128010     DEBUG main            d.u.i.k.p.r.p.TestFile    ... success: reloaded. 
128012     INFO  main            d.u.i.k.p.r.p.TestFile    Now processing file /home/runner/work/key/key/key.core/../key.ui/examples/heap/block_loop_contracts/SimpleVariants/sum_onLoop_loop.key 
128012     INFO  main            d.u.i.k.p.i.AbstractProblemLoader Loading environment from /home/runner/work/key/key/key.core/../key.ui/examples/heap/block_loop_contracts/SimpleVariants/sum_onLoop_loop.key 
128012     DEBUG main            d.u.i.k.p.i.AbstractProblemLoader Environment load took 280.5ns 
128014     INFO  main            d.u.i.k.p.i.AbstractProblemLoader Creating init config 
131171     DEBUG main            d.u.i.k.p.i.AbstractProblemLoader Init config took 3.16s 
131216     INFO  main            d.u.i.k.p.i.AbstractProblemLoader Replaying proof LoopContractExamplesAll[LoopContractExamplesAll::sum_loopContract_onLoop([I)].JML normal_behavior loop contract.0 
131219     DEBUG main            d.u.i.k.p.i.IntermediateProofReplayer Proof replay took 13.6ns 
132023     INFO  main            d.u.i.k.p.r.p.TestFile    ... finished proof: closed. 
132398     INFO  main            d.u.i.k.p.i.AbstractProblemLoader Loading environment from /home/runner/work/key/key/key.core/../key.ui/examples/heap/block_loop_contracts/SimpleVariants/sum_onLoop_loop.key.proof 
132399     DEBUG main            d.u.i.k.p.i.AbstractProblemLoader Environment load took 616ns 
132400     INFO  main            d.u.i.k.p.i.AbstractProblemLoader Creating init config 
135524     DEBUG main            d.u.i.k.p.i.AbstractProblemLoader Init config took 3.12s 
135572     INFO  main            d.u.i.k.p.i.AbstractProblemLoader Replaying proof LoopContractExamplesAll[LoopContractExamplesAll::sum_loopContract_onLoop([I)].JML normal_behavior loop contract.0 
135813     DEBUG main            d.u.i.k.p.i.IntermediateProofReplayer Proof replay took 235.2ms 
135814     DEBUG main            d.u.i.k.p.r.p.TestFile    ... success: reloaded. 
135815     INFO  main            d.u.i.k.p.r.p.TestFile    Now processing file /home/runner/work/key/key/key.core/../key.ui/examples/heap/block_loop_contracts/Free/blockContracts0.key 
135816     INFO  main            d.u.i.k.p.i.AbstractProblemLoader Loading environment from /home/runner/work/key/key/key.core/../key.ui/examples/heap/block_loop_contracts/Free/blockContracts0.key 
135816     DEBUG main            d.u.i.k.p.i.AbstractProblemLoader Environment load took 245.3ns 
135817     INFO  main            d.u.i.k.p.i.AbstractProblemLoader Creating init config 
138621     DEBUG main            d.u.i.k.p.i.AbstractProblemLoader Init config took 2.8s 
138661     INFO  main            d.u.i.k.p.i.AbstractProblemLoader Replaying proof FreeConditions[FreeConditions::blockContract0()].JML normal_behavior operation contract.0 
138663     DEBUG main            d.u.i.k.p.i.IntermediateProofReplayer Proof replay took 12.9ns 
138766     INFO  main            d.u.i.k.p.r.p.TestFile    ... finished proof: closed. 
139112     INFO  main            d.u.i.k.p.i.AbstractProblemLoader Loading environment from /home/runner/work/key/key/key.core/../key.ui/examples/heap/block_loop_contracts/Free/blockContracts0.key.proof 
139112     DEBUG main            d.u.i.k.p.i.AbstractProblemLoader Environment load took 118.8ns 
139113     INFO  main            d.u.i.k.p.i.AbstractProblemLoader Creating init config 
141781     DEBUG main            d.u.i.k.p.i.AbstractProblemLoader Init config took 2.67s 
141818     INFO  main            d.u.i.k.p.i.AbstractProblemLoader Replaying proof FreeConditions[FreeConditions::blockContract0()].JML normal_behavior operation contract.0 
141841     DEBUG main            d.u.i.k.p.i.IntermediateProofReplayer Proof replay took 20.09ms 
141842     DEBUG main            d.u.i.k.p.r.p.TestFile    ... success: reloaded. 
141843     INFO  main            d.u.i.k.p.r.p.TestFile    Now processing file /home/runner/work/key/key/key.core/../key.ui/examples/heap/block_loop_contracts/Free/blockContracts1.key 
141843     INFO  main            d.u.i.k.p.i.AbstractProblemLoader Loading environment from /home/runner/work/key/key/key.core/../key.ui/examples/heap/block_loop_contracts/Free/blockContracts1.key 
141843     DEBUG main            d.u.i.k.p.i.AbstractProblemLoader Environment load took 161.5ns 
141844     INFO  main            d.u.i.k.p.i.AbstractProblemLoader Creating init config 
144671     DEBUG main            d.u.i.k.p.i.AbstractProblemLoader Init config took 2.83s 
144706     INFO  main            d.u.i.k.p.i.AbstractProblemLoader Replaying proof FreeConditions[FreeConditions::blockContract1()].JML normal_behavior operation contract.0 
144708     DEBUG main            d.u.i.k.p.i.IntermediateProofReplayer Proof replay took 13.2ns 
144811     INFO  main            d.u.i.k.p.r.p.TestFile    ... finished proof: closed. 
145142     INFO  main            d.u.i.k.p.i.AbstractProblemLoader Loading environment from /home/runner/work/key/key/key.core/../key.ui/examples/heap/block_loop_contracts/Free/blockContracts1.key.proof 
145142     DEBUG main            d.u.i.k.p.i.AbstractProblemLoader Environment load took 125.7ns 
145143     INFO  main            d.u.i.k.p.i.AbstractProblemLoader Creating init config 
147772     DEBUG main            d.u.i.k.p.i.AbstractProblemLoader Init config took 2.63s 
147806     INFO  main            d.u.i.k.p.i.AbstractProblemLoader Replaying proof FreeConditions[FreeConditions::blockContract1()].JML normal_behavior operation contract.0 
147830     DEBUG main            d.u.i.k.p.i.IntermediateProofReplayer Proof replay took 18.97ms 
147832     DEBUG main            d.u.i.k.p.r.p.TestFile    ... success: reloaded. 
147833     INFO  main            d.u.i.k.p.r.p.TestFile    Now processing file /home/runner/work/key/key/key.core/../key.ui/examples/heap/block_loop_contracts/Finally/block_finally.key 
147833     INFO  main            d.u.i.k.p.i.AbstractProblemLoader Loading environment from /home/runner/work/key/key/key.core/../key.ui/examples/heap/block_loop_contracts/Finally/block_finally.key 
147833     DEBUG main            d.u.i.k.p.i.AbstractProblemLoader Environment load took 304.3ns 
147835     INFO  main            d.u.i.k.p.i.AbstractProblemLoader Creating init config 
150596     DEBUG main            d.u.i.k.p.i.AbstractProblemLoader Init config took 2.76s 
150638     INFO  main            d.u.i.k.p.i.AbstractProblemLoader Replaying proof AuxiliaryContractsFinally[AuxiliaryContractsFinally::breakThrowContinueBlockContract(java.lang.Exception)].JML block contract.0 
150640     DEBUG main            d.u.i.k.p.i.IntermediateProofReplayer Proof replay took 14.9ns 
151245     INFO  main            d.u.i.k.p.r.p.TestFile    ... finished proof: open goal(s) 
151587     INFO  main            d.u.i.k.p.r.p.TestFile    Now processing file /home/runner/work/key/key/key.core/../key.ui/examples/heap/block_loop_contracts/Finally/loop_finally.key 
151588     INFO  main            d.u.i.k.p.i.AbstractProblemLoader Loading environment from /home/runner/work/key/key/key.core/../key.ui/examples/heap/block_loop_contracts/Finally/loop_finally.key 
151588     DEBUG main            d.u.i.k.p.i.AbstractProblemLoader Environment load took 81.8ns 
151590     INFO  main            d.u.i.k.p.i.AbstractProblemLoader Creating init config 
154382     DEBUG main            d.u.i.k.p.i.AbstractProblemLoader Init config took 2.79s 
154424     INFO  main            d.u.i.k.p.i.AbstractProblemLoader Replaying proof AuxiliaryContractsFinally[AuxiliaryContractsFinally::breakThrowContinueLoopContract(java.lang.Exception)].JML normal_behavior loop contract.0 
154426     DEBUG main            d.u.i.k.p.i.IntermediateProofReplayer Proof replay took 14.5ns 
155144     INFO  main            d.u.i.k.p.r.p.TestFile    ... finished proof: open goal(s) 
707491     INFO  Test worker     d.u.i.k.p.r.RunAllProofsTestUnit Returning from test blockContracts 
707492     INFO  Test worker     d.u.i.k.p.r.RunAllProofsTestUnit Running test jmlAsserts 
458        INFO  Timeout watchdog d.u.i.k.p.r.p.ForkedTestFileRunner Timeout watcher launched (2000 secs.) 
484        WARN  main            d.u.i.k.s.ProofSettings   The settings in /home/runner/.key/proof-settings.props are *not* read. 
528        INFO  main            d.u.i.k.p.r.p.TestFile    Now processing file /home/runner/work/key/key/key.core/../key.ui/examples/standard_key/java_dl/jml-assert/assert.key 
656        INFO  main            d.u.i.k.p.i.AbstractProblemLoader Loading environment from /home/runner/work/key/key/key.core/../key.ui/examples/standard_key/java_dl/jml-assert/assert.key 
677        DEBUG main            d.u.i.k.p.i.AbstractProblemLoader Environment load took 2.94ms 
953        INFO  main            d.u.i.k.p.i.AbstractProblemLoader Creating init config 
2056       DEBUG main            d.u.i.k.j.TypeConverter   No LDT found for Meta 
2057       DEBUG main            d.u.i.k.j.TypeConverter   No LDT found for Meta 
2061       DEBUG main            d.u.i.k.j.TypeConverter   No LDT found for Meta 
2061       DEBUG main            d.u.i.k.j.TypeConverter   No LDT found for Meta 
3638       DEBUG main            d.u.i.k.j.TypeConverter   No LDT found for JavaBigintExpression 
9838       DEBUG main            d.u.i.k.p.i.AbstractProblemLoader Init config took 8.89s 
10018      INFO  main            d.u.i.k.p.i.AbstractProblemLoader Replaying proof Assert[Assert::createArray(int)].JML normal_behavior operation contract.0 
10067      DEBUG main            d.u.i.k.p.i.IntermediateProofReplayer Proof replay took 44ns 
11103      INFO  main            d.u.i.k.p.r.p.TestFile    ... finished proof: closed. 
11300      INFO  main            d.u.i.k.p.i.AbstractProblemLoader Loading environment from /home/runner/work/key/key/key.core/../key.ui/examples/standard_key/java_dl/jml-assert/assert.key.proof 
11300      DEBUG main            d.u.i.k.p.i.AbstractProblemLoader Environment load took 747.5ns 
11305      INFO  main            d.u.i.k.p.i.AbstractProblemLoader Creating init config 
14704      DEBUG main            d.u.i.k.p.i.AbstractProblemLoader Init config took 3.4s 
14845      INFO  main            d.u.i.k.p.i.AbstractProblemLoader Replaying proof Assert[Assert::createArray(int)].JML normal_behavior operation contract.0 
14998      DEBUG main            d.u.i.k.p.i.IntermediateProofReplayer Proof replay took 136.96ms 
15007      DEBUG main            d.u.i.k.p.r.p.TestFile    ... success: reloaded. 
15009      INFO  main            d.u.i.k.p.r.p.TestFile    Now processing file /home/runner/work/key/key/key.core/../key.ui/examples/heap/block_loop_contracts/Free/assertions0.key 
15010      INFO  main            d.u.i.k.p.i.AbstractProblemLoader Loading environment from /home/runner/work/key/key/key.core/../key.ui/examples/heap/block_loop_contracts/Free/assertions0.key 
15011      DEBUG main            d.u.i.k.p.i.AbstractProblemLoader Environment load took 311.8ns 
15013      INFO  main            d.u.i.k.p.i.AbstractProblemLoader Creating init config 
18235      DEBUG main            d.u.i.k.p.i.AbstractProblemLoader Init config took 3.22s 
18310      INFO  main            d.u.i.k.p.i.AbstractProblemLoader Replaying proof FreeConditions[FreeConditions::assertions0()].JML normal_behavior operation contract.0 
18314      DEBUG main            d.u.i.k.p.i.IntermediateProofReplayer Proof replay took 16.1ns 
18518      INFO  main            d.u.i.k.p.r.p.TestFile    ... finished proof: closed. 
18754      INFO  main            d.u.i.k.p.i.AbstractProblemLoader Loading environment from /home/runner/work/key/key/key.core/../key.ui/examples/heap/block_loop_contracts/Free/assertions0.key.proof 
18757      DEBUG main            d.u.i.k.p.i.AbstractProblemLoader Environment load took 3.28ms 
18762      INFO  main            d.u.i.k.p.i.AbstractProblemLoader Creating init config 
21895      DEBUG main            d.u.i.k.p.i.AbstractProblemLoader Init config took 3.13s 
21952      INFO  main            d.u.i.k.p.i.AbstractProblemLoader Replaying proof FreeConditions[FreeConditions::assertions0()].JML normal_behavior operation contract.0 
21979      DEBUG main            d.u.i.k.p.i.IntermediateProofReplayer Proof replay took 23.66ms 
21981      DEBUG main            d.u.i.k.p.r.p.TestFile    ... success: reloaded. 
21983      INFO  main            d.u.i.k.p.r.p.TestFile    Now processing file /home/runner/work/key/key/key.core/../key.ui/examples/heap/block_loop_contracts/Free/assertions1.key 
21984      INFO  main            d.u.i.k.p.i.AbstractProblemLoader Loading environment from /home/runner/work/key/key/key.core/../key.ui/examples/heap/block_loop_contracts/Free/assertions1.key 
21984      DEBUG main            d.u.i.k.p.i.AbstractProblemLoader Environment load took 310.1ns 
21986      INFO  main            d.u.i.k.p.i.AbstractProblemLoader Creating init config 
25049      DEBUG main            d.u.i.k.p.i.AbstractProblemLoader Init config took 3.06s 
25103      INFO  main            d.u.i.k.p.i.AbstractProblemLoader Replaying proof FreeConditions[FreeConditions::assertions1()].JML normal_behavior operation contract.0 
25107      DEBUG main            d.u.i.k.p.i.IntermediateProofReplayer Proof replay took 13.3ns 
25209      INFO  main            d.u.i.k.p.r.p.TestFile    ... finished proof: closed. 
25393      INFO  main            d.u.i.k.p.i.AbstractProblemLoader Loading environment from /home/runner/work/key/key/key.core/../key.ui/examples/heap/block_loop_contracts/Free/assertions1.key.proof 
25393      DEBUG main            d.u.i.k.p.i.AbstractProblemLoader Environment load took 144.9ns 
25395      INFO  main            d.u.i.k.p.i.AbstractProblemLoader Creating init config 
28446      DEBUG main            d.u.i.k.p.i.AbstractProblemLoader Init config took 3.05s 
28506      INFO  main            d.u.i.k.p.i.AbstractProblemLoader Replaying proof FreeConditions[FreeConditions::assertions1()].JML normal_behavior operation contract.0 
28515      DEBUG main            d.u.i.k.p.i.IntermediateProofReplayer Proof replay took 6.37ms 
28516      DEBUG main            d.u.i.k.p.r.p.TestFile    ... success: reloaded. 
28517      INFO  main            d.u.i.k.p.r.p.TestFile    Now processing file /home/runner/work/key/key/key.core/../key.ui/examples/standard_key/java_dl/jml-assert/recursion-assert.key 
28518      INFO  main            d.u.i.k.p.i.AbstractProblemLoader Loading environment from /home/runner/work/key/key/key.core/../key.ui/examples/standard_key/java_dl/jml-assert/recursion-assert.key 
28518      DEBUG main            d.u.i.k.p.i.AbstractProblemLoader Environment load took 214.7ns 
28519      INFO  main            d.u.i.k.p.i.AbstractProblemLoader Creating init config 
31611      DEBUG main            d.u.i.k.p.i.AbstractProblemLoader Init config took 3.09s 
31665      INFO  main            d.u.i.k.p.i.AbstractProblemLoader Replaying proof RecursiveMethod[RecursiveMethod::fac1(int)].JML normal_behavior operation contract.0 
31672      DEBUG main            d.u.i.k.p.i.IntermediateProofReplayer Proof replay took 7.1ns 
31875      INFO  main            d.u.i.k.p.r.p.TestFile    ... finished proof: closed. 
32040      INFO  main            d.u.i.k.p.i.AbstractProblemLoader Loading environment from /home/runner/work/key/key/key.core/../key.ui/examples/standard_key/java_dl/jml-assert/recursion-assert.key.proof 
32041      DEBUG main            d.u.i.k.p.i.AbstractProblemLoader Environment load took 829.4ns 
32042      INFO  main            d.u.i.k.p.i.AbstractProblemLoader Creating init config 
34992      DEBUG main            d.u.i.k.p.i.AbstractProblemLoader Init config took 2.95s 
35059      INFO  main            d.u.i.k.p.i.AbstractProblemLoader Replaying proof RecursiveMethod[RecursiveMethod::fac1(int)].JML normal_behavior operation contract.0 
35107      DEBUG main            d.u.i.k.p.i.IntermediateProofReplayer Proof replay took 43.8ms 
35109      DEBUG main            d.u.i.k.p.r.p.TestFile    ... success: reloaded. 
35110      INFO  main            d.u.i.k.p.r.p.TestFile    Now processing file /home/runner/work/key/key/key.core/../key.ui/examples/standard_key/java_dl/jml-assert/recursion-assume.key 
35110      INFO  main            d.u.i.k.p.i.AbstractProblemLoader Loading environment from /home/runner/work/key/key/key.core/../key.ui/examples/standard_key/java_dl/jml-assert/recursion-assume.key 
35111      DEBUG main            d.u.i.k.p.i.AbstractProblemLoader Environment load took 132.4ns 
35112      INFO  main            d.u.i.k.p.i.AbstractProblemLoader Creating init config 
38160      DEBUG main            d.u.i.k.p.i.AbstractProblemLoader Init config took 3.05s 
38210      INFO  main            d.u.i.k.p.i.AbstractProblemLoader Replaying proof RecursiveMethod[RecursiveMethod::fac2(int)].JML normal_behavior operation contract.0 
38211      DEBUG main            d.u.i.k.p.i.IntermediateProofReplayer Proof replay took 6.8ns 
38414      INFO  main            d.u.i.k.p.r.p.TestFile    ... finished proof: closed. 
38621      INFO  main            d.u.i.k.p.i.AbstractProblemLoader Loading environment from /home/runner/work/key/key/key.core/../key.ui/examples/standard_key/java_dl/jml-assert/recursion-assume.key.proof 
38622      DEBUG main            d.u.i.k.p.i.AbstractProblemLoader Environment load took 719.6ns 
38623      INFO  main            d.u.i.k.p.i.AbstractProblemLoader Creating init config 
41635      DEBUG main            d.u.i.k.p.i.AbstractProblemLoader Init config took 3.01s 
41706      INFO  main            d.u.i.k.p.i.AbstractProblemLoader Replaying proof RecursiveMethod[RecursiveMethod::fac2(int)].JML normal_behavior operation contract.0 
41748      DEBUG main            d.u.i.k.p.i.IntermediateProofReplayer Proof replay took 38.53ms 
41749      DEBUG main            d.u.i.k.p.r.p.TestFile    ... success: reloaded. 
41751      INFO  main            d.u.i.k.p.r.p.TestFile    Now processing file /home/runner/work/key/key/key.core/../key.ui/examples/standard_key/java_dl/jml-assert/quantor-assert.key 
41751      INFO  main            d.u.i.k.p.i.AbstractProblemLoader Loading environment from /home/runner/work/key/key/key.core/../key.ui/examples/standard_key/java_dl/jml-assert/quantor-assert.key 
41751      DEBUG main            d.u.i.k.p.i.AbstractProblemLoader Environment load took 254.8ns 
41752      INFO  main            d.u.i.k.p.i.AbstractProblemLoader Creating init config 
44696      DEBUG main            d.u.i.k.p.i.AbstractProblemLoader Init config took 2.94s 
44758      INFO  main            d.u.i.k.p.i.AbstractProblemLoader Replaying proof Quantor[Quantor::square1(int)].JML normal_behavior operation contract.0 
44759      DEBUG main            d.u.i.k.p.i.IntermediateProofReplayer Proof replay took 6.8ns 
44863      INFO  main            d.u.i.k.p.r.p.TestFile    ... finished proof: closed. 
45108      INFO  main            d.u.i.k.p.i.AbstractProblemLoader Loading environment from /home/runner/work/key/key/key.core/../key.ui/examples/standard_key/java_dl/jml-assert/quantor-assert.key.proof 
45108      DEBUG main            d.u.i.k.p.i.AbstractProblemLoader Environment load took 145.6ns 
45109      INFO  main            d.u.i.k.p.i.AbstractProblemLoader Creating init config 
48089      DEBUG main            d.u.i.k.p.i.AbstractProblemLoader Init config took 2.98s 
48137      INFO  main            d.u.i.k.p.i.AbstractProblemLoader Replaying proof Quantor[Quantor::square1(int)].JML normal_behavior operation contract.0 
48158      DEBUG main            d.u.i.k.p.i.IntermediateProofReplayer Proof replay took 17.97ms 
48159      DEBUG main            d.u.i.k.p.r.p.TestFile    ... success: reloaded. 
48160      INFO  main            d.u.i.k.p.r.p.TestFile    Now processing file /home/runner/work/key/key/key.core/../key.ui/examples/standard_key/java_dl/jml-assert/quantor-assume.key 
48161      INFO  main            d.u.i.k.p.i.AbstractProblemLoader Loading environment from /home/runner/work/key/key/key.core/../key.ui/examples/standard_key/java_dl/jml-assert/quantor-assume.key 
48161      DEBUG main            d.u.i.k.p.i.AbstractProblemLoader Environment load took 260ns 
48162      INFO  main            d.u.i.k.p.i.AbstractProblemLoader Creating init config 
51160      DEBUG main            d.u.i.k.p.i.AbstractProblemLoader Init config took 3s 
51247      INFO  main            d.u.i.k.p.i.AbstractProblemLoader Replaying proof Quantor[Quantor::square2(int)].JML normal_behavior operation contract.0 
51249      DEBUG main            d.u.i.k.p.i.IntermediateProofReplayer Proof replay took 8.1ns 
51351      INFO  main            d.u.i.k.p.r.p.TestFile    ... finished proof: closed. 
51556      INFO  main            d.u.i.k.p.i.AbstractProblemLoader Loading environment from /home/runner/work/key/key/key.core/../key.ui/examples/standard_key/java_dl/jml-assert/quantor-assume.key.proof 
51556      DEBUG main            d.u.i.k.p.i.AbstractProblemLoader Environment load took 136.6ns 
51558      INFO  main            d.u.i.k.p.i.AbstractProblemLoader Creating init config 
54479      DEBUG main            d.u.i.k.p.i.AbstractProblemLoader Init config took 2.92s 
54522      INFO  main            d.u.i.k.p.i.AbstractProblemLoader Replaying proof Quantor[Quantor::square2(int)].JML normal_behavior operation contract.0 
54537      DEBUG main            d.u.i.k.p.i.IntermediateProofReplayer Proof replay took 13.3ms 
54538      DEBUG main            d.u.i.k.p.r.p.TestFile    ... success: reloaded. 
54539      INFO  main            d.u.i.k.p.r.p.TestFile    Now processing file /home/runner/work/key/key/key.core/../key.ui/examples/standard_key/java_dl/jml-assert/model-methods-static-static.key 
54540      INFO  main            d.u.i.k.p.i.AbstractProblemLoader Loading environment from /home/runner/work/key/key/key.core/../key.ui/examples/standard_key/java_dl/jml-assert/model-methods-static-static.key 
54540      DEBUG main            d.u.i.k.p.i.AbstractProblemLoader Environment load took 121.7ns 
54541      INFO  main            d.u.i.k.p.i.AbstractProblemLoader Creating init config 
57471      DEBUG main            d.u.i.k.p.i.AbstractProblemLoader Init config took 2.93s 
57515      INFO  main            d.u.i.k.p.i.AbstractProblemLoader Replaying proof ModelMethods[ModelMethods::test1()].JML normal_behavior operation contract.0 
57517      DEBUG main            d.u.i.k.p.i.IntermediateProofReplayer Proof replay took 6.9ns 
57623      INFO  main            d.u.i.k.p.r.p.TestFile    ... finished proof: closed. 
57883      INFO  main            d.u.i.k.p.i.AbstractProblemLoader Loading environment from /home/runner/work/key/key/key.core/../key.ui/examples/standard_key/java_dl/jml-assert/model-methods-static-static.key.proof 
57883      DEBUG main            d.u.i.k.p.i.AbstractProblemLoader Environment load took 188ns 
57886      INFO  main            d.u.i.k.p.i.AbstractProblemLoader Creating init config 
60750      DEBUG main            d.u.i.k.p.i.AbstractProblemLoader Init config took 2.86s 
60792      INFO  main            d.u.i.k.p.i.AbstractProblemLoader Replaying proof ModelMethods[ModelMethods::test1()].JML normal_behavior operation contract.0 
60802      DEBUG main            d.u.i.k.p.i.IntermediateProofReplayer Proof replay took 7.21ms 
60803      DEBUG main            d.u.i.k.p.r.p.TestFile    ... success: reloaded. 
60804      INFO  main            d.u.i.k.p.r.p.TestFile    Now processing file /home/runner/work/key/key/key.core/../key.ui/examples/standard_key/java_dl/jml-assert/model-methods-instance-static.key 
60805      INFO  main            d.u.i.k.p.i.AbstractProblemLoader Loading environment from /home/runner/work/key/key/key.core/../key.ui/examples/standard_key/java_dl/jml-assert/model-methods-instance-static.key 
60805      DEBUG main            d.u.i.k.p.i.AbstractProblemLoader Environment load took 154.1ns 
60806      INFO  main            d.u.i.k.p.i.AbstractProblemLoader Creating init config 
63790      DEBUG main            d.u.i.k.p.i.AbstractProblemLoader Init config took 2.98s 
63847      INFO  main            d.u.i.k.p.i.AbstractProblemLoader Replaying proof ModelMethods[ModelMethods::test2()].JML normal_behavior operation contract.0 
63849      DEBUG main            d.u.i.k.p.i.IntermediateProofReplayer Proof replay took 6.3ns 
63951      INFO  main            d.u.i.k.p.r.p.TestFile    ... finished proof: closed. 
64284      INFO  main            d.u.i.k.p.i.AbstractProblemLoader Loading environment from /home/runner/work/key/key/key.core/../key.ui/examples/standard_key/java_dl/jml-assert/model-methods-instance-static.key.proof 
64285      DEBUG main            d.u.i.k.p.i.AbstractProblemLoader Environment load took 133.7ns 
64286      INFO  main            d.u.i.k.p.i.AbstractProblemLoader Creating init config 
67149      DEBUG main            d.u.i.k.p.i.AbstractProblemLoader Init config took 2.86s 
67197      INFO  main            d.u.i.k.p.i.AbstractProblemLoader Replaying proof ModelMethods[ModelMethods::test2()].JML normal_behavior operation contract.0 
67213      DEBUG main            d.u.i.k.p.i.IntermediateProofReplayer Proof replay took 14.61ms 
67214      DEBUG main            d.u.i.k.p.r.p.TestFile    ... success: reloaded. 
67215      INFO  main            d.u.i.k.p.r.p.TestFile    Now processing file /home/runner/work/key/key/key.core/../key.ui/examples/standard_key/java_dl/jml-assert/model-methods-instance-instance.key 
67216      INFO  main            d.u.i.k.p.i.AbstractProblemLoader Loading environment from /home/runner/work/key/key/key.core/../key.ui/examples/standard_key/java_dl/jml-assert/model-methods-instance-instance.key 
67216      DEBUG main            d.u.i.k.p.i.AbstractProblemLoader Environment load took 80.9ns 
67224      INFO  main            d.u.i.k.p.i.AbstractProblemLoader Creating init config 
70182      DEBUG main            d.u.i.k.p.i.AbstractProblemLoader Init config took 2.96s 
70222      INFO  main            d.u.i.k.p.i.AbstractProblemLoader Replaying proof ModelMethods[ModelMethods::test3()].JML normal_behavior operation contract.0 
70224      DEBUG main            d.u.i.k.p.i.IntermediateProofReplayer Proof replay took 7.6ns 
70326      INFO  main            d.u.i.k.p.r.p.TestFile    ... finished proof: closed. 
70572      INFO  main            d.u.i.k.p.i.AbstractProblemLoader Loading environment from /home/runner/work/key/key/key.core/../key.ui/examples/standard_key/java_dl/jml-assert/model-methods-instance-instance.key.proof 
70572      DEBUG main            d.u.i.k.p.i.AbstractProblemLoader Environment load took 146.3ns 
70573      INFO  main            d.u.i.k.p.i.AbstractProblemLoader Creating init config 
73434      DEBUG main            d.u.i.k.p.i.AbstractProblemLoader Init config took 2.86s 
73472      INFO  main            d.u.i.k.p.i.AbstractProblemLoader Replaying proof ModelMethods[ModelMethods::test3()].JML normal_behavior operation contract.0 
73484      DEBUG main            d.u.i.k.p.i.IntermediateProofReplayer Proof replay took 9.89ms 
73485      DEBUG main            d.u.i.k.p.r.p.TestFile    ... success: reloaded. 
73487      INFO  main            d.u.i.k.p.r.p.TestFile    Now processing file /home/runner/work/key/key/key.core/../key.ui/examples/standard_key/java_dl/jml-assert/model-methods-static-instance.key 
73487      INFO  main            d.u.i.k.p.i.AbstractProblemLoader Loading environment from /home/runner/work/key/key/key.core/../key.ui/examples/standard_key/java_dl/jml-assert/model-methods-static-instance.key 
73487      DEBUG main            d.u.i.k.p.i.AbstractProblemLoader Environment load took 293.1ns 
73489      INFO  main            d.u.i.k.p.i.AbstractProblemLoader Creating init config 
76436      DEBUG main            d.u.i.k.p.i.AbstractProblemLoader Init config took 2.95s 
76477      INFO  main            d.u.i.k.p.i.AbstractProblemLoader Replaying proof ModelMethods[ModelMethods::test4()].JML normal_behavior operation contract.0 
76479      DEBUG main            d.u.i.k.p.i.IntermediateProofReplayer Proof replay took 7.1ns 
76581      INFO  main            d.u.i.k.p.r.p.TestFile    ... finished proof: closed. 
76843      INFO  main            d.u.i.k.p.i.AbstractProblemLoader Loading environment from /home/runner/work/key/key/key.core/../key.ui/examples/standard_key/java_dl/jml-assert/model-methods-static-instance.key.proof 
76844      DEBUG main            d.u.i.k.p.i.AbstractProblemLoader Environment load took 672.3ns 
76846      INFO  main            d.u.i.k.p.i.AbstractProblemLoader Creating init config 
79897      DEBUG main            d.u.i.k.p.i.AbstractProblemLoader Init config took 3.05s 
79943      INFO  main            d.u.i.k.p.i.AbstractProblemLoader Replaying proof ModelMethods[ModelMethods::test4()].JML normal_behavior operation contract.0 
79974      DEBUG main            d.u.i.k.p.i.IntermediateProofReplayer Proof replay took 27.62ms 
79975      DEBUG main            d.u.i.k.p.r.p.TestFile    ... success: reloaded. 
79976      INFO  main            d.u.i.k.p.r.p.TestFile    Now processing file /home/runner/work/key/key/key.core/../key.ui/examples/standard_key/java_dl/jml-assert/assert-old/inc-field.key 
79976      INFO  main            d.u.i.k.p.i.AbstractProblemLoader Loading environment from /home/runner/work/key/key/key.core/../key.ui/examples/standard_key/java_dl/jml-assert/assert-old/inc-field.key 
79976      DEBUG main            d.u.i.k.p.i.AbstractProblemLoader Environment load took 80.8ns 
79977      INFO  main            d.u.i.k.p.i.AbstractProblemLoader Creating init config 
82912      DEBUG main            d.u.i.k.p.i.AbstractProblemLoader Init config took 2.93s 
82952      INFO  main            d.u.i.k.p.i.AbstractProblemLoader Replaying proof Inc[Inc::inc_field()].JML normal_behavior operation contract.0 
82954      DEBUG main            d.u.i.k.p.i.IntermediateProofReplayer Proof replay took 7ns 
83156      INFO  main            d.u.i.k.p.r.p.TestFile    ... finished proof: closed. 
83409      INFO  main            d.u.i.k.p.i.AbstractProblemLoader Loading environment from /home/runner/work/key/key/key.core/../key.ui/examples/standard_key/java_dl/jml-assert/assert-old/inc-field.key.proof 
83409      DEBUG main            d.u.i.k.p.i.AbstractProblemLoader Environment load took 195.8ns 
83416      INFO  main            d.u.i.k.p.i.AbstractProblemLoader Creating init config 
86367      DEBUG main            d.u.i.k.p.i.AbstractProblemLoader Init config took 2.95s 
86407      INFO  main            d.u.i.k.p.i.AbstractProblemLoader Replaying proof Inc[Inc::inc_field()].JML normal_behavior operation contract.0 
86437      DEBUG main            d.u.i.k.p.i.IntermediateProofReplayer Proof replay took 27.06ms 
86438      DEBUG main            d.u.i.k.p.r.p.TestFile    ... success: reloaded. 
86438      INFO  main            d.u.i.k.p.r.p.TestFile    Now processing file /home/runner/work/key/key/key.core/../key.ui/examples/standard_key/java_dl/jml-assert/assert-old/inc-parameter.key 
86439      INFO  main            d.u.i.k.p.i.AbstractProblemLoader Loading environment from /home/runner/work/key/key/key.core/../key.ui/examples/standard_key/java_dl/jml-assert/assert-old/inc-parameter.key 
86439      DEBUG main            d.u.i.k.p.i.AbstractProblemLoader Environment load took 127ns 
86440      INFO  main            d.u.i.k.p.i.AbstractProblemLoader Creating init config 
89661      DEBUG main            d.u.i.k.p.i.AbstractProblemLoader Init config took 3.22s 
89705      INFO  main            d.u.i.k.p.i.AbstractProblemLoader Replaying proof Inc[Inc::inc_parameter(int)].JML normal_behavior operation contract.0 
89707      DEBUG main            d.u.i.k.p.i.IntermediateProofReplayer Proof replay took 8.7ns 
89818      INFO  main            d.u.i.k.p.r.p.TestFile    ... finished proof: closed. 
90079      INFO  main            d.u.i.k.p.i.AbstractProblemLoader Loading environment from /home/runner/work/key/key/key.core/../key.ui/examples/standard_key/java_dl/jml-assert/assert-old/inc-parameter.key.proof 
90079      DEBUG main            d.u.i.k.p.i.AbstractProblemLoader Environment load took 136.8ns 
90080      INFO  main            d.u.i.k.p.i.AbstractProblemLoader Creating init config 
92978      DEBUG main            d.u.i.k.p.i.AbstractProblemLoader Init config took 2.9s 
93024      INFO  main            d.u.i.k.p.i.AbstractProblemLoader Replaying proof Inc[Inc::inc_parameter(int)].JML normal_behavior operation contract.0 
93054      DEBUG main            d.u.i.k.p.i.IntermediateProofReplayer Proof replay took 24.63ms 
93055      DEBUG main            d.u.i.k.p.r.p.TestFile    ... success: reloaded. 
93056      INFO  main            d.u.i.k.p.r.p.TestFile    Now processing file /home/runner/work/key/key/key.core/../key.ui/examples/standard_key/java_dl/jml-assert/assert-old/inc-parameter-field.key 
93056      INFO  main            d.u.i.k.p.i.AbstractProblemLoader Loading environment from /home/runner/work/key/key/key.core/../key.ui/examples/standard_key/java_dl/jml-assert/assert-old/inc-parameter-field.key 
93056      DEBUG main            d.u.i.k.p.i.AbstractProblemLoader Environment load took 126.4ns 
93058      INFO  main            d.u.i.k.p.i.AbstractProblemLoader Creating init config 
95879      DEBUG main            d.u.i.k.p.i.AbstractProblemLoader Init config took 2.82s 
95922      INFO  main            d.u.i.k.p.i.AbstractProblemLoader Replaying proof Inc[Inc::inc_parameter_field(Inc)].JML normal_behavior operation contract.0 
95924      DEBUG main            d.u.i.k.p.i.IntermediateProofReplayer Proof replay took 7.4ns 
96127      INFO  main            d.u.i.k.p.r.p.TestFile    ... finished proof: closed. 
96412      INFO  main            d.u.i.k.p.i.AbstractProblemLoader Loading environment from /home/runner/work/key/key/key.core/../key.ui/examples/standard_key/java_dl/jml-assert/assert-old/inc-parameter-field.key.proof 
96412      DEBUG main            d.u.i.k.p.i.AbstractProblemLoader Environment load took 126.2ns 
96417      INFO  main            d.u.i.k.p.i.AbstractProblemLoader Creating init config 
99305      DEBUG main            d.u.i.k.p.i.AbstractProblemLoader Init config took 2.89s 
99344      INFO  main            d.u.i.k.p.i.AbstractProblemLoader Replaying proof Inc[Inc::inc_parameter_field(Inc)].JML normal_behavior operation contract.0 
99388      DEBUG main            d.u.i.k.p.i.IntermediateProofReplayer Proof replay took 42.04ms 
99390      DEBUG main            d.u.i.k.p.r.p.TestFile    ... success: reloaded. 
99391      INFO  main            d.u.i.k.p.r.p.TestFile    Now processing file /home/runner/work/key/key/key.core/../key.ui/examples/standard_key/java_dl/jml-assert/assert-old/inc-ghost-field.key 
99391      INFO  main            d.u.i.k.p.i.AbstractProblemLoader Loading environment from /home/runner/work/key/key/key.core/../key.ui/examples/standard_key/java_dl/jml-assert/assert-old/inc-ghost-field.key 
99392      DEBUG main            d.u.i.k.p.i.AbstractProblemLoader Environment load took 646.2ns 
99393      INFO  main            d.u.i.k.p.i.AbstractProblemLoader Creating init config 
102260     DEBUG main            d.u.i.k.p.i.AbstractProblemLoader Init config took 2.87s 
102300     INFO  main            d.u.i.k.p.i.AbstractProblemLoader Replaying proof Inc[Inc::inc_ghost_field()].JML normal_behavior operation contract.0 
102303     DEBUG main            d.u.i.k.p.i.IntermediateProofReplayer Proof replay took 9.8ns 
102505     INFO  main            d.u.i.k.p.r.p.TestFile    ... finished proof: closed. 
102803     INFO  main            d.u.i.k.p.i.AbstractProblemLoader Loading environment from /home/runner/work/key/key/key.core/../key.ui/examples/standard_key/java_dl/jml-assert/assert-old/inc-ghost-field.key.proof 
102803     DEBUG main            d.u.i.k.p.i.AbstractProblemLoader Environment load took 125.8ns 
102804     INFO  main            d.u.i.k.p.i.AbstractProblemLoader Creating init config 
105569     DEBUG main            d.u.i.k.p.i.AbstractProblemLoader Init config took 2.77s 
105608     INFO  main            d.u.i.k.p.i.AbstractProblemLoader Replaying proof Inc[Inc::inc_ghost_field()].JML normal_behavior operation contract.0 
105640     DEBUG main            d.u.i.k.p.i.IntermediateProofReplayer Proof replay took 30.49ms 
105641     DEBUG main            d.u.i.k.p.r.p.TestFile    ... success: reloaded. 
813351     INFO  Test worker     d.u.i.k.p.r.RunAllProofsTestUnit Returning from test jmlAsserts 
813353     INFO  Test worker     d.u.i.k.p.r.RunAllProofsTestUnit Running test javaCard 
376        INFO  Timeout watchdog d.u.i.k.p.r.p.ForkedTestFileRunner Timeout watcher launched (2000 secs.) 
390        WARN  main            d.u.i.k.s.ProofSettings   The settings in /home/runner/.key/proof-settings.props are *not* read. 
422        INFO  main            d.u.i.k.p.r.p.TestFile    Now processing file /home/runner/work/key/key/key.core/../key.ui/examples/heap/javacard/updateBalance0.key 
559        INFO  main            d.u.i.k.p.i.AbstractProblemLoader Loading environment from /home/runner/work/key/key/key.core/../key.ui/examples/heap/javacard/updateBalance0.key 
587        DEBUG main            d.u.i.k.p.i.AbstractProblemLoader Environment load took 2.42ms 
861        INFO  main            d.u.i.k.p.i.AbstractProblemLoader Creating init config 
1899       DEBUG main            d.u.i.k.j.TypeConverter   No LDT found for Meta 
1900       DEBUG main            d.u.i.k.j.TypeConverter   No LDT found for Meta 
1901       DEBUG main            d.u.i.k.j.TypeConverter   No LDT found for Meta 
1906       DEBUG main            d.u.i.k.j.TypeConverter   No LDT found for Meta 
3494       DEBUG main            d.u.i.k.j.TypeConverter   No LDT found for JavaBigintExpression 
7400       DEBUG main            d.u.i.k.p.i.AbstractProblemLoader Init config took 6.54s 
7535       INFO  main            d.u.i.k.p.i.AbstractProblemLoader Replaying proof Examples[Examples::updateBalance(short)].JML normal_behavior operation contract.0 
7580       DEBUG main            d.u.i.k.p.i.IntermediateProofReplayer Proof replay took 34.9ns 
9323       INFO  main            d.u.i.k.p.r.p.TestFile    ... finished proof: closed. 
9453       INFO  main            d.u.i.k.p.i.AbstractProblemLoader Loading environment from /home/runner/work/key/key/key.core/../key.ui/examples/heap/javacard/updateBalance0.key.proof 
9457       DEBUG main            d.u.i.k.p.i.AbstractProblemLoader Environment load took 4.19ms 
9460       INFO  main            d.u.i.k.p.i.AbstractProblemLoader Creating init config 
11495      DEBUG main            d.u.i.k.p.i.AbstractProblemLoader Init config took 2.04s 
11589      INFO  main            d.u.i.k.p.i.AbstractProblemLoader Replaying proof Examples[Examples::updateBalance(short)].JML normal_behavior operation contract.0 
11834      DEBUG main            d.u.i.k.p.i.IntermediateProofReplayer Proof replay took 226.2ms 
11847      DEBUG main            d.u.i.k.p.r.p.TestFile    ... success: reloaded. 
11856      INFO  main            d.u.i.k.p.r.p.TestFile    Now processing file /home/runner/work/key/key/key.core/../key.ui/examples/heap/javacard/updateBalance1.key 
11856      INFO  main            d.u.i.k.p.i.AbstractProblemLoader Loading environment from /home/runner/work/key/key/key.core/../key.ui/examples/heap/javacard/updateBalance1.key 
11856      DEBUG main            d.u.i.k.p.i.AbstractProblemLoader Environment load took 261.2ns 
11859      INFO  main            d.u.i.k.p.i.AbstractProblemLoader Creating init config 
13681      DEBUG main            d.u.i.k.p.i.AbstractProblemLoader Init config took 1.82s 
13734      INFO  main            d.u.i.k.p.i.AbstractProblemLoader Replaying proof Examples[Examples::updateBalance(short)].JML normal_behavior operation contract.1 
13737      DEBUG main            d.u.i.k.p.i.IntermediateProofReplayer Proof replay took 6.6ns 
14341      INFO  main            d.u.i.k.p.r.p.TestFile    ... finished proof: closed. 
14464      INFO  main            d.u.i.k.p.i.AbstractProblemLoader Loading environment from /home/runner/work/key/key/key.core/../key.ui/examples/heap/javacard/updateBalance1.key.proof 
14467      DEBUG main            d.u.i.k.p.i.AbstractProblemLoader Environment load took 2.45ms 
14469      INFO  main            d.u.i.k.p.i.AbstractProblemLoader Creating init config 
16267      DEBUG main            d.u.i.k.p.i.AbstractProblemLoader Init config took 1.8s 
16317      INFO  main            d.u.i.k.p.i.AbstractProblemLoader Replaying proof Examples[Examples::updateBalance(short)].JML normal_behavior operation contract.1 
16441      DEBUG main            d.u.i.k.p.i.IntermediateProofReplayer Proof replay took 119.39ms 
16444      DEBUG main            d.u.i.k.p.r.p.TestFile    ... success: reloaded. 
16446      INFO  main            d.u.i.k.p.r.p.TestFile    Now processing file /home/runner/work/key/key/key.core/../key.ui/examples/heap/javacard/setArray1.key 
16447      INFO  main            d.u.i.k.p.i.AbstractProblemLoader Loading environment from /home/runner/work/key/key/key.core/../key.ui/examples/heap/javacard/setArray1.key 
16447      DEBUG main            d.u.i.k.p.i.AbstractProblemLoader Environment load took 267.9ns 
16449      INFO  main            d.u.i.k.p.i.AbstractProblemLoader Creating init config 
18214      DEBUG main            d.u.i.k.p.i.AbstractProblemLoader Init config took 1.77s 
18270      INFO  main            d.u.i.k.p.i.AbstractProblemLoader Replaying proof Examples[Examples::setArray1([B)].JML normal_behavior operation contract.0 
18272      DEBUG main            d.u.i.k.p.i.IntermediateProofReplayer Proof replay took 6.6ns 
19388      INFO  main            d.u.i.k.p.r.p.TestFile    ... finished proof: closed. 
19553      INFO  main            d.u.i.k.p.i.AbstractProblemLoader Loading environment from /home/runner/work/key/key/key.core/../key.ui/examples/heap/javacard/setArray1.key.proof 
19553      DEBUG main            d.u.i.k.p.i.AbstractProblemLoader Environment load took 570.9ns 
19555      INFO  main            d.u.i.k.p.i.AbstractProblemLoader Creating init config 
21320      DEBUG main            d.u.i.k.p.i.AbstractProblemLoader Init config took 1.76s 
21368      INFO  main            d.u.i.k.p.i.AbstractProblemLoader Replaying proof Examples[Examples::setArray1([B)].JML normal_behavior operation contract.0 
21595      DEBUG main            d.u.i.k.p.i.IntermediateProofReplayer Proof replay took 221.71ms 
21599      DEBUG main            d.u.i.k.p.r.p.TestFile    ... success: reloaded. 
21601      INFO  main            d.u.i.k.p.r.p.TestFile    Now processing file /home/runner/work/key/key/key.core/../key.ui/examples/heap/javacard/setArray2.key 
21602      INFO  main            d.u.i.k.p.i.AbstractProblemLoader Loading environment from /home/runner/work/key/key/key.core/../key.ui/examples/heap/javacard/setArray2.key 
21602      DEBUG main            d.u.i.k.p.i.AbstractProblemLoader Environment load took 259.5ns 
21603      INFO  main            d.u.i.k.p.i.AbstractProblemLoader Creating init config 
23439      DEBUG main            d.u.i.k.p.i.AbstractProblemLoader Init config took 1.84s 
23491      INFO  main            d.u.i.k.p.i.AbstractProblemLoader Replaying proof Examples[Examples::setArray2([B)].JML normal_behavior operation contract.0 
23494      DEBUG main            d.u.i.k.p.i.IntermediateProofReplayer Proof replay took 6.6ns 
24817      INFO  main            d.u.i.k.p.r.p.TestFile    ... finished proof: closed. 
24974      INFO  main            d.u.i.k.p.i.AbstractProblemLoader Loading environment from /home/runner/work/key/key/key.core/../key.ui/examples/heap/javacard/setArray2.key.proof 
24974      DEBUG main            d.u.i.k.p.i.AbstractProblemLoader Environment load took 638.1ns 
24976      INFO  main            d.u.i.k.p.i.AbstractProblemLoader Creating init config 
26712      DEBUG main            d.u.i.k.p.i.AbstractProblemLoader Init config took 1.74s 
26754      INFO  main            d.u.i.k.p.i.AbstractProblemLoader Replaying proof Examples[Examples::setArray2([B)].JML normal_behavior operation contract.0 
26962      DEBUG main            d.u.i.k.p.i.IntermediateProofReplayer Proof replay took 201.64ms 
26964      DEBUG main            d.u.i.k.p.r.p.TestFile    ... success: reloaded. 
26967      INFO  main            d.u.i.k.p.r.p.TestFile    Now processing file /home/runner/work/key/key/key.core/../key.ui/examples/heap/javacard/arrayFillNonAtomic.key 
26967      INFO  main            d.u.i.k.p.i.AbstractProblemLoader Loading environment from /home/runner/work/key/key/key.core/../key.ui/examples/heap/javacard/arrayFillNonAtomic.key 
26968      DEBUG main            d.u.i.k.p.i.AbstractProblemLoader Environment load took 259ns 
26969      INFO  main            d.u.i.k.p.i.AbstractProblemLoader Creating init config 
28753      DEBUG main            d.u.i.k.p.i.AbstractProblemLoader Init config took 1.78s 
28812      INFO  main            d.u.i.k.p.i.AbstractProblemLoader Replaying proof javacard.framework.Util[javacard.framework.Util::arrayFillNonAtomic([B,short,short,byte)].JML behavior operation contract.0.transaction_inactive 
28815      DEBUG main            d.u.i.k.p.i.IntermediateProofReplayer Proof replay took 7.5ns 
29752      DEBUG Thread-13       d.u.i.k.l.o.ProgramSV     Match failed: Former match of  SchemaVariable incompatible with  the current match. 
29752      DEBUG Thread-13       d.u.i.k.l.o.ProgramSV     Match failed: Former match of  SchemaVariable incompatible with  the current match. 
31219      DEBUG Thread-13       d.u.i.k.l.o.ProgramSV     Match failed: Former match of  SchemaVariable incompatible with  the current match. 
31220      DEBUG Thread-13       d.u.i.k.l.o.ProgramSV     Match failed: Former match of  SchemaVariable incompatible with  the current match. 
32953      INFO  main            d.u.i.k.p.r.p.TestFile    ... finished proof: closed. 
33181      INFO  main            d.u.i.k.p.i.AbstractProblemLoader Loading environment from /home/runner/work/key/key/key.core/../key.ui/examples/heap/javacard/arrayFillNonAtomic.key.proof 
33181      DEBUG main            d.u.i.k.p.i.AbstractProblemLoader Environment load took 598.7ns 
33183      INFO  main            d.u.i.k.p.i.AbstractProblemLoader Creating init config 
34811      DEBUG main            d.u.i.k.p.i.AbstractProblemLoader Init config took 1.63s 
34890      INFO  main            d.u.i.k.p.i.AbstractProblemLoader Replaying proof javacard.framework.Util[javacard.framework.Util::arrayFillNonAtomic([B,short,short,byte)].JML behavior operation contract.0.transaction_inactive 
35695      DEBUG main            d.u.i.k.p.i.IntermediateProofReplayer Proof replay took 784.67ms 
35696      DEBUG main            d.u.i.k.p.r.p.TestFile    ... success: reloaded. 
35697      INFO  main            d.u.i.k.p.r.p.TestFile    Now processing file /home/runner/work/key/key/key.core/../key.ui/examples/heap/coincidence_count/project.key 
35698      INFO  main            d.u.i.k.p.i.AbstractProblemLoader Loading environment from /home/runner/work/key/key/key.core/../key.ui/examples/heap/coincidence_count/project.key 
35698      DEBUG main            d.u.i.k.p.i.AbstractProblemLoader Environment load took 239.8ns 
35700      INFO  main            d.u.i.k.p.i.AbstractProblemLoader Creating init config 
39639      DEBUG main            d.u.i.k.p.i.AbstractProblemLoader Init config took 3.94s 
39745      INFO  main            d.u.i.k.p.i.AbstractProblemLoader Replaying proof CC[CC::calcCoinIndex([I,[I)].JML normal_behavior operation contract.0 
39749      DEBUG main            d.u.i.k.p.i.IntermediateProofReplayer Proof replay took 7.3ns 
59561      INFO  main            d.u.i.k.p.r.p.TestFile    ... finished proof: closed. 
59900      INFO  main            d.u.i.k.p.i.AbstractProblemLoader Loading environment from /home/runner/work/key/key/key.core/../key.ui/examples/heap/coincidence_count/project.key.proof 
59901      DEBUG main            d.u.i.k.p.i.AbstractProblemLoader Environment load took 612.5ns 
59905      INFO  main            d.u.i.k.p.i.AbstractProblemLoader Creating init config 
62793      DEBUG main            d.u.i.k.p.i.AbstractProblemLoader Init config took 2.89s 
62848      INFO  main            d.u.i.k.p.i.AbstractProblemLoader Replaying proof CC[CC::calcCoinIndex([I,[I)].JML normal_behavior operation contract.0 
63747      DEBUG main            d.u.i.k.p.i.IntermediateProofReplayer Proof replay took 824.68ms 
63751      DEBUG main            d.u.i.k.p.r.p.TestFile    ... success: reloaded. 
63752      INFO  main            d.u.i.k.p.r.p.TestFile    Now processing file /home/runner/work/key/key/key.core/../key.ui/examples/heap/verifyThis11_1_Maximum/project.key 
63753      INFO  main            d.u.i.k.p.i.AbstractProblemLoader Loading environment from /home/runner/work/key/key/key.core/../key.ui/examples/heap/verifyThis11_1_Maximum/project.key 
63753      DEBUG main            d.u.i.k.p.i.AbstractProblemLoader Environment load took 276.2ns 
63754      INFO  main            d.u.i.k.p.i.AbstractProblemLoader Creating init config 
66743      DEBUG main            d.u.i.k.p.i.AbstractProblemLoader Init config took 2.99s 
66789      INFO  main            d.u.i.k.p.i.AbstractProblemLoader Replaying proof Maximum[Maximum::maxIndex([I)].JML normal_behavior operation contract.0 
66791      DEBUG main            d.u.i.k.p.i.IntermediateProofReplayer Proof replay took 7.3ns 
67822      INFO  main            d.u.i.k.p.r.p.TestFile    ... finished proof: closed. 
68238      INFO  main            d.u.i.k.p.i.AbstractProblemLoader Loading environment from /home/runner/work/key/key/key.core/../key.ui/examples/heap/verifyThis11_1_Maximum/project.key.proof 
68238      DEBUG main            d.u.i.k.p.i.AbstractProblemLoader Environment load took 288.2ns 
68240      INFO  main            d.u.i.k.p.i.AbstractProblemLoader Creating init config 
70983      DEBUG main            d.u.i.k.p.i.AbstractProblemLoader Init config took 2.74s 
71029      INFO  main            d.u.i.k.p.i.AbstractProblemLoader Replaying proof Maximum[Maximum::maxIndex([I)].JML normal_behavior operation contract.0 
71181      DEBUG main            d.u.i.k.p.i.IntermediateProofReplayer Proof replay took 143.39ms 
71182      DEBUG main            d.u.i.k.p.r.p.TestFile    ... success: reloaded. 
71183      INFO  main            d.u.i.k.p.r.p.TestFile    Now processing file /home/runner/work/key/key/key.core/../key.ui/examples/heap/fm12_01_LRS/lcp.key 
71183      INFO  main            d.u.i.k.p.i.AbstractProblemLoader Loading environment from /home/runner/work/key/key/key.core/../key.ui/examples/heap/fm12_01_LRS/lcp.key 
71183      DEBUG main            d.u.i.k.p.i.AbstractProblemLoader Environment load took 211.4ns 
71184      INFO  main            d.u.i.k.p.i.AbstractProblemLoader Creating init config 
74803      DEBUG main            d.u.i.k.p.i.AbstractProblemLoader Init config took 3.62s 
74864      INFO  main            d.u.i.k.p.i.AbstractProblemLoader Replaying proof LCP[LCP::lcp([I,int,int)].JML normal_behavior operation contract.0 
74867      DEBUG main            d.u.i.k.p.i.IntermediateProofReplayer Proof replay took 6.1ns 
75872      INFO  main            d.u.i.k.p.r.p.TestFile    ... finished proof: closed. 
76205      INFO  main            d.u.i.k.p.i.AbstractProblemLoader Loading environment from /home/runner/work/key/key/key.core/../key.ui/examples/heap/fm12_01_LRS/lcp.key.proof 
76207      DEBUG main            d.u.i.k.p.i.AbstractProblemLoader Environment load took 1.68ms 
76208      INFO  main            d.u.i.k.p.i.AbstractProblemLoader Creating init config 
79526      DEBUG main            d.u.i.k.p.i.AbstractProblemLoader Init config took 3.32s 
79591      INFO  main            d.u.i.k.p.i.AbstractProblemLoader Replaying proof LCP[LCP::lcp([I,int,int)].JML normal_behavior operation contract.0 
79769      DEBUG main            d.u.i.k.p.i.IntermediateProofReplayer Proof replay took 171.08ms 
79771      DEBUG main            d.u.i.k.p.r.p.TestFile    ... success: reloaded. 
79772      INFO  main            d.u.i.k.p.r.p.TestFile    Now processing file /home/runner/work/key/key/key.core/../key.ui/examples/heap/SemanticSlicing/project.key 
79773      INFO  main            d.u.i.k.p.i.AbstractProblemLoader Loading environment from /home/runner/work/key/key/key.core/../key.ui/examples/heap/SemanticSlicing/project.key 
79773      DEBUG main            d.u.i.k.p.i.AbstractProblemLoader Environment load took 253ns 
79774      INFO  main            d.u.i.k.p.i.AbstractProblemLoader Creating init config 
82694      DEBUG main            d.u.i.k.p.i.AbstractProblemLoader Init config took 2.92s 
82750      INFO  main            d.u.i.k.p.i.AbstractProblemLoader Replaying proof unsatcore_after.competition.postcond5.scope333.LRS[unsatcore_after.competition.postcond5.scope333.LRS::doLRS()].JML operation contract.0 
82752      DEBUG main            d.u.i.k.p.i.IntermediateProofReplayer Proof replay took 5.9ns 
87072      INFO  main            d.u.i.k.p.r.p.TestFile    ... finished proof: closed. 
87430      INFO  main            d.u.i.k.p.i.AbstractProblemLoader Loading environment from /home/runner/work/key/key/key.core/../key.ui/examples/heap/SemanticSlicing/project.key.proof 
87430      DEBUG main            d.u.i.k.p.i.AbstractProblemLoader Environment load took 631.1ns 
87433      INFO  main            d.u.i.k.p.i.AbstractProblemLoader Creating init config 
90396      DEBUG main            d.u.i.k.p.i.AbstractProblemLoader Init config took 2.96s 
90466      INFO  main            d.u.i.k.p.i.AbstractProblemLoader Replaying proof unsatcore_after.competition.postcond5.scope333.LRS[unsatcore_after.competition.postcond5.scope333.LRS::doLRS()].JML operation contract.0 
91190      DEBUG main            d.u.i.k.p.i.IntermediateProofReplayer Proof replay took 707.51ms 
91191      DEBUG main            d.u.i.k.p.r.p.TestFile    ... success: reloaded. 
91194      INFO  main            d.u.i.k.p.r.p.TestFile    Now processing file /home/runner/work/key/key/key.core/../key.ui/examples/heap/information_flow/ArrayList_contains.key 
91194      INFO  main            d.u.i.k.p.i.AbstractProblemLoader Loading environment from /home/runner/work/key/key/key.core/../key.ui/examples/heap/information_flow/ArrayList_contains.key 
91194      DEBUG main            d.u.i.k.p.i.AbstractProblemLoader Environment load took 127.6ns 
91196      INFO  main            d.u.i.k.p.i.AbstractProblemLoader Creating init config 
94409      DEBUG main            d.u.i.k.p.i.AbstractProblemLoader Init config took 3.21s 
94449      INFO  main            d.u.i.k.p.i.AbstractProblemLoader Replaying proof ArrayList[ArrayList::get(int)].JML normal_behavior operation contract.0 
94450      DEBUG main            d.u.i.k.p.i.IntermediateProofReplayer Proof replay took 7.2ns 
94854      INFO  main            d.u.i.k.p.r.p.TestFile    ... finished proof: closed. 
95160      INFO  main            d.u.i.k.p.i.AbstractProblemLoader Loading environment from /home/runner/work/key/key/key.core/../key.ui/examples/heap/information_flow/ArrayList_contains.key.proof 
95162      DEBUG main            d.u.i.k.p.i.AbstractProblemLoader Environment load took 1.9ms 
95164      INFO  main            d.u.i.k.p.i.AbstractProblemLoader Creating init config 
98250      DEBUG main            d.u.i.k.p.i.AbstractProblemLoader Init config took 3.09s 
98297      INFO  main            d.u.i.k.p.i.AbstractProblemLoader Replaying proof ArrayList[ArrayList::get(int)].JML normal_behavior operation contract.0 
98355      DEBUG main            d.u.i.k.p.i.IntermediateProofReplayer Proof replay took 54.38ms 
98356      DEBUG main            d.u.i.k.p.r.p.TestFile    ... success: reloaded. 
98357      INFO  main            d.u.i.k.p.r.p.TestFile    Now processing file /home/runner/work/key/key/key.core/../key.ui/examples/heap/information_flow/ArrayList_get.key 
98358      INFO  main            d.u.i.k.p.i.AbstractProblemLoader Loading environment from /home/runner/work/key/key/key.core/../key.ui/examples/heap/information_flow/ArrayList_get.key 
98358      DEBUG main            d.u.i.k.p.i.AbstractProblemLoader Environment load took 138.1ns 
98359      INFO  main            d.u.i.k.p.i.AbstractProblemLoader Creating init config 
101582     DEBUG main            d.u.i.k.p.i.AbstractProblemLoader Init config took 3.22s 
101670     INFO  main            d.u.i.k.p.i.AbstractProblemLoader Replaying proof ArrayList[ArrayList::contains(java.lang.Object)].JML normal_behavior operation contract.0 
101671     DEBUG main            d.u.i.k.p.i.IntermediateProofReplayer Proof replay took 6.7ns 
102677     INFO  main            d.u.i.k.p.r.p.TestFile    ... finished proof: closed. 
102997     INFO  main            d.u.i.k.p.i.AbstractProblemLoader Loading environment from /home/runner/work/key/key/key.core/../key.ui/examples/heap/information_flow/ArrayList_get.key.proof 
102997     DEBUG main            d.u.i.k.p.i.AbstractProblemLoader Environment load took 645.6ns 
102999     INFO  main            d.u.i.k.p.i.AbstractProblemLoader Creating init config 
105975     DEBUG main            d.u.i.k.p.i.AbstractProblemLoader Init config took 2.98s 
106018     INFO  main            d.u.i.k.p.i.AbstractProblemLoader Replaying proof ArrayList[ArrayList::contains(java.lang.Object)].JML normal_behavior operation contract.0 
106161     DEBUG main            d.u.i.k.p.i.IntermediateProofReplayer Proof replay took 137.18ms 
106163     DEBUG main            d.u.i.k.p.r.p.TestFile    ... success: reloaded. 
106164     INFO  main            d.u.i.k.p.r.p.TestFile    Now processing file /home/runner/work/key/key/key.core/../key.ui/examples/heap/information_flow/ArrayList_size.key 
106165     INFO  main            d.u.i.k.p.i.AbstractProblemLoader Loading environment from /home/runner/work/key/key/key.core/../key.ui/examples/heap/information_flow/ArrayList_size.key 
106166     DEBUG main            d.u.i.k.p.i.AbstractProblemLoader Environment load took 368.3ns 
106167     INFO  main            d.u.i.k.p.i.AbstractProblemLoader Creating init config 
109244     DEBUG main            d.u.i.k.p.i.AbstractProblemLoader Init config took 3.08s 
109292     INFO  main            d.u.i.k.p.i.AbstractProblemLoader Replaying proof ArrayList[ArrayList::size()].JML normal_behavior operation contract.0 
109294     DEBUG main            d.u.i.k.p.i.IntermediateProofReplayer Proof replay took 88.1ns 
109396     INFO  main            d.u.i.k.p.r.p.TestFile    ... finished proof: closed. 
109710     INFO  main            d.u.i.k.p.i.AbstractProblemLoader Loading environment from /home/runner/work/key/key/key.core/../key.ui/examples/heap/information_flow/ArrayList_size.key.proof 
109711     DEBUG main            d.u.i.k.p.i.AbstractProblemLoader Environment load took 125.1ns 
109712     INFO  main            d.u.i.k.p.i.AbstractProblemLoader Creating init config 
112961     DEBUG main            d.u.i.k.p.i.AbstractProblemLoader Init config took 3.25s 
113001     INFO  main            d.u.i.k.p.i.AbstractProblemLoader Replaying proof ArrayList[ArrayList::size()].JML normal_behavior operation contract.0 
113017     DEBUG main            d.u.i.k.p.i.IntermediateProofReplayer Proof replay took 12.99ms 
113018     DEBUG main            d.u.i.k.p.r.p.TestFile    ... success: reloaded. 
113019     INFO  main            d.u.i.k.p.r.p.TestFile    Now processing file /home/runner/work/key/key/key.core/../key.ui/examples/heap/information_flow/UpdateAbstraction_ex7_3_secure.key 
113020     INFO  main            d.u.i.k.p.i.AbstractProblemLoader Loading environment from /home/runner/work/key/key/key.core/../key.ui/examples/heap/information_flow/UpdateAbstraction_ex7_3_secure.key 
113020     DEBUG main            d.u.i.k.p.i.AbstractProblemLoader Environment load took 271.9ns 
113021     INFO  main            d.u.i.k.p.i.AbstractProblemLoader Creating init config 
115994     DEBUG main            d.u.i.k.p.i.AbstractProblemLoader Init config took 2.97s 
116033     INFO  main            d.u.i.k.p.i.AbstractProblemLoader Replaying proof UpdateAbstraction[UpdateAbstraction::ex7_3_secure()].JML operation contract.0 
116034     DEBUG main            d.u.i.k.p.i.IntermediateProofReplayer Proof replay took 20.5ns 
116236     INFO  main            d.u.i.k.p.r.p.TestFile    ... finished proof: closed. 
116567     INFO  main            d.u.i.k.p.i.AbstractProblemLoader Loading environment from /home/runner/work/key/key/key.core/../key.ui/examples/heap/information_flow/UpdateAbstraction_ex7_3_secure.key.proof 
116567     DEBUG main            d.u.i.k.p.i.AbstractProblemLoader Environment load took 130.8ns 
116568     INFO  main            d.u.i.k.p.i.AbstractProblemLoader Creating init config 
119602     DEBUG main            d.u.i.k.p.i.AbstractProblemLoader Init config took 3.03s 
119640     INFO  main            d.u.i.k.p.i.AbstractProblemLoader Replaying proof UpdateAbstraction[UpdateAbstraction::ex7_3_secure()].JML operation contract.0 
119669     DEBUG main            d.u.i.k.p.i.IntermediateProofReplayer Proof replay took 26.98ms 
119670     DEBUG main            d.u.i.k.p.r.p.TestFile    ... success: reloaded. 
119671     INFO  main            d.u.i.k.p.r.p.TestFile    Now processing file /home/runner/work/key/key/key.core/../key.ui/examples/heap/information_flow/UpdateAbstraction_ex7_4_secure.key 
119672     INFO  main            d.u.i.k.p.i.AbstractProblemLoader Loading environment from /home/runner/work/key/key/key.core/../key.ui/examples/heap/information_flow/UpdateAbstraction_ex7_4_secure.key 
119672     DEBUG main            d.u.i.k.p.i.AbstractProblemLoader Environment load took 111.2ns 
119672     INFO  main            d.u.i.k.p.i.AbstractProblemLoader Creating init config 
122718     DEBUG main            d.u.i.k.p.i.AbstractProblemLoader Init config took 3.05s 
122758     INFO  main            d.u.i.k.p.i.AbstractProblemLoader Replaying proof UpdateAbstraction[UpdateAbstraction::ex7_4_secure()].JML operation contract.0 
122760     DEBUG main            d.u.i.k.p.i.IntermediateProofReplayer Proof replay took 6.2ns 
122962     INFO  main            d.u.i.k.p.r.p.TestFile    ... finished proof: closed. 
123312     INFO  main            d.u.i.k.p.i.AbstractProblemLoader Loading environment from /home/runner/work/key/key/key.core/../key.ui/examples/heap/information_flow/UpdateAbstraction_ex7_4_secure.key.proof 
123312     DEBUG main            d.u.i.k.p.i.AbstractProblemLoader Environment load took 182.6ns 
123314     INFO  main            d.u.i.k.p.i.AbstractProblemLoader Creating init config 
126336     DEBUG main            d.u.i.k.p.i.AbstractProblemLoader Init config took 3.02s 
126374     INFO  main            d.u.i.k.p.i.AbstractProblemLoader Replaying proof UpdateAbstraction[UpdateAbstraction::ex7_4_secure()].JML operation contract.0 
126420     DEBUG main            d.u.i.k.p.i.IntermediateProofReplayer Proof replay took 43.09ms 
126421     DEBUG main            d.u.i.k.p.r.p.TestFile    ... success: reloaded. 
126422     INFO  main            d.u.i.k.p.r.p.TestFile    Now processing file /home/runner/work/key/key/key.core/../key.ui/examples/heap/information_flow/UpdateAbstraction_ex7_5_secure.key 
126422     INFO  main            d.u.i.k.p.i.AbstractProblemLoader Loading environment from /home/runner/work/key/key/key.core/../key.ui/examples/heap/information_flow/UpdateAbstraction_ex7_5_secure.key 
126422     DEBUG main            d.u.i.k.p.i.AbstractProblemLoader Environment load took 143.9ns 
126423     INFO  main            d.u.i.k.p.i.AbstractProblemLoader Creating init config 
129497     DEBUG main            d.u.i.k.p.i.AbstractProblemLoader Init config took 3.07s 
129536     INFO  main            d.u.i.k.p.i.AbstractProblemLoader Replaying proof UpdateAbstraction[UpdateAbstraction::ex7_5_secure()].JML operation contract.0 
129538     DEBUG main            d.u.i.k.p.i.IntermediateProofReplayer Proof replay took 6ns 
129642     INFO  main            d.u.i.k.p.r.p.TestFile    ... finished proof: closed. 
129970     INFO  main            d.u.i.k.p.i.AbstractProblemLoader Loading environment from /home/runner/work/key/key/key.core/../key.ui/examples/heap/information_flow/UpdateAbstraction_ex7_5_secure.key.proof 
129971     DEBUG main            d.u.i.k.p.i.AbstractProblemLoader Environment load took 185.7ns 
129972     INFO  main            d.u.i.k.p.i.AbstractProblemLoader Creating init config 
133017     DEBUG main            d.u.i.k.p.i.AbstractProblemLoader Init config took 3.05s 
133057     INFO  main            d.u.i.k.p.i.AbstractProblemLoader Replaying proof UpdateAbstraction[UpdateAbstraction::ex7_5_secure()].JML operation contract.0 
133077     DEBUG main            d.u.i.k.p.i.IntermediateProofReplayer Proof replay took 17.65ms 
133078     DEBUG main            d.u.i.k.p.r.p.TestFile    ... success: reloaded. 
133078     INFO  main            d.u.i.k.p.r.p.TestFile    Now processing file /home/runner/work/key/key/key.core/../key.ui/examples/heap/information_flow/UpdateAbstraction_ex7_6_secure.key 
133079     INFO  main            d.u.i.k.p.i.AbstractProblemLoader Loading environment from /home/runner/work/key/key/key.core/../key.ui/examples/heap/information_flow/UpdateAbstraction_ex7_6_secure.key 
133079     DEBUG main            d.u.i.k.p.i.AbstractProblemLoader Environment load took 77.6ns 
133080     INFO  main            d.u.i.k.p.i.AbstractProblemLoader Creating init config 
136207     DEBUG main            d.u.i.k.p.i.AbstractProblemLoader Init config took 3.13s 
136247     INFO  main            d.u.i.k.p.i.AbstractProblemLoader Replaying proof UpdateAbstraction[UpdateAbstraction::ex7_6_secure()].JML operation contract.0 
136249     DEBUG main            d.u.i.k.p.i.IntermediateProofReplayer Proof replay took 7.4ns 
136551     INFO  main            d.u.i.k.p.r.p.TestFile    ... finished proof: closed. 
136890     INFO  main            d.u.i.k.p.i.AbstractProblemLoader Loading environment from /home/runner/work/key/key/key.core/../key.ui/examples/heap/information_flow/UpdateAbstraction_ex7_6_secure.key.proof 
136890     DEBUG main            d.u.i.k.p.i.AbstractProblemLoader Environment load took 141.8ns 
136891     INFO  main            d.u.i.k.p.i.AbstractProblemLoader Creating init config 
139723     DEBUG main            d.u.i.k.p.i.AbstractProblemLoader Init config took 2.83s 
139763     INFO  main            d.u.i.k.p.i.AbstractProblemLoader Replaying proof UpdateAbstraction[UpdateAbstraction::ex7_6_secure()].JML operation contract.0 
139830     DEBUG main            d.u.i.k.p.i.IntermediateProofReplayer Proof replay took 63.47ms 
139831     DEBUG main            d.u.i.k.p.r.p.TestFile    ... success: reloaded. 
139831     INFO  main            d.u.i.k.p.r.p.TestFile    Now processing file /home/runner/work/key/key/key.core/../key.ui/examples/heap/information_flow/UpdateAbstraction_ex9_secure.key 
139832     INFO  main            d.u.i.k.p.i.AbstractProblemLoader Loading environment from /home/runner/work/key/key/key.core/../key.ui/examples/heap/information_flow/UpdateAbstraction_ex9_secure.key 
139832     DEBUG main            d.u.i.k.p.i.AbstractProblemLoader Environment load took 201.8ns 
139833     INFO  main            d.u.i.k.p.i.AbstractProblemLoader Creating init config 
142694     DEBUG main            d.u.i.k.p.i.AbstractProblemLoader Init config took 2.86s 
142734     INFO  main            d.u.i.k.p.i.AbstractProblemLoader Replaying proof UpdateAbstraction[UpdateAbstraction::ex9_secure()].JML operation contract.0 
142736     DEBUG main            d.u.i.k.p.i.IntermediateProofReplayer Proof replay took 24.9ns 
143847     INFO  main            d.u.i.k.p.r.p.TestFile    ... finished proof: closed. 
144199     INFO  main            d.u.i.k.p.i.AbstractProblemLoader Loading environment from /home/runner/work/key/key/key.core/../key.ui/examples/heap/information_flow/UpdateAbstraction_ex9_secure.key.proof 
144199     DEBUG main            d.u.i.k.p.i.AbstractProblemLoader Environment load took 121.2ns 
144201     INFO  main            d.u.i.k.p.i.AbstractProblemLoader Creating init config 
147045     DEBUG main            d.u.i.k.p.i.AbstractProblemLoader Init config took 2.84s 
147084     INFO  main            d.u.i.k.p.i.AbstractProblemLoader Replaying proof UpdateAbstraction[UpdateAbstraction::ex9_secure()].JML operation contract.0 
147283     DEBUG main            d.u.i.k.p.i.IntermediateProofReplayer Proof replay took 194.93ms 
147284     DEBUG main            d.u.i.k.p.r.p.TestFile    ... success: reloaded. 
960838     INFO  Test worker     d.u.i.k.p.r.RunAllProofsTestUnit Returning from test javaCard 
960840     INFO  Test worker     d.u.i.k.p.r.RunAllProofsTestUnit Running test list 
419        INFO  Timeout watchdog d.u.i.k.p.r.p.ForkedTestFileRunner Timeout watcher launched (2000 secs.) 
431        WARN  main            d.u.i.k.s.ProofSettings   The settings in /home/runner/.key/proof-settings.props are *not* read. 
460        INFO  main            d.u.i.k.p.r.p.TestFile    Now processing file /home/runner/work/key/key/key.core/../key.ui/examples/heap/list/ArrayList_add.key 
578        INFO  main            d.u.i.k.p.i.AbstractProblemLoader Loading environment from /home/runner/work/key/key/key.core/../key.ui/examples/heap/list/ArrayList_add.key 
605        DEBUG main            d.u.i.k.p.i.AbstractProblemLoader Environment load took 1.76ms 
883        INFO  main            d.u.i.k.p.i.AbstractProblemLoader Creating init config 
1825       DEBUG main            d.u.i.k.j.TypeConverter   No LDT found for Meta 
1826       DEBUG main            d.u.i.k.j.TypeConverter   No LDT found for Meta 
1828       DEBUG main            d.u.i.k.j.TypeConverter   No LDT found for Meta 
1828       DEBUG main            d.u.i.k.j.TypeConverter   No LDT found for Meta 
3286       DEBUG main            d.u.i.k.j.TypeConverter   No LDT found for JavaBigintExpression 
7048       DEBUG main            d.u.i.k.j.r.ClassPreparationMethodBuilder clPrepBuilder: Inner Class detected. Reject building class initialisation methods. 
10171      DEBUG main            d.u.i.k.p.i.AbstractProblemLoader Init config took 9.29s 
10411      INFO  main            d.u.i.k.p.i.AbstractProblemLoader Replaying proof ArrayList[List::add(java.lang.Object)].JML normal_behavior operation contract.0 
10506      DEBUG main            d.u.i.k.p.i.IntermediateProofReplayer Proof replay took 45.9ns 
16988      INFO  main            d.u.i.k.p.r.p.TestFile    ... finished proof: closed. 
17220      INFO  main            d.u.i.k.p.i.AbstractProblemLoader Loading environment from /home/runner/work/key/key/key.core/../key.ui/examples/heap/list/ArrayList_add.key.proof 
17220      DEBUG main            d.u.i.k.p.i.AbstractProblemLoader Environment load took 279.3ns 
17225      INFO  main            d.u.i.k.p.i.AbstractProblemLoader Creating init config 
18553      DEBUG main            d.u.i.k.j.r.ClassPreparationMethodBuilder clPrepBuilder: Inner Class detected. Reject building class initialisation methods. 
21240      DEBUG main            d.u.i.k.p.i.AbstractProblemLoader Init config took 4.02s 
21338      INFO  main            d.u.i.k.p.i.AbstractProblemLoader Replaying proof ArrayList[List::add(java.lang.Object)].JML normal_behavior operation contract.0 
22020      DEBUG main            d.u.i.k.p.i.IntermediateProofReplayer Proof replay took 651.89ms 
22029      DEBUG main            d.u.i.k.p.r.p.TestFile    ... success: reloaded. 
22031      INFO  main            d.u.i.k.p.r.p.TestFile    Now processing file /home/runner/work/key/key/key.core/../key.ui/examples/heap/list/ArrayList_ArrayList.key 
22031      INFO  main            d.u.i.k.p.i.AbstractProblemLoader Loading environment from /home/runner/work/key/key/key.core/../key.ui/examples/heap/list/ArrayList_ArrayList.key 
22032      DEBUG main            d.u.i.k.p.i.AbstractProblemLoader Environment load took 282.9ns 
22033      INFO  main            d.u.i.k.p.i.AbstractProblemLoader Creating init config 
23296      DEBUG main            d.u.i.k.j.r.ClassPreparationMethodBuilder clPrepBuilder: Inner Class detected. Reject building class initialisation methods. 
25949      DEBUG main            d.u.i.k.p.i.AbstractProblemLoader Init config took 3.92s 
26025      INFO  main            d.u.i.k.p.i.AbstractProblemLoader Replaying proof ArrayList[ArrayList::ArrayList()].JML normal_behavior operation contract.0 
26028      DEBUG main            d.u.i.k.p.i.IntermediateProofReplayer Proof replay took 6.5ns 
27653      INFO  main            d.u.i.k.p.r.p.TestFile    ... finished proof: closed. 
27868      INFO  main            d.u.i.k.p.i.AbstractProblemLoader Loading environment from /home/runner/work/key/key/key.core/../key.ui/examples/heap/list/ArrayList_ArrayList.key.proof 
27869      DEBUG main            d.u.i.k.p.i.AbstractProblemLoader Environment load took 598.9ns 
27872      INFO  main            d.u.i.k.p.i.AbstractProblemLoader Creating init config 
29100      DEBUG main            d.u.i.k.j.r.ClassPreparationMethodBuilder clPrepBuilder: Inner Class detected. Reject building class initialisation methods. 
31710      DEBUG main            d.u.i.k.p.i.AbstractProblemLoader Init config took 3.84s 
31782      INFO  main            d.u.i.k.p.i.AbstractProblemLoader Replaying proof ArrayList[ArrayList::ArrayList()].JML normal_behavior operation contract.0 
32001      DEBUG main            d.u.i.k.p.i.IntermediateProofReplayer Proof replay took 208.3ms 
32003      DEBUG main            d.u.i.k.p.r.p.TestFile    ... success: reloaded. 
32004      INFO  main            d.u.i.k.p.r.p.TestFile    Now processing file /home/runner/work/key/key/key.core/../key.ui/examples/heap/list/ArrayList_concatenate.key 
32005      INFO  main            d.u.i.k.p.i.AbstractProblemLoader Loading environment from /home/runner/work/key/key/key.core/../key.ui/examples/heap/list/ArrayList_concatenate.key 
32005      DEBUG main            d.u.i.k.p.i.AbstractProblemLoader Environment load took 311.4ns 
32007      INFO  main            d.u.i.k.p.i.AbstractProblemLoader Creating init config 
33161      DEBUG main            d.u.i.k.j.r.ClassPreparationMethodBuilder clPrepBuilder: Inner Class detected. Reject building class initialisation methods. 
35737      DEBUG main            d.u.i.k.p.i.AbstractProblemLoader Init config took 3.73s 
35803      INFO  main            d.u.i.k.p.i.AbstractProblemLoader Replaying proof ArrayList[List::concatenate(List)].JML normal_behavior operation contract.0 
35806      DEBUG main            d.u.i.k.p.i.IntermediateProofReplayer Proof replay took 5.8ns 
62427      INFO  main            d.u.i.k.p.r.p.TestFile    ... finished proof: closed. 
62728      INFO  main            d.u.i.k.p.i.AbstractProblemLoader Loading environment from /home/runner/work/key/key/key.core/../key.ui/examples/heap/list/ArrayList_concatenate.key.proof 
62728      DEBUG main            d.u.i.k.p.i.AbstractProblemLoader Environment load took 618.3ns 
62736      INFO  main            d.u.i.k.p.i.AbstractProblemLoader Creating init config 
63851      DEBUG main            d.u.i.k.j.r.ClassPreparationMethodBuilder clPrepBuilder: Inner Class detected. Reject building class initialisation methods. 
66261      DEBUG main            d.u.i.k.p.i.AbstractProblemLoader Init config took 3.53s 
66346      INFO  main            d.u.i.k.p.i.AbstractProblemLoader Replaying proof ArrayList[List::concatenate(List)].JML normal_behavior operation contract.0 
68267      DEBUG main            d.u.i.k.p.i.IntermediateProofReplayer Proof replay took 1.86s 
68271      DEBUG main            d.u.i.k.p.r.p.TestFile    ... success: reloaded. 
68273      INFO  main            d.u.i.k.p.r.p.TestFile    Now processing file /home/runner/work/key/key/key.core/../key.ui/examples/heap/list/ArrayList_contains_dep.key 
68273      INFO  main            d.u.i.k.p.i.AbstractProblemLoader Loading environment from /home/runner/work/key/key/key.core/../key.ui/examples/heap/list/ArrayList_contains_dep.key 
68273      DEBUG main            d.u.i.k.p.i.AbstractProblemLoader Environment load took 138.6ns 
68275      INFO  main            d.u.i.k.p.i.AbstractProblemLoader Creating init config 
69457      DEBUG main            d.u.i.k.j.r.ClassPreparationMethodBuilder clPrepBuilder: Inner Class detected. Reject building class initialisation methods. 
71992      DEBUG main            d.u.i.k.p.i.AbstractProblemLoader Init config took 3.72s 
72079      INFO  main            d.u.i.k.p.i.AbstractProblemLoader Replaying proof ArrayList[List::contains(java.lang.Object)].JML accessible clause.0 
72083      DEBUG main            d.u.i.k.p.i.IntermediateProofReplayer Proof replay took 5.8ns 
75396      INFO  main            d.u.i.k.p.r.p.TestFile    ... finished proof: closed. 
75642      INFO  main            d.u.i.k.p.i.AbstractProblemLoader Loading environment from /home/runner/work/key/key/key.core/../key.ui/examples/heap/list/ArrayList_contains_dep.key.proof 
75642      DEBUG main            d.u.i.k.p.i.AbstractProblemLoader Environment load took 151ns 
75644      INFO  main            d.u.i.k.p.i.AbstractProblemLoader Creating init config 
76790      DEBUG main            d.u.i.k.j.r.ClassPreparationMethodBuilder clPrepBuilder: Inner Class detected. Reject building class initialisation methods. 
79188      DEBUG main            d.u.i.k.p.i.AbstractProblemLoader Init config took 3.54s 
79249      INFO  main            d.u.i.k.p.i.AbstractProblemLoader Replaying proof ArrayList[List::contains(java.lang.Object)].JML accessible clause.0 
79675      DEBUG main            d.u.i.k.p.i.IntermediateProofReplayer Proof replay took 415.75ms 
79677      DEBUG main            d.u.i.k.p.r.p.TestFile    ... success: reloaded. 
79679      INFO  main            d.u.i.k.p.r.p.TestFile    Now processing file /home/runner/work/key/key/key.core/../key.ui/examples/heap/list/ArrayList_enlarge.key 
79679      INFO  main            d.u.i.k.p.i.AbstractProblemLoader Loading environment from /home/runner/work/key/key/key.core/../key.ui/examples/heap/list/ArrayList_enlarge.key 
79679      DEBUG main            d.u.i.k.p.i.AbstractProblemLoader Environment load took 173ns 
79680      INFO  main            d.u.i.k.p.i.AbstractProblemLoader Creating init config 
80837      DEBUG main            d.u.i.k.j.r.ClassPreparationMethodBuilder clPrepBuilder: Inner Class detected. Reject building class initialisation methods. 
83256      DEBUG main            d.u.i.k.p.i.AbstractProblemLoader Init config took 3.58s 
83323      INFO  main            d.u.i.k.p.i.AbstractProblemLoader Replaying proof ArrayList[ArrayList::enlarge()].JML normal_behavior operation contract.0 
83326      DEBUG main            d.u.i.k.p.i.IntermediateProofReplayer Proof replay took 6.2ns 
86035      INFO  main            d.u.i.k.p.r.p.TestFile    ... finished proof: closed. 
86264      INFO  main            d.u.i.k.p.i.AbstractProblemLoader Loading environment from /home/runner/work/key/key/key.core/../key.ui/examples/heap/list/ArrayList_enlarge.key.proof 
86265      DEBUG main            d.u.i.k.p.i.AbstractProblemLoader Environment load took 901.9ns 
86267      INFO  main            d.u.i.k.p.i.AbstractProblemLoader Creating init config 
87361      DEBUG main            d.u.i.k.j.r.ClassPreparationMethodBuilder clPrepBuilder: Inner Class detected. Reject building class initialisation methods. 
89837      DEBUG main            d.u.i.k.p.i.AbstractProblemLoader Init config took 3.57s 
89895      INFO  main            d.u.i.k.p.i.AbstractProblemLoader Replaying proof ArrayList[ArrayList::enlarge()].JML normal_behavior operation contract.0 
90259      DEBUG main            d.u.i.k.p.i.IntermediateProofReplayer Proof replay took 325.6ms 
90261      DEBUG main            d.u.i.k.p.r.p.TestFile    ... success: reloaded. 
90263      INFO  main            d.u.i.k.p.r.p.TestFile    Now processing file /home/runner/work/key/key/key.core/../key.ui/examples/heap/list/ArrayList_footprint.key 
90263      INFO  main            d.u.i.k.p.i.AbstractProblemLoader Loading environment from /home/runner/work/key/key/key.core/../key.ui/examples/heap/list/ArrayList_footprint.key 
90263      DEBUG main            d.u.i.k.p.i.AbstractProblemLoader Environment load took 324.4ns 
90264      INFO  main            d.u.i.k.p.i.AbstractProblemLoader Creating init config 
91373      DEBUG main            d.u.i.k.j.r.ClassPreparationMethodBuilder clPrepBuilder: Inner Class detected. Reject building class initialisation methods. 
93831      DEBUG main            d.u.i.k.p.i.AbstractProblemLoader Init config took 3.57s 
93881      INFO  main            d.u.i.k.p.i.AbstractProblemLoader Replaying proof List[List::$footprint()].JML accessible clause.0 
93883      DEBUG main            d.u.i.k.p.i.IntermediateProofReplayer Proof replay took 5.6ns 
93989      INFO  main            d.u.i.k.p.r.p.TestFile    ... finished proof: closed. 
94215      INFO  main            d.u.i.k.p.i.AbstractProblemLoader Loading environment from /home/runner/work/key/key/key.core/../key.ui/examples/heap/list/ArrayList_footprint.key.proof 
94215      DEBUG main            d.u.i.k.p.i.AbstractProblemLoader Environment load took 128.8ns 
94216      INFO  main            d.u.i.k.p.i.AbstractProblemLoader Creating init config 
95374      DEBUG main            d.u.i.k.j.r.ClassPreparationMethodBuilder clPrepBuilder: Inner Class detected. Reject building class initialisation methods. 
97871      DEBUG main            d.u.i.k.p.i.AbstractProblemLoader Init config took 3.66s 
97927      INFO  main            d.u.i.k.p.i.AbstractProblemLoader Replaying proof List[List::$footprint()].JML accessible clause.0 
97931      DEBUG main            d.u.i.k.p.i.IntermediateProofReplayer Proof replay took 1.57ms 
97932      DEBUG main            d.u.i.k.p.r.p.TestFile    ... success: reloaded. 
97934      INFO  main            d.u.i.k.p.r.p.TestFile    Now processing file /home/runner/work/key/key/key.core/../key.ui/examples/heap/list/ArrayList_get_dep.key 
97934      INFO  main            d.u.i.k.p.i.AbstractProblemLoader Loading environment from /home/runner/work/key/key/key.core/../key.ui/examples/heap/list/ArrayList_get_dep.key 
97934      DEBUG main            d.u.i.k.p.i.AbstractProblemLoader Environment load took 125.4ns 
97935      INFO  main            d.u.i.k.p.i.AbstractProblemLoader Creating init config 
99043      DEBUG main            d.u.i.k.j.r.ClassPreparationMethodBuilder clPrepBuilder: Inner Class detected. Reject building class initialisation methods. 
101382     DEBUG main            d.u.i.k.p.i.AbstractProblemLoader Init config took 3.45s 
101435     INFO  main            d.u.i.k.p.i.AbstractProblemLoader Replaying proof ArrayList[List::get(int)].JML accessible clause.0 
101437     DEBUG main            d.u.i.k.p.i.IntermediateProofReplayer Proof replay took 5.5ns 
101946     INFO  main            d.u.i.k.p.r.p.TestFile    ... finished proof: closed. 
102156     INFO  main            d.u.i.k.p.i.AbstractProblemLoader Loading environment from /home/runner/work/key/key/key.core/../key.ui/examples/heap/list/ArrayList_get_dep.key.proof 
102158     DEBUG main            d.u.i.k.p.i.AbstractProblemLoader Environment load took 2.1ms 
102162     INFO  main            d.u.i.k.p.i.AbstractProblemLoader Creating init config 
103223     DEBUG main            d.u.i.k.j.r.ClassPreparationMethodBuilder clPrepBuilder: Inner Class detected. Reject building class initialisation methods. 
105423     DEBUG main            d.u.i.k.p.i.AbstractProblemLoader Init config took 3.26s 
105481     INFO  main            d.u.i.k.p.i.AbstractProblemLoader Replaying proof ArrayList[List::get(int)].JML accessible clause.0 
105557     DEBUG main            d.u.i.k.p.i.IntermediateProofReplayer Proof replay took 72.2ms 
105559     DEBUG main            d.u.i.k.p.r.p.TestFile    ... success: reloaded. 
105560     INFO  main            d.u.i.k.p.r.p.TestFile    Now processing file /home/runner/work/key/key/key.core/../key.ui/examples/heap/list/ArrayList_get_exceptional.key 
105561     INFO  main            d.u.i.k.p.i.AbstractProblemLoader Loading environment from /home/runner/work/key/key/key.core/../key.ui/examples/heap/list/ArrayList_get_exceptional.key 
105561     DEBUG main            d.u.i.k.p.i.AbstractProblemLoader Environment load took 272.9ns 
105562     INFO  main            d.u.i.k.p.i.AbstractProblemLoader Creating init config 
106581     DEBUG main            d.u.i.k.j.r.ClassPreparationMethodBuilder clPrepBuilder: Inner Class detected. Reject building class initialisation methods. 
108879     DEBUG main            d.u.i.k.p.i.AbstractProblemLoader Init config took 3.32s 
108937     INFO  main            d.u.i.k.p.i.AbstractProblemLoader Replaying proof ArrayList[List::get(int)].JML exceptional_behavior operation contract.0 
108939     DEBUG main            d.u.i.k.p.i.IntermediateProofReplayer Proof replay took 6.4ns 
110247     INFO  main            d.u.i.k.p.r.p.TestFile    ... finished proof: closed. 
110499     INFO  main            d.u.i.k.p.i.AbstractProblemLoader Loading environment from /home/runner/work/key/key/key.core/../key.ui/examples/heap/list/ArrayList_get_exceptional.key.proof 
110500     DEBUG main            d.u.i.k.p.i.AbstractProblemLoader Environment load took 569.5ns 
110501     INFO  main            d.u.i.k.p.i.AbstractProblemLoader Creating init config 
111498     DEBUG main            d.u.i.k.j.r.ClassPreparationMethodBuilder clPrepBuilder: Inner Class detected. Reject building class initialisation methods. 
113759     DEBUG main            d.u.i.k.p.i.AbstractProblemLoader Init config took 3.26s 
113810     INFO  main            d.u.i.k.p.i.AbstractProblemLoader Replaying proof ArrayList[List::get(int)].JML exceptional_behavior operation contract.0 
113994     DEBUG main            d.u.i.k.p.i.IntermediateProofReplayer Proof replay took 177.53ms 
113995     DEBUG main            d.u.i.k.p.r.p.TestFile    ... success: reloaded. 
113996     INFO  main            d.u.i.k.p.r.p.TestFile    Now processing file /home/runner/work/key/key/key.core/../key.ui/examples/heap/list/ArrayList_get_normal.key 
113997     INFO  main            d.u.i.k.p.i.AbstractProblemLoader Loading environment from /home/runner/work/key/key/key.core/../key.ui/examples/heap/list/ArrayList_get_normal.key 
113997     DEBUG main            d.u.i.k.p.i.AbstractProblemLoader Environment load took 148.8ns 
113998     INFO  main            d.u.i.k.p.i.AbstractProblemLoader Creating init config 
115017     DEBUG main            d.u.i.k.j.r.ClassPreparationMethodBuilder clPrepBuilder: Inner Class detected. Reject building class initialisation methods. 
117251     DEBUG main            d.u.i.k.p.i.AbstractProblemLoader Init config took 3.25s 
117306     INFO  main            d.u.i.k.p.i.AbstractProblemLoader Replaying proof ArrayList[List::get(int)].JML normal_behavior operation contract.0 
117309     DEBUG main            d.u.i.k.p.i.IntermediateProofReplayer Proof replay took 6ns 
117813     INFO  main            d.u.i.k.p.r.p.TestFile    ... finished proof: closed. 
118041     INFO  main            d.u.i.k.p.i.AbstractProblemLoader Loading environment from /home/runner/work/key/key/key.core/../key.ui/examples/heap/list/ArrayList_get_normal.key.proof 
118041     DEBUG main            d.u.i.k.p.i.AbstractProblemLoader Environment load took 548.7ns 
118043     INFO  main            d.u.i.k.p.i.AbstractProblemLoader Creating init config 
119093     DEBUG main            d.u.i.k.j.r.ClassPreparationMethodBuilder clPrepBuilder: Inner Class detected. Reject building class initialisation methods. 
121219     DEBUG main            d.u.i.k.p.i.AbstractProblemLoader Init config took 3.18s 
121278     INFO  main            d.u.i.k.p.i.AbstractProblemLoader Replaying proof ArrayList[List::get(int)].JML normal_behavior operation contract.0 
121345     DEBUG main            d.u.i.k.p.i.IntermediateProofReplayer Proof replay took 63.33ms 
121346     DEBUG main            d.u.i.k.p.r.p.TestFile    ... success: reloaded. 
121348     INFO  main            d.u.i.k.p.r.p.TestFile    Now processing file /home/runner/work/key/key/key.core/../key.ui/examples/heap/list/ArrayList_inv.key 
121348     INFO  main            d.u.i.k.p.i.AbstractProblemLoader Loading environment from /home/runner/work/key/key/key.core/../key.ui/examples/heap/list/ArrayList_inv.key 
121348     DEBUG main            d.u.i.k.p.i.AbstractProblemLoader Environment load took 167.9ns 
121349     INFO  main            d.u.i.k.p.i.AbstractProblemLoader Creating init config 
122356     DEBUG main            d.u.i.k.j.r.ClassPreparationMethodBuilder clPrepBuilder: Inner Class detected. Reject building class initialisation methods. 
124510     DEBUG main            d.u.i.k.p.i.AbstractProblemLoader Init config took 3.16s 
124558     INFO  main            d.u.i.k.p.i.AbstractProblemLoader Replaying proof ArrayList[java.lang.Object::<inv>()].JML accessible clause.0 
124560     DEBUG main            d.u.i.k.p.i.IntermediateProofReplayer Proof replay took 5.9ns 
124964     INFO  main            d.u.i.k.p.r.p.TestFile    ... finished proof: closed. 
125232     INFO  main            d.u.i.k.p.i.AbstractProblemLoader Loading environment from /home/runner/work/key/key/key.core/../key.ui/examples/heap/list/ArrayList_inv.key.proof 
125232     DEBUG main            d.u.i.k.p.i.AbstractProblemLoader Environment load took 181.3ns 
125233     INFO  main            d.u.i.k.p.i.AbstractProblemLoader Creating init config 
126258     DEBUG main            d.u.i.k.j.r.ClassPreparationMethodBuilder clPrepBuilder: Inner Class detected. Reject building class initialisation methods. 
128364     DEBUG main            d.u.i.k.p.i.AbstractProblemLoader Init config took 3.13s 
128415     INFO  main            d.u.i.k.p.i.AbstractProblemLoader Replaying proof ArrayList[java.lang.Object::<inv>()].JML accessible clause.0 
128457     DEBUG main            d.u.i.k.p.i.IntermediateProofReplayer Proof replay took 39.37ms 
128459     DEBUG main            d.u.i.k.p.r.p.TestFile    ... success: reloaded. 
128460     INFO  main            d.u.i.k.p.r.p.TestFile    Now processing file /home/runner/work/key/key/key.core/../key.ui/examples/heap/list/ArrayList_iterator.key 
128460     INFO  main            d.u.i.k.p.i.AbstractProblemLoader Loading environment from /home/runner/work/key/key/key.core/../key.ui/examples/heap/list/ArrayList_iterator.key 
128461     DEBUG main            d.u.i.k.p.i.AbstractProblemLoader Environment load took 143.7ns 
128461     INFO  main            d.u.i.k.p.i.AbstractProblemLoader Creating init config 
129482     DEBUG main            d.u.i.k.j.r.ClassPreparationMethodBuilder clPrepBuilder: Inner Class detected. Reject building class initialisation methods. 
131703     DEBUG main            d.u.i.k.p.i.AbstractProblemLoader Init config took 3.24s 
131749     INFO  main            d.u.i.k.p.i.AbstractProblemLoader Replaying proof ArrayList[List::iterator()].JML normal_behavior operation contract.0 
131750     DEBUG main            d.u.i.k.p.i.IntermediateProofReplayer Proof replay took 6ns 
132357     INFO  main            d.u.i.k.p.r.p.TestFile    ... finished proof: closed. 
132657     INFO  main            d.u.i.k.p.i.AbstractProblemLoader Loading environment from /home/runner/work/key/key/key.core/../key.ui/examples/heap/list/ArrayList_iterator.key.proof 
132657     DEBUG main            d.u.i.k.p.i.AbstractProblemLoader Environment load took 565.4ns 
132660     INFO  main            d.u.i.k.p.i.AbstractProblemLoader Creating init config 
133751     DEBUG main            d.u.i.k.j.r.ClassPreparationMethodBuilder clPrepBuilder: Inner Class detected. Reject building class initialisation methods. 
135958     DEBUG main            d.u.i.k.p.i.AbstractProblemLoader Init config took 3.3s 
136007     INFO  main            d.u.i.k.p.i.AbstractProblemLoader Replaying proof ArrayList[List::iterator()].JML normal_behavior operation contract.0 
136088     DEBUG main            d.u.i.k.p.i.IntermediateProofReplayer Proof replay took 77.99ms 
136089     DEBUG main            d.u.i.k.p.r.p.TestFile    ... success: reloaded. 
136091     INFO  main            d.u.i.k.p.r.p.TestFile    Now processing file /home/runner/work/key/key/key.core/../key.ui/examples/heap/list/ArrayList_size_dep.key 
136091     INFO  main            d.u.i.k.p.i.AbstractProblemLoader Loading environment from /home/runner/work/key/key/key.core/../key.ui/examples/heap/list/ArrayList_size_dep.key 
136091     DEBUG main            d.u.i.k.p.i.AbstractProblemLoader Environment load took 135.4ns 
136092     INFO  main            d.u.i.k.p.i.AbstractProblemLoader Creating init config 
137156     DEBUG main            d.u.i.k.j.r.ClassPreparationMethodBuilder clPrepBuilder: Inner Class detected. Reject building class initialisation methods. 
139554     DEBUG main            d.u.i.k.p.i.AbstractProblemLoader Init config took 3.46s 
139604     INFO  main            d.u.i.k.p.i.AbstractProblemLoader Replaying proof ArrayList[List::size()].JML accessible clause.0 
139606     DEBUG main            d.u.i.k.p.i.IntermediateProofReplayer Proof replay took 6.4ns 
139808     INFO  main            d.u.i.k.p.r.p.TestFile    ... finished proof: closed. 
140058     INFO  main            d.u.i.k.p.i.AbstractProblemLoader Loading environment from /home/runner/work/key/key/key.core/../key.ui/examples/heap/list/ArrayList_size_dep.key.proof 
140058     DEBUG main            d.u.i.k.p.i.AbstractProblemLoader Environment load took 126ns 
140060     INFO  main            d.u.i.k.p.i.AbstractProblemLoader Creating init config 
141100     DEBUG main            d.u.i.k.j.r.ClassPreparationMethodBuilder clPrepBuilder: Inner Class detected. Reject building class initialisation methods. 
143386     DEBUG main            d.u.i.k.p.i.AbstractProblemLoader Init config took 3.33s 
143455     INFO  main            d.u.i.k.p.i.AbstractProblemLoader Replaying proof ArrayList[List::size()].JML accessible clause.0 
143482     DEBUG main            d.u.i.k.p.i.IntermediateProofReplayer Proof replay took 23.16ms 
143483     DEBUG main            d.u.i.k.p.r.p.TestFile    ... success: reloaded. 
143487     INFO  main            d.u.i.k.p.r.p.TestFile    Now processing file /home/runner/work/key/key/key.core/../key.ui/examples/heap/list/ArrayList_size.key 
143487     INFO  main            d.u.i.k.p.i.AbstractProblemLoader Loading environment from /home/runner/work/key/key/key.core/../key.ui/examples/heap/list/ArrayList_size.key 
143487     DEBUG main            d.u.i.k.p.i.AbstractProblemLoader Environment load took 142.2ns 
143489     INFO  main            d.u.i.k.p.i.AbstractProblemLoader Creating init config 
144612     DEBUG main            d.u.i.k.j.r.ClassPreparationMethodBuilder clPrepBuilder: Inner Class detected. Reject building class initialisation methods. 
146878     DEBUG main            d.u.i.k.p.i.AbstractProblemLoader Init config took 3.39s 
146926     INFO  main            d.u.i.k.p.i.AbstractProblemLoader Replaying proof ArrayList[List::size()].JML normal_behavior operation contract.0 
146928     DEBUG main            d.u.i.k.p.i.IntermediateProofReplayer Proof replay took 6.1ns 
147231     INFO  main            d.u.i.k.p.r.p.TestFile    ... finished proof: closed. 
147523     INFO  main            d.u.i.k.p.i.AbstractProblemLoader Loading environment from /home/runner/work/key/key/key.core/../key.ui/examples/heap/list/ArrayList_size.key.proof 
147523     DEBUG main            d.u.i.k.p.i.AbstractProblemLoader Environment load took 129ns 
147525     INFO  main            d.u.i.k.p.i.AbstractProblemLoader Creating init config 
148595     DEBUG main            d.u.i.k.j.r.ClassPreparationMethodBuilder clPrepBuilder: Inner Class detected. Reject building class initialisation methods. 
150875     DEBUG main            d.u.i.k.p.i.AbstractProblemLoader Init config took 3.35s 
150942     INFO  main            d.u.i.k.p.i.AbstractProblemLoader Replaying proof ArrayList[List::size()].JML normal_behavior operation contract.0 
150975     DEBUG main            d.u.i.k.p.i.IntermediateProofReplayer Proof replay took 30.53ms 
150976     DEBUG main            d.u.i.k.p.r.p.TestFile    ... success: reloaded. 
150977     INFO  main            d.u.i.k.p.r.p.TestFile    Now processing file /home/runner/work/key/key/key.core/../key.ui/examples/heap/list/ArrayList.ArrayListIterator_ArrayListIterator.key 
150977     INFO  main            d.u.i.k.p.i.AbstractProblemLoader Loading environment from /home/runner/work/key/key/key.core/../key.ui/examples/heap/list/ArrayList.ArrayListIterator_ArrayListIterator.key 
150978     DEBUG main            d.u.i.k.p.i.AbstractProblemLoader Environment load took 147.2ns 
150979     INFO  main            d.u.i.k.p.i.AbstractProblemLoader Creating init config 
152057     DEBUG main            d.u.i.k.j.r.ClassPreparationMethodBuilder clPrepBuilder: Inner Class detected. Reject building class initialisation methods. 
154402     DEBUG main            d.u.i.k.p.i.AbstractProblemLoader Init config took 3.42s 
154493     INFO  main            d.u.i.k.p.i.AbstractProblemLoader Replaying proof ArrayList.ArrayListIterator[ArrayList.ArrayListIterator::ArrayListIterator(ArrayList)].JML normal_behavior operation contract.0 
154496     DEBUG main            d.u.i.k.p.i.IntermediateProofReplayer Proof replay took 6.1ns 
155201     INFO  main            d.u.i.k.p.r.p.TestFile    ... finished proof: closed. 
155519     INFO  main            d.u.i.k.p.i.AbstractProblemLoader Loading environment from /home/runner/work/key/key/key.core/../key.ui/examples/heap/list/ArrayList.ArrayListIterator_ArrayListIterator.key.proof 
155520     DEBUG main            d.u.i.k.p.i.AbstractProblemLoader Environment load took 608.2ns 
155521     INFO  main            d.u.i.k.p.i.AbstractProblemLoader Creating init config 
156581     DEBUG main            d.u.i.k.j.r.ClassPreparationMethodBuilder clPrepBuilder: Inner Class detected. Reject building class initialisation methods. 
158830     DEBUG main            d.u.i.k.p.i.AbstractProblemLoader Init config took 3.31s 
158895     INFO  main            d.u.i.k.p.i.AbstractProblemLoader Replaying proof ArrayList.ArrayListIterator[ArrayList.ArrayListIterator::ArrayListIterator(ArrayList)].JML normal_behavior operation contract.0 
158984     DEBUG main            d.u.i.k.p.i.IntermediateProofReplayer Proof replay took 84.7ms 
158985     DEBUG main            d.u.i.k.p.r.p.TestFile    ... success: reloaded. 
158987     INFO  main            d.u.i.k.p.r.p.TestFile    Now processing file /home/runner/work/key/key/key.core/../key.ui/examples/heap/list/ArrayList.ArrayListIterator_hasNext_dep.key 
158987     INFO  main            d.u.i.k.p.i.AbstractProblemLoader Loading environment from /home/runner/work/key/key/key.core/../key.ui/examples/heap/list/ArrayList.ArrayListIterator_hasNext_dep.key 
158987     DEBUG main            d.u.i.k.p.i.AbstractProblemLoader Environment load took 87.4ns 
158988     INFO  main            d.u.i.k.p.i.AbstractProblemLoader Creating init config 
160102     DEBUG main            d.u.i.k.j.r.ClassPreparationMethodBuilder clPrepBuilder: Inner Class detected. Reject building class initialisation methods. 
162472     DEBUG main            d.u.i.k.p.i.AbstractProblemLoader Init config took 3.48s 
162559     INFO  main            d.u.i.k.p.i.AbstractProblemLoader Replaying proof ArrayList.ArrayListIterator[ListIterator::hasNext()].JML accessible clause.0 
162561     DEBUG main            d.u.i.k.p.i.IntermediateProofReplayer Proof replay took 6.2ns 
162965     INFO  main            d.u.i.k.p.r.p.TestFile    ... finished proof: closed. 
163248     INFO  main            d.u.i.k.p.i.AbstractProblemLoader Loading environment from /home/runner/work/key/key/key.core/../key.ui/examples/heap/list/ArrayList.ArrayListIterator_hasNext_dep.key.proof 
163248     DEBUG main            d.u.i.k.p.i.AbstractProblemLoader Environment load took 456.6ns 
163250     INFO  main            d.u.i.k.p.i.AbstractProblemLoader Creating init config 
164319     DEBUG main            d.u.i.k.j.r.ClassPreparationMethodBuilder clPrepBuilder: Inner Class detected. Reject building class initialisation methods. 
166526     DEBUG main            d.u.i.k.p.i.AbstractProblemLoader Init config took 3.28s 
166584     INFO  main            d.u.i.k.p.i.AbstractProblemLoader Replaying proof ArrayList.ArrayListIterator[ListIterator::hasNext()].JML accessible clause.0 
166628     DEBUG main            d.u.i.k.p.i.IntermediateProofReplayer Proof replay took 41.34ms 
166629     DEBUG main            d.u.i.k.p.r.p.TestFile    ... success: reloaded. 
166631     INFO  main            d.u.i.k.p.r.p.TestFile    Now processing file /home/runner/work/key/key/key.core/../key.ui/examples/heap/list/ArrayList.ArrayListIterator_hasNext.key 
166631     INFO  main            d.u.i.k.p.i.AbstractProblemLoader Loading environment from /home/runner/work/key/key/key.core/../key.ui/examples/heap/list/ArrayList.ArrayListIterator_hasNext.key 
166631     DEBUG main            d.u.i.k.p.i.AbstractProblemLoader Environment load took 236.1ns 
166632     INFO  main            d.u.i.k.p.i.AbstractProblemLoader Creating init config 
167695     DEBUG main            d.u.i.k.j.r.ClassPreparationMethodBuilder clPrepBuilder: Inner Class detected. Reject building class initialisation methods. 
169981     DEBUG main            d.u.i.k.p.i.AbstractProblemLoader Init config took 3.35s 
170039     INFO  main            d.u.i.k.p.i.AbstractProblemLoader Replaying proof ArrayList.ArrayListIterator[ListIterator::hasNext()].JML normal_behavior operation contract.0 
170040     DEBUG main            d.u.i.k.p.i.IntermediateProofReplayer Proof replay took 6.3ns 
170443     INFO  main            d.u.i.k.p.r.p.TestFile    ... finished proof: closed. 
170749     INFO  main            d.u.i.k.p.i.AbstractProblemLoader Loading environment from /home/runner/work/key/key/key.core/../key.ui/examples/heap/list/ArrayList.ArrayListIterator_hasNext.key.proof 
170749     DEBUG main            d.u.i.k.p.i.AbstractProblemLoader Environment load took 115.1ns 
170750     INFO  main            d.u.i.k.p.i.AbstractProblemLoader Creating init config 
171763     DEBUG main            d.u.i.k.j.r.ClassPreparationMethodBuilder clPrepBuilder: Inner Class detected. Reject building class initialisation methods. 
173953     DEBUG main            d.u.i.k.p.i.AbstractProblemLoader Init config took 3.2s 
174006     INFO  main            d.u.i.k.p.i.AbstractProblemLoader Replaying proof ArrayList.ArrayListIterator[ListIterator::hasNext()].JML normal_behavior operation contract.0 
174051     DEBUG main            d.u.i.k.p.i.IntermediateProofReplayer Proof replay took 42ms 
174052     DEBUG main            d.u.i.k.p.r.p.TestFile    ... success: reloaded. 
174053     INFO  main            d.u.i.k.p.r.p.TestFile    Now processing file /home/runner/work/key/key/key.core/../key.ui/examples/heap/list/ArrayList.ArrayListIterator_inv.key 
174054     INFO  main            d.u.i.k.p.i.AbstractProblemLoader Loading environment from /home/runner/work/key/key/key.core/../key.ui/examples/heap/list/ArrayList.ArrayListIterator_inv.key 
174054     DEBUG main            d.u.i.k.p.i.AbstractProblemLoader Environment load took 106.2ns 
174055     INFO  main            d.u.i.k.p.i.AbstractProblemLoader Creating init config 
175204     DEBUG main            d.u.i.k.j.r.ClassPreparationMethodBuilder clPrepBuilder: Inner Class detected. Reject building class initialisation methods. 
177470     DEBUG main            d.u.i.k.p.i.AbstractProblemLoader Init config took 3.41s 
177528     INFO  main            d.u.i.k.p.i.AbstractProblemLoader Replaying proof ArrayList.ArrayListIterator[java.lang.Object::<inv>()].JML accessible clause.0 
177530     DEBUG main            d.u.i.k.p.i.IntermediateProofReplayer Proof replay took 23.7ns 
178735     INFO  main            d.u.i.k.p.r.p.TestFile    ... finished proof: closed. 
179039     INFO  main            d.u.i.k.p.i.AbstractProblemLoader Loading environment from /home/runner/work/key/key/key.core/../key.ui/examples/heap/list/ArrayList.ArrayListIterator_inv.key.proof 
179040     DEBUG main            d.u.i.k.p.i.AbstractProblemLoader Environment load took 212.7ns 
179041     INFO  main            d.u.i.k.p.i.AbstractProblemLoader Creating init config 
180067     DEBUG main            d.u.i.k.j.r.ClassPreparationMethodBuilder clPrepBuilder: Inner Class detected. Reject building class initialisation methods. 
182236     DEBUG main            d.u.i.k.p.i.AbstractProblemLoader Init config took 3.2s 
182292     INFO  main            d.u.i.k.p.i.AbstractProblemLoader Replaying proof ArrayList.ArrayListIterator[java.lang.Object::<inv>()].JML accessible clause.0 
182386     DEBUG main            d.u.i.k.p.i.IntermediateProofReplayer Proof replay took 88.71ms 
182387     DEBUG main            d.u.i.k.p.r.p.TestFile    ... success: reloaded. 
182388     INFO  main            d.u.i.k.p.r.p.TestFile    Now processing file /home/runner/work/key/key/key.core/../key.ui/examples/heap/list/ArrayList.ArrayListIterator_list.key 
182389     INFO  main            d.u.i.k.p.i.AbstractProblemLoader Loading environment from /home/runner/work/key/key/key.core/../key.ui/examples/heap/list/ArrayList.ArrayListIterator_list.key 
182389     DEBUG main            d.u.i.k.p.i.AbstractProblemLoader Environment load took 112.7ns 
182391     INFO  main            d.u.i.k.p.i.AbstractProblemLoader Creating init config 
183480     DEBUG main            d.u.i.k.j.r.ClassPreparationMethodBuilder clPrepBuilder: Inner Class detected. Reject building class initialisation methods. 
185750     DEBUG main            d.u.i.k.p.i.AbstractProblemLoader Init config took 3.36s 
185793     INFO  main            d.u.i.k.p.i.AbstractProblemLoader Replaying proof ListIterator[ListIterator::$list()].JML accessible clause.0 
185795     DEBUG main            d.u.i.k.p.i.IntermediateProofReplayer Proof replay took 6.4ns 
185897     INFO  main            d.u.i.k.p.r.p.TestFile    ... finished proof: closed. 
186215     INFO  main            d.u.i.k.p.i.AbstractProblemLoader Loading environment from /home/runner/work/key/key/key.core/../key.ui/examples/heap/list/ArrayList.ArrayListIterator_list.key.proof 
186215     DEBUG main            d.u.i.k.p.i.AbstractProblemLoader Environment load took 127.1ns 
186216     INFO  main            d.u.i.k.p.i.AbstractProblemLoader Creating init config 
187248     DEBUG main            d.u.i.k.j.r.ClassPreparationMethodBuilder clPrepBuilder: Inner Class detected. Reject building class initialisation methods. 
189554     DEBUG main            d.u.i.k.p.i.AbstractProblemLoader Init config took 3.34s 
189598     INFO  main            d.u.i.k.p.i.AbstractProblemLoader Replaying proof ListIterator[ListIterator::$list()].JML accessible clause.0 
189601     DEBUG main            d.u.i.k.p.i.IntermediateProofReplayer Proof replay took 1.03ms 
189602     DEBUG main            d.u.i.k.p.r.p.TestFile    ... success: reloaded. 
189603     INFO  main            d.u.i.k.p.r.p.TestFile    Now processing file /home/runner/work/key/key/key.core/../key.ui/examples/heap/list/ArrayList.ArrayListIterator_next_exceptional.key 
189603     INFO  main            d.u.i.k.p.i.AbstractProblemLoader Loading environment from /home/runner/work/key/key/key.core/../key.ui/examples/heap/list/ArrayList.ArrayListIterator_next_exceptional.key 
189603     DEBUG main            d.u.i.k.p.i.AbstractProblemLoader Environment load took 96.4ns 
189604     INFO  main            d.u.i.k.p.i.AbstractProblemLoader Creating init config 
190722     DEBUG main            d.u.i.k.j.r.ClassPreparationMethodBuilder clPrepBuilder: Inner Class detected. Reject building class initialisation methods. 
192959     DEBUG main            d.u.i.k.p.i.AbstractProblemLoader Init config took 3.36s 
193019     INFO  main            d.u.i.k.p.i.AbstractProblemLoader Replaying proof ArrayList.ArrayListIterator[ListIterator::next()].JML exceptional_behavior operation contract.0 
193021     DEBUG main            d.u.i.k.p.i.IntermediateProofReplayer Proof replay took 6.4ns 
194046     INFO  main            d.u.i.k.p.r.p.TestFile    ... finished proof: closed. 
194367     INFO  main            d.u.i.k.p.i.AbstractProblemLoader Loading environment from /home/runner/work/key/key/key.core/../key.ui/examples/heap/list/ArrayList.ArrayListIterator_next_exceptional.key.proof 
194367     DEBUG main            d.u.i.k.p.i.AbstractProblemLoader Environment load took 609.5ns 
194369     INFO  main            d.u.i.k.p.i.AbstractProblemLoader Creating init config 
195449     DEBUG main            d.u.i.k.j.r.ClassPreparationMethodBuilder clPrepBuilder: Inner Class detected. Reject building class initialisation methods. 
197625     DEBUG main            d.u.i.k.p.i.AbstractProblemLoader Init config took 3.26s 
197686     INFO  main            d.u.i.k.p.i.AbstractProblemLoader Replaying proof ArrayList.ArrayListIterator[ListIterator::next()].JML exceptional_behavior operation contract.0 
197812     DEBUG main            d.u.i.k.p.i.IntermediateProofReplayer Proof replay took 120.67ms 
197815     DEBUG main            d.u.i.k.p.r.p.TestFile    ... success: reloaded. 
197816     INFO  main            d.u.i.k.p.r.p.TestFile    Now processing file /home/runner/work/key/key/key.core/../key.ui/examples/heap/list/ArrayList.ArrayListIterator_next_normal.key 
197816     INFO  main            d.u.i.k.p.i.AbstractProblemLoader Loading environment from /home/runner/work/key/key/key.core/../key.ui/examples/heap/list/ArrayList.ArrayListIterator_next_normal.key 
197817     DEBUG main            d.u.i.k.p.i.AbstractProblemLoader Environment load took 241.3ns 
197818     INFO  main            d.u.i.k.p.i.AbstractProblemLoader Creating init config 
198909     DEBUG main            d.u.i.k.j.r.ClassPreparationMethodBuilder clPrepBuilder: Inner Class detected. Reject building class initialisation methods. 
201179     DEBUG main            d.u.i.k.p.i.AbstractProblemLoader Init config took 3.36s 
201261     INFO  main            d.u.i.k.p.i.AbstractProblemLoader Replaying proof ArrayList.ArrayListIterator[ListIterator::next()].JML normal_behavior operation contract.0 
201263     DEBUG main            d.u.i.k.p.i.IntermediateProofReplayer Proof replay took 6ns 
202268     INFO  main            d.u.i.k.p.r.p.TestFile    ... finished proof: closed. 
202615     INFO  main            d.u.i.k.p.i.AbstractProblemLoader Loading environment from /home/runner/work/key/key/key.core/../key.ui/examples/heap/list/ArrayList.ArrayListIterator_next_normal.key.proof 
202616     DEBUG main            d.u.i.k.p.i.AbstractProblemLoader Environment load took 586.6ns 
202617     INFO  main            d.u.i.k.p.i.AbstractProblemLoader Creating init config 
203656     DEBUG main            d.u.i.k.j.r.ClassPreparationMethodBuilder clPrepBuilder: Inner Class detected. Reject building class initialisation methods. 
205861     DEBUG main            d.u.i.k.p.i.AbstractProblemLoader Init config took 3.24s 
205916     INFO  main            d.u.i.k.p.i.AbstractProblemLoader Replaying proof ArrayList.ArrayListIterator[ListIterator::next()].JML normal_behavior operation contract.0 
206060     DEBUG main            d.u.i.k.p.i.IntermediateProofReplayer Proof replay took 139.28ms 
206061     DEBUG main            d.u.i.k.p.r.p.TestFile    ... success: reloaded. 
206062     INFO  main            d.u.i.k.p.r.p.TestFile    Now processing file /home/runner/work/key/key/key.core/../key.ui/examples/heap/list/ArrayList.ArrayListIterator_pos.key 
206062     INFO  main            d.u.i.k.p.i.AbstractProblemLoader Loading environment from /home/runner/work/key/key/key.core/../key.ui/examples/heap/list/ArrayList.ArrayListIterator_pos.key 
206062     DEBUG main            d.u.i.k.p.i.AbstractProblemLoader Environment load took 121ns 
206063     INFO  main            d.u.i.k.p.i.AbstractProblemLoader Creating init config 
207151     DEBUG main            d.u.i.k.j.r.ClassPreparationMethodBuilder clPrepBuilder: Inner Class detected. Reject building class initialisation methods. 
209532     DEBUG main            d.u.i.k.p.i.AbstractProblemLoader Init config took 3.47s 
209578     INFO  main            d.u.i.k.p.i.AbstractProblemLoader Replaying proof ListIterator[ListIterator::$pos()].JML accessible clause.0 
209580     DEBUG main            d.u.i.k.p.i.IntermediateProofReplayer Proof replay took 6.4ns 
209685     INFO  main            d.u.i.k.p.r.p.TestFile    ... finished proof: closed. 
210007     INFO  main            d.u.i.k.p.i.AbstractProblemLoader Loading environment from /home/runner/work/key/key/key.core/../key.ui/examples/heap/list/ArrayList.ArrayListIterator_pos.key.proof 
210007     DEBUG main            d.u.i.k.p.i.AbstractProblemLoader Environment load took 127.6ns 
210008     INFO  main            d.u.i.k.p.i.AbstractProblemLoader Creating init config 
211085     DEBUG main            d.u.i.k.j.r.ClassPreparationMethodBuilder clPrepBuilder: Inner Class detected. Reject building class initialisation methods. 
213364     DEBUG main            d.u.i.k.p.i.AbstractProblemLoader Init config took 3.36s 
213411     INFO  main            d.u.i.k.p.i.AbstractProblemLoader Replaying proof ListIterator[ListIterator::$pos()].JML accessible clause.0 
213414     DEBUG main            d.u.i.k.p.i.IntermediateProofReplayer Proof replay took 1.22ms 
213415     DEBUG main            d.u.i.k.p.r.p.TestFile    ... success: reloaded. 
213416     INFO  main            d.u.i.k.p.r.p.TestFile    Now processing file /home/runner/work/key/key/key.core/../key.ui/examples/heap/list/Client_m.key 
213416     INFO  main            d.u.i.k.p.i.AbstractProblemLoader Loading environment from /home/runner/work/key/key/key.core/../key.ui/examples/heap/list/Client_m.key 
213416     DEBUG main            d.u.i.k.p.i.AbstractProblemLoader Environment load took 108.4ns 
213417     INFO  main            d.u.i.k.p.i.AbstractProblemLoader Creating init config 
214493     DEBUG main            d.u.i.k.j.r.ClassPreparationMethodBuilder clPrepBuilder: Inner Class detected. Reject building class initialisation methods. 
216837     DEBUG main            d.u.i.k.p.i.AbstractProblemLoader Init config took 3.42s 
216885     INFO  main            d.u.i.k.p.i.AbstractProblemLoader Replaying proof Client[Client::m(List)].JML normal_behavior operation contract.0 
216887     DEBUG main            d.u.i.k.p.i.IntermediateProofReplayer Proof replay took 6.2ns 
217192     INFO  main            d.u.i.k.p.r.p.TestFile    ... finished proof: closed. 
217543     INFO  main            d.u.i.k.p.i.AbstractProblemLoader Loading environment from /home/runner/work/key/key/key.core/../key.ui/examples/heap/list/Client_m.key.proof 
217543     DEBUG main            d.u.i.k.p.i.AbstractProblemLoader Environment load took 246.9ns 
217544     INFO  main            d.u.i.k.p.i.AbstractProblemLoader Creating init config 
218621     DEBUG main            d.u.i.k.j.r.ClassPreparationMethodBuilder clPrepBuilder: Inner Class detected. Reject building class initialisation methods. 
220859     DEBUG main            d.u.i.k.p.i.AbstractProblemLoader Init config took 3.31s 
220901     INFO  main            d.u.i.k.p.i.AbstractProblemLoader Replaying proof Client[Client::m(List)].JML normal_behavior operation contract.0 
220967     DEBUG main            d.u.i.k.p.i.IntermediateProofReplayer Proof replay took 63.33ms 
220968     DEBUG main            d.u.i.k.p.r.p.TestFile    ... success: reloaded. 
220970     INFO  main            d.u.i.k.p.r.p.TestFile    Now processing file /home/runner/work/key/key/key.core/../key.ui/examples/heap/list/Client_n.key 
220970     INFO  main            d.u.i.k.p.i.AbstractProblemLoader Loading environment from /home/runner/work/key/key/key.core/../key.ui/examples/heap/list/Client_n.key 
220970     DEBUG main            d.u.i.k.p.i.AbstractProblemLoader Environment load took 122.9ns 
220971     INFO  main            d.u.i.k.p.i.AbstractProblemLoader Creating init config 
222053     DEBUG main            d.u.i.k.j.r.ClassPreparationMethodBuilder clPrepBuilder: Inner Class detected. Reject building class initialisation methods. 
224329     DEBUG main            d.u.i.k.p.i.AbstractProblemLoader Init config took 3.36s 
224377     INFO  main            d.u.i.k.p.i.AbstractProblemLoader Replaying proof Client[Client::n(List)].JML normal_behavior operation contract.0 
224379     DEBUG main            d.u.i.k.p.i.IntermediateProofReplayer Proof replay took 6.5ns 
224481     INFO  main            d.u.i.k.p.r.p.TestFile    ... finished proof: closed. 
224817     INFO  main            d.u.i.k.p.i.AbstractProblemLoader Loading environment from /home/runner/work/key/key/key.core/../key.ui/examples/heap/list/Client_n.key.proof 
224817     DEBUG main            d.u.i.k.p.i.AbstractProblemLoader Environment load took 111.7ns 
224818     INFO  main            d.u.i.k.p.i.AbstractProblemLoader Creating init config 
225859     DEBUG main            d.u.i.k.j.r.ClassPreparationMethodBuilder clPrepBuilder: Inner Class detected. Reject building class initialisation methods. 
228049     DEBUG main            d.u.i.k.p.i.AbstractProblemLoader Init config took 3.23s 
228099     INFO  main            d.u.i.k.p.i.AbstractProblemLoader Replaying proof Client[Client::n(List)].JML normal_behavior operation contract.0 
228122     DEBUG main            d.u.i.k.p.i.IntermediateProofReplayer Proof replay took 20.86ms 
228123     DEBUG main            d.u.i.k.p.r.p.TestFile    ... success: reloaded. 
228124     INFO  main            d.u.i.k.p.r.p.TestFile    Now processing file /home/runner/work/key/key/key.core/../key.ui/examples/heap/list/LinkedList_get_exceptional.key 
228125     INFO  main            d.u.i.k.p.i.AbstractProblemLoader Loading environment from /home/runner/work/key/key/key.core/../key.ui/examples/heap/list/LinkedList_get_exceptional.key 
228125     DEBUG main            d.u.i.k.p.i.AbstractProblemLoader Environment load took 111.2ns 
228126     INFO  main            d.u.i.k.p.i.AbstractProblemLoader Creating init config 
229195     DEBUG main            d.u.i.k.j.r.ClassPreparationMethodBuilder clPrepBuilder: Inner Class detected. Reject building class initialisation methods. 
231538     DEBUG main            d.u.i.k.p.i.AbstractProblemLoader Init config took 3.41s 
231589     INFO  main            d.u.i.k.p.i.AbstractProblemLoader Replaying proof LinkedList[List::get(int)].JML exceptional_behavior operation contract.0 
231591     DEBUG main            d.u.i.k.p.i.IntermediateProofReplayer Proof replay took 6.8ns 
234002     INFO  main            d.u.i.k.p.r.p.TestFile    ... finished proof: closed. 
234398     INFO  main            d.u.i.k.p.i.AbstractProblemLoader Loading environment from /home/runner/work/key/key/key.core/../key.ui/examples/heap/list/LinkedList_get_exceptional.key.proof 
234398     DEBUG main            d.u.i.k.p.i.AbstractProblemLoader Environment load took 111.3ns 
234399     INFO  main            d.u.i.k.p.i.AbstractProblemLoader Creating init config 
235467     DEBUG main            d.u.i.k.j.r.ClassPreparationMethodBuilder clPrepBuilder: Inner Class detected. Reject building class initialisation methods. 
237812     DEBUG main            d.u.i.k.p.i.AbstractProblemLoader Init config took 3.41s 
237864     INFO  main            d.u.i.k.p.i.AbstractProblemLoader Replaying proof LinkedList[List::get(int)].JML exceptional_behavior operation contract.0 
238114     DEBUG main            d.u.i.k.p.i.IntermediateProofReplayer Proof replay took 242.49ms 
238116     DEBUG main            d.u.i.k.p.r.p.TestFile    ... success: reloaded. 
238117     INFO  main            d.u.i.k.p.r.p.TestFile    Now processing file /home/runner/work/key/key/key.core/../key.ui/examples/heap/list/LinkedList_get_normal.key 
238117     INFO  main            d.u.i.k.p.i.AbstractProblemLoader Loading environment from /home/runner/work/key/key/key.core/../key.ui/examples/heap/list/LinkedList_get_normal.key 
238117     DEBUG main            d.u.i.k.p.i.AbstractProblemLoader Environment load took 161.9ns 
238118     INFO  main            d.u.i.k.p.i.AbstractProblemLoader Creating init config 
239151     DEBUG main            d.u.i.k.j.r.ClassPreparationMethodBuilder clPrepBuilder: Inner Class detected. Reject building class initialisation methods. 
241412     DEBUG main            d.u.i.k.p.i.AbstractProblemLoader Init config took 3.29s 
241459     INFO  main            d.u.i.k.p.i.AbstractProblemLoader Replaying proof LinkedList[List::get(int)].JML normal_behavior operation contract.0 
241465     DEBUG main            d.u.i.k.p.i.IntermediateProofReplayer Proof replay took 6.4ns 
248426     INFO  main            d.u.i.k.p.r.p.TestFile    ... finished proof: closed. 
248856     INFO  main            d.u.i.k.p.i.AbstractProblemLoader Loading environment from /home/runner/work/key/key/key.core/../key.ui/examples/heap/list/LinkedList_get_normal.key.proof 
248857     DEBUG main            d.u.i.k.p.i.AbstractProblemLoader Environment load took 528ns 
248859     INFO  main            d.u.i.k.p.i.AbstractProblemLoader Creating init config 
249902     DEBUG main            d.u.i.k.j.r.ClassPreparationMethodBuilder clPrepBuilder: Inner Class detected. Reject building class initialisation methods. 
252146     DEBUG main            d.u.i.k.p.i.AbstractProblemLoader Init config took 3.29s 
252200     INFO  main            d.u.i.k.p.i.AbstractProblemLoader Replaying proof LinkedList[List::get(int)].JML normal_behavior operation contract.0 
252686     DEBUG main            d.u.i.k.p.i.IntermediateProofReplayer Proof replay took 462.67ms 
252689     DEBUG main            d.u.i.k.p.r.p.TestFile    ... success: reloaded. 
252690     INFO  main            d.u.i.k.p.r.p.TestFile    Now processing file /home/runner/work/key/key/key.core/../key.ui/examples/heap/list/LinkedList_LinkedList.key 
252690     INFO  main            d.u.i.k.p.i.AbstractProblemLoader Loading environment from /home/runner/work/key/key/key.core/../key.ui/examples/heap/list/LinkedList_LinkedList.key 
252690     DEBUG main            d.u.i.k.p.i.AbstractProblemLoader Environment load took 128.4ns 
252691     INFO  main            d.u.i.k.p.i.AbstractProblemLoader Creating init config 
253826     DEBUG main            d.u.i.k.j.r.ClassPreparationMethodBuilder clPrepBuilder: Inner Class detected. Reject building class initialisation methods. 
256133     DEBUG main            d.u.i.k.p.i.AbstractProblemLoader Init config took 3.44s 
256188     INFO  main            d.u.i.k.p.i.AbstractProblemLoader Replaying proof LinkedList[LinkedList::LinkedList()].JML normal_behavior operation contract.0 
256190     DEBUG main            d.u.i.k.p.i.IntermediateProofReplayer Proof replay took 6.3ns 
256793     INFO  main            d.u.i.k.p.r.p.TestFile    ... finished proof: closed. 
257185     INFO  main            d.u.i.k.p.i.AbstractProblemLoader Loading environment from /home/runner/work/key/key/key.core/../key.ui/examples/heap/list/LinkedList_LinkedList.key.proof 
257185     DEBUG main            d.u.i.k.p.i.AbstractProblemLoader Environment load took 155.6ns 
257186     INFO  main            d.u.i.k.p.i.AbstractProblemLoader Creating init config 
258258     DEBUG main            d.u.i.k.j.r.ClassPreparationMethodBuilder clPrepBuilder: Inner Class detected. Reject building class initialisation methods. 
260455     DEBUG main            d.u.i.k.p.i.AbstractProblemLoader Init config took 3.27s 
260499     INFO  main            d.u.i.k.p.i.AbstractProblemLoader Replaying proof LinkedList[LinkedList::LinkedList()].JML normal_behavior operation contract.0 
260572     DEBUG main            d.u.i.k.p.i.IntermediateProofReplayer Proof replay took 69.28ms 
260573     DEBUG main            d.u.i.k.p.r.p.TestFile    ... success: reloaded. 
260574     INFO  main            d.u.i.k.p.r.p.TestFile    Now processing file /home/runner/work/key/key/key.core/../key.ui/examples/heap/list/LinkedList_size_dep.key 
260575     INFO  main            d.u.i.k.p.i.AbstractProblemLoader Loading environment from /home/runner/work/key/key/key.core/../key.ui/examples/heap/list/LinkedList_size_dep.key 
260575     DEBUG main            d.u.i.k.p.i.AbstractProblemLoader Environment load took 138.3ns 
260576     INFO  main            d.u.i.k.p.i.AbstractProblemLoader Creating init config 
261676     DEBUG main            d.u.i.k.j.r.ClassPreparationMethodBuilder clPrepBuilder: Inner Class detected. Reject building class initialisation methods. 
264159     DEBUG main            d.u.i.k.p.i.AbstractProblemLoader Init config took 3.58s 
264212     INFO  main            d.u.i.k.p.i.AbstractProblemLoader Replaying proof LinkedList[List::size()].JML accessible clause.0 
264214     DEBUG main            d.u.i.k.p.i.IntermediateProofReplayer Proof replay took 7.7ns 
264817     INFO  main            d.u.i.k.p.r.p.TestFile    ... finished proof: closed. 
265202     INFO  main            d.u.i.k.p.i.AbstractProblemLoader Loading environment from /home/runner/work/key/key/key.core/../key.ui/examples/heap/list/LinkedList_size_dep.key.proof 
265202     DEBUG main            d.u.i.k.p.i.AbstractProblemLoader Environment load took 114.6ns 
265203     INFO  main            d.u.i.k.p.i.AbstractProblemLoader Creating init config 
266282     DEBUG main            d.u.i.k.j.r.ClassPreparationMethodBuilder clPrepBuilder: Inner Class detected. Reject building class initialisation methods. 
268553     DEBUG main            d.u.i.k.p.i.AbstractProblemLoader Init config took 3.35s 
268603     INFO  main            d.u.i.k.p.i.AbstractProblemLoader Replaying proof LinkedList[List::size()].JML accessible clause.0 
268644     DEBUG main            d.u.i.k.p.i.IntermediateProofReplayer Proof replay took 38.07ms 
268646     DEBUG main            d.u.i.k.p.r.p.TestFile    ... success: reloaded. 
268647     INFO  main            d.u.i.k.p.r.p.TestFile    Now processing file /home/runner/work/key/key/key.core/../key.ui/examples/heap/list/LinkedList_size.key 
268647     INFO  main            d.u.i.k.p.i.AbstractProblemLoader Loading environment from /home/runner/work/key/key/key.core/../key.ui/examples/heap/list/LinkedList_size.key 
268647     DEBUG main            d.u.i.k.p.i.AbstractProblemLoader Environment load took 213ns 
268649     INFO  main            d.u.i.k.p.i.AbstractProblemLoader Creating init config 
269719     DEBUG main            d.u.i.k.j.r.ClassPreparationMethodBuilder clPrepBuilder: Inner Class detected. Reject building class initialisation methods. 
271976     DEBUG main            d.u.i.k.p.i.AbstractProblemLoader Init config took 3.33s 
272021     INFO  main            d.u.i.k.p.i.AbstractProblemLoader Replaying proof LinkedList[List::size()].JML normal_behavior operation contract.0 
272023     DEBUG main            d.u.i.k.p.i.IntermediateProofReplayer Proof replay took 7ns 
272526     INFO  main            d.u.i.k.p.r.p.TestFile    ... finished proof: closed. 
272920     INFO  main            d.u.i.k.p.i.AbstractProblemLoader Loading environment from /home/runner/work/key/key/key.core/../key.ui/examples/heap/list/LinkedList_size.key.proof 
272921     DEBUG main            d.u.i.k.p.i.AbstractProblemLoader Environment load took 220.5ns 
272922     INFO  main            d.u.i.k.p.i.AbstractProblemLoader Creating init config 
273981     DEBUG main            d.u.i.k.j.r.ClassPreparationMethodBuilder clPrepBuilder: Inner Class detected. Reject building class initialisation methods. 
276318     DEBUG main            d.u.i.k.p.i.AbstractProblemLoader Init config took 3.4s 
276370     INFO  main            d.u.i.k.p.i.AbstractProblemLoader Replaying proof LinkedList[List::size()].JML normal_behavior operation contract.0 
276408     DEBUG main            d.u.i.k.p.i.IntermediateProofReplayer Proof replay took 34.61ms 
276409     DEBUG main            d.u.i.k.p.r.p.TestFile    ... success: reloaded. 
276410     INFO  main            d.u.i.k.p.r.p.TestFile    Now processing file /home/runner/work/key/key/key.core/../key.ui/examples/heap/list/MySet_footprint.key 
276410     INFO  main            d.u.i.k.p.i.AbstractProblemLoader Loading environment from /home/runner/work/key/key/key.core/../key.ui/examples/heap/list/MySet_footprint.key 
276410     DEBUG main            d.u.i.k.p.i.AbstractProblemLoader Environment load took 95.5ns 
276411     INFO  main            d.u.i.k.p.i.AbstractProblemLoader Creating init config 
277501     DEBUG main            d.u.i.k.j.r.ClassPreparationMethodBuilder clPrepBuilder: Inner Class detected. Reject building class initialisation methods. 
279870     DEBUG main            d.u.i.k.p.i.AbstractProblemLoader Init config took 3.46s 
279927     INFO  main            d.u.i.k.p.i.AbstractProblemLoader Replaying proof MySet[MySet::$footprint()].JML accessible clause.0 
279929     DEBUG main            d.u.i.k.p.i.IntermediateProofReplayer Proof replay took 6.8ns 
280232     INFO  main            d.u.i.k.p.r.p.TestFile    ... finished proof: closed. 
280649     INFO  main            d.u.i.k.p.i.AbstractProblemLoader Loading environment from /home/runner/work/key/key/key.core/../key.ui/examples/heap/list/MySet_footprint.key.proof 
280649     DEBUG main            d.u.i.k.p.i.AbstractProblemLoader Environment load took 133.5ns 
280650     INFO  main            d.u.i.k.p.i.AbstractProblemLoader Creating init config 
281751     DEBUG main            d.u.i.k.j.r.ClassPreparationMethodBuilder clPrepBuilder: Inner Class detected. Reject building class initialisation methods. 
283992     DEBUG main            d.u.i.k.p.i.AbstractProblemLoader Init config took 3.34s 
284043     INFO  main            d.u.i.k.p.i.AbstractProblemLoader Replaying proof MySet[MySet::$footprint()].JML accessible clause.0 
284072     DEBUG main            d.u.i.k.p.i.IntermediateProofReplayer Proof replay took 26.05ms 
284073     DEBUG main            d.u.i.k.p.r.p.TestFile    ... success: reloaded. 
284074     INFO  main            d.u.i.k.p.r.p.TestFile    Now processing file /home/runner/work/key/key/key.core/../key.ui/examples/heap/list/MySet_MySet.key 
284074     INFO  main            d.u.i.k.p.i.AbstractProblemLoader Loading environment from /home/runner/work/key/key/key.core/../key.ui/examples/heap/list/MySet_MySet.key 
284074     DEBUG main            d.u.i.k.p.i.AbstractProblemLoader Environment load took 130.3ns 
284075     INFO  main            d.u.i.k.p.i.AbstractProblemLoader Creating init config 
285163     DEBUG main            d.u.i.k.j.r.ClassPreparationMethodBuilder clPrepBuilder: Inner Class detected. Reject building class initialisation methods. 
287608     DEBUG main            d.u.i.k.p.i.AbstractProblemLoader Init config took 3.53s 
287668     INFO  main            d.u.i.k.p.i.AbstractProblemLoader Replaying proof MySet[MySet::MySet()].JML normal_behavior operation contract.0 
287670     DEBUG main            d.u.i.k.p.i.IntermediateProofReplayer Proof replay took 7.3ns 
290534     INFO  main            d.u.i.k.p.r.p.TestFile    ... finished proof: closed. 
290955     INFO  main            d.u.i.k.p.i.AbstractProblemLoader Loading environment from /home/runner/work/key/key/key.core/../key.ui/examples/heap/list/MySet_MySet.key.proof 
290955     DEBUG main            d.u.i.k.p.i.AbstractProblemLoader Environment load took 155.1ns 
290956     INFO  main            d.u.i.k.p.i.AbstractProblemLoader Creating init config 
292011     DEBUG main            d.u.i.k.j.r.ClassPreparationMethodBuilder clPrepBuilder: Inner Class detected. Reject building class initialisation methods. 
294335     DEBUG main            d.u.i.k.p.i.AbstractProblemLoader Init config took 3.38s 
294386     INFO  main            d.u.i.k.p.i.AbstractProblemLoader Replaying proof MySet[MySet::MySet()].JML normal_behavior operation contract.0 
294743     DEBUG main            d.u.i.k.p.i.IntermediateProofReplayer Proof replay took 346.16ms 
294745     DEBUG main            d.u.i.k.p.r.p.TestFile    ... success: reloaded. 
1255793    INFO  Test worker     d.u.i.k.p.r.RunAllProofsTestUnit Returning from test list 
1255795    INFO  Test worker     d.u.i.k.p.r.RunAllProofsTestUnit Running test list_ghost 
417        INFO  Timeout watchdog d.u.i.k.p.r.p.ForkedTestFileRunner Timeout watcher launched (2000 secs.) 
434        WARN  main            d.u.i.k.s.ProofSettings   The settings in /home/runner/.key/proof-settings.props are *not* read. 
472        INFO  main            d.u.i.k.p.r.p.TestFile    Now processing file /home/runner/work/key/key/key.core/../key.ui/examples/heap/list_ghost/ArrayList_add.key 
600        INFO  main            d.u.i.k.p.i.AbstractProblemLoader Loading environment from /home/runner/work/key/key/key.core/../key.ui/examples/heap/list_ghost/ArrayList_add.key 
619        DEBUG main            d.u.i.k.p.i.AbstractProblemLoader Environment load took 2.51ms 
893        INFO  main            d.u.i.k.p.i.AbstractProblemLoader Creating init config 
1984       DEBUG main            d.u.i.k.j.TypeConverter   No LDT found for Meta 
1984       DEBUG main            d.u.i.k.j.TypeConverter   No LDT found for Meta 
1987       DEBUG main            d.u.i.k.j.TypeConverter   No LDT found for Meta 
1987       DEBUG main            d.u.i.k.j.TypeConverter   No LDT found for Meta 
3546       DEBUG main            d.u.i.k.j.TypeConverter   No LDT found for JavaBigintExpression 
9463       DEBUG main            d.u.i.k.p.i.AbstractProblemLoader Init config took 8.57s 
9606       INFO  main            d.u.i.k.p.i.AbstractProblemLoader Replaying proof ArrayList[List::add(java.lang.Object)].JML normal_behavior operation contract.0 
9643       DEBUG main            d.u.i.k.p.i.IntermediateProofReplayer Proof replay took 32ns 
15405      INFO  main            d.u.i.k.p.r.p.TestFile    ... finished proof: closed. 
15596      INFO  main            d.u.i.k.p.i.AbstractProblemLoader Loading environment from /home/runner/work/key/key/key.core/../key.ui/examples/heap/list_ghost/ArrayList_add.key.proof 
15597      DEBUG main            d.u.i.k.p.i.AbstractProblemLoader Environment load took 573.1ns 
15600      INFO  main            d.u.i.k.p.i.AbstractProblemLoader Creating init config 
18891      DEBUG main            d.u.i.k.p.i.AbstractProblemLoader Init config took 3.29s 
18988      INFO  main            d.u.i.k.p.i.AbstractProblemLoader Replaying proof ArrayList[List::add(java.lang.Object)].JML normal_behavior operation contract.0 
19584      DEBUG main            d.u.i.k.p.i.IntermediateProofReplayer Proof replay took 559.72ms 
19597      DEBUG main            d.u.i.k.p.r.p.TestFile    ... success: reloaded. 
19603      INFO  main            d.u.i.k.p.r.p.TestFile    Now processing file /home/runner/work/key/key/key.core/../key.ui/examples/heap/list_ghost/ArrayList_ArrayList.key 
19604      INFO  main            d.u.i.k.p.i.AbstractProblemLoader Loading environment from /home/runner/work/key/key/key.core/../key.ui/examples/heap/list_ghost/ArrayList_ArrayList.key 
19604      DEBUG main            d.u.i.k.p.i.AbstractProblemLoader Environment load took 291ns 
19609      INFO  main            d.u.i.k.p.i.AbstractProblemLoader Creating init config 
22656      DEBUG main            d.u.i.k.p.i.AbstractProblemLoader Init config took 3.05s 
22721      INFO  main            d.u.i.k.p.i.AbstractProblemLoader Replaying proof ArrayList[ArrayList::ArrayList()].JML normal_behavior operation contract.0 
22724      DEBUG main            d.u.i.k.p.i.IntermediateProofReplayer Proof replay took 7.1ns 
23930      INFO  main            d.u.i.k.p.r.p.TestFile    ... finished proof: closed. 
24098      INFO  main            d.u.i.k.p.i.AbstractProblemLoader Loading environment from /home/runner/work/key/key/key.core/../key.ui/examples/heap/list_ghost/ArrayList_ArrayList.key.proof 
24100      DEBUG main            d.u.i.k.p.i.AbstractProblemLoader Environment load took 1.31ms 
24103      INFO  main            d.u.i.k.p.i.AbstractProblemLoader Creating init config 
27137      DEBUG main            d.u.i.k.p.i.AbstractProblemLoader Init config took 3.03s 
27208      INFO  main            d.u.i.k.p.i.AbstractProblemLoader Replaying proof ArrayList[ArrayList::ArrayList()].JML normal_behavior operation contract.0 
27395      DEBUG main            d.u.i.k.p.i.IntermediateProofReplayer Proof replay took 174.7ms 
27399      DEBUG main            d.u.i.k.p.r.p.TestFile    ... success: reloaded. 
27401      INFO  main            d.u.i.k.p.r.p.TestFile    Now processing file /home/runner/work/key/key/key.core/../key.ui/examples/heap/list_ghost/ArrayList_enlarge.key 
27401      INFO  main            d.u.i.k.p.i.AbstractProblemLoader Loading environment from /home/runner/work/key/key/key.core/../key.ui/examples/heap/list_ghost/ArrayList_enlarge.key 
27401      DEBUG main            d.u.i.k.p.i.AbstractProblemLoader Environment load took 169.3ns 
27403      INFO  main            d.u.i.k.p.i.AbstractProblemLoader Creating init config 
30417      DEBUG main            d.u.i.k.p.i.AbstractProblemLoader Init config took 3.01s 
30471      INFO  main            d.u.i.k.p.i.AbstractProblemLoader Replaying proof ArrayList[ArrayList::enlarge()].JML normal_behavior operation contract.0 
30474      DEBUG main            d.u.i.k.p.i.IntermediateProofReplayer Proof replay took 6.5ns 
32785      INFO  main            d.u.i.k.p.r.p.TestFile    ... finished proof: closed. 
33003      INFO  main            d.u.i.k.p.i.AbstractProblemLoader Loading environment from /home/runner/work/key/key/key.core/../key.ui/examples/heap/list_ghost/ArrayList_enlarge.key.proof 
33003      DEBUG main            d.u.i.k.p.i.AbstractProblemLoader Environment load took 163.9ns 
33011      INFO  main            d.u.i.k.p.i.AbstractProblemLoader Creating init config 
36128      DEBUG main            d.u.i.k.p.i.AbstractProblemLoader Init config took 3.12s 
36181      INFO  main            d.u.i.k.p.i.AbstractProblemLoader Replaying proof ArrayList[ArrayList::enlarge()].JML normal_behavior operation contract.0 
36586      DEBUG main            d.u.i.k.p.i.IntermediateProofReplayer Proof replay took 393.39ms 
36588      DEBUG main            d.u.i.k.p.r.p.TestFile    ... success: reloaded. 
36590      INFO  main            d.u.i.k.p.r.p.TestFile    Now processing file /home/runner/work/key/key/key.core/../key.ui/examples/heap/list_ghost/ArrayList_get_dep.key 
36590      INFO  main            d.u.i.k.p.i.AbstractProblemLoader Loading environment from /home/runner/work/key/key/key.core/../key.ui/examples/heap/list_ghost/ArrayList_get_dep.key 
36591      DEBUG main            d.u.i.k.p.i.AbstractProblemLoader Environment load took 332.7ns 
36592      INFO  main            d.u.i.k.p.i.AbstractProblemLoader Creating init config 
39620      DEBUG main            d.u.i.k.p.i.AbstractProblemLoader Init config took 3.03s 
39704      INFO  main            d.u.i.k.p.i.AbstractProblemLoader Replaying proof ArrayList[List::get(int)].JML accessible clause.0 
39707      DEBUG main            d.u.i.k.p.i.IntermediateProofReplayer Proof replay took 6.3ns 
40112      INFO  main            d.u.i.k.p.r.p.TestFile    ... finished proof: closed. 
40343      INFO  main            d.u.i.k.p.i.AbstractProblemLoader Loading environment from /home/runner/work/key/key/key.core/../key.ui/examples/heap/list_ghost/ArrayList_get_dep.key.proof 
40345      DEBUG main            d.u.i.k.p.i.AbstractProblemLoader Environment load took 1.52ms 
40346      INFO  main            d.u.i.k.p.i.AbstractProblemLoader Creating init config 
43360      DEBUG main            d.u.i.k.p.i.AbstractProblemLoader Init config took 3.01s 
43425      INFO  main            d.u.i.k.p.i.AbstractProblemLoader Replaying proof ArrayList[List::get(int)].JML accessible clause.0 
43501      DEBUG main            d.u.i.k.p.i.IntermediateProofReplayer Proof replay took 70.73ms 
43502      DEBUG main            d.u.i.k.p.r.p.TestFile    ... success: reloaded. 
43503      INFO  main            d.u.i.k.p.r.p.TestFile    Now processing file /home/runner/work/key/key/key.core/../key.ui/examples/heap/list_ghost/ArrayList_get_exceptional.key 
43503      INFO  main            d.u.i.k.p.i.AbstractProblemLoader Loading environment from /home/runner/work/key/key/key.core/../key.ui/examples/heap/list_ghost/ArrayList_get_exceptional.key 
43504      DEBUG main            d.u.i.k.p.i.AbstractProblemLoader Environment load took 204.4ns 
43505      INFO  main            d.u.i.k.p.i.AbstractProblemLoader Creating init config 
46481      DEBUG main            d.u.i.k.p.i.AbstractProblemLoader Init config took 2.98s 
46536      INFO  main            d.u.i.k.p.i.AbstractProblemLoader Replaying proof ArrayList[List::get(int)].JML exceptional_behavior operation contract.0 
46539      DEBUG main            d.u.i.k.p.i.IntermediateProofReplayer Proof replay took 7.7ns 
47444      INFO  main            d.u.i.k.p.r.p.TestFile    ... finished proof: closed. 
47638      INFO  main            d.u.i.k.p.i.AbstractProblemLoader Loading environment from /home/runner/work/key/key/key.core/../key.ui/examples/heap/list_ghost/ArrayList_get_exceptional.key.proof 
47639      DEBUG main            d.u.i.k.p.i.AbstractProblemLoader Environment load took 799.4ns 
47641      INFO  main            d.u.i.k.p.i.AbstractProblemLoader Creating init config 
50643      DEBUG main            d.u.i.k.p.i.AbstractProblemLoader Init config took 3s 
50692      INFO  main            d.u.i.k.p.i.AbstractProblemLoader Replaying proof ArrayList[List::get(int)].JML exceptional_behavior operation contract.0 
50844      DEBUG main            d.u.i.k.p.i.IntermediateProofReplayer Proof replay took 145.16ms 
50845      DEBUG main            d.u.i.k.p.r.p.TestFile    ... success: reloaded. 
50846      INFO  main            d.u.i.k.p.r.p.TestFile    Now processing file /home/runner/work/key/key/key.core/../key.ui/examples/heap/list_ghost/ArrayList_get_normal.key 
50847      INFO  main            d.u.i.k.p.i.AbstractProblemLoader Loading environment from /home/runner/work/key/key/key.core/../key.ui/examples/heap/list_ghost/ArrayList_get_normal.key 
50847      DEBUG main            d.u.i.k.p.i.AbstractProblemLoader Environment load took 325.3ns 
50848      INFO  main            d.u.i.k.p.i.AbstractProblemLoader Creating init config 
53811      DEBUG main            d.u.i.k.p.i.AbstractProblemLoader Init config took 2.96s 
53859      INFO  main            d.u.i.k.p.i.AbstractProblemLoader Replaying proof ArrayList[List::get(int)].JML normal_behavior operation contract.0 
53862      DEBUG main            d.u.i.k.p.i.IntermediateProofReplayer Proof replay took 7ns 
54170      INFO  main            d.u.i.k.p.r.p.TestFile    ... finished proof: closed. 
54365      INFO  main            d.u.i.k.p.i.AbstractProblemLoader Loading environment from /home/runner/work/key/key/key.core/../key.ui/examples/heap/list_ghost/ArrayList_get_normal.key.proof 
54366      DEBUG main            d.u.i.k.p.i.AbstractProblemLoader Environment load took 656.9ns 
54368      INFO  main            d.u.i.k.p.i.AbstractProblemLoader Creating init config 
57263      DEBUG main            d.u.i.k.p.i.AbstractProblemLoader Init config took 2.9s 
57311      INFO  main            d.u.i.k.p.i.AbstractProblemLoader Replaying proof ArrayList[List::get(int)].JML normal_behavior operation contract.0 
57386      DEBUG main            d.u.i.k.p.i.IntermediateProofReplayer Proof replay took 69.7ms 
57389      DEBUG main            d.u.i.k.p.r.p.TestFile    ... success: reloaded. 
57394      INFO  main            d.u.i.k.p.r.p.TestFile    Now processing file /home/runner/work/key/key/key.core/../key.ui/examples/heap/list_ghost/ArrayList_inv.key 
57395      INFO  main            d.u.i.k.p.i.AbstractProblemLoader Loading environment from /home/runner/work/key/key/key.core/../key.ui/examples/heap/list_ghost/ArrayList_inv.key 
57396      DEBUG main            d.u.i.k.p.i.AbstractProblemLoader Environment load took 295.3ns 
57397      INFO  main            d.u.i.k.p.i.AbstractProblemLoader Creating init config 
60315      DEBUG main            d.u.i.k.p.i.AbstractProblemLoader Init config took 2.92s 
60363      INFO  main            d.u.i.k.p.i.AbstractProblemLoader Replaying proof ArrayList[java.lang.Object::<inv>()].JML accessible clause.0 
60368      DEBUG main            d.u.i.k.p.i.IntermediateProofReplayer Proof replay took 7.8ns 
60471      INFO  main            d.u.i.k.p.r.p.TestFile    ... finished proof: closed. 
60668      INFO  main            d.u.i.k.p.i.AbstractProblemLoader Loading environment from /home/runner/work/key/key/key.core/../key.ui/examples/heap/list_ghost/ArrayList_inv.key.proof 
60668      DEBUG main            d.u.i.k.p.i.AbstractProblemLoader Environment load took 121ns 
60669      INFO  main            d.u.i.k.p.i.AbstractProblemLoader Creating init config 
63566      DEBUG main            d.u.i.k.p.i.AbstractProblemLoader Init config took 2.9s 
63618      INFO  main            d.u.i.k.p.i.AbstractProblemLoader Replaying proof ArrayList[java.lang.Object::<inv>()].JML accessible clause.0 
63631      DEBUG main            d.u.i.k.p.i.IntermediateProofReplayer Proof replay took 9.78ms 
63632      DEBUG main            d.u.i.k.p.r.p.TestFile    ... success: reloaded. 
63634      INFO  main            d.u.i.k.p.r.p.TestFile    Now processing file /home/runner/work/key/key/key.core/../key.ui/examples/heap/list_ghost/ArrayList_size_dep.key 
63634      INFO  main            d.u.i.k.p.i.AbstractProblemLoader Loading environment from /home/runner/work/key/key/key.core/../key.ui/examples/heap/list_ghost/ArrayList_size_dep.key 
63634      DEBUG main            d.u.i.k.p.i.AbstractProblemLoader Environment load took 287.8ns 
63635      INFO  main            d.u.i.k.p.i.AbstractProblemLoader Creating init config 
66461      DEBUG main            d.u.i.k.p.i.AbstractProblemLoader Init config took 2.83s 
66509      INFO  main            d.u.i.k.p.i.AbstractProblemLoader Replaying proof ArrayList[List::size()].JML accessible clause.0 
66511      DEBUG main            d.u.i.k.p.i.IntermediateProofReplayer Proof replay took 7.5ns 
66617      INFO  main            d.u.i.k.p.r.p.TestFile    ... finished proof: closed. 
66819      INFO  main            d.u.i.k.p.i.AbstractProblemLoader Loading environment from /home/runner/work/key/key/key.core/../key.ui/examples/heap/list_ghost/ArrayList_size_dep.key.proof 
66819      DEBUG main            d.u.i.k.p.i.AbstractProblemLoader Environment load took 127ns 
66820      INFO  main            d.u.i.k.p.i.AbstractProblemLoader Creating init config 
69684      DEBUG main            d.u.i.k.p.i.AbstractProblemLoader Init config took 2.86s 
69733      INFO  main            d.u.i.k.p.i.AbstractProblemLoader Replaying proof ArrayList[List::size()].JML accessible clause.0 
69750      DEBUG main            d.u.i.k.p.i.IntermediateProofReplayer Proof replay took 14.03ms 
69751      DEBUG main            d.u.i.k.p.r.p.TestFile    ... success: reloaded. 
69757      INFO  main            d.u.i.k.p.r.p.TestFile    Now processing file /home/runner/work/key/key/key.core/../key.ui/examples/heap/list_ghost/ArrayList_size.key 
69758      INFO  main            d.u.i.k.p.i.AbstractProblemLoader Loading environment from /home/runner/work/key/key/key.core/../key.ui/examples/heap/list_ghost/ArrayList_size.key 
69759      DEBUG main            d.u.i.k.p.i.AbstractProblemLoader Environment load took 557.4ns 
69760      INFO  main            d.u.i.k.p.i.AbstractProblemLoader Creating init config 
72566      DEBUG main            d.u.i.k.p.i.AbstractProblemLoader Init config took 2.81s 
72611      INFO  main            d.u.i.k.p.i.AbstractProblemLoader Replaying proof ArrayList[List::size()].JML normal_behavior operation contract.0 
72613      DEBUG main            d.u.i.k.p.i.IntermediateProofReplayer Proof replay took 6.4ns 
72717      INFO  main            d.u.i.k.p.r.p.TestFile    ... finished proof: closed. 
72925      INFO  main            d.u.i.k.p.i.AbstractProblemLoader Loading environment from /home/runner/work/key/key/key.core/../key.ui/examples/heap/list_ghost/ArrayList_size.key.proof 
72925      DEBUG main            d.u.i.k.p.i.AbstractProblemLoader Environment load took 133ns 
72931      INFO  main            d.u.i.k.p.i.AbstractProblemLoader Creating init config 
75822      DEBUG main            d.u.i.k.p.i.AbstractProblemLoader Init config took 2.89s 
75872      INFO  main            d.u.i.k.p.i.AbstractProblemLoader Replaying proof ArrayList[List::size()].JML normal_behavior operation contract.0 
75889      DEBUG main            d.u.i.k.p.i.IntermediateProofReplayer Proof replay took 14.82ms 
75890      DEBUG main            d.u.i.k.p.r.p.TestFile    ... success: reloaded. 
1331900    INFO  Test worker     d.u.i.k.p.r.RunAllProofsTestUnit Returning from test list_ghost 
1331901    INFO  Test worker     d.u.i.k.p.r.RunAllProofsTestUnit Running test list_recursive 
372        INFO  Timeout watchdog d.u.i.k.p.r.p.ForkedTestFileRunner Timeout watcher launched (2000 secs.) 
389        WARN  main            d.u.i.k.s.ProofSettings   The settings in /home/runner/.key/proof-settings.props are *not* read. 
425        INFO  main            d.u.i.k.p.r.p.TestFile    Now processing file /home/runner/work/key/key/key.core/../key.ui/examples/heap/list_recursiveSpec/ListOperationsNonNull_getNextNN_normal_behavior.key 
550        INFO  main            d.u.i.k.p.i.AbstractProblemLoader Loading environment from /home/runner/work/key/key/key.core/../key.ui/examples/heap/list_recursiveSpec/ListOperationsNonNull_getNextNN_normal_behavior.key 
569        DEBUG main            d.u.i.k.p.i.AbstractProblemLoader Environment load took 2.79ms 
812        INFO  main            d.u.i.k.p.i.AbstractProblemLoader Creating init config 
1826       DEBUG main            d.u.i.k.j.TypeConverter   No LDT found for Meta 
1827       DEBUG main            d.u.i.k.j.TypeConverter   No LDT found for Meta 
1830       DEBUG main            d.u.i.k.j.TypeConverter   No LDT found for Meta 
1831       DEBUG main            d.u.i.k.j.TypeConverter   No LDT found for Meta 
3497       DEBUG main            d.u.i.k.j.TypeConverter   No LDT found for JavaBigintExpression 
9414       DEBUG main            d.u.i.k.p.i.AbstractProblemLoader Init config took 8.6s 
9665       INFO  main            d.u.i.k.p.i.AbstractProblemLoader Replaying proof ListOperationsNonNull[ListOperationsNonNull::getNextNN(ListNN,int)].JML normal_behavior operation contract.0 
9713       DEBUG main            d.u.i.k.p.i.IntermediateProofReplayer Proof replay took 36ns 
11362      INFO  main            d.u.i.k.p.r.p.TestFile    ... finished proof: closed. 
11521      INFO  main            d.u.i.k.p.i.AbstractProblemLoader Loading environment from /home/runner/work/key/key/key.core/../key.ui/examples/heap/list_recursiveSpec/ListOperationsNonNull_getNextNN_normal_behavior.key.proof 
11521      DEBUG main            d.u.i.k.p.i.AbstractProblemLoader Environment load took 171.7ns 
11524      INFO  main            d.u.i.k.p.i.AbstractProblemLoader Creating init config 
15008      DEBUG main            d.u.i.k.p.i.AbstractProblemLoader Init config took 3.48s 
15088      INFO  main            d.u.i.k.p.i.AbstractProblemLoader Replaying proof ListOperationsNonNull[ListOperationsNonNull::getNextNN(ListNN,int)].JML normal_behavior operation contract.0 
15330      DEBUG main            d.u.i.k.p.i.IntermediateProofReplayer Proof replay took 232.37ms 
15342      DEBUG main            d.u.i.k.p.r.p.TestFile    ... success: reloaded. 
15352      INFO  main            d.u.i.k.p.r.p.TestFile    Now processing file /home/runner/work/key/key/key.core/../key.ui/examples/heap/list_recursiveSpec/ListOperationsNonNull_setValueAt_normal_behavior.key 
15352      INFO  main            d.u.i.k.p.i.AbstractProblemLoader Loading environment from /home/runner/work/key/key/key.core/../key.ui/examples/heap/list_recursiveSpec/ListOperationsNonNull_setValueAt_normal_behavior.key 
15352      DEBUG main            d.u.i.k.p.i.AbstractProblemLoader Environment load took 215ns 
15356      INFO  main            d.u.i.k.p.i.AbstractProblemLoader Creating init config 
18758      DEBUG main            d.u.i.k.p.i.AbstractProblemLoader Init config took 3.4s 
18829      INFO  main            d.u.i.k.p.i.AbstractProblemLoader Replaying proof ListOperationsNonNull[ListOperationsNonNull::setValueAt_NN(ListNN,int,int)].JML normal_behavior operation contract.0 
18833      DEBUG main            d.u.i.k.p.i.IntermediateProofReplayer Proof replay took 6.9ns 
18865      DEBUG main            d.u.i.k.m.s.ProofScriptEngine 1: 'macro autopilot' 
21509      DEBUG main            d.u.i.k.m.s.ProofScriptEngine 2: 'macro simp-upd' 
21515      DEBUG main            d.u.i.k.m.s.ProofScriptEngine 3: 'rule observerDependencyEQ' 
21530      DEBUG main            d.u.i.k.m.s.ProofScriptEngine 4: 'tryclose' 
21562      INFO  main            d.u.i.k.p.r.p.TestFile    ... finished proof: closed. 
21809      INFO  main            d.u.i.k.p.i.AbstractProblemLoader Loading environment from /home/runner/work/key/key/key.core/../key.ui/examples/heap/list_recursiveSpec/ListOperationsNonNull_setValueAt_normal_behavior.key.proof 
21810      DEBUG main            d.u.i.k.p.i.AbstractProblemLoader Environment load took 701ns 
21811      INFO  main            d.u.i.k.p.i.AbstractProblemLoader Creating init config 
25030      DEBUG main            d.u.i.k.p.i.AbstractProblemLoader Init config took 3.22s 
25092      INFO  main            d.u.i.k.p.i.AbstractProblemLoader Replaying proof ListOperationsNonNull[ListOperationsNonNull::setValueAt_NN(ListNN,int,int)].JML normal_behavior operation contract.0 
25256      DEBUG main            d.u.i.k.p.i.IntermediateProofReplayer Proof replay took 156.27ms 
25258      DEBUG main            d.u.i.k.p.r.p.TestFile    ... success: reloaded. 
1357345    INFO  Test worker     d.u.i.k.p.r.RunAllProofsTestUnit Returning from test list_recursive 
1357347    INFO  Test worker     d.u.i.k.p.r.RunAllProofsTestUnit Running test list_seq 
396        INFO  Timeout watchdog d.u.i.k.p.r.p.ForkedTestFileRunner Timeout watcher launched (2000 secs.) 
414        WARN  main            d.u.i.k.s.ProofSettings   The settings in /home/runner/.key/proof-settings.props are *not* read. 
459        INFO  main            d.u.i.k.p.r.p.TestFile    Now processing file /home/runner/work/key/key/key.core/../key.ui/examples/heap/list_seq/SimplifiedLinkedList.remove.key 
623        INFO  main            d.u.i.k.p.i.AbstractProblemLoader Loading environment from /home/runner/work/key/key/key.core/../key.ui/examples/heap/list_seq/SimplifiedLinkedList.remove.key 
643        DEBUG main            d.u.i.k.p.i.AbstractProblemLoader Environment load took 2.41ms 
924        INFO  main            d.u.i.k.p.i.AbstractProblemLoader Creating init config 
2149       DEBUG main            d.u.i.k.j.TypeConverter   No LDT found for Meta 
2155       DEBUG main            d.u.i.k.j.TypeConverter   No LDT found for Meta 
2159       DEBUG main            d.u.i.k.j.TypeConverter   No LDT found for Meta 
2160       DEBUG main            d.u.i.k.j.TypeConverter   No LDT found for Meta 
4547       DEBUG main            d.u.i.k.j.TypeConverter   No LDT found for JavaBigintExpression 
10937      DEBUG main            d.u.i.k.p.i.AbstractProblemLoader Init config took 10.01s 
11209      INFO  main            d.u.i.k.p.i.AbstractProblemLoader Replaying proof SimplifiedLinkedList[SimplifiedLinkedList::remove(int)].JML normal_behavior operation contract.0 
11298      DEBUG main            d.u.i.k.p.i.IntermediateProofReplayer Proof replay took 44.1ns 
88150      INFO  main            d.u.i.k.p.r.p.TestFile    ... finished proof: closed. 
88611      INFO  main            d.u.i.k.p.i.AbstractProblemLoader Loading environment from /home/runner/work/key/key/key.core/../key.ui/examples/heap/list_seq/SimplifiedLinkedList.remove.key.proof 
88612      DEBUG main            d.u.i.k.p.i.AbstractProblemLoader Environment load took 631.5ns 
88638      INFO  main            d.u.i.k.p.i.AbstractProblemLoader Creating init config 
92175      DEBUG main            d.u.i.k.p.i.AbstractProblemLoader Init config took 3.54s 
92283      INFO  main            d.u.i.k.p.i.AbstractProblemLoader Replaying proof SimplifiedLinkedList[SimplifiedLinkedList::remove(int)].JML normal_behavior operation contract.0 
95777      DEBUG main            d.u.i.k.p.i.IntermediateProofReplayer Proof replay took 3.15s 
95798      DEBUG main            d.u.i.k.p.r.p.TestFile    ... success: reloaded. 
95804      INFO  main            d.u.i.k.p.r.p.TestFile    Now processing file /home/runner/work/key/key/key.core/../key.ui/examples/heap/list_seq/ArrayList.ArrayList.key 
95805      INFO  main            d.u.i.k.p.i.AbstractProblemLoader Loading environment from /home/runner/work/key/key/key.core/../key.ui/examples/heap/list_seq/ArrayList.ArrayList.key 
95805      DEBUG main            d.u.i.k.p.i.AbstractProblemLoader Environment load took 273.6ns 
95810      INFO  main            d.u.i.k.p.i.AbstractProblemLoader Creating init config 
99560      DEBUG main            d.u.i.k.p.i.AbstractProblemLoader Init config took 3.75s 
99655      INFO  main            d.u.i.k.p.i.AbstractProblemLoader Replaying proof ArrayList[ArrayList::ArrayList()].JML normal_behavior operation contract.0 
99658      DEBUG main            d.u.i.k.p.i.IntermediateProofReplayer Proof replay took 6.5ns 
100662     INFO  main            d.u.i.k.p.r.p.TestFile    ... finished proof: closed. 
100861     INFO  main            d.u.i.k.p.i.AbstractProblemLoader Loading environment from /home/runner/work/key/key/key.core/../key.ui/examples/heap/list_seq/ArrayList.ArrayList.key.proof 
100862     DEBUG main            d.u.i.k.p.i.AbstractProblemLoader Environment load took 1.41ms 
100865     INFO  main            d.u.i.k.p.i.AbstractProblemLoader Creating init config 
104214     DEBUG main            d.u.i.k.p.i.AbstractProblemLoader Init config took 3.35s 
104301     INFO  main            d.u.i.k.p.i.AbstractProblemLoader Replaying proof ArrayList[ArrayList::ArrayList()].JML normal_behavior operation contract.0 
104442     DEBUG main            d.u.i.k.p.i.IntermediateProofReplayer Proof replay took 135.59ms 
104446     DEBUG main            d.u.i.k.p.r.p.TestFile    ... success: reloaded. 
104448     INFO  main            d.u.i.k.p.r.p.TestFile    Now processing file /home/runner/work/key/key/key.core/../key.ui/examples/heap/list_seq/ArrayList.add.key 
104449     INFO  main            d.u.i.k.p.i.AbstractProblemLoader Loading environment from /home/runner/work/key/key/key.core/../key.ui/examples/heap/list_seq/ArrayList.add.key 
104449     DEBUG main            d.u.i.k.p.i.AbstractProblemLoader Environment load took 311.8ns 
104451     INFO  main            d.u.i.k.p.i.AbstractProblemLoader Creating init config 
107774     DEBUG main            d.u.i.k.p.i.AbstractProblemLoader Init config took 3.32s 
107885     INFO  main            d.u.i.k.p.i.AbstractProblemLoader Replaying proof ArrayList[List::add(java.lang.Object)].JML normal_behavior operation contract.0 
107888     DEBUG main            d.u.i.k.p.i.IntermediateProofReplayer Proof replay took 5.9ns 
111804     INFO  main            d.u.i.k.p.r.p.TestFile    ... finished proof: closed. 
112032     INFO  main            d.u.i.k.p.i.AbstractProblemLoader Loading environment from /home/runner/work/key/key/key.core/../key.ui/examples/heap/list_seq/ArrayList.add.key.proof 
112033     DEBUG main            d.u.i.k.p.i.AbstractProblemLoader Environment load took 549.7ns 
112035     INFO  main            d.u.i.k.p.i.AbstractProblemLoader Creating init config 
115300     DEBUG main            d.u.i.k.p.i.AbstractProblemLoader Init config took 3.27s 
115397     INFO  main            d.u.i.k.p.i.AbstractProblemLoader Replaying proof ArrayList[List::add(java.lang.Object)].JML normal_behavior operation contract.0 
115704     DEBUG main            d.u.i.k.p.i.IntermediateProofReplayer Proof replay took 289.42ms 
115706     DEBUG main            d.u.i.k.p.r.p.TestFile    ... success: reloaded. 
115707     INFO  main            d.u.i.k.p.r.p.TestFile    Now processing file /home/runner/work/key/key/key.core/../key.ui/examples/heap/list_seq/ArrayList.contains.key 
115707     INFO  main            d.u.i.k.p.i.AbstractProblemLoader Loading environment from /home/runner/work/key/key/key.core/../key.ui/examples/heap/list_seq/ArrayList.contains.key 
115708     DEBUG main            d.u.i.k.p.i.AbstractProblemLoader Environment load took 322.8ns 
115709     INFO  main            d.u.i.k.p.i.AbstractProblemLoader Creating init config 
118916     DEBUG main            d.u.i.k.p.i.AbstractProblemLoader Init config took 3.21s 
118999     INFO  main            d.u.i.k.p.i.AbstractProblemLoader Replaying proof ArrayList[List::contains(java.lang.Object)].JML normal_behavior operation contract.0 
119001     DEBUG main            d.u.i.k.p.i.IntermediateProofReplayer Proof replay took 7.2ns 
120712     INFO  main            d.u.i.k.p.r.p.TestFile    ... finished proof: closed. 
120940     INFO  main            d.u.i.k.p.i.AbstractProblemLoader Loading environment from /home/runner/work/key/key/key.core/../key.ui/examples/heap/list_seq/ArrayList.contains.key.proof 
120941     DEBUG main            d.u.i.k.p.i.AbstractProblemLoader Environment load took 850.8ns 
120943     INFO  main            d.u.i.k.p.i.AbstractProblemLoader Creating init config 
124019     DEBUG main            d.u.i.k.p.i.AbstractProblemLoader Init config took 3.08s 
124096     INFO  main            d.u.i.k.p.i.AbstractProblemLoader Replaying proof ArrayList[List::contains(java.lang.Object)].JML normal_behavior operation contract.0 
124289     DEBUG main            d.u.i.k.p.i.IntermediateProofReplayer Proof replay took 185.66ms 
124291     DEBUG main            d.u.i.k.p.r.p.TestFile    ... success: reloaded. 
124292     INFO  main            d.u.i.k.p.r.p.TestFile    Now processing file /home/runner/work/key/key/key.core/../key.ui/examples/heap/list_seq/ArrayList.enlarge.key 
124292     INFO  main            d.u.i.k.p.i.AbstractProblemLoader Loading environment from /home/runner/work/key/key/key.core/../key.ui/examples/heap/list_seq/ArrayList.enlarge.key 
124293     DEBUG main            d.u.i.k.p.i.AbstractProblemLoader Environment load took 245.7ns 
124294     INFO  main            d.u.i.k.p.i.AbstractProblemLoader Creating init config 
127443     DEBUG main            d.u.i.k.p.i.AbstractProblemLoader Init config took 3.15s 
127525     INFO  main            d.u.i.k.p.i.AbstractProblemLoader Replaying proof ArrayList[ArrayList::enlarge()].JML normal_behavior operation contract.0 
127527     DEBUG main            d.u.i.k.p.i.IntermediateProofReplayer Proof replay took 6.1ns 
129667     INFO  main            d.u.i.k.p.r.p.TestFile    ... finished proof: closed. 
129908     INFO  main            d.u.i.k.p.i.AbstractProblemLoader Loading environment from /home/runner/work/key/key/key.core/../key.ui/examples/heap/list_seq/ArrayList.enlarge.key.proof 
129909     DEBUG main            d.u.i.k.p.i.AbstractProblemLoader Environment load took 526.8ns 
129910     INFO  main            d.u.i.k.p.i.AbstractProblemLoader Creating init config 
132999     DEBUG main            d.u.i.k.p.i.AbstractProblemLoader Init config took 3.09s 
133075     INFO  main            d.u.i.k.p.i.AbstractProblemLoader Replaying proof ArrayList[ArrayList::enlarge()].JML normal_behavior operation contract.0 
133343     DEBUG main            d.u.i.k.p.i.IntermediateProofReplayer Proof replay took 259.86ms 
133345     DEBUG main            d.u.i.k.p.r.p.TestFile    ... success: reloaded. 
133346     INFO  main            d.u.i.k.p.r.p.TestFile    Now processing file /home/runner/work/key/key/key.core/../key.ui/examples/heap/list_seq/ArrayList.get.key 
133346     INFO  main            d.u.i.k.p.i.AbstractProblemLoader Loading environment from /home/runner/work/key/key/key.core/../key.ui/examples/heap/list_seq/ArrayList.get.key 
133346     DEBUG main            d.u.i.k.p.i.AbstractProblemLoader Environment load took 153.3ns 
133347     INFO  main            d.u.i.k.p.i.AbstractProblemLoader Creating init config 
136398     DEBUG main            d.u.i.k.p.i.AbstractProblemLoader Init config took 3.05s 
136511     INFO  main            d.u.i.k.p.i.AbstractProblemLoader Replaying proof ArrayList[List::get(int)].JML normal_behavior operation contract.0 
136514     DEBUG main            d.u.i.k.p.i.IntermediateProofReplayer Proof replay took 5.5ns 
137118     INFO  main            d.u.i.k.p.r.p.TestFile    ... finished proof: closed. 
137335     INFO  main            d.u.i.k.p.i.AbstractProblemLoader Loading environment from /home/runner/work/key/key/key.core/../key.ui/examples/heap/list_seq/ArrayList.get.key.proof 
137336     DEBUG main            d.u.i.k.p.i.AbstractProblemLoader Environment load took 457.7ns 
137339     INFO  main            d.u.i.k.p.i.AbstractProblemLoader Creating init config 
140425     DEBUG main            d.u.i.k.p.i.AbstractProblemLoader Init config took 3.09s 
140510     INFO  main            d.u.i.k.p.i.AbstractProblemLoader Replaying proof ArrayList[List::get(int)].JML normal_behavior operation contract.0 
140567     DEBUG main            d.u.i.k.p.i.IntermediateProofReplayer Proof replay took 52.04ms 
140568     DEBUG main            d.u.i.k.p.r.p.TestFile    ... success: reloaded. 
140569     INFO  main            d.u.i.k.p.r.p.TestFile    Now processing file /home/runner/work/key/key/key.core/../key.ui/examples/heap/list_seq/ArrayList.newArray.key 
140569     INFO  main            d.u.i.k.p.i.AbstractProblemLoader Loading environment from /home/runner/work/key/key/key.core/../key.ui/examples/heap/list_seq/ArrayList.newArray.key 
140570     DEBUG main            d.u.i.k.p.i.AbstractProblemLoader Environment load took 131.7ns 
140571     INFO  main            d.u.i.k.p.i.AbstractProblemLoader Creating init config 
143733     DEBUG main            d.u.i.k.p.i.AbstractProblemLoader Init config took 3.16s 
143811     INFO  main            d.u.i.k.p.i.AbstractProblemLoader Replaying proof ArrayList[ArrayList::newArray(int)].JML normal_behavior operation contract.0 
143813     DEBUG main            d.u.i.k.p.i.IntermediateProofReplayer Proof replay took 6.7ns 
144220     INFO  main            d.u.i.k.p.r.p.TestFile    ... finished proof: closed. 
144415     INFO  main            d.u.i.k.p.i.AbstractProblemLoader Loading environment from /home/runner/work/key/key/key.core/../key.ui/examples/heap/list_seq/ArrayList.newArray.key.proof 
144416     DEBUG main            d.u.i.k.p.i.AbstractProblemLoader Environment load took 587ns 
144417     INFO  main            d.u.i.k.p.i.AbstractProblemLoader Creating init config 
147408     DEBUG main            d.u.i.k.p.i.AbstractProblemLoader Init config took 2.99s 
147476     INFO  main            d.u.i.k.p.i.AbstractProblemLoader Replaying proof ArrayList[ArrayList::newArray(int)].JML normal_behavior operation contract.0 
147527     DEBUG main            d.u.i.k.p.i.IntermediateProofReplayer Proof replay took 47.41ms 
147528     DEBUG main            d.u.i.k.p.r.p.TestFile    ... success: reloaded. 
147528     INFO  main            d.u.i.k.p.r.p.TestFile    Now processing file /home/runner/work/key/key/key.core/../key.ui/examples/heap/list_seq/ArrayList.remove.0.key 
147529     INFO  main            d.u.i.k.p.i.AbstractProblemLoader Loading environment from /home/runner/work/key/key/key.core/../key.ui/examples/heap/list_seq/ArrayList.remove.0.key 
147529     DEBUG main            d.u.i.k.p.i.AbstractProblemLoader Environment load took 224.7ns 
147530     INFO  main            d.u.i.k.p.i.AbstractProblemLoader Creating init config 
150694     DEBUG main            d.u.i.k.p.i.AbstractProblemLoader Init config took 3.16s 
150762     INFO  main            d.u.i.k.p.i.AbstractProblemLoader Replaying proof ArrayList[List::remove(java.lang.Object)].JML normal_behavior operation contract.0 
150763     DEBUG main            d.u.i.k.p.i.IntermediateProofReplayer Proof replay took 6.8ns 
152903     INFO  main            d.u.i.k.p.r.p.TestFile    ... finished proof: closed. 
153141     INFO  main            d.u.i.k.p.i.AbstractProblemLoader Loading environment from /home/runner/work/key/key/key.core/../key.ui/examples/heap/list_seq/ArrayList.remove.0.key.proof 
153142     DEBUG main            d.u.i.k.p.i.AbstractProblemLoader Environment load took 606ns 
153144     INFO  main            d.u.i.k.p.i.AbstractProblemLoader Creating init config 
156364     DEBUG main            d.u.i.k.p.i.AbstractProblemLoader Init config took 3.22s 
156459     INFO  main            d.u.i.k.p.i.AbstractProblemLoader Replaying proof ArrayList[List::remove(java.lang.Object)].JML normal_behavior operation contract.0 
156897     DEBUG main            d.u.i.k.p.i.IntermediateProofReplayer Proof replay took 428.97ms 
156899     DEBUG main            d.u.i.k.p.r.p.TestFile    ... success: reloaded. 
156900     INFO  main            d.u.i.k.p.r.p.TestFile    Now processing file /home/runner/work/key/key/key.core/../key.ui/examples/heap/list_seq/ArrayList.remove.1.key 
156900     INFO  main            d.u.i.k.p.i.AbstractProblemLoader Loading environment from /home/runner/work/key/key/key.core/../key.ui/examples/heap/list_seq/ArrayList.remove.1.key 
156900     DEBUG main            d.u.i.k.p.i.AbstractProblemLoader Environment load took 112ns 
156901     INFO  main            d.u.i.k.p.i.AbstractProblemLoader Creating init config 
160212     DEBUG main            d.u.i.k.p.i.AbstractProblemLoader Init config took 3.31s 
160320     INFO  main            d.u.i.k.p.i.AbstractProblemLoader Replaying proof ArrayList[List::remove(java.lang.Object)].JML normal_behavior operation contract.1 
160323     DEBUG main            d.u.i.k.p.i.IntermediateProofReplayer Proof replay took 5.6ns 
172723     INFO  main            d.u.i.k.p.r.p.TestFile    ... finished proof: closed. 
173080     INFO  main            d.u.i.k.p.i.AbstractProblemLoader Loading environment from /home/runner/work/key/key/key.core/../key.ui/examples/heap/list_seq/ArrayList.remove.1.key.proof 
173081     DEBUG main            d.u.i.k.p.i.AbstractProblemLoader Environment load took 255.8ns 
173084     INFO  main            d.u.i.k.p.i.AbstractProblemLoader Creating init config 
176237     DEBUG main            d.u.i.k.p.i.AbstractProblemLoader Init config took 3.15s 
176314     INFO  main            d.u.i.k.p.i.AbstractProblemLoader Replaying proof ArrayList[List::remove(java.lang.Object)].JML normal_behavior operation contract.1 
177288     DEBUG main            d.u.i.k.p.i.IntermediateProofReplayer Proof replay took 937.27ms 
177291     DEBUG main            d.u.i.k.p.r.p.TestFile    ... success: reloaded. 
1534846    INFO  Test worker     d.u.i.k.p.r.RunAllProofsTestUnit Returning from test list_seq 
1534848    INFO  Test worker     d.u.i.k.p.r.RunAllProofsTestUnit Running test observer 
383        INFO  Timeout watchdog d.u.i.k.p.r.p.ForkedTestFileRunner Timeout watcher launched (2000 secs.) 
395        WARN  main            d.u.i.k.s.ProofSettings   The settings in /home/runner/.key/proof-settings.props are *not* read. 
428        INFO  main            d.u.i.k.p.r.p.TestFile    Now processing file /home/runner/work/key/key/key.core/../key.ui/examples/heap/observer/ExampleObserver_ExampleObserver.key 
582        INFO  main            d.u.i.k.p.i.AbstractProblemLoader Loading environment from /home/runner/work/key/key/key.core/../key.ui/examples/heap/observer/ExampleObserver_ExampleObserver.key 
607        DEBUG main            d.u.i.k.p.i.AbstractProblemLoader Environment load took 2.7ms 
862        INFO  main            d.u.i.k.p.i.AbstractProblemLoader Creating init config 
1954       DEBUG main            d.u.i.k.j.TypeConverter   No LDT found for Meta 
1955       DEBUG main            d.u.i.k.j.TypeConverter   No LDT found for Meta 
1957       DEBUG main            d.u.i.k.j.TypeConverter   No LDT found for Meta 
1957       DEBUG main            d.u.i.k.j.TypeConverter   No LDT found for Meta 
3418       DEBUG main            d.u.i.k.j.TypeConverter   No LDT found for JavaBigintExpression 
9204       DEBUG main            d.u.i.k.p.i.AbstractProblemLoader Init config took 8.34s 
9389       INFO  main            d.u.i.k.p.i.AbstractProblemLoader Replaying proof ExampleObserver[ExampleObserver::ExampleObserver(ExampleSubject)].JML normal_behavior operation contract.0 
9436       DEBUG main            d.u.i.k.p.i.IntermediateProofReplayer Proof replay took 39.8ns 
10578      INFO  main            d.u.i.k.p.r.p.TestFile    ... finished proof: closed. 
10745      INFO  main            d.u.i.k.p.i.AbstractProblemLoader Loading environment from /home/runner/work/key/key/key.core/../key.ui/examples/heap/observer/ExampleObserver_ExampleObserver.key.proof 
10746      DEBUG main            d.u.i.k.p.i.AbstractProblemLoader Environment load took 354.2ns 
10748      INFO  main            d.u.i.k.p.i.AbstractProblemLoader Creating init config 
14360      DEBUG main            d.u.i.k.p.i.AbstractProblemLoader Init config took 3.61s 
14443      INFO  main            d.u.i.k.p.i.AbstractProblemLoader Replaying proof ExampleObserver[ExampleObserver::ExampleObserver(ExampleSubject)].JML normal_behavior operation contract.0 
14556      DEBUG main            d.u.i.k.p.i.IntermediateProofReplayer Proof replay took 104.62ms 
14565      DEBUG main            d.u.i.k.p.r.p.TestFile    ... success: reloaded. 
14566      INFO  main            d.u.i.k.p.r.p.TestFile    Now processing file /home/runner/work/key/key/key.core/../key.ui/examples/heap/observer/ExampleObserver_inv.key 
14567      INFO  main            d.u.i.k.p.i.AbstractProblemLoader Loading environment from /home/runner/work/key/key/key.core/../key.ui/examples/heap/observer/ExampleObserver_inv.key 
14567      DEBUG main            d.u.i.k.p.i.AbstractProblemLoader Environment load took 253ns 
14569      INFO  main            d.u.i.k.p.i.AbstractProblemLoader Creating init config 
17986      DEBUG main            d.u.i.k.p.i.AbstractProblemLoader Init config took 3.42s 
18053      INFO  main            d.u.i.k.p.i.AbstractProblemLoader Replaying proof ExampleObserver[java.lang.Object::<inv>()].JML accessible clause.0 
18056      DEBUG main            d.u.i.k.p.i.IntermediateProofReplayer Proof replay took 5.9ns 
18159      INFO  main            d.u.i.k.p.r.p.TestFile    ... finished proof: closed. 
18307      INFO  main            d.u.i.k.p.i.AbstractProblemLoader Loading environment from /home/runner/work/key/key/key.core/../key.ui/examples/heap/observer/ExampleObserver_inv.key.proof 
18308      DEBUG main            d.u.i.k.p.i.AbstractProblemLoader Environment load took 139.5ns 
18309      INFO  main            d.u.i.k.p.i.AbstractProblemLoader Creating init config 
21457      DEBUG main            d.u.i.k.p.i.AbstractProblemLoader Init config took 3.15s 
21520      INFO  main            d.u.i.k.p.i.AbstractProblemLoader Replaying proof ExampleObserver[java.lang.Object::<inv>()].JML accessible clause.0 
21538      DEBUG main            d.u.i.k.p.i.IntermediateProofReplayer Proof replay took 14.95ms 
21540      DEBUG main            d.u.i.k.p.r.p.TestFile    ... success: reloaded. 
21542      INFO  main            d.u.i.k.p.r.p.TestFile    Now processing file /home/runner/work/key/key/key.core/../key.ui/examples/heap/observer/ExampleObserver_subject.key 
21542      INFO  main            d.u.i.k.p.i.AbstractProblemLoader Loading environment from /home/runner/work/key/key/key.core/../key.ui/examples/heap/observer/ExampleObserver_subject.key 
21543      DEBUG main            d.u.i.k.p.i.AbstractProblemLoader Environment load took 256.8ns 
21544      INFO  main            d.u.i.k.p.i.AbstractProblemLoader Creating init config 
24862      DEBUG main            d.u.i.k.p.i.AbstractProblemLoader Init config took 3.32s 
24926      INFO  main            d.u.i.k.p.i.AbstractProblemLoader Replaying proof Observer[Observer::$subject()].JML accessible clause.0 
24929      DEBUG main            d.u.i.k.p.i.IntermediateProofReplayer Proof replay took 6.1ns 
25034      INFO  main            d.u.i.k.p.r.p.TestFile    ... finished proof: closed. 
25222      INFO  main            d.u.i.k.p.i.AbstractProblemLoader Loading environment from /home/runner/work/key/key/key.core/../key.ui/examples/heap/observer/ExampleObserver_subject.key.proof 
25222      DEBUG main            d.u.i.k.p.i.AbstractProblemLoader Environment load took 137.9ns 
25226      INFO  main            d.u.i.k.p.i.AbstractProblemLoader Creating init config 
28360      DEBUG main            d.u.i.k.p.i.AbstractProblemLoader Init config took 3.13s 
28415      INFO  main            d.u.i.k.p.i.AbstractProblemLoader Replaying proof Observer[Observer::$subject()].JML accessible clause.0 
28420      DEBUG main            d.u.i.k.p.i.IntermediateProofReplayer Proof replay took 2.23ms 
28421      DEBUG main            d.u.i.k.p.r.p.TestFile    ... success: reloaded. 
28423      INFO  main            d.u.i.k.p.r.p.TestFile    Now processing file /home/runner/work/key/key/key.core/../key.ui/examples/heap/observer/ExampleObserver_update.key 
28423      INFO  main            d.u.i.k.p.i.AbstractProblemLoader Loading environment from /home/runner/work/key/key/key.core/../key.ui/examples/heap/observer/ExampleObserver_update.key 
28423      DEBUG main            d.u.i.k.p.i.AbstractProblemLoader Environment load took 246ns 
28425      INFO  main            d.u.i.k.p.i.AbstractProblemLoader Creating init config 
31516      DEBUG main            d.u.i.k.p.i.AbstractProblemLoader Init config took 3.09s 
31570      INFO  main            d.u.i.k.p.i.AbstractProblemLoader Replaying proof ExampleObserver[Observer::update()].JML normal_behavior operation contract.0 
31572      DEBUG main            d.u.i.k.p.i.IntermediateProofReplayer Proof replay took 6.2ns 
31994      INFO  main            d.u.i.k.p.r.p.TestFile    ... finished proof: closed. 
32155      INFO  main            d.u.i.k.p.i.AbstractProblemLoader Loading environment from /home/runner/work/key/key/key.core/../key.ui/examples/heap/observer/ExampleObserver_update.key.proof 
32157      DEBUG main            d.u.i.k.p.i.AbstractProblemLoader Environment load took 1.05ms 
32163      INFO  main            d.u.i.k.p.i.AbstractProblemLoader Creating init config 
35378      DEBUG main            d.u.i.k.p.i.AbstractProblemLoader Init config took 3.21s 
35437      INFO  main            d.u.i.k.p.i.AbstractProblemLoader Replaying proof ExampleObserver[Observer::update()].JML normal_behavior operation contract.0 
35541      DEBUG main            d.u.i.k.p.i.IntermediateProofReplayer Proof replay took 98.39ms 
35543      DEBUG main            d.u.i.k.p.r.p.TestFile    ... success: reloaded. 
35545      INFO  main            d.u.i.k.p.r.p.TestFile    Now processing file /home/runner/work/key/key/key.core/../key.ui/examples/heap/observer/ExampleObserver_upToDate.key 
35546      INFO  main            d.u.i.k.p.i.AbstractProblemLoader Loading environment from /home/runner/work/key/key/key.core/../key.ui/examples/heap/observer/ExampleObserver_upToDate.key 
35546      DEBUG main            d.u.i.k.p.i.AbstractProblemLoader Environment load took 224.4ns 
35548      INFO  main            d.u.i.k.p.i.AbstractProblemLoader Creating init config 
38600      DEBUG main            d.u.i.k.p.i.AbstractProblemLoader Init config took 3.05s 
38652      INFO  main            d.u.i.k.p.i.AbstractProblemLoader Replaying proof ExampleObserver[Observer::$upToDate()].JML accessible clause.0 
38654      DEBUG main            d.u.i.k.p.i.IntermediateProofReplayer Proof replay took 6.5ns 
38856      INFO  main            d.u.i.k.p.r.p.TestFile    ... finished proof: closed. 
39118      INFO  main            d.u.i.k.p.i.AbstractProblemLoader Loading environment from /home/runner/work/key/key/key.core/../key.ui/examples/heap/observer/ExampleObserver_upToDate.key.proof 
39118      DEBUG main            d.u.i.k.p.i.AbstractProblemLoader Environment load took 164.3ns 
39120      INFO  main            d.u.i.k.p.i.AbstractProblemLoader Creating init config 
42186      DEBUG main            d.u.i.k.p.i.AbstractProblemLoader Init config took 3.07s 
42265      INFO  main            d.u.i.k.p.i.AbstractProblemLoader Replaying proof ExampleObserver[Observer::$upToDate()].JML accessible clause.0 
42292      DEBUG main            d.u.i.k.p.i.IntermediateProofReplayer Proof replay took 23.56ms 
42294      DEBUG main            d.u.i.k.p.r.p.TestFile    ... success: reloaded. 
42295      INFO  main            d.u.i.k.p.r.p.TestFile    Now processing file /home/runner/work/key/key/key.core/../key.ui/examples/heap/observer/ExampleObserver_value.key 
42296      INFO  main            d.u.i.k.p.i.AbstractProblemLoader Loading environment from /home/runner/work/key/key/key.core/../key.ui/examples/heap/observer/ExampleObserver_value.key 
42297      DEBUG main            d.u.i.k.p.i.AbstractProblemLoader Environment load took 597.1ns 
42298      INFO  main            d.u.i.k.p.i.AbstractProblemLoader Creating init config 
45305      DEBUG main            d.u.i.k.p.i.AbstractProblemLoader Init config took 3.01s 
45360      INFO  main            d.u.i.k.p.i.AbstractProblemLoader Replaying proof ExampleObserver[ExampleObserver::value()].JML normal_behavior operation contract.0 
45361      DEBUG main            d.u.i.k.p.i.IntermediateProofReplayer Proof replay took 22.8ns 
45466      INFO  main            d.u.i.k.p.r.p.TestFile    ... finished proof: closed. 
45660      INFO  main            d.u.i.k.p.i.AbstractProblemLoader Loading environment from /home/runner/work/key/key/key.core/../key.ui/examples/heap/observer/ExampleObserver_value.key.proof 
45660      DEBUG main            d.u.i.k.p.i.AbstractProblemLoader Environment load took 177.5ns 
45661      INFO  main            d.u.i.k.p.i.AbstractProblemLoader Creating init config 
48515      DEBUG main            d.u.i.k.p.i.AbstractProblemLoader Init config took 2.85s 
48570      INFO  main            d.u.i.k.p.i.AbstractProblemLoader Replaying proof ExampleObserver[ExampleObserver::value()].JML normal_behavior operation contract.0 
48590      DEBUG main            d.u.i.k.p.i.IntermediateProofReplayer Proof replay took 18.35ms 
48591      DEBUG main            d.u.i.k.p.r.p.TestFile    ... success: reloaded. 
48593      INFO  main            d.u.i.k.p.r.p.TestFile    Now processing file /home/runner/work/key/key/key.core/../key.ui/examples/heap/observer/ExampleSubject_addObserver.key 
48593      INFO  main            d.u.i.k.p.i.AbstractProblemLoader Loading environment from /home/runner/work/key/key/key.core/../key.ui/examples/heap/observer/ExampleSubject_addObserver.key 
48593      DEBUG main            d.u.i.k.p.i.AbstractProblemLoader Environment load took 157.6ns 
48594      INFO  main            d.u.i.k.p.i.AbstractProblemLoader Creating init config 
51563      DEBUG main            d.u.i.k.p.i.AbstractProblemLoader Init config took 2.97s 
51617      INFO  main            d.u.i.k.p.i.AbstractProblemLoader Replaying proof ExampleSubject[Subject::addObserver(Observer)].JML normal_behavior operation contract.0 
51618      DEBUG main            d.u.i.k.p.i.IntermediateProofReplayer Proof replay took 21.7ns 
57548      INFO  main            d.u.i.k.p.r.p.TestFile    ... finished proof: closed. 
57820      INFO  main            d.u.i.k.p.i.AbstractProblemLoader Loading environment from /home/runner/work/key/key/key.core/../key.ui/examples/heap/observer/ExampleSubject_addObserver.key.proof 
57821      DEBUG main            d.u.i.k.p.i.AbstractProblemLoader Environment load took 505.6ns 
57824      INFO  main            d.u.i.k.p.i.AbstractProblemLoader Creating init config 
60636      DEBUG main            d.u.i.k.p.i.AbstractProblemLoader Init config took 2.81s 
60692      INFO  main            d.u.i.k.p.i.AbstractProblemLoader Replaying proof ExampleSubject[Subject::addObserver(Observer)].JML normal_behavior operation contract.0 
61357      DEBUG main            d.u.i.k.p.i.IntermediateProofReplayer Proof replay took 640.62ms 
61359      DEBUG main            d.u.i.k.p.r.p.TestFile    ... success: reloaded. 
61361      INFO  main            d.u.i.k.p.r.p.TestFile    Now processing file /home/runner/work/key/key/key.core/../key.ui/examples/heap/observer/ExampleSubject_change.key 
61362      INFO  main            d.u.i.k.p.i.AbstractProblemLoader Loading environment from /home/runner/work/key/key/key.core/../key.ui/examples/heap/observer/ExampleSubject_change.key 
61362      DEBUG main            d.u.i.k.p.i.AbstractProblemLoader Environment load took 293.4ns 
61363      INFO  main            d.u.i.k.p.i.AbstractProblemLoader Creating init config 
64277      DEBUG main            d.u.i.k.p.i.AbstractProblemLoader Init config took 2.91s 
64331      INFO  main            d.u.i.k.p.i.AbstractProblemLoader Replaying proof ExampleSubject[ExampleSubject::change()].JML normal_behavior operation contract.0 
64333      DEBUG main            d.u.i.k.p.i.IntermediateProofReplayer Proof replay took 6.5ns 
64938      INFO  main            d.u.i.k.p.r.p.TestFile    ... finished proof: closed. 
65141      INFO  main            d.u.i.k.p.i.AbstractProblemLoader Loading environment from /home/runner/work/key/key/key.core/../key.ui/examples/heap/observer/ExampleSubject_change.key.proof 
65142      DEBUG main            d.u.i.k.p.i.AbstractProblemLoader Environment load took 513.2ns 
65143      INFO  main            d.u.i.k.p.i.AbstractProblemLoader Creating init config 
68078      DEBUG main            d.u.i.k.p.i.AbstractProblemLoader Init config took 2.93s 
68131      INFO  main            d.u.i.k.p.i.AbstractProblemLoader Replaying proof ExampleSubject[ExampleSubject::change()].JML normal_behavior operation contract.0 
68197      DEBUG main            d.u.i.k.p.i.IntermediateProofReplayer Proof replay took 61.02ms 
68198      DEBUG main            d.u.i.k.p.r.p.TestFile    ... success: reloaded. 
68200      INFO  main            d.u.i.k.p.r.p.TestFile    Now processing file /home/runner/work/key/key/key.core/../key.ui/examples/heap/observer/ExampleSubject_ExampleSubject.key 
68200      INFO  main            d.u.i.k.p.i.AbstractProblemLoader Loading environment from /home/runner/work/key/key/key.core/../key.ui/examples/heap/observer/ExampleSubject_ExampleSubject.key 
68201      DEBUG main            d.u.i.k.p.i.AbstractProblemLoader Environment load took 170.1ns 
68202      INFO  main            d.u.i.k.p.i.AbstractProblemLoader Creating init config 
71162      DEBUG main            d.u.i.k.p.i.AbstractProblemLoader Init config took 2.96s 
71210      INFO  main            d.u.i.k.p.i.AbstractProblemLoader Replaying proof ExampleSubject[ExampleSubject::ExampleSubject()].JML normal_behavior operation contract.0 
71212      DEBUG main            d.u.i.k.p.i.IntermediateProofReplayer Proof replay took 6.5ns 
72438      INFO  main            d.u.i.k.p.r.p.TestFile    ... finished proof: closed. 
72680      INFO  main            d.u.i.k.p.i.AbstractProblemLoader Loading environment from /home/runner/work/key/key/key.core/../key.ui/examples/heap/observer/ExampleSubject_ExampleSubject.key.proof 
72680      DEBUG main            d.u.i.k.p.i.AbstractProblemLoader Environment load took 615.5ns 
72682      INFO  main            d.u.i.k.p.i.AbstractProblemLoader Creating init config 
75640      DEBUG main            d.u.i.k.p.i.AbstractProblemLoader Init config took 2.96s 
75697      INFO  main            d.u.i.k.p.i.AbstractProblemLoader Replaying proof ExampleSubject[ExampleSubject::ExampleSubject()].JML normal_behavior operation contract.0 
75860      DEBUG main            d.u.i.k.p.i.IntermediateProofReplayer Proof replay took 155.07ms 
75862      DEBUG main            d.u.i.k.p.r.p.TestFile    ... success: reloaded. 
75863      INFO  main            d.u.i.k.p.r.p.TestFile    Now processing file /home/runner/work/key/key/key.core/../key.ui/examples/heap/observer/ExampleSubject_footprint.key 
75864      INFO  main            d.u.i.k.p.i.AbstractProblemLoader Loading environment from /home/runner/work/key/key/key.core/../key.ui/examples/heap/observer/ExampleSubject_footprint.key 
75864      DEBUG main            d.u.i.k.p.i.AbstractProblemLoader Environment load took 253.5ns 
75865      INFO  main            d.u.i.k.p.i.AbstractProblemLoader Creating init config 
78748      DEBUG main            d.u.i.k.p.i.AbstractProblemLoader Init config took 2.88s 
78802      INFO  main            d.u.i.k.p.i.AbstractProblemLoader Replaying proof ExampleSubject[Subject::$footprint()].JML accessible clause.0 
78805      DEBUG main            d.u.i.k.p.i.IntermediateProofReplayer Proof replay took 7.5ns 
79008      INFO  main            d.u.i.k.p.r.p.TestFile    ... finished proof: closed. 
79237      INFO  main            d.u.i.k.p.i.AbstractProblemLoader Loading environment from /home/runner/work/key/key/key.core/../key.ui/examples/heap/observer/ExampleSubject_footprint.key.proof 
79237      DEBUG main            d.u.i.k.p.i.AbstractProblemLoader Environment load took 134.8ns 
79239      INFO  main            d.u.i.k.p.i.AbstractProblemLoader Creating init config 
82135      DEBUG main            d.u.i.k.p.i.AbstractProblemLoader Init config took 2.9s 
82188      INFO  main            d.u.i.k.p.i.AbstractProblemLoader Replaying proof ExampleSubject[Subject::$footprint()].JML accessible clause.0 
82206      DEBUG main            d.u.i.k.p.i.IntermediateProofReplayer Proof replay took 14.53ms 
82207      DEBUG main            d.u.i.k.p.r.p.TestFile    ... success: reloaded. 
82209      INFO  main            d.u.i.k.p.r.p.TestFile    Now processing file /home/runner/work/key/key/key.core/../key.ui/examples/heap/observer/ExampleSubject_inv.key 
82209      INFO  main            d.u.i.k.p.i.AbstractProblemLoader Loading environment from /home/runner/work/key/key/key.core/../key.ui/examples/heap/observer/ExampleSubject_inv.key 
82209      DEBUG main            d.u.i.k.p.i.AbstractProblemLoader Environment load took 232.1ns 
82210      INFO  main            d.u.i.k.p.i.AbstractProblemLoader Creating init config 
85187      DEBUG main            d.u.i.k.p.i.AbstractProblemLoader Init config took 2.98s 
85239      INFO  main            d.u.i.k.p.i.AbstractProblemLoader Replaying proof ExampleSubject[java.lang.Object::<inv>()].JML accessible clause.0 
85241      DEBUG main            d.u.i.k.p.i.IntermediateProofReplayer Proof replay took 6.5ns 
86547      INFO  main            d.u.i.k.p.r.p.TestFile    ... finished proof: closed. 
86787      INFO  main            d.u.i.k.p.i.AbstractProblemLoader Loading environment from /home/runner/work/key/key/key.core/../key.ui/examples/heap/observer/ExampleSubject_inv.key.proof 
86788      DEBUG main            d.u.i.k.p.i.AbstractProblemLoader Environment load took 623ns 
86789      INFO  main            d.u.i.k.p.i.AbstractProblemLoader Creating init config 
89775      DEBUG main            d.u.i.k.p.i.AbstractProblemLoader Init config took 2.99s 
89826      INFO  main            d.u.i.k.p.i.AbstractProblemLoader Replaying proof ExampleSubject[java.lang.Object::<inv>()].JML accessible clause.0 
89939      DEBUG main            d.u.i.k.p.i.IntermediateProofReplayer Proof replay took 105.47ms 
89943      DEBUG main            d.u.i.k.p.r.p.TestFile    ... success: reloaded. 
89945      INFO  main            d.u.i.k.p.r.p.TestFile    Now processing file /home/runner/work/key/key/key.core/../key.ui/examples/heap/observer/ExampleSubject_notifyObservers.key 
89945      INFO  main            d.u.i.k.p.i.AbstractProblemLoader Loading environment from /home/runner/work/key/key/key.core/../key.ui/examples/heap/observer/ExampleSubject_notifyObservers.key 
89946      DEBUG main            d.u.i.k.p.i.AbstractProblemLoader Environment load took 271.1ns 
89947      INFO  main            d.u.i.k.p.i.AbstractProblemLoader Creating init config 
92932      DEBUG main            d.u.i.k.p.i.AbstractProblemLoader Init config took 2.99s 
92990      INFO  main            d.u.i.k.p.i.AbstractProblemLoader Replaying proof Subject[Subject::notifyObservers()].JML normal_behavior operation contract.0 
92993      DEBUG main            d.u.i.k.p.i.IntermediateProofReplayer Proof replay took 6.7ns 
93095      INFO  main            d.u.i.k.p.r.p.TestFile    ... finished proof: closed. 
93337      INFO  main            d.u.i.k.p.i.AbstractProblemLoader Loading environment from /home/runner/work/key/key/key.core/../key.ui/examples/heap/observer/ExampleSubject_notifyObservers.key.proof 
93337      DEBUG main            d.u.i.k.p.i.AbstractProblemLoader Environment load took 163.1ns 
93338      INFO  main            d.u.i.k.p.i.AbstractProblemLoader Creating init config 
96337      DEBUG main            d.u.i.k.p.i.AbstractProblemLoader Init config took 3s 
96388      INFO  main            d.u.i.k.p.i.AbstractProblemLoader Replaying proof Subject[Subject::notifyObservers()].JML normal_behavior operation contract.0 
96393      DEBUG main            d.u.i.k.p.i.IntermediateProofReplayer Proof replay took 2.51ms 
96394      DEBUG main            d.u.i.k.p.r.p.TestFile    ... success: reloaded. 
96395      INFO  main            d.u.i.k.p.r.p.TestFile    Now processing file /home/runner/work/key/key/key.core/../key.ui/examples/heap/observer/ExampleSubject_value_dep.key 
96395      INFO  main            d.u.i.k.p.i.AbstractProblemLoader Loading environment from /home/runner/work/key/key/key.core/../key.ui/examples/heap/observer/ExampleSubject_value_dep.key 
96396      DEBUG main            d.u.i.k.p.i.AbstractProblemLoader Environment load took 176.1ns 
96398      INFO  main            d.u.i.k.p.i.AbstractProblemLoader Creating init config 
99278      DEBUG main            d.u.i.k.p.i.AbstractProblemLoader Init config took 2.88s 
99360      INFO  main            d.u.i.k.p.i.AbstractProblemLoader Replaying proof ExampleSubject[ExampleSubject::value()].JML accessible clause.0 
99362      DEBUG main            d.u.i.k.p.i.IntermediateProofReplayer Proof replay took 8.8ns 
99465      INFO  main            d.u.i.k.p.r.p.TestFile    ... finished proof: closed. 
99737      INFO  main            d.u.i.k.p.i.AbstractProblemLoader Loading environment from /home/runner/work/key/key/key.core/../key.ui/examples/heap/observer/ExampleSubject_value_dep.key.proof 
99737      DEBUG main            d.u.i.k.p.i.AbstractProblemLoader Environment load took 119.7ns 
99738      INFO  main            d.u.i.k.p.i.AbstractProblemLoader Creating init config 
102634     DEBUG main            d.u.i.k.p.i.AbstractProblemLoader Init config took 2.9s 
102691     INFO  main            d.u.i.k.p.i.AbstractProblemLoader Replaying proof ExampleSubject[ExampleSubject::value()].JML accessible clause.0 
102707     DEBUG main            d.u.i.k.p.i.IntermediateProofReplayer Proof replay took 13.44ms 
102709     DEBUG main            d.u.i.k.p.r.p.TestFile    ... success: reloaded. 
102710     INFO  main            d.u.i.k.p.r.p.TestFile    Now processing file /home/runner/work/key/key/key.core/../key.ui/examples/heap/observer/ExampleSubject_value.key 
102710     INFO  main            d.u.i.k.p.i.AbstractProblemLoader Loading environment from /home/runner/work/key/key/key.core/../key.ui/examples/heap/observer/ExampleSubject_value.key 
102710     DEBUG main            d.u.i.k.p.i.AbstractProblemLoader Environment load took 118.7ns 
102711     INFO  main            d.u.i.k.p.i.AbstractProblemLoader Creating init config 
105597     DEBUG main            d.u.i.k.p.i.AbstractProblemLoader Init config took 2.89s 
105643     INFO  main            d.u.i.k.p.i.AbstractProblemLoader Replaying proof ExampleSubject[ExampleSubject::value()].JML normal_behavior operation contract.0 
105646     DEBUG main            d.u.i.k.p.i.IntermediateProofReplayer Proof replay took 6.4ns 
105748     INFO  main            d.u.i.k.p.r.p.TestFile    ... finished proof: closed. 
105993     INFO  main            d.u.i.k.p.i.AbstractProblemLoader Loading environment from /home/runner/work/key/key/key.core/../key.ui/examples/heap/observer/ExampleSubject_value.key.proof 
105993     DEBUG main            d.u.i.k.p.i.AbstractProblemLoader Environment load took 127.6ns 
105994     INFO  main            d.u.i.k.p.i.AbstractProblemLoader Creating init config 
108872     DEBUG main            d.u.i.k.p.i.AbstractProblemLoader Init config took 2.88s 
108924     INFO  main            d.u.i.k.p.i.AbstractProblemLoader Replaying proof ExampleSubject[ExampleSubject::value()].JML normal_behavior operation contract.0 
108936     DEBUG main            d.u.i.k.p.i.IntermediateProofReplayer Proof replay took 10.35ms 
108937     DEBUG main            d.u.i.k.p.r.p.TestFile    ... success: reloaded. 
1643968    INFO  Test worker     d.u.i.k.p.r.RunAllProofsTestUnit Returning from test observer 
1643969    INFO  Test worker     d.u.i.k.p.r.RunAllProofsTestUnit Running test removeDups 
410        INFO  Timeout watchdog d.u.i.k.p.r.p.ForkedTestFileRunner Timeout watcher launched (2000 secs.) 
429        WARN  main            d.u.i.k.s.ProofSettings   The settings in /home/runner/.key/proof-settings.props are *not* read. 
480        INFO  main            d.u.i.k.p.r.p.TestFile    Now processing file /home/runner/work/key/key/key.core/../key.ui/examples/heap/removeDups/arrayPart.key 
632        INFO  main            d.u.i.k.p.i.AbstractProblemLoader Loading environment from /home/runner/work/key/key/key.core/../key.ui/examples/heap/removeDups/arrayPart.key 
650        DEBUG main            d.u.i.k.p.i.AbstractProblemLoader Environment load took 1.88ms 
935        INFO  main            d.u.i.k.p.i.AbstractProblemLoader Creating init config 
2148       DEBUG main            d.u.i.k.j.TypeConverter   No LDT found for Meta 
2149       DEBUG main            d.u.i.k.j.TypeConverter   No LDT found for Meta 
2154       DEBUG main            d.u.i.k.j.TypeConverter   No LDT found for Meta 
2154       DEBUG main            d.u.i.k.j.TypeConverter   No LDT found for Meta 
3657       DEBUG main            d.u.i.k.j.TypeConverter   No LDT found for JavaBigintExpression 
9581       DEBUG main            d.u.i.k.p.i.AbstractProblemLoader Init config took 8.65s 
9731       INFO  main            d.u.i.k.p.i.AbstractProblemLoader Replaying proof RemoveDup[RemoveDup::arrayPart([I,int)].JML normal_behavior operation contract.0 
9772       DEBUG main            d.u.i.k.p.i.IntermediateProofReplayer Proof replay took 35.7ns 
12912      INFO  main            d.u.i.k.p.r.p.TestFile    ... finished proof: closed. 
13077      INFO  main            d.u.i.k.p.i.AbstractProblemLoader Loading environment from /home/runner/work/key/key/key.core/../key.ui/examples/heap/removeDups/arrayPart.key.proof 
13078      DEBUG main            d.u.i.k.p.i.AbstractProblemLoader Environment load took 576.3ns 
13081      INFO  main            d.u.i.k.p.i.AbstractProblemLoader Creating init config 
16287      DEBUG main            d.u.i.k.p.i.AbstractProblemLoader Init config took 3.21s 
16351      INFO  main            d.u.i.k.p.i.AbstractProblemLoader Replaying proof RemoveDup[RemoveDup::arrayPart([I,int)].JML normal_behavior operation contract.0 
16746      DEBUG main            d.u.i.k.p.i.IntermediateProofReplayer Proof replay took 382.99ms 
16757      DEBUG main            d.u.i.k.p.r.p.TestFile    ... success: reloaded. 
16759      INFO  main            d.u.i.k.p.r.p.TestFile    Now processing file /home/runner/work/key/key/key.core/../key.ui/examples/heap/removeDups/contains.key 
16760      INFO  main            d.u.i.k.p.i.AbstractProblemLoader Loading environment from /home/runner/work/key/key/key.core/../key.ui/examples/heap/removeDups/contains.key 
16760      DEBUG main            d.u.i.k.p.i.AbstractProblemLoader Environment load took 245.8ns 
16764      INFO  main            d.u.i.k.p.i.AbstractProblemLoader Creating init config 
19845      DEBUG main            d.u.i.k.p.i.AbstractProblemLoader Init config took 3.08s 
19923      INFO  main            d.u.i.k.p.i.AbstractProblemLoader Replaying proof RemoveDup[RemoveDup::contains([I,int,int)].JML normal_behavior operation contract.0 
19929      DEBUG main            d.u.i.k.p.i.IntermediateProofReplayer Proof replay took 6ns 
20636      INFO  main            d.u.i.k.p.r.p.TestFile    ... finished proof: closed. 
20831      INFO  main            d.u.i.k.p.i.AbstractProblemLoader Loading environment from /home/runner/work/key/key/key.core/../key.ui/examples/heap/removeDups/contains.key.proof 
20835      DEBUG main            d.u.i.k.p.i.AbstractProblemLoader Environment load took 3.08ms 
20837      INFO  main            d.u.i.k.p.i.AbstractProblemLoader Creating init config 
23720      DEBUG main            d.u.i.k.p.i.AbstractProblemLoader Init config took 2.88s 
23777      INFO  main            d.u.i.k.p.i.AbstractProblemLoader Replaying proof RemoveDup[RemoveDup::contains([I,int,int)].JML normal_behavior operation contract.0 
23879      DEBUG main            d.u.i.k.p.i.IntermediateProofReplayer Proof replay took 96.75ms 
23880      DEBUG main            d.u.i.k.p.r.p.TestFile    ... success: reloaded. 
23881      INFO  main            d.u.i.k.p.r.p.TestFile    Now processing file /home/runner/work/key/key/key.core/../key.ui/examples/heap/removeDups/removeDup.key 
23882      INFO  main            d.u.i.k.p.i.AbstractProblemLoader Loading environment from /home/runner/work/key/key/key.core/../key.ui/examples/heap/removeDups/removeDup.key 
23882      DEBUG main            d.u.i.k.p.i.AbstractProblemLoader Environment load took 317.5ns 
23884      INFO  main            d.u.i.k.p.i.AbstractProblemLoader Creating init config 
26811      DEBUG main            d.u.i.k.p.i.AbstractProblemLoader Init config took 2.93s 
26864      INFO  main            d.u.i.k.p.i.AbstractProblemLoader Replaying proof RemoveDup[RemoveDup::removeDup([I)].JML normal_behavior operation contract.0 
26867      DEBUG main            d.u.i.k.p.i.IntermediateProofReplayer Proof replay took 6.5ns 
49666      INFO  main            d.u.i.k.p.r.p.TestFile    ... finished proof: closed. 
49970      INFO  main            d.u.i.k.p.i.AbstractProblemLoader Loading environment from /home/runner/work/key/key/key.core/../key.ui/examples/heap/removeDups/removeDup.key.proof 
49971      DEBUG main            d.u.i.k.p.i.AbstractProblemLoader Environment load took 625.4ns 
49984      INFO  main            d.u.i.k.p.i.AbstractProblemLoader Creating init config 
52778      DEBUG main            d.u.i.k.p.i.AbstractProblemLoader Init config took 2.79s 
52831      INFO  main            d.u.i.k.p.i.AbstractProblemLoader Replaying proof RemoveDup[RemoveDup::removeDup([I)].JML normal_behavior operation contract.0 
54414      DEBUG main            d.u.i.k.p.i.IntermediateProofReplayer Proof replay took 1.53s 
54418      DEBUG main            d.u.i.k.p.r.p.TestFile    ... success: reloaded. 
54420      INFO  main            d.u.i.k.p.r.p.TestFile    Now processing file /home/runner/work/key/key/key.core/../key.ui/examples/heap/saddleback_search/Saddleback_search.key 
54421      INFO  main            d.u.i.k.p.i.AbstractProblemLoader Loading environment from /home/runner/work/key/key/key.core/../key.ui/examples/heap/saddleback_search/Saddleback_search.key 
54423      DEBUG main            d.u.i.k.p.i.AbstractProblemLoader Environment load took 2.22ms 
54424      INFO  main            d.u.i.k.p.i.AbstractProblemLoader Creating init config 
57483      DEBUG main            d.u.i.k.p.i.AbstractProblemLoader Init config took 3.06s 
57528      INFO  main            d.u.i.k.p.i.AbstractProblemLoader Replaying proof Saddleback[Saddleback::search([[I,int)].JML normal_behavior operation contract.0 
57539      DEBUG main            d.u.i.k.p.i.IntermediateProofReplayer Proof replay took 6.8ns 
144306     INFO  main            d.u.i.k.p.r.p.TestFile    ... finished proof: closed. 
144725     INFO  main            d.u.i.k.p.i.AbstractProblemLoader Loading environment from /home/runner/work/key/key/key.core/../key.ui/examples/heap/saddleback_search/Saddleback_search.key.proof 
144726     DEBUG main            d.u.i.k.p.i.AbstractProblemLoader Environment load took 504.2ns 
144735     INFO  main            d.u.i.k.p.i.AbstractProblemLoader Creating init config 
147386     DEBUG main            d.u.i.k.p.i.AbstractProblemLoader Init config took 2.65s 
147449     INFO  main            d.u.i.k.p.i.AbstractProblemLoader Replaying proof Saddleback[Saddleback::search([[I,int)].JML normal_behavior operation contract.0 
149485     DEBUG main            d.u.i.k.p.i.IntermediateProofReplayer Proof replay took 1.88s 
149495     DEBUG main            d.u.i.k.p.r.p.TestFile    ... success: reloaded. 
1793665    INFO  Test worker     d.u.i.k.p.r.RunAllProofsTestUnit Returning from test removeDups 
1793667    INFO  Test worker     d.u.i.k.p.r.RunAllProofsTestUnit Running test quicksort 
405        INFO  Timeout watchdog d.u.i.k.p.r.p.ForkedTestFileRunner Timeout watcher launched (2000 secs.) 
438        WARN  main            d.u.i.k.s.ProofSettings   The settings in /home/runner/.key/proof-settings.props are *not* read. 
478        INFO  main            d.u.i.k.p.r.p.TestFile    Now processing file /home/runner/work/key/key/key.core/../key.ui/examples/heap/quicksort/toplevel.key 
606        INFO  main            d.u.i.k.p.i.AbstractProblemLoader Loading environment from /home/runner/work/key/key/key.core/../key.ui/examples/heap/quicksort/toplevel.key 
623        DEBUG main            d.u.i.k.p.i.AbstractProblemLoader Environment load took 2ms 
862        INFO  main            d.u.i.k.p.i.AbstractProblemLoader Creating init config 
1944       DEBUG main            d.u.i.k.j.TypeConverter   No LDT found for Meta 
1945       DEBUG main            d.u.i.k.j.TypeConverter   No LDT found for Meta 
1947       DEBUG main            d.u.i.k.j.TypeConverter   No LDT found for Meta 
1947       DEBUG main            d.u.i.k.j.TypeConverter   No LDT found for Meta 
3556       DEBUG main            d.u.i.k.j.TypeConverter   No LDT found for JavaBigintExpression 
9357       DEBUG main            d.u.i.k.p.i.AbstractProblemLoader Init config took 8.49s 
9584       INFO  main            d.u.i.k.p.i.AbstractProblemLoader Replaying proof Quicksort[Quicksort::sort([I)].JML normal_behavior operation contract.0 
9635       DEBUG main            d.u.i.k.p.i.IntermediateProofReplayer Proof replay took 43.8ns 
11076      INFO  main            d.u.i.k.p.r.p.TestFile    ... finished proof: closed. 
11228      INFO  main            d.u.i.k.p.i.AbstractProblemLoader Loading environment from /home/runner/work/key/key/key.core/../key.ui/examples/heap/quicksort/toplevel.key.proof 
11232      DEBUG main            d.u.i.k.p.i.AbstractProblemLoader Environment load took 4.54ms 
11236      INFO  main            d.u.i.k.p.i.AbstractProblemLoader Creating init config 
14567      DEBUG main            d.u.i.k.p.i.AbstractProblemLoader Init config took 3.33s 
14636      INFO  main            d.u.i.k.p.i.AbstractProblemLoader Replaying proof Quicksort[Quicksort::sort([I)].JML normal_behavior operation contract.0 
14802      DEBUG main            d.u.i.k.p.i.IntermediateProofReplayer Proof replay took 157.55ms 
14810      DEBUG main            d.u.i.k.p.r.p.TestFile    ... success: reloaded. 
14813      INFO  main            d.u.i.k.p.r.p.TestFile    Now processing file /home/runner/work/key/key/key.core/../key.ui/examples/heap/quicksort/sort.key 
14814      INFO  main            d.u.i.k.p.i.AbstractProblemLoader Loading environment from /home/runner/work/key/key/key.core/../key.ui/examples/heap/quicksort/sort.key 
14814      DEBUG main            d.u.i.k.p.i.AbstractProblemLoader Environment load took 282.8ns 
14816      INFO  main            d.u.i.k.p.i.AbstractProblemLoader Creating init config 
17956      DEBUG main            d.u.i.k.p.i.AbstractProblemLoader Init config took 3.14s 
18022      INFO  main            d.u.i.k.p.i.AbstractProblemLoader Replaying proof Quicksort[Quicksort::sort([I,int,int)].JML normal_behavior operation contract.0 
18026      DEBUG main            d.u.i.k.p.i.IntermediateProofReplayer Proof replay took 7.5ns 
18060      DEBUG main            d.u.i.k.m.s.ProofScriptEngine 1: 'script 'sort.script'' 
18065      INFO  main            d.u.i.k.m.s.ProofScriptCommand Included script /home/runner/work/key/key/key.core/../key.ui/examples/heap/quicksort/sort.script 
18066      DEBUG main            d.u.i.k.m.s.ProofScriptEngine 1: 'macro autopilot-prep' 
19234      DEBUG main            d.u.i.k.m.s.ProofScriptEngine 2: 'select formula="{heapAtPre:=heap || exc:=null || heap:=heapAfter_sort_0}
   seq ...' 
19240      DEBUG main            d.u.i.k.m.s.ProofScriptEngine 3: 'macro simp-upd' 
19250      DEBUG main            d.u.i.k.m.s.ProofScriptEngine 4: 'let   @seqPre="seqDef{int u;}(0, array.length, array[u])"
    @seqSplit="seqDef ...' 
19252      DEBUG main            d.u.i.k.m.s.ProofScriptEngine 5: 'rule seqPermSym 
  formula="seqPerm(@seqSplit, @seqPre)"' 
19267      DEBUG main            d.u.i.k.m.s.ProofScriptEngine 6: 'rule seqPermSym
  formula="seqPerm(@seqSort, @seqSplit)"' 
19268      DEBUG main            d.u.i.k.m.s.ProofScriptEngine 7: 'rule seqPermSym
  formula="seqPerm(@seqSort0, @seqSort)"' 
19284      DEBUG main            d.u.i.k.m.s.ProofScriptEngine 8: 'rule seqPermTrans
  formula="seqPerm(@seqPre, @seqSplit)"' 
19286      DEBUG main            d.u.i.k.m.s.ProofScriptEngine 9: 'rule seqPermTrans
  formula="seqPerm(@seqPre, @seqSort)"' 
19287      DEBUG main            d.u.i.k.m.s.ProofScriptEngine 10: 'rule seqPermSym
  formula="seqPerm(@seqPre, @seqSort0)"' 
19295      DEBUG main            d.u.i.k.m.s.ProofScriptEngine 11: 'tryclose' 
48664      INFO  main            d.u.i.k.p.r.p.TestFile    ... finished proof: closed. 
48987      INFO  main            d.u.i.k.p.i.AbstractProblemLoader Loading environment from /home/runner/work/key/key/key.core/../key.ui/examples/heap/quicksort/sort.key.proof 
48987      DEBUG main            d.u.i.k.p.i.AbstractProblemLoader Environment load took 582.2ns 
48995      INFO  main            d.u.i.k.p.i.AbstractProblemLoader Creating init config 
51941      DEBUG main            d.u.i.k.p.i.AbstractProblemLoader Init config took 2.95s 
51994      INFO  main            d.u.i.k.p.i.AbstractProblemLoader Replaying proof Quicksort[Quicksort::sort([I,int,int)].JML normal_behavior operation contract.0 
54042      DEBUG main            d.u.i.k.p.i.IntermediateProofReplayer Proof replay took 1.92s 
54056      DEBUG main            d.u.i.k.p.r.p.TestFile    ... success: reloaded. 
54058      INFO  main            d.u.i.k.p.r.p.TestFile    Now processing file /home/runner/work/key/key/key.core/../key.ui/examples/heap/quicksort/split.key 
54071      INFO  main            d.u.i.k.p.i.AbstractProblemLoader Loading environment from /home/runner/work/key/key/key.core/../key.ui/examples/heap/quicksort/split.key 
54072      DEBUG main            d.u.i.k.p.i.AbstractProblemLoader Environment load took 308.5ns 
54073      INFO  main            d.u.i.k.p.i.AbstractProblemLoader Creating init config 
57435      DEBUG main            d.u.i.k.p.i.AbstractProblemLoader Init config took 3.36s 
57491      INFO  main            d.u.i.k.p.i.AbstractProblemLoader Replaying proof Quicksort[Quicksort::split([I,int,int)].JML normal_behavior operation contract.0 
57495      DEBUG main            d.u.i.k.p.i.IntermediateProofReplayer Proof replay took 6.6ns 
57496      DEBUG main            d.u.i.k.m.s.ProofScriptEngine 1: 'macro autopilot-prep' 
58939      DEBUG main            d.u.i.k.m.s.ProofScriptEngine 2: 'tryclose' 
102570     DEBUG main            d.u.i.k.m.s.ProofScriptEngine 3: 'macro simp-upd' 
102698     DEBUG main            d.u.i.k.m.s.ProofScriptEngine 4: 'rule seqPermFromSwap' 
102713     DEBUG main            d.u.i.k.m.s.ProofScriptEngine 5: 'rule andRight' 
102717     DEBUG main            d.u.i.k.m.s.ProofScriptEngine 6: 'auto' 
102744     DEBUG main            d.u.i.k.m.s.ProofScriptEngine 7: 'instantiate hide var=iv with=i_0' 
102747     DEBUG main            d.u.i.k.m.s.ProofScriptEngine 8: 'instantiate hide var=jv with=j_0' 
102750     DEBUG main            d.u.i.k.m.s.ProofScriptEngine 9: 'auto' 
109898     DEBUG main            d.u.i.k.m.s.ProofScriptEngine 10: 'macro simp-upd' 
110054     DEBUG main            d.u.i.k.m.s.ProofScriptEngine 11: 'rule seqPermFromSwap' 
110056     DEBUG main            d.u.i.k.m.s.ProofScriptEngine 12: 'rule andRight' 
110059     DEBUG main            d.u.i.k.m.s.ProofScriptEngine 13: 'auto' 
110075     DEBUG main            d.u.i.k.m.s.ProofScriptEngine 14: 'instantiate hide var=iv with=i_0' 
110077     DEBUG main            d.u.i.k.m.s.ProofScriptEngine 15: 'instantiate hide var=jv with=to' 
110079     DEBUG main            d.u.i.k.m.s.ProofScriptEngine 16: 'auto' 
115893     INFO  main            d.u.i.k.p.r.p.TestFile    ... finished proof: closed. 
116385     INFO  main            d.u.i.k.p.i.AbstractProblemLoader Loading environment from /home/runner/work/key/key/key.core/../key.ui/examples/heap/quicksort/split.key.proof 
116386     DEBUG main            d.u.i.k.p.i.AbstractProblemLoader Environment load took 591.5ns 
116398     INFO  main            d.u.i.k.p.i.AbstractProblemLoader Creating init config 
119303     DEBUG main            d.u.i.k.p.i.AbstractProblemLoader Init config took 2.91s 
119364     INFO  main            d.u.i.k.p.i.AbstractProblemLoader Replaying proof Quicksort[Quicksort::split([I,int,int)].JML normal_behavior operation contract.0 
122641     DEBUG main            d.u.i.k.p.i.IntermediateProofReplayer Proof replay took 3.1s 
122652     DEBUG main            d.u.i.k.p.r.p.TestFile    ... success: reloaded. 
1916519    INFO  Test worker     d.u.i.k.p.r.RunAllProofsTestUnit Returning from test quicksort 
1916520    INFO  Test worker     d.u.i.k.p.r.RunAllProofsTestUnit Running test simpleTests 
432        INFO  Timeout watchdog d.u.i.k.p.r.p.ForkedTestFileRunner Timeout watcher launched (2000 secs.) 
450        WARN  main            d.u.i.k.s.ProofSettings   The settings in /home/runner/.key/proof-settings.props are *not* read. 
485        INFO  main            d.u.i.k.p.r.p.TestFile    Now processing file /home/runner/work/key/key/key.core/../key.ui/examples/heap/simple/anonymise_datagroup.key 
635        INFO  main            d.u.i.k.p.i.AbstractProblemLoader Loading environment from /home/runner/work/key/key/key.core/../key.ui/examples/heap/simple/anonymise_datagroup.key 
678        DEBUG main            d.u.i.k.p.i.AbstractProblemLoader Environment load took 3.36ms 
977        INFO  main            d.u.i.k.p.i.AbstractProblemLoader Creating init config 
2067       DEBUG main            d.u.i.k.j.TypeConverter   No LDT found for Meta 
2068       DEBUG main            d.u.i.k.j.TypeConverter   No LDT found for Meta 
2071       DEBUG main            d.u.i.k.j.TypeConverter   No LDT found for Meta 
2072       DEBUG main            d.u.i.k.j.TypeConverter   No LDT found for Meta 
3516       DEBUG main            d.u.i.k.j.TypeConverter   No LDT found for JavaBigintExpression 
9397       DEBUG main            d.u.i.k.p.i.AbstractProblemLoader Init config took 8.42s 
9463       INFO  main            d.u.i.k.p.i.AbstractProblemLoader Replaying proof anonymise_datagroup.key 
9504       DEBUG main            d.u.i.k.p.i.IntermediateProofReplayer Proof replay took 41.2ns 
9782       INFO  main            d.u.i.k.p.r.p.TestFile    ... finished proof: closed. 
9879       INFO  main            d.u.i.k.p.i.AbstractProblemLoader Loading environment from /home/runner/work/key/key/key.core/../key.ui/examples/heap/simple/anonymise_datagroup.key.proof 
9880       DEBUG main            d.u.i.k.p.i.AbstractProblemLoader Environment load took 515.7ns 
9885       INFO  main            d.u.i.k.p.i.AbstractProblemLoader Creating init config 
12931      DEBUG main            d.u.i.k.p.i.AbstractProblemLoader Init config took 3.05s 
12970      INFO  main            d.u.i.k.p.i.AbstractProblemLoader Replaying proof anonymise_datagroup.key.proof 
12994      DEBUG main            d.u.i.k.p.i.IntermediateProofReplayer Proof replay took 14.76ms 
13016      DEBUG main            d.u.i.k.p.r.p.TestFile    ... success: reloaded. 
13020      INFO  main            d.u.i.k.p.r.p.TestFile    Now processing file /home/runner/work/key/key/key.core/../key.ui/examples/heap/simple/array_creation.key 
13020      INFO  main            d.u.i.k.p.i.AbstractProblemLoader Loading environment from /home/runner/work/key/key/key.core/../key.ui/examples/heap/simple/array_creation.key 
13020      DEBUG main            d.u.i.k.p.i.AbstractProblemLoader Environment load took 260.4ns 
13024      INFO  main            d.u.i.k.p.i.AbstractProblemLoader Creating init config 
15969      DEBUG main            d.u.i.k.p.i.AbstractProblemLoader Init config took 2.94s 
16000      INFO  main            d.u.i.k.p.i.AbstractProblemLoader Replaying proof array_creation.key 
16003      DEBUG main            d.u.i.k.p.i.IntermediateProofReplayer Proof replay took 5.6ns 
16916      INFO  main            d.u.i.k.p.r.p.TestFile    ... finished proof: closed. 
17077      INFO  main            d.u.i.k.p.i.AbstractProblemLoader Loading environment from /home/runner/work/key/key/key.core/../key.ui/examples/heap/simple/array_creation.key.proof 
17081      DEBUG main            d.u.i.k.p.i.AbstractProblemLoader Environment load took 4.06ms 
17085      INFO  main            d.u.i.k.p.i.AbstractProblemLoader Creating init config 
19995      DEBUG main            d.u.i.k.p.i.AbstractProblemLoader Init config took 2.91s 
20038      INFO  main            d.u.i.k.p.i.AbstractProblemLoader Replaying proof array_creation.key.proof 
20140      DEBUG main            d.u.i.k.p.i.IntermediateProofReplayer Proof replay took 96.76ms 
20142      DEBUG main            d.u.i.k.p.r.p.TestFile    ... success: reloaded. 
20144      INFO  main            d.u.i.k.p.r.p.TestFile    Now processing file /home/runner/work/key/key/key.core/../key.ui/examples/heap/simple/arrays_with_disjoint_sorts.key 
20144      INFO  main            d.u.i.k.p.i.AbstractProblemLoader Loading environment from /home/runner/work/key/key/key.core/../key.ui/examples/heap/simple/arrays_with_disjoint_sorts.key 
20145      DEBUG main            d.u.i.k.p.i.AbstractProblemLoader Environment load took 226.6ns 
20146      INFO  main            d.u.i.k.p.i.AbstractProblemLoader Creating init config 
23106      DEBUG main            d.u.i.k.p.i.AbstractProblemLoader Init config took 2.96s 
23133      INFO  main            d.u.i.k.p.i.AbstractProblemLoader Replaying proof arrays_with_disjoint_sorts.key 
23139      DEBUG main            d.u.i.k.p.i.IntermediateProofReplayer Proof replay took 9.4ns 
23346      INFO  main            d.u.i.k.p.r.p.TestFile    ... finished proof: closed. 
23519      INFO  main            d.u.i.k.p.i.AbstractProblemLoader Loading environment from /home/runner/work/key/key/key.core/../key.ui/examples/heap/simple/arrays_with_disjoint_sorts.key.proof 
23520      DEBUG main            d.u.i.k.p.i.AbstractProblemLoader Environment load took 695.3ns 
23522      INFO  main            d.u.i.k.p.i.AbstractProblemLoader Creating init config 
26327      DEBUG main            d.u.i.k.p.i.AbstractProblemLoader Init config took 2.81s 
26350      INFO  main            d.u.i.k.p.i.AbstractProblemLoader Replaying proof arrays_with_disjoint_sorts.key.proof 
26373      DEBUG main            d.u.i.k.p.i.IntermediateProofReplayer Proof replay took 20.04ms 
26375      DEBUG main            d.u.i.k.p.r.p.TestFile    ... success: reloaded. 
26375      INFO  main            d.u.i.k.p.r.p.TestFile    Now processing file /home/runner/work/key/key/key.core/../key.ui/examples/heap/simple/arrays.key 
26376      INFO  main            d.u.i.k.p.i.AbstractProblemLoader Loading environment from /home/runner/work/key/key/key.core/../key.ui/examples/heap/simple/arrays.key 
26376      DEBUG main            d.u.i.k.p.i.AbstractProblemLoader Environment load took 234.4ns 
26378      INFO  main            d.u.i.k.p.i.AbstractProblemLoader Creating init config 
29120      DEBUG main            d.u.i.k.p.i.AbstractProblemLoader Init config took 2.74s 
29142      INFO  main            d.u.i.k.p.i.AbstractProblemLoader Replaying proof arrays.key 
29145      DEBUG main            d.u.i.k.p.i.IntermediateProofReplayer Proof replay took 32.4ns 
29251      INFO  main            d.u.i.k.p.r.p.TestFile    ... finished proof: closed. 
29403      INFO  main            d.u.i.k.p.i.AbstractProblemLoader Loading environment from /home/runner/work/key/key/key.core/../key.ui/examples/heap/simple/arrays.key.proof 
29403      DEBUG main            d.u.i.k.p.i.AbstractProblemLoader Environment load took 527.5ns 
29405      INFO  main            d.u.i.k.p.i.AbstractProblemLoader Creating init config 
32149      DEBUG main            d.u.i.k.p.i.AbstractProblemLoader Init config took 2.74s 
32175      INFO  main            d.u.i.k.p.i.AbstractProblemLoader Replaying proof arrays.key.proof 
32199      DEBUG main            d.u.i.k.p.i.IntermediateProofReplayer Proof replay took 21.33ms 
32200      DEBUG main            d.u.i.k.p.r.p.TestFile    ... success: reloaded. 
32202      INFO  main            d.u.i.k.p.r.p.TestFile    Now processing file /home/runner/work/key/key/key.core/../key.ui/examples/heap/simple/attributes.key 
32202      INFO  main            d.u.i.k.p.i.AbstractProblemLoader Loading environment from /home/runner/work/key/key/key.core/../key.ui/examples/heap/simple/attributes.key 
32202      DEBUG main            d.u.i.k.p.i.AbstractProblemLoader Environment load took 266.5ns 
32203      INFO  main            d.u.i.k.p.i.AbstractProblemLoader Creating init config 
35100      DEBUG main            d.u.i.k.p.i.AbstractProblemLoader Init config took 2.9s 
35120      INFO  main            d.u.i.k.p.i.AbstractProblemLoader Replaying proof attributes.key 
35122      DEBUG main            d.u.i.k.p.i.IntermediateProofReplayer Proof replay took 5.9ns 
35227      INFO  main            d.u.i.k.p.r.p.TestFile    ... finished proof: closed. 
35383      INFO  main            d.u.i.k.p.i.AbstractProblemLoader Loading environment from /home/runner/work/key/key/key.core/../key.ui/examples/heap/simple/attributes.key.proof 
35383      DEBUG main            d.u.i.k.p.i.AbstractProblemLoader Environment load took 131.2ns 
35384      INFO  main            d.u.i.k.p.i.AbstractProblemLoader Creating init config 
38087      DEBUG main            d.u.i.k.p.i.AbstractProblemLoader Init config took 2.7s 
38108      INFO  main            d.u.i.k.p.i.AbstractProblemLoader Replaying proof attributes.key.proof 
38112      DEBUG main            d.u.i.k.p.i.IntermediateProofReplayer Proof replay took 1.5ms 
38113      DEBUG main            d.u.i.k.p.r.p.TestFile    ... success: reloaded. 
38113      INFO  main            d.u.i.k.p.r.p.TestFile    Now processing file /home/runner/work/key/key/key.core/../key.ui/examples/heap/simple/constructor_contracts.key 
38114      INFO  main            d.u.i.k.p.i.AbstractProblemLoader Loading environment from /home/runner/work/key/key/key.core/../key.ui/examples/heap/simple/constructor_contracts.key 
38114      DEBUG main            d.u.i.k.p.i.AbstractProblemLoader Environment load took 127.6ns 
38116      INFO  main            d.u.i.k.p.i.AbstractProblemLoader Creating init config 
41260      DEBUG main            d.u.i.k.p.i.AbstractProblemLoader Init config took 3.14s 
41281      INFO  main            d.u.i.k.p.i.AbstractProblemLoader Replaying proof constructor_contracts.key 
41283      DEBUG main            d.u.i.k.p.i.IntermediateProofReplayer Proof replay took 7.3ns 
41901      INFO  main            d.u.i.k.p.r.p.TestFile    ... finished proof: closed. 
42101      INFO  main            d.u.i.k.p.i.AbstractProblemLoader Loading environment from /home/runner/work/key/key/key.core/../key.ui/examples/heap/simple/constructor_contracts.key.proof 
42102      DEBUG main            d.u.i.k.p.i.AbstractProblemLoader Environment load took 669.5ns 
42103      INFO  main            d.u.i.k.p.i.AbstractProblemLoader Creating init config 
45076      DEBUG main            d.u.i.k.p.i.AbstractProblemLoader Init config took 2.97s 
45096      INFO  main            d.u.i.k.p.i.AbstractProblemLoader Replaying proof constructor_contracts.key.proof 
45196      DEBUG main            d.u.i.k.p.i.IntermediateProofReplayer Proof replay took 94.98ms 
45198      DEBUG main            d.u.i.k.p.r.p.TestFile    ... success: reloaded. 
45200      INFO  main            d.u.i.k.p.r.p.TestFile    Now processing file /home/runner/work/key/key/key.core/../key.ui/examples/heap/simple/dependencies.key 
45200      INFO  main            d.u.i.k.p.i.AbstractProblemLoader Loading environment from /home/runner/work/key/key/key.core/../key.ui/examples/heap/simple/dependencies.key 
45200      DEBUG main            d.u.i.k.p.i.AbstractProblemLoader Environment load took 216.7ns 
45202      INFO  main            d.u.i.k.p.i.AbstractProblemLoader Creating init config 
47933      DEBUG main            d.u.i.k.p.i.AbstractProblemLoader Init config took 2.73s 
47952      INFO  main            d.u.i.k.p.i.AbstractProblemLoader Replaying proof dependencies.key 
47954      DEBUG main            d.u.i.k.p.i.IntermediateProofReplayer Proof replay took 7.6ns 
48060      INFO  main            d.u.i.k.p.r.p.TestFile    ... finished proof: closed. 
48300      INFO  main            d.u.i.k.p.i.AbstractProblemLoader Loading environment from /home/runner/work/key/key/key.core/../key.ui/examples/heap/simple/dependencies.key.proof 
48300      DEBUG main            d.u.i.k.p.i.AbstractProblemLoader Environment load took 132.9ns 
48301      INFO  main            d.u.i.k.p.i.AbstractProblemLoader Creating init config 
50901      DEBUG main            d.u.i.k.p.i.AbstractProblemLoader Init config took 2.6s 
50936      INFO  main            d.u.i.k.p.i.AbstractProblemLoader Replaying proof dependencies.key.proof 
50948      DEBUG main            d.u.i.k.p.i.IntermediateProofReplayer Proof replay took 8.46ms 
50949      DEBUG main            d.u.i.k.p.r.p.TestFile    ... success: reloaded. 
50952      INFO  main            d.u.i.k.p.r.p.TestFile    Now processing file /home/runner/work/key/key/key.core/../key.ui/examples/heap/simple/dependency_contracts.key 
50953      INFO  main            d.u.i.k.p.i.AbstractProblemLoader Loading environment from /home/runner/work/key/key/key.core/../key.ui/examples/heap/simple/dependency_contracts.key 
50954      DEBUG main            d.u.i.k.p.i.AbstractProblemLoader Environment load took 465.6ns 
50955      INFO  main            d.u.i.k.p.i.AbstractProblemLoader Creating init config 
54045      DEBUG main            d.u.i.k.p.i.AbstractProblemLoader Init config took 3.09s 
54070      INFO  main            d.u.i.k.p.i.AbstractProblemLoader Replaying proof dependency_contracts.key 
54072      DEBUG main            d.u.i.k.p.i.IntermediateProofReplayer Proof replay took 7.8ns 
55381      INFO  main            d.u.i.k.p.r.p.TestFile    ... finished proof: closed. 
55627      INFO  main            d.u.i.k.p.i.AbstractProblemLoader Loading environment from /home/runner/work/key/key/key.core/../key.ui/examples/heap/simple/dependency_contracts.key.proof 
55628      DEBUG main            d.u.i.k.p.i.AbstractProblemLoader Environment load took 211ns 
55630      INFO  main            d.u.i.k.p.i.AbstractProblemLoader Creating init config 
58630      DEBUG main            d.u.i.k.p.i.AbstractProblemLoader Init config took 3s 
58654      INFO  main            d.u.i.k.p.i.AbstractProblemLoader Replaying proof dependency_contracts.key.proof 
58850      DEBUG main            d.u.i.k.p.i.IntermediateProofReplayer Proof replay took 186.01ms 
58852      DEBUG main            d.u.i.k.p.r.p.TestFile    ... success: reloaded. 
58853      INFO  main            d.u.i.k.p.r.p.TestFile    Now processing file /home/runner/work/key/key/key.core/../key.ui/examples/heap/simple/invariant_preservation.key 
58854      INFO  main            d.u.i.k.p.i.AbstractProblemLoader Loading environment from /home/runner/work/key/key/key.core/../key.ui/examples/heap/simple/invariant_preservation.key 
58854      DEBUG main            d.u.i.k.p.i.AbstractProblemLoader Environment load took 230.7ns 
58856      INFO  main            d.u.i.k.p.i.AbstractProblemLoader Creating init config 
61917      DEBUG main            d.u.i.k.p.i.AbstractProblemLoader Init config took 3.06s 
61939      INFO  main            d.u.i.k.p.i.AbstractProblemLoader Replaying proof invariant_preservation.key 
61942      DEBUG main            d.u.i.k.p.i.IntermediateProofReplayer Proof replay took 9.3ns 
62146      INFO  main            d.u.i.k.p.r.p.TestFile    ... finished proof: closed. 
62392      INFO  main            d.u.i.k.p.i.AbstractProblemLoader Loading environment from /home/runner/work/key/key/key.core/../key.ui/examples/heap/simple/invariant_preservation.key.proof 
62392      DEBUG main            d.u.i.k.p.i.AbstractProblemLoader Environment load took 130.8ns 
62396      INFO  main            d.u.i.k.p.i.AbstractProblemLoader Creating init config 
65438      DEBUG main            d.u.i.k.p.i.AbstractProblemLoader Init config took 3.04s 
65458      INFO  main            d.u.i.k.p.i.AbstractProblemLoader Replaying proof invariant_preservation.key.proof 
65489      DEBUG main            d.u.i.k.p.i.IntermediateProofReplayer Proof replay took 28.47ms 
65491      DEBUG main            d.u.i.k.p.r.p.TestFile    ... success: reloaded. 
65493      INFO  main            d.u.i.k.p.r.p.TestFile    Now processing file /home/runner/work/key/key/key.core/../key.ui/examples/heap/simple/locsets.key 
65493      INFO  main            d.u.i.k.p.i.AbstractProblemLoader Loading environment from /home/runner/work/key/key/key.core/../key.ui/examples/heap/simple/locsets.key 
65493      DEBUG main            d.u.i.k.p.i.AbstractProblemLoader Environment load took 260.8ns 
65495      INFO  main            d.u.i.k.p.i.AbstractProblemLoader Creating init config 
68225      DEBUG main            d.u.i.k.p.i.AbstractProblemLoader Init config took 2.73s 
68243      INFO  main            d.u.i.k.p.i.AbstractProblemLoader Replaying proof locsets.key 
68245      DEBUG main            d.u.i.k.p.i.IntermediateProofReplayer Proof replay took 8.9ns 
68354      INFO  main            d.u.i.k.p.r.p.TestFile    ... finished proof: closed. 
68601      INFO  main            d.u.i.k.p.i.AbstractProblemLoader Loading environment from /home/runner/work/key/key/key.core/../key.ui/examples/heap/simple/locsets.key.proof 
68601      DEBUG main            d.u.i.k.p.i.AbstractProblemLoader Environment load took 127.1ns 
68602      INFO  main            d.u.i.k.p.i.AbstractProblemLoader Creating init config 
71324      DEBUG main            d.u.i.k.p.i.AbstractProblemLoader Init config took 2.72s 
71343      INFO  main            d.u.i.k.p.i.AbstractProblemLoader Replaying proof locsets.key.proof 
71346      DEBUG main            d.u.i.k.p.i.IntermediateProofReplayer Proof replay took 1.55ms 
71347      DEBUG main            d.u.i.k.p.r.p.TestFile    ... success: reloaded. 
71348      INFO  main            d.u.i.k.p.r.p.TestFile    Now processing file /home/runner/work/key/key/key.core/../key.ui/examples/heap/simple/loop1.key 
71348      INFO  main            d.u.i.k.p.i.AbstractProblemLoader Loading environment from /home/runner/work/key/key/key.core/../key.ui/examples/heap/simple/loop1.key 
71348      DEBUG main            d.u.i.k.p.i.AbstractProblemLoader Environment load took 109.1ns 
71350      INFO  main            d.u.i.k.p.i.AbstractProblemLoader Creating init config 
74395      DEBUG main            d.u.i.k.p.i.AbstractProblemLoader Init config took 3.05s 
74418      INFO  main            d.u.i.k.p.i.AbstractProblemLoader Replaying proof loop1.key 
74419      DEBUG main            d.u.i.k.p.i.IntermediateProofReplayer Proof replay took 9.2ns 
74627      INFO  main            d.u.i.k.p.r.p.TestFile    ... finished proof: closed. 
74868      INFO  main            d.u.i.k.p.i.AbstractProblemLoader Loading environment from /home/runner/work/key/key/key.core/../key.ui/examples/heap/simple/loop1.key.proof 
74868      DEBUG main            d.u.i.k.p.i.AbstractProblemLoader Environment load took 136.7ns 
74869      INFO  main            d.u.i.k.p.i.AbstractProblemLoader Creating init config 
78058      DEBUG main            d.u.i.k.p.i.AbstractProblemLoader Init config took 3.19s 
78080      INFO  main            d.u.i.k.p.i.AbstractProblemLoader Replaying proof loop1.key.proof 
78161      DEBUG main            d.u.i.k.p.i.IntermediateProofReplayer Proof replay took 75.78ms 
78163      DEBUG main            d.u.i.k.p.r.p.TestFile    ... success: reloaded. 
78164      INFO  main            d.u.i.k.p.r.p.TestFile    Now processing file /home/runner/work/key/key/key.core/../key.ui/examples/heap/simple/loop2.key 
78165      INFO  main            d.u.i.k.p.i.AbstractProblemLoader Loading environment from /home/runner/work/key/key/key.core/../key.ui/examples/heap/simple/loop2.key 
78165      DEBUG main            d.u.i.k.p.i.AbstractProblemLoader Environment load took 312ns 
78167      INFO  main            d.u.i.k.p.i.AbstractProblemLoader Creating init config 
81308      DEBUG main            d.u.i.k.p.i.AbstractProblemLoader Init config took 3.14s 
81329      INFO  main            d.u.i.k.p.i.AbstractProblemLoader Replaying proof loop2.key 
81332      DEBUG main            d.u.i.k.p.i.IntermediateProofReplayer Proof replay took 7.3ns 
81940      INFO  main            d.u.i.k.p.r.p.TestFile    ... finished proof: closed. 
82230      INFO  main            d.u.i.k.p.i.AbstractProblemLoader Loading environment from /home/runner/work/key/key/key.core/../key.ui/examples/heap/simple/loop2.key.proof 
82231      DEBUG main            d.u.i.k.p.i.AbstractProblemLoader Environment load took 511.9ns 
82232      INFO  main            d.u.i.k.p.i.AbstractProblemLoader Creating init config 
85520      DEBUG main            d.u.i.k.p.i.AbstractProblemLoader Init config took 3.29s 
85540      INFO  main            d.u.i.k.p.i.AbstractProblemLoader Replaying proof loop2.key.proof 
85650      DEBUG main            d.u.i.k.p.i.IntermediateProofReplayer Proof replay took 105.72ms 
85652      DEBUG main            d.u.i.k.p.r.p.TestFile    ... success: reloaded. 
85653      INFO  main            d.u.i.k.p.r.p.TestFile    Now processing file /home/runner/work/key/key/key.core/../key.ui/examples/heap/simple/modifies_datagroup.key 
85654      INFO  main            d.u.i.k.p.i.AbstractProblemLoader Loading environment from /home/runner/work/key/key/key.core/../key.ui/examples/heap/simple/modifies_datagroup.key 
85654      DEBUG main            d.u.i.k.p.i.AbstractProblemLoader Environment load took 295.5ns 
85655      INFO  main            d.u.i.k.p.i.AbstractProblemLoader Creating init config 
88458      DEBUG main            d.u.i.k.p.i.AbstractProblemLoader Init config took 2.8s 
88475      INFO  main            d.u.i.k.p.i.AbstractProblemLoader Replaying proof modifies_datagroup.key 
88478      DEBUG main            d.u.i.k.p.i.IntermediateProofReplayer Proof replay took 7.9ns 
88580      INFO  main            d.u.i.k.p.r.p.TestFile    ... finished proof: closed. 
88861      INFO  main            d.u.i.k.p.i.AbstractProblemLoader Loading environment from /home/runner/work/key/key/key.core/../key.ui/examples/heap/simple/modifies_datagroup.key.proof 
88861      DEBUG main            d.u.i.k.p.i.AbstractProblemLoader Environment load took 122.4ns 
88863      INFO  main            d.u.i.k.p.i.AbstractProblemLoader Creating init config 
91566      DEBUG main            d.u.i.k.p.i.AbstractProblemLoader Init config took 2.7s 
91583      INFO  main            d.u.i.k.p.i.AbstractProblemLoader Replaying proof modifies_datagroup.key.proof 
91588      DEBUG main            d.u.i.k.p.i.IntermediateProofReplayer Proof replay took 3.37ms 
91589      DEBUG main            d.u.i.k.p.r.p.TestFile    ... success: reloaded. 
91590      INFO  main            d.u.i.k.p.r.p.TestFile    Now processing file /home/runner/work/key/key/key.core/../key.ui/examples/heap/simple/modifies.key 
91590      INFO  main            d.u.i.k.p.i.AbstractProblemLoader Loading environment from /home/runner/work/key/key/key.core/../key.ui/examples/heap/simple/modifies.key 
91590      DEBUG main            d.u.i.k.p.i.AbstractProblemLoader Environment load took 111.5ns 
91593      INFO  main            d.u.i.k.p.i.AbstractProblemLoader Creating init config 
94475      DEBUG main            d.u.i.k.p.i.AbstractProblemLoader Init config took 2.88s 
94493      INFO  main            d.u.i.k.p.i.AbstractProblemLoader Replaying proof modifies.key 
94495      DEBUG main            d.u.i.k.p.i.IntermediateProofReplayer Proof replay took 7.5ns 
94597      INFO  main            d.u.i.k.p.r.p.TestFile    ... finished proof: closed. 
94851      INFO  main            d.u.i.k.p.i.AbstractProblemLoader Loading environment from /home/runner/work/key/key/key.core/../key.ui/examples/heap/simple/modifies.key.proof 
94851      DEBUG main            d.u.i.k.p.i.AbstractProblemLoader Environment load took 131.8ns 
94857      INFO  main            d.u.i.k.p.i.AbstractProblemLoader Creating init config 
97496      DEBUG main            d.u.i.k.p.i.AbstractProblemLoader Init config took 2.64s 
97515      INFO  main            d.u.i.k.p.i.AbstractProblemLoader Replaying proof modifies.key.proof 
97535      DEBUG main            d.u.i.k.p.i.IntermediateProofReplayer Proof replay took 16.36ms 
97536      DEBUG main            d.u.i.k.p.r.p.TestFile    ... success: reloaded. 
97538      INFO  main            d.u.i.k.p.r.p.TestFile    Now processing file /home/runner/work/key/key/key.core/../key.ui/examples/heap/simple/object_creation.key 
97538      INFO  main            d.u.i.k.p.i.AbstractProblemLoader Loading environment from /home/runner/work/key/key/key.core/../key.ui/examples/heap/simple/object_creation.key 
97538      DEBUG main            d.u.i.k.p.i.AbstractProblemLoader Environment load took 230.7ns 
97540      INFO  main            d.u.i.k.p.i.AbstractProblemLoader Creating init config 
100321     DEBUG main            d.u.i.k.p.i.AbstractProblemLoader Init config took 2.78s 
100337     INFO  main            d.u.i.k.p.i.AbstractProblemLoader Replaying proof object_creation.key 
100339     DEBUG main            d.u.i.k.p.i.IntermediateProofReplayer Proof replay took 7.2ns 
100543     INFO  main            d.u.i.k.p.r.p.TestFile    ... finished proof: closed. 
100797     INFO  main            d.u.i.k.p.i.AbstractProblemLoader Loading environment from /home/runner/work/key/key/key.core/../key.ui/examples/heap/simple/object_creation.key.proof 
100797     DEBUG main            d.u.i.k.p.i.AbstractProblemLoader Environment load took 118ns 
100799     INFO  main            d.u.i.k.p.i.AbstractProblemLoader Creating init config 
103467     DEBUG main            d.u.i.k.p.i.AbstractProblemLoader Init config took 2.67s 
103483     INFO  main            d.u.i.k.p.i.AbstractProblemLoader Replaying proof object_creation.key.proof 
103528     DEBUG main            d.u.i.k.p.i.IntermediateProofReplayer Proof replay took 42.75ms 
103530     DEBUG main            d.u.i.k.p.r.p.TestFile    ... success: reloaded. 
103531     INFO  main            d.u.i.k.p.r.p.TestFile    Now processing file /home/runner/work/key/key/key.core/../key.ui/examples/heap/simple/operation_contracts.key 
103531     INFO  main            d.u.i.k.p.i.AbstractProblemLoader Loading environment from /home/runner/work/key/key/key.core/../key.ui/examples/heap/simple/operation_contracts.key 
103531     DEBUG main            d.u.i.k.p.i.AbstractProblemLoader Environment load took 110.8ns 
103533     INFO  main            d.u.i.k.p.i.AbstractProblemLoader Creating init config 
106493     DEBUG main            d.u.i.k.p.i.AbstractProblemLoader Init config took 2.96s 
106511     INFO  main            d.u.i.k.p.i.AbstractProblemLoader Replaying proof operation_contracts.key 
106513     DEBUG main            d.u.i.k.p.i.IntermediateProofReplayer Proof replay took 23.2ns 
107422     INFO  main            d.u.i.k.p.r.p.TestFile    ... finished proof: closed. 
107713     INFO  main            d.u.i.k.p.i.AbstractProblemLoader Loading environment from /home/runner/work/key/key/key.core/../key.ui/examples/heap/simple/operation_contracts.key.proof 
107713     DEBUG main            d.u.i.k.p.i.AbstractProblemLoader Environment load took 133.3ns 
107715     INFO  main            d.u.i.k.p.i.AbstractProblemLoader Creating init config 
110813     DEBUG main            d.u.i.k.p.i.AbstractProblemLoader Init config took 3.1s 
110831     INFO  main            d.u.i.k.p.i.AbstractProblemLoader Replaying proof operation_contracts.key.proof 
110947     DEBUG main            d.u.i.k.p.i.IntermediateProofReplayer Proof replay took 109.14ms 
110949     DEBUG main            d.u.i.k.p.r.p.TestFile    ... success: reloaded. 
110951     INFO  main            d.u.i.k.p.r.p.TestFile    Now processing file /home/runner/work/key/key/key.core/../key.ui/examples/heap/simple/select_store.key 
110951     INFO  main            d.u.i.k.p.i.AbstractProblemLoader Loading environment from /home/runner/work/key/key/key.core/../key.ui/examples/heap/simple/select_store.key 
110952     DEBUG main            d.u.i.k.p.i.AbstractProblemLoader Environment load took 242.7ns 
110953     INFO  main            d.u.i.k.p.i.AbstractProblemLoader Creating init config 
113733     DEBUG main            d.u.i.k.p.i.AbstractProblemLoader Init config took 2.78s 
113749     INFO  main            d.u.i.k.p.i.AbstractProblemLoader Replaying proof select_store.key 
113751     DEBUG main            d.u.i.k.p.i.IntermediateProofReplayer Proof replay took 7.9ns 
113854     INFO  main            d.u.i.k.p.r.p.TestFile    ... finished proof: closed. 
114150     INFO  main            d.u.i.k.p.i.AbstractProblemLoader Loading environment from /home/runner/work/key/key/key.core/../key.ui/examples/heap/simple/select_store.key.proof 
114150     DEBUG main            d.u.i.k.p.i.AbstractProblemLoader Environment load took 159.6ns 
114152     INFO  main            d.u.i.k.p.i.AbstractProblemLoader Creating init config 
116805     DEBUG main            d.u.i.k.p.i.AbstractProblemLoader Init config took 2.65s 
116820     INFO  main            d.u.i.k.p.i.AbstractProblemLoader Replaying proof select_store.key.proof 
116825     DEBUG main            d.u.i.k.p.i.IntermediateProofReplayer Proof replay took 2.52ms 
116826     DEBUG main            d.u.i.k.p.r.p.TestFile    ... success: reloaded. 
116827     INFO  main            d.u.i.k.p.r.p.TestFile    Now processing file /home/runner/work/key/key/key.core/../key.ui/examples/heap/simple/selection_sort.key 
116827     INFO  main            d.u.i.k.p.i.AbstractProblemLoader Loading environment from /home/runner/work/key/key/key.core/../key.ui/examples/heap/simple/selection_sort.key 
116827     DEBUG main            d.u.i.k.p.i.AbstractProblemLoader Environment load took 109.2ns 
116828     INFO  main            d.u.i.k.p.i.AbstractProblemLoader Creating init config 
119817     DEBUG main            d.u.i.k.p.i.AbstractProblemLoader Init config took 2.99s 
119832     INFO  main            d.u.i.k.p.i.AbstractProblemLoader Replaying proof selection_sort.key 
119835     DEBUG main            d.u.i.k.p.i.IntermediateProofReplayer Proof replay took 8.4ns 
124036     INFO  main            d.u.i.k.p.r.p.TestFile    ... finished proof: closed. 
124392     INFO  main            d.u.i.k.p.i.AbstractProblemLoader Loading environment from /home/runner/work/key/key/key.core/../key.ui/examples/heap/simple/selection_sort.key.proof 
124392     DEBUG main            d.u.i.k.p.i.AbstractProblemLoader Environment load took 530ns 
124394     INFO  main            d.u.i.k.p.i.AbstractProblemLoader Creating init config 
127361     DEBUG main            d.u.i.k.p.i.AbstractProblemLoader Init config took 2.97s 
127378     INFO  main            d.u.i.k.p.i.AbstractProblemLoader Replaying proof selection_sort.key.proof 
127928     DEBUG main            d.u.i.k.p.i.IntermediateProofReplayer Proof replay took 516.79ms 
127930     DEBUG main            d.u.i.k.p.r.p.TestFile    ... success: reloaded. 
127932     INFO  main            d.u.i.k.p.r.p.TestFile    Now processing file /home/runner/work/key/key/key.core/../key.ui/examples/heap/simple/seq.key 
127932     INFO  main            d.u.i.k.p.i.AbstractProblemLoader Loading environment from /home/runner/work/key/key/key.core/../key.ui/examples/heap/simple/seq.key 
127933     DEBUG main            d.u.i.k.p.i.AbstractProblemLoader Environment load took 329.5ns 
127934     INFO  main            d.u.i.k.p.i.AbstractProblemLoader Creating init config 
130783     DEBUG main            d.u.i.k.p.i.AbstractProblemLoader Init config took 2.85s 
130798     INFO  main            d.u.i.k.p.i.AbstractProblemLoader Replaying proof seq.key 
130824     DEBUG main            d.u.i.k.p.i.IntermediateProofReplayer Proof replay took 8.8ns 
131329     INFO  main            d.u.i.k.p.r.p.TestFile    ... finished proof: closed. 
131704     INFO  main            d.u.i.k.p.i.AbstractProblemLoader Loading environment from /home/runner/work/key/key/key.core/../key.ui/examples/heap/simple/seq.key.proof 
131705     DEBUG main            d.u.i.k.p.i.AbstractProblemLoader Environment load took 492.9ns 
131707     INFO  main            d.u.i.k.p.i.AbstractProblemLoader Creating init config 
134602     DEBUG main            d.u.i.k.p.i.AbstractProblemLoader Init config took 2.9s 
134624     INFO  main            d.u.i.k.p.i.AbstractProblemLoader Replaying proof seq.key.proof 
134678     DEBUG main            d.u.i.k.p.i.IntermediateProofReplayer Proof replay took 46.72ms 
134679     DEBUG main            d.u.i.k.p.r.p.TestFile    ... success: reloaded. 
134680     INFO  main            d.u.i.k.p.r.p.TestFile    Now processing file /home/runner/work/key/key/key.core/../key.ui/examples/heap/simple/oldForParams.key 
134680     INFO  main            d.u.i.k.p.i.AbstractProblemLoader Loading environment from /home/runner/work/key/key/key.core/../key.ui/examples/heap/simple/oldForParams.key 
134680     DEBUG main            d.u.i.k.p.i.AbstractProblemLoader Environment load took 125.5ns 
134681     INFO  main            d.u.i.k.p.i.AbstractProblemLoader Creating init config 
137917     DEBUG main            d.u.i.k.p.i.AbstractProblemLoader Init config took 3.24s 
138005     INFO  main            d.u.i.k.p.i.AbstractProblemLoader Replaying proof OldForParameters[OldForParameters::method(int)].JML operation contract.0 
138009     DEBUG main            d.u.i.k.p.i.IntermediateProofReplayer Proof replay took 25.7ns 
138216     INFO  main            d.u.i.k.p.r.p.TestFile    ... finished proof: closed. 
138551     INFO  main            d.u.i.k.p.i.AbstractProblemLoader Loading environment from /home/runner/work/key/key/key.core/../key.ui/examples/heap/simple/oldForParams.key.proof 
138551     DEBUG main            d.u.i.k.p.i.AbstractProblemLoader Environment load took 126ns 
138552     INFO  main            d.u.i.k.p.i.AbstractProblemLoader Creating init config 
141571     DEBUG main            d.u.i.k.p.i.AbstractProblemLoader Init config took 3.02s 
141623     INFO  main            d.u.i.k.p.i.AbstractProblemLoader Replaying proof OldForParameters[OldForParameters::method(int)].JML operation contract.0 
141673     DEBUG main            d.u.i.k.p.i.IntermediateProofReplayer Proof replay took 46.68ms 
141674     DEBUG main            d.u.i.k.p.r.p.TestFile    ... success: reloaded. 
141676     INFO  main            d.u.i.k.p.r.p.TestFile    Now processing file /home/runner/work/key/key/key.core/../key.ui/examples/heap/simple/parse_lmtd.key 
141676     INFO  main            d.u.i.k.p.i.AbstractProblemLoader Loading environment from /home/runner/work/key/key/key.core/../key.ui/examples/heap/simple/parse_lmtd.key 
141677     DEBUG main            d.u.i.k.p.i.AbstractProblemLoader Environment load took 237.4ns 
141678     INFO  main            d.u.i.k.p.i.AbstractProblemLoader Creating init config 
144935     DEBUG main            d.u.i.k.p.i.AbstractProblemLoader Init config took 3.26s 
144986     INFO  main            d.u.i.k.p.i.AbstractProblemLoader Replaying proof ParseLmtd[ParseLmtd::simple(int)].JML normal_behavior operation contract.0 
144987     DEBUG main            d.u.i.k.p.i.IntermediateProofReplayer Proof replay took 6.9ns 
145191     INFO  main            d.u.i.k.p.r.p.TestFile    ... finished proof: closed. 
145522     INFO  main            d.u.i.k.p.i.AbstractProblemLoader Loading environment from /home/runner/work/key/key/key.core/../key.ui/examples/heap/simple/parse_lmtd.key.proof 
145522     DEBUG main            d.u.i.k.p.i.AbstractProblemLoader Environment load took 138.7ns 
145523     INFO  main            d.u.i.k.p.i.AbstractProblemLoader Creating init config 
148522     DEBUG main            d.u.i.k.p.i.AbstractProblemLoader Init config took 3s 
148565     INFO  main            d.u.i.k.p.i.AbstractProblemLoader Replaying proof ParseLmtd[ParseLmtd::simple(int)].JML normal_behavior operation contract.0 
148588     DEBUG main            d.u.i.k.p.i.IntermediateProofReplayer Proof replay took 20.92ms 
148590     DEBUG main            d.u.i.k.p.r.p.TestFile    ... success: reloaded. 
148591     INFO  main            d.u.i.k.p.r.p.TestFile    Now processing file /home/runner/work/key/key/key.core/../key.ui/examples/heap/strictly_pure/strictlyPureMethod.key 
148591     INFO  main            d.u.i.k.p.i.AbstractProblemLoader Loading environment from /home/runner/work/key/key/key.core/../key.ui/examples/heap/strictly_pure/strictlyPureMethod.key 
148591     DEBUG main            d.u.i.k.p.i.AbstractProblemLoader Environment load took 115.4ns 
148592     INFO  main            d.u.i.k.p.i.AbstractProblemLoader Creating init config 
151511     DEBUG main            d.u.i.k.p.i.AbstractProblemLoader Init config took 2.92s 
151557     INFO  main            d.u.i.k.p.i.AbstractProblemLoader Replaying proof StrictlyPure[StrictlyPure::strictlyPureMethod()].JML operation contract.0 
151558     DEBUG main            d.u.i.k.p.i.IntermediateProofReplayer Proof replay took 7.6ns 
151761     INFO  main            d.u.i.k.p.r.p.TestFile    ... finished proof: closed. 
152095     INFO  main            d.u.i.k.p.i.AbstractProblemLoader Loading environment from /home/runner/work/key/key/key.core/../key.ui/examples/heap/strictly_pure/strictlyPureMethod.key.proof 
152095     DEBUG main            d.u.i.k.p.i.AbstractProblemLoader Environment load took 120.9ns 
152097     INFO  main            d.u.i.k.p.i.AbstractProblemLoader Creating init config 
154997     DEBUG main            d.u.i.k.p.i.AbstractProblemLoader Init config took 2.9s 
155038     INFO  main            d.u.i.k.p.i.AbstractProblemLoader Replaying proof StrictlyPure[StrictlyPure::strictlyPureMethod()].JML operation contract.0 
155075     DEBUG main            d.u.i.k.p.i.IntermediateProofReplayer Proof replay took 33.15ms 
155077     DEBUG main            d.u.i.k.p.r.p.TestFile    ... success: reloaded. 
155078     INFO  main            d.u.i.k.p.r.p.TestFile    Now processing file /home/runner/work/key/key/key.core/../key.ui/examples/heap/strictly_pure/useStrictlyPureMethod.key 
155078     INFO  main            d.u.i.k.p.i.AbstractProblemLoader Loading environment from /home/runner/work/key/key/key.core/../key.ui/examples/heap/strictly_pure/useStrictlyPureMethod.key 
155078     DEBUG main            d.u.i.k.p.i.AbstractProblemLoader Environment load took 262.8ns 
155079     INFO  main            d.u.i.k.p.i.AbstractProblemLoader Creating init config 
157994     DEBUG main            d.u.i.k.p.i.AbstractProblemLoader Init config took 2.91s 
158033     INFO  main            d.u.i.k.p.i.AbstractProblemLoader Replaying proof StrictlyPure[StrictlyPure::useStrictlyPureMethod(StrictlyPureClass)].JML operation contract.0 
158035     DEBUG main            d.u.i.k.p.i.IntermediateProofReplayer Proof replay took 7.7ns 
158237     INFO  main            d.u.i.k.p.r.p.TestFile    ... finished proof: closed. 
158571     INFO  main            d.u.i.k.p.i.AbstractProblemLoader Loading environment from /home/runner/work/key/key/key.core/../key.ui/examples/heap/strictly_pure/useStrictlyPureMethod.key.proof 
158572     DEBUG main            d.u.i.k.p.i.AbstractProblemLoader Environment load took 473.7ns 
158573     INFO  main            d.u.i.k.p.i.AbstractProblemLoader Creating init config 
161456     DEBUG main            d.u.i.k.p.i.AbstractProblemLoader Init config took 2.88s 
161494     INFO  main            d.u.i.k.p.i.AbstractProblemLoader Replaying proof StrictlyPure[StrictlyPure::useStrictlyPureMethod(StrictlyPureClass)].JML operation contract.0 
161548     DEBUG main            d.u.i.k.p.i.IntermediateProofReplayer Proof replay took 49.74ms 
161549     DEBUG main            d.u.i.k.p.r.p.TestFile    ... success: reloaded. 
161550     INFO  main            d.u.i.k.p.r.p.TestFile    Now processing file /home/runner/work/key/key/key.core/../key.ui/examples/heap/Wellfounded/ackermann.key 
161550     INFO  main            d.u.i.k.p.i.AbstractProblemLoader Loading environment from /home/runner/work/key/key/key.core/../key.ui/examples/heap/Wellfounded/ackermann.key 
161550     DEBUG main            d.u.i.k.p.i.AbstractProblemLoader Environment load took 128.5ns 
161551     INFO  main            d.u.i.k.p.i.AbstractProblemLoader Creating init config 
164379     DEBUG main            d.u.i.k.p.i.AbstractProblemLoader Init config took 2.83s 
164464     INFO  main            d.u.i.k.p.i.AbstractProblemLoader Replaying proof Ackermann[Ackermann::a(int,int)].JML normal_behavior operation contract.0 
164468     DEBUG main            d.u.i.k.p.i.IntermediateProofReplayer Proof replay took 9.3ns 
164771     INFO  main            d.u.i.k.p.r.p.TestFile    ... finished proof: closed. 
165174     INFO  main            d.u.i.k.p.i.AbstractProblemLoader Loading environment from /home/runner/work/key/key/key.core/../key.ui/examples/heap/Wellfounded/ackermann.key.proof 
165174     DEBUG main            d.u.i.k.p.i.AbstractProblemLoader Environment load took 110.3ns 
165175     INFO  main            d.u.i.k.p.i.AbstractProblemLoader Creating init config 
168143     DEBUG main            d.u.i.k.p.i.AbstractProblemLoader Init config took 2.97s 
168180     INFO  main            d.u.i.k.p.i.AbstractProblemLoader Replaying proof Ackermann[Ackermann::a(int,int)].JML normal_behavior operation contract.0 
168242     DEBUG main            d.u.i.k.p.i.IntermediateProofReplayer Proof replay took 58.23ms 
168243     DEBUG main            d.u.i.k.p.r.p.TestFile    ... success: reloaded. 
168244     INFO  main            d.u.i.k.p.r.p.TestFile    Now processing file /home/runner/work/key/key/key.core/../key.ui/examples/standard_key/unicode_test.key 
168248     INFO  main            d.u.i.k.p.i.AbstractProblemLoader Loading environment from /home/runner/work/key/key/key.core/../key.ui/examples/standard_key/unicode_test.key 
168249     DEBUG main            d.u.i.k.p.i.AbstractProblemLoader Environment load took 104.7ns 
168251     INFO  main            d.u.i.k.p.i.AbstractProblemLoader Creating init config 
171027     DEBUG main            d.u.i.k.p.i.AbstractProblemLoader Init config took 2.78s 
171042     INFO  main            d.u.i.k.p.i.AbstractProblemLoader Replaying proof unicode_test.key 
171044     DEBUG main            d.u.i.k.p.i.IntermediateProofReplayer Proof replay took 8.6ns 
171146     INFO  main            d.u.i.k.p.r.p.TestFile    ... finished proof: closed. 
171456     INFO  main            d.u.i.k.p.i.AbstractProblemLoader Loading environment from /home/runner/work/key/key/key.core/../key.ui/examples/standard_key/unicode_test.key.proof 
171456     DEBUG main            d.u.i.k.p.i.AbstractProblemLoader Environment load took 121ns 
171457     INFO  main            d.u.i.k.p.i.AbstractProblemLoader Creating init config 
174126     DEBUG main            d.u.i.k.p.i.AbstractProblemLoader Init config took 2.67s 
174139     INFO  main            d.u.i.k.p.i.AbstractProblemLoader Replaying proof unicode_test.key.proof 
174142     DEBUG main            d.u.i.k.p.i.IntermediateProofReplayer Proof replay took 447.3ns 
174142     DEBUG main            d.u.i.k.p.r.p.TestFile    ... success: reloaded. 
174143     INFO  main            d.u.i.k.p.r.p.TestFile    Now processing file /home/runner/work/key/key/key.core/../key.ui/examples/heap/strictlyModular/mayExpand.key 
174144     INFO  main            d.u.i.k.p.i.AbstractProblemLoader Loading environment from /home/runner/work/key/key/key.core/../key.ui/examples/heap/strictlyModular/mayExpand.key 
174144     DEBUG main            d.u.i.k.p.i.AbstractProblemLoader Environment load took 451.2ns 
174146     INFO  main            d.u.i.k.p.i.AbstractProblemLoader Creating init config 
177122     DEBUG main            d.u.i.k.p.i.AbstractProblemLoader Init config took 2.98s 
177168     INFO  main            d.u.i.k.p.i.AbstractProblemLoader Replaying proof Modular[Modular::m()].JML operation contract.0 
177170     DEBUG main            d.u.i.k.p.i.IntermediateProofReplayer Proof replay took 8.4ns 
177275     INFO  main            d.u.i.k.p.r.p.TestFile    ... finished proof: closed. 
177631     INFO  main            d.u.i.k.p.i.AbstractProblemLoader Loading environment from /home/runner/work/key/key/key.core/../key.ui/examples/heap/strictlyModular/mayExpand.key.proof 
177631     DEBUG main            d.u.i.k.p.i.AbstractProblemLoader Environment load took 118ns 
177633     INFO  main            d.u.i.k.p.i.AbstractProblemLoader Creating init config 
180436     DEBUG main            d.u.i.k.p.i.AbstractProblemLoader Init config took 2.8s 
180481     INFO  main            d.u.i.k.p.i.AbstractProblemLoader Replaying proof Modular[Modular::m()].JML operation contract.0 
180503     DEBUG main            d.u.i.k.p.i.IntermediateProofReplayer Proof replay took 18.69ms 
180505     DEBUG main            d.u.i.k.p.r.p.TestFile    ... success: reloaded. 
180506     INFO  main            d.u.i.k.p.r.p.TestFile    Now processing file /home/runner/work/key/key/key.core/../key.ui/examples/heap/strictlyModular/modularOnly.key 
180507     INFO  main            d.u.i.k.p.i.AbstractProblemLoader Loading environment from /home/runner/work/key/key/key.core/../key.ui/examples/heap/strictlyModular/modularOnly.key 
180507     DEBUG main            d.u.i.k.p.i.AbstractProblemLoader Environment load took 185.5ns 
180508     INFO  main            d.u.i.k.p.i.AbstractProblemLoader Creating init config 
183489     DEBUG main            d.u.i.k.p.i.AbstractProblemLoader Init config took 2.98s 
183529     INFO  main            d.u.i.k.p.i.AbstractProblemLoader Replaying proof Modular[Modular::m()].JML operation contract.0 
183531     DEBUG main            d.u.i.k.p.i.IntermediateProofReplayer Proof replay took 7.6ns 
183637     INFO  main            d.u.i.k.p.r.p.TestFile    ... finished proof: open goal(s) 
2100701    INFO  Test worker     d.u.i.k.p.r.RunAllProofsTestUnit Returning from test simpleTests 
2100702    INFO  Test worker     d.u.i.k.p.r.RunAllProofsTestUnit Running test SmansEtAl 
419        INFO  Timeout watchdog d.u.i.k.p.r.p.ForkedTestFileRunner Timeout watcher launched (2000 secs.) 
437        WARN  main            d.u.i.k.s.ProofSettings   The settings in /home/runner/.key/proof-settings.props are *not* read. 
499        INFO  main            d.u.i.k.p.r.p.TestFile    Now processing file /home/runner/work/key/key/key.core/../key.ui/examples/heap/SmansEtAl/ArrayList_add.key 
653        INFO  main            d.u.i.k.p.i.AbstractProblemLoader Loading environment from /home/runner/work/key/key/key.core/../key.ui/examples/heap/SmansEtAl/ArrayList_add.key 
672        DEBUG main            d.u.i.k.p.i.AbstractProblemLoader Environment load took 2.65ms 
940        INFO  main            d.u.i.k.p.i.AbstractProblemLoader Creating init config 
2186       DEBUG main            d.u.i.k.j.TypeConverter   No LDT found for Meta 
2187       DEBUG main            d.u.i.k.j.TypeConverter   No LDT found for Meta 
2191       DEBUG main            d.u.i.k.j.TypeConverter   No LDT found for Meta 
2191       DEBUG main            d.u.i.k.j.TypeConverter   No LDT found for Meta 
3870       DEBUG main            d.u.i.k.j.TypeConverter   No LDT found for JavaBigintExpression 
9797       DEBUG main            d.u.i.k.p.i.AbstractProblemLoader Init config took 8.86s 
9960       INFO  main            d.u.i.k.p.i.AbstractProblemLoader Replaying proof ArrayList[ArrayList::add(java.lang.Object)].JML normal_behavior operation contract.0 
10002      DEBUG main            d.u.i.k.p.i.IntermediateProofReplayer Proof replay took 35.4ns 
18228      INFO  main            d.u.i.k.p.r.p.TestFile    ... finished proof: closed. 
18476      INFO  main            d.u.i.k.p.i.AbstractProblemLoader Loading environment from /home/runner/work/key/key/key.core/../key.ui/examples/heap/SmansEtAl/ArrayList_add.key.proof 
18476      DEBUG main            d.u.i.k.p.i.AbstractProblemLoader Environment load took 324ns 
18487      INFO  main            d.u.i.k.p.i.AbstractProblemLoader Creating init config 
21888      DEBUG main            d.u.i.k.p.i.AbstractProblemLoader Init config took 3.4s 
21959      INFO  main            d.u.i.k.p.i.AbstractProblemLoader Replaying proof ArrayList[ArrayList::add(java.lang.Object)].JML normal_behavior operation contract.0 
22948      DEBUG main            d.u.i.k.p.i.IntermediateProofReplayer Proof replay took 950.83ms 
22960      DEBUG main            d.u.i.k.p.r.p.TestFile    ... success: reloaded. 
22965      INFO  main            d.u.i.k.p.r.p.TestFile    Now processing file /home/runner/work/key/key/key.core/../key.ui/examples/heap/SmansEtAl/ArrayList_ArrayList.key 
22965      INFO  main            d.u.i.k.p.i.AbstractProblemLoader Loading environment from /home/runner/work/key/key/key.core/../key.ui/examples/heap/SmansEtAl/ArrayList_ArrayList.key 
22965      DEBUG main            d.u.i.k.p.i.AbstractProblemLoader Environment load took 291.7ns 
22970      INFO  main            d.u.i.k.p.i.AbstractProblemLoader Creating init config 
26082      DEBUG main            d.u.i.k.p.i.AbstractProblemLoader Init config took 3.11s 
26159      INFO  main            d.u.i.k.p.i.AbstractProblemLoader Replaying proof ArrayList[ArrayList::ArrayList()].JML normal_behavior operation contract.0 
26162      DEBUG main            d.u.i.k.p.i.IntermediateProofReplayer Proof replay took 38.6ns 
27269      INFO  main            d.u.i.k.p.r.p.TestFile    ... finished proof: closed. 
27466      INFO  main            d.u.i.k.p.i.AbstractProblemLoader Loading environment from /home/runner/work/key/key/key.core/../key.ui/examples/heap/SmansEtAl/ArrayList_ArrayList.key.proof 
27467      DEBUG main            d.u.i.k.p.i.AbstractProblemLoader Environment load took 578.2ns 
27469      INFO  main            d.u.i.k.p.i.AbstractProblemLoader Creating init config 
30570      DEBUG main            d.u.i.k.p.i.AbstractProblemLoader Init config took 3.1s 
30630      INFO  main            d.u.i.k.p.i.AbstractProblemLoader Replaying proof ArrayList[ArrayList::ArrayList()].JML normal_behavior operation contract.0 
30805      DEBUG main            d.u.i.k.p.i.IntermediateProofReplayer Proof replay took 165.72ms 
30807      DEBUG main            d.u.i.k.p.r.p.TestFile    ... success: reloaded. 
30808      INFO  main            d.u.i.k.p.r.p.TestFile    Now processing file /home/runner/work/key/key/key.core/../key.ui/examples/heap/SmansEtAl/ArrayList_footprint.key 
30809      INFO  main            d.u.i.k.p.i.AbstractProblemLoader Loading environment from /home/runner/work/key/key/key.core/../key.ui/examples/heap/SmansEtAl/ArrayList_footprint.key 
30809      DEBUG main            d.u.i.k.p.i.AbstractProblemLoader Environment load took 238.9ns 
30810      INFO  main            d.u.i.k.p.i.AbstractProblemLoader Creating init config 
33842      DEBUG main            d.u.i.k.p.i.AbstractProblemLoader Init config took 3.03s 
33898      INFO  main            d.u.i.k.p.i.AbstractProblemLoader Replaying proof ArrayList[ArrayList::$footprint()].JML accessible clause.0 
33900      DEBUG main            d.u.i.k.p.i.IntermediateProofReplayer Proof replay took 5.8ns 
34003      INFO  main            d.u.i.k.p.r.p.TestFile    ... finished proof: closed. 
34179      INFO  main            d.u.i.k.p.i.AbstractProblemLoader Loading environment from /home/runner/work/key/key/key.core/../key.ui/examples/heap/SmansEtAl/ArrayList_footprint.key.proof 
34179      DEBUG main            d.u.i.k.p.i.AbstractProblemLoader Environment load took 132.6ns 
34180      INFO  main            d.u.i.k.p.i.AbstractProblemLoader Creating init config 
37211      DEBUG main            d.u.i.k.p.i.AbstractProblemLoader Init config took 3.03s 
37270      INFO  main            d.u.i.k.p.i.AbstractProblemLoader Replaying proof ArrayList[ArrayList::$footprint()].JML accessible clause.0 
37283      DEBUG main            d.u.i.k.p.i.IntermediateProofReplayer Proof replay took 10.12ms 
37284      DEBUG main            d.u.i.k.p.r.p.TestFile    ... success: reloaded. 
37286      INFO  main            d.u.i.k.p.r.p.TestFile    Now processing file /home/runner/work/key/key/key.core/../key.ui/examples/heap/SmansEtAl/ArrayList_get_dep.key 
37286      INFO  main            d.u.i.k.p.i.AbstractProblemLoader Loading environment from /home/runner/work/key/key/key.core/../key.ui/examples/heap/SmansEtAl/ArrayList_get_dep.key 
37286      DEBUG main            d.u.i.k.p.i.AbstractProblemLoader Environment load took 320.9ns 
37288      INFO  main            d.u.i.k.p.i.AbstractProblemLoader Creating init config 
40379      DEBUG main            d.u.i.k.p.i.AbstractProblemLoader Init config took 3.09s 
40454      INFO  main            d.u.i.k.p.i.AbstractProblemLoader Replaying proof ArrayList[ArrayList::get(int)].JML accessible clause.0 
40458      DEBUG main            d.u.i.k.p.i.IntermediateProofReplayer Proof replay took 6.9ns 
40869      INFO  main            d.u.i.k.p.r.p.TestFile    ... finished proof: closed. 
41072      INFO  main            d.u.i.k.p.i.AbstractProblemLoader Loading environment from /home/runner/work/key/key/key.core/../key.ui/examples/heap/SmansEtAl/ArrayList_get_dep.key.proof 
41076      DEBUG main            d.u.i.k.p.i.AbstractProblemLoader Environment load took 3.73ms 
41078      INFO  main            d.u.i.k.p.i.AbstractProblemLoader Creating init config 
44312      DEBUG main            d.u.i.k.p.i.AbstractProblemLoader Init config took 3.23s 
44364      INFO  main            d.u.i.k.p.i.AbstractProblemLoader Replaying proof ArrayList[ArrayList::get(int)].JML accessible clause.0 
44443      DEBUG main            d.u.i.k.p.i.IntermediateProofReplayer Proof replay took 59.51ms 
44444      DEBUG main            d.u.i.k.p.r.p.TestFile    ... success: reloaded. 
44446      INFO  main            d.u.i.k.p.r.p.TestFile    Now processing file /home/runner/work/key/key/key.core/../key.ui/examples/heap/SmansEtAl/ArrayList_get.key 
44446      INFO  main            d.u.i.k.p.i.AbstractProblemLoader Loading environment from /home/runner/work/key/key/key.core/../key.ui/examples/heap/SmansEtAl/ArrayList_get.key 
44446      DEBUG main            d.u.i.k.p.i.AbstractProblemLoader Environment load took 253.2ns 
44448      INFO  main            d.u.i.k.p.i.AbstractProblemLoader Creating init config 
47618      DEBUG main            d.u.i.k.p.i.AbstractProblemLoader Init config took 3.17s 
47677      INFO  main            d.u.i.k.p.i.AbstractProblemLoader Replaying proof ArrayList[ArrayList::get(int)].JML normal_behavior operation contract.0 
47684      DEBUG main            d.u.i.k.p.i.IntermediateProofReplayer Proof replay took 7.8ns 
47887      INFO  main            d.u.i.k.p.r.p.TestFile    ... finished proof: closed. 
48087      INFO  main            d.u.i.k.p.i.AbstractProblemLoader Loading environment from /home/runner/work/key/key/key.core/../key.ui/examples/heap/SmansEtAl/ArrayList_get.key.proof 
48088      DEBUG main            d.u.i.k.p.i.AbstractProblemLoader Environment load took 514.6ns 
48089      INFO  main            d.u.i.k.p.i.AbstractProblemLoader Creating init config 
51138      DEBUG main            d.u.i.k.p.i.AbstractProblemLoader Init config took 3.05s 
51212      INFO  main            d.u.i.k.p.i.AbstractProblemLoader Replaying proof ArrayList[ArrayList::get(int)].JML normal_behavior operation contract.0 
51249      DEBUG main            d.u.i.k.p.i.IntermediateProofReplayer Proof replay took 33.12ms 
51250      DEBUG main            d.u.i.k.p.r.p.TestFile    ... success: reloaded. 
51251      INFO  main            d.u.i.k.p.r.p.TestFile    Now processing file /home/runner/work/key/key/key.core/../key.ui/examples/heap/SmansEtAl/ArrayList_inv.key 
51252      INFO  main            d.u.i.k.p.i.AbstractProblemLoader Loading environment from /home/runner/work/key/key/key.core/../key.ui/examples/heap/SmansEtAl/ArrayList_inv.key 
51253      DEBUG main            d.u.i.k.p.i.AbstractProblemLoader Environment load took 695.9ns 
51254      INFO  main            d.u.i.k.p.i.AbstractProblemLoader Creating init config 
54509      DEBUG main            d.u.i.k.p.i.AbstractProblemLoader Init config took 3.26s 
54608      INFO  main            d.u.i.k.p.i.AbstractProblemLoader Replaying proof ArrayList[java.lang.Object::<inv>()].JML accessible clause.0 
54611      DEBUG main            d.u.i.k.p.i.IntermediateProofReplayer Proof replay took 7.4ns 
54717      INFO  main            d.u.i.k.p.r.p.TestFile    ... finished proof: closed. 
54928      INFO  main            d.u.i.k.p.i.AbstractProblemLoader Loading environment from /home/runner/work/key/key/key.core/../key.ui/examples/heap/SmansEtAl/ArrayList_inv.key.proof 
54928      DEBUG main            d.u.i.k.p.i.AbstractProblemLoader Environment load took 155ns 
54929      INFO  main            d.u.i.k.p.i.AbstractProblemLoader Creating init config 
58031      DEBUG main            d.u.i.k.p.i.AbstractProblemLoader Init config took 3.1s 
58081      INFO  main            d.u.i.k.p.i.AbstractProblemLoader Replaying proof ArrayList[java.lang.Object::<inv>()].JML accessible clause.0 
58094      DEBUG main            d.u.i.k.p.i.IntermediateProofReplayer Proof replay took 10.34ms 
58095      DEBUG main            d.u.i.k.p.r.p.TestFile    ... success: reloaded. 
58096      INFO  main            d.u.i.k.p.r.p.TestFile    Now processing file /home/runner/work/key/key/key.core/../key.ui/examples/heap/SmansEtAl/ArrayList_size_dep.key 
58097      INFO  main            d.u.i.k.p.i.AbstractProblemLoader Loading environment from /home/runner/work/key/key/key.core/../key.ui/examples/heap/SmansEtAl/ArrayList_size_dep.key 
58097      DEBUG main            d.u.i.k.p.i.AbstractProblemLoader Environment load took 266.1ns 
58098      INFO  main            d.u.i.k.p.i.AbstractProblemLoader Creating init config 
61021      DEBUG main            d.u.i.k.p.i.AbstractProblemLoader Init config took 2.92s 
61068      INFO  main            d.u.i.k.p.i.AbstractProblemLoader Replaying proof ArrayList[ArrayList::size()].JML accessible clause.0 
61071      DEBUG main            d.u.i.k.p.i.IntermediateProofReplayer Proof replay took 7ns 
61174      INFO  main            d.u.i.k.p.r.p.TestFile    ... finished proof: closed. 
61440      INFO  main            d.u.i.k.p.i.AbstractProblemLoader Loading environment from /home/runner/work/key/key/key.core/../key.ui/examples/heap/SmansEtAl/ArrayList_size_dep.key.proof 
61440      DEBUG main            d.u.i.k.p.i.AbstractProblemLoader Environment load took 214.8ns 
61442      INFO  main            d.u.i.k.p.i.AbstractProblemLoader Creating init config 
64619      DEBUG main            d.u.i.k.p.i.AbstractProblemLoader Init config took 3.18s 
64670      INFO  main            d.u.i.k.p.i.AbstractProblemLoader Replaying proof ArrayList[ArrayList::size()].JML accessible clause.0 
64691      DEBUG main            d.u.i.k.p.i.IntermediateProofReplayer Proof replay took 17.59ms 
64692      DEBUG main            d.u.i.k.p.r.p.TestFile    ... success: reloaded. 
64693      INFO  main            d.u.i.k.p.r.p.TestFile    Now processing file /home/runner/work/key/key/key.core/../key.ui/examples/heap/SmansEtAl/ArrayList_size.key 
64694      INFO  main            d.u.i.k.p.i.AbstractProblemLoader Loading environment from /home/runner/work/key/key/key.core/../key.ui/examples/heap/SmansEtAl/ArrayList_size.key 
64694      DEBUG main            d.u.i.k.p.i.AbstractProblemLoader Environment load took 155.5ns 
64695      INFO  main            d.u.i.k.p.i.AbstractProblemLoader Creating init config 
67724      DEBUG main            d.u.i.k.p.i.AbstractProblemLoader Init config took 3.03s 
67791      INFO  main            d.u.i.k.p.i.AbstractProblemLoader Replaying proof ArrayList[ArrayList::size()].JML normal_behavior operation contract.0 
67793      DEBUG main            d.u.i.k.p.i.IntermediateProofReplayer Proof replay took 8.1ns 
67896      INFO  main            d.u.i.k.p.r.p.TestFile    ... finished proof: closed. 
68105      INFO  main            d.u.i.k.p.i.AbstractProblemLoader Loading environment from /home/runner/work/key/key/key.core/../key.ui/examples/heap/SmansEtAl/ArrayList_size.key.proof 
68106      DEBUG main            d.u.i.k.p.i.AbstractProblemLoader Environment load took 133.2ns 
68107      INFO  main            d.u.i.k.p.i.AbstractProblemLoader Creating init config 
70981      DEBUG main            d.u.i.k.p.i.AbstractProblemLoader Init config took 2.87s 
71036      INFO  main            d.u.i.k.p.i.AbstractProblemLoader Replaying proof ArrayList[ArrayList::size()].JML normal_behavior operation contract.0 
71060      DEBUG main            d.u.i.k.p.i.IntermediateProofReplayer Proof replay took 18.62ms 
71062      DEBUG main            d.u.i.k.p.r.p.TestFile    ... success: reloaded. 
71064      INFO  main            d.u.i.k.p.r.p.TestFile    Now processing file /home/runner/work/key/key/key.core/../key.ui/examples/heap/SmansEtAl/Cell_Cell.key 
71066      INFO  main            d.u.i.k.p.i.AbstractProblemLoader Loading environment from /home/runner/work/key/key/key.core/../key.ui/examples/heap/SmansEtAl/Cell_Cell.key 
71066      DEBUG main            d.u.i.k.p.i.AbstractProblemLoader Environment load took 273.4ns 
71067      INFO  main            d.u.i.k.p.i.AbstractProblemLoader Creating init config 
74077      DEBUG main            d.u.i.k.p.i.AbstractProblemLoader Init config took 3.01s 
74117      INFO  main            d.u.i.k.p.i.AbstractProblemLoader Replaying proof Cell[Cell::Cell()].JML normal_behavior operation contract.0 
74119      DEBUG main            d.u.i.k.p.i.IntermediateProofReplayer Proof replay took 6.7ns 
74321      INFO  main            d.u.i.k.p.r.p.TestFile    ... finished proof: closed. 
74538      INFO  main            d.u.i.k.p.i.AbstractProblemLoader Loading environment from /home/runner/work/key/key/key.core/../key.ui/examples/heap/SmansEtAl/Cell_Cell.key.proof 
74538      DEBUG main            d.u.i.k.p.i.AbstractProblemLoader Environment load took 144.9ns 
74539      INFO  main            d.u.i.k.p.i.AbstractProblemLoader Creating init config 
77467      DEBUG main            d.u.i.k.p.i.AbstractProblemLoader Init config took 2.93s 
77516      INFO  main            d.u.i.k.p.i.AbstractProblemLoader Replaying proof Cell[Cell::Cell()].JML normal_behavior operation contract.0 
77561      DEBUG main            d.u.i.k.p.i.IntermediateProofReplayer Proof replay took 41.86ms 
77562      DEBUG main            d.u.i.k.p.r.p.TestFile    ... success: reloaded. 
77564      INFO  main            d.u.i.k.p.r.p.TestFile    Now processing file /home/runner/work/key/key/key.core/../key.ui/examples/heap/SmansEtAl/Cell_footprint.key 
77564      INFO  main            d.u.i.k.p.i.AbstractProblemLoader Loading environment from /home/runner/work/key/key/key.core/../key.ui/examples/heap/SmansEtAl/Cell_footprint.key 
77564      DEBUG main            d.u.i.k.p.i.AbstractProblemLoader Environment load took 139.1ns 
77565      INFO  main            d.u.i.k.p.i.AbstractProblemLoader Creating init config 
80435      DEBUG main            d.u.i.k.p.i.AbstractProblemLoader Init config took 2.87s 
80480      INFO  main            d.u.i.k.p.i.AbstractProblemLoader Replaying proof Cell[Cell::$footprint()].JML accessible clause.0 
80483      DEBUG main            d.u.i.k.p.i.IntermediateProofReplayer Proof replay took 7.8ns 
80585      INFO  main            d.u.i.k.p.r.p.TestFile    ... finished proof: closed. 
80807      INFO  main            d.u.i.k.p.i.AbstractProblemLoader Loading environment from /home/runner/work/key/key/key.core/../key.ui/examples/heap/SmansEtAl/Cell_footprint.key.proof 
80808      DEBUG main            d.u.i.k.p.i.AbstractProblemLoader Environment load took 330ns 
80809      INFO  main            d.u.i.k.p.i.AbstractProblemLoader Creating init config 
83655      DEBUG main            d.u.i.k.p.i.AbstractProblemLoader Init config took 2.85s 
83695      INFO  main            d.u.i.k.p.i.AbstractProblemLoader Replaying proof Cell[Cell::$footprint()].JML accessible clause.0 
83700      DEBUG main            d.u.i.k.p.i.IntermediateProofReplayer Proof replay took 3.55ms 
83701      DEBUG main            d.u.i.k.p.r.p.TestFile    ... success: reloaded. 
83703      INFO  main            d.u.i.k.p.r.p.TestFile    Now processing file /home/runner/work/key/key/key.core/../key.ui/examples/heap/SmansEtAl/Cell_getX_dep.key 
83703      INFO  main            d.u.i.k.p.i.AbstractProblemLoader Loading environment from /home/runner/work/key/key/key.core/../key.ui/examples/heap/SmansEtAl/Cell_getX_dep.key 
83703      DEBUG main            d.u.i.k.p.i.AbstractProblemLoader Environment load took 216.8ns 
83704      INFO  main            d.u.i.k.p.i.AbstractProblemLoader Creating init config 
86786      DEBUG main            d.u.i.k.p.i.AbstractProblemLoader Init config took 3.08s 
86850      INFO  main            d.u.i.k.p.i.AbstractProblemLoader Replaying proof Cell[Cell::getX()].JML accessible clause.0 
86852      DEBUG main            d.u.i.k.p.i.IntermediateProofReplayer Proof replay took 7.8ns 
86955      INFO  main            d.u.i.k.p.r.p.TestFile    ... finished proof: closed. 
87212      INFO  main            d.u.i.k.p.i.AbstractProblemLoader Loading environment from /home/runner/work/key/key/key.core/../key.ui/examples/heap/SmansEtAl/Cell_getX_dep.key.proof 
87212      DEBUG main            d.u.i.k.p.i.AbstractProblemLoader Environment load took 148.7ns 
87213      INFO  main            d.u.i.k.p.i.AbstractProblemLoader Creating init config 
90100      DEBUG main            d.u.i.k.p.i.AbstractProblemLoader Init config took 2.89s 
90142      INFO  main            d.u.i.k.p.i.AbstractProblemLoader Replaying proof Cell[Cell::getX()].JML accessible clause.0 
90158      DEBUG main            d.u.i.k.p.i.IntermediateProofReplayer Proof replay took 13.27ms 
90159      DEBUG main            d.u.i.k.p.r.p.TestFile    ... success: reloaded. 
90160      INFO  main            d.u.i.k.p.r.p.TestFile    Now processing file /home/runner/work/key/key/key.core/../key.ui/examples/heap/SmansEtAl/Cell_getX.key 
90160      INFO  main            d.u.i.k.p.i.AbstractProblemLoader Loading environment from /home/runner/work/key/key/key.core/../key.ui/examples/heap/SmansEtAl/Cell_getX.key 
90161      DEBUG main            d.u.i.k.p.i.AbstractProblemLoader Environment load took 178.1ns 
90162      INFO  main            d.u.i.k.p.i.AbstractProblemLoader Creating init config 
93075      DEBUG main            d.u.i.k.p.i.AbstractProblemLoader Init config took 2.91s 
93118      INFO  main            d.u.i.k.p.i.AbstractProblemLoader Replaying proof Cell[Cell::getX()].JML normal_behavior operation contract.0 
93120      DEBUG main            d.u.i.k.p.i.IntermediateProofReplayer Proof replay took 7ns 
93223      INFO  main            d.u.i.k.p.r.p.TestFile    ... finished proof: closed. 
93460      INFO  main            d.u.i.k.p.i.AbstractProblemLoader Loading environment from /home/runner/work/key/key/key.core/../key.ui/examples/heap/SmansEtAl/Cell_getX.key.proof 
93460      DEBUG main            d.u.i.k.p.i.AbstractProblemLoader Environment load took 173.4ns 
93461      INFO  main            d.u.i.k.p.i.AbstractProblemLoader Creating init config 
96358      DEBUG main            d.u.i.k.p.i.AbstractProblemLoader Init config took 2.9s 
96421      INFO  main            d.u.i.k.p.i.AbstractProblemLoader Replaying proof Cell[Cell::getX()].JML normal_behavior operation contract.0 
96436      DEBUG main            d.u.i.k.p.i.IntermediateProofReplayer Proof replay took 12.79ms 
96438      DEBUG main            d.u.i.k.p.r.p.TestFile    ... success: reloaded. 
96440      INFO  main            d.u.i.k.p.r.p.TestFile    Now processing file /home/runner/work/key/key/key.core/../key.ui/examples/heap/SmansEtAl/Cell_inv.key 
96440      INFO  main            d.u.i.k.p.i.AbstractProblemLoader Loading environment from /home/runner/work/key/key/key.core/../key.ui/examples/heap/SmansEtAl/Cell_inv.key 
96440      DEBUG main            d.u.i.k.p.i.AbstractProblemLoader Environment load took 283.5ns 
96443      INFO  main            d.u.i.k.p.i.AbstractProblemLoader Creating init config 
99408      DEBUG main            d.u.i.k.p.i.AbstractProblemLoader Init config took 2.96s 
99449      INFO  main            d.u.i.k.p.i.AbstractProblemLoader Replaying proof Cell[java.lang.Object::<inv>()].JML accessible clause.0 
99451      DEBUG main            d.u.i.k.p.i.IntermediateProofReplayer Proof replay took 7.5ns 
99556      INFO  main            d.u.i.k.p.r.p.TestFile    ... finished proof: closed. 
99802      INFO  main            d.u.i.k.p.i.AbstractProblemLoader Loading environment from /home/runner/work/key/key/key.core/../key.ui/examples/heap/SmansEtAl/Cell_inv.key.proof 
99802      DEBUG main            d.u.i.k.p.i.AbstractProblemLoader Environment load took 126.1ns 
99804      INFO  main            d.u.i.k.p.i.AbstractProblemLoader Creating init config 
102713     DEBUG main            d.u.i.k.p.i.AbstractProblemLoader Init config took 2.91s 
102755     INFO  main            d.u.i.k.p.i.AbstractProblemLoader Replaying proof Cell[java.lang.Object::<inv>()].JML accessible clause.0 
102759     DEBUG main            d.u.i.k.p.i.IntermediateProofReplayer Proof replay took 2.14ms 
102760     DEBUG main            d.u.i.k.p.r.p.TestFile    ... success: reloaded. 
102761     INFO  main            d.u.i.k.p.r.p.TestFile    Now processing file /home/runner/work/key/key/key.core/../key.ui/examples/heap/SmansEtAl/Cell_setX.key 
102761     INFO  main            d.u.i.k.p.i.AbstractProblemLoader Loading environment from /home/runner/work/key/key/key.core/../key.ui/examples/heap/SmansEtAl/Cell_setX.key 
102761     DEBUG main            d.u.i.k.p.i.AbstractProblemLoader Environment load took 134.7ns 
102762     INFO  main            d.u.i.k.p.i.AbstractProblemLoader Creating init config 
105747     DEBUG main            d.u.i.k.p.i.AbstractProblemLoader Init config took 2.99s 
105784     INFO  main            d.u.i.k.p.i.AbstractProblemLoader Replaying proof Cell[Cell::setX(int)].JML normal_behavior operation contract.0 
105786     DEBUG main            d.u.i.k.p.i.IntermediateProofReplayer Proof replay took 6.4ns 
105892     INFO  main            d.u.i.k.p.r.p.TestFile    ... finished proof: closed. 
106127     INFO  main            d.u.i.k.p.i.AbstractProblemLoader Loading environment from /home/runner/work/key/key/key.core/../key.ui/examples/heap/SmansEtAl/Cell_setX.key.proof 
106127     DEBUG main            d.u.i.k.p.i.AbstractProblemLoader Environment load took 123.5ns 
106128     INFO  main            d.u.i.k.p.i.AbstractProblemLoader Creating init config 
108926     DEBUG main            d.u.i.k.p.i.AbstractProblemLoader Init config took 2.8s 
108968     INFO  main            d.u.i.k.p.i.AbstractProblemLoader Replaying proof Cell[Cell::setX(int)].JML normal_behavior operation contract.0 
108993     DEBUG main            d.u.i.k.p.i.IntermediateProofReplayer Proof replay took 22.06ms 
108994     DEBUG main            d.u.i.k.p.r.p.TestFile    ... success: reloaded. 
108995     INFO  main            d.u.i.k.p.r.p.TestFile    Now processing file /home/runner/work/key/key/key.core/../key.ui/examples/heap/SmansEtAl/CellClient_m.key 
108995     INFO  main            d.u.i.k.p.i.AbstractProblemLoader Loading environment from /home/runner/work/key/key/key.core/../key.ui/examples/heap/SmansEtAl/CellClient_m.key 
108996     DEBUG main            d.u.i.k.p.i.AbstractProblemLoader Environment load took 161.4ns 
108997     INFO  main            d.u.i.k.p.i.AbstractProblemLoader Creating init config 
112018     DEBUG main            d.u.i.k.p.i.AbstractProblemLoader Init config took 3.02s 
112057     INFO  main            d.u.i.k.p.i.AbstractProblemLoader Replaying proof CellClient[CellClient::m()].JML operation contract.0 
112059     DEBUG main            d.u.i.k.p.i.IntermediateProofReplayer Proof replay took 7.8ns 
112665     INFO  main            d.u.i.k.p.r.p.TestFile    ... finished proof: closed. 
112957     INFO  main            d.u.i.k.p.i.AbstractProblemLoader Loading environment from /home/runner/work/key/key/key.core/../key.ui/examples/heap/SmansEtAl/CellClient_m.key.proof 
112958     DEBUG main            d.u.i.k.p.i.AbstractProblemLoader Environment load took 562.6ns 
112959     INFO  main            d.u.i.k.p.i.AbstractProblemLoader Creating init config 
115799     DEBUG main            d.u.i.k.p.i.AbstractProblemLoader Init config took 2.84s 
115850     INFO  main            d.u.i.k.p.i.AbstractProblemLoader Replaying proof CellClient[CellClient::m()].JML operation contract.0 
115972     DEBUG main            d.u.i.k.p.i.IntermediateProofReplayer Proof replay took 113.8ms 
115974     DEBUG main            d.u.i.k.p.r.p.TestFile    ... success: reloaded. 
115975     INFO  main            d.u.i.k.p.r.p.TestFile    Now processing file /home/runner/work/key/key/key.core/../key.ui/examples/heap/SmansEtAl/Iterator_footprint.key 
115976     INFO  main            d.u.i.k.p.i.AbstractProblemLoader Loading environment from /home/runner/work/key/key/key.core/../key.ui/examples/heap/SmansEtAl/Iterator_footprint.key 
115976     DEBUG main            d.u.i.k.p.i.AbstractProblemLoader Environment load took 162.9ns 
115977     INFO  main            d.u.i.k.p.i.AbstractProblemLoader Creating init config 
118889     DEBUG main            d.u.i.k.p.i.AbstractProblemLoader Init config took 2.91s 
118946     INFO  main            d.u.i.k.p.i.AbstractProblemLoader Replaying proof Iterator[Iterator::$footprint()].JML accessible clause.0 
118948     DEBUG main            d.u.i.k.p.i.IntermediateProofReplayer Proof replay took 6.7ns 
119051     INFO  main            d.u.i.k.p.r.p.TestFile    ... finished proof: closed. 
119340     INFO  main            d.u.i.k.p.i.AbstractProblemLoader Loading environment from /home/runner/work/key/key/key.core/../key.ui/examples/heap/SmansEtAl/Iterator_footprint.key.proof 
119340     DEBUG main            d.u.i.k.p.i.AbstractProblemLoader Environment load took 143ns 
119341     INFO  main            d.u.i.k.p.i.AbstractProblemLoader Creating init config 
122096     DEBUG main            d.u.i.k.p.i.AbstractProblemLoader Init config took 2.75s 
122149     INFO  main            d.u.i.k.p.i.AbstractProblemLoader Replaying proof Iterator[Iterator::$footprint()].JML accessible clause.0 
122158     DEBUG main            d.u.i.k.p.i.IntermediateProofReplayer Proof replay took 5.78ms 
122160     DEBUG main            d.u.i.k.p.r.p.TestFile    ... success: reloaded. 
122162     INFO  main            d.u.i.k.p.r.p.TestFile    Now processing file /home/runner/work/key/key/key.core/../key.ui/examples/heap/SmansEtAl/Iterator_hasNext_dep.key 
122163     INFO  main            d.u.i.k.p.i.AbstractProblemLoader Loading environment from /home/runner/work/key/key/key.core/../key.ui/examples/heap/SmansEtAl/Iterator_hasNext_dep.key 
122163     DEBUG main            d.u.i.k.p.i.AbstractProblemLoader Environment load took 225.1ns 
122164     INFO  main            d.u.i.k.p.i.AbstractProblemLoader Creating init config 
125065     DEBUG main            d.u.i.k.p.i.AbstractProblemLoader Init config took 2.9s 
125125     INFO  main            d.u.i.k.p.i.AbstractProblemLoader Replaying proof Iterator[Iterator::hasNext()].JML accessible clause.0 
125127     DEBUG main            d.u.i.k.p.i.IntermediateProofReplayer Proof replay took 7.3ns 
125731     INFO  main            d.u.i.k.p.r.p.TestFile    ... finished proof: closed. 
126064     INFO  main            d.u.i.k.p.i.AbstractProblemLoader Loading environment from /home/runner/work/key/key/key.core/../key.ui/examples/heap/SmansEtAl/Iterator_hasNext_dep.key.proof 
126065     DEBUG main            d.u.i.k.p.i.AbstractProblemLoader Environment load took 2.4ms 
126067     INFO  main            d.u.i.k.p.i.AbstractProblemLoader Creating init config 
128820     DEBUG main            d.u.i.k.p.i.AbstractProblemLoader Init config took 2.75s 
128866     INFO  main            d.u.i.k.p.i.AbstractProblemLoader Replaying proof Iterator[Iterator::hasNext()].JML accessible clause.0 
128967     DEBUG main            d.u.i.k.p.i.IntermediateProofReplayer Proof replay took 95.01ms 
128968     DEBUG main            d.u.i.k.p.r.p.TestFile    ... success: reloaded. 
128969     INFO  main            d.u.i.k.p.r.p.TestFile    Now processing file /home/runner/work/key/key/key.core/../key.ui/examples/heap/SmansEtAl/Iterator_hasNext.key 
128970     INFO  main            d.u.i.k.p.i.AbstractProblemLoader Loading environment from /home/runner/work/key/key/key.core/../key.ui/examples/heap/SmansEtAl/Iterator_hasNext.key 
128970     DEBUG main            d.u.i.k.p.i.AbstractProblemLoader Environment load took 241.4ns 
128971     INFO  main            d.u.i.k.p.i.AbstractProblemLoader Creating init config 
131775     DEBUG main            d.u.i.k.p.i.AbstractProblemLoader Init config took 2.8s 
131818     INFO  main            d.u.i.k.p.i.AbstractProblemLoader Replaying proof Iterator[Iterator::hasNext()].JML normal_behavior operation contract.0 
131819     DEBUG main            d.u.i.k.p.i.IntermediateProofReplayer Proof replay took 6.7ns 
132427     INFO  main            d.u.i.k.p.r.p.TestFile    ... finished proof: closed. 
132700     INFO  main            d.u.i.k.p.i.AbstractProblemLoader Loading environment from /home/runner/work/key/key/key.core/../key.ui/examples/heap/SmansEtAl/Iterator_hasNext.key.proof 
132702     DEBUG main            d.u.i.k.p.i.AbstractProblemLoader Environment load took 2.85ms 
132704     INFO  main            d.u.i.k.p.i.AbstractProblemLoader Creating init config 
135528     DEBUG main            d.u.i.k.p.i.AbstractProblemLoader Init config took 2.82s 
135576     INFO  main            d.u.i.k.p.i.AbstractProblemLoader Replaying proof Iterator[Iterator::hasNext()].JML normal_behavior operation contract.0 
135685     DEBUG main            d.u.i.k.p.i.IntermediateProofReplayer Proof replay took 102.26ms 
135686     DEBUG main            d.u.i.k.p.r.p.TestFile    ... success: reloaded. 
135687     INFO  main            d.u.i.k.p.r.p.TestFile    Now processing file /home/runner/work/key/key/key.core/../key.ui/examples/heap/SmansEtAl/Iterator_inv.key 
135687     INFO  main            d.u.i.k.p.i.AbstractProblemLoader Loading environment from /home/runner/work/key/key/key.core/../key.ui/examples/heap/SmansEtAl/Iterator_inv.key 
135688     DEBUG main            d.u.i.k.p.i.AbstractProblemLoader Environment load took 145.6ns 
135689     INFO  main            d.u.i.k.p.i.AbstractProblemLoader Creating init config 
138523     DEBUG main            d.u.i.k.p.i.AbstractProblemLoader Init config took 2.83s 
138565     INFO  main            d.u.i.k.p.i.AbstractProblemLoader Replaying proof Iterator[java.lang.Object::<inv>()].JML accessible clause.0 
138567     DEBUG main            d.u.i.k.p.i.IntermediateProofReplayer Proof replay took 7.3ns 
138772     INFO  main            d.u.i.k.p.r.p.TestFile    ... finished proof: closed. 
139059     INFO  main            d.u.i.k.p.i.AbstractProblemLoader Loading environment from /home/runner/work/key/key/key.core/../key.ui/examples/heap/SmansEtAl/Iterator_inv.key.proof 
139059     DEBUG main            d.u.i.k.p.i.AbstractProblemLoader Environment load took 139.3ns 
139060     INFO  main            d.u.i.k.p.i.AbstractProblemLoader Creating init config 
141822     DEBUG main            d.u.i.k.p.i.AbstractProblemLoader Init config took 2.76s 
141866     INFO  main            d.u.i.k.p.i.AbstractProblemLoader Replaying proof Iterator[java.lang.Object::<inv>()].JML accessible clause.0 
141892     DEBUG main            d.u.i.k.p.i.IntermediateProofReplayer Proof replay took 22.22ms 
141893     DEBUG main            d.u.i.k.p.r.p.TestFile    ... success: reloaded. 
141894     INFO  main            d.u.i.k.p.r.p.TestFile    Now processing file /home/runner/work/key/key/key.core/../key.ui/examples/heap/SmansEtAl/Iterator_Iterator.key 
141894     INFO  main            d.u.i.k.p.i.AbstractProblemLoader Loading environment from /home/runner/work/key/key/key.core/../key.ui/examples/heap/SmansEtAl/Iterator_Iterator.key 
141894     DEBUG main            d.u.i.k.p.i.AbstractProblemLoader Environment load took 139ns 
141895     INFO  main            d.u.i.k.p.i.AbstractProblemLoader Creating init config 
144859     DEBUG main            d.u.i.k.p.i.AbstractProblemLoader Init config took 2.96s 
144926     INFO  main            d.u.i.k.p.i.AbstractProblemLoader Replaying proof Iterator[Iterator::Iterator(ArrayList)].JML normal_behavior operation contract.0 
144927     DEBUG main            d.u.i.k.p.i.IntermediateProofReplayer Proof replay took 7.2ns 
146439     INFO  main            d.u.i.k.p.r.p.TestFile    ... finished proof: closed. 
146787     INFO  main            d.u.i.k.p.i.AbstractProblemLoader Loading environment from /home/runner/work/key/key/key.core/../key.ui/examples/heap/SmansEtAl/Iterator_Iterator.key.proof 
146788     DEBUG main            d.u.i.k.p.i.AbstractProblemLoader Environment load took 638.4ns 
146789     INFO  main            d.u.i.k.p.i.AbstractProblemLoader Creating init config 
149698     DEBUG main            d.u.i.k.p.i.AbstractProblemLoader Init config took 2.91s 
149752     INFO  main            d.u.i.k.p.i.AbstractProblemLoader Replaying proof Iterator[Iterator::Iterator(ArrayList)].JML normal_behavior operation contract.0 
149956     DEBUG main            d.u.i.k.p.i.IntermediateProofReplayer Proof replay took 190.97ms 
149960     DEBUG main            d.u.i.k.p.r.p.TestFile    ... success: reloaded. 
149962     INFO  main            d.u.i.k.p.r.p.TestFile    Now processing file /home/runner/work/key/key/key.core/../key.ui/examples/heap/SmansEtAl/Iterator_list_dep.key 
149962     INFO  main            d.u.i.k.p.i.AbstractProblemLoader Loading environment from /home/runner/work/key/key/key.core/../key.ui/examples/heap/SmansEtAl/Iterator_list_dep.key 
149962     DEBUG main            d.u.i.k.p.i.AbstractProblemLoader Environment load took 313.4ns 
149964     INFO  main            d.u.i.k.p.i.AbstractProblemLoader Creating init config 
152973     DEBUG main            d.u.i.k.p.i.AbstractProblemLoader Init config took 3.01s 
153024     INFO  main            d.u.i.k.p.i.AbstractProblemLoader Replaying proof Iterator[Iterator::list()].JML accessible clause.0 
153026     DEBUG main            d.u.i.k.p.i.IntermediateProofReplayer Proof replay took 8.1ns 
153130     INFO  main            d.u.i.k.p.r.p.TestFile    ... finished proof: closed. 
153464     INFO  main            d.u.i.k.p.i.AbstractProblemLoader Loading environment from /home/runner/work/key/key/key.core/../key.ui/examples/heap/SmansEtAl/Iterator_list_dep.key.proof 
153464     DEBUG main            d.u.i.k.p.i.AbstractProblemLoader Environment load took 116ns 
153465     INFO  main            d.u.i.k.p.i.AbstractProblemLoader Creating init config 
156365     DEBUG main            d.u.i.k.p.i.AbstractProblemLoader Init config took 2.9s 
156409     INFO  main            d.u.i.k.p.i.AbstractProblemLoader Replaying proof Iterator[Iterator::list()].JML accessible clause.0 
156431     DEBUG main            d.u.i.k.p.i.IntermediateProofReplayer Proof replay took 19.34ms 
156432     DEBUG main            d.u.i.k.p.r.p.TestFile    ... success: reloaded. 
156433     INFO  main            d.u.i.k.p.r.p.TestFile    Now processing file /home/runner/work/key/key/key.core/../key.ui/examples/heap/SmansEtAl/Iterator_list.key 
156433     INFO  main            d.u.i.k.p.i.AbstractProblemLoader Loading environment from /home/runner/work/key/key/key.core/../key.ui/examples/heap/SmansEtAl/Iterator_list.key 
156433     DEBUG main            d.u.i.k.p.i.AbstractProblemLoader Environment load took 117.6ns 
156434     INFO  main            d.u.i.k.p.i.AbstractProblemLoader Creating init config 
159440     DEBUG main            d.u.i.k.p.i.AbstractProblemLoader Init config took 3.01s 
159482     INFO  main            d.u.i.k.p.i.AbstractProblemLoader Replaying proof Iterator[Iterator::list()].JML normal_behavior operation contract.0 
159484     DEBUG main            d.u.i.k.p.i.IntermediateProofReplayer Proof replay took 7.7ns 
159587     INFO  main            d.u.i.k.p.r.p.TestFile    ... finished proof: closed. 
159915     INFO  main            d.u.i.k.p.i.AbstractProblemLoader Loading environment from /home/runner/work/key/key/key.core/../key.ui/examples/heap/SmansEtAl/Iterator_list.key.proof 
159915     DEBUG main            d.u.i.k.p.i.AbstractProblemLoader Environment load took 115.7ns 
159916     INFO  main            d.u.i.k.p.i.AbstractProblemLoader Creating init config 
162710     DEBUG main            d.u.i.k.p.i.AbstractProblemLoader Init config took 2.79s 
162767     INFO  main            d.u.i.k.p.i.AbstractProblemLoader Replaying proof Iterator[Iterator::list()].JML normal_behavior operation contract.0 
162785     DEBUG main            d.u.i.k.p.i.IntermediateProofReplayer Proof replay took 15.83ms 
162787     DEBUG main            d.u.i.k.p.r.p.TestFile    ... success: reloaded. 
162788     INFO  main            d.u.i.k.p.r.p.TestFile    Now processing file /home/runner/work/key/key/key.core/../key.ui/examples/heap/SmansEtAl/Iterator_next.key 
162788     INFO  main            d.u.i.k.p.i.AbstractProblemLoader Loading environment from /home/runner/work/key/key/key.core/../key.ui/examples/heap/SmansEtAl/Iterator_next.key 
162788     DEBUG main            d.u.i.k.p.i.AbstractProblemLoader Environment load took 130.9ns 
162789     INFO  main            d.u.i.k.p.i.AbstractProblemLoader Creating init config 
165682     DEBUG main            d.u.i.k.p.i.AbstractProblemLoader Init config took 2.89s 
165723     INFO  main            d.u.i.k.p.i.AbstractProblemLoader Replaying proof Iterator[Iterator::next()].JML normal_behavior operation contract.0 
165724     DEBUG main            d.u.i.k.p.i.IntermediateProofReplayer Proof replay took 5.9ns 
168635     INFO  main            d.u.i.k.p.r.p.TestFile    ... finished proof: closed. 
168987     INFO  main            d.u.i.k.p.i.AbstractProblemLoader Loading environment from /home/runner/work/key/key/key.core/../key.ui/examples/heap/SmansEtAl/Iterator_next.key.proof 
168988     DEBUG main            d.u.i.k.p.i.AbstractProblemLoader Environment load took 505.7ns 
168990     INFO  main            d.u.i.k.p.i.AbstractProblemLoader Creating init config 
171760     DEBUG main            d.u.i.k.p.i.AbstractProblemLoader Init config took 2.77s 
171802     INFO  main            d.u.i.k.p.i.AbstractProblemLoader Replaying proof Iterator[Iterator::next()].JML normal_behavior operation contract.0 
172114     DEBUG main            d.u.i.k.p.i.IntermediateProofReplayer Proof replay took 294.24ms 
172116     DEBUG main            d.u.i.k.p.r.p.TestFile    ... success: reloaded. 
172117     INFO  main            d.u.i.k.p.r.p.TestFile    Now processing file /home/runner/work/key/key/key.core/../key.ui/examples/heap/SmansEtAl/Stack_footprint.key 
172117     INFO  main            d.u.i.k.p.i.AbstractProblemLoader Loading environment from /home/runner/work/key/key/key.core/../key.ui/examples/heap/SmansEtAl/Stack_footprint.key 
172117     DEBUG main            d.u.i.k.p.i.AbstractProblemLoader Environment load took 120.3ns 
172118     INFO  main            d.u.i.k.p.i.AbstractProblemLoader Creating init config 
174856     DEBUG main            d.u.i.k.p.i.AbstractProblemLoader Init config took 2.74s 
174897     INFO  main            d.u.i.k.p.i.AbstractProblemLoader Replaying proof Stack[Stack::$footprint()].JML accessible clause.0 
174899     DEBUG main            d.u.i.k.p.i.IntermediateProofReplayer Proof replay took 7.8ns 
175102     INFO  main            d.u.i.k.p.r.p.TestFile    ... finished proof: closed. 
175428     INFO  main            d.u.i.k.p.i.AbstractProblemLoader Loading environment from /home/runner/work/key/key/key.core/../key.ui/examples/heap/SmansEtAl/Stack_footprint.key.proof 
175428     DEBUG main            d.u.i.k.p.i.AbstractProblemLoader Environment load took 118.6ns 
175430     INFO  main            d.u.i.k.p.i.AbstractProblemLoader Creating init config 
178255     DEBUG main            d.u.i.k.p.i.AbstractProblemLoader Init config took 2.83s 
178297     INFO  main            d.u.i.k.p.i.AbstractProblemLoader Replaying proof Stack[Stack::$footprint()].JML accessible clause.0 
178329     DEBUG main            d.u.i.k.p.i.IntermediateProofReplayer Proof replay took 29.23ms 
178330     DEBUG main            d.u.i.k.p.r.p.TestFile    ... success: reloaded. 
178333     INFO  main            d.u.i.k.p.r.p.TestFile    Now processing file /home/runner/work/key/key/key.core/../key.ui/examples/heap/SmansEtAl/Stack_inv.key 
178333     INFO  main            d.u.i.k.p.i.AbstractProblemLoader Loading environment from /home/runner/work/key/key/key.core/../key.ui/examples/heap/SmansEtAl/Stack_inv.key 
178334     DEBUG main            d.u.i.k.p.i.AbstractProblemLoader Environment load took 243.8ns 
178335     INFO  main            d.u.i.k.p.i.AbstractProblemLoader Creating init config 
181200     DEBUG main            d.u.i.k.p.i.AbstractProblemLoader Init config took 2.87s 
181242     INFO  main            d.u.i.k.p.i.AbstractProblemLoader Replaying proof Stack[java.lang.Object::<inv>()].JML accessible clause.0 
181244     DEBUG main            d.u.i.k.p.i.IntermediateProofReplayer Proof replay took 7.2ns 
181346     INFO  main            d.u.i.k.p.r.p.TestFile    ... finished proof: closed. 
181670     INFO  main            d.u.i.k.p.i.AbstractProblemLoader Loading environment from /home/runner/work/key/key/key.core/../key.ui/examples/heap/SmansEtAl/Stack_inv.key.proof 
181673     DEBUG main            d.u.i.k.p.i.AbstractProblemLoader Environment load took 2.56ms 
181675     INFO  main            d.u.i.k.p.i.AbstractProblemLoader Creating init config 
184338     DEBUG main            d.u.i.k.p.i.AbstractProblemLoader Init config took 2.66s 
184373     INFO  main            d.u.i.k.p.i.AbstractProblemLoader Replaying proof Stack[java.lang.Object::<inv>()].JML accessible clause.0 
184384     DEBUG main            d.u.i.k.p.i.IntermediateProofReplayer Proof replay took 8.6ms 
184384     DEBUG main            d.u.i.k.p.r.p.TestFile    ... success: reloaded. 
184385     INFO  main            d.u.i.k.p.r.p.TestFile    Now processing file /home/runner/work/key/key/key.core/../key.ui/examples/heap/SmansEtAl/Stack_push.key 
184386     INFO  main            d.u.i.k.p.i.AbstractProblemLoader Loading environment from /home/runner/work/key/key/key.core/../key.ui/examples/heap/SmansEtAl/Stack_push.key 
184386     DEBUG main            d.u.i.k.p.i.AbstractProblemLoader Environment load took 120.4ns 
184387     INFO  main            d.u.i.k.p.i.AbstractProblemLoader Creating init config 
187275     DEBUG main            d.u.i.k.p.i.AbstractProblemLoader Init config took 2.89s 
187313     INFO  main            d.u.i.k.p.i.AbstractProblemLoader Replaying proof Stack[Stack::push(java.lang.Object)].JML normal_behavior operation contract.0 
187314     DEBUG main            d.u.i.k.p.i.IntermediateProofReplayer Proof replay took 7.2ns 
188118     INFO  main            d.u.i.k.p.r.p.TestFile    ... finished proof: closed. 
188473     INFO  main            d.u.i.k.p.i.AbstractProblemLoader Loading environment from /home/runner/work/key/key/key.core/../key.ui/examples/heap/SmansEtAl/Stack_push.key.proof 
188474     DEBUG main            d.u.i.k.p.i.AbstractProblemLoader Environment load took 564.9ns 
188476     INFO  main            d.u.i.k.p.i.AbstractProblemLoader Creating init config 
191197     DEBUG main            d.u.i.k.p.i.AbstractProblemLoader Init config took 2.72s 
191241     INFO  main            d.u.i.k.p.i.AbstractProblemLoader Replaying proof Stack[Stack::push(java.lang.Object)].JML normal_behavior operation contract.0 
191356     DEBUG main            d.u.i.k.p.i.IntermediateProofReplayer Proof replay took 108.7ms 
191357     DEBUG main            d.u.i.k.p.r.p.TestFile    ... success: reloaded. 
191359     INFO  main            d.u.i.k.p.r.p.TestFile    Now processing file /home/runner/work/key/key/key.core/../key.ui/examples/heap/SmansEtAl/Stack_size.key 
191359     INFO  main            d.u.i.k.p.i.AbstractProblemLoader Loading environment from /home/runner/work/key/key/key.core/../key.ui/examples/heap/SmansEtAl/Stack_size.key 
191359     DEBUG main            d.u.i.k.p.i.AbstractProblemLoader Environment load took 244.1ns 
191360     INFO  main            d.u.i.k.p.i.AbstractProblemLoader Creating init config 
194160     DEBUG main            d.u.i.k.p.i.AbstractProblemLoader Init config took 2.8s 
194198     INFO  main            d.u.i.k.p.i.AbstractProblemLoader Replaying proof Stack[Stack::size()].JML accessible clause.0 
194200     DEBUG main            d.u.i.k.p.i.IntermediateProofReplayer Proof replay took 26ns 
194513     INFO  main            d.u.i.k.p.r.p.TestFile    ... finished proof: closed. 
194838     INFO  main            d.u.i.k.p.i.AbstractProblemLoader Loading environment from /home/runner/work/key/key/key.core/../key.ui/examples/heap/SmansEtAl/Stack_size.key.proof 
194838     DEBUG main            d.u.i.k.p.i.AbstractProblemLoader Environment load took 189.8ns 
194840     INFO  main            d.u.i.k.p.i.AbstractProblemLoader Creating init config 
197547     DEBUG main            d.u.i.k.p.i.AbstractProblemLoader Init config took 2.71s 
197584     INFO  main            d.u.i.k.p.i.AbstractProblemLoader Replaying proof Stack[Stack::size()].JML accessible clause.0 
197627     DEBUG main            d.u.i.k.p.i.IntermediateProofReplayer Proof replay took 40.64ms 
197629     DEBUG main            d.u.i.k.p.r.p.TestFile    ... success: reloaded. 
197630     INFO  main            d.u.i.k.p.r.p.TestFile    Now processing file /home/runner/work/key/key/key.core/../key.ui/examples/heap/SmansEtAl/Stack_Stack.key 
197630     INFO  main            d.u.i.k.p.i.AbstractProblemLoader Loading environment from /home/runner/work/key/key/key.core/../key.ui/examples/heap/SmansEtAl/Stack_Stack.key 
197631     DEBUG main            d.u.i.k.p.i.AbstractProblemLoader Environment load took 226ns 
197632     INFO  main            d.u.i.k.p.i.AbstractProblemLoader Creating init config 
200467     DEBUG main            d.u.i.k.p.i.AbstractProblemLoader Init config took 2.84s 
200508     INFO  main            d.u.i.k.p.i.AbstractProblemLoader Replaying proof Stack[Stack::Stack()].JML normal_behavior operation contract.0 
200510     DEBUG main            d.u.i.k.p.i.IntermediateProofReplayer Proof replay took 7.5ns 
201820     INFO  main            d.u.i.k.p.r.p.TestFile    ... finished proof: closed. 
202187     INFO  main            d.u.i.k.p.i.AbstractProblemLoader Loading environment from /home/runner/work/key/key/key.core/../key.ui/examples/heap/SmansEtAl/Stack_Stack.key.proof 
202187     DEBUG main            d.u.i.k.p.i.AbstractProblemLoader Environment load took 515.8ns 
202189     INFO  main            d.u.i.k.p.i.AbstractProblemLoader Creating init config 
205035     DEBUG main            d.u.i.k.p.i.AbstractProblemLoader Init config took 2.85s 
205075     INFO  main            d.u.i.k.p.i.AbstractProblemLoader Replaying proof Stack[Stack::Stack()].JML normal_behavior operation contract.0 
205259     DEBUG main            d.u.i.k.p.i.IntermediateProofReplayer Proof replay took 176.68ms 
205260     DEBUG main            d.u.i.k.p.r.p.TestFile    ... success: reloaded. 
205262     INFO  main            d.u.i.k.p.r.p.TestFile    Now processing file /home/runner/work/key/key/key.core/../key.ui/examples/heap/SmansEtAl/Stack_switchContents.key 
205262     INFO  main            d.u.i.k.p.i.AbstractProblemLoader Loading environment from /home/runner/work/key/key/key.core/../key.ui/examples/heap/SmansEtAl/Stack_switchContents.key 
205262     DEBUG main            d.u.i.k.p.i.AbstractProblemLoader Environment load took 217.2ns 
205263     INFO  main            d.u.i.k.p.i.AbstractProblemLoader Creating init config 
208081     DEBUG main            d.u.i.k.p.i.AbstractProblemLoader Init config took 2.82s 
208119     INFO  main            d.u.i.k.p.i.AbstractProblemLoader Replaying proof Stack[Stack::switchContents(Stack)].JML normal_behavior operation contract.0 
208121     DEBUG main            d.u.i.k.p.i.IntermediateProofReplayer Proof replay took 7.1ns 
213036     INFO  main            d.u.i.k.p.r.p.TestFile    ... finished proof: closed. 
213415     INFO  main            d.u.i.k.p.i.AbstractProblemLoader Loading environment from /home/runner/work/key/key/key.core/../key.ui/examples/heap/SmansEtAl/Stack_switchContents.key.proof 
213415     DEBUG main            d.u.i.k.p.i.AbstractProblemLoader Environment load took 464.8ns 
213418     INFO  main            d.u.i.k.p.i.AbstractProblemLoader Creating init config 
216239     DEBUG main            d.u.i.k.p.i.AbstractProblemLoader Init config took 2.82s 
216282     INFO  main            d.u.i.k.p.i.AbstractProblemLoader Replaying proof Stack[Stack::switchContents(Stack)].JML normal_behavior operation contract.0 
216656     DEBUG main            d.u.i.k.p.i.IntermediateProofReplayer Proof replay took 357.15ms 
216658     DEBUG main            d.u.i.k.p.r.p.TestFile    ... success: reloaded. 
2317573    INFO  Test worker     d.u.i.k.p.r.RunAllProofsTestUnit Returning from test SmansEtAl 
2317574    INFO  Test worker     d.u.i.k.p.r.RunAllProofsTestUnit Running test VACID0 
392        INFO  Timeout watchdog d.u.i.k.p.r.p.ForkedTestFileRunner Timeout watcher launched (2000 secs.) 
407        WARN  main            d.u.i.k.s.ProofSettings   The settings in /home/runner/.key/proof-settings.props are *not* read. 
451        INFO  main            d.u.i.k.p.r.p.TestFile    Now processing file /home/runner/work/key/key/key.core/../key.ui/examples/heap/vacid0_01_SparseArray/Harness_sparseArrayTestHarness1.key 
589        INFO  main            d.u.i.k.p.i.AbstractProblemLoader Loading environment from /home/runner/work/key/key/key.core/../key.ui/examples/heap/vacid0_01_SparseArray/Harness_sparseArrayTestHarness1.key 
618        DEBUG main            d.u.i.k.p.i.AbstractProblemLoader Environment load took 2.25ms 
899        INFO  main            d.u.i.k.p.i.AbstractProblemLoader Creating init config 
2049       DEBUG main            d.u.i.k.j.TypeConverter   No LDT found for Meta 
2049       DEBUG main            d.u.i.k.j.TypeConverter   No LDT found for Meta 
2052       DEBUG main            d.u.i.k.j.TypeConverter   No LDT found for Meta 
2052       DEBUG main            d.u.i.k.j.TypeConverter   No LDT found for Meta 
3726       DEBUG main            d.u.i.k.j.TypeConverter   No LDT found for JavaBigintExpression 
9839       DEBUG main            d.u.i.k.p.i.AbstractProblemLoader Init config took 8.94s 
9977       INFO  main            d.u.i.k.p.i.AbstractProblemLoader Replaying proof Harness[Harness::sparseArrayTestHarness1()].JML normal_behavior operation contract.0 
10064      DEBUG main            d.u.i.k.p.i.IntermediateProofReplayer Proof replay took 44.1ns 
11614      INFO  main            d.u.i.k.p.r.p.TestFile    ... finished proof: closed. 
11765      INFO  main            d.u.i.k.p.i.AbstractProblemLoader Loading environment from /home/runner/work/key/key/key.core/../key.ui/examples/heap/vacid0_01_SparseArray/Harness_sparseArrayTestHarness1.key.proof 
11766      DEBUG main            d.u.i.k.p.i.AbstractProblemLoader Environment load took 531.2ns 
11769      INFO  main            d.u.i.k.p.i.AbstractProblemLoader Creating init config 
14987      DEBUG main            d.u.i.k.p.i.AbstractProblemLoader Init config took 3.22s 
15053      INFO  main            d.u.i.k.p.i.AbstractProblemLoader Replaying proof Harness[Harness::sparseArrayTestHarness1()].JML normal_behavior operation contract.0 
15250      DEBUG main            d.u.i.k.p.i.IntermediateProofReplayer Proof replay took 187.17ms 
15259      DEBUG main            d.u.i.k.p.r.p.TestFile    ... success: reloaded. 
15275      INFO  main            d.u.i.k.p.r.p.TestFile    Now processing file /home/runner/work/key/key/key.core/../key.ui/examples/heap/vacid0_01_SparseArray/Harness_sparseArrayTestHarness2.key 
15276      INFO  main            d.u.i.k.p.i.AbstractProblemLoader Loading environment from /home/runner/work/key/key/key.core/../key.ui/examples/heap/vacid0_01_SparseArray/Harness_sparseArrayTestHarness2.key 
15276      DEBUG main            d.u.i.k.p.i.AbstractProblemLoader Environment load took 329.4ns 
15278      INFO  main            d.u.i.k.p.i.AbstractProblemLoader Creating init config 
18381      DEBUG main            d.u.i.k.p.i.AbstractProblemLoader Init config took 3.1s 
18439      INFO  main            d.u.i.k.p.i.AbstractProblemLoader Replaying proof Harness[Harness::sparseArrayTestHarness2()].JML normal_behavior operation contract.0 
18442      DEBUG main            d.u.i.k.p.i.IntermediateProofReplayer Proof replay took 5.8ns 
31050      INFO  main            d.u.i.k.p.r.p.TestFile    ... finished proof: closed. 
31298      INFO  main            d.u.i.k.p.i.AbstractProblemLoader Loading environment from /home/runner/work/key/key/key.core/../key.ui/examples/heap/vacid0_01_SparseArray/Harness_sparseArrayTestHarness2.key.proof 
31299      DEBUG main            d.u.i.k.p.i.AbstractProblemLoader Environment load took 337.8ns 
31302      INFO  main            d.u.i.k.p.i.AbstractProblemLoader Creating init config 
34535      DEBUG main            d.u.i.k.p.i.AbstractProblemLoader Init config took 3.23s 
34591      INFO  main            d.u.i.k.p.i.AbstractProblemLoader Replaying proof Harness[Harness::sparseArrayTestHarness2()].JML normal_behavior operation contract.0 
35907      DEBUG main            d.u.i.k.p.i.IntermediateProofReplayer Proof replay took 1.26s 
35912      DEBUG main            d.u.i.k.p.r.p.TestFile    ... success: reloaded. 
35915      INFO  main            d.u.i.k.p.r.p.TestFile    Now processing file /home/runner/work/key/key/key.core/../key.ui/examples/heap/vacid0_01_SparseArray/MemoryAllocator_alloc_unsigned.key 
35915      INFO  main            d.u.i.k.p.i.AbstractProblemLoader Loading environment from /home/runner/work/key/key/key.core/../key.ui/examples/heap/vacid0_01_SparseArray/MemoryAllocator_alloc_unsigned.key 
35915      DEBUG main            d.u.i.k.p.i.AbstractProblemLoader Environment load took 280.3ns 
35920      INFO  main            d.u.i.k.p.i.AbstractProblemLoader Creating init config 
39200      DEBUG main            d.u.i.k.p.i.AbstractProblemLoader Init config took 3.28s 
39256      INFO  main            d.u.i.k.p.i.AbstractProblemLoader Replaying proof MemoryAllocator[MemoryAllocator::alloc_unsigned(int)].JML normal_behavior operation contract.0 
39258      DEBUG main            d.u.i.k.p.i.IntermediateProofReplayer Proof replay took 6.4ns 
40290      INFO  main            d.u.i.k.p.r.p.TestFile    ... finished proof: closed. 
40536      INFO  main            d.u.i.k.p.i.AbstractProblemLoader Loading environment from /home/runner/work/key/key/key.core/../key.ui/examples/heap/vacid0_01_SparseArray/MemoryAllocator_alloc_unsigned.key.proof 
40536      DEBUG main            d.u.i.k.p.i.AbstractProblemLoader Environment load took 517.2ns 
40538      INFO  main            d.u.i.k.p.i.AbstractProblemLoader Creating init config 
43624      DEBUG main            d.u.i.k.p.i.AbstractProblemLoader Init config took 3.09s 
43681      INFO  main            d.u.i.k.p.i.AbstractProblemLoader Replaying proof MemoryAllocator[MemoryAllocator::alloc_unsigned(int)].JML normal_behavior operation contract.0 
43855      DEBUG main            d.u.i.k.p.i.IntermediateProofReplayer Proof replay took 168.61ms 
43856      DEBUG main            d.u.i.k.p.r.p.TestFile    ... success: reloaded. 
43858      INFO  main            d.u.i.k.p.r.p.TestFile    Now processing file /home/runner/work/key/key/key.core/../key.ui/examples/heap/vacid0_01_SparseArray/MemoryAllocator_alloc.key 
43858      INFO  main            d.u.i.k.p.i.AbstractProblemLoader Loading environment from /home/runner/work/key/key/key.core/../key.ui/examples/heap/vacid0_01_SparseArray/MemoryAllocator_alloc.key 
43859      DEBUG main            d.u.i.k.p.i.AbstractProblemLoader Environment load took 243.6ns 
43860      INFO  main            d.u.i.k.p.i.AbstractProblemLoader Creating init config 
46998      DEBUG main            d.u.i.k.p.i.AbstractProblemLoader Init config took 3.14s 
47048      INFO  main            d.u.i.k.p.i.AbstractProblemLoader Replaying proof MemoryAllocator[MemoryAllocator::alloc(int)].JML normal_behavior operation contract.0 
47050      DEBUG main            d.u.i.k.p.i.IntermediateProofReplayer Proof replay took 7.1ns 
47760      INFO  main            d.u.i.k.p.r.p.TestFile    ... finished proof: closed. 
47937      INFO  main            d.u.i.k.p.i.AbstractProblemLoader Loading environment from /home/runner/work/key/key/key.core/../key.ui/examples/heap/vacid0_01_SparseArray/MemoryAllocator_alloc.key.proof 
47937      DEBUG main            d.u.i.k.p.i.AbstractProblemLoader Environment load took 547.7ns 
47939      INFO  main            d.u.i.k.p.i.AbstractProblemLoader Creating init config 
50909      DEBUG main            d.u.i.k.p.i.AbstractProblemLoader Init config took 2.97s 
50952      INFO  main            d.u.i.k.p.i.AbstractProblemLoader Replaying proof MemoryAllocator[MemoryAllocator::alloc(int)].JML normal_behavior operation contract.0 
51072      DEBUG main            d.u.i.k.p.i.IntermediateProofReplayer Proof replay took 115.88ms 
51074      DEBUG main            d.u.i.k.p.r.p.TestFile    ... success: reloaded. 
51076      INFO  main            d.u.i.k.p.r.p.TestFile    Now processing file /home/runner/work/key/key/key.core/../key.ui/examples/heap/vacid0_01_SparseArray/SparseArray_get_dep.key 
51076      INFO  main            d.u.i.k.p.i.AbstractProblemLoader Loading environment from /home/runner/work/key/key/key.core/../key.ui/examples/heap/vacid0_01_SparseArray/SparseArray_get_dep.key 
51076      DEBUG main            d.u.i.k.p.i.AbstractProblemLoader Environment load took 241.1ns 
51077      INFO  main            d.u.i.k.p.i.AbstractProblemLoader Creating init config 
54183      DEBUG main            d.u.i.k.p.i.AbstractProblemLoader Init config took 3.11s 
54247      INFO  main            d.u.i.k.p.i.AbstractProblemLoader Replaying proof SparseArray[SparseArray::get(int)].JML accessible clause.0 
54249      DEBUG main            d.u.i.k.p.i.IntermediateProofReplayer Proof replay took 6.4ns 
56772      INFO  main            d.u.i.k.p.r.p.TestFile    ... finished proof: closed. 
56997      INFO  main            d.u.i.k.p.i.AbstractProblemLoader Loading environment from /home/runner/work/key/key/key.core/../key.ui/examples/heap/vacid0_01_SparseArray/SparseArray_get_dep.key.proof 
56997      DEBUG main            d.u.i.k.p.i.AbstractProblemLoader Environment load took 645ns 
56999      INFO  main            d.u.i.k.p.i.AbstractProblemLoader Creating init config 
60016      DEBUG main            d.u.i.k.p.i.AbstractProblemLoader Init config took 3.02s 
60090      INFO  main            d.u.i.k.p.i.AbstractProblemLoader Replaying proof SparseArray[SparseArray::get(int)].JML accessible clause.0 
60331      DEBUG main            d.u.i.k.p.i.IntermediateProofReplayer Proof replay took 230.94ms 
60332      DEBUG main            d.u.i.k.p.r.p.TestFile    ... success: reloaded. 
60334      INFO  main            d.u.i.k.p.r.p.TestFile    Now processing file /home/runner/work/key/key/key.core/../key.ui/examples/heap/vacid0_01_SparseArray/SparseArray_get.key 
60335      INFO  main            d.u.i.k.p.i.AbstractProblemLoader Loading environment from /home/runner/work/key/key/key.core/../key.ui/examples/heap/vacid0_01_SparseArray/SparseArray_get.key 
60335      DEBUG main            d.u.i.k.p.i.AbstractProblemLoader Environment load took 279.9ns 
60336      INFO  main            d.u.i.k.p.i.AbstractProblemLoader Creating init config 
63504      DEBUG main            d.u.i.k.p.i.AbstractProblemLoader Init config took 3.17s 
63572      INFO  main            d.u.i.k.p.i.AbstractProblemLoader Replaying proof SparseArray[SparseArray::get(int)].JML normal_behavior operation contract.0 
63575      DEBUG main            d.u.i.k.p.i.IntermediateProofReplayer Proof replay took 8.2ns 
66188      INFO  main            d.u.i.k.p.r.p.TestFile    ... finished proof: closed. 
66482      INFO  main            d.u.i.k.p.i.AbstractProblemLoader Loading environment from /home/runner/work/key/key/key.core/../key.ui/examples/heap/vacid0_01_SparseArray/SparseArray_get.key.proof 
66483      DEBUG main            d.u.i.k.p.i.AbstractProblemLoader Environment load took 498.4ns 
66484      INFO  main            d.u.i.k.p.i.AbstractProblemLoader Creating init config 
69566      DEBUG main            d.u.i.k.p.i.AbstractProblemLoader Init config took 3.08s 
69645      INFO  main            d.u.i.k.p.i.AbstractProblemLoader Replaying proof SparseArray[SparseArray::get(int)].JML normal_behavior operation contract.0 
69846      DEBUG main            d.u.i.k.p.i.IntermediateProofReplayer Proof replay took 192ms 
69848      DEBUG main            d.u.i.k.p.r.p.TestFile    ... success: reloaded. 
69849      INFO  main            d.u.i.k.p.r.p.TestFile    Now processing file /home/runner/work/key/key/key.core/../key.ui/examples/heap/vacid0_01_SparseArray/SparseArray_inv.key 
69850      INFO  main            d.u.i.k.p.i.AbstractProblemLoader Loading environment from /home/runner/work/key/key/key.core/../key.ui/examples/heap/vacid0_01_SparseArray/SparseArray_inv.key 
69850      DEBUG main            d.u.i.k.p.i.AbstractProblemLoader Environment load took 237.8ns 
69851      INFO  main            d.u.i.k.p.i.AbstractProblemLoader Creating init config 
72984      DEBUG main            d.u.i.k.p.i.AbstractProblemLoader Init config took 3.13s 
73048      INFO  main            d.u.i.k.p.i.AbstractProblemLoader Replaying proof SparseArray[java.lang.Object::<inv>()].JML accessible clause.0 
73050      DEBUG main            d.u.i.k.p.i.IntermediateProofReplayer Proof replay took 7ns 
75190      INFO  main            d.u.i.k.p.r.p.TestFile    ... finished proof: closed. 
75409      INFO  main            d.u.i.k.p.i.AbstractProblemLoader Loading environment from /home/runner/work/key/key/key.core/../key.ui/examples/heap/vacid0_01_SparseArray/SparseArray_inv.key.proof 
75409      DEBUG main            d.u.i.k.p.i.AbstractProblemLoader Environment load took 164.7ns 
75411      INFO  main            d.u.i.k.p.i.AbstractProblemLoader Creating init config 
78480      DEBUG main            d.u.i.k.p.i.AbstractProblemLoader Init config took 3.07s 
78548      INFO  main            d.u.i.k.p.i.AbstractProblemLoader Replaying proof SparseArray[java.lang.Object::<inv>()].JML accessible clause.0 
78629      DEBUG main            d.u.i.k.p.i.IntermediateProofReplayer Proof replay took 75.33ms 
78631      DEBUG main            d.u.i.k.p.r.p.TestFile    ... success: reloaded. 
78632      INFO  main            d.u.i.k.p.r.p.TestFile    Now processing file /home/runner/work/key/key/key.core/../key.ui/examples/heap/vacid0_01_SparseArray/SparseArray_SparseArray.key 
78633      INFO  main            d.u.i.k.p.i.AbstractProblemLoader Loading environment from /home/runner/work/key/key/key.core/../key.ui/examples/heap/vacid0_01_SparseArray/SparseArray_SparseArray.key 
78633      DEBUG main            d.u.i.k.p.i.AbstractProblemLoader Environment load took 293.1ns 
78634      INFO  main            d.u.i.k.p.i.AbstractProblemLoader Creating init config 
81833      DEBUG main            d.u.i.k.p.i.AbstractProblemLoader Init config took 3.2s 
81898      INFO  main            d.u.i.k.p.i.AbstractProblemLoader Replaying proof SparseArray[SparseArray::SparseArray(int)].JML normal_behavior operation contract.0 
81900      DEBUG main            d.u.i.k.p.i.IntermediateProofReplayer Proof replay took 7.4ns 
85811      INFO  main            d.u.i.k.p.r.p.TestFile    ... finished proof: closed. 
86169      INFO  main            d.u.i.k.p.i.AbstractProblemLoader Loading environment from /home/runner/work/key/key/key.core/../key.ui/examples/heap/vacid0_01_SparseArray/SparseArray_SparseArray.key.proof 
86170      DEBUG main            d.u.i.k.p.i.AbstractProblemLoader Environment load took 557.4ns 
86172      INFO  main            d.u.i.k.p.i.AbstractProblemLoader Creating init config 
89231      DEBUG main            d.u.i.k.p.i.AbstractProblemLoader Init config took 3.06s 
89299      INFO  main            d.u.i.k.p.i.AbstractProblemLoader Replaying proof SparseArray[SparseArray::SparseArray(int)].JML normal_behavior operation contract.0 
89661      DEBUG main            d.u.i.k.p.i.IntermediateProofReplayer Proof replay took 351.62ms 
89663      DEBUG main            d.u.i.k.p.r.p.TestFile    ... success: reloaded. 
2407437    INFO  Test worker     d.u.i.k.p.r.RunAllProofsTestUnit Returning from test VACID0 
2407438    INFO  Test worker     d.u.i.k.p.r.RunAllProofsTestUnit Running test VSTTE10 
421        INFO  Timeout watchdog d.u.i.k.p.r.p.ForkedTestFileRunner Timeout watcher launched (2000 secs.) 
444        WARN  main            d.u.i.k.s.ProofSettings   The settings in /home/runner/.key/proof-settings.props are *not* read. 
499        INFO  main            d.u.i.k.p.r.p.TestFile    Now processing file /home/runner/work/key/key/key.core/../key.ui/examples/heap/vstte10_01_SumAndMax/SumAndMax_sumAndMax.key 
663        INFO  main            d.u.i.k.p.i.AbstractProblemLoader Loading environment from /home/runner/work/key/key/key.core/../key.ui/examples/heap/vstte10_01_SumAndMax/SumAndMax_sumAndMax.key 
685        DEBUG main            d.u.i.k.p.i.AbstractProblemLoader Environment load took 2.06ms 
1003       INFO  main            d.u.i.k.p.i.AbstractProblemLoader Creating init config 
2095       DEBUG main            d.u.i.k.j.TypeConverter   No LDT found for Meta 
2096       DEBUG main            d.u.i.k.j.TypeConverter   No LDT found for Meta 
2103       DEBUG main            d.u.i.k.j.TypeConverter   No LDT found for Meta 
2103       DEBUG main            d.u.i.k.j.TypeConverter   No LDT found for Meta 
3788       DEBUG main            d.u.i.k.j.TypeConverter   No LDT found for JavaBigintExpression 
9858       DEBUG main            d.u.i.k.p.i.AbstractProblemLoader Init config took 8.85s 
10011      INFO  main            d.u.i.k.p.i.AbstractProblemLoader Replaying proof SumAndMax[SumAndMax::sumAndMax([I)].JML normal_behavior operation contract.0 
10058      DEBUG main            d.u.i.k.p.i.IntermediateProofReplayer Proof replay took 41ns 
16047      INFO  main            d.u.i.k.p.r.p.TestFile    ... finished proof: closed. 
16276      INFO  main            d.u.i.k.p.i.AbstractProblemLoader Loading environment from /home/runner/work/key/key/key.core/../key.ui/examples/heap/vstte10_01_SumAndMax/SumAndMax_sumAndMax.key.proof 
16276      DEBUG main            d.u.i.k.p.i.AbstractProblemLoader Environment load took 270.5ns 
16279      INFO  main            d.u.i.k.p.i.AbstractProblemLoader Creating init config 
19772      DEBUG main            d.u.i.k.p.i.AbstractProblemLoader Init config took 3.49s 
19858      INFO  main            d.u.i.k.p.i.AbstractProblemLoader Replaying proof SumAndMax[SumAndMax::sumAndMax([I)].JML normal_behavior operation contract.0 
20492      DEBUG main            d.u.i.k.p.i.IntermediateProofReplayer Proof replay took 604.87ms 
20504      DEBUG main            d.u.i.k.p.r.p.TestFile    ... success: reloaded. 
20509      INFO  main            d.u.i.k.p.r.p.TestFile    Now processing file /home/runner/work/key/key/key.core/../key.ui/examples/heap/vstte10_03_LinkedList/Node_cons.key 
20509      INFO  main            d.u.i.k.p.i.AbstractProblemLoader Loading environment from /home/runner/work/key/key/key.core/../key.ui/examples/heap/vstte10_03_LinkedList/Node_cons.key 
20509      DEBUG main            d.u.i.k.p.i.AbstractProblemLoader Environment load took 131.2ns 
20514      INFO  main            d.u.i.k.p.i.AbstractProblemLoader Creating init config 
23881      DEBUG main            d.u.i.k.p.i.AbstractProblemLoader Init config took 3.37s 
23949      INFO  main            d.u.i.k.p.i.AbstractProblemLoader Replaying proof Node[Node::cons(int,Node)].JML normal_behavior operation contract.0 
23952      DEBUG main            d.u.i.k.p.i.IntermediateProofReplayer Proof replay took 6.2ns 
25761      INFO  main            d.u.i.k.p.r.p.TestFile    ... finished proof: closed. 
25959      INFO  main            d.u.i.k.p.i.AbstractProblemLoader Loading environment from /home/runner/work/key/key/key.core/../key.ui/examples/heap/vstte10_03_LinkedList/Node_cons.key.proof 
25959      DEBUG main            d.u.i.k.p.i.AbstractProblemLoader Environment load took 475.4ns 
25961      INFO  main            d.u.i.k.p.i.AbstractProblemLoader Creating init config 
28845      DEBUG main            d.u.i.k.p.i.AbstractProblemLoader Init config took 2.88s 
28907      INFO  main            d.u.i.k.p.i.AbstractProblemLoader Replaying proof Node[Node::cons(int,Node)].JML normal_behavior operation contract.0 
29166      DEBUG main            d.u.i.k.p.i.IntermediateProofReplayer Proof replay took 247.97ms 
29168      DEBUG main            d.u.i.k.p.r.p.TestFile    ... success: reloaded. 
29170      INFO  main            d.u.i.k.p.r.p.TestFile    Now processing file /home/runner/work/key/key/key.core/../key.ui/examples/heap/vstte10_03_LinkedList/Node_inv.key 
29171      INFO  main            d.u.i.k.p.i.AbstractProblemLoader Loading environment from /home/runner/work/key/key/key.core/../key.ui/examples/heap/vstte10_03_LinkedList/Node_inv.key 
29171      DEBUG main            d.u.i.k.p.i.AbstractProblemLoader Environment load took 257.2ns 
29172      INFO  main            d.u.i.k.p.i.AbstractProblemLoader Creating init config 
32145      DEBUG main            d.u.i.k.p.i.AbstractProblemLoader Init config took 2.97s 
32204      INFO  main            d.u.i.k.p.i.AbstractProblemLoader Replaying proof Node[java.lang.Object::<inv>()].JML accessible clause.0 
32207      DEBUG main            d.u.i.k.p.i.IntermediateProofReplayer Proof replay took 6ns 
32611      INFO  main            d.u.i.k.p.r.p.TestFile    ... finished proof: closed. 
32786      INFO  main            d.u.i.k.p.i.AbstractProblemLoader Loading environment from /home/runner/work/key/key/key.core/../key.ui/examples/heap/vstte10_03_LinkedList/Node_inv.key.proof 
32787      DEBUG main            d.u.i.k.p.i.AbstractProblemLoader Environment load took 676.4ns 
32791      INFO  main            d.u.i.k.p.i.AbstractProblemLoader Creating init config 
35694      DEBUG main            d.u.i.k.p.i.AbstractProblemLoader Init config took 2.9s 
35765      INFO  main            d.u.i.k.p.i.AbstractProblemLoader Replaying proof Node[java.lang.Object::<inv>()].JML accessible clause.0 
35809      DEBUG main            d.u.i.k.p.i.IntermediateProofReplayer Proof replay took 38.69ms 
35811      DEBUG main            d.u.i.k.p.r.p.TestFile    ... success: reloaded. 
35813      INFO  main            d.u.i.k.p.r.p.TestFile    Now processing file /home/runner/work/key/key/key.core/../key.ui/examples/heap/vstte10_03_LinkedList/Node_search.key 
35813      INFO  main            d.u.i.k.p.i.AbstractProblemLoader Loading environment from /home/runner/work/key/key/key.core/../key.ui/examples/heap/vstte10_03_LinkedList/Node_search.key 
35813      DEBUG main            d.u.i.k.p.i.AbstractProblemLoader Environment load took 176.1ns 
35814      INFO  main            d.u.i.k.p.i.AbstractProblemLoader Creating init config 
38781      DEBUG main            d.u.i.k.p.i.AbstractProblemLoader Init config took 2.97s 
38845      INFO  main            d.u.i.k.p.i.AbstractProblemLoader Replaying proof Node[Node::search()].JML normal_behavior operation contract.0 
38848      DEBUG main            d.u.i.k.p.i.IntermediateProofReplayer Proof replay took 6.3ns 
46286      INFO  main            d.u.i.k.p.r.p.TestFile    ... finished proof: closed. 
46525      INFO  main            d.u.i.k.p.i.AbstractProblemLoader Loading environment from /home/runner/work/key/key/key.core/../key.ui/examples/heap/vstte10_03_LinkedList/Node_search.key.proof 
46525      DEBUG main            d.u.i.k.p.i.AbstractProblemLoader Environment load took 482.2ns 
46528      INFO  main            d.u.i.k.p.i.AbstractProblemLoader Creating init config 
49419      DEBUG main            d.u.i.k.p.i.AbstractProblemLoader Init config took 2.89s 
49480      INFO  main            d.u.i.k.p.i.AbstractProblemLoader Replaying proof Node[Node::search()].JML normal_behavior operation contract.0 
50129      DEBUG main            d.u.i.k.p.i.IntermediateProofReplayer Proof replay took 606.65ms 
50132      DEBUG main            d.u.i.k.p.r.p.TestFile    ... success: reloaded. 
50134      INFO  main            d.u.i.k.p.r.p.TestFile    Now processing file /home/runner/work/key/key/key.core/../key.ui/examples/heap/vstte10_04_Queens/Queens_isConsistent.key 
50134      INFO  main            d.u.i.k.p.i.AbstractProblemLoader Loading environment from /home/runner/work/key/key/key.core/../key.ui/examples/heap/vstte10_04_Queens/Queens_isConsistent.key 
50135      DEBUG main            d.u.i.k.p.i.AbstractProblemLoader Environment load took 289.4ns 
50136      INFO  main            d.u.i.k.p.i.AbstractProblemLoader Creating init config 
53476      DEBUG main            d.u.i.k.p.i.AbstractProblemLoader Init config took 3.34s 
53523      INFO  main            d.u.i.k.p.i.AbstractProblemLoader Replaying proof Queens[Queens::isConsistent([I,int)].JML normal_behavior operation contract.0 
53525      DEBUG main            d.u.i.k.p.i.IntermediateProofReplayer Proof replay took 6ns 
55749      INFO  main            d.u.i.k.p.r.p.TestFile    ... finished proof: closed. 
56012      INFO  main            d.u.i.k.p.i.AbstractProblemLoader Loading environment from /home/runner/work/key/key/key.core/../key.ui/examples/heap/vstte10_04_Queens/Queens_isConsistent.key.proof 
56012      DEBUG main            d.u.i.k.p.i.AbstractProblemLoader Environment load took 487.2ns 
56014      INFO  main            d.u.i.k.p.i.AbstractProblemLoader Creating init config 
58912      DEBUG main            d.u.i.k.p.i.AbstractProblemLoader Init config took 2.9s 
58956      INFO  main            d.u.i.k.p.i.AbstractProblemLoader Replaying proof Queens[Queens::isConsistent([I,int)].JML normal_behavior operation contract.0 
59290      DEBUG main            d.u.i.k.p.i.IntermediateProofReplayer Proof replay took 324.8ms 
59292      DEBUG main            d.u.i.k.p.r.p.TestFile    ... success: reloaded. 
59293      INFO  main            d.u.i.k.p.r.p.TestFile    Now processing file /home/runner/work/key/key/key.core/../key.ui/examples/heap/vstte10_04_Queens/Queens_nQueens.key 
59293      INFO  main            d.u.i.k.p.i.AbstractProblemLoader Loading environment from /home/runner/work/key/key/key.core/../key.ui/examples/heap/vstte10_04_Queens/Queens_nQueens.key 
59294      DEBUG main            d.u.i.k.p.i.AbstractProblemLoader Environment load took 254ns 
59295      INFO  main            d.u.i.k.p.i.AbstractProblemLoader Creating init config 
62342      DEBUG main            d.u.i.k.p.i.AbstractProblemLoader Init config took 3.05s 
62387      INFO  main            d.u.i.k.p.i.AbstractProblemLoader Replaying proof Queens[Queens::nQueens(int)].JML normal_behavior operation contract.0 
62389      DEBUG main            d.u.i.k.p.i.IntermediateProofReplayer Proof replay took 5.6ns 
77108      INFO  main            d.u.i.k.p.r.p.TestFile    ... finished proof: closed. 
77397      INFO  main            d.u.i.k.p.i.AbstractProblemLoader Loading environment from /home/runner/work/key/key/key.core/../key.ui/examples/heap/vstte10_04_Queens/Queens_nQueens.key.proof 
77398      DEBUG main            d.u.i.k.p.i.AbstractProblemLoader Environment load took 517.2ns 
77400      INFO  main            d.u.i.k.p.i.AbstractProblemLoader Creating init config 
80294      DEBUG main            d.u.i.k.p.i.AbstractProblemLoader Init config took 2.89s 
80351      INFO  main            d.u.i.k.p.i.AbstractProblemLoader Replaying proof Queens[Queens::nQueens(int)].JML normal_behavior operation contract.0 
80892      DEBUG main            d.u.i.k.p.i.IntermediateProofReplayer Proof replay took 524.33ms 
80894      DEBUG main            d.u.i.k.p.r.p.TestFile    ... success: reloaded. 
80895      INFO  main            d.u.i.k.p.r.p.TestFile    Now processing file /home/runner/work/key/key/key.core/../key.ui/examples/heap/vstte10_05_Queue/AmortizedQueue_AmortizedQueue.key 
80895      INFO  main            d.u.i.k.p.i.AbstractProblemLoader Loading environment from /home/runner/work/key/key/key.core/../key.ui/examples/heap/vstte10_05_Queue/AmortizedQueue_AmortizedQueue.key 
80895      DEBUG main            d.u.i.k.p.i.AbstractProblemLoader Environment load took 138.6ns 
80896      INFO  main            d.u.i.k.p.i.AbstractProblemLoader Creating init config 
84040      DEBUG main            d.u.i.k.p.i.AbstractProblemLoader Init config took 3.14s 
84095      INFO  main            d.u.i.k.p.i.AbstractProblemLoader Replaying proof AmortizedQueue[AmortizedQueue::AmortizedQueue()].JML normal_behavior operation contract.0 
84098      DEBUG main            d.u.i.k.p.i.IntermediateProofReplayer Proof replay took 7ns 
85710      INFO  main            d.u.i.k.p.r.p.TestFile    ... finished proof: closed. 
85968      INFO  main            d.u.i.k.p.i.AbstractProblemLoader Loading environment from /home/runner/work/key/key/key.core/../key.ui/examples/heap/vstte10_05_Queue/AmortizedQueue_AmortizedQueue.key.proof 
85975      DEBUG main            d.u.i.k.p.i.AbstractProblemLoader Environment load took 558.4ns 
85976      INFO  main            d.u.i.k.p.i.AbstractProblemLoader Creating init config 
89018      DEBUG main            d.u.i.k.p.i.AbstractProblemLoader Init config took 3.04s 
89080      INFO  main            d.u.i.k.p.i.AbstractProblemLoader Replaying proof AmortizedQueue[AmortizedQueue::AmortizedQueue()].JML normal_behavior operation contract.0 
89316      DEBUG main            d.u.i.k.p.i.IntermediateProofReplayer Proof replay took 228.26ms 
89318      DEBUG main            d.u.i.k.p.r.p.TestFile    ... success: reloaded. 
89319      INFO  main            d.u.i.k.p.r.p.TestFile    Now processing file /home/runner/work/key/key/key.core/../key.ui/examples/heap/vstte10_05_Queue/AmortizedQueue_front.key 
89320      INFO  main            d.u.i.k.p.i.AbstractProblemLoader Loading environment from /home/runner/work/key/key/key.core/../key.ui/examples/heap/vstte10_05_Queue/AmortizedQueue_front.key 
89320      DEBUG main            d.u.i.k.p.i.AbstractProblemLoader Environment load took 155.9ns 
89321      INFO  main            d.u.i.k.p.i.AbstractProblemLoader Creating init config 
92330      DEBUG main            d.u.i.k.p.i.AbstractProblemLoader Init config took 3.01s 
92415      INFO  main            d.u.i.k.p.i.AbstractProblemLoader Replaying proof AmortizedQueue[AmortizedQueue::front()].JML normal_behavior operation contract.0 
92418      DEBUG main            d.u.i.k.p.i.IntermediateProofReplayer Proof replay took 7ns 
93023      INFO  main            d.u.i.k.p.r.p.TestFile    ... finished proof: closed. 
93266      INFO  main            d.u.i.k.p.i.AbstractProblemLoader Loading environment from /home/runner/work/key/key/key.core/../key.ui/examples/heap/vstte10_05_Queue/AmortizedQueue_front.key.proof 
93268      DEBUG main            d.u.i.k.p.i.AbstractProblemLoader Environment load took 1.4ms 
93269      INFO  main            d.u.i.k.p.i.AbstractProblemLoader Creating init config 
96195      DEBUG main            d.u.i.k.p.i.AbstractProblemLoader Init config took 2.93s 
96245      INFO  main            d.u.i.k.p.i.AbstractProblemLoader Replaying proof AmortizedQueue[AmortizedQueue::front()].JML normal_behavior operation contract.0 
96299      DEBUG main            d.u.i.k.p.i.IntermediateProofReplayer Proof replay took 50.6ms 
96301      DEBUG main            d.u.i.k.p.r.p.TestFile    ... success: reloaded. 
96303      INFO  main            d.u.i.k.p.r.p.TestFile    Now processing file /home/runner/work/key/key/key.core/../key.ui/examples/heap/vstte10_05_Queue/LinkedList_concat.key 
96305      INFO  main            d.u.i.k.p.i.AbstractProblemLoader Loading environment from /home/runner/work/key/key/key.core/../key.ui/examples/heap/vstte10_05_Queue/LinkedList_concat.key 
96306      DEBUG main            d.u.i.k.p.i.AbstractProblemLoader Environment load took 285.6ns 
96307      INFO  main            d.u.i.k.p.i.AbstractProblemLoader Creating init config 
99324      DEBUG main            d.u.i.k.p.i.AbstractProblemLoader Init config took 3.02s 
99393      INFO  main            d.u.i.k.p.i.AbstractProblemLoader Replaying proof LinkedList[LinkedList::concat(LinkedList)].JML normal_behavior operation contract.0 
99395      DEBUG main            d.u.i.k.p.i.IntermediateProofReplayer Proof replay took 7.4ns 
109162     INFO  main            d.u.i.k.p.r.p.TestFile    ... finished proof: closed. 
109494     INFO  main            d.u.i.k.p.i.AbstractProblemLoader Loading environment from /home/runner/work/key/key/key.core/../key.ui/examples/heap/vstte10_05_Queue/LinkedList_concat.key.proof 
109494     DEBUG main            d.u.i.k.p.i.AbstractProblemLoader Environment load took 498.3ns 
109497     INFO  main            d.u.i.k.p.i.AbstractProblemLoader Creating init config 
112403     DEBUG main            d.u.i.k.p.i.AbstractProblemLoader Init config took 2.91s 
112449     INFO  main            d.u.i.k.p.i.AbstractProblemLoader Replaying proof LinkedList[LinkedList::concat(LinkedList)].JML normal_behavior operation contract.0 
113050     DEBUG main            d.u.i.k.p.i.IntermediateProofReplayer Proof replay took 575.24ms 
113054     DEBUG main            d.u.i.k.p.r.p.TestFile    ... success: reloaded. 
113055     INFO  main            d.u.i.k.p.r.p.TestFile    Now processing file /home/runner/work/key/key/key.core/../key.ui/examples/heap/vstte10_05_Queue/LinkedList_cons.key 
113055     INFO  main            d.u.i.k.p.i.AbstractProblemLoader Loading environment from /home/runner/work/key/key/key.core/../key.ui/examples/heap/vstte10_05_Queue/LinkedList_cons.key 
113055     DEBUG main            d.u.i.k.p.i.AbstractProblemLoader Environment load took 140.9ns 
113057     INFO  main            d.u.i.k.p.i.AbstractProblemLoader Creating init config 
116074     DEBUG main            d.u.i.k.p.i.AbstractProblemLoader Init config took 3.02s 
116131     INFO  main            d.u.i.k.p.i.AbstractProblemLoader Replaying proof LinkedList[LinkedList::cons(int)].JML normal_behavior operation contract.0 
116133     DEBUG main            d.u.i.k.p.i.IntermediateProofReplayer Proof replay took 7.2ns 
118772     INFO  main            d.u.i.k.p.r.p.TestFile    ... finished proof: closed. 
119051     INFO  main            d.u.i.k.p.i.AbstractProblemLoader Loading environment from /home/runner/work/key/key/key.core/../key.ui/examples/heap/vstte10_05_Queue/LinkedList_cons.key.proof 
119052     DEBUG main            d.u.i.k.p.i.AbstractProblemLoader Environment load took 133.1ns 
119054     INFO  main            d.u.i.k.p.i.AbstractProblemLoader Creating init config 
121935     DEBUG main            d.u.i.k.p.i.AbstractProblemLoader Init config took 2.88s 
121983     INFO  main            d.u.i.k.p.i.AbstractProblemLoader Replaying proof LinkedList[LinkedList::cons(int)].JML normal_behavior operation contract.0 
122235     DEBUG main            d.u.i.k.p.i.IntermediateProofReplayer Proof replay took 241.17ms 
122237     DEBUG main            d.u.i.k.p.r.p.TestFile    ... success: reloaded. 
122239     INFO  main            d.u.i.k.p.r.p.TestFile    Now processing file /home/runner/work/key/key/key.core/../key.ui/examples/heap/vstte10_05_Queue/LinkedList_head.key 
122239     INFO  main            d.u.i.k.p.i.AbstractProblemLoader Loading environment from /home/runner/work/key/key/key.core/../key.ui/examples/heap/vstte10_05_Queue/LinkedList_head.key 
122239     DEBUG main            d.u.i.k.p.i.AbstractProblemLoader Environment load took 257.7ns 
122240     INFO  main            d.u.i.k.p.i.AbstractProblemLoader Creating init config 
125211     DEBUG main            d.u.i.k.p.i.AbstractProblemLoader Init config took 2.97s 
125265     INFO  main            d.u.i.k.p.i.AbstractProblemLoader Replaying proof LinkedList[LinkedList::head()].JML normal_behavior operation contract.0 
125268     DEBUG main            d.u.i.k.p.i.IntermediateProofReplayer Proof replay took 7.1ns 
125370     INFO  main            d.u.i.k.p.r.p.TestFile    ... finished proof: closed. 
125626     INFO  main            d.u.i.k.p.i.AbstractProblemLoader Loading environment from /home/runner/work/key/key/key.core/../key.ui/examples/heap/vstte10_05_Queue/LinkedList_head.key.proof 
125626     DEBUG main            d.u.i.k.p.i.AbstractProblemLoader Environment load took 136.4ns 
125628     INFO  main            d.u.i.k.p.i.AbstractProblemLoader Creating init config 
128577     DEBUG main            d.u.i.k.p.i.AbstractProblemLoader Init config took 2.95s 
128625     INFO  main            d.u.i.k.p.i.AbstractProblemLoader Replaying proof LinkedList[LinkedList::head()].JML normal_behavior operation contract.0 
128641     DEBUG main            d.u.i.k.p.i.IntermediateProofReplayer Proof replay took 12.44ms 
128644     DEBUG main            d.u.i.k.p.r.p.TestFile    ... success: reloaded. 
128645     INFO  main            d.u.i.k.p.r.p.TestFile    Now processing file /home/runner/work/key/key/key.core/../key.ui/examples/heap/vstte10_05_Queue/LinkedList_inv.key 
128645     INFO  main            d.u.i.k.p.i.AbstractProblemLoader Loading environment from /home/runner/work/key/key/key.core/../key.ui/examples/heap/vstte10_05_Queue/LinkedList_inv.key 
128646     DEBUG main            d.u.i.k.p.i.AbstractProblemLoader Environment load took 137.8ns 
128647     INFO  main            d.u.i.k.p.i.AbstractProblemLoader Creating init config 
131775     DEBUG main            d.u.i.k.p.i.AbstractProblemLoader Init config took 3.13s 
131843     INFO  main            d.u.i.k.p.i.AbstractProblemLoader Replaying proof LinkedList[java.lang.Object::<inv>()].JML accessible clause.0 
131845     DEBUG main            d.u.i.k.p.i.IntermediateProofReplayer Proof replay took 6.2ns 
132147     INFO  main            d.u.i.k.p.r.p.TestFile    ... finished proof: closed. 
132399     INFO  main            d.u.i.k.p.i.AbstractProblemLoader Loading environment from /home/runner/work/key/key/key.core/../key.ui/examples/heap/vstte10_05_Queue/LinkedList_inv.key.proof 
132399     DEBUG main            d.u.i.k.p.i.AbstractProblemLoader Environment load took 181ns 
132400     INFO  main            d.u.i.k.p.i.AbstractProblemLoader Creating init config 
135286     DEBUG main            d.u.i.k.p.i.AbstractProblemLoader Init config took 2.89s 
135345     INFO  main            d.u.i.k.p.i.AbstractProblemLoader Replaying proof LinkedList[java.lang.Object::<inv>()].JML accessible clause.0 
135369     DEBUG main            d.u.i.k.p.i.IntermediateProofReplayer Proof replay took 21.18ms 
135370     DEBUG main            d.u.i.k.p.r.p.TestFile    ... success: reloaded. 
135372     INFO  main            d.u.i.k.p.r.p.TestFile    Now processing file /home/runner/work/key/key/key.core/../key.ui/examples/heap/vstte10_05_Queue/LinkedList_length.key 
135372     INFO  main            d.u.i.k.p.i.AbstractProblemLoader Loading environment from /home/runner/work/key/key/key.core/../key.ui/examples/heap/vstte10_05_Queue/LinkedList_length.key 
135372     DEBUG main            d.u.i.k.p.i.AbstractProblemLoader Environment load took 234.6ns 
135373     INFO  main            d.u.i.k.p.i.AbstractProblemLoader Creating init config 
138369     DEBUG main            d.u.i.k.p.i.AbstractProblemLoader Init config took 3s 
138420     INFO  main            d.u.i.k.p.i.AbstractProblemLoader Replaying proof LinkedList[LinkedList::length()].JML normal_behavior operation contract.0 
138423     DEBUG main            d.u.i.k.p.i.IntermediateProofReplayer Proof replay took 6.2ns 
138525     INFO  main            d.u.i.k.p.r.p.TestFile    ... finished proof: closed. 
138778     INFO  main            d.u.i.k.p.i.AbstractProblemLoader Loading environment from /home/runner/work/key/key/key.core/../key.ui/examples/heap/vstte10_05_Queue/LinkedList_length.key.proof 
138778     DEBUG main            d.u.i.k.p.i.AbstractProblemLoader Environment load took 115.5ns 
138779     INFO  main            d.u.i.k.p.i.AbstractProblemLoader Creating init config 
141590     DEBUG main            d.u.i.k.p.i.AbstractProblemLoader Init config took 2.81s 
141635     INFO  main            d.u.i.k.p.i.AbstractProblemLoader Replaying proof LinkedList[LinkedList::length()].JML normal_behavior operation contract.0 
141666     DEBUG main            d.u.i.k.p.i.IntermediateProofReplayer Proof replay took 29.05ms 
141667     DEBUG main            d.u.i.k.p.r.p.TestFile    ... success: reloaded. 
141669     INFO  main            d.u.i.k.p.r.p.TestFile    Now processing file /home/runner/work/key/key/key.core/../key.ui/examples/heap/vstte10_05_Queue/LinkedList_LinkedList1.key 
141669     INFO  main            d.u.i.k.p.i.AbstractProblemLoader Loading environment from /home/runner/work/key/key/key.core/../key.ui/examples/heap/vstte10_05_Queue/LinkedList_LinkedList1.key 
141669     DEBUG main            d.u.i.k.p.i.AbstractProblemLoader Environment load took 91.9ns 
141671     INFO  main            d.u.i.k.p.i.AbstractProblemLoader Creating init config 
144611     DEBUG main            d.u.i.k.p.i.AbstractProblemLoader Init config took 2.94s 
144659     INFO  main            d.u.i.k.p.i.AbstractProblemLoader Replaying proof LinkedList[LinkedList::LinkedList(int,LinkedList)].JML normal_behavior operation contract.0 
144663     DEBUG main            d.u.i.k.p.i.IntermediateProofReplayer Proof replay took 6.3ns 
146872     INFO  main            d.u.i.k.p.r.p.TestFile    ... finished proof: closed. 
147179     INFO  main            d.u.i.k.p.i.AbstractProblemLoader Loading environment from /home/runner/work/key/key/key.core/../key.ui/examples/heap/vstte10_05_Queue/LinkedList_LinkedList1.key.proof 
147180     DEBUG main            d.u.i.k.p.i.AbstractProblemLoader Environment load took 533.5ns 
147181     INFO  main            d.u.i.k.p.i.AbstractProblemLoader Creating init config 
150132     DEBUG main            d.u.i.k.p.i.AbstractProblemLoader Init config took 2.95s 
150183     INFO  main            d.u.i.k.p.i.AbstractProblemLoader Replaying proof LinkedList[LinkedList::LinkedList(int,LinkedList)].JML normal_behavior operation contract.0 
150433     DEBUG main            d.u.i.k.p.i.IntermediateProofReplayer Proof replay took 241.76ms 
150434     DEBUG main            d.u.i.k.p.r.p.TestFile    ... success: reloaded. 
150436     INFO  main            d.u.i.k.p.r.p.TestFile    Now processing file /home/runner/work/key/key/key.core/../key.ui/examples/heap/vstte10_05_Queue/LinkedList_LinkedList2.key 
150436     INFO  main            d.u.i.k.p.i.AbstractProblemLoader Loading environment from /home/runner/work/key/key/key.core/../key.ui/examples/heap/vstte10_05_Queue/LinkedList_LinkedList2.key 
150436     DEBUG main            d.u.i.k.p.i.AbstractProblemLoader Environment load took 140.5ns 
150437     INFO  main            d.u.i.k.p.i.AbstractProblemLoader Creating init config 
153364     DEBUG main            d.u.i.k.p.i.AbstractProblemLoader Init config took 2.93s 
153417     INFO  main            d.u.i.k.p.i.AbstractProblemLoader Replaying proof LinkedList[LinkedList::LinkedList(int,LinkedList)].JML normal_behavior operation contract.0 
153419     DEBUG main            d.u.i.k.p.i.IntermediateProofReplayer Proof replay took 6.5ns 
155635     INFO  main            d.u.i.k.p.r.p.TestFile    ... finished proof: closed. 
155937     INFO  main            d.u.i.k.p.i.AbstractProblemLoader Loading environment from /home/runner/work/key/key/key.core/../key.ui/examples/heap/vstte10_05_Queue/LinkedList_LinkedList2.key.proof 
155940     DEBUG main            d.u.i.k.p.i.AbstractProblemLoader Environment load took 273ns 
155942     INFO  main            d.u.i.k.p.i.AbstractProblemLoader Creating init config 
158849     DEBUG main            d.u.i.k.p.i.AbstractProblemLoader Init config took 2.91s 
158900     INFO  main            d.u.i.k.p.i.AbstractProblemLoader Replaying proof LinkedList[LinkedList::LinkedList(int,LinkedList)].JML normal_behavior operation contract.0 
159118     DEBUG main            d.u.i.k.p.i.IntermediateProofReplayer Proof replay took 209.67ms 
159119     DEBUG main            d.u.i.k.p.r.p.TestFile    ... success: reloaded. 
159120     INFO  main            d.u.i.k.p.r.p.TestFile    Now processing file /home/runner/work/key/key/key.core/../key.ui/examples/heap/vstte10_05_Queue/LinkedList_LinkedList3.key 
159121     INFO  main            d.u.i.k.p.i.AbstractProblemLoader Loading environment from /home/runner/work/key/key/key.core/../key.ui/examples/heap/vstte10_05_Queue/LinkedList_LinkedList3.key 
159121     DEBUG main            d.u.i.k.p.i.AbstractProblemLoader Environment load took 238.8ns 
159122     INFO  main            d.u.i.k.p.i.AbstractProblemLoader Creating init config 
162150     DEBUG main            d.u.i.k.p.i.AbstractProblemLoader Init config took 3.03s 
162200     INFO  main            d.u.i.k.p.i.AbstractProblemLoader Replaying proof LinkedList[LinkedList::LinkedList(int,LinkedList)].JML normal_behavior operation contract.0 
162203     DEBUG main            d.u.i.k.p.i.IntermediateProofReplayer Proof replay took 12.7ns 
178731     INFO  main            d.u.i.k.p.r.p.TestFile    ... finished proof: closed. 
179143     INFO  main            d.u.i.k.p.i.AbstractProblemLoader Loading environment from /home/runner/work/key/key/key.core/../key.ui/examples/heap/vstte10_05_Queue/LinkedList_LinkedList3.key.proof 
179144     DEBUG main            d.u.i.k.p.i.AbstractProblemLoader Environment load took 225.3ns 
179153     INFO  main            d.u.i.k.p.i.AbstractProblemLoader Creating init config 
181985     DEBUG main            d.u.i.k.p.i.AbstractProblemLoader Init config took 2.83s 
182040     INFO  main            d.u.i.k.p.i.AbstractProblemLoader Replaying proof LinkedList[LinkedList::LinkedList(int,LinkedList)].JML normal_behavior operation contract.0 
183576     DEBUG main            d.u.i.k.p.i.IntermediateProofReplayer Proof replay took 1.44s 
183584     DEBUG main            d.u.i.k.p.r.p.TestFile    ... success: reloaded. 
183585     INFO  main            d.u.i.k.p.r.p.TestFile    Now processing file /home/runner/work/key/key/key.core/../key.ui/examples/heap/vstte10_05_Queue/LinkedList_reverse.key 
183585     INFO  main            d.u.i.k.p.i.AbstractProblemLoader Loading environment from /home/runner/work/key/key/key.core/../key.ui/examples/heap/vstte10_05_Queue/LinkedList_reverse.key 
183586     DEBUG main            d.u.i.k.p.i.AbstractProblemLoader Environment load took 92.8ns 
183587     INFO  main            d.u.i.k.p.i.AbstractProblemLoader Creating init config 
186417     DEBUG main            d.u.i.k.p.i.AbstractProblemLoader Init config took 2.83s 
186463     INFO  main            d.u.i.k.p.i.AbstractProblemLoader Replaying proof LinkedList[LinkedList::reverse()].JML normal_behavior operation contract.0 
186465     DEBUG main            d.u.i.k.p.i.IntermediateProofReplayer Proof replay took 6.1ns 
197155     INFO  main            d.u.i.k.p.r.p.TestFile    ... finished proof: closed. 
197541     INFO  main            d.u.i.k.p.i.AbstractProblemLoader Loading environment from /home/runner/work/key/key/key.core/../key.ui/examples/heap/vstte10_05_Queue/LinkedList_reverse.key.proof 
197541     DEBUG main            d.u.i.k.p.i.AbstractProblemLoader Environment load took 488.2ns 
197544     INFO  main            d.u.i.k.p.i.AbstractProblemLoader Creating init config 
200671     DEBUG main            d.u.i.k.p.i.AbstractProblemLoader Init config took 3.13s 
200730     INFO  main            d.u.i.k.p.i.AbstractProblemLoader Replaying proof LinkedList[LinkedList::reverse()].JML normal_behavior operation contract.0 
201385     DEBUG main            d.u.i.k.p.i.IntermediateProofReplayer Proof replay took 628.32ms 
201388     DEBUG main            d.u.i.k.p.r.p.TestFile    ... success: reloaded. 
201389     INFO  main            d.u.i.k.p.r.p.TestFile    Now processing file /home/runner/work/key/key/key.core/../key.ui/examples/heap/vstte10_05_Queue/LinkedList_tail.key 
201390     INFO  main            d.u.i.k.p.i.AbstractProblemLoader Loading environment from /home/runner/work/key/key/key.core/../key.ui/examples/heap/vstte10_05_Queue/LinkedList_tail.key 
201390     DEBUG main            d.u.i.k.p.i.AbstractProblemLoader Environment load took 157ns 
201391     INFO  main            d.u.i.k.p.i.AbstractProblemLoader Creating init config 
204420     DEBUG main            d.u.i.k.p.i.AbstractProblemLoader Init config took 3.03s 
204466     INFO  main            d.u.i.k.p.i.AbstractProblemLoader Replaying proof LinkedList[LinkedList::tail()].JML normal_behavior operation contract.0 
204468     DEBUG main            d.u.i.k.p.i.IntermediateProofReplayer Proof replay took 57.4ns 
205097     INFO  main            d.u.i.k.p.r.p.TestFile    ... finished proof: closed. 
205378     INFO  main            d.u.i.k.p.i.AbstractProblemLoader Loading environment from /home/runner/work/key/key/key.core/../key.ui/examples/heap/vstte10_05_Queue/LinkedList_tail.key.proof 
205379     DEBUG main            d.u.i.k.p.i.AbstractProblemLoader Environment load took 565.1ns 
205380     INFO  main            d.u.i.k.p.i.AbstractProblemLoader Creating init config 
208266     DEBUG main            d.u.i.k.p.i.AbstractProblemLoader Init config took 2.89s 
208315     INFO  main            d.u.i.k.p.i.AbstractProblemLoader Replaying proof LinkedList[LinkedList::tail()].JML normal_behavior operation contract.0 
208416     DEBUG main            d.u.i.k.p.i.IntermediateProofReplayer Proof replay took 97.05ms 
208417     DEBUG main            d.u.i.k.p.r.p.TestFile    ... success: reloaded. 
2616053    INFO  Test worker     d.u.i.k.p.r.RunAllProofsTestUnit Returning from test VSTTE10 
2616056    INFO  Test worker     d.u.i.k.p.r.RunAllProofsTestUnit Running test WeideEtAl 
443        INFO  Timeout watchdog d.u.i.k.p.r.p.ForkedTestFileRunner Timeout watcher launched (2000 secs.) 
448        WARN  main            d.u.i.k.s.ProofSettings   The settings in /home/runner/.key/proof-settings.props are *not* read. 
476        INFO  main            d.u.i.k.p.r.p.TestFile    Now processing file /home/runner/work/key/key/key.core/../key.ui/examples/heap/WeideEtAl_01_AddAndMultiply/AddAndMultiply_add.key 
612        INFO  main            d.u.i.k.p.i.AbstractProblemLoader Loading environment from /home/runner/work/key/key/key.core/../key.ui/examples/heap/WeideEtAl_01_AddAndMultiply/AddAndMultiply_add.key 
632        DEBUG main            d.u.i.k.p.i.AbstractProblemLoader Environment load took 1.92ms 
897        INFO  main            d.u.i.k.p.i.AbstractProblemLoader Creating init config 
2135       DEBUG main            d.u.i.k.j.TypeConverter   No LDT found for Meta 
2136       DEBUG main            d.u.i.k.j.TypeConverter   No LDT found for Meta 
2139       DEBUG main            d.u.i.k.j.TypeConverter   No LDT found for Meta 
2139       DEBUG main            d.u.i.k.j.TypeConverter   No LDT found for Meta 
3996       DEBUG main            d.u.i.k.j.TypeConverter   No LDT found for JavaBigintExpression 
9345       DEBUG main            d.u.i.k.p.i.AbstractProblemLoader Init config took 8.45s 
9503       INFO  main            d.u.i.k.p.i.AbstractProblemLoader Replaying proof AddAndMultiply[AddAndMultiply::add(int,int)].JML normal_behavior operation contract.0 
9546       DEBUG main            d.u.i.k.p.i.IntermediateProofReplayer Proof replay took 32.1ns 
11597      INFO  main            d.u.i.k.p.r.p.TestFile    ... finished proof: closed. 
11822      INFO  main            d.u.i.k.p.i.AbstractProblemLoader Loading environment from /home/runner/work/key/key/key.core/../key.ui/examples/heap/WeideEtAl_01_AddAndMultiply/AddAndMultiply_add.key.proof 
11823      DEBUG main            d.u.i.k.p.i.AbstractProblemLoader Environment load took 542.6ns 
11826      INFO  main            d.u.i.k.p.i.AbstractProblemLoader Creating init config 
15189      DEBUG main            d.u.i.k.p.i.AbstractProblemLoader Init config took 3.36s 
15302      INFO  main            d.u.i.k.p.i.AbstractProblemLoader Replaying proof AddAndMultiply[AddAndMultiply::add(int,int)].JML normal_behavior operation contract.0 
15565      DEBUG main            d.u.i.k.p.i.IntermediateProofReplayer Proof replay took 251.4ms 
15576      DEBUG main            d.u.i.k.p.r.p.TestFile    ... success: reloaded. 
15579      INFO  main            d.u.i.k.p.r.p.TestFile    Now processing file /home/runner/work/key/key/key.core/../key.ui/examples/heap/WeideEtAl_01_AddAndMultiply/AddAndMultiply_mul.key 
15580      INFO  main            d.u.i.k.p.i.AbstractProblemLoader Loading environment from /home/runner/work/key/key/key.core/../key.ui/examples/heap/WeideEtAl_01_AddAndMultiply/AddAndMultiply_mul.key 
15580      DEBUG main            d.u.i.k.p.i.AbstractProblemLoader Environment load took 245.4ns 
15584      INFO  main            d.u.i.k.p.i.AbstractProblemLoader Creating init config 
18791      DEBUG main            d.u.i.k.p.i.AbstractProblemLoader Init config took 3.21s 
18862      INFO  main            d.u.i.k.p.i.AbstractProblemLoader Replaying proof AddAndMultiply[AddAndMultiply::mul(int,int)].JML normal_behavior operation contract.0 
18866      DEBUG main            d.u.i.k.p.i.IntermediateProofReplayer Proof replay took 8.1ns 
19475      INFO  main            d.u.i.k.p.r.p.TestFile    ... finished proof: closed. 
19687      INFO  main            d.u.i.k.p.i.AbstractProblemLoader Loading environment from /home/runner/work/key/key/key.core/../key.ui/examples/heap/WeideEtAl_01_AddAndMultiply/AddAndMultiply_mul.key.proof 
19688      DEBUG main            d.u.i.k.p.i.AbstractProblemLoader Environment load took 753.3ns 
19690      INFO  main            d.u.i.k.p.i.AbstractProblemLoader Creating init config 
23026      DEBUG main            d.u.i.k.p.i.AbstractProblemLoader Init config took 3.34s 
23089      INFO  main            d.u.i.k.p.i.AbstractProblemLoader Replaying proof AddAndMultiply[AddAndMultiply::mul(int,int)].JML normal_behavior operation contract.0 
23227      DEBUG main            d.u.i.k.p.i.IntermediateProofReplayer Proof replay took 130.39ms 
23229      DEBUG main            d.u.i.k.p.r.p.TestFile    ... success: reloaded. 
23231      INFO  main            d.u.i.k.p.r.p.TestFile    Now processing file /home/runner/work/key/key/key.core/../key.ui/examples/heap/WeideEtAl_02_BinarySearch/BinarySearch_search.key 
23231      INFO  main            d.u.i.k.p.i.AbstractProblemLoader Loading environment from /home/runner/work/key/key/key.core/../key.ui/examples/heap/WeideEtAl_02_BinarySearch/BinarySearch_search.key 
23231      DEBUG main            d.u.i.k.p.i.AbstractProblemLoader Environment load took 272.6ns 
23233      INFO  main            d.u.i.k.p.i.AbstractProblemLoader Creating init config 
26467      DEBUG main            d.u.i.k.p.i.AbstractProblemLoader Init config took 3.23s 
26529      INFO  main            d.u.i.k.p.i.AbstractProblemLoader Replaying proof BinarySearch[BinarySearch::search([I,int)].JML normal_behavior operation contract.0 
26535      DEBUG main            d.u.i.k.p.i.IntermediateProofReplayer Proof replay took 7.7ns 
30552      INFO  main            d.u.i.k.p.r.p.TestFile    ... finished proof: closed. 
30831      INFO  main            d.u.i.k.p.i.AbstractProblemLoader Loading environment from /home/runner/work/key/key/key.core/../key.ui/examples/heap/WeideEtAl_02_BinarySearch/BinarySearch_search.key.proof 
30835      DEBUG main            d.u.i.k.p.i.AbstractProblemLoader Environment load took 3.94ms 
30838      INFO  main            d.u.i.k.p.i.AbstractProblemLoader Creating init config 
33916      DEBUG main            d.u.i.k.p.i.AbstractProblemLoader Init config took 3.08s 
33973      INFO  main            d.u.i.k.p.i.AbstractProblemLoader Replaying proof BinarySearch[BinarySearch::search([I,int)].JML normal_behavior operation contract.0 
34686      DEBUG main            d.u.i.k.p.i.IntermediateProofReplayer Proof replay took 687.45ms 
34688      DEBUG main            d.u.i.k.p.r.p.TestFile    ... success: reloaded. 
2650935    INFO  Test worker     d.u.i.k.p.r.RunAllProofsTestUnit Returning from test WeideEtAl 
2650936    INFO  Test worker     d.u.i.k.p.r.RunAllProofsTestUnit Running test arithmetic 
461        INFO  Timeout watchdog d.u.i.k.p.r.p.ForkedTestFileRunner Timeout watcher launched (2000 secs.) 
477        WARN  main            d.u.i.k.s.ProofSettings   The settings in /home/runner/.key/proof-settings.props are *not* read. 
521        INFO  main            d.u.i.k.p.r.p.TestFile    Now processing file /home/runner/work/key/key/key.core/../key.ui/examples/standard_key/arith/binomial1.key 
659        INFO  main            d.u.i.k.p.i.AbstractProblemLoader Loading environment from /home/runner/work/key/key/key.core/../key.ui/examples/standard_key/arith/binomial1.key 
680        DEBUG main            d.u.i.k.p.i.AbstractProblemLoader Environment load took 2.75ms 
1003       INFO  main            d.u.i.k.p.i.AbstractProblemLoader Creating init config 
2396       DEBUG main            d.u.i.k.j.TypeConverter   No LDT found for Meta 
2397       DEBUG main            d.u.i.k.j.TypeConverter   No LDT found for Meta 
2399       DEBUG main            d.u.i.k.j.TypeConverter   No LDT found for Meta 
2399       DEBUG main            d.u.i.k.j.TypeConverter   No LDT found for Meta 
4728       DEBUG main            d.u.i.k.j.TypeConverter   No LDT found for JavaBigintExpression 
10782      DEBUG main            d.u.i.k.p.i.AbstractProblemLoader Init config took 9.78s 
10865      INFO  main            d.u.i.k.p.i.AbstractProblemLoader Replaying proof binomial1.key 
10912      DEBUG main            d.u.i.k.p.i.IntermediateProofReplayer Proof replay took 38.7ns 
11294      INFO  main            d.u.i.k.p.r.p.TestFile    ... finished proof: closed. 
11412      INFO  main            d.u.i.k.p.i.AbstractProblemLoader Loading environment from /home/runner/work/key/key/key.core/../key.ui/examples/standard_key/arith/binomial1.key.proof 
11414      DEBUG main            d.u.i.k.p.i.AbstractProblemLoader Environment load took 1.95ms 
11419      INFO  main            d.u.i.k.p.i.AbstractProblemLoader Creating init config 
14930      DEBUG main            d.u.i.k.p.i.AbstractProblemLoader Init config took 3.51s 
14966      INFO  main            d.u.i.k.p.i.AbstractProblemLoader Replaying proof binomial1.key.proof 
14984      DEBUG main            d.u.i.k.p.i.IntermediateProofReplayer Proof replay took 11.48ms 
14999      DEBUG main            d.u.i.k.p.r.p.TestFile    ... success: reloaded. 
15000      INFO  main            d.u.i.k.p.r.p.TestFile    Now processing file /home/runner/work/key/key/key.core/../key.ui/examples/standard_key/arith/binomial2.key 
15001      INFO  main            d.u.i.k.p.i.AbstractProblemLoader Loading environment from /home/runner/work/key/key/key.core/../key.ui/examples/standard_key/arith/binomial2.key 
15001      DEBUG main            d.u.i.k.p.i.AbstractProblemLoader Environment load took 261ns 
15003      INFO  main            d.u.i.k.p.i.AbstractProblemLoader Creating init config 
18320      DEBUG main            d.u.i.k.p.i.AbstractProblemLoader Init config took 3.32s 
18354      INFO  main            d.u.i.k.p.i.AbstractProblemLoader Replaying proof binomial2.key 
18359      DEBUG main            d.u.i.k.p.i.IntermediateProofReplayer Proof replay took 7.8ns 
18464      INFO  main            d.u.i.k.p.r.p.TestFile    ... finished proof: closed. 
18631      INFO  main            d.u.i.k.p.i.AbstractProblemLoader Loading environment from /home/runner/work/key/key/key.core/../key.ui/examples/standard_key/arith/binomial2.key.proof 
18632      DEBUG main            d.u.i.k.p.i.AbstractProblemLoader Environment load took 901.1ns 
18635      INFO  main            d.u.i.k.p.i.AbstractProblemLoader Creating init config 
21892      DEBUG main            d.u.i.k.p.i.AbstractProblemLoader Init config took 3.26s 
21919      INFO  main            d.u.i.k.p.i.AbstractProblemLoader Replaying proof binomial2.key.proof 
21931      DEBUG main            d.u.i.k.p.i.IntermediateProofReplayer Proof replay took 8.96ms 
21933      DEBUG main            d.u.i.k.p.r.p.TestFile    ... success: reloaded. 
21935      INFO  main            d.u.i.k.p.r.p.TestFile    Now processing file /home/runner/work/key/key/key.core/../key.ui/examples/standard_key/arith/check_jdiv.key 
21935      INFO  main            d.u.i.k.p.i.AbstractProblemLoader Loading environment from /home/runner/work/key/key/key.core/../key.ui/examples/standard_key/arith/check_jdiv.key 
21935      DEBUG main            d.u.i.k.p.i.AbstractProblemLoader Environment load took 247.6ns 
21937      INFO  main            d.u.i.k.p.i.AbstractProblemLoader Creating init config 
25217      DEBUG main            d.u.i.k.p.i.AbstractProblemLoader Init config took 3.28s 
25245      INFO  main            d.u.i.k.p.i.AbstractProblemLoader Replaying proof check_jdiv.key 
25253      DEBUG main            d.u.i.k.p.i.IntermediateProofReplayer Proof replay took 9ns 
32379      INFO  main            d.u.i.k.p.r.p.TestFile    ... finished proof: closed. 
32665      INFO  main            d.u.i.k.p.i.AbstractProblemLoader Loading environment from /home/runner/work/key/key/key.core/../key.ui/examples/standard_key/arith/check_jdiv.key.proof 
32665      DEBUG main            d.u.i.k.p.i.AbstractProblemLoader Environment load took 620.3ns 
32672      INFO  main            d.u.i.k.p.i.AbstractProblemLoader Creating init config 
35708      DEBUG main            d.u.i.k.p.i.AbstractProblemLoader Init config took 3.04s 
35734      INFO  main            d.u.i.k.p.i.AbstractProblemLoader Replaying proof check_jdiv.key.proof 
36211      DEBUG main            d.u.i.k.p.i.IntermediateProofReplayer Proof replay took 434.54ms 
36213      DEBUG main            d.u.i.k.p.r.p.TestFile    ... success: reloaded. 
36215      INFO  main            d.u.i.k.p.r.p.TestFile    Now processing file /home/runner/work/key/key/key.core/../key.ui/examples/standard_key/arith/check_jdiv_concrete.key 
36216      INFO  main            d.u.i.k.p.i.AbstractProblemLoader Loading environment from /home/runner/work/key/key/key.core/../key.ui/examples/standard_key/arith/check_jdiv_concrete.key 
36216      DEBUG main            d.u.i.k.p.i.AbstractProblemLoader Environment load took 253ns 
36218      INFO  main            d.u.i.k.p.i.AbstractProblemLoader Creating init config 
39297      DEBUG main            d.u.i.k.p.i.AbstractProblemLoader Init config took 3.08s 
39321      INFO  main            d.u.i.k.p.i.AbstractProblemLoader Replaying proof check_jdiv_concrete.key 
39324      DEBUG main            d.u.i.k.p.i.IntermediateProofReplayer Proof replay took 7.2ns 
39427      INFO  main            d.u.i.k.p.r.p.TestFile    ... finished proof: closed. 
39686      INFO  main            d.u.i.k.p.i.AbstractProblemLoader Loading environment from /home/runner/work/key/key/key.core/../key.ui/examples/standard_key/arith/check_jdiv_concrete.key.proof 
39687      DEBUG main            d.u.i.k.p.i.AbstractProblemLoader Environment load took 486.6ns 
39688      INFO  main            d.u.i.k.p.i.AbstractProblemLoader Creating init config 
42696      DEBUG main            d.u.i.k.p.i.AbstractProblemLoader Init config took 3.01s 
42722      INFO  main            d.u.i.k.p.i.AbstractProblemLoader Replaying proof check_jdiv_concrete.key.proof 
42728      DEBUG main            d.u.i.k.p.i.IntermediateProofReplayer Proof replay took 3.3ms 
42730      DEBUG main            d.u.i.k.p.r.p.TestFile    ... success: reloaded. 
42731      INFO  main            d.u.i.k.p.r.p.TestFile    Now processing file /home/runner/work/key/key/key.core/../key.ui/examples/standard_key/arith/check_jdiv_instantiated.key 
42732      INFO  main            d.u.i.k.p.i.AbstractProblemLoader Loading environment from /home/runner/work/key/key/key.core/../key.ui/examples/standard_key/arith/check_jdiv_instantiated.key 
42732      DEBUG main            d.u.i.k.p.i.AbstractProblemLoader Environment load took 260.1ns 
42735      INFO  main            d.u.i.k.p.i.AbstractProblemLoader Creating init config 
45823      DEBUG main            d.u.i.k.p.i.AbstractProblemLoader Init config took 3.09s 
45850      INFO  main            d.u.i.k.p.i.AbstractProblemLoader Replaying proof check_jdiv_instantiated.key 
45853      DEBUG main            d.u.i.k.p.i.IntermediateProofReplayer Proof replay took 8.1ns 
50103      INFO  main            d.u.i.k.p.r.p.TestFile    ... finished proof: closed. 
50357      INFO  main            d.u.i.k.p.i.AbstractProblemLoader Loading environment from /home/runner/work/key/key/key.core/../key.ui/examples/standard_key/arith/check_jdiv_instantiated.key.proof 
50357      DEBUG main            d.u.i.k.p.i.AbstractProblemLoader Environment load took 536.8ns 
50360      INFO  main            d.u.i.k.p.i.AbstractProblemLoader Creating init config 
53334      DEBUG main            d.u.i.k.p.i.AbstractProblemLoader Init config took 2.97s 
53363      INFO  main            d.u.i.k.p.i.AbstractProblemLoader Replaying proof check_jdiv_instantiated.key.proof 
53588      DEBUG main            d.u.i.k.p.i.IntermediateProofReplayer Proof replay took 195.57ms 
53591      DEBUG main            d.u.i.k.p.r.p.TestFile    ... success: reloaded. 
53593      INFO  main            d.u.i.k.p.r.p.TestFile    Now processing file /home/runner/work/key/key/key.core/../key.ui/examples/standard_key/arith/check_jmod.key 
53594      INFO  main            d.u.i.k.p.i.AbstractProblemLoader Loading environment from /home/runner/work/key/key/key.core/../key.ui/examples/standard_key/arith/check_jmod.key 
53594      DEBUG main            d.u.i.k.p.i.AbstractProblemLoader Environment load took 248.9ns 
53595      INFO  main            d.u.i.k.p.i.AbstractProblemLoader Creating init config 
56621      DEBUG main            d.u.i.k.p.i.AbstractProblemLoader Init config took 3.03s 
56648      INFO  main            d.u.i.k.p.i.AbstractProblemLoader Replaying proof check_jmod.key 
56654      DEBUG main            d.u.i.k.p.i.IntermediateProofReplayer Proof replay took 9.1ns 
57359      INFO  main            d.u.i.k.p.r.p.TestFile    ... finished proof: closed. 
57652      INFO  main            d.u.i.k.p.i.AbstractProblemLoader Loading environment from /home/runner/work/key/key/key.core/../key.ui/examples/standard_key/arith/check_jmod.key.proof 
57652      DEBUG main            d.u.i.k.p.i.AbstractProblemLoader Environment load took 512.7ns 
57655      INFO  main            d.u.i.k.p.i.AbstractProblemLoader Creating init config 
60758      DEBUG main            d.u.i.k.p.i.AbstractProblemLoader Init config took 3.1s 
60782      INFO  main            d.u.i.k.p.i.AbstractProblemLoader Replaying proof check_jmod.key.proof 
60830      DEBUG main            d.u.i.k.p.i.IntermediateProofReplayer Proof replay took 40.95ms 
60831      DEBUG main            d.u.i.k.p.r.p.TestFile    ... success: reloaded. 
60833      INFO  main            d.u.i.k.p.r.p.TestFile    Now processing file /home/runner/work/key/key/key.core/../key.ui/examples/standard_key/arith/complexExpressions.key 
60833      INFO  main            d.u.i.k.p.i.AbstractProblemLoader Loading environment from /home/runner/work/key/key/key.core/../key.ui/examples/standard_key/arith/complexExpressions.key 
60834      DEBUG main            d.u.i.k.p.i.AbstractProblemLoader Environment load took 238.9ns 
60835      INFO  main            d.u.i.k.p.i.AbstractProblemLoader Creating init config 
63980      DEBUG main            d.u.i.k.p.i.AbstractProblemLoader Init config took 3.14s 
64007      INFO  main            d.u.i.k.p.i.AbstractProblemLoader Replaying proof complexExpressions.key 
64009      DEBUG main            d.u.i.k.p.i.IntermediateProofReplayer Proof replay took 7.7ns 
64218      INFO  main            d.u.i.k.p.r.p.TestFile    ... finished proof: closed. 
64449      INFO  main            d.u.i.k.p.i.AbstractProblemLoader Loading environment from /home/runner/work/key/key/key.core/../key.ui/examples/standard_key/arith/complexExpressions.key.proof 
64450      DEBUG main            d.u.i.k.p.i.AbstractProblemLoader Environment load took 528.3ns 
64451      INFO  main            d.u.i.k.p.i.AbstractProblemLoader Creating init config 
67412      DEBUG main            d.u.i.k.p.i.AbstractProblemLoader Init config took 2.96s 
67436      INFO  main            d.u.i.k.p.i.AbstractProblemLoader Replaying proof complexExpressions.key.proof 
67448      DEBUG main            d.u.i.k.p.i.IntermediateProofReplayer Proof replay took 8.95ms 
67449      DEBUG main            d.u.i.k.p.r.p.TestFile    ... success: reloaded. 
67450      INFO  main            d.u.i.k.p.r.p.TestFile    Now processing file /home/runner/work/key/key/key.core/../key.ui/examples/standard_key/arith/compound_unaryMinus.key 
67451      INFO  main            d.u.i.k.p.i.AbstractProblemLoader Loading environment from /home/runner/work/key/key/key.core/../key.ui/examples/standard_key/arith/compound_unaryMinus.key 
67451      DEBUG main            d.u.i.k.p.i.AbstractProblemLoader Environment load took 251.4ns 
67452      INFO  main            d.u.i.k.p.i.AbstractProblemLoader Creating init config 
70453      DEBUG main            d.u.i.k.p.i.AbstractProblemLoader Init config took 3s 
70482      INFO  main            d.u.i.k.p.i.AbstractProblemLoader Replaying proof compound_unaryMinus.key 
70486      DEBUG main            d.u.i.k.p.i.IntermediateProofReplayer Proof replay took 8.4ns 
70588      INFO  main            d.u.i.k.p.r.p.TestFile    ... finished proof: closed. 
70785      INFO  main            d.u.i.k.p.i.AbstractProblemLoader Loading environment from /home/runner/work/key/key/key.core/../key.ui/examples/standard_key/arith/compound_unaryMinus.key.proof 
70786      DEBUG main            d.u.i.k.p.i.AbstractProblemLoader Environment load took 153.3ns 
70787      INFO  main            d.u.i.k.p.i.AbstractProblemLoader Creating init config 
73792      DEBUG main            d.u.i.k.p.i.AbstractProblemLoader Init config took 3.01s 
73820      INFO  main            d.u.i.k.p.i.AbstractProblemLoader Replaying proof compound_unaryMinus.key.proof 
73827      DEBUG main            d.u.i.k.p.i.IntermediateProofReplayer Proof replay took 4.88ms 
73829      DEBUG main            d.u.i.k.p.r.p.TestFile    ... success: reloaded. 
73829      INFO  main            d.u.i.k.p.r.p.TestFile    Now processing file /home/runner/work/key/key/key.core/../key.ui/examples/standard_key/arith/computation.key 
73830      INFO  main            d.u.i.k.p.i.AbstractProblemLoader Loading environment from /home/runner/work/key/key/key.core/../key.ui/examples/standard_key/arith/computation.key 
73830      DEBUG main            d.u.i.k.p.i.AbstractProblemLoader Environment load took 259.2ns 
73832      INFO  main            d.u.i.k.p.i.AbstractProblemLoader Creating init config 
76963      DEBUG main            d.u.i.k.p.i.AbstractProblemLoader Init config took 3.13s 
76987      INFO  main            d.u.i.k.p.i.AbstractProblemLoader Replaying proof computation.key 
76990      DEBUG main            d.u.i.k.p.i.IntermediateProofReplayer Proof replay took 7.5ns 
78701      INFO  main            d.u.i.k.p.r.p.TestFile    ... finished proof: closed. 
79054      INFO  main            d.u.i.k.p.i.AbstractProblemLoader Loading environment from /home/runner/work/key/key/key.core/../key.ui/examples/standard_key/arith/computation.key.proof 
79055      DEBUG main            d.u.i.k.p.i.AbstractProblemLoader Environment load took 591.4ns 
79056      INFO  main            d.u.i.k.p.i.AbstractProblemLoader Creating init config 
82094      DEBUG main            d.u.i.k.p.i.AbstractProblemLoader Init config took 3.04s 
82122      INFO  main            d.u.i.k.p.i.AbstractProblemLoader Replaying proof computation.key.proof 
82222      DEBUG main            d.u.i.k.p.i.IntermediateProofReplayer Proof replay took 91.37ms 
82224      DEBUG main            d.u.i.k.p.r.p.TestFile    ... success: reloaded. 
82226      INFO  main            d.u.i.k.p.r.p.TestFile    Now processing file /home/runner/work/key/key/key.core/../key.ui/examples/standard_key/arith/cubicSum.key 
82226      INFO  main            d.u.i.k.p.i.AbstractProblemLoader Loading environment from /home/runner/work/key/key/key.core/../key.ui/examples/standard_key/arith/cubicSum.key 
82227      DEBUG main            d.u.i.k.p.i.AbstractProblemLoader Environment load took 169.9ns 
82229      INFO  main            d.u.i.k.p.i.AbstractProblemLoader Creating init config 
85395      DEBUG main            d.u.i.k.p.i.AbstractProblemLoader Init config took 3.17s 
85417      INFO  main            d.u.i.k.p.i.AbstractProblemLoader Replaying proof cubicSum.key 
85419      DEBUG main            d.u.i.k.p.i.IntermediateProofReplayer Proof replay took 8ns 
86627      INFO  main            d.u.i.k.p.r.p.TestFile    ... finished proof: closed. 
87015      INFO  main            d.u.i.k.p.i.AbstractProblemLoader Loading environment from /home/runner/work/key/key/key.core/../key.ui/examples/standard_key/arith/cubicSum.key.proof 
87016      DEBUG main            d.u.i.k.p.i.AbstractProblemLoader Environment load took 1.18ms 
87018      INFO  main            d.u.i.k.p.i.AbstractProblemLoader Creating init config 
90188      DEBUG main            d.u.i.k.p.i.AbstractProblemLoader Init config took 3.17s 
90215      INFO  main            d.u.i.k.p.i.AbstractProblemLoader Replaying proof cubicSum.key.proof 
90401      DEBUG main            d.u.i.k.p.i.IntermediateProofReplayer Proof replay took 180.96ms 
90403      DEBUG main            d.u.i.k.p.r.p.TestFile    ... success: reloaded. 
90405      INFO  main            d.u.i.k.p.r.p.TestFile    Now processing file /home/runner/work/key/key/key.core/../key.ui/examples/standard_key/arith/divByZero.key 
90405      INFO  main            d.u.i.k.p.i.AbstractProblemLoader Loading environment from /home/runner/work/key/key/key.core/../key.ui/examples/standard_key/arith/divByZero.key 
90406      DEBUG main            d.u.i.k.p.i.AbstractProblemLoader Environment load took 291.2ns 
90407      INFO  main            d.u.i.k.p.i.AbstractProblemLoader Creating init config 
93641      DEBUG main            d.u.i.k.p.i.AbstractProblemLoader Init config took 3.23s 
93662      INFO  main            d.u.i.k.p.i.AbstractProblemLoader Replaying proof divByZero.key 
93665      DEBUG main            d.u.i.k.p.i.IntermediateProofReplayer Proof replay took 8.6ns 
93867      INFO  main            d.u.i.k.p.r.p.TestFile    ... finished proof: closed. 
94138      INFO  main            d.u.i.k.p.i.AbstractProblemLoader Loading environment from /home/runner/work/key/key/key.core/../key.ui/examples/standard_key/arith/divByZero.key.proof 
94138      DEBUG main            d.u.i.k.p.i.AbstractProblemLoader Environment load took 548ns 
94140      INFO  main            d.u.i.k.p.i.AbstractProblemLoader Creating init config 
97140      DEBUG main            d.u.i.k.p.i.AbstractProblemLoader Init config took 3s 
97161      INFO  main            d.u.i.k.p.i.AbstractProblemLoader Replaying proof divByZero.key.proof 
97204      DEBUG main            d.u.i.k.p.i.IntermediateProofReplayer Proof replay took 39.62ms 
97205      DEBUG main            d.u.i.k.p.r.p.TestFile    ... success: reloaded. 
97207      INFO  main            d.u.i.k.p.r.p.TestFile    Now processing file /home/runner/work/key/key/key.core/../key.ui/examples/standard_key/arith/divisionAssoc.key 
97207      INFO  main            d.u.i.k.p.i.AbstractProblemLoader Loading environment from /home/runner/work/key/key/key.core/../key.ui/examples/standard_key/arith/divisionAssoc.key 
97207      DEBUG main            d.u.i.k.p.i.AbstractProblemLoader Environment load took 302.9ns 
97209      INFO  main            d.u.i.k.p.i.AbstractProblemLoader Creating init config 
100317     DEBUG main            d.u.i.k.p.i.AbstractProblemLoader Init config took 3.11s 
100339     INFO  main            d.u.i.k.p.i.AbstractProblemLoader Replaying proof divisionAssoc.key 
100342     DEBUG main            d.u.i.k.p.i.IntermediateProofReplayer Proof replay took 8.2ns 
101247     INFO  main            d.u.i.k.p.r.p.TestFile    ... finished proof: closed. 
101523     INFO  main            d.u.i.k.p.i.AbstractProblemLoader Loading environment from /home/runner/work/key/key/key.core/../key.ui/examples/standard_key/arith/divisionAssoc.key.proof 
101524     DEBUG main            d.u.i.k.p.i.AbstractProblemLoader Environment load took 203.2ns 
101525     INFO  main            d.u.i.k.p.i.AbstractProblemLoader Creating init config 
104495     DEBUG main            d.u.i.k.p.i.AbstractProblemLoader Init config took 2.97s 
104513     INFO  main            d.u.i.k.p.i.AbstractProblemLoader Replaying proof divisionAssoc.key.proof 
104563     DEBUG main            d.u.i.k.p.i.IntermediateProofReplayer Proof replay took 45ms 
104564     DEBUG main            d.u.i.k.p.r.p.TestFile    ... success: reloaded. 
104565     INFO  main            d.u.i.k.p.r.p.TestFile    Now processing file /home/runner/work/key/key/key.core/../key.ui/examples/standard_key/arith/divisionBy2.key 
104565     INFO  main            d.u.i.k.p.i.AbstractProblemLoader Loading environment from /home/runner/work/key/key/key.core/../key.ui/examples/standard_key/arith/divisionBy2.key 
104566     DEBUG main            d.u.i.k.p.i.AbstractProblemLoader Environment load took 116.5ns 
104567     INFO  main            d.u.i.k.p.i.AbstractProblemLoader Creating init config 
107549     DEBUG main            d.u.i.k.p.i.AbstractProblemLoader Init config took 2.98s 
107565     INFO  main            d.u.i.k.p.i.AbstractProblemLoader Replaying proof divisionBy2.key 
107567     DEBUG main            d.u.i.k.p.i.IntermediateProofReplayer Proof replay took 7.6ns 
107669     INFO  main            d.u.i.k.p.r.p.TestFile    ... finished proof: closed. 
107939     INFO  main            d.u.i.k.p.i.AbstractProblemLoader Loading environment from /home/runner/work/key/key/key.core/../key.ui/examples/standard_key/arith/divisionBy2.key.proof 
107940     DEBUG main            d.u.i.k.p.i.AbstractProblemLoader Environment load took 173.3ns 
107942     INFO  main            d.u.i.k.p.i.AbstractProblemLoader Creating init config 
110778     DEBUG main            d.u.i.k.p.i.AbstractProblemLoader Init config took 2.84s 
110795     INFO  main            d.u.i.k.p.i.AbstractProblemLoader Replaying proof divisionBy2.key.proof 
110803     DEBUG main            d.u.i.k.p.i.IntermediateProofReplayer Proof replay took 5.96ms 
110804     DEBUG main            d.u.i.k.p.r.p.TestFile    ... success: reloaded. 
110805     INFO  main            d.u.i.k.p.r.p.TestFile    Now processing file /home/runner/work/key/key/key.core/../key.ui/examples/standard_key/arith/euclidean/gcdHelp-post.key 
110805     INFO  main            d.u.i.k.p.i.AbstractProblemLoader Loading environment from /home/runner/work/key/key/key.core/../key.ui/examples/standard_key/arith/euclidean/gcdHelp-post.key 
110806     DEBUG main            d.u.i.k.p.i.AbstractProblemLoader Environment load took 335.9ns 
110807     INFO  main            d.u.i.k.p.i.AbstractProblemLoader Creating init config 
113933     DEBUG main            d.u.i.k.p.i.AbstractProblemLoader Init config took 3.13s 
113952     INFO  main            d.u.i.k.p.i.AbstractProblemLoader Replaying proof gcdHelp-post.key 
113954     DEBUG main            d.u.i.k.p.i.IntermediateProofReplayer Proof replay took 7.7ns 
118100     INFO  main            d.u.i.k.p.r.p.TestFile    ... finished proof: closed. 
118412     INFO  main            d.u.i.k.p.i.AbstractProblemLoader Loading environment from /home/runner/work/key/key/key.core/../key.ui/examples/standard_key/arith/euclidean/gcdHelp-post.key.proof 
118412     DEBUG main            d.u.i.k.p.i.AbstractProblemLoader Environment load took 523ns 
118415     INFO  main            d.u.i.k.p.i.AbstractProblemLoader Creating init config 
121401     DEBUG main            d.u.i.k.p.i.AbstractProblemLoader Init config took 2.99s 
121418     INFO  main            d.u.i.k.p.i.AbstractProblemLoader Replaying proof gcdHelp-post.key.proof 
121645     DEBUG main            d.u.i.k.p.i.IntermediateProofReplayer Proof replay took 215.46ms 
121647     DEBUG main            d.u.i.k.p.r.p.TestFile    ... success: reloaded. 
121649     INFO  main            d.u.i.k.p.r.p.TestFile    Now processing file /home/runner/work/key/key/key.core/../key.ui/examples/standard_key/arith/gemplusDecimal/add.key 
121649     INFO  main            d.u.i.k.p.i.AbstractProblemLoader Loading environment from /home/runner/work/key/key/key.core/../key.ui/examples/standard_key/arith/gemplusDecimal/add.key 
121650     DEBUG main            d.u.i.k.p.i.AbstractProblemLoader Environment load took 259.5ns 
121652     INFO  main            d.u.i.k.p.i.AbstractProblemLoader Creating init config 
124745     DEBUG main            d.u.i.k.p.i.AbstractProblemLoader Init config took 3.09s 
124764     INFO  main            d.u.i.k.p.i.AbstractProblemLoader Replaying proof add.key 
124766     DEBUG main            d.u.i.k.p.i.IntermediateProofReplayer Proof replay took 7ns 
176441     INFO  main            d.u.i.k.p.r.p.TestFile    ... finished proof: closed. 
176933     INFO  main            d.u.i.k.p.i.AbstractProblemLoader Loading environment from /home/runner/work/key/key/key.core/../key.ui/examples/standard_key/arith/gemplusDecimal/add.key.proof 
176934     DEBUG main            d.u.i.k.p.i.AbstractProblemLoader Environment load took 594.8ns 
176943     INFO  main            d.u.i.k.p.i.AbstractProblemLoader Creating init config 
180013     DEBUG main            d.u.i.k.p.i.AbstractProblemLoader Init config took 3.07s 
180033     INFO  main            d.u.i.k.p.i.AbstractProblemLoader Replaying proof add.key.proof 
182952     DEBUG main            d.u.i.k.p.i.IntermediateProofReplayer Proof replay took 2.79s 
182962     DEBUG main            d.u.i.k.p.r.p.TestFile    ... success: reloaded. 
182963     INFO  main            d.u.i.k.p.r.p.TestFile    Now processing file /home/runner/work/key/key/key.core/../key.ui/examples/standard_key/arith/jdivevenodd.key 
182964     INFO  main            d.u.i.k.p.i.AbstractProblemLoader Loading environment from /home/runner/work/key/key/key.core/../key.ui/examples/standard_key/arith/jdivevenodd.key 
182964     DEBUG main            d.u.i.k.p.i.AbstractProblemLoader Environment load took 264.8ns 
182965     INFO  main            d.u.i.k.p.i.AbstractProblemLoader Creating init config 
186035     DEBUG main            d.u.i.k.p.i.AbstractProblemLoader Init config took 3.07s 
186051     INFO  main            d.u.i.k.p.i.AbstractProblemLoader Replaying proof jdivevenodd.key 
186053     DEBUG main            d.u.i.k.p.i.IntermediateProofReplayer Proof replay took 7.1ns 
186259     INFO  main            d.u.i.k.p.r.p.TestFile    ... finished proof: closed. 
186726     INFO  main            d.u.i.k.p.i.AbstractProblemLoader Loading environment from /home/runner/work/key/key/key.core/../key.ui/examples/standard_key/arith/jdivevenodd.key.proof 
186727     DEBUG main            d.u.i.k.p.i.AbstractProblemLoader Environment load took 644.1ns 
186729     INFO  main            d.u.i.k.p.i.AbstractProblemLoader Creating init config 
189606     DEBUG main            d.u.i.k.p.i.AbstractProblemLoader Init config took 2.88s 
189624     INFO  main            d.u.i.k.p.i.AbstractProblemLoader Replaying proof jdivevenodd.key.proof 
189646     DEBUG main            d.u.i.k.p.i.IntermediateProofReplayer Proof replay took 16.55ms 
189648     DEBUG main            d.u.i.k.p.r.p.TestFile    ... success: reloaded. 
189650     INFO  main            d.u.i.k.p.r.p.TestFile    Now processing file /home/runner/work/key/key/key.core/../key.ui/examples/standard_key/arith/median.key 
189651     INFO  main            d.u.i.k.p.i.AbstractProblemLoader Loading environment from /home/runner/work/key/key/key.core/../key.ui/examples/standard_key/arith/median.key 
189651     DEBUG main            d.u.i.k.p.i.AbstractProblemLoader Environment load took 267.9ns 
189653     INFO  main            d.u.i.k.p.i.AbstractProblemLoader Creating init config 
192581     DEBUG main            d.u.i.k.p.i.AbstractProblemLoader Init config took 2.93s 
192599     INFO  main            d.u.i.k.p.i.AbstractProblemLoader Replaying proof median.key 
192602     DEBUG main            d.u.i.k.p.i.IntermediateProofReplayer Proof replay took 7.8ns 
211036     INFO  main            d.u.i.k.p.r.p.TestFile    ... finished proof: closed. 
211455     INFO  main            d.u.i.k.p.i.AbstractProblemLoader Loading environment from /home/runner/work/key/key/key.core/../key.ui/examples/standard_key/arith/median.key.proof 
211456     DEBUG main            d.u.i.k.p.i.AbstractProblemLoader Environment load took 635.6ns 
211460     INFO  main            d.u.i.k.p.i.AbstractProblemLoader Creating init config 
214280     DEBUG main            d.u.i.k.p.i.AbstractProblemLoader Init config took 2.82s 
214308     INFO  main            d.u.i.k.p.i.AbstractProblemLoader Replaying proof median.key.proof 
215115     DEBUG main            d.u.i.k.p.i.IntermediateProofReplayer Proof replay took 755.89ms 
215119     DEBUG main            d.u.i.k.p.r.p.TestFile    ... success: reloaded. 
215120     INFO  main            d.u.i.k.p.r.p.TestFile    Now processing file /home/runner/work/key/key/key.core/../key.ui/examples/standard_key/arith/mod1.key 
215121     INFO  main            d.u.i.k.p.i.AbstractProblemLoader Loading environment from /home/runner/work/key/key/key.core/../key.ui/examples/standard_key/arith/mod1.key 
215121     DEBUG main            d.u.i.k.p.i.AbstractProblemLoader Environment load took 228.1ns 
215122     INFO  main            d.u.i.k.p.i.AbstractProblemLoader Creating init config 
217936     DEBUG main            d.u.i.k.p.i.AbstractProblemLoader Init config took 2.81s 
217951     INFO  main            d.u.i.k.p.i.AbstractProblemLoader Replaying proof mod1.key 
217955     DEBUG main            d.u.i.k.p.i.IntermediateProofReplayer Proof replay took 6.2ns 
218058     INFO  main            d.u.i.k.p.r.p.TestFile    ... finished proof: closed. 
218450     INFO  main            d.u.i.k.p.i.AbstractProblemLoader Loading environment from /home/runner/work/key/key/key.core/../key.ui/examples/standard_key/arith/mod1.key.proof 
218450     DEBUG main            d.u.i.k.p.i.AbstractProblemLoader Environment load took 134.7ns 
218452     INFO  main            d.u.i.k.p.i.AbstractProblemLoader Creating init config 
221221     DEBUG main            d.u.i.k.p.i.AbstractProblemLoader Init config took 2.77s 
221236     INFO  main            d.u.i.k.p.i.AbstractProblemLoader Replaying proof mod1.key.proof 
221241     DEBUG main            d.u.i.k.p.i.IntermediateProofReplayer Proof replay took 2.09ms 
221242     DEBUG main            d.u.i.k.p.r.p.TestFile    ... success: reloaded. 
221243     INFO  main            d.u.i.k.p.r.p.TestFile    Now processing file /home/runner/work/key/key/key.core/../key.ui/examples/standard_key/arith/mod2.key 
221243     INFO  main            d.u.i.k.p.i.AbstractProblemLoader Loading environment from /home/runner/work/key/key/key.core/../key.ui/examples/standard_key/arith/mod2.key 
221243     DEBUG main            d.u.i.k.p.i.AbstractProblemLoader Environment load took 120.7ns 
221244     INFO  main            d.u.i.k.p.i.AbstractProblemLoader Creating init config 
224085     DEBUG main            d.u.i.k.p.i.AbstractProblemLoader Init config took 2.84s 
224100     INFO  main            d.u.i.k.p.i.AbstractProblemLoader Replaying proof mod2.key 
224102     DEBUG main            d.u.i.k.p.i.IntermediateProofReplayer Proof replay took 7.3ns 
224206     INFO  main            d.u.i.k.p.r.p.TestFile    ... finished proof: closed. 
224496     INFO  main            d.u.i.k.p.i.AbstractProblemLoader Loading environment from /home/runner/work/key/key/key.core/../key.ui/examples/standard_key/arith/mod2.key.proof 
224496     DEBUG main            d.u.i.k.p.i.AbstractProblemLoader Environment load took 135.2ns 
224498     INFO  main            d.u.i.k.p.i.AbstractProblemLoader Creating init config 
227340     DEBUG main            d.u.i.k.p.i.AbstractProblemLoader Init config took 2.84s 
227356     INFO  main            d.u.i.k.p.i.AbstractProblemLoader Replaying proof mod2.key.proof 
227359     DEBUG main            d.u.i.k.p.i.IntermediateProofReplayer Proof replay took 1.44ms 
227360     DEBUG main            d.u.i.k.p.r.p.TestFile    ... success: reloaded. 
227361     INFO  main            d.u.i.k.p.r.p.TestFile    Now processing file /home/runner/work/key/key/key.core/../key.ui/examples/standard_key/arith/mod7.key 
227361     INFO  main            d.u.i.k.p.i.AbstractProblemLoader Loading environment from /home/runner/work/key/key/key.core/../key.ui/examples/standard_key/arith/mod7.key 
227361     DEBUG main            d.u.i.k.p.i.AbstractProblemLoader Environment load took 87ns 
227362     INFO  main            d.u.i.k.p.i.AbstractProblemLoader Creating init config 
230238     DEBUG main            d.u.i.k.p.i.AbstractProblemLoader Init config took 2.88s 
230252     INFO  main            d.u.i.k.p.i.AbstractProblemLoader Replaying proof mod7.key 
230254     DEBUG main            d.u.i.k.p.i.IntermediateProofReplayer Proof replay took 6.7ns 
230358     INFO  main            d.u.i.k.p.r.p.TestFile    ... finished proof: closed. 
230652     INFO  main            d.u.i.k.p.i.AbstractProblemLoader Loading environment from /home/runner/work/key/key/key.core/../key.ui/examples/standard_key/arith/mod7.key.proof 
230652     DEBUG main            d.u.i.k.p.i.AbstractProblemLoader Environment load took 113.1ns 
230653     INFO  main            d.u.i.k.p.i.AbstractProblemLoader Creating init config 
233414     DEBUG main            d.u.i.k.p.i.AbstractProblemLoader Init config took 2.76s 
233429     INFO  main            d.u.i.k.p.i.AbstractProblemLoader Replaying proof mod7.key.proof 
233436     DEBUG main            d.u.i.k.p.i.IntermediateProofReplayer Proof replay took 4.43ms 
233437     DEBUG main            d.u.i.k.p.r.p.TestFile    ... success: reloaded. 
233438     INFO  main            d.u.i.k.p.r.p.TestFile    Now processing file /home/runner/work/key/key/key.core/../key.ui/examples/standard_key/arith/overflow_hija.key 
233439     INFO  main            d.u.i.k.p.i.AbstractProblemLoader Loading environment from /home/runner/work/key/key/key.core/../key.ui/examples/standard_key/arith/overflow_hija.key 
233439     DEBUG main            d.u.i.k.p.i.AbstractProblemLoader Environment load took 119.9ns 
233442     INFO  main            d.u.i.k.p.i.AbstractProblemLoader Creating init config 
236404     DEBUG main            d.u.i.k.p.i.AbstractProblemLoader Init config took 2.96s 
236435     INFO  main            d.u.i.k.p.i.AbstractProblemLoader Replaying proof overflow_hija.key 
236439     DEBUG main            d.u.i.k.p.i.IntermediateProofReplayer Proof replay took 6.8ns 
242098     INFO  main            d.u.i.k.p.r.p.TestFile    ... finished proof: closed. 
242468     INFO  main            d.u.i.k.p.i.AbstractProblemLoader Loading environment from /home/runner/work/key/key/key.core/../key.ui/examples/standard_key/arith/overflow_hija.key.proof 
242469     DEBUG main            d.u.i.k.p.i.AbstractProblemLoader Environment load took 597.4ns 
242472     INFO  main            d.u.i.k.p.i.AbstractProblemLoader Creating init config 
245334     DEBUG main            d.u.i.k.p.i.AbstractProblemLoader Init config took 2.86s 
245354     INFO  main            d.u.i.k.p.i.AbstractProblemLoader Replaying proof overflow_hija.key.proof 
245554     DEBUG main            d.u.i.k.p.i.IntermediateProofReplayer Proof replay took 188.97ms 
245556     DEBUG main            d.u.i.k.p.r.p.TestFile    ... success: reloaded. 
245557     INFO  main            d.u.i.k.p.r.p.TestFile    Now processing file /home/runner/work/key/key/key.core/../key.ui/examples/standard_key/arith/poly_division0.key 
245558     INFO  main            d.u.i.k.p.i.AbstractProblemLoader Loading environment from /home/runner/work/key/key/key.core/../key.ui/examples/standard_key/arith/poly_division0.key 
245558     DEBUG main            d.u.i.k.p.i.AbstractProblemLoader Environment load took 271.4ns 
245559     INFO  main            d.u.i.k.p.i.AbstractProblemLoader Creating init config 
248578     DEBUG main            d.u.i.k.p.i.AbstractProblemLoader Init config took 3.02s 
248593     INFO  main            d.u.i.k.p.i.AbstractProblemLoader Replaying proof poly_division0.key 
248595     DEBUG main            d.u.i.k.p.i.IntermediateProofReplayer Proof replay took 7.5ns 
248702     INFO  main            d.u.i.k.p.r.p.TestFile    ... finished proof: closed. 
249131     INFO  main            d.u.i.k.p.i.AbstractProblemLoader Loading environment from /home/runner/work/key/key/key.core/../key.ui/examples/standard_key/arith/poly_division0.key.proof 
249131     DEBUG main            d.u.i.k.p.i.AbstractProblemLoader Environment load took 129.1ns 
249133     INFO  main            d.u.i.k.p.i.AbstractProblemLoader Creating init config 
252013     DEBUG main            d.u.i.k.p.i.AbstractProblemLoader Init config took 2.88s 
252029     INFO  main            d.u.i.k.p.i.AbstractProblemLoader Replaying proof poly_division0.key.proof 
252037     DEBUG main            d.u.i.k.p.i.IntermediateProofReplayer Proof replay took 5.13ms 
252038     DEBUG main            d.u.i.k.p.r.p.TestFile    ... success: reloaded. 
252040     INFO  main            d.u.i.k.p.r.p.TestFile    Now processing file /home/runner/work/key/key/key.core/../key.ui/examples/standard_key/arith/poly_division1.key 
252040     INFO  main            d.u.i.k.p.i.AbstractProblemLoader Loading environment from /home/runner/work/key/key/key.core/../key.ui/examples/standard_key/arith/poly_division1.key 
252040     DEBUG main            d.u.i.k.p.i.AbstractProblemLoader Environment load took 148.3ns 
252041     INFO  main            d.u.i.k.p.i.AbstractProblemLoader Creating init config 
254963     DEBUG main            d.u.i.k.p.i.AbstractProblemLoader Init config took 2.92s 
254978     INFO  main            d.u.i.k.p.i.AbstractProblemLoader Replaying proof poly_division1.key 
254979     DEBUG main            d.u.i.k.p.i.IntermediateProofReplayer Proof replay took 7.5ns 
255081     INFO  main            d.u.i.k.p.r.p.TestFile    ... finished proof: closed. 
255422     INFO  main            d.u.i.k.p.i.AbstractProblemLoader Loading environment from /home/runner/work/key/key/key.core/../key.ui/examples/standard_key/arith/poly_division1.key.proof 
255422     DEBUG main            d.u.i.k.p.i.AbstractProblemLoader Environment load took 118.9ns 
255423     INFO  main            d.u.i.k.p.i.AbstractProblemLoader Creating init config 
258263     DEBUG main            d.u.i.k.p.i.AbstractProblemLoader Init config took 2.84s 
258281     INFO  main            d.u.i.k.p.i.AbstractProblemLoader Replaying proof poly_division1.key.proof 
258288     DEBUG main            d.u.i.k.p.i.IntermediateProofReplayer Proof replay took 4.41ms 
258289     DEBUG main            d.u.i.k.p.r.p.TestFile    ... success: reloaded. 
258290     INFO  main            d.u.i.k.p.r.p.TestFile    Now processing file /home/runner/work/key/key/key.core/../key.ui/examples/standard_key/inEqSimp/division.key 
258290     INFO  main            d.u.i.k.p.i.AbstractProblemLoader Loading environment from /home/runner/work/key/key/key.core/../key.ui/examples/standard_key/inEqSimp/division.key 
258291     DEBUG main            d.u.i.k.p.i.AbstractProblemLoader Environment load took 319.1ns 
258292     INFO  main            d.u.i.k.p.i.AbstractProblemLoader Creating init config 
261201     DEBUG main            d.u.i.k.p.i.AbstractProblemLoader Init config took 2.91s 
261216     INFO  main            d.u.i.k.p.i.AbstractProblemLoader Replaying proof division.key 
261219     DEBUG main            d.u.i.k.p.i.IntermediateProofReplayer Proof replay took 7ns 
263627     INFO  main            d.u.i.k.p.r.p.TestFile    ... finished proof: closed. 
263989     INFO  main            d.u.i.k.p.i.AbstractProblemLoader Loading environment from /home/runner/work/key/key/key.core/../key.ui/examples/standard_key/inEqSimp/division.key.proof 
263990     DEBUG main            d.u.i.k.p.i.AbstractProblemLoader Environment load took 673.5ns 
263992     INFO  main            d.u.i.k.p.i.AbstractProblemLoader Creating init config 
266951     DEBUG main            d.u.i.k.p.i.AbstractProblemLoader Init config took 2.96s 
266967     INFO  main            d.u.i.k.p.i.AbstractProblemLoader Replaying proof division.key.proof 
267043     DEBUG main            d.u.i.k.p.i.IntermediateProofReplayer Proof replay took 67.4ms 
267045     DEBUG main            d.u.i.k.p.r.p.TestFile    ... success: reloaded. 
267046     INFO  main            d.u.i.k.p.r.p.TestFile    Now processing file /home/runner/work/key/key/key.core/../key.ui/examples/standard_key/inEqSimp/inequations0.key 
267046     INFO  main            d.u.i.k.p.i.AbstractProblemLoader Loading environment from /home/runner/work/key/key/key.core/../key.ui/examples/standard_key/inEqSimp/inequations0.key 
267047     DEBUG main            d.u.i.k.p.i.AbstractProblemLoader Environment load took 295.6ns 
267048     INFO  main            d.u.i.k.p.i.AbstractProblemLoader Creating init config 
269921     DEBUG main            d.u.i.k.p.i.AbstractProblemLoader Init config took 2.87s 
269936     INFO  main            d.u.i.k.p.i.AbstractProblemLoader Replaying proof inequations0.key 
269937     DEBUG main            d.u.i.k.p.i.IntermediateProofReplayer Proof replay took 44.7ns 
270040     INFO  main            d.u.i.k.p.r.p.TestFile    ... finished proof: closed. 
270415     INFO  main            d.u.i.k.p.i.AbstractProblemLoader Loading environment from /home/runner/work/key/key/key.core/../key.ui/examples/standard_key/inEqSimp/inequations0.key.proof 
270415     DEBUG main            d.u.i.k.p.i.AbstractProblemLoader Environment load took 118.6ns 
270416     INFO  main            d.u.i.k.p.i.AbstractProblemLoader Creating init config 
273162     DEBUG main            d.u.i.k.p.i.AbstractProblemLoader Init config took 2.75s 
273179     INFO  main            d.u.i.k.p.i.AbstractProblemLoader Replaying proof inequations0.key.proof 
273183     DEBUG main            d.u.i.k.p.i.IntermediateProofReplayer Proof replay took 2.04ms 
273184     DEBUG main            d.u.i.k.p.r.p.TestFile    ... success: reloaded. 
273185     INFO  main            d.u.i.k.p.r.p.TestFile    Now processing file /home/runner/work/key/key/key.core/../key.ui/examples/standard_key/inEqSimp/inequations1.key 
273186     INFO  main            d.u.i.k.p.i.AbstractProblemLoader Loading environment from /home/runner/work/key/key/key.core/../key.ui/examples/standard_key/inEqSimp/inequations1.key 
273186     DEBUG main            d.u.i.k.p.i.AbstractProblemLoader Environment load took 366.1ns 
273188     INFO  main            d.u.i.k.p.i.AbstractProblemLoader Creating init config 
275991     DEBUG main            d.u.i.k.p.i.AbstractProblemLoader Init config took 2.8s 
276006     INFO  main            d.u.i.k.p.i.AbstractProblemLoader Replaying proof inequations1.key 
276008     DEBUG main            d.u.i.k.p.i.IntermediateProofReplayer Proof replay took 3.3ns 
276110     INFO  main            d.u.i.k.p.r.p.TestFile    ... finished proof: closed. 
276467     INFO  main            d.u.i.k.p.i.AbstractProblemLoader Loading environment from /home/runner/work/key/key/key.core/../key.ui/examples/standard_key/inEqSimp/inequations1.key.proof 
276467     DEBUG main            d.u.i.k.p.i.AbstractProblemLoader Environment load took 123.5ns 
276468     INFO  main            d.u.i.k.p.i.AbstractProblemLoader Creating init config 
279216     DEBUG main            d.u.i.k.p.i.AbstractProblemLoader Init config took 2.75s 
279231     INFO  main            d.u.i.k.p.i.AbstractProblemLoader Replaying proof inequations1.key.proof 
279235     DEBUG main            d.u.i.k.p.i.IntermediateProofReplayer Proof replay took 1.25ms 
279236     DEBUG main            d.u.i.k.p.r.p.TestFile    ... success: reloaded. 
279236     INFO  main            d.u.i.k.p.r.p.TestFile    Now processing file /home/runner/work/key/key/key.core/../key.ui/examples/standard_key/inEqSimp/inequations2.key 
279236     INFO  main            d.u.i.k.p.i.AbstractProblemLoader Loading environment from /home/runner/work/key/key/key.core/../key.ui/examples/standard_key/inEqSimp/inequations2.key 
279237     DEBUG main            d.u.i.k.p.i.AbstractProblemLoader Environment load took 63.4ns 
279237     INFO  main            d.u.i.k.p.i.AbstractProblemLoader Creating init config 
282042     DEBUG main            d.u.i.k.p.i.AbstractProblemLoader Init config took 2.8s 
282056     INFO  main            d.u.i.k.p.i.AbstractProblemLoader Replaying proof inequations2.key 
282058     DEBUG main            d.u.i.k.p.i.IntermediateProofReplayer Proof replay took 3.7ns 
282160     INFO  main            d.u.i.k.p.r.p.TestFile    ... finished proof: closed. 
282508     INFO  main            d.u.i.k.p.i.AbstractProblemLoader Loading environment from /home/runner/work/key/key/key.core/../key.ui/examples/standard_key/inEqSimp/inequations2.key.proof 
282508     DEBUG main            d.u.i.k.p.i.AbstractProblemLoader Environment load took 156.4ns 
282510     INFO  main            d.u.i.k.p.i.AbstractProblemLoader Creating init config 
285297     DEBUG main            d.u.i.k.p.i.AbstractProblemLoader Init config took 2.79s 
285312     INFO  main            d.u.i.k.p.i.AbstractProblemLoader Replaying proof inequations2.key.proof 
285315     DEBUG main            d.u.i.k.p.i.IntermediateProofReplayer Proof replay took 1.42ms 
285317     DEBUG main            d.u.i.k.p.r.p.TestFile    ... success: reloaded. 
285317     INFO  main            d.u.i.k.p.r.p.TestFile    Now processing file /home/runner/work/key/key/key.core/../key.ui/examples/standard_key/inEqSimp/linApprox.key 
285318     INFO  main            d.u.i.k.p.i.AbstractProblemLoader Loading environment from /home/runner/work/key/key/key.core/../key.ui/examples/standard_key/inEqSimp/linApprox.key 
285318     DEBUG main            d.u.i.k.p.i.AbstractProblemLoader Environment load took 280.4ns 
285319     INFO  main            d.u.i.k.p.i.AbstractProblemLoader Creating init config 
288201     DEBUG main            d.u.i.k.p.i.AbstractProblemLoader Init config took 2.88s 
288215     INFO  main            d.u.i.k.p.i.AbstractProblemLoader Replaying proof linApprox.key 
288217     DEBUG main            d.u.i.k.p.i.IntermediateProofReplayer Proof replay took 2.9ns 
288319     INFO  main            d.u.i.k.p.r.p.TestFile    ... finished proof: closed. 
288667     INFO  main            d.u.i.k.p.i.AbstractProblemLoader Loading environment from /home/runner/work/key/key/key.core/../key.ui/examples/standard_key/inEqSimp/linApprox.key.proof 
288667     DEBUG main            d.u.i.k.p.i.AbstractProblemLoader Environment load took 102.8ns 
288668     INFO  main            d.u.i.k.p.i.AbstractProblemLoader Creating init config 
291415     DEBUG main            d.u.i.k.p.i.AbstractProblemLoader Init config took 2.75s 
291429     INFO  main            d.u.i.k.p.i.AbstractProblemLoader Replaying proof linApprox.key.proof 
291434     DEBUG main            d.u.i.k.p.i.IntermediateProofReplayer Proof replay took 2.19ms 
291434     DEBUG main            d.u.i.k.p.r.p.TestFile    ... success: reloaded. 
291435     INFO  main            d.u.i.k.p.r.p.TestFile    Now processing file /home/runner/work/key/key/key.core/../key.ui/examples/standard_key/inEqSimp/nonLinInEqExample0.key 
291436     INFO  main            d.u.i.k.p.i.AbstractProblemLoader Loading environment from /home/runner/work/key/key/key.core/../key.ui/examples/standard_key/inEqSimp/nonLinInEqExample0.key 
291436     DEBUG main            d.u.i.k.p.i.AbstractProblemLoader Environment load took 71.6ns 
291437     INFO  main            d.u.i.k.p.i.AbstractProblemLoader Creating init config 
294262     DEBUG main            d.u.i.k.p.i.AbstractProblemLoader Init config took 2.82s 
294277     INFO  main            d.u.i.k.p.i.AbstractProblemLoader Replaying proof nonLinInEqExample0.key 
294278     DEBUG main            d.u.i.k.p.i.IntermediateProofReplayer Proof replay took 3ns 
294381     INFO  main            d.u.i.k.p.r.p.TestFile    ... finished proof: closed. 
294749     INFO  main            d.u.i.k.p.i.AbstractProblemLoader Loading environment from /home/runner/work/key/key/key.core/../key.ui/examples/standard_key/inEqSimp/nonLinInEqExample0.key.proof 
294749     DEBUG main            d.u.i.k.p.i.AbstractProblemLoader Environment load took 132.1ns 
294751     INFO  main            d.u.i.k.p.i.AbstractProblemLoader Creating init config 
297522     DEBUG main            d.u.i.k.p.i.AbstractProblemLoader Init config took 2.77s 
297537     INFO  main            d.u.i.k.p.i.AbstractProblemLoader Replaying proof nonLinInEqExample0.key.proof 
297540     DEBUG main            d.u.i.k.p.i.IntermediateProofReplayer Proof replay took 765.2ns 
297541     DEBUG main            d.u.i.k.p.r.p.TestFile    ... success: reloaded. 
297541     INFO  main            d.u.i.k.p.r.p.TestFile    Now processing file /home/runner/work/key/key/key.core/../key.ui/examples/standard_key/inEqSimp/nonLinInEqExample2.key 
297542     INFO  main            d.u.i.k.p.i.AbstractProblemLoader Loading environment from /home/runner/work/key/key/key.core/../key.ui/examples/standard_key/inEqSimp/nonLinInEqExample2.key 
297542     DEBUG main            d.u.i.k.p.i.AbstractProblemLoader Environment load took 91.8ns 
297543     INFO  main            d.u.i.k.p.i.AbstractProblemLoader Creating init config 
300415     DEBUG main            d.u.i.k.p.i.AbstractProblemLoader Init config took 2.87s 
300430     INFO  main            d.u.i.k.p.i.AbstractProblemLoader Replaying proof nonLinInEqExample2.key 
300432     DEBUG main            d.u.i.k.p.i.IntermediateProofReplayer Proof replay took 3.2ns 
300739     INFO  main            d.u.i.k.p.r.p.TestFile    ... finished proof: closed. 
301135     INFO  main            d.u.i.k.p.i.AbstractProblemLoader Loading environment from /home/runner/work/key/key/key.core/../key.ui/examples/standard_key/inEqSimp/nonLinInEqExample2.key.proof 
301136     DEBUG main            d.u.i.k.p.i.AbstractProblemLoader Environment load took 131.6ns 
301137     INFO  main            d.u.i.k.p.i.AbstractProblemLoader Creating init config 
303932     DEBUG main            d.u.i.k.p.i.AbstractProblemLoader Init config took 2.79s 
303946     INFO  main            d.u.i.k.p.i.AbstractProblemLoader Replaying proof nonLinInEqExample2.key.proof 
303976     DEBUG main            d.u.i.k.p.i.IntermediateProofReplayer Proof replay took 26.39ms 
303977     DEBUG main            d.u.i.k.p.r.p.TestFile    ... success: reloaded. 
303978     INFO  main            d.u.i.k.p.r.p.TestFile    Now processing file /home/runner/work/key/key/key.core/../key.ui/examples/standard_key/inEqSimp/nonLinInEqExample3.key 
303978     INFO  main            d.u.i.k.p.i.AbstractProblemLoader Loading environment from /home/runner/work/key/key/key.core/../key.ui/examples/standard_key/inEqSimp/nonLinInEqExample3.key 
303978     DEBUG main            d.u.i.k.p.i.AbstractProblemLoader Environment load took 160.7ns 
303979     INFO  main            d.u.i.k.p.i.AbstractProblemLoader Creating init config 
306732     DEBUG main            d.u.i.k.p.i.AbstractProblemLoader Init config took 2.75s 
306747     INFO  main            d.u.i.k.p.i.AbstractProblemLoader Replaying proof nonLinInEqExample3.key 
306749     DEBUG main            d.u.i.k.p.i.IntermediateProofReplayer Proof replay took 3.2ns 
306951     INFO  main            d.u.i.k.p.r.p.TestFile    ... finished proof: closed. 
307343     INFO  main            d.u.i.k.p.i.AbstractProblemLoader Loading environment from /home/runner/work/key/key/key.core/../key.ui/examples/standard_key/inEqSimp/nonLinInEqExample3.key.proof 
307343     DEBUG main            d.u.i.k.p.i.AbstractProblemLoader Environment load took 478.5ns 
307344     INFO  main            d.u.i.k.p.i.AbstractProblemLoader Creating init config 
310065     DEBUG main            d.u.i.k.p.i.AbstractProblemLoader Init config took 2.72s 
310080     INFO  main            d.u.i.k.p.i.AbstractProblemLoader Replaying proof nonLinInEqExample3.key.proof 
310098     DEBUG main            d.u.i.k.p.i.IntermediateProofReplayer Proof replay took 15.51ms 
310099     DEBUG main            d.u.i.k.p.r.p.TestFile    ... success: reloaded. 
310100     INFO  main            d.u.i.k.p.r.p.TestFile    Now processing file /home/runner/work/key/key/key.core/../key.ui/examples/standard_key/inEqSimp/nonLinInEqExample4.key 
310100     INFO  main            d.u.i.k.p.i.AbstractProblemLoader Loading environment from /home/runner/work/key/key/key.core/../key.ui/examples/standard_key/inEqSimp/nonLinInEqExample4.key 
310100     DEBUG main            d.u.i.k.p.i.AbstractProblemLoader Environment load took 134.6ns 
310102     INFO  main            d.u.i.k.p.i.AbstractProblemLoader Creating init config 
312838     DEBUG main            d.u.i.k.p.i.AbstractProblemLoader Init config took 2.74s 
312852     INFO  main            d.u.i.k.p.i.AbstractProblemLoader Replaying proof nonLinInEqExample4.key 
312854     DEBUG main            d.u.i.k.p.i.IntermediateProofReplayer Proof replay took 3ns 
312961     INFO  main            d.u.i.k.p.r.p.TestFile    ... finished proof: closed. 
313347     INFO  main            d.u.i.k.p.i.AbstractProblemLoader Loading environment from /home/runner/work/key/key/key.core/../key.ui/examples/standard_key/inEqSimp/nonLinInEqExample4.key.proof 
313348     DEBUG main            d.u.i.k.p.i.AbstractProblemLoader Environment load took 143.1ns 
313349     INFO  main            d.u.i.k.p.i.AbstractProblemLoader Creating init config 
316006     DEBUG main            d.u.i.k.p.i.AbstractProblemLoader Init config took 2.66s 
316021     INFO  main            d.u.i.k.p.i.AbstractProblemLoader Replaying proof nonLinInEqExample4.key.proof 
316026     DEBUG main            d.u.i.k.p.i.IntermediateProofReplayer Proof replay took 3.42ms 
316027     DEBUG main            d.u.i.k.p.r.p.TestFile    ... success: reloaded. 
316028     INFO  main            d.u.i.k.p.r.p.TestFile    Now processing file /home/runner/work/key/key/key.core/../key.ui/examples/standard_key/inEqSimp/quadraticInEq.key 
316029     INFO  main            d.u.i.k.p.i.AbstractProblemLoader Loading environment from /home/runner/work/key/key/key.core/../key.ui/examples/standard_key/inEqSimp/quadraticInEq.key 
316029     DEBUG main            d.u.i.k.p.i.AbstractProblemLoader Environment load took 124.9ns 
316030     INFO  main            d.u.i.k.p.i.AbstractProblemLoader Creating init config 
318846     DEBUG main            d.u.i.k.p.i.AbstractProblemLoader Init config took 2.82s 
318862     INFO  main            d.u.i.k.p.i.AbstractProblemLoader Replaying proof quadraticInEq.key 
318863     DEBUG main            d.u.i.k.p.i.IntermediateProofReplayer Proof replay took 3.1ns 
319269     INFO  main            d.u.i.k.p.r.p.TestFile    ... finished proof: closed. 
319693     INFO  main            d.u.i.k.p.i.AbstractProblemLoader Loading environment from /home/runner/work/key/key/key.core/../key.ui/examples/standard_key/inEqSimp/quadraticInEq.key.proof 
319693     DEBUG main            d.u.i.k.p.i.AbstractProblemLoader Environment load took 208.2ns 
319695     INFO  main            d.u.i.k.p.i.AbstractProblemLoader Creating init config 
322439     DEBUG main            d.u.i.k.p.i.AbstractProblemLoader Init config took 2.74s 
322454     INFO  main            d.u.i.k.p.i.AbstractProblemLoader Replaying proof quadraticInEq.key.proof 
322496     DEBUG main            d.u.i.k.p.i.IntermediateProofReplayer Proof replay took 37.11ms 
322497     DEBUG main            d.u.i.k.p.r.p.TestFile    ... success: reloaded. 
322498     INFO  main            d.u.i.k.p.r.p.TestFile    Now processing file /home/runner/work/key/key/key.core/../key.ui/examples/standard_key/inEqSimp/quadraticInEq10.key 
322498     INFO  main            d.u.i.k.p.i.AbstractProblemLoader Loading environment from /home/runner/work/key/key/key.core/../key.ui/examples/standard_key/inEqSimp/quadraticInEq10.key 
322498     DEBUG main            d.u.i.k.p.i.AbstractProblemLoader Environment load took 101.7ns 
322500     INFO  main            d.u.i.k.p.i.AbstractProblemLoader Creating init config 
325339     DEBUG main            d.u.i.k.p.i.AbstractProblemLoader Init config took 2.84s 
325355     INFO  main            d.u.i.k.p.i.AbstractProblemLoader Replaying proof quadraticInEq10.key 
325357     DEBUG main            d.u.i.k.p.i.IntermediateProofReplayer Proof replay took 3.7ns 
325560     INFO  main            d.u.i.k.p.r.p.TestFile    ... finished proof: closed. 
325980     INFO  main            d.u.i.k.p.i.AbstractProblemLoader Loading environment from /home/runner/work/key/key/key.core/../key.ui/examples/standard_key/inEqSimp/quadraticInEq10.key.proof 
325980     DEBUG main            d.u.i.k.p.i.AbstractProblemLoader Environment load took 109.7ns 
325981     INFO  main            d.u.i.k.p.i.AbstractProblemLoader Creating init config 
328761     DEBUG main            d.u.i.k.p.i.AbstractProblemLoader Init config took 2.78s 
328776     INFO  main            d.u.i.k.p.i.AbstractProblemLoader Replaying proof quadraticInEq10.key.proof 
328791     DEBUG main            d.u.i.k.p.i.IntermediateProofReplayer Proof replay took 11.44ms 
328792     DEBUG main            d.u.i.k.p.r.p.TestFile    ... success: reloaded. 
328793     INFO  main            d.u.i.k.p.r.p.TestFile    Now processing file /home/runner/work/key/key/key.core/../key.ui/examples/standard_key/inEqSimp/quadraticInEq13.key 
328793     INFO  main            d.u.i.k.p.i.AbstractProblemLoader Loading environment from /home/runner/work/key/key/key.core/../key.ui/examples/standard_key/inEqSimp/quadraticInEq13.key 
328793     DEBUG main            d.u.i.k.p.i.AbstractProblemLoader Environment load took 74.8ns 
328794     INFO  main            d.u.i.k.p.i.AbstractProblemLoader Creating init config 
331670     DEBUG main            d.u.i.k.p.i.AbstractProblemLoader Init config took 2.88s 
331685     INFO  main            d.u.i.k.p.i.AbstractProblemLoader Replaying proof quadraticInEq13.key 
331686     DEBUG main            d.u.i.k.p.i.IntermediateProofReplayer Proof replay took 3.5ns 
331990     INFO  main            d.u.i.k.p.r.p.TestFile    ... finished proof: closed. 
332455     INFO  main            d.u.i.k.p.i.AbstractProblemLoader Loading environment from /home/runner/work/key/key/key.core/../key.ui/examples/standard_key/inEqSimp/quadraticInEq13.key.proof 
332455     DEBUG main            d.u.i.k.p.i.AbstractProblemLoader Environment load took 241.1ns 
332456     INFO  main            d.u.i.k.p.i.AbstractProblemLoader Creating init config 
335202     DEBUG main            d.u.i.k.p.i.AbstractProblemLoader Init config took 2.75s 
335217     INFO  main            d.u.i.k.p.i.AbstractProblemLoader Replaying proof quadraticInEq13.key.proof 
335233     DEBUG main            d.u.i.k.p.i.IntermediateProofReplayer Proof replay took 13.27ms 
335234     DEBUG main            d.u.i.k.p.r.p.TestFile    ... success: reloaded. 
335235     INFO  main            d.u.i.k.p.r.p.TestFile    Now processing file /home/runner/work/key/key/key.core/../key.ui/examples/standard_key/inEqSimp/quadraticInEq14.key 
335236     INFO  main            d.u.i.k.p.i.AbstractProblemLoader Loading environment from /home/runner/work/key/key/key.core/../key.ui/examples/standard_key/inEqSimp/quadraticInEq14.key 
335236     DEBUG main            d.u.i.k.p.i.AbstractProblemLoader Environment load took 87.9ns 
335237     INFO  main            d.u.i.k.p.i.AbstractProblemLoader Creating init config 
337998     DEBUG main            d.u.i.k.p.i.AbstractProblemLoader Init config took 2.76s 
338013     INFO  main            d.u.i.k.p.i.AbstractProblemLoader Replaying proof quadraticInEq14.key 
338014     DEBUG main            d.u.i.k.p.i.IntermediateProofReplayer Proof replay took 3.1ns 
338319     INFO  main            d.u.i.k.p.r.p.TestFile    ... finished proof: closed. 
338768     INFO  main            d.u.i.k.p.i.AbstractProblemLoader Loading environment from /home/runner/work/key/key/key.core/../key.ui/examples/standard_key/inEqSimp/quadraticInEq14.key.proof 
338768     DEBUG main            d.u.i.k.p.i.AbstractProblemLoader Environment load took 109.2ns 
338769     INFO  main            d.u.i.k.p.i.AbstractProblemLoader Creating init config 
341538     DEBUG main            d.u.i.k.p.i.AbstractProblemLoader Init config took 2.77s 
341551     INFO  main            d.u.i.k.p.i.AbstractProblemLoader Replaying proof quadraticInEq14.key.proof 
341570     DEBUG main            d.u.i.k.p.i.IntermediateProofReplayer Proof replay took 15.45ms 
341571     DEBUG main            d.u.i.k.p.r.p.TestFile    ... success: reloaded. 
341572     INFO  main            d.u.i.k.p.r.p.TestFile    Now processing file /home/runner/work/key/key/key.core/../key.ui/examples/standard_key/inEqSimp/quadraticInEq2.key 
341573     INFO  main            d.u.i.k.p.i.AbstractProblemLoader Loading environment from /home/runner/work/key/key/key.core/../key.ui/examples/standard_key/inEqSimp/quadraticInEq2.key 
341573     DEBUG main            d.u.i.k.p.i.AbstractProblemLoader Environment load took 95.7ns 
341574     INFO  main            d.u.i.k.p.i.AbstractProblemLoader Creating init config 
344294     DEBUG main            d.u.i.k.p.i.AbstractProblemLoader Init config took 2.72s 
344308     INFO  main            d.u.i.k.p.i.AbstractProblemLoader Replaying proof quadraticInEq2.key 
344310     DEBUG main            d.u.i.k.p.i.IntermediateProofReplayer Proof replay took 2.8ns 
344413     INFO  main            d.u.i.k.p.r.p.TestFile    ... finished proof: closed. 
344850     INFO  main            d.u.i.k.p.i.AbstractProblemLoader Loading environment from /home/runner/work/key/key/key.core/../key.ui/examples/standard_key/inEqSimp/quadraticInEq2.key.proof 
344850     DEBUG main            d.u.i.k.p.i.AbstractProblemLoader Environment load took 111.5ns 
344851     INFO  main            d.u.i.k.p.i.AbstractProblemLoader Creating init config 
347557     DEBUG main            d.u.i.k.p.i.AbstractProblemLoader Init config took 2.71s 
347571     INFO  main            d.u.i.k.p.i.AbstractProblemLoader Replaying proof quadraticInEq2.key.proof 
347575     DEBUG main            d.u.i.k.p.i.IntermediateProofReplayer Proof replay took 2.17ms 
347576     DEBUG main            d.u.i.k.p.r.p.TestFile    ... success: reloaded. 
347576     INFO  main            d.u.i.k.p.r.p.TestFile    Now processing file /home/runner/work/key/key/key.core/../key.ui/examples/standard_key/inEqSimp/quadraticInEq3.key 
347577     INFO  main            d.u.i.k.p.i.AbstractProblemLoader Loading environment from /home/runner/work/key/key/key.core/../key.ui/examples/standard_key/inEqSimp/quadraticInEq3.key 
347577     DEBUG main            d.u.i.k.p.i.AbstractProblemLoader Environment load took 106.2ns 
347578     INFO  main            d.u.i.k.p.i.AbstractProblemLoader Creating init config 
350307     DEBUG main            d.u.i.k.p.i.AbstractProblemLoader Init config took 2.73s 
350322     INFO  main            d.u.i.k.p.i.AbstractProblemLoader Replaying proof quadraticInEq3.key 
350324     DEBUG main            d.u.i.k.p.i.IntermediateProofReplayer Proof replay took 3.1ns 
350427     INFO  main            d.u.i.k.p.r.p.TestFile    ... finished proof: closed. 
350832     INFO  main            d.u.i.k.p.i.AbstractProblemLoader Loading environment from /home/runner/work/key/key/key.core/../key.ui/examples/standard_key/inEqSimp/quadraticInEq3.key.proof 
350832     DEBUG main            d.u.i.k.p.i.AbstractProblemLoader Environment load took 161.4ns 
350833     INFO  main            d.u.i.k.p.i.AbstractProblemLoader Creating init config 
353520     DEBUG main            d.u.i.k.p.i.AbstractProblemLoader Init config took 2.69s 
353539     INFO  main            d.u.i.k.p.i.AbstractProblemLoader Replaying proof quadraticInEq3.key.proof 
353547     DEBUG main            d.u.i.k.p.i.IntermediateProofReplayer Proof replay took 6.15ms 
353547     DEBUG main            d.u.i.k.p.r.p.TestFile    ... success: reloaded. 
353549     INFO  main            d.u.i.k.p.r.p.TestFile    Now processing file /home/runner/work/key/key/key.core/../key.ui/examples/standard_key/inEqSimp/quadraticInEq4.key 
353549     INFO  main            d.u.i.k.p.i.AbstractProblemLoader Loading environment from /home/runner/work/key/key/key.core/../key.ui/examples/standard_key/inEqSimp/quadraticInEq4.key 
353549     DEBUG main            d.u.i.k.p.i.AbstractProblemLoader Environment load took 203.4ns 
353551     INFO  main            d.u.i.k.p.i.AbstractProblemLoader Creating init config 
356343     DEBUG main            d.u.i.k.p.i.AbstractProblemLoader Init config took 2.79s 
356358     INFO  main            d.u.i.k.p.i.AbstractProblemLoader Replaying proof quadraticInEq4.key 
356359     DEBUG main            d.u.i.k.p.i.IntermediateProofReplayer Proof replay took 3ns 
356461     INFO  main            d.u.i.k.p.r.p.TestFile    ... finished proof: closed. 
356889     INFO  main            d.u.i.k.p.i.AbstractProblemLoader Loading environment from /home/runner/work/key/key/key.core/../key.ui/examples/standard_key/inEqSimp/quadraticInEq4.key.proof 
356889     DEBUG main            d.u.i.k.p.i.AbstractProblemLoader Environment load took 93.8ns 
356890     INFO  main            d.u.i.k.p.i.AbstractProblemLoader Creating init config 
359638     DEBUG main            d.u.i.k.p.i.AbstractProblemLoader Init config took 2.75s 
359652     INFO  main            d.u.i.k.p.i.AbstractProblemLoader Replaying proof quadraticInEq4.key.proof 
359658     DEBUG main            d.u.i.k.p.i.IntermediateProofReplayer Proof replay took 3.84ms 
359659     DEBUG main            d.u.i.k.p.r.p.TestFile    ... success: reloaded. 
359660     INFO  main            d.u.i.k.p.r.p.TestFile    Now processing file /home/runner/work/key/key/key.core/../key.ui/examples/standard_key/inEqSimp/quadraticInEq5.key 
359660     INFO  main            d.u.i.k.p.i.AbstractProblemLoader Loading environment from /home/runner/work/key/key/key.core/../key.ui/examples/standard_key/inEqSimp/quadraticInEq5.key 
359660     DEBUG main            d.u.i.k.p.i.AbstractProblemLoader Environment load took 96.8ns 
359661     INFO  main            d.u.i.k.p.i.AbstractProblemLoader Creating init config 
362509     DEBUG main            d.u.i.k.p.i.AbstractProblemLoader Init config took 2.85s 
362524     INFO  main            d.u.i.k.p.i.AbstractProblemLoader Replaying proof quadraticInEq5.key 
362525     DEBUG main            d.u.i.k.p.i.IntermediateProofReplayer Proof replay took 3.6ns 
362627     INFO  main            d.u.i.k.p.r.p.TestFile    ... finished proof: closed. 
363071     INFO  main            d.u.i.k.p.i.AbstractProblemLoader Loading environment from /home/runner/work/key/key/key.core/../key.ui/examples/standard_key/inEqSimp/quadraticInEq5.key.proof 
363071     DEBUG main            d.u.i.k.p.i.AbstractProblemLoader Environment load took 109.5ns 
363072     INFO  main            d.u.i.k.p.i.AbstractProblemLoader Creating init config 
365876     DEBUG main            d.u.i.k.p.i.AbstractProblemLoader Init config took 2.8s 
365890     INFO  main            d.u.i.k.p.i.AbstractProblemLoader Replaying proof quadraticInEq5.key.proof 
365896     DEBUG main            d.u.i.k.p.i.IntermediateProofReplayer Proof replay took 3.99ms 
365897     DEBUG main            d.u.i.k.p.r.p.TestFile    ... success: reloaded. 
365897     INFO  main            d.u.i.k.p.r.p.TestFile    Now processing file /home/runner/work/key/key/key.core/../key.ui/examples/standard_key/inEqSimp/quadraticInEq6.key 
365898     INFO  main            d.u.i.k.p.i.AbstractProblemLoader Loading environment from /home/runner/work/key/key/key.core/../key.ui/examples/standard_key/inEqSimp/quadraticInEq6.key 
365898     DEBUG main            d.u.i.k.p.i.AbstractProblemLoader Environment load took 146.5ns 
365910     INFO  main            d.u.i.k.p.i.AbstractProblemLoader Creating init config 
368757     DEBUG main            d.u.i.k.p.i.AbstractProblemLoader Init config took 2.85s 
368771     INFO  main            d.u.i.k.p.i.AbstractProblemLoader Replaying proof quadraticInEq6.key 
368772     DEBUG main            d.u.i.k.p.i.IntermediateProofReplayer Proof replay took 2.9ns 
368875     INFO  main            d.u.i.k.p.r.p.TestFile    ... finished proof: closed. 
369346     INFO  main            d.u.i.k.p.i.AbstractProblemLoader Loading environment from /home/runner/work/key/key/key.core/../key.ui/examples/standard_key/inEqSimp/quadraticInEq6.key.proof 
369346     DEBUG main            d.u.i.k.p.i.AbstractProblemLoader Environment load took 105.7ns 
369347     INFO  main            d.u.i.k.p.i.AbstractProblemLoader Creating init config 
372173     DEBUG main            d.u.i.k.p.i.AbstractProblemLoader Init config took 2.83s 
372193     INFO  main            d.u.i.k.p.i.AbstractProblemLoader Replaying proof quadraticInEq6.key.proof 
372201     DEBUG main            d.u.i.k.p.i.IntermediateProofReplayer Proof replay took 5.44ms 
372202     DEBUG main            d.u.i.k.p.r.p.TestFile    ... success: reloaded. 
372204     INFO  main            d.u.i.k.p.r.p.TestFile    Now processing file /home/runner/work/key/key/key.core/../key.ui/examples/standard_key/inEqSimp/quadraticInEq7.key 
372204     INFO  main            d.u.i.k.p.i.AbstractProblemLoader Loading environment from /home/runner/work/key/key/key.core/../key.ui/examples/standard_key/inEqSimp/quadraticInEq7.key 
372205     DEBUG main            d.u.i.k.p.i.AbstractProblemLoader Environment load took 241.5ns 
372206     INFO  main            d.u.i.k.p.i.AbstractProblemLoader Creating init config 
375096     DEBUG main            d.u.i.k.p.i.AbstractProblemLoader Init config took 2.89s 
375110     INFO  main            d.u.i.k.p.i.AbstractProblemLoader Replaying proof quadraticInEq7.key 
375111     DEBUG main            d.u.i.k.p.i.IntermediateProofReplayer Proof replay took 11.7ns 
375213     INFO  main            d.u.i.k.p.r.p.TestFile    ... finished proof: closed. 
375671     INFO  main            d.u.i.k.p.i.AbstractProblemLoader Loading environment from /home/runner/work/key/key/key.core/../key.ui/examples/standard_key/inEqSimp/quadraticInEq7.key.proof 
375671     DEBUG main            d.u.i.k.p.i.AbstractProblemLoader Environment load took 107.8ns 
375673     INFO  main            d.u.i.k.p.i.AbstractProblemLoader Creating init config 
378433     DEBUG main            d.u.i.k.p.i.AbstractProblemLoader Init config took 2.76s 
378447     INFO  main            d.u.i.k.p.i.AbstractProblemLoader Replaying proof quadraticInEq7.key.proof 
378450     DEBUG main            d.u.i.k.p.i.IntermediateProofReplayer Proof replay took 1.87ms 
378451     DEBUG main            d.u.i.k.p.r.p.TestFile    ... success: reloaded. 
378452     INFO  main            d.u.i.k.p.r.p.TestFile    Now processing file /home/runner/work/key/key/key.core/../key.ui/examples/standard_key/inEqSimp/quadraticInEq8.key 
378452     INFO  main            d.u.i.k.p.i.AbstractProblemLoader Loading environment from /home/runner/work/key/key/key.core/../key.ui/examples/standard_key/inEqSimp/quadraticInEq8.key 
378453     DEBUG main            d.u.i.k.p.i.AbstractProblemLoader Environment load took 93.3ns 
378454     INFO  main            d.u.i.k.p.i.AbstractProblemLoader Creating init config 
381334     DEBUG main            d.u.i.k.p.i.AbstractProblemLoader Init config took 2.88s 
381348     INFO  main            d.u.i.k.p.i.AbstractProblemLoader Replaying proof quadraticInEq8.key 
381349     DEBUG main            d.u.i.k.p.i.IntermediateProofReplayer Proof replay took 3.4ns 
381451     INFO  main            d.u.i.k.p.r.p.TestFile    ... finished proof: closed. 
381916     INFO  main            d.u.i.k.p.i.AbstractProblemLoader Loading environment from /home/runner/work/key/key/key.core/../key.ui/examples/standard_key/inEqSimp/quadraticInEq8.key.proof 
381917     DEBUG main            d.u.i.k.p.i.AbstractProblemLoader Environment load took 595.9ns 
381918     INFO  main            d.u.i.k.p.i.AbstractProblemLoader Creating init config 
384697     DEBUG main            d.u.i.k.p.i.AbstractProblemLoader Init config took 2.78s 
384711     INFO  main            d.u.i.k.p.i.AbstractProblemLoader Replaying proof quadraticInEq8.key.proof 
384720     DEBUG main            d.u.i.k.p.i.IntermediateProofReplayer Proof replay took 6ms 
384720     DEBUG main            d.u.i.k.p.r.p.TestFile    ... success: reloaded. 
384721     INFO  main            d.u.i.k.p.r.p.TestFile    Now processing file /home/runner/work/key/key/key.core/../key.ui/examples/standard_key/inEqSimp/simplify0.key 
384722     INFO  main            d.u.i.k.p.i.AbstractProblemLoader Loading environment from /home/runner/work/key/key/key.core/../key.ui/examples/standard_key/inEqSimp/simplify0.key 
384722     DEBUG main            d.u.i.k.p.i.AbstractProblemLoader Environment load took 118.4ns 
384723     INFO  main            d.u.i.k.p.i.AbstractProblemLoader Creating init config 
387548     DEBUG main            d.u.i.k.p.i.AbstractProblemLoader Init config took 2.82s 
387564     INFO  main            d.u.i.k.p.i.AbstractProblemLoader Replaying proof simplify0.key 
387565     DEBUG main            d.u.i.k.p.i.IntermediateProofReplayer Proof replay took 2.8ns 
387667     INFO  main            d.u.i.k.p.r.p.TestFile    ... finished proof: closed. 
388152     INFO  main            d.u.i.k.p.i.AbstractProblemLoader Loading environment from /home/runner/work/key/key/key.core/../key.ui/examples/standard_key/inEqSimp/simplify0.key.proof 
388152     DEBUG main            d.u.i.k.p.i.AbstractProblemLoader Environment load took 138.5ns 
388155     INFO  main            d.u.i.k.p.i.AbstractProblemLoader Creating init config 
391033     DEBUG main            d.u.i.k.p.i.AbstractProblemLoader Init config took 2.88s 
391049     INFO  main            d.u.i.k.p.i.AbstractProblemLoader Replaying proof simplify0.key.proof 
391053     DEBUG main            d.u.i.k.p.i.IntermediateProofReplayer Proof replay took 1.59ms 
391054     DEBUG main            d.u.i.k.p.r.p.TestFile    ... success: reloaded. 
391055     INFO  main            d.u.i.k.p.r.p.TestFile    Now processing file /home/runner/work/key/key/key.core/../key.ui/examples/standard_key/inEqSimp/simplify1.key 
391055     INFO  main            d.u.i.k.p.i.AbstractProblemLoader Loading environment from /home/runner/work/key/key/key.core/../key.ui/examples/standard_key/inEqSimp/simplify1.key 
391055     DEBUG main            d.u.i.k.p.i.AbstractProblemLoader Environment load took 58.7ns 
391056     INFO  main            d.u.i.k.p.i.AbstractProblemLoader Creating init config 
393895     DEBUG main            d.u.i.k.p.i.AbstractProblemLoader Init config took 2.84s 
393910     INFO  main            d.u.i.k.p.i.AbstractProblemLoader Replaying proof simplify1.key 
393911     DEBUG main            d.u.i.k.p.i.IntermediateProofReplayer Proof replay took 3.3ns 
394013     INFO  main            d.u.i.k.p.r.p.TestFile    ... finished proof: closed. 
394484     INFO  main            d.u.i.k.p.i.AbstractProblemLoader Loading environment from /home/runner/work/key/key/key.core/../key.ui/examples/standard_key/inEqSimp/simplify1.key.proof 
394484     DEBUG main            d.u.i.k.p.i.AbstractProblemLoader Environment load took 145.3ns 
394485     INFO  main            d.u.i.k.p.i.AbstractProblemLoader Creating init config 
397279     DEBUG main            d.u.i.k.p.i.AbstractProblemLoader Init config took 2.79s 
397293     INFO  main            d.u.i.k.p.i.AbstractProblemLoader Replaying proof simplify1.key.proof 
397296     DEBUG main            d.u.i.k.p.i.IntermediateProofReplayer Proof replay took 1.07ms 
397297     DEBUG main            d.u.i.k.p.r.p.TestFile    ... success: reloaded. 
397297     INFO  main            d.u.i.k.p.r.p.TestFile    Now processing file /home/runner/work/key/key/key.core/../key.ui/examples/standard_key/inEqSimp/simplify2.key 
397298     INFO  main            d.u.i.k.p.i.AbstractProblemLoader Loading environment from /home/runner/work/key/key/key.core/../key.ui/examples/standard_key/inEqSimp/simplify2.key 
397298     DEBUG main            d.u.i.k.p.i.AbstractProblemLoader Environment load took 59.4ns 
397299     INFO  main            d.u.i.k.p.i.AbstractProblemLoader Creating init config 
400042     DEBUG main            d.u.i.k.p.i.AbstractProblemLoader Init config took 2.74s 
400059     INFO  main            d.u.i.k.p.i.AbstractProblemLoader Replaying proof simplify2.key 
400060     DEBUG main            d.u.i.k.p.i.IntermediateProofReplayer Proof replay took 3.5ns 
400262     INFO  main            d.u.i.k.p.r.p.TestFile    ... finished proof: closed. 
400708     INFO  main            d.u.i.k.p.i.AbstractProblemLoader Loading environment from /home/runner/work/key/key/key.core/../key.ui/examples/standard_key/inEqSimp/simplify2.key.proof 
400708     DEBUG main            d.u.i.k.p.i.AbstractProblemLoader Environment load took 105.7ns 
400712     INFO  main            d.u.i.k.p.i.AbstractProblemLoader Creating init config 
403307     DEBUG main            d.u.i.k.p.i.AbstractProblemLoader Init config took 2.6s 
403321     INFO  main            d.u.i.k.p.i.AbstractProblemLoader Replaying proof simplify2.key.proof 
403330     DEBUG main            d.u.i.k.p.i.IntermediateProofReplayer Proof replay took 7.48ms 
403331     DEBUG main            d.u.i.k.p.r.p.TestFile    ... success: reloaded. 
403332     INFO  main            d.u.i.k.p.r.p.TestFile    Now processing file /home/runner/work/key/key/key.core/../key.ui/examples/standard_key/inEqSimp/simplify3.key 
403332     INFO  main            d.u.i.k.p.i.AbstractProblemLoader Loading environment from /home/runner/work/key/key/key.core/../key.ui/examples/standard_key/inEqSimp/simplify3.key 
403332     DEBUG main            d.u.i.k.p.i.AbstractProblemLoader Environment load took 55.5ns 
403334     INFO  main            d.u.i.k.p.i.AbstractProblemLoader Creating init config 
405956     DEBUG main            d.u.i.k.p.i.AbstractProblemLoader Init config took 2.62s 
405970     INFO  main            d.u.i.k.p.i.AbstractProblemLoader Replaying proof simplify3.key 
405971     DEBUG main            d.u.i.k.p.i.IntermediateProofReplayer Proof replay took 2.9ns 
406073     INFO  main            d.u.i.k.p.r.p.TestFile    ... finished proof: closed. 
406535     INFO  main            d.u.i.k.p.i.AbstractProblemLoader Loading environment from /home/runner/work/key/key/key.core/../key.ui/examples/standard_key/inEqSimp/simplify3.key.proof 
406535     DEBUG main            d.u.i.k.p.i.AbstractProblemLoader Environment load took 94.8ns 
406536     INFO  main            d.u.i.k.p.i.AbstractProblemLoader Creating init config 
409173     DEBUG main            d.u.i.k.p.i.AbstractProblemLoader Init config took 2.64s 
409187     INFO  main            d.u.i.k.p.i.AbstractProblemLoader Replaying proof simplify3.key.proof 
409191     DEBUG main            d.u.i.k.p.i.IntermediateProofReplayer Proof replay took 1.75ms 
409192     DEBUG main            d.u.i.k.p.r.p.TestFile    ... success: reloaded. 
409193     INFO  main            d.u.i.k.p.r.p.TestFile    Now processing file /home/runner/work/key/key/key.core/../key.ui/examples/standard_key/inEqSimp/simplify4.key 
409193     INFO  main            d.u.i.k.p.i.AbstractProblemLoader Loading environment from /home/runner/work/key/key/key.core/../key.ui/examples/standard_key/inEqSimp/simplify4.key 
409193     DEBUG main            d.u.i.k.p.i.AbstractProblemLoader Environment load took 204.5ns 
409194     INFO  main            d.u.i.k.p.i.AbstractProblemLoader Creating init config 
411940     DEBUG main            d.u.i.k.p.i.AbstractProblemLoader Init config took 2.75s 
411957     INFO  main            d.u.i.k.p.i.AbstractProblemLoader Replaying proof simplify4.key 
411958     DEBUG main            d.u.i.k.p.i.IntermediateProofReplayer Proof replay took 3ns 
412061     INFO  main            d.u.i.k.p.r.p.TestFile    ... finished proof: closed. 
412565     INFO  main            d.u.i.k.p.i.AbstractProblemLoader Loading environment from /home/runner/work/key/key/key.core/../key.ui/examples/standard_key/inEqSimp/simplify4.key.proof 
412565     DEBUG main            d.u.i.k.p.i.AbstractProblemLoader Environment load took 107.6ns 
412566     INFO  main            d.u.i.k.p.i.AbstractProblemLoader Creating init config 
415327     DEBUG main            d.u.i.k.p.i.AbstractProblemLoader Init config took 2.76s 
415343     INFO  main            d.u.i.k.p.i.AbstractProblemLoader Replaying proof simplify4.key.proof 
415355     DEBUG main            d.u.i.k.p.i.IntermediateProofReplayer Proof replay took 6.41ms 
415356     DEBUG main            d.u.i.k.p.r.p.TestFile    ... success: reloaded. 
415357     INFO  main            d.u.i.k.p.r.p.TestFile    Now processing file /home/runner/work/key/key/key.core/../key.ui/examples/standard_key/inEqSimp/simplify5.key 
415357     INFO  main            d.u.i.k.p.i.AbstractProblemLoader Loading environment from /home/runner/work/key/key/key.core/../key.ui/examples/standard_key/inEqSimp/simplify5.key 
415357     DEBUG main            d.u.i.k.p.i.AbstractProblemLoader Environment load took 130ns 
415358     INFO  main            d.u.i.k.p.i.AbstractProblemLoader Creating init config 
418262     DEBUG main            d.u.i.k.p.i.AbstractProblemLoader Init config took 2.9s 
418278     INFO  main            d.u.i.k.p.i.AbstractProblemLoader Replaying proof simplify5.key 
418280     DEBUG main            d.u.i.k.p.i.IntermediateProofReplayer Proof replay took 3.9ns 
418885     INFO  main            d.u.i.k.p.r.p.TestFile    ... finished proof: closed. 
419382     INFO  main            d.u.i.k.p.i.AbstractProblemLoader Loading environment from /home/runner/work/key/key/key.core/../key.ui/examples/standard_key/inEqSimp/simplify5.key.proof 
419382     DEBUG main            d.u.i.k.p.i.AbstractProblemLoader Environment load took 100.8ns 
419383     INFO  main            d.u.i.k.p.i.AbstractProblemLoader Creating init config 
422146     DEBUG main            d.u.i.k.p.i.AbstractProblemLoader Init config took 2.76s 
422162     INFO  main            d.u.i.k.p.i.AbstractProblemLoader Replaying proof simplify5.key.proof 
422212     DEBUG main            d.u.i.k.p.i.IntermediateProofReplayer Proof replay took 45.27ms 
422213     DEBUG main            d.u.i.k.p.r.p.TestFile    ... success: reloaded. 
422214     INFO  main            d.u.i.k.p.r.p.TestFile    Now processing file /home/runner/work/key/key/key.core/../key.ui/examples/standard_key/inEqSimp/subsumptionExample.key 
422214     INFO  main            d.u.i.k.p.i.AbstractProblemLoader Loading environment from /home/runner/work/key/key/key.core/../key.ui/examples/standard_key/inEqSimp/subsumptionExample.key 
422214     DEBUG main            d.u.i.k.p.i.AbstractProblemLoader Environment load took 88.6ns 
422215     INFO  main            d.u.i.k.p.i.AbstractProblemLoader Creating init config 
424900     DEBUG main            d.u.i.k.p.i.AbstractProblemLoader Init config took 2.68s 
424913     INFO  main            d.u.i.k.p.i.AbstractProblemLoader Replaying proof subsumptionExample.key 
424915     DEBUG main            d.u.i.k.p.i.IntermediateProofReplayer Proof replay took 4ns 
425017     INFO  main            d.u.i.k.p.r.p.TestFile    ... finished proof: closed. 
425529     INFO  main            d.u.i.k.p.i.AbstractProblemLoader Loading environment from /home/runner/work/key/key/key.core/../key.ui/examples/standard_key/inEqSimp/subsumptionExample.key.proof 
425529     DEBUG main            d.u.i.k.p.i.AbstractProblemLoader Environment load took 99.2ns 
425530     INFO  main            d.u.i.k.p.i.AbstractProblemLoader Creating init config 
428218     DEBUG main            d.u.i.k.p.i.AbstractProblemLoader Init config took 2.69s 
428234     INFO  main            d.u.i.k.p.i.AbstractProblemLoader Replaying proof subsumptionExample.key.proof 
428237     DEBUG main            d.u.i.k.p.i.IntermediateProofReplayer Proof replay took 881.6ns 
428237     DEBUG main            d.u.i.k.p.r.p.TestFile    ... success: reloaded. 
428238     INFO  main            d.u.i.k.p.r.p.TestFile    Now processing file /home/runner/work/key/key/key.core/../key.ui/examples/standard_key/polySimp/simplify0.key 
428238     INFO  main            d.u.i.k.p.i.AbstractProblemLoader Loading environment from /home/runner/work/key/key/key.core/../key.ui/examples/standard_key/polySimp/simplify0.key 
428238     DEBUG main            d.u.i.k.p.i.AbstractProblemLoader Environment load took 56.3ns 
428239     INFO  main            d.u.i.k.p.i.AbstractProblemLoader Creating init config 
430912     DEBUG main            d.u.i.k.p.i.AbstractProblemLoader Init config took 2.67s 
430932     INFO  main            d.u.i.k.p.i.AbstractProblemLoader Replaying proof simplify0.key 
430934     DEBUG main            d.u.i.k.p.i.IntermediateProofReplayer Proof replay took 3.3ns 
431136     INFO  main            d.u.i.k.p.r.p.TestFile    ... finished proof: closed. 
431673     INFO  main            d.u.i.k.p.i.AbstractProblemLoader Loading environment from /home/runner/work/key/key/key.core/../key.ui/examples/standard_key/polySimp/simplify0.key.proof 
431673     DEBUG main            d.u.i.k.p.i.AbstractProblemLoader Environment load took 113.3ns 
431674     INFO  main            d.u.i.k.p.i.AbstractProblemLoader Creating init config 
434366     DEBUG main            d.u.i.k.p.i.AbstractProblemLoader Init config took 2.69s 
434381     INFO  main            d.u.i.k.p.i.AbstractProblemLoader Replaying proof simplify0.key.proof 
434394     DEBUG main            d.u.i.k.p.i.IntermediateProofReplayer Proof replay took 6.02ms 
434395     DEBUG main            d.u.i.k.p.r.p.TestFile    ... success: reloaded. 
434396     INFO  main            d.u.i.k.p.r.p.TestFile    Now processing file /home/runner/work/key/key/key.core/../key.ui/examples/standard_key/polySimp/simplify1.key 
434397     INFO  main            d.u.i.k.p.i.AbstractProblemLoader Loading environment from /home/runner/work/key/key/key.core/../key.ui/examples/standard_key/polySimp/simplify1.key 
434397     DEBUG main            d.u.i.k.p.i.AbstractProblemLoader Environment load took 69.1ns 
434399     INFO  main            d.u.i.k.p.i.AbstractProblemLoader Creating init config 
437214     DEBUG main            d.u.i.k.p.i.AbstractProblemLoader Init config took 2.81s 
437229     INFO  main            d.u.i.k.p.i.AbstractProblemLoader Replaying proof simplify1.key 
437233     DEBUG main            d.u.i.k.p.i.IntermediateProofReplayer Proof replay took 4.1ns 
437637     INFO  main            d.u.i.k.p.r.p.TestFile    ... finished proof: closed. 
438159     INFO  main            d.u.i.k.p.i.AbstractProblemLoader Loading environment from /home/runner/work/key/key/key.core/../key.ui/examples/standard_key/polySimp/simplify1.key.proof 
438159     DEBUG main            d.u.i.k.p.i.AbstractProblemLoader Environment load took 89.9ns 
438160     INFO  main            d.u.i.k.p.i.AbstractProblemLoader Creating init config 
440846     DEBUG main            d.u.i.k.p.i.AbstractProblemLoader Init config took 2.69s 
440860     INFO  main            d.u.i.k.p.i.AbstractProblemLoader Replaying proof simplify1.key.proof 
440871     DEBUG main            d.u.i.k.p.i.IntermediateProofReplayer Proof replay took 8.69ms 
440872     DEBUG main            d.u.i.k.p.r.p.TestFile    ... success: reloaded. 
440872     INFO  main            d.u.i.k.p.r.p.TestFile    Now processing file /home/runner/work/key/key/key.core/../key.ui/examples/standard_key/polySimp/simplify10.key 
440872     INFO  main            d.u.i.k.p.i.AbstractProblemLoader Loading environment from /home/runner/work/key/key/key.core/../key.ui/examples/standard_key/polySimp/simplify10.key 
440872     DEBUG main            d.u.i.k.p.i.AbstractProblemLoader Environment load took 52.3ns 
440874     INFO  main            d.u.i.k.p.i.AbstractProblemLoader Creating init config 
443545     DEBUG main            d.u.i.k.p.i.AbstractProblemLoader Init config took 2.67s 
443561     INFO  main            d.u.i.k.p.i.AbstractProblemLoader Replaying proof simplify10.key 
443562     DEBUG main            d.u.i.k.p.i.IntermediateProofReplayer Proof replay took 3.4ns 
443865     INFO  main            d.u.i.k.p.r.p.TestFile    ... finished proof: closed. 
444419     INFO  main            d.u.i.k.p.i.AbstractProblemLoader Loading environment from /home/runner/work/key/key/key.core/../key.ui/examples/standard_key/polySimp/simplify10.key.proof 
444419     DEBUG main            d.u.i.k.p.i.AbstractProblemLoader Environment load took 106ns 
444421     INFO  main            d.u.i.k.p.i.AbstractProblemLoader Creating init config 
447076     DEBUG main            d.u.i.k.p.i.AbstractProblemLoader Init config took 2.66s 
447091     INFO  main            d.u.i.k.p.i.AbstractProblemLoader Replaying proof simplify10.key.proof 
447104     DEBUG main            d.u.i.k.p.i.IntermediateProofReplayer Proof replay took 10.41ms 
447105     DEBUG main            d.u.i.k.p.r.p.TestFile    ... success: reloaded. 
447105     INFO  main            d.u.i.k.p.r.p.TestFile    Now processing file /home/runner/work/key/key/key.core/../key.ui/examples/standard_key/polySimp/simplify11.key 
447106     INFO  main            d.u.i.k.p.i.AbstractProblemLoader Loading environment from /home/runner/work/key/key/key.core/../key.ui/examples/standard_key/polySimp/simplify11.key 
447106     DEBUG main            d.u.i.k.p.i.AbstractProblemLoader Environment load took 71.6ns 
447107     INFO  main            d.u.i.k.p.i.AbstractProblemLoader Creating init config 
449755     DEBUG main            d.u.i.k.p.i.AbstractProblemLoader Init config took 2.65s 
449770     INFO  main            d.u.i.k.p.i.AbstractProblemLoader Replaying proof simplify11.key 
449772     DEBUG main            d.u.i.k.p.i.IntermediateProofReplayer Proof replay took 3.1ns 
450075     INFO  main            d.u.i.k.p.r.p.TestFile    ... finished proof: closed. 
450625     INFO  main            d.u.i.k.p.i.AbstractProblemLoader Loading environment from /home/runner/work/key/key/key.core/../key.ui/examples/standard_key/polySimp/simplify11.key.proof 
450625     DEBUG main            d.u.i.k.p.i.AbstractProblemLoader Environment load took 78.8ns 
450626     INFO  main            d.u.i.k.p.i.AbstractProblemLoader Creating init config 
453300     DEBUG main            d.u.i.k.p.i.AbstractProblemLoader Init config took 2.67s 
453314     INFO  main            d.u.i.k.p.i.AbstractProblemLoader Replaying proof simplify11.key.proof 
453327     DEBUG main            d.u.i.k.p.i.IntermediateProofReplayer Proof replay took 10.17ms 
453328     DEBUG main            d.u.i.k.p.r.p.TestFile    ... success: reloaded. 
453329     INFO  main            d.u.i.k.p.r.p.TestFile    Now processing file /home/runner/work/key/key/key.core/../key.ui/examples/standard_key/polySimp/simplify12.key 
453329     INFO  main            d.u.i.k.p.i.AbstractProblemLoader Loading environment from /home/runner/work/key/key/key.core/../key.ui/examples/standard_key/polySimp/simplify12.key 
453329     DEBUG main            d.u.i.k.p.i.AbstractProblemLoader Environment load took 52.5ns 
453331     INFO  main            d.u.i.k.p.i.AbstractProblemLoader Creating init config 
455878     DEBUG main            d.u.i.k.p.i.AbstractProblemLoader Init config took 2.55s 
455891     INFO  main            d.u.i.k.p.i.AbstractProblemLoader Replaying proof simplify12.key 
455893     DEBUG main            d.u.i.k.p.i.IntermediateProofReplayer Proof replay took 3.3ns 
455994     INFO  main            d.u.i.k.p.r.p.TestFile    ... finished proof: closed. 
456533     INFO  main            d.u.i.k.p.i.AbstractProblemLoader Loading environment from /home/runner/work/key/key/key.core/../key.ui/examples/standard_key/polySimp/simplify12.key.proof 
456533     DEBUG main            d.u.i.k.p.i.AbstractProblemLoader Environment load took 91.9ns 
456534     INFO  main            d.u.i.k.p.i.AbstractProblemLoader Creating init config 
459094     DEBUG main            d.u.i.k.p.i.AbstractProblemLoader Init config took 2.56s 
459109     INFO  main            d.u.i.k.p.i.AbstractProblemLoader Replaying proof simplify12.key.proof 
459117     DEBUG main            d.u.i.k.p.i.IntermediateProofReplayer Proof replay took 5.47ms 
459118     DEBUG main            d.u.i.k.p.r.p.TestFile    ... success: reloaded. 
459119     INFO  main            d.u.i.k.p.r.p.TestFile    Now processing file /home/runner/work/key/key/key.core/../key.ui/examples/standard_key/polySimp/simplify13.key 
459119     INFO  main            d.u.i.k.p.i.AbstractProblemLoader Loading environment from /home/runner/work/key/key/key.core/../key.ui/examples/standard_key/polySimp/simplify13.key 
459119     DEBUG main            d.u.i.k.p.i.AbstractProblemLoader Environment load took 72.8ns 
459120     INFO  main            d.u.i.k.p.i.AbstractProblemLoader Creating init config 
461755     DEBUG main            d.u.i.k.p.i.AbstractProblemLoader Init config took 2.64s 
461770     INFO  main            d.u.i.k.p.i.AbstractProblemLoader Replaying proof simplify13.key 
461771     DEBUG main            d.u.i.k.p.i.IntermediateProofReplayer Proof replay took 3.8ns 
461873     INFO  main            d.u.i.k.p.r.p.TestFile    ... finished proof: closed. 
462386     INFO  main            d.u.i.k.p.i.AbstractProblemLoader Loading environment from /home/runner/work/key/key/key.core/../key.ui/examples/standard_key/polySimp/simplify13.key.proof 
462386     DEBUG main            d.u.i.k.p.i.AbstractProblemLoader Environment load took 90.9ns 
462387     INFO  main            d.u.i.k.p.i.AbstractProblemLoader Creating init config 
464854     DEBUG main            d.u.i.k.p.i.AbstractProblemLoader Init config took 2.47s 
464869     INFO  main            d.u.i.k.p.i.AbstractProblemLoader Replaying proof simplify13.key.proof 
464873     DEBUG main            d.u.i.k.p.i.IntermediateProofReplayer Proof replay took 2.95ms 
464874     DEBUG main            d.u.i.k.p.r.p.TestFile    ... success: reloaded. 
464874     INFO  main            d.u.i.k.p.r.p.TestFile    Now processing file /home/runner/work/key/key/key.core/../key.ui/examples/standard_key/polySimp/simplify14.key 
464875     INFO  main            d.u.i.k.p.i.AbstractProblemLoader Loading environment from /home/runner/work/key/key/key.core/../key.ui/examples/standard_key/polySimp/simplify14.key 
464875     DEBUG main            d.u.i.k.p.i.AbstractProblemLoader Environment load took 52.1ns 
464876     INFO  main            d.u.i.k.p.i.AbstractProblemLoader Creating init config 
467408     DEBUG main            d.u.i.k.p.i.AbstractProblemLoader Init config took 2.53s 
467422     INFO  main            d.u.i.k.p.i.AbstractProblemLoader Replaying proof simplify14.key 
467424     DEBUG main            d.u.i.k.p.i.IntermediateProofReplayer Proof replay took 3.8ns 
467526     INFO  main            d.u.i.k.p.r.p.TestFile    ... finished proof: closed. 
468027     INFO  main            d.u.i.k.p.i.AbstractProblemLoader Loading environment from /home/runner/work/key/key/key.core/../key.ui/examples/standard_key/polySimp/simplify14.key.proof 
468027     DEBUG main            d.u.i.k.p.i.AbstractProblemLoader Environment load took 74.6ns 
468028     INFO  main            d.u.i.k.p.i.AbstractProblemLoader Creating init config 
470466     DEBUG main            d.u.i.k.p.i.AbstractProblemLoader Init config took 2.44s 
470480     INFO  main            d.u.i.k.p.i.AbstractProblemLoader Replaying proof simplify14.key.proof 
470482     DEBUG main            d.u.i.k.p.i.IntermediateProofReplayer Proof replay took 519.3ns 
470482     DEBUG main            d.u.i.k.p.r.p.TestFile    ... success: reloaded. 
470483     INFO  main            d.u.i.k.p.r.p.TestFile    Now processing file /home/runner/work/key/key/key.core/../key.ui/examples/standard_key/polySimp/simplify15.key 
470483     INFO  main            d.u.i.k.p.i.AbstractProblemLoader Loading environment from /home/runner/work/key/key/key.core/../key.ui/examples/standard_key/polySimp/simplify15.key 
470483     DEBUG main            d.u.i.k.p.i.AbstractProblemLoader Environment load took 81.5ns 
470484     INFO  main            d.u.i.k.p.i.AbstractProblemLoader Creating init config 
472926     DEBUG main            d.u.i.k.p.i.AbstractProblemLoader Init config took 2.44s 
472939     INFO  main            d.u.i.k.p.i.AbstractProblemLoader Replaying proof simplify15.key 
472940     DEBUG main            d.u.i.k.p.i.IntermediateProofReplayer Proof replay took 19.2ns 
473041     INFO  main            d.u.i.k.p.r.p.TestFile    ... finished proof: closed. 
473565     INFO  main            d.u.i.k.p.i.AbstractProblemLoader Loading environment from /home/runner/work/key/key/key.core/../key.ui/examples/standard_key/polySimp/simplify15.key.proof 
473565     DEBUG main            d.u.i.k.p.i.AbstractProblemLoader Environment load took 77.2ns 
473566     INFO  main            d.u.i.k.p.i.AbstractProblemLoader Creating init config 
475994     DEBUG main            d.u.i.k.p.i.AbstractProblemLoader Init config took 2.43s 
476008     INFO  main            d.u.i.k.p.i.AbstractProblemLoader Replaying proof simplify15.key.proof 
476010     DEBUG main            d.u.i.k.p.i.IntermediateProofReplayer Proof replay took 367.8ns 
476010     DEBUG main            d.u.i.k.p.r.p.TestFile    ... success: reloaded. 
476011     INFO  main            d.u.i.k.p.r.p.TestFile    Now processing file /home/runner/work/key/key/key.core/../key.ui/examples/standard_key/polySimp/simplify16.key 
476011     INFO  main            d.u.i.k.p.i.AbstractProblemLoader Loading environment from /home/runner/work/key/key/key.core/../key.ui/examples/standard_key/polySimp/simplify16.key 
476011     DEBUG main            d.u.i.k.p.i.AbstractProblemLoader Environment load took 72.2ns 
476012     INFO  main            d.u.i.k.p.i.AbstractProblemLoader Creating init config 
478504     DEBUG main            d.u.i.k.p.i.AbstractProblemLoader Init config took 2.49s 
478517     INFO  main            d.u.i.k.p.i.AbstractProblemLoader Replaying proof simplify16.key 
478518     DEBUG main            d.u.i.k.p.i.IntermediateProofReplayer Proof replay took 2.9ns 
478622     INFO  main            d.u.i.k.p.r.p.TestFile    ... finished proof: closed. 
479154     INFO  main            d.u.i.k.p.i.AbstractProblemLoader Loading environment from /home/runner/work/key/key/key.core/../key.ui/examples/standard_key/polySimp/simplify16.key.proof 
479154     DEBUG main            d.u.i.k.p.i.AbstractProblemLoader Environment load took 76.9ns 
479155     INFO  main            d.u.i.k.p.i.AbstractProblemLoader Creating init config 
481621     DEBUG main            d.u.i.k.p.i.AbstractProblemLoader Init config took 2.47s 
481634     INFO  main            d.u.i.k.p.i.AbstractProblemLoader Replaying proof simplify16.key.proof 
481635     DEBUG main            d.u.i.k.p.i.IntermediateProofReplayer Proof replay took 240.3ns 
481636     DEBUG main            d.u.i.k.p.r.p.TestFile    ... success: reloaded. 
481636     INFO  main            d.u.i.k.p.r.p.TestFile    Now processing file /home/runner/work/key/key/key.core/../key.ui/examples/standard_key/polySimp/simplify17.key 
481636     INFO  main            d.u.i.k.p.i.AbstractProblemLoader Loading environment from /home/runner/work/key/key/key.core/../key.ui/examples/standard_key/polySimp/simplify17.key 
481636     DEBUG main            d.u.i.k.p.i.AbstractProblemLoader Environment load took 46.7ns 
481637     INFO  main            d.u.i.k.p.i.AbstractProblemLoader Creating init config 
484091     DEBUG main            d.u.i.k.p.i.AbstractProblemLoader Init config took 2.45s 
484103     INFO  main            d.u.i.k.p.i.AbstractProblemLoader Replaying proof simplify17.key 
484105     DEBUG main            d.u.i.k.p.i.IntermediateProofReplayer Proof replay took 3.1ns 
484209     INFO  main            d.u.i.k.p.r.p.TestFile    ... finished proof: closed. 
484737     INFO  main            d.u.i.k.p.i.AbstractProblemLoader Loading environment from /home/runner/work/key/key/key.core/../key.ui/examples/standard_key/polySimp/simplify17.key.proof 
484737     DEBUG main            d.u.i.k.p.i.AbstractProblemLoader Environment load took 81.8ns 
484738     INFO  main            d.u.i.k.p.i.AbstractProblemLoader Creating init config 
487222     DEBUG main            d.u.i.k.p.i.AbstractProblemLoader Init config took 2.48s 
487237     INFO  main            d.u.i.k.p.i.AbstractProblemLoader Replaying proof simplify17.key.proof 
487243     DEBUG main            d.u.i.k.p.i.IntermediateProofReplayer Proof replay took 4.14ms 
487244     DEBUG main            d.u.i.k.p.r.p.TestFile    ... success: reloaded. 
487244     INFO  main            d.u.i.k.p.r.p.TestFile    Now processing file /home/runner/work/key/key/key.core/../key.ui/examples/standard_key/polySimp/simplify18.key 
487244     INFO  main            d.u.i.k.p.i.AbstractProblemLoader Loading environment from /home/runner/work/key/key/key.core/../key.ui/examples/standard_key/polySimp/simplify18.key 
487245     DEBUG main            d.u.i.k.p.i.AbstractProblemLoader Environment load took 79.3ns 
487245     INFO  main            d.u.i.k.p.i.AbstractProblemLoader Creating init config 
489825     DEBUG main            d.u.i.k.p.i.AbstractProblemLoader Init config took 2.58s 
489839     INFO  main            d.u.i.k.p.i.AbstractProblemLoader Replaying proof simplify18.key 
489840     DEBUG main            d.u.i.k.p.i.IntermediateProofReplayer Proof replay took 3ns 
490042     INFO  main            d.u.i.k.p.r.p.TestFile    ... finished proof: closed. 
490603     INFO  main            d.u.i.k.p.i.AbstractProblemLoader Loading environment from /home/runner/work/key/key/key.core/../key.ui/examples/standard_key/polySimp/simplify18.key.proof 
490603     DEBUG main            d.u.i.k.p.i.AbstractProblemLoader Environment load took 73.7ns 
490604     INFO  main            d.u.i.k.p.i.AbstractProblemLoader Creating init config 
493070     DEBUG main            d.u.i.k.p.i.AbstractProblemLoader Init config took 2.47s 
493084     INFO  main            d.u.i.k.p.i.AbstractProblemLoader Replaying proof simplify18.key.proof 
493094     DEBUG main            d.u.i.k.p.i.IntermediateProofReplayer Proof replay took 7.78ms 
493095     DEBUG main            d.u.i.k.p.r.p.TestFile    ... success: reloaded. 
493096     INFO  main            d.u.i.k.p.r.p.TestFile    Now processing file /home/runner/work/key/key/key.core/../key.ui/examples/standard_key/polySimp/simplify19.key 
493096     INFO  main            d.u.i.k.p.i.AbstractProblemLoader Loading environment from /home/runner/work/key/key/key.core/../key.ui/examples/standard_key/polySimp/simplify19.key 
493096     DEBUG main            d.u.i.k.p.i.AbstractProblemLoader Environment load took 68.3ns 
493097     INFO  main            d.u.i.k.p.i.AbstractProblemLoader Creating init config 
495671     DEBUG main            d.u.i.k.p.i.AbstractProblemLoader Init config took 2.57s 
495685     INFO  main            d.u.i.k.p.i.AbstractProblemLoader Replaying proof simplify19.key 
495686     DEBUG main            d.u.i.k.p.i.IntermediateProofReplayer Proof replay took 2.7ns 
499136     INFO  main            d.u.i.k.p.r.p.TestFile    ... finished proof: closed. 
499817     INFO  main            d.u.i.k.p.i.AbstractProblemLoader Loading environment from /home/runner/work/key/key/key.core/../key.ui/examples/standard_key/polySimp/simplify19.key.proof 
499817     DEBUG main            d.u.i.k.p.i.AbstractProblemLoader Environment load took 89.5ns 
499819     INFO  main            d.u.i.k.p.i.AbstractProblemLoader Creating init config 
502366     DEBUG main            d.u.i.k.p.i.AbstractProblemLoader Init config took 2.55s 
502380     INFO  main            d.u.i.k.p.i.AbstractProblemLoader Replaying proof simplify19.key.proof 
502507     DEBUG main            d.u.i.k.p.i.IntermediateProofReplayer Proof replay took 116.74ms 
502509     DEBUG main            d.u.i.k.p.r.p.TestFile    ... success: reloaded. 
502509     INFO  main            d.u.i.k.p.r.p.TestFile    Now processing file /home/runner/work/key/key/key.core/../key.ui/examples/standard_key/polySimp/simplify2.key 
502510     INFO  main            d.u.i.k.p.i.AbstractProblemLoader Loading environment from /home/runner/work/key/key/key.core/../key.ui/examples/standard_key/polySimp/simplify2.key 
502510     DEBUG main            d.u.i.k.p.i.AbstractProblemLoader Environment load took 70.4ns 
502510     INFO  main            d.u.i.k.p.i.AbstractProblemLoader Creating init config 
505046     DEBUG main            d.u.i.k.p.i.AbstractProblemLoader Init config took 2.54s 
505058     INFO  main            d.u.i.k.p.i.AbstractProblemLoader Replaying proof simplify2.key 
505059     DEBUG main            d.u.i.k.p.i.IntermediateProofReplayer Proof replay took 2.3ns 
505161     INFO  main            d.u.i.k.p.r.p.TestFile    ... finished proof: closed. 
505772     INFO  main            d.u.i.k.p.i.AbstractProblemLoader Loading environment from /home/runner/work/key/key/key.core/../key.ui/examples/standard_key/polySimp/simplify2.key.proof 
505772     DEBUG main            d.u.i.k.p.i.AbstractProblemLoader Environment load took 69.3ns 
505773     INFO  main            d.u.i.k.p.i.AbstractProblemLoader Creating init config 
508331     DEBUG main            d.u.i.k.p.i.AbstractProblemLoader Init config took 2.56s 
508346     INFO  main            d.u.i.k.p.i.AbstractProblemLoader Replaying proof simplify2.key.proof 
508348     DEBUG main            d.u.i.k.p.i.IntermediateProofReplayer Proof replay took 614.9ns 
508349     DEBUG main            d.u.i.k.p.r.p.TestFile    ... success: reloaded. 
508350     INFO  main            d.u.i.k.p.r.p.TestFile    Now processing file /home/runner/work/key/key/key.core/../key.ui/examples/standard_key/polySimp/simplify20.key 
508350     INFO  main            d.u.i.k.p.i.AbstractProblemLoader Loading environment from /home/runner/work/key/key/key.core/../key.ui/examples/standard_key/polySimp/simplify20.key 
508350     DEBUG main            d.u.i.k.p.i.AbstractProblemLoader Environment load took 52.5ns 
508351     INFO  main            d.u.i.k.p.i.AbstractProblemLoader Creating init config 
511057     DEBUG main            d.u.i.k.p.i.AbstractProblemLoader Init config took 2.71s 
511071     INFO  main            d.u.i.k.p.i.AbstractProblemLoader Replaying proof simplify20.key 
511072     DEBUG main            d.u.i.k.p.i.IntermediateProofReplayer Proof replay took 16.2ns 
511877     INFO  main            d.u.i.k.p.r.p.TestFile    ... finished proof: closed. 
512512     INFO  main            d.u.i.k.p.i.AbstractProblemLoader Loading environment from /home/runner/work/key/key/key.core/../key.ui/examples/standard_key/polySimp/simplify20.key.proof 
512513     DEBUG main            d.u.i.k.p.i.AbstractProblemLoader Environment load took 425.7ns 
512514     INFO  main            d.u.i.k.p.i.AbstractProblemLoader Creating init config 
515128     DEBUG main            d.u.i.k.p.i.AbstractProblemLoader Init config took 2.61s 
515144     INFO  main            d.u.i.k.p.i.AbstractProblemLoader Replaying proof simplify20.key.proof 
515182     DEBUG main            d.u.i.k.p.i.IntermediateProofReplayer Proof replay took 33.4ms 
515184     DEBUG main            d.u.i.k.p.r.p.TestFile    ... success: reloaded. 
515185     INFO  main            d.u.i.k.p.r.p.TestFile    Now processing file /home/runner/work/key/key/key.core/../key.ui/examples/standard_key/polySimp/simplify21.key 
515185     INFO  main            d.u.i.k.p.i.AbstractProblemLoader Loading environment from /home/runner/work/key/key/key.core/../key.ui/examples/standard_key/polySimp/simplify21.key 
515185     DEBUG main            d.u.i.k.p.i.AbstractProblemLoader Environment load took 93.5ns 
515188     INFO  main            d.u.i.k.p.i.AbstractProblemLoader Creating init config 
517726     DEBUG main            d.u.i.k.p.i.AbstractProblemLoader Init config took 2.54s 
517740     INFO  main            d.u.i.k.p.i.AbstractProblemLoader Replaying proof simplify21.key 
517741     DEBUG main            d.u.i.k.p.i.IntermediateProofReplayer Proof replay took 3.2ns 
518347     INFO  main            d.u.i.k.p.r.p.TestFile    ... finished proof: closed. 
518991     INFO  main            d.u.i.k.p.i.AbstractProblemLoader Loading environment from /home/runner/work/key/key/key.core/../key.ui/examples/standard_key/polySimp/simplify21.key.proof 
518991     DEBUG main            d.u.i.k.p.i.AbstractProblemLoader Environment load took 195.4ns 
518993     INFO  main            d.u.i.k.p.i.AbstractProblemLoader Creating init config 
521528     DEBUG main            d.u.i.k.p.i.AbstractProblemLoader Init config took 2.54s 
521546     INFO  main            d.u.i.k.p.i.AbstractProblemLoader Replaying proof simplify21.key.proof 
521576     DEBUG main            d.u.i.k.p.i.IntermediateProofReplayer Proof replay took 25.99ms 
521578     DEBUG main            d.u.i.k.p.r.p.TestFile    ... success: reloaded. 
521579     INFO  main            d.u.i.k.p.r.p.TestFile    Now processing file /home/runner/work/key/key/key.core/../key.ui/examples/standard_key/polySimp/simplify22.key 
521579     INFO  main            d.u.i.k.p.i.AbstractProblemLoader Loading environment from /home/runner/work/key/key/key.core/../key.ui/examples/standard_key/polySimp/simplify22.key 
521579     DEBUG main            d.u.i.k.p.i.AbstractProblemLoader Environment load took 90.8ns 
521580     INFO  main            d.u.i.k.p.i.AbstractProblemLoader Creating init config 
524184     DEBUG main            d.u.i.k.p.i.AbstractProblemLoader Init config took 2.6s 
524198     INFO  main            d.u.i.k.p.i.AbstractProblemLoader Replaying proof simplify22.key 
524200     DEBUG main            d.u.i.k.p.i.IntermediateProofReplayer Proof replay took 2.5ns 
524302     INFO  main            d.u.i.k.p.r.p.TestFile    ... finished proof: closed. 
524941     INFO  main            d.u.i.k.p.i.AbstractProblemLoader Loading environment from /home/runner/work/key/key/key.core/../key.ui/examples/standard_key/polySimp/simplify22.key.proof 
524942     DEBUG main            d.u.i.k.p.i.AbstractProblemLoader Environment load took 75.1ns 
524942     INFO  main            d.u.i.k.p.i.AbstractProblemLoader Creating init config 
527598     DEBUG main            d.u.i.k.p.i.AbstractProblemLoader Init config took 2.66s 
527613     INFO  main            d.u.i.k.p.i.AbstractProblemLoader Replaying proof simplify22.key.proof 
527618     DEBUG main            d.u.i.k.p.i.IntermediateProofReplayer Proof replay took 3.4ms 
527619     DEBUG main            d.u.i.k.p.r.p.TestFile    ... success: reloaded. 
527619     INFO  main            d.u.i.k.p.r.p.TestFile    Now processing file /home/runner/work/key/key/key.core/../key.ui/examples/standard_key/polySimp/simplify23.key 
527620     INFO  main            d.u.i.k.p.i.AbstractProblemLoader Loading environment from /home/runner/work/key/key/key.core/../key.ui/examples/standard_key/polySimp/simplify23.key 
527620     DEBUG main            d.u.i.k.p.i.AbstractProblemLoader Environment load took 105.1ns 
527621     INFO  main            d.u.i.k.p.i.AbstractProblemLoader Creating init config 
530159     DEBUG main            d.u.i.k.p.i.AbstractProblemLoader Init config took 2.54s 
530173     INFO  main            d.u.i.k.p.i.AbstractProblemLoader Replaying proof simplify23.key 
530174     DEBUG main            d.u.i.k.p.i.IntermediateProofReplayer Proof replay took 2.5ns 
530276     INFO  main            d.u.i.k.p.r.p.TestFile    ... finished proof: closed. 
530854     INFO  main            d.u.i.k.p.i.AbstractProblemLoader Loading environment from /home/runner/work/key/key/key.core/../key.ui/examples/standard_key/polySimp/simplify23.key.proof 
530854     DEBUG main            d.u.i.k.p.i.AbstractProblemLoader Environment load took 87.5ns 
530855     INFO  main            d.u.i.k.p.i.AbstractProblemLoader Creating init config 
533328     DEBUG main            d.u.i.k.p.i.AbstractProblemLoader Init config took 2.47s 
533342     INFO  main            d.u.i.k.p.i.AbstractProblemLoader Replaying proof simplify23.key.proof 
533349     DEBUG main            d.u.i.k.p.i.IntermediateProofReplayer Proof replay took 5.93ms 
533350     DEBUG main            d.u.i.k.p.r.p.TestFile    ... success: reloaded. 
533351     INFO  main            d.u.i.k.p.r.p.TestFile    Now processing file /home/runner/work/key/key/key.core/../key.ui/examples/standard_key/polySimp/simplify24.key 
533351     INFO  main            d.u.i.k.p.i.AbstractProblemLoader Loading environment from /home/runner/work/key/key/key.core/../key.ui/examples/standard_key/polySimp/simplify24.key 
533351     DEBUG main            d.u.i.k.p.i.AbstractProblemLoader Environment load took 45.6ns 
533352     INFO  main            d.u.i.k.p.i.AbstractProblemLoader Creating init config 
535874     DEBUG main            d.u.i.k.p.i.AbstractProblemLoader Init config took 2.52s 
535889     INFO  main            d.u.i.k.p.i.AbstractProblemLoader Replaying proof simplify24.key 
535890     DEBUG main            d.u.i.k.p.i.IntermediateProofReplayer Proof replay took 2.7ns 
535991     INFO  main            d.u.i.k.p.r.p.TestFile    ... finished proof: closed. 
536597     INFO  main            d.u.i.k.p.i.AbstractProblemLoader Loading environment from /home/runner/work/key/key/key.core/../key.ui/examples/standard_key/polySimp/simplify24.key.proof 
536597     DEBUG main            d.u.i.k.p.i.AbstractProblemLoader Environment load took 96.4ns 
536598     INFO  main            d.u.i.k.p.i.AbstractProblemLoader Creating init config 
539099     DEBUG main            d.u.i.k.p.i.AbstractProblemLoader Init config took 2.5s 
539112     INFO  main            d.u.i.k.p.i.AbstractProblemLoader Replaying proof simplify24.key.proof 
539115     DEBUG main            d.u.i.k.p.i.IntermediateProofReplayer Proof replay took 1.21ms 
539115     DEBUG main            d.u.i.k.p.r.p.TestFile    ... success: reloaded. 
539116     INFO  main            d.u.i.k.p.r.p.TestFile    Now processing file /home/runner/work/key/key/key.core/../key.ui/examples/standard_key/polySimp/simplify25.key 
539116     INFO  main            d.u.i.k.p.i.AbstractProblemLoader Loading environment from /home/runner/work/key/key/key.core/../key.ui/examples/standard_key/polySimp/simplify25.key 
539116     DEBUG main            d.u.i.k.p.i.AbstractProblemLoader Environment load took 40.8ns 
539117     INFO  main            d.u.i.k.p.i.AbstractProblemLoader Creating init config 
541733     DEBUG main            d.u.i.k.p.i.AbstractProblemLoader Init config took 2.62s 
541749     INFO  main            d.u.i.k.p.i.AbstractProblemLoader Replaying proof simplify25.key 
541750     DEBUG main            d.u.i.k.p.i.IntermediateProofReplayer Proof replay took 3.4ns 
541852     INFO  main            d.u.i.k.p.r.p.TestFile    ... finished proof: closed. 
542460     INFO  main            d.u.i.k.p.i.AbstractProblemLoader Loading environment from /home/runner/work/key/key/key.core/../key.ui/examples/standard_key/polySimp/simplify25.key.proof 
542460     DEBUG main            d.u.i.k.p.i.AbstractProblemLoader Environment load took 90.6ns 
542461     INFO  main            d.u.i.k.p.i.AbstractProblemLoader Creating init config 
545038     DEBUG main            d.u.i.k.p.i.AbstractProblemLoader Init config took 2.58s 
545053     INFO  main            d.u.i.k.p.i.AbstractProblemLoader Replaying proof simplify25.key.proof 
545057     DEBUG main            d.u.i.k.p.i.IntermediateProofReplayer Proof replay took 2.01ms 
545058     DEBUG main            d.u.i.k.p.r.p.TestFile    ... success: reloaded. 
545058     INFO  main            d.u.i.k.p.r.p.TestFile    Now processing file /home/runner/work/key/key/key.core/../key.ui/examples/standard_key/polySimp/simplify3.key 
545058     INFO  main            d.u.i.k.p.i.AbstractProblemLoader Loading environment from /home/runner/work/key/key/key.core/../key.ui/examples/standard_key/polySimp/simplify3.key 
545058     DEBUG main            d.u.i.k.p.i.AbstractProblemLoader Environment load took 49.9ns 
545059     INFO  main            d.u.i.k.p.i.AbstractProblemLoader Creating init config 
547750     DEBUG main            d.u.i.k.p.i.AbstractProblemLoader Init config took 2.69s 
547763     INFO  main            d.u.i.k.p.i.AbstractProblemLoader Replaying proof simplify3.key 
547764     DEBUG main            d.u.i.k.p.i.IntermediateProofReplayer Proof replay took 2.8ns 
547866     INFO  main            d.u.i.k.p.r.p.TestFile    ... finished proof: closed. 
548504     INFO  main            d.u.i.k.p.i.AbstractProblemLoader Loading environment from /home/runner/work/key/key/key.core/../key.ui/examples/standard_key/polySimp/simplify3.key.proof 
548504     DEBUG main            d.u.i.k.p.i.AbstractProblemLoader Environment load took 85.2ns 
548505     INFO  main            d.u.i.k.p.i.AbstractProblemLoader Creating init config 
551142     DEBUG main            d.u.i.k.p.i.AbstractProblemLoader Init config took 2.64s 
551156     INFO  main            d.u.i.k.p.i.AbstractProblemLoader Replaying proof simplify3.key.proof 
551158     DEBUG main            d.u.i.k.p.i.IntermediateProofReplayer Proof replay took 571.8ns 
551159     DEBUG main            d.u.i.k.p.r.p.TestFile    ... success: reloaded. 
551159     INFO  main            d.u.i.k.p.r.p.TestFile    Now processing file /home/runner/work/key/key/key.core/../key.ui/examples/standard_key/polySimp/simplify4.key 
551159     INFO  main            d.u.i.k.p.i.AbstractProblemLoader Loading environment from /home/runner/work/key/key/key.core/../key.ui/examples/standard_key/polySimp/simplify4.key 
551159     DEBUG main            d.u.i.k.p.i.AbstractProblemLoader Environment load took 96.5ns 
551160     INFO  main            d.u.i.k.p.i.AbstractProblemLoader Creating init config 
553893     DEBUG main            d.u.i.k.p.i.AbstractProblemLoader Init config took 2.73s 
553906     INFO  main            d.u.i.k.p.i.AbstractProblemLoader Replaying proof simplify4.key 
553907     DEBUG main            d.u.i.k.p.i.IntermediateProofReplayer Proof replay took 2.6ns 
554008     INFO  main            d.u.i.k.p.r.p.TestFile    ... finished proof: closed. 
554643     INFO  main            d.u.i.k.p.i.AbstractProblemLoader Loading environment from /home/runner/work/key/key/key.core/../key.ui/examples/standard_key/polySimp/simplify4.key.proof 
554643     DEBUG main            d.u.i.k.p.i.AbstractProblemLoader Environment load took 88.8ns 
554644     INFO  main            d.u.i.k.p.i.AbstractProblemLoader Creating init config 
557332     DEBUG main            d.u.i.k.p.i.AbstractProblemLoader Init config took 2.69s 
557349     INFO  main            d.u.i.k.p.i.AbstractProblemLoader Replaying proof simplify4.key.proof 
557351     DEBUG main            d.u.i.k.p.i.IntermediateProofReplayer Proof replay took 893.8ns 
557352     DEBUG main            d.u.i.k.p.r.p.TestFile    ... success: reloaded. 
557352     INFO  main            d.u.i.k.p.r.p.TestFile    Now processing file /home/runner/work/key/key/key.core/../key.ui/examples/standard_key/polySimp/simplify5.key 
557353     INFO  main            d.u.i.k.p.i.AbstractProblemLoader Loading environment from /home/runner/work/key/key/key.core/../key.ui/examples/standard_key/polySimp/simplify5.key 
557353     DEBUG main            d.u.i.k.p.i.AbstractProblemLoader Environment load took 94.2ns 
557354     INFO  main            d.u.i.k.p.i.AbstractProblemLoader Creating init config 
559947     DEBUG main            d.u.i.k.p.i.AbstractProblemLoader Init config took 2.59s 
559961     INFO  main            d.u.i.k.p.i.AbstractProblemLoader Replaying proof simplify5.key 
559963     DEBUG main            d.u.i.k.p.i.IntermediateProofReplayer Proof replay took 2.5ns 
560066     INFO  main            d.u.i.k.p.r.p.TestFile    ... finished proof: closed. 
560705     INFO  main            d.u.i.k.p.i.AbstractProblemLoader Loading environment from /home/runner/work/key/key/key.core/../key.ui/examples/standard_key/polySimp/simplify5.key.proof 
560705     DEBUG main            d.u.i.k.p.i.AbstractProblemLoader Environment load took 74.6ns 
560706     INFO  main            d.u.i.k.p.i.AbstractProblemLoader Creating init config 
563193     DEBUG main            d.u.i.k.p.i.AbstractProblemLoader Init config took 2.49s 
563207     INFO  main            d.u.i.k.p.i.AbstractProblemLoader Replaying proof simplify5.key.proof 
563211     DEBUG main            d.u.i.k.p.i.IntermediateProofReplayer Proof replay took 2.85ms 
563212     DEBUG main            d.u.i.k.p.r.p.TestFile    ... success: reloaded. 
563213     INFO  main            d.u.i.k.p.r.p.TestFile    Now processing file /home/runner/work/key/key/key.core/../key.ui/examples/standard_key/polySimp/simplify6.key 
563213     INFO  main            d.u.i.k.p.i.AbstractProblemLoader Loading environment from /home/runner/work/key/key/key.core/../key.ui/examples/standard_key/polySimp/simplify6.key 
563213     DEBUG main            d.u.i.k.p.i.AbstractProblemLoader Environment load took 188.7ns 
563214     INFO  main            d.u.i.k.p.i.AbstractProblemLoader Creating init config 
565700     DEBUG main            d.u.i.k.p.i.AbstractProblemLoader Init config took 2.49s 
565713     INFO  main            d.u.i.k.p.i.AbstractProblemLoader Replaying proof simplify6.key 
565714     DEBUG main            d.u.i.k.p.i.IntermediateProofReplayer Proof replay took 3.5ns 
565816     INFO  main            d.u.i.k.p.r.p.TestFile    ... finished proof: closed. 
566423     INFO  main            d.u.i.k.p.i.AbstractProblemLoader Loading environment from /home/runner/work/key/key/key.core/../key.ui/examples/standard_key/polySimp/simplify6.key.proof 
566423     DEBUG main            d.u.i.k.p.i.AbstractProblemLoader Environment load took 80.3ns 
566424     INFO  main            d.u.i.k.p.i.AbstractProblemLoader Creating init config 
568854     DEBUG main            d.u.i.k.p.i.AbstractProblemLoader Init config took 2.43s 
568867     INFO  main            d.u.i.k.p.i.AbstractProblemLoader Replaying proof simplify6.key.proof 
568869     DEBUG main            d.u.i.k.p.i.IntermediateProofReplayer Proof replay took 152.5ns 
568869     DEBUG main            d.u.i.k.p.r.p.TestFile    ... success: reloaded. 
568870     INFO  main            d.u.i.k.p.r.p.TestFile    Now processing file /home/runner/work/key/key/key.core/../key.ui/examples/standard_key/polySimp/simplify7.key 
568870     INFO  main            d.u.i.k.p.i.AbstractProblemLoader Loading environment from /home/runner/work/key/key/key.core/../key.ui/examples/standard_key/polySimp/simplify7.key 
568870     DEBUG main            d.u.i.k.p.i.AbstractProblemLoader Environment load took 64.7ns 
568871     INFO  main            d.u.i.k.p.i.AbstractProblemLoader Creating init config 
571494     DEBUG main            d.u.i.k.p.i.AbstractProblemLoader Init config took 2.62s 
571507     INFO  main            d.u.i.k.p.i.AbstractProblemLoader Replaying proof simplify7.key 
571508     DEBUG main            d.u.i.k.p.i.IntermediateProofReplayer Proof replay took 2.6ns 
571610     INFO  main            d.u.i.k.p.r.p.TestFile    ... finished proof: closed. 
572231     INFO  main            d.u.i.k.p.i.AbstractProblemLoader Loading environment from /home/runner/work/key/key/key.core/../key.ui/examples/standard_key/polySimp/simplify7.key.proof 
572232     DEBUG main            d.u.i.k.p.i.AbstractProblemLoader Environment load took 1.05ms 
572233     INFO  main            d.u.i.k.p.i.AbstractProblemLoader Creating init config 
574668     DEBUG main            d.u.i.k.p.i.AbstractProblemLoader Init config took 2.44s 
574681     INFO  main            d.u.i.k.p.i.AbstractProblemLoader Replaying proof simplify7.key.proof 
574683     DEBUG main            d.u.i.k.p.i.IntermediateProofReplayer Proof replay took 309.9ns 
574684     DEBUG main            d.u.i.k.p.r.p.TestFile    ... success: reloaded. 
574684     INFO  main            d.u.i.k.p.r.p.TestFile    Now processing file /home/runner/work/key/key/key.core/../key.ui/examples/standard_key/polySimp/simplify8.key 
574684     INFO  main            d.u.i.k.p.i.AbstractProblemLoader Loading environment from /home/runner/work/key/key/key.core/../key.ui/examples/standard_key/polySimp/simplify8.key 
574684     DEBUG main            d.u.i.k.p.i.AbstractProblemLoader Environment load took 45.9ns 
574688     INFO  main            d.u.i.k.p.i.AbstractProblemLoader Creating init config 
577119     DEBUG main            d.u.i.k.p.i.AbstractProblemLoader Init config took 2.43s 
577132     INFO  main            d.u.i.k.p.i.AbstractProblemLoader Replaying proof simplify8.key 
577133     DEBUG main            d.u.i.k.p.i.IntermediateProofReplayer Proof replay took 2.7ns 
581196     INFO  main            d.u.i.k.p.r.p.TestFile    ... finished proof: closed. 
581830     INFO  main            d.u.i.k.p.i.AbstractProblemLoader Loading environment from /home/runner/work/key/key/key.core/../key.ui/examples/standard_key/polySimp/simplify8.key.proof 
581830     DEBUG main            d.u.i.k.p.i.AbstractProblemLoader Environment load took 167.9ns 
581832     INFO  main            d.u.i.k.p.i.AbstractProblemLoader Creating init config 
584299     DEBUG main            d.u.i.k.p.i.AbstractProblemLoader Init config took 2.47s 
584315     INFO  main            d.u.i.k.p.i.AbstractProblemLoader Replaying proof simplify8.key.proof 
584368     DEBUG main            d.u.i.k.p.i.IntermediateProofReplayer Proof replay took 48.39ms 
584370     DEBUG main            d.u.i.k.p.r.p.TestFile    ... success: reloaded. 
584370     INFO  main            d.u.i.k.p.r.p.TestFile    Now processing file /home/runner/work/key/key/key.core/../key.ui/examples/standard_key/polySimp/simplify9.key 
584370     INFO  main            d.u.i.k.p.i.AbstractProblemLoader Loading environment from /home/runner/work/key/key/key.core/../key.ui/examples/standard_key/polySimp/simplify9.key 
584371     DEBUG main            d.u.i.k.p.i.AbstractProblemLoader Environment load took 661.5ns 
584373     INFO  main            d.u.i.k.p.i.AbstractProblemLoader Creating init config 
586916     DEBUG main            d.u.i.k.p.i.AbstractProblemLoader Init config took 2.54s 
586930     INFO  main            d.u.i.k.p.i.AbstractProblemLoader Replaying proof simplify9.key 
586931     DEBUG main            d.u.i.k.p.i.IntermediateProofReplayer Proof replay took 2.6ns 
587134     INFO  main            d.u.i.k.p.r.p.TestFile    ... finished proof: closed. 
587839     INFO  main            d.u.i.k.p.i.AbstractProblemLoader Loading environment from /home/runner/work/key/key/key.core/../key.ui/examples/standard_key/polySimp/simplify9.key.proof 
587839     DEBUG main            d.u.i.k.p.i.AbstractProblemLoader Environment load took 86.4ns 
587841     INFO  main            d.u.i.k.p.i.AbstractProblemLoader Creating init config 
590289     DEBUG main            d.u.i.k.p.i.AbstractProblemLoader Init config took 2.45s 
590303     INFO  main            d.u.i.k.p.i.AbstractProblemLoader Replaying proof simplify9.key.proof 
590308     DEBUG main            d.u.i.k.p.i.IntermediateProofReplayer Proof replay took 3.33ms 
590309     DEBUG main            d.u.i.k.p.r.p.TestFile    ... success: reloaded. 
3241479    INFO  Test worker     d.u.i.k.p.r.RunAllProofsTestUnit Returning from test arithmetic 
3241482    INFO  Test worker     d.u.i.k.p.r.RunAllProofsTestUnit Running test arrays 
344        INFO  Timeout watchdog d.u.i.k.p.r.p.ForkedTestFileRunner Timeout watcher launched (2000 secs.) 
359        WARN  main            d.u.i.k.s.ProofSettings   The settings in /home/runner/.key/proof-settings.props are *not* read. 
396        INFO  main            d.u.i.k.p.r.p.TestFile    Now processing file /home/runner/work/key/key/key.core/../key.ui/examples/standard_key/arrays/arrayStoreException/array2DimPrim.key 
542        INFO  main            d.u.i.k.p.i.AbstractProblemLoader Loading environment from /home/runner/work/key/key/key.core/../key.ui/examples/standard_key/arrays/arrayStoreException/array2DimPrim.key 
564        DEBUG main            d.u.i.k.p.i.AbstractProblemLoader Environment load took 1.79ms 
863        INFO  main            d.u.i.k.p.i.AbstractProblemLoader Creating init config 
1962       DEBUG main            d.u.i.k.j.TypeConverter   No LDT found for Meta 
1962       DEBUG main            d.u.i.k.j.TypeConverter   No LDT found for Meta 
1966       DEBUG main            d.u.i.k.j.TypeConverter   No LDT found for Meta 
1966       DEBUG main            d.u.i.k.j.TypeConverter   No LDT found for Meta 
3902       DEBUG main            d.u.i.k.j.TypeConverter   No LDT found for JavaBigintExpression 
10217      DEBUG main            d.u.i.k.p.i.AbstractProblemLoader Init config took 9.35s 
10324      INFO  main            d.u.i.k.p.i.AbstractProblemLoader Replaying proof array2DimPrim.key 
10400      DEBUG main            d.u.i.k.p.i.IntermediateProofReplayer Proof replay took 40.4ns 
15071      INFO  main            d.u.i.k.p.r.p.TestFile    ... finished proof: closed. 
15335      INFO  main            d.u.i.k.p.i.AbstractProblemLoader Loading environment from /home/runner/work/key/key/key.core/../key.ui/examples/standard_key/arrays/arrayStoreException/array2DimPrim.key.proof 
15336      DEBUG main            d.u.i.k.p.i.AbstractProblemLoader Environment load took 1.03ms 
15343      INFO  main            d.u.i.k.p.i.AbstractProblemLoader Creating init config 
18687      DEBUG main            d.u.i.k.p.i.AbstractProblemLoader Init config took 3.34s 
18734      INFO  main            d.u.i.k.p.i.AbstractProblemLoader Replaying proof array2DimPrim.key.proof 
19264      DEBUG main            d.u.i.k.p.i.IntermediateProofReplayer Proof replay took 495.6ms 
19282      DEBUG main            d.u.i.k.p.r.p.TestFile    ... success: reloaded. 
19288      INFO  main            d.u.i.k.p.r.p.TestFile    Now processing file /home/runner/work/key/key/key.core/../key.ui/examples/standard_key/arrays/arrayStoreException/arrayStoreKnownDynType.key 
19289      INFO  main            d.u.i.k.p.i.AbstractProblemLoader Loading environment from /home/runner/work/key/key/key.core/../key.ui/examples/standard_key/arrays/arrayStoreException/arrayStoreKnownDynType.key 
19289      DEBUG main            d.u.i.k.p.i.AbstractProblemLoader Environment load took 180.4ns 
19293      INFO  main            d.u.i.k.p.i.AbstractProblemLoader Creating init config 
22572      DEBUG main            d.u.i.k.p.i.AbstractProblemLoader Init config took 3.28s 
22603      INFO  main            d.u.i.k.p.i.AbstractProblemLoader Replaying proof arrayStoreKnownDynType.key 
22606      DEBUG main            d.u.i.k.p.i.IntermediateProofReplayer Proof replay took 8.8ns 
22909      INFO  main            d.u.i.k.p.r.p.TestFile    ... finished proof: closed. 
23196      INFO  main            d.u.i.k.p.i.AbstractProblemLoader Loading environment from /home/runner/work/key/key/key.core/../key.ui/examples/standard_key/arrays/arrayStoreException/arrayStoreKnownDynType.key.proof 
23196      DEBUG main            d.u.i.k.p.i.AbstractProblemLoader Environment load took 227.9ns 
23200      INFO  main            d.u.i.k.p.i.AbstractProblemLoader Creating init config 
26346      DEBUG main            d.u.i.k.p.i.AbstractProblemLoader Init config took 3.15s 
26371      INFO  main            d.u.i.k.p.i.AbstractProblemLoader Replaying proof arrayStoreKnownDynType.key.proof 
26415      DEBUG main            d.u.i.k.p.i.IntermediateProofReplayer Proof replay took 40.67ms 
26417      DEBUG main            d.u.i.k.p.r.p.TestFile    ... success: reloaded. 
26425      INFO  main            d.u.i.k.p.r.p.TestFile    Now processing file /home/runner/work/key/key/key.core/../key.ui/examples/standard_key/arrays/arrayStoreException/reverseArray.key 
26426      INFO  main            d.u.i.k.p.i.AbstractProblemLoader Loading environment from /home/runner/work/key/key/key.core/../key.ui/examples/standard_key/arrays/arrayStoreException/reverseArray.key 
26426      DEBUG main            d.u.i.k.p.i.AbstractProblemLoader Environment load took 302.8ns 
26428      INFO  main            d.u.i.k.p.i.AbstractProblemLoader Creating init config 
29335      DEBUG main            d.u.i.k.p.i.AbstractProblemLoader Init config took 2.91s 
29359      INFO  main            d.u.i.k.p.i.AbstractProblemLoader Replaying proof reverseArray.key 
29362      DEBUG main            d.u.i.k.p.i.IntermediateProofReplayer Proof replay took 6.7ns 
30170      INFO  main            d.u.i.k.p.r.p.TestFile    ... finished proof: closed. 
30377      INFO  main            d.u.i.k.p.i.AbstractProblemLoader Loading environment from /home/runner/work/key/key/key.core/../key.ui/examples/standard_key/arrays/arrayStoreException/reverseArray.key.proof 
30379      DEBUG main            d.u.i.k.p.i.AbstractProblemLoader Environment load took 1.63ms 
30382      INFO  main            d.u.i.k.p.i.AbstractProblemLoader Creating init config 
33344      DEBUG main            d.u.i.k.p.i.AbstractProblemLoader Init config took 2.96s 
33368      INFO  main            d.u.i.k.p.i.AbstractProblemLoader Replaying proof reverseArray.key.proof 
33503      DEBUG main            d.u.i.k.p.i.IntermediateProofReplayer Proof replay took 127.4ms 
33504      DEBUG main            d.u.i.k.p.r.p.TestFile    ... success: reloaded. 
33506      INFO  main            d.u.i.k.p.r.p.TestFile    Now processing file /home/runner/work/key/key/key.core/../key.ui/examples/standard_key/arrays/arrayStoreException/throwArrayStoreException.key 
33507      INFO  main            d.u.i.k.p.i.AbstractProblemLoader Loading environment from /home/runner/work/key/key/key.core/../key.ui/examples/standard_key/arrays/arrayStoreException/throwArrayStoreException.key 
33507      DEBUG main            d.u.i.k.p.i.AbstractProblemLoader Environment load took 218.7ns 
33508      INFO  main            d.u.i.k.p.i.AbstractProblemLoader Creating init config 
36452      DEBUG main            d.u.i.k.p.i.AbstractProblemLoader Init config took 2.94s 
36477      INFO  main            d.u.i.k.p.i.AbstractProblemLoader Replaying proof throwArrayStoreException.key 
36479      DEBUG main            d.u.i.k.p.i.IntermediateProofReplayer Proof replay took 15.9ns 
36984      INFO  main            d.u.i.k.p.r.p.TestFile    ... finished proof: closed. 
37204      INFO  main            d.u.i.k.p.i.AbstractProblemLoader Loading environment from /home/runner/work/key/key/key.core/../key.ui/examples/standard_key/arrays/arrayStoreException/throwArrayStoreException.key.proof 
37204      DEBUG main            d.u.i.k.p.i.AbstractProblemLoader Environment load took 458.2ns 
37206      INFO  main            d.u.i.k.p.i.AbstractProblemLoader Creating init config 
40074      DEBUG main            d.u.i.k.p.i.AbstractProblemLoader Init config took 2.87s 
40112      INFO  main            d.u.i.k.p.i.AbstractProblemLoader Replaying proof throwArrayStoreException.key.proof 
40215      DEBUG main            d.u.i.k.p.i.IntermediateProofReplayer Proof replay took 92.68ms 
40217      DEBUG main            d.u.i.k.p.r.p.TestFile    ... success: reloaded. 
40218      INFO  main            d.u.i.k.p.r.p.TestFile    Now processing file /home/runner/work/key/key/key.core/../key.ui/examples/standard_key/arrays/creation/arrayCreation1.key 
40218      INFO  main            d.u.i.k.p.i.AbstractProblemLoader Loading environment from /home/runner/work/key/key/key.core/../key.ui/examples/standard_key/arrays/creation/arrayCreation1.key 
40219      DEBUG main            d.u.i.k.p.i.AbstractProblemLoader Environment load took 233ns 
40220      INFO  main            d.u.i.k.p.i.AbstractProblemLoader Creating init config 
43159      DEBUG main            d.u.i.k.p.i.AbstractProblemLoader Init config took 2.94s 
43183      INFO  main            d.u.i.k.p.i.AbstractProblemLoader Replaying proof arrayCreation1.key 
43185      DEBUG main            d.u.i.k.p.i.IntermediateProofReplayer Proof replay took 6.4ns 
43389      INFO  main            d.u.i.k.p.r.p.TestFile    ... finished proof: closed. 
43629      INFO  main            d.u.i.k.p.i.AbstractProblemLoader Loading environment from /home/runner/work/key/key/key.core/../key.ui/examples/standard_key/arrays/creation/arrayCreation1.key.proof 
43630      DEBUG main            d.u.i.k.p.i.AbstractProblemLoader Environment load took 606ns 
43631      INFO  main            d.u.i.k.p.i.AbstractProblemLoader Creating init config 
46451      DEBUG main            d.u.i.k.p.i.AbstractProblemLoader Init config took 2.82s 
46477      INFO  main            d.u.i.k.p.i.AbstractProblemLoader Replaying proof arrayCreation1.key.proof 
46506      DEBUG main            d.u.i.k.p.i.IntermediateProofReplayer Proof replay took 25.7ms 
46507      DEBUG main            d.u.i.k.p.r.p.TestFile    ... success: reloaded. 
46508      INFO  main            d.u.i.k.p.r.p.TestFile    Now processing file /home/runner/work/key/key/key.core/../key.ui/examples/standard_key/arrays/arrayStoreException/array2Dim.key 
46508      INFO  main            d.u.i.k.p.i.AbstractProblemLoader Loading environment from /home/runner/work/key/key/key.core/../key.ui/examples/standard_key/arrays/arrayStoreException/array2Dim.key 
46509      DEBUG main            d.u.i.k.p.i.AbstractProblemLoader Environment load took 265.8ns 
46510      INFO  main            d.u.i.k.p.i.AbstractProblemLoader Creating init config 
49438      DEBUG main            d.u.i.k.p.i.AbstractProblemLoader Init config took 2.93s 
49465      INFO  main            d.u.i.k.p.i.AbstractProblemLoader Replaying proof array2Dim.key 
49468      DEBUG main            d.u.i.k.p.i.IntermediateProofReplayer Proof replay took 7ns 
53476      INFO  main            d.u.i.k.p.r.p.TestFile    ... finished proof: open goal(s) 
53764      INFO  main            d.u.i.k.p.r.p.TestFile    Now processing file /home/runner/work/key/key/key.core/../key.ui/examples/standard_key/arrays/arrayStoreException/array2DimClose.key 
53766      INFO  main            d.u.i.k.p.i.AbstractProblemLoader Loading environment from /home/runner/work/key/key/key.core/../key.ui/examples/standard_key/arrays/arrayStoreException/array2DimClose.key 
53766      DEBUG main            d.u.i.k.p.i.AbstractProblemLoader Environment load took 229.5ns 
53767      INFO  main            d.u.i.k.p.i.AbstractProblemLoader Creating init config 
56578      DEBUG main            d.u.i.k.p.i.AbstractProblemLoader Init config took 2.81s 
56601      INFO  main            d.u.i.k.p.i.AbstractProblemLoader Replaying proof array2DimClose.key 
56603      DEBUG main            d.u.i.k.p.i.IntermediateProofReplayer Proof replay took 6.7ns 
59166      INFO  main            d.u.i.k.p.r.p.TestFile    ... finished proof: open goal(s) 
59557      INFO  main            d.u.i.k.p.r.p.TestFile    Now processing file /home/runner/work/key/key/key.core/../key.ui/examples/standard_key/arrays/arrayStoreException/throwASEForPrim.key 
59558      INFO  main            d.u.i.k.p.i.AbstractProblemLoader Loading environment from /home/runner/work/key/key/key.core/../key.ui/examples/standard_key/arrays/arrayStoreException/throwASEForPrim.key 
59561      DEBUG main            d.u.i.k.p.i.AbstractProblemLoader Environment load took 3.65ms 
59563      INFO  main            d.u.i.k.p.i.AbstractProblemLoader Creating init config 
62311      DEBUG main            d.u.i.k.p.i.AbstractProblemLoader Init config took 2.75s 
62333      INFO  main            d.u.i.k.p.i.AbstractProblemLoader Replaying proof throwASEForPrim.key 
62336      DEBUG main            d.u.i.k.p.i.IntermediateProofReplayer Proof replay took 23.7ns 
67103      INFO  main            d.u.i.k.p.r.p.TestFile    ... finished proof: open goal(s) 
3309164    INFO  Test worker     d.u.i.k.p.r.RunAllProofsTestUnit Returning from test arrays 
3309165    INFO  Test worker     d.u.i.k.p.r.RunAllProofsTestUnit Running test javadl 
483        INFO  Timeout watchdog d.u.i.k.p.r.p.ForkedTestFileRunner Timeout watcher launched (2000 secs.) 
484        WARN  main            d.u.i.k.s.ProofSettings   The settings in /home/runner/.key/proof-settings.props are *not* read. 
540        INFO  main            d.u.i.k.p.r.p.TestFile    Now processing file /home/runner/work/key/key/key.core/../key.ui/examples/standard_key/instanceCreation/instanceCreation1.key 
692        INFO  main            d.u.i.k.p.i.AbstractProblemLoader Loading environment from /home/runner/work/key/key/key.core/../key.ui/examples/standard_key/instanceCreation/instanceCreation1.key 
711        DEBUG main            d.u.i.k.p.i.AbstractProblemLoader Environment load took 2.46ms 
1037       INFO  main            d.u.i.k.p.i.AbstractProblemLoader Creating init config 
2151       DEBUG main            d.u.i.k.j.TypeConverter   No LDT found for Meta 
2153       DEBUG main            d.u.i.k.j.TypeConverter   No LDT found for Meta 
2157       DEBUG main            d.u.i.k.j.TypeConverter   No LDT found for Meta 
2157       DEBUG main            d.u.i.k.j.TypeConverter   No LDT found for Meta 
3932       DEBUG main            d.u.i.k.j.TypeConverter   No LDT found for JavaBigintExpression 
9365       DEBUG main            d.u.i.k.p.i.AbstractProblemLoader Init config took 8.33s 
9446       INFO  main            d.u.i.k.p.i.AbstractProblemLoader Replaying proof instanceCreation1.key 
9491       DEBUG main            d.u.i.k.p.i.IntermediateProofReplayer Proof replay took 38.7ns 
10750      INFO  main            d.u.i.k.p.r.p.TestFile    ... finished proof: closed. 
10891      INFO  main            d.u.i.k.p.i.AbstractProblemLoader Loading environment from /home/runner/work/key/key/key.core/../key.ui/examples/standard_key/instanceCreation/instanceCreation1.key.proof 
10891      DEBUG main            d.u.i.k.p.i.AbstractProblemLoader Environment load took 498.6ns 
10897      INFO  main            d.u.i.k.p.i.AbstractProblemLoader Creating init config 
13893      DEBUG main            d.u.i.k.p.i.AbstractProblemLoader Init config took 3s 
13923      INFO  main            d.u.i.k.p.i.AbstractProblemLoader Replaying proof instanceCreation1.key.proof 
14031      DEBUG main            d.u.i.k.p.i.IntermediateProofReplayer Proof replay took 96.62ms 
14044      DEBUG main            d.u.i.k.p.r.p.TestFile    ... success: reloaded. 
14048      INFO  main            d.u.i.k.p.r.p.TestFile    Now processing file /home/runner/work/key/key/key.core/../key.ui/examples/standard_key/instanceCreation/instanceCreation2.key 
14054      INFO  main            d.u.i.k.p.i.AbstractProblemLoader Loading environment from /home/runner/work/key/key/key.core/../key.ui/examples/standard_key/instanceCreation/instanceCreation2.key 
14066      DEBUG main            d.u.i.k.p.i.AbstractProblemLoader Environment load took 12.7ms 
14068      INFO  main            d.u.i.k.p.i.AbstractProblemLoader Creating init config 
17031      DEBUG main            d.u.i.k.p.i.AbstractProblemLoader Init config took 2.96s 
17095      INFO  main            d.u.i.k.p.i.AbstractProblemLoader Replaying proof instanceCreation2.key 
17111      DEBUG main            d.u.i.k.p.i.IntermediateProofReplayer Proof replay took 7.5ns 
17718      INFO  main            d.u.i.k.p.r.p.TestFile    ... finished proof: closed. 
17911      INFO  main            d.u.i.k.p.i.AbstractProblemLoader Loading environment from /home/runner/work/key/key/key.core/../key.ui/examples/standard_key/instanceCreation/instanceCreation2.key.proof 
17911      DEBUG main            d.u.i.k.p.i.AbstractProblemLoader Environment load took 184.1ns 
17913      INFO  main            d.u.i.k.p.i.AbstractProblemLoader Creating init config 
20838      DEBUG main            d.u.i.k.p.i.AbstractProblemLoader Init config took 2.93s 
20895      INFO  main            d.u.i.k.p.i.AbstractProblemLoader Replaying proof instanceCreation2.key.proof 
21046      DEBUG main            d.u.i.k.p.i.IntermediateProofReplayer Proof replay took 137.32ms 
21048      DEBUG main            d.u.i.k.p.r.p.TestFile    ... success: reloaded. 
21050      INFO  main            d.u.i.k.p.r.p.TestFile    Now processing file /home/runner/work/key/key/key.core/../key.ui/examples/standard_key/instanceCreation/interfacesAndAbstractClassesHaveNoInstances.key 
21051      INFO  main            d.u.i.k.p.i.AbstractProblemLoader Loading environment from /home/runner/work/key/key/key.core/../key.ui/examples/standard_key/instanceCreation/interfacesAndAbstractClassesHaveNoInstances.key 
21051      DEBUG main            d.u.i.k.p.i.AbstractProblemLoader Environment load took 209.4ns 
21055      INFO  main            d.u.i.k.p.i.AbstractProblemLoader Creating init config 
24050      DEBUG main            d.u.i.k.p.i.AbstractProblemLoader Init config took 2.99s 
24083      INFO  main            d.u.i.k.p.i.AbstractProblemLoader Replaying proof interfacesAndAbstractClassesHaveNoInstances.key 
24086      DEBUG main            d.u.i.k.p.i.IntermediateProofReplayer Proof replay took 6.8ns 
24192      INFO  main            d.u.i.k.p.r.p.TestFile    ... finished proof: closed. 
24387      INFO  main            d.u.i.k.p.i.AbstractProblemLoader Loading environment from /home/runner/work/key/key/key.core/../key.ui/examples/standard_key/instanceCreation/interfacesAndAbstractClassesHaveNoInstances.key.proof 
24387      DEBUG main            d.u.i.k.p.i.AbstractProblemLoader Environment load took 136.8ns 
24394      INFO  main            d.u.i.k.p.i.AbstractProblemLoader Creating init config 
27180      DEBUG main            d.u.i.k.p.i.AbstractProblemLoader Init config took 2.79s 
27210      INFO  main            d.u.i.k.p.i.AbstractProblemLoader Replaying proof interfacesAndAbstractClassesHaveNoInstances.key.proof 
27215      DEBUG main            d.u.i.k.p.i.IntermediateProofReplayer Proof replay took 1.95ms 
27216      DEBUG main            d.u.i.k.p.r.p.TestFile    ... success: reloaded. 
27218      INFO  main            d.u.i.k.p.r.p.TestFile    Now processing file /home/runner/work/key/key/key.core/../key.ui/examples/standard_key/instanceCreation/successiveCreatedObjectsAreDistinct.key 
27218      INFO  main            d.u.i.k.p.i.AbstractProblemLoader Loading environment from /home/runner/work/key/key/key.core/../key.ui/examples/standard_key/instanceCreation/successiveCreatedObjectsAreDistinct.key 
27218      DEBUG main            d.u.i.k.p.i.AbstractProblemLoader Environment load took 355.4ns 
27220      INFO  main            d.u.i.k.p.i.AbstractProblemLoader Creating init config 
29968      DEBUG main            d.u.i.k.p.i.AbstractProblemLoader Init config took 2.75s 
29999      INFO  main            d.u.i.k.p.i.AbstractProblemLoader Replaying proof successiveCreatedObjectsAreDistinct.key 
30002      DEBUG main            d.u.i.k.p.i.IntermediateProofReplayer Proof replay took 6.9ns 
30412      INFO  main            d.u.i.k.p.r.p.TestFile    ... finished proof: closed. 
30611      INFO  main            d.u.i.k.p.i.AbstractProblemLoader Loading environment from /home/runner/work/key/key/key.core/../key.ui/examples/standard_key/instanceCreation/successiveCreatedObjectsAreDistinct.key.proof 
30612      DEBUG main            d.u.i.k.p.i.AbstractProblemLoader Environment load took 475.6ns 
30613      INFO  main            d.u.i.k.p.i.AbstractProblemLoader Creating init config 
33350      DEBUG main            d.u.i.k.p.i.AbstractProblemLoader Init config took 2.74s 
33373      INFO  main            d.u.i.k.p.i.AbstractProblemLoader Replaying proof successiveCreatedObjectsAreDistinct.key.proof 
33454      DEBUG main            d.u.i.k.p.i.IntermediateProofReplayer Proof replay took 75.67ms 
33455      DEBUG main            d.u.i.k.p.r.p.TestFile    ... success: reloaded. 
33457      INFO  main            d.u.i.k.p.r.p.TestFile    Now processing file /home/runner/work/key/key/key.core/../key.ui/examples/standard_key/instanceCreation/testOverloadingConstructors.key 
33457      INFO  main            d.u.i.k.p.i.AbstractProblemLoader Loading environment from /home/runner/work/key/key/key.core/../key.ui/examples/standard_key/instanceCreation/testOverloadingConstructors.key 
33457      DEBUG main            d.u.i.k.p.i.AbstractProblemLoader Environment load took 235.6ns 
33459      INFO  main            d.u.i.k.p.i.AbstractProblemLoader Creating init config 
36257      DEBUG main            d.u.i.k.p.i.AbstractProblemLoader Init config took 2.8s 
36282      INFO  main            d.u.i.k.p.i.AbstractProblemLoader Replaying proof testOverloadingConstructors.key 
36297      DEBUG main            d.u.i.k.p.i.IntermediateProofReplayer Proof replay took 7.3ns 
36702      INFO  main            d.u.i.k.p.r.p.TestFile    ... finished proof: closed. 
36897      INFO  main            d.u.i.k.p.i.AbstractProblemLoader Loading environment from /home/runner/work/key/key/key.core/../key.ui/examples/standard_key/instanceCreation/testOverloadingConstructors.key.proof 
36897      DEBUG main            d.u.i.k.p.i.AbstractProblemLoader Environment load took 433.8ns 
36899      INFO  main            d.u.i.k.p.i.AbstractProblemLoader Creating init config 
39605      DEBUG main            d.u.i.k.p.i.AbstractProblemLoader Init config took 2.71s 
39631      INFO  main            d.u.i.k.p.i.AbstractProblemLoader Replaying proof testOverloadingConstructors.key.proof 
39690      DEBUG main            d.u.i.k.p.i.IntermediateProofReplayer Proof replay took 54.71ms 
39692      DEBUG main            d.u.i.k.p.r.p.TestFile    ... success: reloaded. 
39693      INFO  main            d.u.i.k.p.r.p.TestFile    Now processing file /home/runner/work/key/key/key.core/../key.ui/examples/standard_key/java_dl/SimpleAttributes.key 
39694      INFO  main            d.u.i.k.p.i.AbstractProblemLoader Loading environment from /home/runner/work/key/key/key.core/../key.ui/examples/standard_key/java_dl/SimpleAttributes.key 
39694      DEBUG main            d.u.i.k.p.i.AbstractProblemLoader Environment load took 240.8ns 
39695      INFO  main            d.u.i.k.p.i.AbstractProblemLoader Creating init config 
42359      DEBUG main            d.u.i.k.p.i.AbstractProblemLoader Init config took 2.66s 
42381      INFO  main            d.u.i.k.p.i.AbstractProblemLoader Replaying proof SimpleAttributes.key 
42383      DEBUG main            d.u.i.k.p.i.IntermediateProofReplayer Proof replay took 6.7ns 
42486      INFO  main            d.u.i.k.p.r.p.TestFile    ... finished proof: closed. 
42677      INFO  main            d.u.i.k.p.i.AbstractProblemLoader Loading environment from /home/runner/work/key/key/key.core/../key.ui/examples/standard_key/java_dl/SimpleAttributes.key.proof 
42677      DEBUG main            d.u.i.k.p.i.AbstractProblemLoader Environment load took 127.5ns 
42678      INFO  main            d.u.i.k.p.i.AbstractProblemLoader Creating init config 
45318      DEBUG main            d.u.i.k.p.i.AbstractProblemLoader Init config took 2.64s 
45344      INFO  main            d.u.i.k.p.i.AbstractProblemLoader Replaying proof SimpleAttributes.key.proof 
45381      DEBUG main            d.u.i.k.p.i.IntermediateProofReplayer Proof replay took 32.69ms 
45383      DEBUG main            d.u.i.k.p.r.p.TestFile    ... success: reloaded. 
45384      INFO  main            d.u.i.k.p.r.p.TestFile    Now processing file /home/runner/work/key/key/key.core/../key.ui/examples/standard_key/java_dl/arrayMax.key 
45384      INFO  main            d.u.i.k.p.i.AbstractProblemLoader Loading environment from /home/runner/work/key/key/key.core/../key.ui/examples/standard_key/java_dl/arrayMax.key 
45385      DEBUG main            d.u.i.k.p.i.AbstractProblemLoader Environment load took 257.1ns 
45388      INFO  main            d.u.i.k.p.i.AbstractProblemLoader Creating init config 
48163      DEBUG main            d.u.i.k.p.i.AbstractProblemLoader Init config took 2.78s 
48194      INFO  main            d.u.i.k.p.i.AbstractProblemLoader Replaying proof arrayMax.key 
48196      DEBUG main            d.u.i.k.p.i.IntermediateProofReplayer Proof replay took 7.8ns 
49603      INFO  main            d.u.i.k.p.r.p.TestFile    ... finished proof: closed. 
49850      INFO  main            d.u.i.k.p.i.AbstractProblemLoader Loading environment from /home/runner/work/key/key/key.core/../key.ui/examples/standard_key/java_dl/arrayMax.key.proof 
49850      DEBUG main            d.u.i.k.p.i.AbstractProblemLoader Environment load took 165.7ns 
49852      INFO  main            d.u.i.k.p.i.AbstractProblemLoader Creating init config 
52458      DEBUG main            d.u.i.k.p.i.AbstractProblemLoader Init config took 2.61s 
52482      INFO  main            d.u.i.k.p.i.AbstractProblemLoader Replaying proof arrayMax.key.proof 
52696      DEBUG main            d.u.i.k.p.i.IntermediateProofReplayer Proof replay took 206.73ms 
52698      DEBUG main            d.u.i.k.p.r.p.TestFile    ... success: reloaded. 
52699      INFO  main            d.u.i.k.p.r.p.TestFile    Now processing file /home/runner/work/key/key/key.core/../key.ui/examples/standard_key/java_dl/arrayUpdateSimp.key 
52700      INFO  main            d.u.i.k.p.i.AbstractProblemLoader Loading environment from /home/runner/work/key/key/key.core/../key.ui/examples/standard_key/java_dl/arrayUpdateSimp.key 
52700      DEBUG main            d.u.i.k.p.i.AbstractProblemLoader Environment load took 219ns 
52703      INFO  main            d.u.i.k.p.i.AbstractProblemLoader Creating init config 
52729      WARN  main            d.u.i.k.j.r.KeYCrossReferenceNameInfo Datatype java.io.PrintStream declared twice: Once in FILE:/home/runner/work/key/key/key.core/../key.ui/examples/standard_key/java_dl/./classpath/PrintStream.java and once in URL:file:/home/runner/work/key/key/key.core/build/resources/main/de/uka/ilkd/key/java/JavaRedux/java/io/PrintStream.java, Keeping one from URL:file:/home/runner/work/key/key/key.core/build/resources/main/de/uka/ilkd/key/java/JavaRedux/java/io/PrintStream.java 
52730      WARN  main            d.u.i.k.j.r.KeYCrossReferenceNameInfo Datatype java.lang.System declared twice: Once in FILE:/home/runner/work/key/key/key.core/../key.ui/examples/standard_key/java_dl/./classpath/System.java and once in URL:file:/home/runner/work/key/key/key.core/build/resources/main/de/uka/ilkd/key/java/JavaRedux/java/lang/System.java, Keeping one from URL:file:/home/runner/work/key/key/key.core/build/resources/main/de/uka/ilkd/key/java/JavaRedux/java/lang/System.java 
52730      WARN  main            d.u.i.k.j.r.KeYCrossReferenceNameInfo Datatype java.io.InputStream declared twice: Once in FILE:/home/runner/work/key/key/key.core/../key.ui/examples/standard_key/java_dl/./classpath/InputStream.java and once in URL:file:/home/runner/work/key/key/key.core/build/resources/main/de/uka/ilkd/key/java/JavaRedux/java/io/InputStream.java, Keeping one from URL:file:/home/runner/work/key/key/key.core/build/resources/main/de/uka/ilkd/key/java/JavaRedux/java/io/InputStream.java 
52735      DEBUG main            d.u.i.k.j.r.ClassFileDeclarationBuilder Parsing: package java.io; public class Closeable { } 
52736      DEBUG main            r.s.KeYCrossReferenceSourceInfo Dynamically created class: java.io.Closeable 
55436      DEBUG main            d.u.i.k.p.i.AbstractProblemLoader Init config took 2.73s 
55461      INFO  main            d.u.i.k.p.i.AbstractProblemLoader Replaying proof arrayUpdateSimp.key 
55463      DEBUG main            d.u.i.k.p.i.IntermediateProofReplayer Proof replay took 7.7ns 
55566      INFO  main            d.u.i.k.p.r.p.TestFile    ... finished proof: closed. 
55829      INFO  main            d.u.i.k.p.i.AbstractProblemLoader Loading environment from /home/runner/work/key/key/key.core/../key.ui/examples/standard_key/java_dl/arrayUpdateSimp.key.proof 
55829      DEBUG main            d.u.i.k.p.i.AbstractProblemLoader Environment load took 132.1ns 
55835      INFO  main            d.u.i.k.p.i.AbstractProblemLoader Creating init config 
55866      WARN  main            d.u.i.k.j.r.KeYCrossReferenceNameInfo Datatype java.io.PrintStream declared twice: Once in FILE:/home/runner/work/key/key/key.core/../key.ui/examples/standard_key/java_dl/classpath/PrintStream.java and once in URL:file:/home/runner/work/key/key/key.core/build/resources/main/de/uka/ilkd/key/java/JavaRedux/java/io/PrintStream.java, Keeping one from URL:file:/home/runner/work/key/key/key.core/build/resources/main/de/uka/ilkd/key/java/JavaRedux/java/io/PrintStream.java 
55866      WARN  main            d.u.i.k.j.r.KeYCrossReferenceNameInfo Datatype java.lang.System declared twice: Once in FILE:/home/runner/work/key/key/key.core/../key.ui/examples/standard_key/java_dl/classpath/System.java and once in URL:file:/home/runner/work/key/key/key.core/build/resources/main/de/uka/ilkd/key/java/JavaRedux/java/lang/System.java, Keeping one from URL:file:/home/runner/work/key/key/key.core/build/resources/main/de/uka/ilkd/key/java/JavaRedux/java/lang/System.java 
55867      WARN  main            d.u.i.k.j.r.KeYCrossReferenceNameInfo Datatype java.io.InputStream declared twice: Once in FILE:/home/runner/work/key/key/key.core/../key.ui/examples/standard_key/java_dl/classpath/InputStream.java and once in URL:file:/home/runner/work/key/key/key.core/build/resources/main/de/uka/ilkd/key/java/JavaRedux/java/io/InputStream.java, Keeping one from URL:file:/home/runner/work/key/key/key.core/build/resources/main/de/uka/ilkd/key/java/JavaRedux/java/io/InputStream.java 
55870      DEBUG main            d.u.i.k.j.r.ClassFileDeclarationBuilder Parsing: package java.io; public class Closeable { } 
55870      DEBUG main            r.s.KeYCrossReferenceSourceInfo Dynamically created class: java.io.Closeable 
58489      DEBUG main            d.u.i.k.p.i.AbstractProblemLoader Init config took 2.65s 
58510      INFO  main            d.u.i.k.p.i.AbstractProblemLoader Replaying proof arrayUpdateSimp.key.proof 
58512      DEBUG main            d.u.i.k.p.i.IntermediateProofReplayer Proof replay took 582.8ns 
58514      DEBUG main            d.u.i.k.p.r.p.TestFile    ... success: reloaded. 
58515      INFO  main            d.u.i.k.p.r.p.TestFile    Now processing file /home/runner/work/key/key/key.core/../key.ui/examples/standard_key/java_dl/attributes.key 
58515      INFO  main            d.u.i.k.p.i.AbstractProblemLoader Loading environment from /home/runner/work/key/key/key.core/../key.ui/examples/standard_key/java_dl/attributes.key 
58515      DEBUG main            d.u.i.k.p.i.AbstractProblemLoader Environment load took 186.7ns 
58516      INFO  main            d.u.i.k.p.i.AbstractProblemLoader Creating init config 
61159      DEBUG main            d.u.i.k.p.i.AbstractProblemLoader Init config took 2.64s 
61178      INFO  main            d.u.i.k.p.i.AbstractProblemLoader Replaying proof attributes.key 
61179      DEBUG main            d.u.i.k.p.i.IntermediateProofReplayer Proof replay took 7.3ns 
61382      INFO  main            d.u.i.k.p.r.p.TestFile    ... finished proof: closed. 
61694      INFO  main            d.u.i.k.p.i.AbstractProblemLoader Loading environment from /home/runner/work/key/key/key.core/../key.ui/examples/standard_key/java_dl/attributes.key.proof 
61694      DEBUG main            d.u.i.k.p.i.AbstractProblemLoader Environment load took 188.4ns 
61696      INFO  main            d.u.i.k.p.i.AbstractProblemLoader Creating init config 
64275      DEBUG main            d.u.i.k.p.i.AbstractProblemLoader Init config took 2.58s 
64292      INFO  main            d.u.i.k.p.i.AbstractProblemLoader Replaying proof attributes.key.proof 
64338      DEBUG main            d.u.i.k.p.i.IntermediateProofReplayer Proof replay took 40.78ms 
64340      DEBUG main            d.u.i.k.p.r.p.TestFile    ... success: reloaded. 
64341      INFO  main            d.u.i.k.p.r.p.TestFile    Now processing file /home/runner/work/key/key/key.core/../key.ui/examples/standard_key/java_dl/break.key 
64344      INFO  main            d.u.i.k.p.i.AbstractProblemLoader Loading environment from /home/runner/work/key/key/key.core/../key.ui/examples/standard_key/java_dl/break.key 
64344      DEBUG main            d.u.i.k.p.i.AbstractProblemLoader Environment load took 255.5ns 
64352      INFO  main            d.u.i.k.p.i.AbstractProblemLoader Creating init config 
64396      WARN  main            d.u.i.k.j.r.KeYCrossReferenceNameInfo Datatype java.io.PrintStream declared twice: Once in FILE:/home/runner/work/key/key/key.core/../key.ui/examples/standard_key/java_dl/classpath/PrintStream.java and once in URL:file:/home/runner/work/key/key/key.core/build/resources/main/de/uka/ilkd/key/java/JavaRedux/java/io/PrintStream.java, Keeping one from URL:file:/home/runner/work/key/key/key.core/build/resources/main/de/uka/ilkd/key/java/JavaRedux/java/io/PrintStream.java 
64397      WARN  main            d.u.i.k.j.r.KeYCrossReferenceNameInfo Datatype java.lang.System declared twice: Once in FILE:/home/runner/work/key/key/key.core/../key.ui/examples/standard_key/java_dl/classpath/System.java and once in URL:file:/home/runner/work/key/key/key.core/build/resources/main/de/uka/ilkd/key/java/JavaRedux/java/lang/System.java, Keeping one from URL:file:/home/runner/work/key/key/key.core/build/resources/main/de/uka/ilkd/key/java/JavaRedux/java/lang/System.java 
64397      WARN  main            d.u.i.k.j.r.KeYCrossReferenceNameInfo Datatype java.io.InputStream declared twice: Once in FILE:/home/runner/work/key/key/key.core/../key.ui/examples/standard_key/java_dl/classpath/InputStream.java and once in URL:file:/home/runner/work/key/key/key.core/build/resources/main/de/uka/ilkd/key/java/JavaRedux/java/io/InputStream.java, Keeping one from URL:file:/home/runner/work/key/key/key.core/build/resources/main/de/uka/ilkd/key/java/JavaRedux/java/io/InputStream.java 
64401      DEBUG main            d.u.i.k.j.r.ClassFileDeclarationBuilder Parsing: package java.io; public class Closeable { } 
64401      DEBUG main            r.s.KeYCrossReferenceSourceInfo Dynamically created class: java.io.Closeable 
66991      DEBUG main            d.u.i.k.p.i.AbstractProblemLoader Init config took 2.64s 
67007      INFO  main            d.u.i.k.p.i.AbstractProblemLoader Replaying proof break.key 
67009      DEBUG main            d.u.i.k.p.i.IntermediateProofReplayer Proof replay took 7.9ns 
67115      INFO  main            d.u.i.k.p.r.p.TestFile    ... finished proof: closed. 
67337      INFO  main            d.u.i.k.p.i.AbstractProblemLoader Loading environment from /home/runner/work/key/key/key.core/../key.ui/examples/standard_key/java_dl/break.key.proof 
67337      DEBUG main            d.u.i.k.p.i.AbstractProblemLoader Environment load took 125.6ns 
67338      INFO  main            d.u.i.k.p.i.AbstractProblemLoader Creating init config 
67364      WARN  main            d.u.i.k.j.r.KeYCrossReferenceNameInfo Datatype java.io.PrintStream declared twice: Once in FILE:/home/runner/work/key/key/key.core/../key.ui/examples/standard_key/java_dl/classpath/PrintStream.java and once in URL:file:/home/runner/work/key/key/key.core/build/resources/main/de/uka/ilkd/key/java/JavaRedux/java/io/PrintStream.java, Keeping one from URL:file:/home/runner/work/key/key/key.core/build/resources/main/de/uka/ilkd/key/java/JavaRedux/java/io/PrintStream.java 
67364      WARN  main            d.u.i.k.j.r.KeYCrossReferenceNameInfo Datatype java.lang.System declared twice: Once in FILE:/home/runner/work/key/key/key.core/../key.ui/examples/standard_key/java_dl/classpath/System.java and once in URL:file:/home/runner/work/key/key/key.core/build/resources/main/de/uka/ilkd/key/java/JavaRedux/java/lang/System.java, Keeping one from URL:file:/home/runner/work/key/key/key.core/build/resources/main/de/uka/ilkd/key/java/JavaRedux/java/lang/System.java 
67364      WARN  main            d.u.i.k.j.r.KeYCrossReferenceNameInfo Datatype java.io.InputStream declared twice: Once in FILE:/home/runner/work/key/key/key.core/../key.ui/examples/standard_key/java_dl/classpath/InputStream.java and once in URL:file:/home/runner/work/key/key/key.core/build/resources/main/de/uka/ilkd/key/java/JavaRedux/java/io/InputStream.java, Keeping one from URL:file:/home/runner/work/key/key/key.core/build/resources/main/de/uka/ilkd/key/java/JavaRedux/java/io/InputStream.java 
67367      DEBUG main            d.u.i.k.j.r.ClassFileDeclarationBuilder Parsing: package java.io; public class Closeable { } 
67367      DEBUG main            r.s.KeYCrossReferenceSourceInfo Dynamically created class: java.io.Closeable 
69866      DEBUG main            d.u.i.k.p.i.AbstractProblemLoader Init config took 2.53s 
69883      INFO  main            d.u.i.k.p.i.AbstractProblemLoader Replaying proof break.key.proof 
69893      DEBUG main            d.u.i.k.p.i.IntermediateProofReplayer Proof replay took 7.83ms 
69895      DEBUG main            d.u.i.k.p.r.p.TestFile    ... success: reloaded. 
69896      INFO  main            d.u.i.k.p.r.p.TestFile    Now processing file /home/runner/work/key/key/key.core/../key.ui/examples/standard_key/java_dl/char.key 
69896      INFO  main            d.u.i.k.p.i.AbstractProblemLoader Loading environment from /home/runner/work/key/key/key.core/../key.ui/examples/standard_key/java_dl/char.key 
69896      DEBUG main            d.u.i.k.p.i.AbstractProblemLoader Environment load took 474.8ns 
69897      INFO  main            d.u.i.k.p.i.AbstractProblemLoader Creating init config 
72547      DEBUG main            d.u.i.k.p.i.AbstractProblemLoader Init config took 2.65s 
72566      INFO  main            d.u.i.k.p.i.AbstractProblemLoader Replaying proof char.key 
72568      DEBUG main            d.u.i.k.p.i.IntermediateProofReplayer Proof replay took 8.5ns 
72671      INFO  main            d.u.i.k.p.r.p.TestFile    ... finished proof: closed. 
72908      INFO  main            d.u.i.k.p.i.AbstractProblemLoader Loading environment from /home/runner/work/key/key/key.core/../key.ui/examples/standard_key/java_dl/char.key.proof 
72908      DEBUG main            d.u.i.k.p.i.AbstractProblemLoader Environment load took 133.3ns 
72909      INFO  main            d.u.i.k.p.i.AbstractProblemLoader Creating init config 
75424      DEBUG main            d.u.i.k.p.i.AbstractProblemLoader Init config took 2.51s 
75449      INFO  main            d.u.i.k.p.i.AbstractProblemLoader Replaying proof char.key.proof 
75463      DEBUG main            d.u.i.k.p.i.IntermediateProofReplayer Proof replay took 9.56ms 
75464      DEBUG main            d.u.i.k.p.r.p.TestFile    ... success: reloaded. 
75466      INFO  main            d.u.i.k.p.r.p.TestFile    Now processing file /home/runner/work/key/key/key.core/../key.ui/examples/standard_key/java_dl/compileTimeConstants.key 
75466      INFO  main            d.u.i.k.p.i.AbstractProblemLoader Loading environment from /home/runner/work/key/key/key.core/../key.ui/examples/standard_key/java_dl/compileTimeConstants.key 
75466      DEBUG main            d.u.i.k.p.i.AbstractProblemLoader Environment load took 260.2ns 
75469      INFO  main            d.u.i.k.p.i.AbstractProblemLoader Creating init config 
78093      DEBUG main            d.u.i.k.p.i.AbstractProblemLoader Init config took 2.62s 
78110      INFO  main            d.u.i.k.p.i.AbstractProblemLoader Replaying proof compileTimeConstants.key 
78111      DEBUG main            d.u.i.k.p.i.IntermediateProofReplayer Proof replay took 7.6ns 
78216      INFO  main            d.u.i.k.p.r.p.TestFile    ... finished proof: closed. 
78456      INFO  main            d.u.i.k.p.i.AbstractProblemLoader Loading environment from /home/runner/work/key/key/key.core/../key.ui/examples/standard_key/java_dl/compileTimeConstants.key.proof 
78456      DEBUG main            d.u.i.k.p.i.AbstractProblemLoader Environment load took 175.3ns 
78457      INFO  main            d.u.i.k.p.i.AbstractProblemLoader Creating init config 
81007      DEBUG main            d.u.i.k.p.i.AbstractProblemLoader Init config took 2.55s 
81025      INFO  main            d.u.i.k.p.i.AbstractProblemLoader Replaying proof compileTimeConstants.key.proof 
81039      DEBUG main            d.u.i.k.p.i.IntermediateProofReplayer Proof replay took 11.64ms 
81045      DEBUG main            d.u.i.k.p.r.p.TestFile    ... success: reloaded. 
81046      INFO  main            d.u.i.k.p.r.p.TestFile    Now processing file /home/runner/work/key/key/key.core/../key.ui/examples/standard_key/java_dl/constructorException/test.key 
81046      INFO  main            d.u.i.k.p.i.AbstractProblemLoader Loading environment from /home/runner/work/key/key/key.core/../key.ui/examples/standard_key/java_dl/constructorException/test.key 
81046      DEBUG main            d.u.i.k.p.i.AbstractProblemLoader Environment load took 155ns 
81047      INFO  main            d.u.i.k.p.i.AbstractProblemLoader Creating init config 
83733      DEBUG main            d.u.i.k.p.i.AbstractProblemLoader Init config took 2.69s 
83817      INFO  main            d.u.i.k.p.i.AbstractProblemLoader Replaying proof Test[Test::Test(int)].JML operation contract.0 
83819      DEBUG main            d.u.i.k.p.i.IntermediateProofReplayer Proof replay took 6.1ns 
84125      INFO  main            d.u.i.k.p.r.p.TestFile    ... finished proof: closed. 
84364      INFO  main            d.u.i.k.p.i.AbstractProblemLoader Loading environment from /home/runner/work/key/key/key.core/../key.ui/examples/standard_key/java_dl/constructorException/test.key.proof 
84364      DEBUG main            d.u.i.k.p.i.AbstractProblemLoader Environment load took 126.6ns 
84365      INFO  main            d.u.i.k.p.i.AbstractProblemLoader Creating init config 
87006      DEBUG main            d.u.i.k.p.i.AbstractProblemLoader Init config took 2.64s 
87057      INFO  main            d.u.i.k.p.i.AbstractProblemLoader Replaying proof Test[Test::Test(int)].JML operation contract.0 
87114      DEBUG main            d.u.i.k.p.i.IntermediateProofReplayer Proof replay took 54.59ms 
87116      DEBUG main            d.u.i.k.p.r.p.TestFile    ... success: reloaded. 
87117      INFO  main            d.u.i.k.p.r.p.TestFile    Now processing file /home/runner/work/key/key/key.core/../key.ui/examples/standard_key/java_dl/constructorException/regressionTestBug1333.key 
87117      INFO  main            d.u.i.k.p.i.AbstractProblemLoader Loading environment from /home/runner/work/key/key/key.core/../key.ui/examples/standard_key/java_dl/constructorException/regressionTestBug1333.key 
87117      DEBUG main            d.u.i.k.p.i.AbstractProblemLoader Environment load took 200.9ns 
87118      INFO  main            d.u.i.k.p.i.AbstractProblemLoader Creating init config 
89719      DEBUG main            d.u.i.k.p.i.AbstractProblemLoader Init config took 2.6s 
89765      INFO  main            d.u.i.k.p.i.AbstractProblemLoader Replaying proof False[False::False()].JML normal_behavior operation contract.0 
89768      DEBUG main            d.u.i.k.p.i.IntermediateProofReplayer Proof replay took 8.4ns 
89871      INFO  main            d.u.i.k.p.r.p.TestFile    ... finished proof: open goal(s) 
90128      INFO  main            d.u.i.k.p.r.p.TestFile    Now processing file /home/runner/work/key/key/key.core/../key.ui/examples/standard_key/java_dl/continue1.key 
90129      INFO  main            d.u.i.k.p.i.AbstractProblemLoader Loading environment from /home/runner/work/key/key/key.core/../key.ui/examples/standard_key/java_dl/continue1.key 
90130      DEBUG main            d.u.i.k.p.i.AbstractProblemLoader Environment load took 250.3ns 
90131      INFO  main            d.u.i.k.p.i.AbstractProblemLoader Creating init config 
90156      WARN  main            d.u.i.k.j.r.KeYCrossReferenceNameInfo Datatype java.io.PrintStream declared twice: Once in FILE:/home/runner/work/key/key/key.core/../key.ui/examples/standard_key/java_dl/classpath/PrintStream.java and once in URL:file:/home/runner/work/key/key/key.core/build/resources/main/de/uka/ilkd/key/java/JavaRedux/java/io/PrintStream.java, Keeping one from URL:file:/home/runner/work/key/key/key.core/build/resources/main/de/uka/ilkd/key/java/JavaRedux/java/io/PrintStream.java 
90156      WARN  main            d.u.i.k.j.r.KeYCrossReferenceNameInfo Datatype java.lang.System declared twice: Once in FILE:/home/runner/work/key/key/key.core/../key.ui/examples/standard_key/java_dl/classpath/System.java and once in URL:file:/home/runner/work/key/key/key.core/build/resources/main/de/uka/ilkd/key/java/JavaRedux/java/lang/System.java, Keeping one from URL:file:/home/runner/work/key/key/key.core/build/resources/main/de/uka/ilkd/key/java/JavaRedux/java/lang/System.java 
90156      WARN  main            d.u.i.k.j.r.KeYCrossReferenceNameInfo Datatype java.io.InputStream declared twice: Once in FILE:/home/runner/work/key/key/key.core/../key.ui/examples/standard_key/java_dl/classpath/InputStream.java and once in URL:file:/home/runner/work/key/key/key.core/build/resources/main/de/uka/ilkd/key/java/JavaRedux/java/io/InputStream.java, Keeping one from URL:file:/home/runner/work/key/key/key.core/build/resources/main/de/uka/ilkd/key/java/JavaRedux/java/io/InputStream.java 
90159      DEBUG main            d.u.i.k.j.r.ClassFileDeclarationBuilder Parsing: package java.io; public class Closeable { } 
90160      DEBUG main            r.s.KeYCrossReferenceSourceInfo Dynamically created class: java.io.Closeable 
92717      DEBUG main            d.u.i.k.p.i.AbstractProblemLoader Init config took 2.59s 
92732      INFO  main            d.u.i.k.p.i.AbstractProblemLoader Replaying proof continue1.key 
92734      DEBUG main            d.u.i.k.p.i.IntermediateProofReplayer Proof replay took 7.2ns 
92840      INFO  main            d.u.i.k.p.r.p.TestFile    ... finished proof: closed. 
93086      INFO  main            d.u.i.k.p.i.AbstractProblemLoader Loading environment from /home/runner/work/key/key/key.core/../key.ui/examples/standard_key/java_dl/continue1.key.proof 
93087      DEBUG main            d.u.i.k.p.i.AbstractProblemLoader Environment load took 1.04ms 
93088      INFO  main            d.u.i.k.p.i.AbstractProblemLoader Creating init config 
93118      WARN  main            d.u.i.k.j.r.KeYCrossReferenceNameInfo Datatype java.io.PrintStream declared twice: Once in FILE:/home/runner/work/key/key/key.core/../key.ui/examples/standard_key/java_dl/classpath/PrintStream.java and once in URL:file:/home/runner/work/key/key/key.core/build/resources/main/de/uka/ilkd/key/java/JavaRedux/java/io/PrintStream.java, Keeping one from URL:file:/home/runner/work/key/key/key.core/build/resources/main/de/uka/ilkd/key/java/JavaRedux/java/io/PrintStream.java 
93119      WARN  main            d.u.i.k.j.r.KeYCrossReferenceNameInfo Datatype java.lang.System declared twice: Once in FILE:/home/runner/work/key/key/key.core/../key.ui/examples/standard_key/java_dl/classpath/System.java and once in URL:file:/home/runner/work/key/key/key.core/build/resources/main/de/uka/ilkd/key/java/JavaRedux/java/lang/System.java, Keeping one from URL:file:/home/runner/work/key/key/key.core/build/resources/main/de/uka/ilkd/key/java/JavaRedux/java/lang/System.java 
93119      WARN  main            d.u.i.k.j.r.KeYCrossReferenceNameInfo Datatype java.io.InputStream declared twice: Once in FILE:/home/runner/work/key/key/key.core/../key.ui/examples/standard_key/java_dl/classpath/InputStream.java and once in URL:file:/home/runner/work/key/key/key.core/build/resources/main/de/uka/ilkd/key/java/JavaRedux/java/io/InputStream.java, Keeping one from URL:file:/home/runner/work/key/key/key.core/build/resources/main/de/uka/ilkd/key/java/JavaRedux/java/io/InputStream.java 
93123      DEBUG main            d.u.i.k.j.r.ClassFileDeclarationBuilder Parsing: package java.io; public class Closeable { } 
93123      DEBUG main            r.s.KeYCrossReferenceSourceInfo Dynamically created class: java.io.Closeable 
95774      DEBUG main            d.u.i.k.p.i.AbstractProblemLoader Init config took 2.69s 
95794      INFO  main            d.u.i.k.p.i.AbstractProblemLoader Replaying proof continue1.key.proof 
95820      DEBUG main            d.u.i.k.p.i.IntermediateProofReplayer Proof replay took 22.06ms 
95823      DEBUG main            d.u.i.k.p.r.p.TestFile    ... success: reloaded. 
95827      INFO  main            d.u.i.k.p.r.p.TestFile    Now processing file /home/runner/work/key/key/key.core/../key.ui/examples/standard_key/java_dl/continue2.key 
95831      INFO  main            d.u.i.k.p.i.AbstractProblemLoader Loading environment from /home/runner/work/key/key/key.core/../key.ui/examples/standard_key/java_dl/continue2.key 
95832      DEBUG main            d.u.i.k.p.i.AbstractProblemLoader Environment load took 1.24ms 
95834      INFO  main            d.u.i.k.p.i.AbstractProblemLoader Creating init config 
95861      WARN  main            d.u.i.k.j.r.KeYCrossReferenceNameInfo Datatype java.io.PrintStream declared twice: Once in FILE:/home/runner/work/key/key/key.core/../key.ui/examples/standard_key/java_dl/classpath/PrintStream.java and once in URL:file:/home/runner/work/key/key/key.core/build/resources/main/de/uka/ilkd/key/java/JavaRedux/java/io/PrintStream.java, Keeping one from URL:file:/home/runner/work/key/key/key.core/build/resources/main/de/uka/ilkd/key/java/JavaRedux/java/io/PrintStream.java 
95861      WARN  main            d.u.i.k.j.r.KeYCrossReferenceNameInfo Datatype java.lang.System declared twice: Once in FILE:/home/runner/work/key/key/key.core/../key.ui/examples/standard_key/java_dl/classpath/System.java and once in URL:file:/home/runner/work/key/key/key.core/build/resources/main/de/uka/ilkd/key/java/JavaRedux/java/lang/System.java, Keeping one from URL:file:/home/runner/work/key/key/key.core/build/resources/main/de/uka/ilkd/key/java/JavaRedux/java/lang/System.java 
95862      WARN  main            d.u.i.k.j.r.KeYCrossReferenceNameInfo Datatype java.io.InputStream declared twice: Once in FILE:/home/runner/work/key/key/key.core/../key.ui/examples/standard_key/java_dl/classpath/InputStream.java and once in URL:file:/home/runner/work/key/key/key.core/build/resources/main/de/uka/ilkd/key/java/JavaRedux/java/io/InputStream.java, Keeping one from URL:file:/home/runner/work/key/key/key.core/build/resources/main/de/uka/ilkd/key/java/JavaRedux/java/io/InputStream.java 
95866      DEBUG main            d.u.i.k.j.r.ClassFileDeclarationBuilder Parsing: package java.io; public class Closeable { } 
95867      DEBUG main            r.s.KeYCrossReferenceSourceInfo Dynamically created class: java.io.Closeable 
98613      DEBUG main            d.u.i.k.p.i.AbstractProblemLoader Init config took 2.78s 
98631      INFO  main            d.u.i.k.p.i.AbstractProblemLoader Replaying proof continue2.key 
98633      DEBUG main            d.u.i.k.p.i.IntermediateProofReplayer Proof replay took 8.2ns 
98936      INFO  main            d.u.i.k.p.r.p.TestFile    ... finished proof: closed. 
99236      INFO  main            d.u.i.k.p.i.AbstractProblemLoader Loading environment from /home/runner/work/key/key/key.core/../key.ui/examples/standard_key/java_dl/continue2.key.proof 
99236      DEBUG main            d.u.i.k.p.i.AbstractProblemLoader Environment load took 504.3ns 
99238      INFO  main            d.u.i.k.p.i.AbstractProblemLoader Creating init config 
99266      WARN  main            d.u.i.k.j.r.KeYCrossReferenceNameInfo Datatype java.io.PrintStream declared twice: Once in FILE:/home/runner/work/key/key/key.core/../key.ui/examples/standard_key/java_dl/classpath/PrintStream.java and once in URL:file:/home/runner/work/key/key/key.core/build/resources/main/de/uka/ilkd/key/java/JavaRedux/java/io/PrintStream.java, Keeping one from URL:file:/home/runner/work/key/key/key.core/build/resources/main/de/uka/ilkd/key/java/JavaRedux/java/io/PrintStream.java 
99266      WARN  main            d.u.i.k.j.r.KeYCrossReferenceNameInfo Datatype java.lang.System declared twice: Once in FILE:/home/runner/work/key/key/key.core/../key.ui/examples/standard_key/java_dl/classpath/System.java and once in URL:file:/home/runner/work/key/key/key.core/build/resources/main/de/uka/ilkd/key/java/JavaRedux/java/lang/System.java, Keeping one from URL:file:/home/runner/work/key/key/key.core/build/resources/main/de/uka/ilkd/key/java/JavaRedux/java/lang/System.java 
99267      WARN  main            d.u.i.k.j.r.KeYCrossReferenceNameInfo Datatype java.io.InputStream declared twice: Once in FILE:/home/runner/work/key/key/key.core/../key.ui/examples/standard_key/java_dl/classpath/InputStream.java and once in URL:file:/home/runner/work/key/key/key.core/build/resources/main/de/uka/ilkd/key/java/JavaRedux/java/io/InputStream.java, Keeping one from URL:file:/home/runner/work/key/key/key.core/build/resources/main/de/uka/ilkd/key/java/JavaRedux/java/io/InputStream.java 
99270      DEBUG main            d.u.i.k.j.r.ClassFileDeclarationBuilder Parsing: package java.io; public class Closeable { } 
99271      DEBUG main            r.s.KeYCrossReferenceSourceInfo Dynamically created class: java.io.Closeable 
102125     DEBUG main            d.u.i.k.p.i.AbstractProblemLoader Init config took 2.89s 
102141     INFO  main            d.u.i.k.p.i.AbstractProblemLoader Replaying proof continue2.key.proof 
102221     DEBUG main            d.u.i.k.p.i.IntermediateProofReplayer Proof replay took 76.63ms 
102223     DEBUG main            d.u.i.k.p.r.p.TestFile    ... success: reloaded. 
102225     INFO  main            d.u.i.k.p.r.p.TestFile    Now processing file /home/runner/work/key/key/key.core/../key.ui/examples/standard_key/java_dl/complexAssignment.key 
102226     INFO  main            d.u.i.k.p.i.AbstractProblemLoader Loading environment from /home/runner/work/key/key/key.core/../key.ui/examples/standard_key/java_dl/complexAssignment.key 
102226     DEBUG main            d.u.i.k.p.i.AbstractProblemLoader Environment load took 227.9ns 
102228     INFO  main            d.u.i.k.p.i.AbstractProblemLoader Creating init config 
105008     DEBUG main            d.u.i.k.p.i.AbstractProblemLoader Init config took 2.78s 
105047     INFO  main            d.u.i.k.p.i.AbstractProblemLoader Replaying proof complexAssignment.key 
105048     DEBUG main            d.u.i.k.p.i.IntermediateProofReplayer Proof replay took 8.3ns 
105151     INFO  main            d.u.i.k.p.r.p.TestFile    ... finished proof: closed. 
105434     INFO  main            d.u.i.k.p.i.AbstractProblemLoader Loading environment from /home/runner/work/key/key/key.core/../key.ui/examples/standard_key/java_dl/complexAssignment.key.proof 
105434     DEBUG main            d.u.i.k.p.i.AbstractProblemLoader Environment load took 109.7ns 
105437     INFO  main            d.u.i.k.p.i.AbstractProblemLoader Creating init config 
108077     DEBUG main            d.u.i.k.p.i.AbstractProblemLoader Init config took 2.64s 
108094     INFO  main            d.u.i.k.p.i.AbstractProblemLoader Replaying proof complexAssignment.key.proof 
108104     DEBUG main            d.u.i.k.p.i.IntermediateProofReplayer Proof replay took 7.17ms 
108104     DEBUG main            d.u.i.k.p.r.p.TestFile    ... success: reloaded. 
108105     INFO  main            d.u.i.k.p.r.p.TestFile    Now processing file /home/runner/work/key/key/key.core/../key.ui/examples/standard_key/java_dl/danglingElseSolution1.key 
108105     INFO  main            d.u.i.k.p.i.AbstractProblemLoader Loading environment from /home/runner/work/key/key/key.core/../key.ui/examples/standard_key/java_dl/danglingElseSolution1.key 
108105     DEBUG main            d.u.i.k.p.i.AbstractProblemLoader Environment load took 114.9ns 
108106     INFO  main            d.u.i.k.p.i.AbstractProblemLoader Creating init config 
110778     DEBUG main            d.u.i.k.p.i.AbstractProblemLoader Init config took 2.67s 
110792     INFO  main            d.u.i.k.p.i.AbstractProblemLoader Replaying proof danglingElseSolution1.key 
110794     DEBUG main            d.u.i.k.p.i.IntermediateProofReplayer Proof replay took 7.2ns 
110896     INFO  main            d.u.i.k.p.r.p.TestFile    ... finished proof: closed. 
111231     INFO  main            d.u.i.k.p.i.AbstractProblemLoader Loading environment from /home/runner/work/key/key/key.core/../key.ui/examples/standard_key/java_dl/danglingElseSolution1.key.proof 
111231     DEBUG main            d.u.i.k.p.i.AbstractProblemLoader Environment load took 129.3ns 
111232     INFO  main            d.u.i.k.p.i.AbstractProblemLoader Creating init config 
113929     DEBUG main            d.u.i.k.p.i.AbstractProblemLoader Init config took 2.7s 
113947     INFO  main            d.u.i.k.p.i.AbstractProblemLoader Replaying proof danglingElseSolution1.key.proof 
113958     DEBUG main            d.u.i.k.p.i.IntermediateProofReplayer Proof replay took 8.75ms 
113959     DEBUG main            d.u.i.k.p.r.p.TestFile    ... success: reloaded. 
113960     INFO  main            d.u.i.k.p.r.p.TestFile    Now processing file /home/runner/work/key/key/key.core/../key.ui/examples/standard_key/java_dl/danglingElseSolution2.key 
113961     INFO  main            d.u.i.k.p.i.AbstractProblemLoader Loading environment from /home/runner/work/key/key/key.core/../key.ui/examples/standard_key/java_dl/danglingElseSolution2.key 
113961     DEBUG main            d.u.i.k.p.i.AbstractProblemLoader Environment load took 268.3ns 
113962     INFO  main            d.u.i.k.p.i.AbstractProblemLoader Creating init config 
116590     DEBUG main            d.u.i.k.p.i.AbstractProblemLoader Init config took 2.63s 
116606     INFO  main            d.u.i.k.p.i.AbstractProblemLoader Replaying proof danglingElseSolution2.key 
116607     DEBUG main            d.u.i.k.p.i.IntermediateProofReplayer Proof replay took 6.7ns 
116712     INFO  main            d.u.i.k.p.r.p.TestFile    ... finished proof: closed. 
116984     INFO  main            d.u.i.k.p.i.AbstractProblemLoader Loading environment from /home/runner/work/key/key/key.core/../key.ui/examples/standard_key/java_dl/danglingElseSolution2.key.proof 
116984     DEBUG main            d.u.i.k.p.i.AbstractProblemLoader Environment load took 109.9ns 
116985     INFO  main            d.u.i.k.p.i.AbstractProblemLoader Creating init config 
119564     DEBUG main            d.u.i.k.p.i.AbstractProblemLoader Init config took 2.58s 
119582     INFO  main            d.u.i.k.p.i.AbstractProblemLoader Replaying proof danglingElseSolution2.key.proof 
119605     DEBUG main            d.u.i.k.p.i.IntermediateProofReplayer Proof replay took 17.36ms 
119606     DEBUG main            d.u.i.k.p.r.p.TestFile    ... success: reloaded. 
119607     INFO  main            d.u.i.k.p.r.p.TestFile    Now processing file /home/runner/work/key/key/key.core/../key.ui/examples/standard_key/java_dl/deepNonNull/deepNonNull0.key 
119607     INFO  main            d.u.i.k.p.i.AbstractProblemLoader Loading environment from /home/runner/work/key/key/key.core/../key.ui/examples/standard_key/java_dl/deepNonNull/deepNonNull0.key 
119607     DEBUG main            d.u.i.k.p.i.AbstractProblemLoader Environment load took 157.9ns 
119608     INFO  main            d.u.i.k.p.i.AbstractProblemLoader Creating init config 
122333     DEBUG main            d.u.i.k.p.i.AbstractProblemLoader Init config took 2.72s 
122377     INFO  main            d.u.i.k.p.i.AbstractProblemLoader Replaying proof Arrays[Arrays::get()].JML operation contract.0 
122379     DEBUG main            d.u.i.k.p.i.IntermediateProofReplayer Proof replay took 7.6ns 
122583     INFO  main            d.u.i.k.p.r.p.TestFile    ... finished proof: closed. 
122867     INFO  main            d.u.i.k.p.i.AbstractProblemLoader Loading environment from /home/runner/work/key/key/key.core/../key.ui/examples/standard_key/java_dl/deepNonNull/deepNonNull0.key.proof 
122878     DEBUG main            d.u.i.k.p.i.AbstractProblemLoader Environment load took 11.29ms 
122880     INFO  main            d.u.i.k.p.i.AbstractProblemLoader Creating init config 
125649     DEBUG main            d.u.i.k.p.i.AbstractProblemLoader Init config took 2.77s 
125692     INFO  main            d.u.i.k.p.i.AbstractProblemLoader Replaying proof Arrays[Arrays::get()].JML operation contract.0 
125717     DEBUG main            d.u.i.k.p.i.IntermediateProofReplayer Proof replay took 21.61ms 
125718     DEBUG main            d.u.i.k.p.r.p.TestFile    ... success: reloaded. 
125718     INFO  main            d.u.i.k.p.r.p.TestFile    Now processing file /home/runner/work/key/key/key.core/../key.ui/examples/standard_key/java_dl/deepNonNull/deepNonNull1.key 
125718     INFO  main            d.u.i.k.p.i.AbstractProblemLoader Loading environment from /home/runner/work/key/key/key.core/../key.ui/examples/standard_key/java_dl/deepNonNull/deepNonNull1.key 
125718     DEBUG main            d.u.i.k.p.i.AbstractProblemLoader Environment load took 85.4ns 
125719     INFO  main            d.u.i.k.p.i.AbstractProblemLoader Creating init config 
128333     DEBUG main            d.u.i.k.p.i.AbstractProblemLoader Init config took 2.61s 
128405     INFO  main            d.u.i.k.p.i.AbstractProblemLoader Replaying proof Arrays[Arrays::head()].JML operation contract.0 
128407     DEBUG main            d.u.i.k.p.i.IntermediateProofReplayer Proof replay took 7.3ns 
128609     INFO  main            d.u.i.k.p.r.p.TestFile    ... finished proof: closed. 
128904     INFO  main            d.u.i.k.p.i.AbstractProblemLoader Loading environment from /home/runner/work/key/key/key.core/../key.ui/examples/standard_key/java_dl/deepNonNull/deepNonNull1.key.proof 
128904     DEBUG main            d.u.i.k.p.i.AbstractProblemLoader Environment load took 114.3ns 
128906     INFO  main            d.u.i.k.p.i.AbstractProblemLoader Creating init config 
131706     DEBUG main            d.u.i.k.p.i.AbstractProblemLoader Init config took 2.8s 
131752     INFO  main            d.u.i.k.p.i.AbstractProblemLoader Replaying proof Arrays[Arrays::head()].JML operation contract.0 
131778     DEBUG main            d.u.i.k.p.i.IntermediateProofReplayer Proof replay took 22.42ms 
131779     DEBUG main            d.u.i.k.p.r.p.TestFile    ... success: reloaded. 
131780     INFO  main            d.u.i.k.p.r.p.TestFile    Now processing file /home/runner/work/key/key/key.core/../key.ui/examples/standard_key/java_dl/deepNonNull/deepNonNull2.key 
131780     INFO  main            d.u.i.k.p.i.AbstractProblemLoader Loading environment from /home/runner/work/key/key/key.core/../key.ui/examples/standard_key/java_dl/deepNonNull/deepNonNull2.key 
131780     DEBUG main            d.u.i.k.p.i.AbstractProblemLoader Environment load took 201.9ns 
131781     INFO  main            d.u.i.k.p.i.AbstractProblemLoader Creating init config 
134441     DEBUG main            d.u.i.k.p.i.AbstractProblemLoader Init config took 2.66s 
134484     INFO  main            d.u.i.k.p.i.AbstractProblemLoader Replaying proof Arrays[Arrays::unprovable(java.lang.Object)].JML operation contract.0 
134486     DEBUG main            d.u.i.k.p.i.IntermediateProofReplayer Proof replay took 24.8ns 
134597     INFO  main            d.u.i.k.p.r.p.TestFile    ... finished proof: open goal(s) 
134933     INFO  main            d.u.i.k.p.r.p.TestFile    Now processing file /home/runner/work/key/key/key.core/../key.ui/examples/standard_key/java_dl/deepNonNull/deepNonNull3.key 
134933     INFO  main            d.u.i.k.p.i.AbstractProblemLoader Loading environment from /home/runner/work/key/key/key.core/../key.ui/examples/standard_key/java_dl/deepNonNull/deepNonNull3.key 
134933     DEBUG main            d.u.i.k.p.i.AbstractProblemLoader Environment load took 76.5ns 
134934     INFO  main            d.u.i.k.p.i.AbstractProblemLoader Creating init config 
137479     DEBUG main            d.u.i.k.p.i.AbstractProblemLoader Init config took 2.54s 
137523     INFO  main            d.u.i.k.p.i.AbstractProblemLoader Replaying proof Arrays[Arrays::head([[[[Ljava.lang.Object)].JML operation contract.0 
137525     DEBUG main            d.u.i.k.p.i.IntermediateProofReplayer Proof replay took 7.6ns 
138637     INFO  main            d.u.i.k.p.r.p.TestFile    ... finished proof: closed. 
138951     INFO  main            d.u.i.k.p.i.AbstractProblemLoader Loading environment from /home/runner/work/key/key/key.core/../key.ui/examples/standard_key/java_dl/deepNonNull/deepNonNull3.key.proof 
138952     DEBUG main            d.u.i.k.p.i.AbstractProblemLoader Environment load took 1.23ms 
138955     INFO  main            d.u.i.k.p.i.AbstractProblemLoader Creating init config 
141626     DEBUG main            d.u.i.k.p.i.AbstractProblemLoader Init config took 2.67s 
141669     INFO  main            d.u.i.k.p.i.AbstractProblemLoader Replaying proof Arrays[Arrays::head([[[[Ljava.lang.Object)].JML operation contract.0 
141758     DEBUG main            d.u.i.k.p.i.IntermediateProofReplayer Proof replay took 83.01ms 
141759     DEBUG main            d.u.i.k.p.r.p.TestFile    ... success: reloaded. 
141759     INFO  main            d.u.i.k.p.r.p.TestFile    Now processing file /home/runner/work/key/key/key.core/../key.ui/examples/standard_key/java_dl/exceptions.key 
141760     INFO  main            d.u.i.k.p.i.AbstractProblemLoader Loading environment from /home/runner/work/key/key/key.core/../key.ui/examples/standard_key/java_dl/exceptions.key 
141760     DEBUG main            d.u.i.k.p.i.AbstractProblemLoader Environment load took 83.9ns 
141761     INFO  main            d.u.i.k.p.i.AbstractProblemLoader Creating init config 
141796     WARN  main            d.u.i.k.j.r.KeYCrossReferenceNameInfo Datatype java.io.PrintStream declared twice: Once in FILE:/home/runner/work/key/key/key.core/../key.ui/examples/standard_key/java_dl/classpath/PrintStream.java and once in URL:file:/home/runner/work/key/key/key.core/build/resources/main/de/uka/ilkd/key/java/JavaRedux/java/io/PrintStream.java, Keeping one from URL:file:/home/runner/work/key/key/key.core/build/resources/main/de/uka/ilkd/key/java/JavaRedux/java/io/PrintStream.java 
141797     WARN  main            d.u.i.k.j.r.KeYCrossReferenceNameInfo Datatype java.lang.System declared twice: Once in FILE:/home/runner/work/key/key/key.core/../key.ui/examples/standard_key/java_dl/classpath/System.java and once in URL:file:/home/runner/work/key/key/key.core/build/resources/main/de/uka/ilkd/key/java/JavaRedux/java/lang/System.java, Keeping one from URL:file:/home/runner/work/key/key/key.core/build/resources/main/de/uka/ilkd/key/java/JavaRedux/java/lang/System.java 
141800     WARN  main            d.u.i.k.j.r.KeYCrossReferenceNameInfo Datatype java.io.InputStream declared twice: Once in FILE:/home/runner/work/key/key/key.core/../key.ui/examples/standard_key/java_dl/classpath/InputStream.java and once in URL:file:/home/runner/work/key/key/key.core/build/resources/main/de/uka/ilkd/key/java/JavaRedux/java/io/InputStream.java, Keeping one from URL:file:/home/runner/work/key/key/key.core/build/resources/main/de/uka/ilkd/key/java/JavaRedux/java/io/InputStream.java 
141803     DEBUG main            d.u.i.k.j.r.ClassFileDeclarationBuilder Parsing: package java.io; public class Closeable { } 
141803     DEBUG main            r.s.KeYCrossReferenceSourceInfo Dynamically created class: java.io.Closeable 
144336     DEBUG main            d.u.i.k.p.i.AbstractProblemLoader Init config took 2.57s 
144350     INFO  main            d.u.i.k.p.i.AbstractProblemLoader Replaying proof exceptions.key 
144352     DEBUG main            d.u.i.k.p.i.IntermediateProofReplayer Proof replay took 6.6ns 
144555     INFO  main            d.u.i.k.p.r.p.TestFile    ... finished proof: closed. 
144872     INFO  main            d.u.i.k.p.i.AbstractProblemLoader Loading environment from /home/runner/work/key/key/key.core/../key.ui/examples/standard_key/java_dl/exceptions.key.proof 
144872     DEBUG main            d.u.i.k.p.i.AbstractProblemLoader Environment load took 85ns 
144873     INFO  main            d.u.i.k.p.i.AbstractProblemLoader Creating init config 
144898     WARN  main            d.u.i.k.j.r.KeYCrossReferenceNameInfo Datatype java.io.PrintStream declared twice: Once in FILE:/home/runner/work/key/key/key.core/../key.ui/examples/standard_key/java_dl/classpath/PrintStream.java and once in URL:file:/home/runner/work/key/key/key.core/build/resources/main/de/uka/ilkd/key/java/JavaRedux/java/io/PrintStream.java, Keeping one from URL:file:/home/runner/work/key/key/key.core/build/resources/main/de/uka/ilkd/key/java/JavaRedux/java/io/PrintStream.java 
144899     WARN  main            d.u.i.k.j.r.KeYCrossReferenceNameInfo Datatype java.lang.System declared twice: Once in FILE:/home/runner/work/key/key/key.core/../key.ui/examples/standard_key/java_dl/classpath/System.java and once in URL:file:/home/runner/work/key/key/key.core/build/resources/main/de/uka/ilkd/key/java/JavaRedux/java/lang/System.java, Keeping one from URL:file:/home/runner/work/key/key/key.core/build/resources/main/de/uka/ilkd/key/java/JavaRedux/java/lang/System.java 
144899     WARN  main            d.u.i.k.j.r.KeYCrossReferenceNameInfo Datatype java.io.InputStream declared twice: Once in FILE:/home/runner/work/key/key/key.core/../key.ui/examples/standard_key/java_dl/classpath/InputStream.java and once in URL:file:/home/runner/work/key/key/key.core/build/resources/main/de/uka/ilkd/key/java/JavaRedux/java/io/InputStream.java, Keeping one from URL:file:/home/runner/work/key/key/key.core/build/resources/main/de/uka/ilkd/key/java/JavaRedux/java/io/InputStream.java 
144902     DEBUG main            d.u.i.k.j.r.ClassFileDeclarationBuilder Parsing: package java.io; public class Closeable { } 
144902     DEBUG main            r.s.KeYCrossReferenceSourceInfo Dynamically created class: java.io.Closeable 
147448     DEBUG main            d.u.i.k.p.i.AbstractProblemLoader Init config took 2.57s 
147467     INFO  main            d.u.i.k.p.i.AbstractProblemLoader Replaying proof exceptions.key.proof 
147517     DEBUG main            d.u.i.k.p.i.IntermediateProofReplayer Proof replay took 46.77ms 
147518     DEBUG main            d.u.i.k.p.r.p.TestFile    ... success: reloaded. 
147519     INFO  main            d.u.i.k.p.r.p.TestFile    Now processing file /home/runner/work/key/key/key.core/../key.ui/examples/standard_key/java_dl/exceptions1.key 
147519     INFO  main            d.u.i.k.p.i.AbstractProblemLoader Loading environment from /home/runner/work/key/key/key.core/../key.ui/examples/standard_key/java_dl/exceptions1.key 
147519     DEBUG main            d.u.i.k.p.i.AbstractProblemLoader Environment load took 79.9ns 
147520     INFO  main            d.u.i.k.p.i.AbstractProblemLoader Creating init config 
150075     DEBUG main            d.u.i.k.p.i.AbstractProblemLoader Init config took 2.56s 
150093     INFO  main            d.u.i.k.p.i.AbstractProblemLoader Replaying proof exceptions1.key 
150096     DEBUG main            d.u.i.k.p.i.IntermediateProofReplayer Proof replay took 8.2ns 
150298     INFO  main            d.u.i.k.p.r.p.TestFile    ... finished proof: closed. 
150629     INFO  main            d.u.i.k.p.i.AbstractProblemLoader Loading environment from /home/runner/work/key/key/key.core/../key.ui/examples/standard_key/java_dl/exceptions1.key.proof 
150629     DEBUG main            d.u.i.k.p.i.AbstractProblemLoader Environment load took 84.7ns 
150631     INFO  main            d.u.i.k.p.i.AbstractProblemLoader Creating init config 
153092     DEBUG main            d.u.i.k.p.i.AbstractProblemLoader Init config took 2.46s 
153107     INFO  main            d.u.i.k.p.i.AbstractProblemLoader Replaying proof exceptions1.key.proof 
153137     DEBUG main            d.u.i.k.p.i.IntermediateProofReplayer Proof replay took 26.95ms 
153138     DEBUG main            d.u.i.k.p.r.p.TestFile    ... success: reloaded. 
153139     INFO  main            d.u.i.k.p.r.p.TestFile    Now processing file /home/runner/work/key/key/key.core/../key.ui/examples/standard_key/java_dl/exceptions2.key 
153139     INFO  main            d.u.i.k.p.i.AbstractProblemLoader Loading environment from /home/runner/work/key/key/key.core/../key.ui/examples/standard_key/java_dl/exceptions2.key 
153140     DEBUG main            d.u.i.k.p.i.AbstractProblemLoader Environment load took 192.5ns 
153141     INFO  main            d.u.i.k.p.i.AbstractProblemLoader Creating init config 
155764     DEBUG main            d.u.i.k.p.i.AbstractProblemLoader Init config took 2.62s 
155780     INFO  main            d.u.i.k.p.i.AbstractProblemLoader Replaying proof exceptions2.key 
155783     DEBUG main            d.u.i.k.p.i.IntermediateProofReplayer Proof replay took 9.3ns 
155988     INFO  main            d.u.i.k.p.r.p.TestFile    ... finished proof: closed. 
156398     INFO  main            d.u.i.k.p.i.AbstractProblemLoader Loading environment from /home/runner/work/key/key/key.core/../key.ui/examples/standard_key/java_dl/exceptions2.key.proof 
156399     DEBUG main            d.u.i.k.p.i.AbstractProblemLoader Environment load took 124.3ns 
156400     INFO  main            d.u.i.k.p.i.AbstractProblemLoader Creating init config 
158918     DEBUG main            d.u.i.k.p.i.AbstractProblemLoader Init config took 2.52s 
158933     INFO  main            d.u.i.k.p.i.AbstractProblemLoader Replaying proof exceptions2.key.proof 
158966     DEBUG main            d.u.i.k.p.i.IntermediateProofReplayer Proof replay took 30.15ms 
158967     DEBUG main            d.u.i.k.p.r.p.TestFile    ... success: reloaded. 
158968     INFO  main            d.u.i.k.p.r.p.TestFile    Now processing file /home/runner/work/key/key/key.core/../key.ui/examples/standard_key/java_dl/exceptions3.key 
158968     INFO  main            d.u.i.k.p.i.AbstractProblemLoader Loading environment from /home/runner/work/key/key/key.core/../key.ui/examples/standard_key/java_dl/exceptions3.key 
158969     DEBUG main            d.u.i.k.p.i.AbstractProblemLoader Environment load took 188.5ns 
158970     INFO  main            d.u.i.k.p.i.AbstractProblemLoader Creating init config 
158999     WARN  main            d.u.i.k.j.r.KeYCrossReferenceNameInfo Datatype java.io.PrintStream declared twice: Once in FILE:/home/runner/work/key/key/key.core/../key.ui/examples/standard_key/java_dl/classpath/PrintStream.java and once in URL:file:/home/runner/work/key/key/key.core/build/resources/main/de/uka/ilkd/key/java/JavaRedux/java/io/PrintStream.java, Keeping one from URL:file:/home/runner/work/key/key/key.core/build/resources/main/de/uka/ilkd/key/java/JavaRedux/java/io/PrintStream.java 
159000     WARN  main            d.u.i.k.j.r.KeYCrossReferenceNameInfo Datatype java.lang.System declared twice: Once in FILE:/home/runner/work/key/key/key.core/../key.ui/examples/standard_key/java_dl/classpath/System.java and once in URL:file:/home/runner/work/key/key/key.core/build/resources/main/de/uka/ilkd/key/java/JavaRedux/java/lang/System.java, Keeping one from URL:file:/home/runner/work/key/key/key.core/build/resources/main/de/uka/ilkd/key/java/JavaRedux/java/lang/System.java 
159000     WARN  main            d.u.i.k.j.r.KeYCrossReferenceNameInfo Datatype java.io.InputStream declared twice: Once in FILE:/home/runner/work/key/key/key.core/../key.ui/examples/standard_key/java_dl/classpath/InputStream.java and once in URL:file:/home/runner/work/key/key/key.core/build/resources/main/de/uka/ilkd/key/java/JavaRedux/java/io/InputStream.java, Keeping one from URL:file:/home/runner/work/key/key/key.core/build/resources/main/de/uka/ilkd/key/java/JavaRedux/java/io/InputStream.java 
159003     DEBUG main            d.u.i.k.j.r.ClassFileDeclarationBuilder Parsing: package java.io; public class Closeable { } 
159003     DEBUG main            r.s.KeYCrossReferenceSourceInfo Dynamically created class: java.io.Closeable 
161662     DEBUG main            d.u.i.k.p.i.AbstractProblemLoader Init config took 2.69s 
161678     INFO  main            d.u.i.k.p.i.AbstractProblemLoader Replaying proof exceptions3.key 
161680     DEBUG main            d.u.i.k.p.i.IntermediateProofReplayer Proof replay took 20.5ns 
161784     INFO  main            d.u.i.k.p.r.p.TestFile    ... finished proof: closed. 
162136     INFO  main            d.u.i.k.p.i.AbstractProblemLoader Loading environment from /home/runner/work/key/key/key.core/../key.ui/examples/standard_key/java_dl/exceptions3.key.proof 
162136     DEBUG main            d.u.i.k.p.i.AbstractProblemLoader Environment load took 105.7ns 
162137     INFO  main            d.u.i.k.p.i.AbstractProblemLoader Creating init config 
162164     WARN  main            d.u.i.k.j.r.KeYCrossReferenceNameInfo Datatype java.io.PrintStream declared twice: Once in FILE:/home/runner/work/key/key/key.core/../key.ui/examples/standard_key/java_dl/classpath/PrintStream.java and once in URL:file:/home/runner/work/key/key/key.core/build/resources/main/de/uka/ilkd/key/java/JavaRedux/java/io/PrintStream.java, Keeping one from URL:file:/home/runner/work/key/key/key.core/build/resources/main/de/uka/ilkd/key/java/JavaRedux/java/io/PrintStream.java 
162165     WARN  main            d.u.i.k.j.r.KeYCrossReferenceNameInfo Datatype java.lang.System declared twice: Once in FILE:/home/runner/work/key/key/key.core/../key.ui/examples/standard_key/java_dl/classpath/System.java and once in URL:file:/home/runner/work/key/key/key.core/build/resources/main/de/uka/ilkd/key/java/JavaRedux/java/lang/System.java, Keeping one from URL:file:/home/runner/work/key/key/key.core/build/resources/main/de/uka/ilkd/key/java/JavaRedux/java/lang/System.java 
162165     WARN  main            d.u.i.k.j.r.KeYCrossReferenceNameInfo Datatype java.io.InputStream declared twice: Once in FILE:/home/runner/work/key/key/key.core/../key.ui/examples/standard_key/java_dl/classpath/InputStream.java and once in URL:file:/home/runner/work/key/key/key.core/build/resources/main/de/uka/ilkd/key/java/JavaRedux/java/io/InputStream.java, Keeping one from URL:file:/home/runner/work/key/key/key.core/build/resources/main/de/uka/ilkd/key/java/JavaRedux/java/io/InputStream.java 
162168     DEBUG main            d.u.i.k.j.r.ClassFileDeclarationBuilder Parsing: package java.io; public class Closeable { } 
162168     DEBUG main            r.s.KeYCrossReferenceSourceInfo Dynamically created class: java.io.Closeable 
164991     DEBUG main            d.u.i.k.p.i.AbstractProblemLoader Init config took 2.85s 
165008     INFO  main            d.u.i.k.p.i.AbstractProblemLoader Replaying proof exceptions3.key.proof 
165015     DEBUG main            d.u.i.k.p.i.IntermediateProofReplayer Proof replay took 4.96ms 
165016     DEBUG main            d.u.i.k.p.r.p.TestFile    ... success: reloaded. 
165017     INFO  main            d.u.i.k.p.r.p.TestFile    Now processing file /home/runner/work/key/key/key.core/../key.ui/examples/standard_key/java_dl/exchange.key 
165017     INFO  main            d.u.i.k.p.i.AbstractProblemLoader Loading environment from /home/runner/work/key/key/key.core/../key.ui/examples/standard_key/java_dl/exchange.key 
165018     DEBUG main            d.u.i.k.p.i.AbstractProblemLoader Environment load took 103.9ns 
165019     INFO  main            d.u.i.k.p.i.AbstractProblemLoader Creating init config 
167751     DEBUG main            d.u.i.k.p.i.AbstractProblemLoader Init config took 2.73s 
167769     INFO  main            d.u.i.k.p.i.AbstractProblemLoader Replaying proof exchange.key 
167771     DEBUG main            d.u.i.k.p.i.IntermediateProofReplayer Proof replay took 8.5ns 
167874     INFO  main            d.u.i.k.p.r.p.TestFile    ... finished proof: closed. 
168231     INFO  main            d.u.i.k.p.i.AbstractProblemLoader Loading environment from /home/runner/work/key/key/key.core/../key.ui/examples/standard_key/java_dl/exchange.key.proof 
168231     DEBUG main            d.u.i.k.p.i.AbstractProblemLoader Environment load took 124ns 
168232     INFO  main            d.u.i.k.p.i.AbstractProblemLoader Creating init config 
170845     DEBUG main            d.u.i.k.p.i.AbstractProblemLoader Init config took 2.61s 
170863     INFO  main            d.u.i.k.p.i.AbstractProblemLoader Replaying proof exchange.key.proof 
170888     DEBUG main            d.u.i.k.p.i.IntermediateProofReplayer Proof replay took 21.67ms 
170889     DEBUG main            d.u.i.k.p.r.p.TestFile    ... success: reloaded. 
170890     INFO  main            d.u.i.k.p.r.p.TestFile    Now processing file /home/runner/work/key/key/key.core/../key.ui/examples/standard_key/java_dl/if.key 
170891     INFO  main            d.u.i.k.p.i.AbstractProblemLoader Loading environment from /home/runner/work/key/key/key.core/../key.ui/examples/standard_key/java_dl/if.key 
170891     DEBUG main            d.u.i.k.p.i.AbstractProblemLoader Environment load took 225.1ns 
170892     INFO  main            d.u.i.k.p.i.AbstractProblemLoader Creating init config 
173650     DEBUG main            d.u.i.k.p.i.AbstractProblemLoader Init config took 2.76s 
173666     INFO  main            d.u.i.k.p.i.AbstractProblemLoader Replaying proof if.key 
173668     DEBUG main            d.u.i.k.p.i.IntermediateProofReplayer Proof replay took 7.9ns 
173770     INFO  main            d.u.i.k.p.r.p.TestFile    ... finished proof: closed. 
174108     INFO  main            d.u.i.k.p.i.AbstractProblemLoader Loading environment from /home/runner/work/key/key/key.core/../key.ui/examples/standard_key/java_dl/if.key.proof 
174109     DEBUG main            d.u.i.k.p.i.AbstractProblemLoader Environment load took 122.4ns 
174110     INFO  main            d.u.i.k.p.i.AbstractProblemLoader Creating init config 
176710     DEBUG main            d.u.i.k.p.i.AbstractProblemLoader Init config took 2.6s 
176725     INFO  main            d.u.i.k.p.i.AbstractProblemLoader Replaying proof if.key.proof 
176731     DEBUG main            d.u.i.k.p.i.IntermediateProofReplayer Proof replay took 3.28ms 
176732     DEBUG main            d.u.i.k.p.r.p.TestFile    ... success: reloaded. 
176732     INFO  main            d.u.i.k.p.r.p.TestFile    Now processing file /home/runner/work/key/key/key.core/../key.ui/examples/standard_key/java_dl/incrementcounter.key 
176732     INFO  main            d.u.i.k.p.i.AbstractProblemLoader Loading environment from /home/runner/work/key/key/key.core/../key.ui/examples/standard_key/java_dl/incrementcounter.key 
176733     DEBUG main            d.u.i.k.p.i.AbstractProblemLoader Environment load took 92.3ns 
176734     INFO  main            d.u.i.k.p.i.AbstractProblemLoader Creating init config 
179244     DEBUG main            d.u.i.k.p.i.AbstractProblemLoader Init config took 2.51s 
179260     INFO  main            d.u.i.k.p.i.AbstractProblemLoader Replaying proof incrementcounter.key 
179262     DEBUG main            d.u.i.k.p.i.IntermediateProofReplayer Proof replay took 8ns 
179364     INFO  main            d.u.i.k.p.r.p.TestFile    ... finished proof: closed. 
179715     INFO  main            d.u.i.k.p.i.AbstractProblemLoader Loading environment from /home/runner/work/key/key/key.core/../key.ui/examples/standard_key/java_dl/incrementcounter.key.proof 
179715     DEBUG main            d.u.i.k.p.i.AbstractProblemLoader Environment load took 87.4ns 
179717     INFO  main            d.u.i.k.p.i.AbstractProblemLoader Creating init config 
182209     DEBUG main            d.u.i.k.p.i.AbstractProblemLoader Init config took 2.49s 
182227     INFO  main            d.u.i.k.p.i.AbstractProblemLoader Replaying proof incrementcounter.key.proof 
182231     DEBUG main            d.u.i.k.p.i.IntermediateProofReplayer Proof replay took 2.02ms 
182232     DEBUG main            d.u.i.k.p.r.p.TestFile    ... success: reloaded. 
182233     INFO  main            d.u.i.k.p.r.p.TestFile    Now processing file /home/runner/work/key/key/key.core/../key.ui/examples/standard_key/java_dl/danglingElse.key 
182233     INFO  main            d.u.i.k.p.i.AbstractProblemLoader Loading environment from /home/runner/work/key/key/key.core/../key.ui/examples/standard_key/java_dl/danglingElse.key 
182233     DEBUG main            d.u.i.k.p.i.AbstractProblemLoader Environment load took 99.1ns 
182234     INFO  main            d.u.i.k.p.i.AbstractProblemLoader Creating init config 
184679     DEBUG main            d.u.i.k.p.i.AbstractProblemLoader Init config took 2.44s 
184693     INFO  main            d.u.i.k.p.i.AbstractProblemLoader Replaying proof danglingElse.key 
184695     DEBUG main            d.u.i.k.p.i.IntermediateProofReplayer Proof replay took 14.2ns 
184798     INFO  main            d.u.i.k.p.r.p.TestFile    ... finished proof: open goal(s) 
185163     INFO  main            d.u.i.k.p.r.p.TestFile    Now processing file /home/runner/work/key/key/key.core/../key.ui/examples/standard_key/java_dl/iteratedAssignment.key 
185163     INFO  main            d.u.i.k.p.i.AbstractProblemLoader Loading environment from /home/runner/work/key/key/key.core/../key.ui/examples/standard_key/java_dl/iteratedAssignment.key 
185163     DEBUG main            d.u.i.k.p.i.AbstractProblemLoader Environment load took 101.4ns 
185165     INFO  main            d.u.i.k.p.i.AbstractProblemLoader Creating init config 
187754     DEBUG main            d.u.i.k.p.i.AbstractProblemLoader Init config took 2.59s 
187770     INFO  main            d.u.i.k.p.i.AbstractProblemLoader Replaying proof iteratedAssignment.key 
187773     DEBUG main            d.u.i.k.p.i.IntermediateProofReplayer Proof replay took 8.4ns 
188076     INFO  main            d.u.i.k.p.r.p.TestFile    ... finished proof: closed. 
188436     INFO  main            d.u.i.k.p.i.AbstractProblemLoader Loading environment from /home/runner/work/key/key/key.core/../key.ui/examples/standard_key/java_dl/iteratedAssignment.key.proof 
188436     DEBUG main            d.u.i.k.p.i.AbstractProblemLoader Environment load took 89.2ns 
188437     INFO  main            d.u.i.k.p.i.AbstractProblemLoader Creating init config 
190967     DEBUG main            d.u.i.k.p.i.AbstractProblemLoader Init config took 2.53s 
190984     INFO  main            d.u.i.k.p.i.AbstractProblemLoader Replaying proof iteratedAssignment.key.proof 
191059     DEBUG main            d.u.i.k.p.i.IntermediateProofReplayer Proof replay took 69.64ms 
191060     DEBUG main            d.u.i.k.p.r.p.TestFile    ... success: reloaded. 
191061     INFO  main            d.u.i.k.p.r.p.TestFile    Now processing file /home/runner/work/key/key/key.core/../key.ui/examples/standard_key/java_dl/assert/assert1.key 
191061     INFO  main            d.u.i.k.p.i.AbstractProblemLoader Loading environment from /home/runner/work/key/key/key.core/../key.ui/examples/standard_key/java_dl/assert/assert1.key 
191061     DEBUG main            d.u.i.k.p.i.AbstractProblemLoader Environment load took 114.1ns 
191062     INFO  main            d.u.i.k.p.i.AbstractProblemLoader Creating init config 
193645     DEBUG main            d.u.i.k.p.i.AbstractProblemLoader Init config took 2.58s 
193687     INFO  main            d.u.i.k.p.i.AbstractProblemLoader Replaying proof C[C::foo()].JML normal_behavior operation contract.0 
193689     DEBUG main            d.u.i.k.p.i.IntermediateProofReplayer Proof replay took 7.7ns 
193892     INFO  main            d.u.i.k.p.r.p.TestFile    ... finished proof: open goal(s) 
194328     INFO  main            d.u.i.k.p.r.p.TestFile    Now processing file /home/runner/work/key/key/key.core/../key.ui/examples/standard_key/java_dl/assert/assert2.key 
194328     INFO  main            d.u.i.k.p.i.AbstractProblemLoader Loading environment from /home/runner/work/key/key/key.core/../key.ui/examples/standard_key/java_dl/assert/assert2.key 
194328     DEBUG main            d.u.i.k.p.i.AbstractProblemLoader Environment load took 83.7ns 
194329     INFO  main            d.u.i.k.p.i.AbstractProblemLoader Creating init config 
196950     DEBUG main            d.u.i.k.p.i.AbstractProblemLoader Init config took 2.62s 
196995     INFO  main            d.u.i.k.p.i.AbstractProblemLoader Replaying proof C[C::bar()].JML exceptional_behavior operation contract.0 
196997     DEBUG main            d.u.i.k.p.i.IntermediateProofReplayer Proof replay took 22.8ns 
197199     INFO  main            d.u.i.k.p.r.p.TestFile    ... finished proof: closed. 
197557     INFO  main            d.u.i.k.p.i.AbstractProblemLoader Loading environment from /home/runner/work/key/key/key.core/../key.ui/examples/standard_key/java_dl/assert/assert2.key.proof 
197558     DEBUG main            d.u.i.k.p.i.AbstractProblemLoader Environment load took 82ns 
197559     INFO  main            d.u.i.k.p.i.AbstractProblemLoader Creating init config 
200110     DEBUG main            d.u.i.k.p.i.AbstractProblemLoader Init config took 2.55s 
200146     INFO  main            d.u.i.k.p.i.AbstractProblemLoader Replaying proof C[C::bar()].JML exceptional_behavior operation contract.0 
200184     DEBUG main            d.u.i.k.p.i.IntermediateProofReplayer Proof replay took 35.87ms 
200185     DEBUG main            d.u.i.k.p.r.p.TestFile    ... success: reloaded. 
200186     INFO  main            d.u.i.k.p.r.p.TestFile    Now processing file /home/runner/work/key/key/key.core/../key.ui/examples/standard_key/java_dl/assert/assert3.key 
200186     INFO  main            d.u.i.k.p.i.AbstractProblemLoader Loading environment from /home/runner/work/key/key/key.core/../key.ui/examples/standard_key/java_dl/assert/assert3.key 
200186     DEBUG main            d.u.i.k.p.i.AbstractProblemLoader Environment load took 97.9ns 
200187     INFO  main            d.u.i.k.p.i.AbstractProblemLoader Creating init config 
202777     DEBUG main            d.u.i.k.p.i.AbstractProblemLoader Init config took 2.59s 
202815     INFO  main            d.u.i.k.p.i.AbstractProblemLoader Replaying proof C[C::foo()].JML normal_behavior operation contract.0 
202818     DEBUG main            d.u.i.k.p.i.IntermediateProofReplayer Proof replay took 25.2ns 
202920     INFO  main            d.u.i.k.p.r.p.TestFile    ... finished proof: open goal(s) 
203295     INFO  main            d.u.i.k.p.r.p.TestFile    Now processing file /home/runner/work/key/key/key.core/../key.ui/examples/standard_key/java_dl/java5/vararg.key 
203295     INFO  main            d.u.i.k.p.i.AbstractProblemLoader Loading environment from /home/runner/work/key/key/key.core/../key.ui/examples/standard_key/java_dl/java5/vararg.key 
203295     DEBUG main            d.u.i.k.p.i.AbstractProblemLoader Environment load took 71.8ns 
203297     INFO  main            d.u.i.k.p.i.AbstractProblemLoader Creating init config 
204181     DEBUG main            d.u.i.k.j.r.ClassPreparationMethodBuilder clPrepBuilder: Inner Class detected. Reject building class initialisation methods. 
206506     DEBUG main            d.u.i.k.p.i.AbstractProblemLoader Init config took 3.21s 
206540     INFO  main            d.u.i.k.p.i.AbstractProblemLoader Replaying proof vararg.key 
206541     DEBUG main            d.u.i.k.p.i.IntermediateProofReplayer Proof replay took 9.2ns 
208052     INFO  main            d.u.i.k.p.r.p.TestFile    ... finished proof: closed. 
208599     INFO  main            d.u.i.k.p.i.AbstractProblemLoader Loading environment from /home/runner/work/key/key/key.core/../key.ui/examples/standard_key/java_dl/java5/vararg.key.proof 
208599     DEBUG main            d.u.i.k.p.i.AbstractProblemLoader Environment load took 399.5ns 
208601     INFO  main            d.u.i.k.p.i.AbstractProblemLoader Creating init config 
209535     DEBUG main            d.u.i.k.j.r.ClassPreparationMethodBuilder clPrepBuilder: Inner Class detected. Reject building class initialisation methods. 
211514     DEBUG main            d.u.i.k.p.i.AbstractProblemLoader Init config took 2.91s 
211547     INFO  main            d.u.i.k.p.i.AbstractProblemLoader Replaying proof vararg.key.proof 
211899     DEBUG main            d.u.i.k.p.i.IntermediateProofReplayer Proof replay took 338.3ms 
211900     DEBUG main            d.u.i.k.p.r.p.TestFile    ... success: reloaded. 
211901     INFO  main            d.u.i.k.p.r.p.TestFile    Now processing file /home/runner/work/key/key/key.core/../key.ui/examples/standard_key/java_dl/java5/for_Array.key 
211901     INFO  main            d.u.i.k.p.i.AbstractProblemLoader Loading environment from /home/runner/work/key/key/key.core/../key.ui/examples/standard_key/java_dl/java5/for_Array.key 
211901     DEBUG main            d.u.i.k.p.i.AbstractProblemLoader Environment load took 55.8ns 
211903     INFO  main            d.u.i.k.p.i.AbstractProblemLoader Creating init config 
212757     DEBUG main            d.u.i.k.j.r.ClassPreparationMethodBuilder clPrepBuilder: Inner Class detected. Reject building class initialisation methods. 
214733     DEBUG main            d.u.i.k.p.i.AbstractProblemLoader Init config took 2.83s 
214799     INFO  main            d.u.i.k.p.i.AbstractProblemLoader Replaying proof For[For::sum([I)].JML operation contract.0 
214801     DEBUG main            d.u.i.k.p.i.IntermediateProofReplayer Proof replay took 7.2ns 
215204     INFO  main            d.u.i.k.p.r.p.TestFile    ... finished proof: closed. 
215717     INFO  main            d.u.i.k.p.i.AbstractProblemLoader Loading environment from /home/runner/work/key/key/key.core/../key.ui/examples/standard_key/java_dl/java5/for_Array.key.proof 
215718     DEBUG main            d.u.i.k.p.i.AbstractProblemLoader Environment load took 504ns 
215719     INFO  main            d.u.i.k.p.i.AbstractProblemLoader Creating init config 
216588     DEBUG main            d.u.i.k.j.r.ClassPreparationMethodBuilder clPrepBuilder: Inner Class detected. Reject building class initialisation methods. 
218485     DEBUG main            d.u.i.k.p.i.AbstractProblemLoader Init config took 2.77s 
218548     INFO  main            d.u.i.k.p.i.AbstractProblemLoader Replaying proof For[For::sum([I)].JML operation contract.0 
218633     DEBUG main            d.u.i.k.p.i.IntermediateProofReplayer Proof replay took 81.49ms 
218635     DEBUG main            d.u.i.k.p.r.p.TestFile    ... success: reloaded. 
218636     INFO  main            d.u.i.k.p.r.p.TestFile    Now processing file /home/runner/work/key/key/key.core/../key.ui/examples/standard_key/java_dl/java5/for_Iterable.key 
218636     INFO  main            d.u.i.k.p.i.AbstractProblemLoader Loading environment from /home/runner/work/key/key/key.core/../key.ui/examples/standard_key/java_dl/java5/for_Iterable.key 
218636     DEBUG main            d.u.i.k.p.i.AbstractProblemLoader Environment load took 177.7ns 
218637     INFO  main            d.u.i.k.p.i.AbstractProblemLoader Creating init config 
219547     DEBUG main            d.u.i.k.j.r.ClassPreparationMethodBuilder clPrepBuilder: Inner Class detected. Reject building class initialisation methods. 
221531     DEBUG main            d.u.i.k.p.i.AbstractProblemLoader Init config took 2.89s 
221599     INFO  main            d.u.i.k.p.i.AbstractProblemLoader Replaying proof For[For::infiniteLoop(For)].JML operation contract.0 
221601     DEBUG main            d.u.i.k.p.i.IntermediateProofReplayer Proof replay took 7.7ns 
221804     INFO  main            d.u.i.k.p.r.p.TestFile    ... finished proof: closed. 
222230     INFO  main            d.u.i.k.p.i.AbstractProblemLoader Loading environment from /home/runner/work/key/key/key.core/../key.ui/examples/standard_key/java_dl/java5/for_Iterable.key.proof 
222230     DEBUG main            d.u.i.k.p.i.AbstractProblemLoader Environment load took 86.1ns 
222231     INFO  main            d.u.i.k.p.i.AbstractProblemLoader Creating init config 
223118     DEBUG main            d.u.i.k.j.r.ClassPreparationMethodBuilder clPrepBuilder: Inner Class detected. Reject building class initialisation methods. 
225063     DEBUG main            d.u.i.k.p.i.AbstractProblemLoader Init config took 2.83s 
225135     INFO  main            d.u.i.k.p.i.AbstractProblemLoader Replaying proof For[For::infiniteLoop(For)].JML operation contract.0 
225193     DEBUG main            d.u.i.k.p.i.IntermediateProofReplayer Proof replay took 54.75ms 
225194     DEBUG main            d.u.i.k.p.r.p.TestFile    ... success: reloaded. 
225195     INFO  main            d.u.i.k.p.r.p.TestFile    Now processing file /home/runner/work/key/key/key.core/../key.ui/examples/standard_key/java_dl/java5/for_ReferenceArray.key 
225195     INFO  main            d.u.i.k.p.i.AbstractProblemLoader Loading environment from /home/runner/work/key/key/key.core/../key.ui/examples/standard_key/java_dl/java5/for_ReferenceArray.key 
225196     DEBUG main            d.u.i.k.p.i.AbstractProblemLoader Environment load took 97.7ns 
225197     INFO  main            d.u.i.k.p.i.AbstractProblemLoader Creating init config 
226079     DEBUG main            d.u.i.k.j.r.ClassPreparationMethodBuilder clPrepBuilder: Inner Class detected. Reject building class initialisation methods. 
228049     DEBUG main            d.u.i.k.p.i.AbstractProblemLoader Init config took 2.85s 
228112     INFO  main            d.u.i.k.p.i.AbstractProblemLoader Replaying proof ForReferenceArray[ForReferenceArray::foo([Ljava.lang.Object)].JML operation contract.0 
228115     DEBUG main            d.u.i.k.p.i.IntermediateProofReplayer Proof replay took 7.5ns 
228417     INFO  main            d.u.i.k.p.r.p.TestFile    ... finished proof: closed. 
228862     INFO  main            d.u.i.k.p.i.AbstractProblemLoader Loading environment from /home/runner/work/key/key/key.core/../key.ui/examples/standard_key/java_dl/java5/for_ReferenceArray.key.proof 
228862     DEBUG main            d.u.i.k.p.i.AbstractProblemLoader Environment load took 227.8ns 
228863     INFO  main            d.u.i.k.p.i.AbstractProblemLoader Creating init config 
229708     DEBUG main            d.u.i.k.j.r.ClassPreparationMethodBuilder clPrepBuilder: Inner Class detected. Reject building class initialisation methods. 
231549     DEBUG main            d.u.i.k.p.i.AbstractProblemLoader Init config took 2.69s 
231627     INFO  main            d.u.i.k.p.i.AbstractProblemLoader Replaying proof ForReferenceArray[ForReferenceArray::foo([Ljava.lang.Object)].JML operation contract.0 
231683     DEBUG main            d.u.i.k.p.i.IntermediateProofReplayer Proof replay took 53.44ms 
231684     DEBUG main            d.u.i.k.p.r.p.TestFile    ... success: reloaded. 
231685     INFO  main            d.u.i.k.p.r.p.TestFile    Now processing file /home/runner/work/key/key/key.core/../key.ui/examples/standard_key/java_dl/jml-bigint/cast.key 
231686     INFO  main            d.u.i.k.p.i.AbstractProblemLoader Loading environment from /home/runner/work/key/key/key.core/../key.ui/examples/standard_key/java_dl/jml-bigint/cast.key 
231686     DEBUG main            d.u.i.k.p.i.AbstractProblemLoader Environment load took 137.4ns 
231687     INFO  main            d.u.i.k.p.i.AbstractProblemLoader Creating init config 
234308     DEBUG main            d.u.i.k.p.i.AbstractProblemLoader Init config took 2.62s 
234365     INFO  main            d.u.i.k.p.i.AbstractProblemLoader Replaying proof Mult[Mult::cast()].JML operation contract.0 
234368     DEBUG main            d.u.i.k.p.i.IntermediateProofReplayer Proof replay took 7.6ns 
234469     INFO  main            d.u.i.k.p.r.p.TestFile    ... finished proof: closed. 
234994     INFO  main            d.u.i.k.p.i.AbstractProblemLoader Loading environment from /home/runner/work/key/key/key.core/../key.ui/examples/standard_key/java_dl/jml-bigint/cast.key.proof 
234994     DEBUG main            d.u.i.k.p.i.AbstractProblemLoader Environment load took 89.6ns 
234996     INFO  main            d.u.i.k.p.i.AbstractProblemLoader Creating init config 
237553     DEBUG main            d.u.i.k.p.i.AbstractProblemLoader Init config took 2.56s 
237593     INFO  main            d.u.i.k.p.i.AbstractProblemLoader Replaying proof Mult[Mult::cast()].JML operation contract.0 
237607     DEBUG main            d.u.i.k.p.i.IntermediateProofReplayer Proof replay took 12.2ms 
237608     DEBUG main            d.u.i.k.p.r.p.TestFile    ... success: reloaded. 
237609     INFO  main            d.u.i.k.p.r.p.TestFile    Now processing file /home/runner/work/key/key/key.core/../key.ui/examples/standard_key/java_dl/jml-free/loopInvFree.key 
237609     INFO  main            d.u.i.k.p.i.AbstractProblemLoader Loading environment from /home/runner/work/key/key/key.core/../key.ui/examples/standard_key/java_dl/jml-free/loopInvFree.key 
237609     DEBUG main            d.u.i.k.p.i.AbstractProblemLoader Environment load took 107.1ns 
237610     INFO  main            d.u.i.k.p.i.AbstractProblemLoader Creating init config 
240273     DEBUG main            d.u.i.k.p.i.AbstractProblemLoader Init config took 2.66s 
240309     INFO  main            d.u.i.k.p.i.AbstractProblemLoader Replaying proof LoopInvFree[LoopInvFree::test()].JML operation contract.0 
240311     DEBUG main            d.u.i.k.p.i.IntermediateProofReplayer Proof replay took 8.2ns 
240516     INFO  main            d.u.i.k.p.r.p.TestFile    ... finished proof: closed. 
240965     INFO  main            d.u.i.k.p.i.AbstractProblemLoader Loading environment from /home/runner/work/key/key/key.core/../key.ui/examples/standard_key/java_dl/jml-free/loopInvFree.key.proof 
240965     DEBUG main            d.u.i.k.p.i.AbstractProblemLoader Environment load took 83.7ns 
240966     INFO  main            d.u.i.k.p.i.AbstractProblemLoader Creating init config 
243535     DEBUG main            d.u.i.k.p.i.AbstractProblemLoader Init config took 2.57s 
243572     INFO  main            d.u.i.k.p.i.AbstractProblemLoader Replaying proof LoopInvFree[LoopInvFree::test()].JML operation contract.0 
243617     DEBUG main            d.u.i.k.p.i.IntermediateProofReplayer Proof replay took 42.59ms 
243619     DEBUG main            d.u.i.k.p.r.p.TestFile    ... success: reloaded. 
243620     INFO  main            d.u.i.k.p.r.p.TestFile    Now processing file /home/runner/work/key/key/key.core/../key.ui/examples/standard_key/java_dl/jml-free/ensuresFree.key 
243620     INFO  main            d.u.i.k.p.i.AbstractProblemLoader Loading environment from /home/runner/work/key/key/key.core/../key.ui/examples/standard_key/java_dl/jml-free/ensuresFree.key 
243620     DEBUG main            d.u.i.k.p.i.AbstractProblemLoader Environment load took 113.7ns 
243622     INFO  main            d.u.i.k.p.i.AbstractProblemLoader Creating init config 
246195     DEBUG main            d.u.i.k.p.i.AbstractProblemLoader Init config took 2.57s 
246237     INFO  main            d.u.i.k.p.i.AbstractProblemLoader Replaying proof EnsuresFree[EnsuresFree::test()].JML operation contract.0 
246239     DEBUG main            d.u.i.k.p.i.IntermediateProofReplayer Proof replay took 7.4ns 
246340     INFO  main            d.u.i.k.p.r.p.TestFile    ... finished proof: closed. 
246791     INFO  main            d.u.i.k.p.i.AbstractProblemLoader Loading environment from /home/runner/work/key/key/key.core/../key.ui/examples/standard_key/java_dl/jml-free/ensuresFree.key.proof 
246791     DEBUG main            d.u.i.k.p.i.AbstractProblemLoader Environment load took 90.1ns 
246792     INFO  main            d.u.i.k.p.i.AbstractProblemLoader Creating init config 
249320     DEBUG main            d.u.i.k.p.i.AbstractProblemLoader Init config took 2.53s 
249356     INFO  main            d.u.i.k.p.i.AbstractProblemLoader Replaying proof EnsuresFree[EnsuresFree::test()].JML operation contract.0 
249374     DEBUG main            d.u.i.k.p.i.IntermediateProofReplayer Proof replay took 16.23ms 
249375     DEBUG main            d.u.i.k.p.r.p.TestFile    ... success: reloaded. 
249376     INFO  main            d.u.i.k.p.r.p.TestFile    Now processing file /home/runner/work/key/key/key.core/../key.ui/examples/standard_key/java_dl/jml-information-flow.key 
249376     INFO  main            d.u.i.k.p.i.AbstractProblemLoader Loading environment from /home/runner/work/key/key/key.core/../key.ui/examples/standard_key/java_dl/jml-information-flow.key 
249376     DEBUG main            d.u.i.k.p.i.AbstractProblemLoader Environment load took 83.5ns 
249383     INFO  main            d.u.i.k.p.i.AbstractProblemLoader Creating init config 
252229     DEBUG main            d.u.i.k.p.i.AbstractProblemLoader Init config took 2.85s 
252247     INFO  main            d.u.i.k.p.i.AbstractProblemLoader Replaying proof jml-information-flow.key 
252249     DEBUG main            d.u.i.k.p.i.IntermediateProofReplayer Proof replay took 6.6ns 
380311     INFO  main            d.u.i.k.p.r.p.TestFile    ... finished proof: closed. 
380972     INFO  main            d.u.i.k.p.i.AbstractProblemLoader Loading environment from /home/runner/work/key/key/key.core/../key.ui/examples/standard_key/java_dl/jml-information-flow.key.proof 
380973     DEBUG main            d.u.i.k.p.i.AbstractProblemLoader Environment load took 468.5ns 
380989     INFO  main            d.u.i.k.p.i.AbstractProblemLoader Creating init config 
383708     DEBUG main            d.u.i.k.p.i.AbstractProblemLoader Init config took 2.72s 
383730     INFO  main            d.u.i.k.p.i.AbstractProblemLoader Replaying proof jml-information-flow.key.proof 
387133     DEBUG main            d.u.i.k.p.i.IntermediateProofReplayer Proof replay took 3.29s 
387142     DEBUG main            d.u.i.k.p.r.p.TestFile    ... success: reloaded. 
387143     INFO  main            d.u.i.k.p.r.p.TestFile    Now processing file /home/runner/work/key/key/key.core/../key.ui/examples/standard_key/java_dl/jml-min/min-unprovable1.key 
387143     INFO  main            d.u.i.k.p.i.AbstractProblemLoader Loading environment from /home/runner/work/key/key/key.core/../key.ui/examples/standard_key/java_dl/jml-min/min-unprovable1.key 
387144     DEBUG main            d.u.i.k.p.i.AbstractProblemLoader Environment load took 202.4ns 
387145     INFO  main            d.u.i.k.p.i.AbstractProblemLoader Creating init config 
389991     DEBUG main            d.u.i.k.p.i.AbstractProblemLoader Init config took 2.85s 
390029     INFO  main            d.u.i.k.p.i.AbstractProblemLoader Replaying proof Min[Min::foo()].JML operation contract.0 
390031     DEBUG main            d.u.i.k.p.i.IntermediateProofReplayer Proof replay took 7.1ns 
390133     INFO  main            d.u.i.k.p.r.p.TestFile    ... finished proof: open goal(s) 
390592     INFO  main            d.u.i.k.p.r.p.TestFile    Now processing file /home/runner/work/key/key/key.core/../key.ui/examples/standard_key/java_dl/jml-min/min-unprovable2.key 
390592     INFO  main            d.u.i.k.p.i.AbstractProblemLoader Loading environment from /home/runner/work/key/key/key.core/../key.ui/examples/standard_key/java_dl/jml-min/min-unprovable2.key 
390592     DEBUG main            d.u.i.k.p.i.AbstractProblemLoader Environment load took 51.4ns 
390593     INFO  main            d.u.i.k.p.i.AbstractProblemLoader Creating init config 
393152     DEBUG main            d.u.i.k.p.i.AbstractProblemLoader Init config took 2.56s 
393197     INFO  main            d.u.i.k.p.i.AbstractProblemLoader Replaying proof Min[Min::foo2()].JML operation contract.0 
393199     DEBUG main            d.u.i.k.p.i.IntermediateProofReplayer Proof replay took 7.5ns 
393304     INFO  main            d.u.i.k.p.r.p.TestFile    ... finished proof: open goal(s) 
393755     INFO  main            d.u.i.k.p.r.p.TestFile    Now processing file /home/runner/work/key/key/key.core/../key.ui/examples/standard_key/java_dl/methodCall.key 
393755     INFO  main            d.u.i.k.p.i.AbstractProblemLoader Loading environment from /home/runner/work/key/key/key.core/../key.ui/examples/standard_key/java_dl/methodCall.key 
393755     DEBUG main            d.u.i.k.p.i.AbstractProblemLoader Environment load took 53ns 
393756     INFO  main            d.u.i.k.p.i.AbstractProblemLoader Creating init config 
396341     DEBUG main            d.u.i.k.p.i.AbstractProblemLoader Init config took 2.59s 
396355     INFO  main            d.u.i.k.p.i.AbstractProblemLoader Replaying proof methodCall.key 
396357     DEBUG main            d.u.i.k.p.i.IntermediateProofReplayer Proof replay took 6.7ns 
396459     INFO  main            d.u.i.k.p.r.p.TestFile    ... finished proof: closed. 
396895     INFO  main            d.u.i.k.p.i.AbstractProblemLoader Loading environment from /home/runner/work/key/key/key.core/../key.ui/examples/standard_key/java_dl/methodCall.key.proof 
396895     DEBUG main            d.u.i.k.p.i.AbstractProblemLoader Environment load took 131.5ns 
396897     INFO  main            d.u.i.k.p.i.AbstractProblemLoader Creating init config 
399421     DEBUG main            d.u.i.k.p.i.AbstractProblemLoader Init config took 2.52s 
399435     INFO  main            d.u.i.k.p.i.AbstractProblemLoader Replaying proof methodCall.key.proof 
399439     DEBUG main            d.u.i.k.p.i.IntermediateProofReplayer Proof replay took 2.2ms 
399440     DEBUG main            d.u.i.k.p.r.p.TestFile    ... success: reloaded. 
399440     INFO  main            d.u.i.k.p.r.p.TestFile    Now processing file /home/runner/work/key/key/key.core/../key.ui/examples/standard_key/java_dl/methodCall1.key 
399441     INFO  main            d.u.i.k.p.i.AbstractProblemLoader Loading environment from /home/runner/work/key/key/key.core/../key.ui/examples/standard_key/java_dl/methodCall1.key 
399441     DEBUG main            d.u.i.k.p.i.AbstractProblemLoader Environment load took 55.6ns 
399442     INFO  main            d.u.i.k.p.i.AbstractProblemLoader Creating init config 
402032     DEBUG main            d.u.i.k.p.i.AbstractProblemLoader Init config took 2.59s 
402046     INFO  main            d.u.i.k.p.i.AbstractProblemLoader Replaying proof methodCall1.key 
402048     DEBUG main            d.u.i.k.p.i.IntermediateProofReplayer Proof replay took 7.5ns 
402150     INFO  main            d.u.i.k.p.r.p.TestFile    ... finished proof: closed. 
402627     INFO  main            d.u.i.k.p.i.AbstractProblemLoader Loading environment from /home/runner/work/key/key/key.core/../key.ui/examples/standard_key/java_dl/methodCall1.key.proof 
402627     DEBUG main            d.u.i.k.p.i.AbstractProblemLoader Environment load took 87.7ns 
402628     INFO  main            d.u.i.k.p.i.AbstractProblemLoader Creating init config 
405182     DEBUG main            d.u.i.k.p.i.AbstractProblemLoader Init config took 2.55s 
405196     INFO  main            d.u.i.k.p.i.AbstractProblemLoader Replaying proof methodCall1.key.proof 
405211     DEBUG main            d.u.i.k.p.i.IntermediateProofReplayer Proof replay took 12.58ms 
405212     DEBUG main            d.u.i.k.p.r.p.TestFile    ... success: reloaded. 
405212     INFO  main            d.u.i.k.p.r.p.TestFile    Now processing file /home/runner/work/key/key/key.core/../key.ui/examples/standard_key/java_dl/methodCall1box.key 
405213     INFO  main            d.u.i.k.p.i.AbstractProblemLoader Loading environment from /home/runner/work/key/key/key.core/../key.ui/examples/standard_key/java_dl/methodCall1box.key 
405213     DEBUG main            d.u.i.k.p.i.AbstractProblemLoader Environment load took 89.6ns 
405214     INFO  main            d.u.i.k.p.i.AbstractProblemLoader Creating init config 
407839     DEBUG main            d.u.i.k.p.i.AbstractProblemLoader Init config took 2.62s 
407854     INFO  main            d.u.i.k.p.i.AbstractProblemLoader Replaying proof methodCall1box.key 
407856     DEBUG main            d.u.i.k.p.i.IntermediateProofReplayer Proof replay took 9.5ns 
407958     INFO  main            d.u.i.k.p.r.p.TestFile    ... finished proof: closed. 
408467     INFO  main            d.u.i.k.p.i.AbstractProblemLoader Loading environment from /home/runner/work/key/key/key.core/../key.ui/examples/standard_key/java_dl/methodCall1box.key.proof 
408467     DEBUG main            d.u.i.k.p.i.AbstractProblemLoader Environment load took 91.8ns 
408468     INFO  main            d.u.i.k.p.i.AbstractProblemLoader Creating init config 
411070     DEBUG main            d.u.i.k.p.i.AbstractProblemLoader Init config took 2.6s 
411085     INFO  main            d.u.i.k.p.i.AbstractProblemLoader Replaying proof methodCall1box.key.proof 
411101     DEBUG main            d.u.i.k.p.i.IntermediateProofReplayer Proof replay took 13.13ms 
411102     DEBUG main            d.u.i.k.p.r.p.TestFile    ... success: reloaded. 
411103     INFO  main            d.u.i.k.p.r.p.TestFile    Now processing file /home/runner/work/key/key/key.core/../key.ui/examples/standard_key/java_dl/methodCall3.key 
411103     INFO  main            d.u.i.k.p.i.AbstractProblemLoader Loading environment from /home/runner/work/key/key/key.core/../key.ui/examples/standard_key/java_dl/methodCall3.key 
411103     DEBUG main            d.u.i.k.p.i.AbstractProblemLoader Environment load took 87.6ns 
411104     INFO  main            d.u.i.k.p.i.AbstractProblemLoader Creating init config 
413716     DEBUG main            d.u.i.k.p.i.AbstractProblemLoader Init config took 2.61s 
413730     INFO  main            d.u.i.k.p.i.AbstractProblemLoader Replaying proof methodCall3.key 
413731     DEBUG main            d.u.i.k.p.i.IntermediateProofReplayer Proof replay took 6.4ns 
413836     INFO  main            d.u.i.k.p.r.p.TestFile    ... finished proof: closed. 
414305     INFO  main            d.u.i.k.p.i.AbstractProblemLoader Loading environment from /home/runner/work/key/key/key.core/../key.ui/examples/standard_key/java_dl/methodCall3.key.proof 
414305     DEBUG main            d.u.i.k.p.i.AbstractProblemLoader Environment load took 90.7ns 
414306     INFO  main            d.u.i.k.p.i.AbstractProblemLoader Creating init config 
416814     DEBUG main            d.u.i.k.p.i.AbstractProblemLoader Init config took 2.51s 
416829     INFO  main            d.u.i.k.p.i.AbstractProblemLoader Replaying proof methodCall3.key.proof 
416841     DEBUG main            d.u.i.k.p.i.IntermediateProofReplayer Proof replay took 8.87ms 
416842     DEBUG main            d.u.i.k.p.r.p.TestFile    ... success: reloaded. 
416843     INFO  main            d.u.i.k.p.r.p.TestFile    Now processing file /home/runner/work/key/key/key.core/../key.ui/examples/standard_key/java_dl/polishFlagSort.key 
416843     INFO  main            d.u.i.k.p.i.AbstractProblemLoader Loading environment from /home/runner/work/key/key/key.core/../key.ui/examples/standard_key/java_dl/polishFlagSort.key 
416843     DEBUG main            d.u.i.k.p.i.AbstractProblemLoader Environment load took 114.4ns 
416845     INFO  main            d.u.i.k.p.i.AbstractProblemLoader Creating init config 
419405     DEBUG main            d.u.i.k.p.i.AbstractProblemLoader Init config took 2.56s 
419422     INFO  main            d.u.i.k.p.i.AbstractProblemLoader Replaying proof polishFlagSort.key 
419424     DEBUG main            d.u.i.k.p.i.IntermediateProofReplayer Proof replay took 7.7ns 
422034     INFO  main            d.u.i.k.p.r.p.TestFile    ... finished proof: closed. 
422584     INFO  main            d.u.i.k.p.i.AbstractProblemLoader Loading environment from /home/runner/work/key/key/key.core/../key.ui/examples/standard_key/java_dl/polishFlagSort.key.proof 
422584     DEBUG main            d.u.i.k.p.i.AbstractProblemLoader Environment load took 449.2ns 
422586     INFO  main            d.u.i.k.p.i.AbstractProblemLoader Creating init config 
425160     DEBUG main            d.u.i.k.p.i.AbstractProblemLoader Init config took 2.57s 
425178     INFO  main            d.u.i.k.p.i.AbstractProblemLoader Replaying proof polishFlagSort.key.proof 
425518     DEBUG main            d.u.i.k.p.i.IntermediateProofReplayer Proof replay took 328.67ms 
425521     DEBUG main            d.u.i.k.p.r.p.TestFile    ... success: reloaded. 
425522     INFO  main            d.u.i.k.p.r.p.TestFile    Now processing file /home/runner/work/key/key/key.core/../key.ui/examples/standard_key/java_dl/postConditionTaclets1.key 
425522     INFO  main            d.u.i.k.p.i.AbstractProblemLoader Loading environment from /home/runner/work/key/key/key.core/../key.ui/examples/standard_key/java_dl/postConditionTaclets1.key 
425522     DEBUG main            d.u.i.k.p.i.AbstractProblemLoader Environment load took 253.3ns 
425523     INFO  main            d.u.i.k.p.i.AbstractProblemLoader Creating init config 
428009     DEBUG main            d.u.i.k.p.i.AbstractProblemLoader Init config took 2.49s 
428023     INFO  main            d.u.i.k.p.i.AbstractProblemLoader Replaying proof postConditionTaclets1.key 
428025     DEBUG main            d.u.i.k.p.i.IntermediateProofReplayer Proof replay took 6.7ns 
428127     INFO  main            d.u.i.k.p.r.p.TestFile    ... finished proof: closed. 
428667     INFO  main            d.u.i.k.p.i.AbstractProblemLoader Loading environment from /home/runner/work/key/key/key.core/../key.ui/examples/standard_key/java_dl/postConditionTaclets1.key.proof 
428667     DEBUG main            d.u.i.k.p.i.AbstractProblemLoader Environment load took 86.3ns 
428668     INFO  main            d.u.i.k.p.i.AbstractProblemLoader Creating init config 
431164     DEBUG main            d.u.i.k.p.i.AbstractProblemLoader Init config took 2.5s 
431179     INFO  main            d.u.i.k.p.i.AbstractProblemLoader Replaying proof postConditionTaclets1.key.proof 
431181     DEBUG main            d.u.i.k.p.i.IntermediateProofReplayer Proof replay took 321ns 
431182     DEBUG main            d.u.i.k.p.r.p.TestFile    ... success: reloaded. 
431183     INFO  main            d.u.i.k.p.r.p.TestFile    Now processing file /home/runner/work/key/key/key.core/../key.ui/examples/standard_key/java_dl/postConditionTaclets2.key 
431183     INFO  main            d.u.i.k.p.i.AbstractProblemLoader Loading environment from /home/runner/work/key/key/key.core/../key.ui/examples/standard_key/java_dl/postConditionTaclets2.key 
431183     DEBUG main            d.u.i.k.p.i.AbstractProblemLoader Environment load took 75.8ns 
431184     INFO  main            d.u.i.k.p.i.AbstractProblemLoader Creating init config 
433737     DEBUG main            d.u.i.k.p.i.AbstractProblemLoader Init config took 2.55s 
433751     INFO  main            d.u.i.k.p.i.AbstractProblemLoader Replaying proof postConditionTaclets2.key 
433753     DEBUG main            d.u.i.k.p.i.IntermediateProofReplayer Proof replay took 7.2ns 
433854     INFO  main            d.u.i.k.p.r.p.TestFile    ... finished proof: closed. 
434369     INFO  main            d.u.i.k.p.i.AbstractProblemLoader Loading environment from /home/runner/work/key/key/key.core/../key.ui/examples/standard_key/java_dl/postConditionTaclets2.key.proof 
434369     DEBUG main            d.u.i.k.p.i.AbstractProblemLoader Environment load took 93.3ns 
434370     INFO  main            d.u.i.k.p.i.AbstractProblemLoader Creating init config 
436941     DEBUG main            d.u.i.k.p.i.AbstractProblemLoader Init config took 2.57s 
436956     INFO  main            d.u.i.k.p.i.AbstractProblemLoader Replaying proof postConditionTaclets2.key.proof 
436958     DEBUG main            d.u.i.k.p.i.IntermediateProofReplayer Proof replay took 590.8ns 
436959     DEBUG main            d.u.i.k.p.r.p.TestFile    ... success: reloaded. 
436960     INFO  main            d.u.i.k.p.r.p.TestFile    Now processing file /home/runner/work/key/key/key.core/../key.ui/examples/standard_key/java_dl/quantifiedQuery.key 
436960     INFO  main            d.u.i.k.p.i.AbstractProblemLoader Loading environment from /home/runner/work/key/key/key.core/../key.ui/examples/standard_key/java_dl/quantifiedQuery.key 
436960     DEBUG main            d.u.i.k.p.i.AbstractProblemLoader Environment load took 73.7ns 
436962     INFO  main            d.u.i.k.p.i.AbstractProblemLoader Creating init config 
439619     DEBUG main            d.u.i.k.p.i.AbstractProblemLoader Init config took 2.66s 
439635     INFO  main            d.u.i.k.p.i.AbstractProblemLoader Replaying proof quantifiedQuery.key 
439637     DEBUG main            d.u.i.k.p.i.IntermediateProofReplayer Proof replay took 7.6ns 
439740     INFO  main            d.u.i.k.p.r.p.TestFile    ... finished proof: closed. 
440244     INFO  main            d.u.i.k.p.i.AbstractProblemLoader Loading environment from /home/runner/work/key/key/key.core/../key.ui/examples/standard_key/java_dl/quantifiedQuery.key.proof 
440244     DEBUG main            d.u.i.k.p.i.AbstractProblemLoader Environment load took 85.8ns 
440245     INFO  main            d.u.i.k.p.i.AbstractProblemLoader Creating init config 
442867     DEBUG main            d.u.i.k.p.i.AbstractProblemLoader Init config took 2.62s 
442883     INFO  main            d.u.i.k.p.i.AbstractProblemLoader Replaying proof quantifiedQuery.key.proof 
442894     DEBUG main            d.u.i.k.p.i.IntermediateProofReplayer Proof replay took 9.5ms 
442895     DEBUG main            d.u.i.k.p.r.p.TestFile    ... success: reloaded. 
442896     INFO  main            d.u.i.k.p.r.p.TestFile    Now processing file /home/runner/work/key/key/key.core/../key.ui/examples/standard_key/java_dl/recursion/triangular.key 
442896     INFO  main            d.u.i.k.p.i.AbstractProblemLoader Loading environment from /home/runner/work/key/key/key.core/../key.ui/examples/standard_key/java_dl/recursion/triangular.key 
442896     DEBUG main            d.u.i.k.p.i.AbstractProblemLoader Environment load took 72.4ns 
442897     INFO  main            d.u.i.k.p.i.AbstractProblemLoader Creating init config 
445547     DEBUG main            d.u.i.k.p.i.AbstractProblemLoader Init config took 2.65s 
445603     INFO  main            d.u.i.k.p.i.AbstractProblemLoader Replaying proof Triangular[Triangular::tria(int)].JML normal_behavior operation contract.0 
445604     DEBUG main            d.u.i.k.p.i.IntermediateProofReplayer Proof replay took 7ns 
445808     INFO  main            d.u.i.k.p.r.p.TestFile    ... finished proof: closed. 
446373     INFO  main            d.u.i.k.p.i.AbstractProblemLoader Loading environment from /home/runner/work/key/key/key.core/../key.ui/examples/standard_key/java_dl/recursion/triangular.key.proof 
446373     DEBUG main            d.u.i.k.p.i.AbstractProblemLoader Environment load took 101.6ns 
446375     INFO  main            d.u.i.k.p.i.AbstractProblemLoader Creating init config 
449016     DEBUG main            d.u.i.k.p.i.AbstractProblemLoader Init config took 2.64s 
449059     INFO  main            d.u.i.k.p.i.AbstractProblemLoader Replaying proof Triangular[Triangular::tria(int)].JML normal_behavior operation contract.0 
449095     DEBUG main            d.u.i.k.p.i.IntermediateProofReplayer Proof replay took 33.78ms 
449096     DEBUG main            d.u.i.k.p.r.p.TestFile    ... success: reloaded. 
449097     INFO  main            d.u.i.k.p.r.p.TestFile    Now processing file /home/runner/work/key/key/key.core/../key.ui/examples/standard_key/java_dl/reverseArray.key 
449097     INFO  main            d.u.i.k.p.i.AbstractProblemLoader Loading environment from /home/runner/work/key/key/key.core/../key.ui/examples/standard_key/java_dl/reverseArray.key 
449097     DEBUG main            d.u.i.k.p.i.AbstractProblemLoader Environment load took 85ns 
449099     INFO  main            d.u.i.k.p.i.AbstractProblemLoader Creating init config 
449124     WARN  main            d.u.i.k.j.r.KeYCrossReferenceNameInfo Datatype java.io.PrintStream declared twice: Once in FILE:/home/runner/work/key/key/key.core/../key.ui/examples/standard_key/java_dl/./classpath/PrintStream.java and once in URL:file:/home/runner/work/key/key/key.core/build/resources/main/de/uka/ilkd/key/java/JavaRedux/java/io/PrintStream.java, Keeping one from URL:file:/home/runner/work/key/key/key.core/build/resources/main/de/uka/ilkd/key/java/JavaRedux/java/io/PrintStream.java 
449124     WARN  main            d.u.i.k.j.r.KeYCrossReferenceNameInfo Datatype java.lang.System declared twice: Once in FILE:/home/runner/work/key/key/key.core/../key.ui/examples/standard_key/java_dl/./classpath/System.java and once in URL:file:/home/runner/work/key/key/key.core/build/resources/main/de/uka/ilkd/key/java/JavaRedux/java/lang/System.java, Keeping one from URL:file:/home/runner/work/key/key/key.core/build/resources/main/de/uka/ilkd/key/java/JavaRedux/java/lang/System.java 
449124     WARN  main            d.u.i.k.j.r.KeYCrossReferenceNameInfo Datatype java.io.InputStream declared twice: Once in FILE:/home/runner/work/key/key/key.core/../key.ui/examples/standard_key/java_dl/./classpath/InputStream.java and once in URL:file:/home/runner/work/key/key/key.core/build/resources/main/de/uka/ilkd/key/java/JavaRedux/java/io/InputStream.java, Keeping one from URL:file:/home/runner/work/key/key/key.core/build/resources/main/de/uka/ilkd/key/java/JavaRedux/java/io/InputStream.java 
449127     DEBUG main            d.u.i.k.j.r.ClassFileDeclarationBuilder Parsing: package java.io; public class Closeable { } 
449127     DEBUG main            r.s.KeYCrossReferenceSourceInfo Dynamically created class: java.io.Closeable 
451872     DEBUG main            d.u.i.k.p.i.AbstractProblemLoader Init config took 2.77s 
451894     INFO  main            d.u.i.k.p.i.AbstractProblemLoader Replaying proof reverseArray.key 
451895     DEBUG main            d.u.i.k.p.i.IntermediateProofReplayer Proof replay took 7.6ns 
457100     INFO  main            d.u.i.k.p.r.p.TestFile    ... finished proof: closed. 
457717     INFO  main            d.u.i.k.p.i.AbstractProblemLoader Loading environment from /home/runner/work/key/key/key.core/../key.ui/examples/standard_key/java_dl/reverseArray.key.proof 
457718     DEBUG main            d.u.i.k.p.i.AbstractProblemLoader Environment load took 472.1ns 
457720     INFO  main            d.u.i.k.p.i.AbstractProblemLoader Creating init config 
457745     WARN  main            d.u.i.k.j.r.KeYCrossReferenceNameInfo Datatype java.io.PrintStream declared twice: Once in FILE:/home/runner/work/key/key/key.core/../key.ui/examples/standard_key/java_dl/classpath/PrintStream.java and once in URL:file:/home/runner/work/key/key/key.core/build/resources/main/de/uka/ilkd/key/java/JavaRedux/java/io/PrintStream.java, Keeping one from URL:file:/home/runner/work/key/key/key.core/build/resources/main/de/uka/ilkd/key/java/JavaRedux/java/io/PrintStream.java 
457746     WARN  main            d.u.i.k.j.r.KeYCrossReferenceNameInfo Datatype java.lang.System declared twice: Once in FILE:/home/runner/work/key/key/key.core/../key.ui/examples/standard_key/java_dl/classpath/System.java and once in URL:file:/home/runner/work/key/key/key.core/build/resources/main/de/uka/ilkd/key/java/JavaRedux/java/lang/System.java, Keeping one from URL:file:/home/runner/work/key/key/key.core/build/resources/main/de/uka/ilkd/key/java/JavaRedux/java/lang/System.java 
457746     WARN  main            d.u.i.k.j.r.KeYCrossReferenceNameInfo Datatype java.io.InputStream declared twice: Once in FILE:/home/runner/work/key/key/key.core/../key.ui/examples/standard_key/java_dl/classpath/InputStream.java and once in URL:file:/home/runner/work/key/key/key.core/build/resources/main/de/uka/ilkd/key/java/JavaRedux/java/io/InputStream.java, Keeping one from URL:file:/home/runner/work/key/key/key.core/build/resources/main/de/uka/ilkd/key/java/JavaRedux/java/io/InputStream.java 
457750     DEBUG main            d.u.i.k.j.r.ClassFileDeclarationBuilder Parsing: package java.io; public class Closeable { } 
457750     DEBUG main            r.s.KeYCrossReferenceSourceInfo Dynamically created class: java.io.Closeable 
460482     DEBUG main            d.u.i.k.p.i.AbstractProblemLoader Init config took 2.76s 
460498     INFO  main            d.u.i.k.p.i.AbstractProblemLoader Replaying proof reverseArray.key.proof 
461094     DEBUG main            d.u.i.k.p.i.IntermediateProofReplayer Proof replay took 584.58ms 
461096     DEBUG main            d.u.i.k.p.r.p.TestFile    ... success: reloaded. 
461097     INFO  main            d.u.i.k.p.r.p.TestFile    Now processing file /home/runner/work/key/key/key.core/../key.ui/examples/standard_key/java_dl/reverseArray2.key 
461098     INFO  main            d.u.i.k.p.i.AbstractProblemLoader Loading environment from /home/runner/work/key/key/key.core/../key.ui/examples/standard_key/java_dl/reverseArray2.key 
461098     DEBUG main            d.u.i.k.p.i.AbstractProblemLoader Environment load took 131.1ns 
461100     INFO  main            d.u.i.k.p.i.AbstractProblemLoader Creating init config 
461125     WARN  main            d.u.i.k.j.r.KeYCrossReferenceNameInfo Datatype java.io.PrintStream declared twice: Once in FILE:/home/runner/work/key/key/key.core/../key.ui/examples/standard_key/java_dl/classpath/PrintStream.java and once in URL:file:/home/runner/work/key/key/key.core/build/resources/main/de/uka/ilkd/key/java/JavaRedux/java/io/PrintStream.java, Keeping one from URL:file:/home/runner/work/key/key/key.core/build/resources/main/de/uka/ilkd/key/java/JavaRedux/java/io/PrintStream.java 
461125     WARN  main            d.u.i.k.j.r.KeYCrossReferenceNameInfo Datatype java.lang.System declared twice: Once in FILE:/home/runner/work/key/key/key.core/../key.ui/examples/standard_key/java_dl/classpath/System.java and once in URL:file:/home/runner/work/key/key/key.core/build/resources/main/de/uka/ilkd/key/java/JavaRedux/java/lang/System.java, Keeping one from URL:file:/home/runner/work/key/key/key.core/build/resources/main/de/uka/ilkd/key/java/JavaRedux/java/lang/System.java 
461125     WARN  main            d.u.i.k.j.r.KeYCrossReferenceNameInfo Datatype java.io.InputStream declared twice: Once in FILE:/home/runner/work/key/key/key.core/../key.ui/examples/standard_key/java_dl/classpath/InputStream.java and once in URL:file:/home/runner/work/key/key/key.core/build/resources/main/de/uka/ilkd/key/java/JavaRedux/java/io/InputStream.java, Keeping one from URL:file:/home/runner/work/key/key/key.core/build/resources/main/de/uka/ilkd/key/java/JavaRedux/java/io/InputStream.java 
461129     DEBUG main            d.u.i.k.j.r.ClassFileDeclarationBuilder Parsing: package java.io; public class Closeable { } 
461129     DEBUG main            r.s.KeYCrossReferenceSourceInfo Dynamically created class: java.io.Closeable 
463956     DEBUG main            d.u.i.k.p.i.AbstractProblemLoader Init config took 2.86s 
463973     INFO  main            d.u.i.k.p.i.AbstractProblemLoader Replaying proof reverseArray2.key 
463975     DEBUG main            d.u.i.k.p.i.IntermediateProofReplayer Proof replay took 62ns 
465583     INFO  main            d.u.i.k.p.r.p.TestFile    ... finished proof: closed. 
466262     INFO  main            d.u.i.k.p.i.AbstractProblemLoader Loading environment from /home/runner/work/key/key/key.core/../key.ui/examples/standard_key/java_dl/reverseArray2.key.proof 
466262     DEBUG main            d.u.i.k.p.i.AbstractProblemLoader Environment load took 453.8ns 
466264     INFO  main            d.u.i.k.p.i.AbstractProblemLoader Creating init config 
466291     WARN  main            d.u.i.k.j.r.KeYCrossReferenceNameInfo Datatype java.io.PrintStream declared twice: Once in FILE:/home/runner/work/key/key/key.core/../key.ui/examples/standard_key/java_dl/classpath/PrintStream.java and once in URL:file:/home/runner/work/key/key/key.core/build/resources/main/de/uka/ilkd/key/java/JavaRedux/java/io/PrintStream.java, Keeping one from URL:file:/home/runner/work/key/key/key.core/build/resources/main/de/uka/ilkd/key/java/JavaRedux/java/io/PrintStream.java 
466291     WARN  main            d.u.i.k.j.r.KeYCrossReferenceNameInfo Datatype java.lang.System declared twice: Once in FILE:/home/runner/work/key/key/key.core/../key.ui/examples/standard_key/java_dl/classpath/System.java and once in URL:file:/home/runner/work/key/key/key.core/build/resources/main/de/uka/ilkd/key/java/JavaRedux/java/lang/System.java, Keeping one from URL:file:/home/runner/work/key/key/key.core/build/resources/main/de/uka/ilkd/key/java/JavaRedux/java/lang/System.java 
466291     WARN  main            d.u.i.k.j.r.KeYCrossReferenceNameInfo Datatype java.io.InputStream declared twice: Once in FILE:/home/runner/work/key/key/key.core/../key.ui/examples/standard_key/java_dl/classpath/InputStream.java and once in URL:file:/home/runner/work/key/key/key.core/build/resources/main/de/uka/ilkd/key/java/JavaRedux/java/io/InputStream.java, Keeping one from URL:file:/home/runner/work/key/key/key.core/build/resources/main/de/uka/ilkd/key/java/JavaRedux/java/io/InputStream.java 
466294     DEBUG main            d.u.i.k.j.r.ClassFileDeclarationBuilder Parsing: package java.io; public class Closeable { } 
466295     DEBUG main            r.s.KeYCrossReferenceSourceInfo Dynamically created class: java.io.Closeable 
469088     DEBUG main            d.u.i.k.p.i.AbstractProblemLoader Init config took 2.82s 
469104     INFO  main            d.u.i.k.p.i.AbstractProblemLoader Replaying proof reverseArray2.key.proof 
469311     DEBUG main            d.u.i.k.p.i.IntermediateProofReplayer Proof replay took 201.38ms 
469313     DEBUG main            d.u.i.k.p.r.p.TestFile    ... success: reloaded. 
469314     INFO  main            d.u.i.k.p.r.p.TestFile    Now processing file /home/runner/work/key/key/key.core/../key.ui/examples/standard_key/java_dl/simpleAssignment.key 
469314     INFO  main            d.u.i.k.p.i.AbstractProblemLoader Loading environment from /home/runner/work/key/key/key.core/../key.ui/examples/standard_key/java_dl/simpleAssignment.key 
469314     DEBUG main            d.u.i.k.p.i.AbstractProblemLoader Environment load took 91.5ns 
469315     INFO  main            d.u.i.k.p.i.AbstractProblemLoader Creating init config 
472089     DEBUG main            d.u.i.k.p.i.AbstractProblemLoader Init config took 2.77s 
472105     INFO  main            d.u.i.k.p.i.AbstractProblemLoader Replaying proof simpleAssignment.key 
472108     DEBUG main            d.u.i.k.p.i.IntermediateProofReplayer Proof replay took 4.2ns 
472210     INFO  main            d.u.i.k.p.r.p.TestFile    ... finished proof: closed. 
472845     INFO  main            d.u.i.k.p.i.AbstractProblemLoader Loading environment from /home/runner/work/key/key/key.core/../key.ui/examples/standard_key/java_dl/simpleAssignment.key.proof 
472845     DEBUG main            d.u.i.k.p.i.AbstractProblemLoader Environment load took 91.4ns 
472846     INFO  main            d.u.i.k.p.i.AbstractProblemLoader Creating init config 
475437     DEBUG main            d.u.i.k.p.i.AbstractProblemLoader Init config took 2.59s 
475451     INFO  main            d.u.i.k.p.i.AbstractProblemLoader Replaying proof simpleAssignment.key.proof 
475453     DEBUG main            d.u.i.k.p.i.IntermediateProofReplayer Proof replay took 840.6ns 
475454     DEBUG main            d.u.i.k.p.r.p.TestFile    ... success: reloaded. 
475454     INFO  main            d.u.i.k.p.r.p.TestFile    Now processing file /home/runner/work/key/key/key.core/../key.ui/examples/standard_key/java_dl/simpleAssignment2.key 
475455     INFO  main            d.u.i.k.p.i.AbstractProblemLoader Loading environment from /home/runner/work/key/key/key.core/../key.ui/examples/standard_key/java_dl/simpleAssignment2.key 
475455     DEBUG main            d.u.i.k.p.i.AbstractProblemLoader Environment load took 55.2ns 
475455     INFO  main            d.u.i.k.p.i.AbstractProblemLoader Creating init config 
477961     DEBUG main            d.u.i.k.p.i.AbstractProblemLoader Init config took 2.51s 
477977     INFO  main            d.u.i.k.p.i.AbstractProblemLoader Replaying proof simpleAssignment2.key 
477979     DEBUG main            d.u.i.k.p.i.IntermediateProofReplayer Proof replay took 3.5ns 
478080     INFO  main            d.u.i.k.p.r.p.TestFile    ... finished proof: closed. 
478627     INFO  main            d.u.i.k.p.i.AbstractProblemLoader Loading environment from /home/runner/work/key/key/key.core/../key.ui/examples/standard_key/java_dl/simpleAssignment2.key.proof 
478627     DEBUG main            d.u.i.k.p.i.AbstractProblemLoader Environment load took 92.3ns 
478628     INFO  main            d.u.i.k.p.i.AbstractProblemLoader Creating init config 
481088     DEBUG main            d.u.i.k.p.i.AbstractProblemLoader Init config took 2.46s 
481105     INFO  main            d.u.i.k.p.i.AbstractProblemLoader Replaying proof simpleAssignment2.key.proof 
481107     DEBUG main            d.u.i.k.p.i.IntermediateProofReplayer Proof replay took 493.3ns 
481108     DEBUG main            d.u.i.k.p.r.p.TestFile    ... success: reloaded. 
481109     INFO  main            d.u.i.k.p.r.p.TestFile    Now processing file /home/runner/work/key/key/key.core/../key.ui/examples/standard_key/java_dl/splittingWithQueries.key 
481109     INFO  main            d.u.i.k.p.i.AbstractProblemLoader Loading environment from /home/runner/work/key/key/key.core/../key.ui/examples/standard_key/java_dl/splittingWithQueries.key 
481109     DEBUG main            d.u.i.k.p.i.AbstractProblemLoader Environment load took 54.6ns 
481110     INFO  main            d.u.i.k.p.i.AbstractProblemLoader Creating init config 
483873     DEBUG main            d.u.i.k.p.i.AbstractProblemLoader Init config took 2.76s 
483888     INFO  main            d.u.i.k.p.i.AbstractProblemLoader Replaying proof splittingWithQueries.key 
483890     DEBUG main            d.u.i.k.p.i.IntermediateProofReplayer Proof replay took 3.5ns 
483992     INFO  main            d.u.i.k.p.r.p.TestFile    ... finished proof: closed. 
484557     INFO  main            d.u.i.k.p.i.AbstractProblemLoader Loading environment from /home/runner/work/key/key/key.core/../key.ui/examples/standard_key/java_dl/splittingWithQueries.key.proof 
484557     DEBUG main            d.u.i.k.p.i.AbstractProblemLoader Environment load took 87.4ns 
484558     INFO  main            d.u.i.k.p.i.AbstractProblemLoader Creating init config 
487152     DEBUG main            d.u.i.k.p.i.AbstractProblemLoader Init config took 2.59s 
487165     INFO  main            d.u.i.k.p.i.AbstractProblemLoader Replaying proof splittingWithQueries.key.proof 
487169     DEBUG main            d.u.i.k.p.i.IntermediateProofReplayer Proof replay took 1.58ms 
487170     DEBUG main            d.u.i.k.p.r.p.TestFile    ... success: reloaded. 
487171     INFO  main            d.u.i.k.p.r.p.TestFile    Now processing file /home/runner/work/key/key/key.core/../key.ui/examples/standard_key/java_dl/strassen/strassen.key 
487171     INFO  main            d.u.i.k.p.i.AbstractProblemLoader Loading environment from /home/runner/work/key/key/key.core/../key.ui/examples/standard_key/java_dl/strassen/strassen.key 
487171     DEBUG main            d.u.i.k.p.i.AbstractProblemLoader Environment load took 196.4ns 
487172     INFO  main            d.u.i.k.p.i.AbstractProblemLoader Creating init config 
489863     DEBUG main            d.u.i.k.p.i.AbstractProblemLoader Init config took 2.69s 
489901     INFO  main            d.u.i.k.p.i.AbstractProblemLoader Replaying proof Matrix22[Matrix22::strassen(Matrix22,Matrix22)].JML normal_behavior operation contract.0 
489902     DEBUG main            d.u.i.k.p.i.IntermediateProofReplayer Proof replay took 3.2ns 
495447     INFO  main            d.u.i.k.p.r.p.TestFile    ... finished proof: closed. 
496199     INFO  main            d.u.i.k.p.i.AbstractProblemLoader Loading environment from /home/runner/work/key/key/key.core/../key.ui/examples/standard_key/java_dl/strassen/strassen.key.proof 
496199     DEBUG main            d.u.i.k.p.i.AbstractProblemLoader Environment load took 97ns 
496201     INFO  main            d.u.i.k.p.i.AbstractProblemLoader Creating init config 
498874     DEBUG main            d.u.i.k.p.i.AbstractProblemLoader Init config took 2.67s 
498915     INFO  main            d.u.i.k.p.i.AbstractProblemLoader Replaying proof Matrix22[Matrix22::strassen(Matrix22,Matrix22)].JML normal_behavior operation contract.0 
499404     DEBUG main            d.u.i.k.p.i.IntermediateProofReplayer Proof replay took 478ms 
499406     DEBUG main            d.u.i.k.p.r.p.TestFile    ... success: reloaded. 
499407     INFO  main            d.u.i.k.p.r.p.TestFile    Now processing file /home/runner/work/key/key/key.core/../key.ui/examples/standard_key/java_dl/symmArray.key 
499407     INFO  main            d.u.i.k.p.i.AbstractProblemLoader Loading environment from /home/runner/work/key/key/key.core/../key.ui/examples/standard_key/java_dl/symmArray.key 
499407     DEBUG main            d.u.i.k.p.i.AbstractProblemLoader Environment load took 180.5ns 
499411     INFO  main            d.u.i.k.p.i.AbstractProblemLoader Creating init config 
502275     DEBUG main            d.u.i.k.p.i.AbstractProblemLoader Init config took 2.86s 
502293     INFO  main            d.u.i.k.p.i.AbstractProblemLoader Replaying proof symmArray.key 
502295     DEBUG main            d.u.i.k.p.i.IntermediateProofReplayer Proof replay took 3.6ns 
589815     INFO  main            d.u.i.k.p.r.p.TestFile    ... finished proof: closed. 
590521     INFO  main            d.u.i.k.p.i.AbstractProblemLoader Loading environment from /home/runner/work/key/key/key.core/../key.ui/examples/standard_key/java_dl/symmArray.key.proof 
590522     DEBUG main            d.u.i.k.p.i.AbstractProblemLoader Environment load took 348.5ns 
590526     INFO  main            d.u.i.k.p.i.AbstractProblemLoader Creating init config 
593067     DEBUG main            d.u.i.k.p.i.AbstractProblemLoader Init config took 2.54s 
593084     INFO  main            d.u.i.k.p.i.AbstractProblemLoader Replaying proof symmArray.key.proof 
594148     DEBUG main            d.u.i.k.p.i.IntermediateProofReplayer Proof replay took 1s 
594153     DEBUG main            d.u.i.k.p.r.p.TestFile    ... success: reloaded. 
594154     INFO  main            d.u.i.k.p.r.p.TestFile    Now processing file /home/runner/work/key/key/key.core/../key.ui/examples/standard_key/java_dl/testcontext.key 
594155     INFO  main            d.u.i.k.p.i.AbstractProblemLoader Loading environment from /home/runner/work/key/key/key.core/../key.ui/examples/standard_key/java_dl/testcontext.key 
594155     DEBUG main            d.u.i.k.p.i.AbstractProblemLoader Environment load took 92.5ns 
594156     INFO  main            d.u.i.k.p.i.AbstractProblemLoader Creating init config 
594183     WARN  main            d.u.i.k.j.r.KeYCrossReferenceNameInfo Datatype java.io.PrintStream declared twice: Once in FILE:/home/runner/work/key/key/key.core/../key.ui/examples/standard_key/java_dl/classpath/PrintStream.java and once in URL:file:/home/runner/work/key/key/key.core/build/resources/main/de/uka/ilkd/key/java/JavaRedux/java/io/PrintStream.java, Keeping one from URL:file:/home/runner/work/key/key/key.core/build/resources/main/de/uka/ilkd/key/java/JavaRedux/java/io/PrintStream.java 
594183     WARN  main            d.u.i.k.j.r.KeYCrossReferenceNameInfo Datatype java.lang.System declared twice: Once in FILE:/home/runner/work/key/key/key.core/../key.ui/examples/standard_key/java_dl/classpath/System.java and once in URL:file:/home/runner/work/key/key/key.core/build/resources/main/de/uka/ilkd/key/java/JavaRedux/java/lang/System.java, Keeping one from URL:file:/home/runner/work/key/key/key.core/build/resources/main/de/uka/ilkd/key/java/JavaRedux/java/lang/System.java 
594184     WARN  main            d.u.i.k.j.r.KeYCrossReferenceNameInfo Datatype java.io.InputStream declared twice: Once in FILE:/home/runner/work/key/key/key.core/../key.ui/examples/standard_key/java_dl/classpath/InputStream.java and once in URL:file:/home/runner/work/key/key/key.core/build/resources/main/de/uka/ilkd/key/java/JavaRedux/java/io/InputStream.java, Keeping one from URL:file:/home/runner/work/key/key/key.core/build/resources/main/de/uka/ilkd/key/java/JavaRedux/java/io/InputStream.java 
594187     DEBUG main            d.u.i.k.j.r.ClassFileDeclarationBuilder Parsing: package java.io; public class Closeable { } 
594187     DEBUG main            r.s.KeYCrossReferenceSourceInfo Dynamically created class: java.io.Closeable 
596852     DEBUG main            d.u.i.k.p.i.AbstractProblemLoader Init config took 2.7s 
596867     INFO  main            d.u.i.k.p.i.AbstractProblemLoader Replaying proof testcontext.key 
596868     DEBUG main            d.u.i.k.p.i.IntermediateProofReplayer Proof replay took 3.5ns 
597170     INFO  main            d.u.i.k.p.r.p.TestFile    ... finished proof: closed. 
597894     INFO  main            d.u.i.k.p.i.AbstractProblemLoader Loading environment from /home/runner/work/key/key/key.core/../key.ui/examples/standard_key/java_dl/testcontext.key.proof 
597894     DEBUG main            d.u.i.k.p.i.AbstractProblemLoader Environment load took 81.3ns 
597895     INFO  main            d.u.i.k.p.i.AbstractProblemLoader Creating init config 
597918     WARN  main            d.u.i.k.j.r.KeYCrossReferenceNameInfo Datatype java.io.PrintStream declared twice: Once in FILE:/home/runner/work/key/key/key.core/../key.ui/examples/standard_key/java_dl/classpath/PrintStream.java and once in URL:file:/home/runner/work/key/key/key.core/build/resources/main/de/uka/ilkd/key/java/JavaRedux/java/io/PrintStream.java, Keeping one from URL:file:/home/runner/work/key/key/key.core/build/resources/main/de/uka/ilkd/key/java/JavaRedux/java/io/PrintStream.java 
597918     WARN  main            d.u.i.k.j.r.KeYCrossReferenceNameInfo Datatype java.lang.System declared twice: Once in FILE:/home/runner/work/key/key/key.core/../key.ui/examples/standard_key/java_dl/classpath/System.java and once in URL:file:/home/runner/work/key/key/key.core/build/resources/main/de/uka/ilkd/key/java/JavaRedux/java/lang/System.java, Keeping one from URL:file:/home/runner/work/key/key/key.core/build/resources/main/de/uka/ilkd/key/java/JavaRedux/java/lang/System.java 
597919     WARN  main            d.u.i.k.j.r.KeYCrossReferenceNameInfo Datatype java.io.InputStream declared twice: Once in FILE:/home/runner/work/key/key/key.core/../key.ui/examples/standard_key/java_dl/classpath/InputStream.java and once in URL:file:/home/runner/work/key/key/key.core/build/resources/main/de/uka/ilkd/key/java/JavaRedux/java/io/InputStream.java, Keeping one from URL:file:/home/runner/work/key/key/key.core/build/resources/main/de/uka/ilkd/key/java/JavaRedux/java/io/InputStream.java 
597922     DEBUG main            d.u.i.k.j.r.ClassFileDeclarationBuilder Parsing: package java.io; public class Closeable { } 
597922     DEBUG main            r.s.KeYCrossReferenceSourceInfo Dynamically created class: java.io.Closeable 
600382     DEBUG main            d.u.i.k.p.i.AbstractProblemLoader Init config took 2.49s 
600396     INFO  main            d.u.i.k.p.i.AbstractProblemLoader Replaying proof testcontext.key.proof 
600447     DEBUG main            d.u.i.k.p.i.IntermediateProofReplayer Proof replay took 48.08ms 
600448     DEBUG main            d.u.i.k.p.r.p.TestFile    ... success: reloaded. 
600449     INFO  main            d.u.i.k.p.r.p.TestFile    Now processing file /home/runner/work/key/key/key.core/../key.ui/examples/standard_key/staticInitialisation/cascadeStaticInitialisation.key 
600449     INFO  main            d.u.i.k.p.i.AbstractProblemLoader Loading environment from /home/runner/work/key/key/key.core/../key.ui/examples/standard_key/staticInitialisation/cascadeStaticInitialisation.key 
600449     DEBUG main            d.u.i.k.p.i.AbstractProblemLoader Environment load took 85ns 
600452     INFO  main            d.u.i.k.p.i.AbstractProblemLoader Creating init config 
600474     WARN  main            d.u.i.k.j.r.KeYCrossReferenceNameInfo Datatype java.io.PrintStream declared twice: Once in FILE:/home/runner/work/key/key/key.core/../key.ui/examples/standard_key/staticInitialisation/classpath/PrintStream.java and once in URL:file:/home/runner/work/key/key/key.core/build/resources/main/de/uka/ilkd/key/java/JavaRedux/java/io/PrintStream.java, Keeping one from URL:file:/home/runner/work/key/key/key.core/build/resources/main/de/uka/ilkd/key/java/JavaRedux/java/io/PrintStream.java 
600474     WARN  main            d.u.i.k.j.r.KeYCrossReferenceNameInfo Datatype java.lang.System declared twice: Once in FILE:/home/runner/work/key/key/key.core/../key.ui/examples/standard_key/staticInitialisation/classpath/System.java and once in URL:file:/home/runner/work/key/key/key.core/build/resources/main/de/uka/ilkd/key/java/JavaRedux/java/lang/System.java, Keeping one from URL:file:/home/runner/work/key/key/key.core/build/resources/main/de/uka/ilkd/key/java/JavaRedux/java/lang/System.java 
602947     DEBUG main            d.u.i.k.p.i.AbstractProblemLoader Init config took 2.5s 
602962     INFO  main            d.u.i.k.p.i.AbstractProblemLoader Replaying proof cascadeStaticInitialisation.key 
602964     DEBUG main            d.u.i.k.p.i.IntermediateProofReplayer Proof replay took 2.8ns 
603683     INFO  main            d.u.i.k.p.r.p.TestFile    ... finished proof: closed. 
604327     INFO  main            d.u.i.k.p.i.AbstractProblemLoader Loading environment from /home/runner/work/key/key/key.core/../key.ui/examples/standard_key/staticInitialisation/cascadeStaticInitialisation.key.proof 
604327     DEBUG main            d.u.i.k.p.i.AbstractProblemLoader Environment load took 358.7ns 
604329     INFO  main            d.u.i.k.p.i.AbstractProblemLoader Creating init config 
604356     WARN  main            d.u.i.k.j.r.KeYCrossReferenceNameInfo Datatype java.io.PrintStream declared twice: Once in FILE:/home/runner/work/key/key/key.core/../key.ui/examples/standard_key/staticInitialisation/classpath/PrintStream.java and once in URL:file:/home/runner/work/key/key/key.core/build/resources/main/de/uka/ilkd/key/java/JavaRedux/java/io/PrintStream.java, Keeping one from URL:file:/home/runner/work/key/key/key.core/build/resources/main/de/uka/ilkd/key/java/JavaRedux/java/io/PrintStream.java 
604356     WARN  main            d.u.i.k.j.r.KeYCrossReferenceNameInfo Datatype java.lang.System declared twice: Once in FILE:/home/runner/work/key/key/key.core/../key.ui/examples/standard_key/staticInitialisation/classpath/System.java and once in URL:file:/home/runner/work/key/key/key.core/build/resources/main/de/uka/ilkd/key/java/JavaRedux/java/lang/System.java, Keeping one from URL:file:/home/runner/work/key/key/key.core/build/resources/main/de/uka/ilkd/key/java/JavaRedux/java/lang/System.java 
606977     DEBUG main            d.u.i.k.p.i.AbstractProblemLoader Init config took 2.65s 
606992     INFO  main            d.u.i.k.p.i.AbstractProblemLoader Replaying proof cascadeStaticInitialisation.key.proof 
607126     DEBUG main            d.u.i.k.p.i.IntermediateProofReplayer Proof replay took 131.63ms 
607127     DEBUG main            d.u.i.k.p.r.p.TestFile    ... success: reloaded. 
607128     INFO  main            d.u.i.k.p.r.p.TestFile    Now processing file /home/runner/work/key/key/key.core/../key.ui/examples/standard_key/staticInitialisation/erroneousClassImpliesErroneousSubclass.key 
607128     INFO  main            d.u.i.k.p.i.AbstractProblemLoader Loading environment from /home/runner/work/key/key/key.core/../key.ui/examples/standard_key/staticInitialisation/erroneousClassImpliesErroneousSubclass.key 
607128     DEBUG main            d.u.i.k.p.i.AbstractProblemLoader Environment load took 65.4ns 
607129     INFO  main            d.u.i.k.p.i.AbstractProblemLoader Creating init config 
607152     WARN  main            d.u.i.k.j.r.KeYCrossReferenceNameInfo Datatype java.io.PrintStream declared twice: Once in FILE:/home/runner/work/key/key/key.core/../key.ui/examples/standard_key/staticInitialisation/classpath/PrintStream.java and once in URL:file:/home/runner/work/key/key/key.core/build/resources/main/de/uka/ilkd/key/java/JavaRedux/java/io/PrintStream.java, Keeping one from URL:file:/home/runner/work/key/key/key.core/build/resources/main/de/uka/ilkd/key/java/JavaRedux/java/io/PrintStream.java 
607152     WARN  main            d.u.i.k.j.r.KeYCrossReferenceNameInfo Datatype java.lang.System declared twice: Once in FILE:/home/runner/work/key/key/key.core/../key.ui/examples/standard_key/staticInitialisation/classpath/System.java and once in URL:file:/home/runner/work/key/key/key.core/build/resources/main/de/uka/ilkd/key/java/JavaRedux/java/lang/System.java, Keeping one from URL:file:/home/runner/work/key/key/key.core/build/resources/main/de/uka/ilkd/key/java/JavaRedux/java/lang/System.java 
609615     DEBUG main            d.u.i.k.p.i.AbstractProblemLoader Init config took 2.49s 
609629     INFO  main            d.u.i.k.p.i.AbstractProblemLoader Replaying proof erroneousClassImpliesErroneousSubclass.key 
609630     DEBUG main            d.u.i.k.p.i.IntermediateProofReplayer Proof replay took 3ns 
609732     INFO  main            d.u.i.k.p.r.p.TestFile    ... finished proof: closed. 
610353     INFO  main            d.u.i.k.p.i.AbstractProblemLoader Loading environment from /home/runner/work/key/key/key.core/../key.ui/examples/standard_key/staticInitialisation/erroneousClassImpliesErroneousSubclass.key.proof 
610353     DEBUG main            d.u.i.k.p.i.AbstractProblemLoader Environment load took 82.8ns 
610354     INFO  main            d.u.i.k.p.i.AbstractProblemLoader Creating init config 
610376     WARN  main            d.u.i.k.j.r.KeYCrossReferenceNameInfo Datatype java.io.PrintStream declared twice: Once in FILE:/home/runner/work/key/key/key.core/../key.ui/examples/standard_key/staticInitialisation/classpath/PrintStream.java and once in URL:file:/home/runner/work/key/key/key.core/build/resources/main/de/uka/ilkd/key/java/JavaRedux/java/io/PrintStream.java, Keeping one from URL:file:/home/runner/work/key/key/key.core/build/resources/main/de/uka/ilkd/key/java/JavaRedux/java/io/PrintStream.java 
610377     WARN  main            d.u.i.k.j.r.KeYCrossReferenceNameInfo Datatype java.lang.System declared twice: Once in FILE:/home/runner/work/key/key/key.core/../key.ui/examples/standard_key/staticInitialisation/classpath/System.java and once in URL:file:/home/runner/work/key/key/key.core/build/resources/main/de/uka/ilkd/key/java/JavaRedux/java/lang/System.java, Keeping one from URL:file:/home/runner/work/key/key/key.core/build/resources/main/de/uka/ilkd/key/java/JavaRedux/java/lang/System.java 
612845     DEBUG main            d.u.i.k.p.i.AbstractProblemLoader Init config took 2.49s 
612858     INFO  main            d.u.i.k.p.i.AbstractProblemLoader Replaying proof erroneousClassImpliesErroneousSubclass.key.proof 
612860     DEBUG main            d.u.i.k.p.i.IntermediateProofReplayer Proof replay took 523.9ns 
612862     DEBUG main            d.u.i.k.p.r.p.TestFile    ... success: reloaded. 
612867     INFO  main            d.u.i.k.p.r.p.TestFile    Now processing file /home/runner/work/key/key/key.core/../key.ui/examples/standard_key/staticInitialisation/initializedSubclassImpliesInitializedSuperclass.key 
612868     INFO  main            d.u.i.k.p.i.AbstractProblemLoader Loading environment from /home/runner/work/key/key/key.core/../key.ui/examples/standard_key/staticInitialisation/initializedSubclassImpliesInitializedSuperclass.key 
612868     DEBUG main            d.u.i.k.p.i.AbstractProblemLoader Environment load took 127.2ns 
612871     INFO  main            d.u.i.k.p.i.AbstractProblemLoader Creating init config 
612894     WARN  main            d.u.i.k.j.r.KeYCrossReferenceNameInfo Datatype java.io.PrintStream declared twice: Once in FILE:/home/runner/work/key/key/key.core/../key.ui/examples/standard_key/staticInitialisation/classpath/PrintStream.java and once in URL:file:/home/runner/work/key/key/key.core/build/resources/main/de/uka/ilkd/key/java/JavaRedux/java/io/PrintStream.java, Keeping one from URL:file:/home/runner/work/key/key/key.core/build/resources/main/de/uka/ilkd/key/java/JavaRedux/java/io/PrintStream.java 
612894     WARN  main            d.u.i.k.j.r.KeYCrossReferenceNameInfo Datatype java.lang.System declared twice: Once in FILE:/home/runner/work/key/key/key.core/../key.ui/examples/standard_key/staticInitialisation/classpath/System.java and once in URL:file:/home/runner/work/key/key/key.core/build/resources/main/de/uka/ilkd/key/java/JavaRedux/java/lang/System.java, Keeping one from URL:file:/home/runner/work/key/key/key.core/build/resources/main/de/uka/ilkd/key/java/JavaRedux/java/lang/System.java 
615333     DEBUG main            d.u.i.k.p.i.AbstractProblemLoader Init config took 2.46s 
615346     INFO  main            d.u.i.k.p.i.AbstractProblemLoader Replaying proof initializedSubclassImpliesInitializedSuperclass.key 
615348     DEBUG main            d.u.i.k.p.i.IntermediateProofReplayer Proof replay took 2.9ns 
615449     INFO  main            d.u.i.k.p.r.p.TestFile    ... finished proof: closed. 
616055     INFO  main            d.u.i.k.p.i.AbstractProblemLoader Loading environment from /home/runner/work/key/key/key.core/../key.ui/examples/standard_key/staticInitialisation/initializedSubclassImpliesInitializedSuperclass.key.proof 
616055     DEBUG main            d.u.i.k.p.i.AbstractProblemLoader Environment load took 111ns 
616056     INFO  main            d.u.i.k.p.i.AbstractProblemLoader Creating init config 
616077     WARN  main            d.u.i.k.j.r.KeYCrossReferenceNameInfo Datatype java.io.PrintStream declared twice: Once in FILE:/home/runner/work/key/key/key.core/../key.ui/examples/standard_key/staticInitialisation/classpath/PrintStream.java and once in URL:file:/home/runner/work/key/key/key.core/build/resources/main/de/uka/ilkd/key/java/JavaRedux/java/io/PrintStream.java, Keeping one from URL:file:/home/runner/work/key/key/key.core/build/resources/main/de/uka/ilkd/key/java/JavaRedux/java/io/PrintStream.java 
616078     WARN  main            d.u.i.k.j.r.KeYCrossReferenceNameInfo Datatype java.lang.System declared twice: Once in FILE:/home/runner/work/key/key/key.core/../key.ui/examples/standard_key/staticInitialisation/classpath/System.java and once in URL:file:/home/runner/work/key/key/key.core/build/resources/main/de/uka/ilkd/key/java/JavaRedux/java/lang/System.java, Keeping one from URL:file:/home/runner/work/key/key/key.core/build/resources/main/de/uka/ilkd/key/java/JavaRedux/java/lang/System.java 
618505     DEBUG main            d.u.i.k.p.i.AbstractProblemLoader Init config took 2.45s 
618520     INFO  main            d.u.i.k.p.i.AbstractProblemLoader Replaying proof initializedSubclassImpliesInitializedSuperclass.key.proof 
618522     DEBUG main            d.u.i.k.p.i.IntermediateProofReplayer Proof replay took 387.9ns 
618523     DEBUG main            d.u.i.k.p.r.p.TestFile    ... success: reloaded. 
618524     INFO  main            d.u.i.k.p.r.p.TestFile    Now processing file /home/runner/work/key/key/key.core/../key.ui/examples/standard_key/staticInitialisation/localDeclared.key 
618524     INFO  main            d.u.i.k.p.i.AbstractProblemLoader Loading environment from /home/runner/work/key/key/key.core/../key.ui/examples/standard_key/staticInitialisation/localDeclared.key 
618524     DEBUG main            d.u.i.k.p.i.AbstractProblemLoader Environment load took 81.7ns 
618526     INFO  main            d.u.i.k.p.i.AbstractProblemLoader Creating init config 
618548     WARN  main            d.u.i.k.j.r.KeYCrossReferenceNameInfo Datatype java.io.PrintStream declared twice: Once in FILE:/home/runner/work/key/key/key.core/../key.ui/examples/standard_key/staticInitialisation/classpath/PrintStream.java and once in URL:file:/home/runner/work/key/key/key.core/build/resources/main/de/uka/ilkd/key/java/JavaRedux/java/io/PrintStream.java, Keeping one from URL:file:/home/runner/work/key/key/key.core/build/resources/main/de/uka/ilkd/key/java/JavaRedux/java/io/PrintStream.java 
618549     WARN  main            d.u.i.k.j.r.KeYCrossReferenceNameInfo Datatype java.lang.System declared twice: Once in FILE:/home/runner/work/key/key/key.core/../key.ui/examples/standard_key/staticInitialisation/classpath/System.java and once in URL:file:/home/runner/work/key/key/key.core/build/resources/main/de/uka/ilkd/key/java/JavaRedux/java/lang/System.java, Keeping one from URL:file:/home/runner/work/key/key/key.core/build/resources/main/de/uka/ilkd/key/java/JavaRedux/java/lang/System.java 
621004     DEBUG main            d.u.i.k.p.i.AbstractProblemLoader Init config took 2.48s 
621020     INFO  main            d.u.i.k.p.i.AbstractProblemLoader Replaying proof localDeclared.key 
621021     DEBUG main            d.u.i.k.p.i.IntermediateProofReplayer Proof replay took 2.9ns 
621328     INFO  main            d.u.i.k.p.r.p.TestFile    ... finished proof: closed. 
621956     INFO  main            d.u.i.k.p.i.AbstractProblemLoader Loading environment from /home/runner/work/key/key/key.core/../key.ui/examples/standard_key/staticInitialisation/localDeclared.key.proof 
621956     DEBUG main            d.u.i.k.p.i.AbstractProblemLoader Environment load took 168ns 
621957     INFO  main            d.u.i.k.p.i.AbstractProblemLoader Creating init config 
621988     WARN  main            d.u.i.k.j.r.KeYCrossReferenceNameInfo Datatype java.io.PrintStream declared twice: Once in FILE:/home/runner/work/key/key/key.core/../key.ui/examples/standard_key/staticInitialisation/classpath/PrintStream.java and once in URL:file:/home/runner/work/key/key/key.core/build/resources/main/de/uka/ilkd/key/java/JavaRedux/java/io/PrintStream.java, Keeping one from URL:file:/home/runner/work/key/key/key.core/build/resources/main/de/uka/ilkd/key/java/JavaRedux/java/io/PrintStream.java 
621988     WARN  main            d.u.i.k.j.r.KeYCrossReferenceNameInfo Datatype java.lang.System declared twice: Once in FILE:/home/runner/work/key/key/key.core/../key.ui/examples/standard_key/staticInitialisation/classpath/System.java and once in URL:file:/home/runner/work/key/key/key.core/build/resources/main/de/uka/ilkd/key/java/JavaRedux/java/lang/System.java, Keeping one from URL:file:/home/runner/work/key/key/key.core/build/resources/main/de/uka/ilkd/key/java/JavaRedux/java/lang/System.java 
624618     DEBUG main            d.u.i.k.p.i.AbstractProblemLoader Init config took 2.66s 
624631     INFO  main            d.u.i.k.p.i.AbstractProblemLoader Replaying proof localDeclared.key.proof 
624686     DEBUG main            d.u.i.k.p.i.IntermediateProofReplayer Proof replay took 52.42ms 
624687     DEBUG main            d.u.i.k.p.r.p.TestFile    ... success: reloaded. 
624688     INFO  main            d.u.i.k.p.r.p.TestFile    Now processing file /home/runner/work/key/key/key.core/../key.ui/examples/standard_key/staticInitialisation/localDeclaredMethod.key 
624688     INFO  main            d.u.i.k.p.i.AbstractProblemLoader Loading environment from /home/runner/work/key/key/key.core/../key.ui/examples/standard_key/staticInitialisation/localDeclaredMethod.key 
624689     DEBUG main            d.u.i.k.p.i.AbstractProblemLoader Environment load took 96.4ns 
624691     INFO  main            d.u.i.k.p.i.AbstractProblemLoader Creating init config 
624714     WARN  main            d.u.i.k.j.r.KeYCrossReferenceNameInfo Datatype java.io.PrintStream declared twice: Once in FILE:/home/runner/work/key/key/key.core/../key.ui/examples/standard_key/staticInitialisation/classpath/PrintStream.java and once in URL:file:/home/runner/work/key/key/key.core/build/resources/main/de/uka/ilkd/key/java/JavaRedux/java/io/PrintStream.java, Keeping one from URL:file:/home/runner/work/key/key/key.core/build/resources/main/de/uka/ilkd/key/java/JavaRedux/java/io/PrintStream.java 
624714     WARN  main            d.u.i.k.j.r.KeYCrossReferenceNameInfo Datatype java.lang.System declared twice: Once in FILE:/home/runner/work/key/key/key.core/../key.ui/examples/standard_key/staticInitialisation/classpath/System.java and once in URL:file:/home/runner/work/key/key/key.core/build/resources/main/de/uka/ilkd/key/java/JavaRedux/java/lang/System.java, Keeping one from URL:file:/home/runner/work/key/key/key.core/build/resources/main/de/uka/ilkd/key/java/JavaRedux/java/lang/System.java 
627339     DEBUG main            d.u.i.k.p.i.AbstractProblemLoader Init config took 2.65s 
627357     INFO  main            d.u.i.k.p.i.AbstractProblemLoader Replaying proof localDeclaredMethod.key 
627358     DEBUG main            d.u.i.k.p.i.IntermediateProofReplayer Proof replay took 3.8ns 
627662     INFO  main            d.u.i.k.p.r.p.TestFile    ... finished proof: closed. 
628323     INFO  main            d.u.i.k.p.i.AbstractProblemLoader Loading environment from /home/runner/work/key/key/key.core/../key.ui/examples/standard_key/staticInitialisation/localDeclaredMethod.key.proof 
628323     DEBUG main            d.u.i.k.p.i.AbstractProblemLoader Environment load took 184.9ns 
628324     INFO  main            d.u.i.k.p.i.AbstractProblemLoader Creating init config 
628349     WARN  main            d.u.i.k.j.r.KeYCrossReferenceNameInfo Datatype java.io.PrintStream declared twice: Once in FILE:/home/runner/work/key/key/key.core/../key.ui/examples/standard_key/staticInitialisation/classpath/PrintStream.java and once in URL:file:/home/runner/work/key/key/key.core/build/resources/main/de/uka/ilkd/key/java/JavaRedux/java/io/PrintStream.java, Keeping one from URL:file:/home/runner/work/key/key/key.core/build/resources/main/de/uka/ilkd/key/java/JavaRedux/java/io/PrintStream.java 
628350     WARN  main            d.u.i.k.j.r.KeYCrossReferenceNameInfo Datatype java.lang.System declared twice: Once in FILE:/home/runner/work/key/key/key.core/../key.ui/examples/standard_key/staticInitialisation/classpath/System.java and once in URL:file:/home/runner/work/key/key/key.core/build/resources/main/de/uka/ilkd/key/java/JavaRedux/java/lang/System.java, Keeping one from URL:file:/home/runner/work/key/key/key.core/build/resources/main/de/uka/ilkd/key/java/JavaRedux/java/lang/System.java 
630954     DEBUG main            d.u.i.k.p.i.AbstractProblemLoader Init config took 2.63s 
630969     INFO  main            d.u.i.k.p.i.AbstractProblemLoader Replaying proof localDeclaredMethod.key.proof 
631017     DEBUG main            d.u.i.k.p.i.IntermediateProofReplayer Proof replay took 46.07ms 
631019     DEBUG main            d.u.i.k.p.r.p.TestFile    ... success: reloaded. 
631019     INFO  main            d.u.i.k.p.r.p.TestFile    Now processing file /home/runner/work/key/key/key.core/../key.ui/examples/standard_key/staticInitialisation/objectOfErroneousClass.key 
631019     INFO  main            d.u.i.k.p.i.AbstractProblemLoader Loading environment from /home/runner/work/key/key/key.core/../key.ui/examples/standard_key/staticInitialisation/objectOfErroneousClass.key 
631020     DEBUG main            d.u.i.k.p.i.AbstractProblemLoader Environment load took 92.1ns 
631021     INFO  main            d.u.i.k.p.i.AbstractProblemLoader Creating init config 
631041     WARN  main            d.u.i.k.j.r.KeYCrossReferenceNameInfo Datatype java.io.PrintStream declared twice: Once in FILE:/home/runner/work/key/key/key.core/../key.ui/examples/standard_key/staticInitialisation/classpath/PrintStream.java and once in URL:file:/home/runner/work/key/key/key.core/build/resources/main/de/uka/ilkd/key/java/JavaRedux/java/io/PrintStream.java, Keeping one from URL:file:/home/runner/work/key/key/key.core/build/resources/main/de/uka/ilkd/key/java/JavaRedux/java/io/PrintStream.java 
631041     WARN  main            d.u.i.k.j.r.KeYCrossReferenceNameInfo Datatype java.lang.System declared twice: Once in FILE:/home/runner/work/key/key/key.core/../key.ui/examples/standard_key/staticInitialisation/classpath/System.java and once in URL:file:/home/runner/work/key/key/key.core/build/resources/main/de/uka/ilkd/key/java/JavaRedux/java/lang/System.java, Keeping one from URL:file:/home/runner/work/key/key/key.core/build/resources/main/de/uka/ilkd/key/java/JavaRedux/java/lang/System.java 
633636     DEBUG main            d.u.i.k.p.i.AbstractProblemLoader Init config took 2.62s 
633654     INFO  main            d.u.i.k.p.i.AbstractProblemLoader Replaying proof objectOfErroneousClass.key 
633656     DEBUG main            d.u.i.k.p.i.IntermediateProofReplayer Proof replay took 3.1ns 
647332     INFO  main            d.u.i.k.p.r.p.TestFile    ... finished proof: closed. 
648133     INFO  main            d.u.i.k.p.i.AbstractProblemLoader Loading environment from /home/runner/work/key/key/key.core/../key.ui/examples/standard_key/staticInitialisation/objectOfErroneousClass.key.proof 
648133     DEBUG main            d.u.i.k.p.i.AbstractProblemLoader Environment load took 148.2ns 
648138     INFO  main            d.u.i.k.p.i.AbstractProblemLoader Creating init config 
648160     WARN  main            d.u.i.k.j.r.KeYCrossReferenceNameInfo Datatype java.io.PrintStream declared twice: Once in FILE:/home/runner/work/key/key/key.core/../key.ui/examples/standard_key/staticInitialisation/classpath/PrintStream.java and once in URL:file:/home/runner/work/key/key/key.core/build/resources/main/de/uka/ilkd/key/java/JavaRedux/java/io/PrintStream.java, Keeping one from URL:file:/home/runner/work/key/key/key.core/build/resources/main/de/uka/ilkd/key/java/JavaRedux/java/io/PrintStream.java 
648160     WARN  main            d.u.i.k.j.r.KeYCrossReferenceNameInfo Datatype java.lang.System declared twice: Once in FILE:/home/runner/work/key/key/key.core/../key.ui/examples/standard_key/staticInitialisation/classpath/System.java and once in URL:file:/home/runner/work/key/key/key.core/build/resources/main/de/uka/ilkd/key/java/JavaRedux/java/lang/System.java, Keeping one from URL:file:/home/runner/work/key/key/key.core/build/resources/main/de/uka/ilkd/key/java/JavaRedux/java/lang/System.java 
650721     DEBUG main            d.u.i.k.p.i.AbstractProblemLoader Init config took 2.58s 
650737     INFO  main            d.u.i.k.p.i.AbstractProblemLoader Replaying proof objectOfErroneousClass.key.proof 
652474     DEBUG main            d.u.i.k.p.i.IntermediateProofReplayer Proof replay took 1.71s 
652478     DEBUG main            d.u.i.k.p.r.p.TestFile    ... success: reloaded. 
652479     INFO  main            d.u.i.k.p.r.p.TestFile    Now processing file /home/runner/work/key/key/key.core/../key.ui/examples/standard_key/staticInitialisation/staticInitialisersAreNonSimple.key 
652480     INFO  main            d.u.i.k.p.i.AbstractProblemLoader Loading environment from /home/runner/work/key/key/key.core/../key.ui/examples/standard_key/staticInitialisation/staticInitialisersAreNonSimple.key 
652480     DEBUG main            d.u.i.k.p.i.AbstractProblemLoader Environment load took 109.5ns 
652481     INFO  main            d.u.i.k.p.i.AbstractProblemLoader Creating init config 
652503     WARN  main            d.u.i.k.j.r.KeYCrossReferenceNameInfo Datatype java.io.PrintStream declared twice: Once in FILE:/home/runner/work/key/key/key.core/../key.ui/examples/standard_key/staticInitialisation/classpath/PrintStream.java and once in URL:file:/home/runner/work/key/key/key.core/build/resources/main/de/uka/ilkd/key/java/JavaRedux/java/io/PrintStream.java, Keeping one from URL:file:/home/runner/work/key/key/key.core/build/resources/main/de/uka/ilkd/key/java/JavaRedux/java/io/PrintStream.java 
652503     WARN  main            d.u.i.k.j.r.KeYCrossReferenceNameInfo Datatype java.lang.System declared twice: Once in FILE:/home/runner/work/key/key/key.core/../key.ui/examples/standard_key/staticInitialisation/classpath/System.java and once in URL:file:/home/runner/work/key/key/key.core/build/resources/main/de/uka/ilkd/key/java/JavaRedux/java/lang/System.java, Keeping one from URL:file:/home/runner/work/key/key/key.core/build/resources/main/de/uka/ilkd/key/java/JavaRedux/java/lang/System.java 
655145     DEBUG main            d.u.i.k.p.i.AbstractProblemLoader Init config took 2.66s 
655160     INFO  main            d.u.i.k.p.i.AbstractProblemLoader Replaying proof staticInitialisersAreNonSimple.key 
655161     DEBUG main            d.u.i.k.p.i.IntermediateProofReplayer Proof replay took 3ns 
655464     INFO  main            d.u.i.k.p.r.p.TestFile    ... finished proof: closed. 
656206     INFO  main            d.u.i.k.p.i.AbstractProblemLoader Loading environment from /home/runner/work/key/key/key.core/../key.ui/examples/standard_key/staticInitialisation/staticInitialisersAreNonSimple.key.proof 
656206     DEBUG main            d.u.i.k.p.i.AbstractProblemLoader Environment load took 106.7ns 
656208     INFO  main            d.u.i.k.p.i.AbstractProblemLoader Creating init config 
656231     WARN  main            d.u.i.k.j.r.KeYCrossReferenceNameInfo Datatype java.io.PrintStream declared twice: Once in FILE:/home/runner/work/key/key/key.core/../key.ui/examples/standard_key/staticInitialisation/classpath/PrintStream.java and once in URL:file:/home/runner/work/key/key/key.core/build/resources/main/de/uka/ilkd/key/java/JavaRedux/java/io/PrintStream.java, Keeping one from URL:file:/home/runner/work/key/key/key.core/build/resources/main/de/uka/ilkd/key/java/JavaRedux/java/io/PrintStream.java 
656232     WARN  main            d.u.i.k.j.r.KeYCrossReferenceNameInfo Datatype java.lang.System declared twice: Once in FILE:/home/runner/work/key/key/key.core/../key.ui/examples/standard_key/staticInitialisation/classpath/System.java and once in URL:file:/home/runner/work/key/key/key.core/build/resources/main/de/uka/ilkd/key/java/JavaRedux/java/lang/System.java, Keeping one from URL:file:/home/runner/work/key/key/key.core/build/resources/main/de/uka/ilkd/key/java/JavaRedux/java/lang/System.java 
658732     DEBUG main            d.u.i.k.p.i.AbstractProblemLoader Init config took 2.52s 
658746     INFO  main            d.u.i.k.p.i.AbstractProblemLoader Replaying proof staticInitialisersAreNonSimple.key.proof 
658814     DEBUG main            d.u.i.k.p.i.IntermediateProofReplayer Proof replay took 65.76ms 
658816     DEBUG main            d.u.i.k.p.r.p.TestFile    ... success: reloaded. 
658817     INFO  main            d.u.i.k.p.r.p.TestFile    Now processing file /home/runner/work/key/key/key.core/../key.ui/examples/standard_key/types/disjoint.key 
658817     INFO  main            d.u.i.k.p.i.AbstractProblemLoader Loading environment from /home/runner/work/key/key/key.core/../key.ui/examples/standard_key/types/disjoint.key 
658817     DEBUG main            d.u.i.k.p.i.AbstractProblemLoader Environment load took 102.6ns 
658818     INFO  main            d.u.i.k.p.i.AbstractProblemLoader Creating init config 
661411     DEBUG main            d.u.i.k.p.i.AbstractProblemLoader Init config took 2.59s 
661425     INFO  main            d.u.i.k.p.i.AbstractProblemLoader Replaying proof disjoint.key 
661427     DEBUG main            d.u.i.k.p.i.IntermediateProofReplayer Proof replay took 4.3ns 
661529     INFO  main            d.u.i.k.p.r.p.TestFile    ... finished proof: closed. 
662231     INFO  main            d.u.i.k.p.i.AbstractProblemLoader Loading environment from /home/runner/work/key/key/key.core/../key.ui/examples/standard_key/types/disjoint.key.proof 
662231     DEBUG main            d.u.i.k.p.i.AbstractProblemLoader Environment load took 110.8ns 
662232     INFO  main            d.u.i.k.p.i.AbstractProblemLoader Creating init config 
664788     DEBUG main            d.u.i.k.p.i.AbstractProblemLoader Init config took 2.56s 
664801     INFO  main            d.u.i.k.p.i.AbstractProblemLoader Replaying proof disjoint.key.proof 
664803     DEBUG main            d.u.i.k.p.i.IntermediateProofReplayer Proof replay took 350ns 
664804     DEBUG main            d.u.i.k.p.r.p.TestFile    ... success: reloaded. 
664804     INFO  main            d.u.i.k.p.r.p.TestFile    Now processing file /home/runner/work/key/key/key.core/../key.ui/examples/../../key.core/src/test/resources/testcase/classpath/classpath.key 
664804     INFO  main            d.u.i.k.p.i.AbstractProblemLoader Loading environment from /home/runner/work/key/key/key.core/../key.ui/examples/../../key.core/src/test/resources/testcase/classpath/classpath.key 
664804     DEBUG main            d.u.i.k.p.i.AbstractProblemLoader Environment load took 112.6ns 
664805     INFO  main            d.u.i.k.p.i.AbstractProblemLoader Creating init config 
664828     WARN  main            d.u.i.k.j.r.KeYCrossReferenceNameInfo Datatype cp.C declared twice: Once in FILE:/home/runner/work/key/key/key.core/../key.ui/examples/../../key.core/src/test/resources/testcase/classpath/classpath/C.class and once in FILE:/home/runner/work/key/key/key.core/../key.ui/examples/../../key.core/src/test/resources/testcase/classpath/classpath/C.jml, Keeping one from FILE:/home/runner/work/key/key/key.core/../key.ui/examples/../../key.core/src/test/resources/testcase/classpath/classpath/C.jml 
664831     DEBUG main            d.u.i.k.j.r.ClassFileDeclarationBuilder Parsing: package cp; public class Unresolved1 { } 
664832     DEBUG main            r.s.KeYCrossReferenceSourceInfo Dynamically created class: cp.Unresolved1 
664832     DEBUG main            d.u.i.k.j.r.ClassFileDeclarationBuilder Parsing: package cp; public class Unresolved2 { } 
664832     DEBUG main            r.s.KeYCrossReferenceSourceInfo Dynamically created class: cp.Unresolved2 
667460     DEBUG main            d.u.i.k.p.i.AbstractProblemLoader Init config took 2.65s 
667475     INFO  main            d.u.i.k.p.i.AbstractProblemLoader Replaying proof classpath.key 
667477     DEBUG main            d.u.i.k.p.i.IntermediateProofReplayer Proof replay took 3.1ns 
667579     INFO  main            d.u.i.k.p.r.p.TestFile    ... finished proof: closed. 
668213     INFO  main            d.u.i.k.p.i.AbstractProblemLoader Loading environment from /home/runner/work/key/key/key.core/../key.ui/examples/../../key.core/src/test/resources/testcase/classpath/classpath.key.proof 
668213     DEBUG main            d.u.i.k.p.i.AbstractProblemLoader Environment load took 81.7ns 
668214     INFO  main            d.u.i.k.p.i.AbstractProblemLoader Creating init config 
668241     WARN  main            d.u.i.k.j.r.KeYCrossReferenceNameInfo Datatype cp.C declared twice: Once in FILE:/home/runner/work/key/key/key.core/../key.ui/examples/../../key.core/src/test/resources/testcase/classpath/classpath/C.class and once in FILE:/home/runner/work/key/key/key.core/../key.ui/examples/../../key.core/src/test/resources/testcase/classpath/classpath/C.jml, Keeping one from FILE:/home/runner/work/key/key/key.core/../key.ui/examples/../../key.core/src/test/resources/testcase/classpath/classpath/C.jml 
668244     DEBUG main            d.u.i.k.j.r.ClassFileDeclarationBuilder Parsing: package cp; public class Unresolved1 { } 
668244     DEBUG main            r.s.KeYCrossReferenceSourceInfo Dynamically created class: cp.Unresolved1 
668245     DEBUG main            d.u.i.k.j.r.ClassFileDeclarationBuilder Parsing: package cp; public class Unresolved2 { } 
668245     DEBUG main            r.s.KeYCrossReferenceSourceInfo Dynamically created class: cp.Unresolved2 
670753     DEBUG main            d.u.i.k.p.i.AbstractProblemLoader Init config took 2.54s 
670768     INFO  main            d.u.i.k.p.i.AbstractProblemLoader Replaying proof classpath.key.proof 
670771     DEBUG main            d.u.i.k.p.i.IntermediateProofReplayer Proof replay took 639.7ns 
670772     DEBUG main            d.u.i.k.p.r.p.TestFile    ... success: reloaded. 
670772     INFO  main            d.u.i.k.p.r.p.TestFile    Now processing file /home/runner/work/key/key/key.core/../key.ui/examples/heap/inconsistent_represents/MyClass_m.key 
670773     INFO  main            d.u.i.k.p.i.AbstractProblemLoader Loading environment from /home/runner/work/key/key/key.core/../key.ui/examples/heap/inconsistent_represents/MyClass_m.key 
670773     DEBUG main            d.u.i.k.p.i.AbstractProblemLoader Environment load took 69.9ns 
670773     INFO  main            d.u.i.k.p.i.AbstractProblemLoader Creating init config 
673273     DEBUG main            d.u.i.k.p.i.AbstractProblemLoader Init config took 2.5s 
673312     INFO  main            d.u.i.k.p.i.AbstractProblemLoader Replaying proof MyClass[MyClass::m()].JML operation contract.0 
673314     DEBUG main            d.u.i.k.p.i.IntermediateProofReplayer Proof replay took 2.7ns 
673419     INFO  main            d.u.i.k.p.r.p.TestFile    ... finished proof: open goal(s) 
674060     INFO  main            d.u.i.k.p.r.p.TestFile    Now processing file /home/runner/work/key/key/key.core/../key.ui/examples/heap/inconsistent_represents/MyClass_n.key 
674060     INFO  main            d.u.i.k.p.i.AbstractProblemLoader Loading environment from /home/runner/work/key/key/key.core/../key.ui/examples/heap/inconsistent_represents/MyClass_n.key 
674060     DEBUG main            d.u.i.k.p.i.AbstractProblemLoader Environment load took 77.3ns 
674061     INFO  main            d.u.i.k.p.i.AbstractProblemLoader Creating init config 
676553     DEBUG main            d.u.i.k.p.i.AbstractProblemLoader Init config took 2.49s 
676597     INFO  main            d.u.i.k.p.i.AbstractProblemLoader Replaying proof MyClass[MyClass::n()].JML operation contract.0 
676599     DEBUG main            d.u.i.k.p.i.IntermediateProofReplayer Proof replay took 4ns 
676704     INFO  main            d.u.i.k.p.r.p.TestFile    ... finished proof: open goal(s) 
3986712    INFO  Test worker     d.u.i.k.p.r.RunAllProofsTestUnit Returning from test javadl 
3986724    INFO  Test worker     d.u.i.k.p.r.RunAllProofsTestUnit Running test FOL 
512        INFO  Timeout watchdog d.u.i.k.p.r.p.ForkedTestFileRunner Timeout watcher launched (2000 secs.) 
534        WARN  main            d.u.i.k.s.ProofSettings   The settings in /home/runner/.key/proof-settings.props are *not* read. 
565        INFO  main            d.u.i.k.p.r.p.TestFile    Now processing file /home/runner/work/key/key/key.core/../key.ui/examples/standard_key/pred_log/count.key 
714        INFO  main            d.u.i.k.p.i.AbstractProblemLoader Loading environment from /home/runner/work/key/key/key.core/../key.ui/examples/standard_key/pred_log/count.key 
732        DEBUG main            d.u.i.k.p.i.AbstractProblemLoader Environment load took 2.31ms 
999        INFO  main            d.u.i.k.p.i.AbstractProblemLoader Creating init config 
2023       DEBUG main            d.u.i.k.j.TypeConverter   No LDT found for Meta 
2023       DEBUG main            d.u.i.k.j.TypeConverter   No LDT found for Meta 
2026       DEBUG main            d.u.i.k.j.TypeConverter   No LDT found for Meta 
2027       DEBUG main            d.u.i.k.j.TypeConverter   No LDT found for Meta 
3475       DEBUG main            d.u.i.k.j.TypeConverter   No LDT found for JavaBigintExpression 
8634       DEBUG main            d.u.i.k.p.i.AbstractProblemLoader Init config took 7.64s 
8699       INFO  main            d.u.i.k.p.i.AbstractProblemLoader Replaying proof count.key 
8738       DEBUG main            d.u.i.k.p.i.IntermediateProofReplayer Proof replay took 33.7ns 
8914       INFO  main            d.u.i.k.p.r.p.TestFile    ... finished proof: closed. 
9026       INFO  main            d.u.i.k.p.i.AbstractProblemLoader Loading environment from /home/runner/work/key/key/key.core/../key.ui/examples/standard_key/pred_log/count.key.proof 
9030       DEBUG main            d.u.i.k.p.i.AbstractProblemLoader Environment load took 3.77ms 
9034       INFO  main            d.u.i.k.p.i.AbstractProblemLoader Creating init config 
11913      DEBUG main            d.u.i.k.p.i.AbstractProblemLoader Init config took 2.88s 
11956      INFO  main            d.u.i.k.p.i.AbstractProblemLoader Replaying proof count.key.proof 
11967      DEBUG main            d.u.i.k.p.i.IntermediateProofReplayer Proof replay took 6.12ms 
11978      DEBUG main            d.u.i.k.p.r.p.TestFile    ... success: reloaded. 
11979      INFO  main            d.u.i.k.p.r.p.TestFile    Now processing file /home/runner/work/key/key/key.core/../key.ui/examples/standard_key/pred_log/count2.key 
11980      INFO  main            d.u.i.k.p.i.AbstractProblemLoader Loading environment from /home/runner/work/key/key/key.core/../key.ui/examples/standard_key/pred_log/count2.key 
11980      DEBUG main            d.u.i.k.p.i.AbstractProblemLoader Environment load took 195.6ns 
11981      INFO  main            d.u.i.k.p.i.AbstractProblemLoader Creating init config 
14857      DEBUG main            d.u.i.k.p.i.AbstractProblemLoader Init config took 2.88s 
14888      INFO  main            d.u.i.k.p.i.AbstractProblemLoader Replaying proof count2.key 
14893      DEBUG main            d.u.i.k.p.i.IntermediateProofReplayer Proof replay took 7.3ns 
14998      INFO  main            d.u.i.k.p.r.p.TestFile    ... finished proof: closed. 
15133      INFO  main            d.u.i.k.p.i.AbstractProblemLoader Loading environment from /home/runner/work/key/key/key.core/../key.ui/examples/standard_key/pred_log/count2.key.proof 
15133      DEBUG main            d.u.i.k.p.i.AbstractProblemLoader Environment load took 428.6ns 
15136      INFO  main            d.u.i.k.p.i.AbstractProblemLoader Creating init config 
17823      DEBUG main            d.u.i.k.p.i.AbstractProblemLoader Init config took 2.69s 
17847      INFO  main            d.u.i.k.p.i.AbstractProblemLoader Replaying proof count2.key.proof 
17852      DEBUG main            d.u.i.k.p.i.IntermediateProofReplayer Proof replay took 2.71ms 
17853      DEBUG main            d.u.i.k.p.r.p.TestFile    ... success: reloaded. 
17854      INFO  main            d.u.i.k.p.r.p.TestFile    Now processing file /home/runner/work/key/key/key.core/../key.ui/examples/standard_key/pred_log/count3.key 
17854      INFO  main            d.u.i.k.p.i.AbstractProblemLoader Loading environment from /home/runner/work/key/key/key.core/../key.ui/examples/standard_key/pred_log/count3.key 
17854      DEBUG main            d.u.i.k.p.i.AbstractProblemLoader Environment load took 201.3ns 
17856      INFO  main            d.u.i.k.p.i.AbstractProblemLoader Creating init config 
20534      DEBUG main            d.u.i.k.p.i.AbstractProblemLoader Init config took 2.68s 
20557      INFO  main            d.u.i.k.p.i.AbstractProblemLoader Replaying proof count3.key 
20559      DEBUG main            d.u.i.k.p.i.IntermediateProofReplayer Proof replay took 6.7ns 
20664      INFO  main            d.u.i.k.p.r.p.TestFile    ... finished proof: closed. 
20822      INFO  main            d.u.i.k.p.i.AbstractProblemLoader Loading environment from /home/runner/work/key/key/key.core/../key.ui/examples/standard_key/pred_log/count3.key.proof 
20822      DEBUG main            d.u.i.k.p.i.AbstractProblemLoader Environment load took 133ns 
20825      INFO  main            d.u.i.k.p.i.AbstractProblemLoader Creating init config 
23434      DEBUG main            d.u.i.k.p.i.AbstractProblemLoader Init config took 2.61s 
23455      INFO  main            d.u.i.k.p.i.AbstractProblemLoader Replaying proof count3.key.proof 
23460      DEBUG main            d.u.i.k.p.i.IntermediateProofReplayer Proof replay took 2.97ms 
23461      DEBUG main            d.u.i.k.p.r.p.TestFile    ... success: reloaded. 
23464      INFO  main            d.u.i.k.p.r.p.TestFile    Now processing file /home/runner/work/key/key/key.core/../key.ui/examples/standard_key/pred_log/equalities.key 
23466      INFO  main            d.u.i.k.p.i.AbstractProblemLoader Loading environment from /home/runner/work/key/key/key.core/../key.ui/examples/standard_key/pred_log/equalities.key 
23467      DEBUG main            d.u.i.k.p.i.AbstractProblemLoader Environment load took 208.7ns 
23468      INFO  main            d.u.i.k.p.i.AbstractProblemLoader Creating init config 
26238      DEBUG main            d.u.i.k.p.i.AbstractProblemLoader Init config took 2.77s 
26259      INFO  main            d.u.i.k.p.i.AbstractProblemLoader Replaying proof equalities.key 
26261      DEBUG main            d.u.i.k.p.i.IntermediateProofReplayer Proof replay took 6.9ns 
26364      INFO  main            d.u.i.k.p.r.p.TestFile    ... finished proof: closed. 
26521      INFO  main            d.u.i.k.p.i.AbstractProblemLoader Loading environment from /home/runner/work/key/key/key.core/../key.ui/examples/standard_key/pred_log/equalities.key.proof 
26521      DEBUG main            d.u.i.k.p.i.AbstractProblemLoader Environment load took 137.1ns 
26522      INFO  main            d.u.i.k.p.i.AbstractProblemLoader Creating init config 
29180      DEBUG main            d.u.i.k.p.i.AbstractProblemLoader Init config took 2.66s 
29201      INFO  main            d.u.i.k.p.i.AbstractProblemLoader Replaying proof equalities.key.proof 
29204      DEBUG main            d.u.i.k.p.i.IntermediateProofReplayer Proof replay took 1.47ms 
29205      DEBUG main            d.u.i.k.p.r.p.TestFile    ... success: reloaded. 
29206      INFO  main            d.u.i.k.p.r.p.TestFile    Now processing file /home/runner/work/key/key/key.core/../key.ui/examples/standard_key/pred_log/equalities2.key 
29206      INFO  main            d.u.i.k.p.i.AbstractProblemLoader Loading environment from /home/runner/work/key/key/key.core/../key.ui/examples/standard_key/pred_log/equalities2.key 
29206      DEBUG main            d.u.i.k.p.i.AbstractProblemLoader Environment load took 172.1ns 
29208      INFO  main            d.u.i.k.p.i.AbstractProblemLoader Creating init config 
31807      DEBUG main            d.u.i.k.p.i.AbstractProblemLoader Init config took 2.6s 
31828      INFO  main            d.u.i.k.p.i.AbstractProblemLoader Replaying proof equalities2.key 
31830      DEBUG main            d.u.i.k.p.i.IntermediateProofReplayer Proof replay took 21.1ns 
31936      INFO  main            d.u.i.k.p.r.p.TestFile    ... finished proof: closed. 
32099      INFO  main            d.u.i.k.p.i.AbstractProblemLoader Loading environment from /home/runner/work/key/key/key.core/../key.ui/examples/standard_key/pred_log/equalities2.key.proof 
32100      DEBUG main            d.u.i.k.p.i.AbstractProblemLoader Environment load took 209.7ns 
32101      INFO  main            d.u.i.k.p.i.AbstractProblemLoader Creating init config 
34622      DEBUG main            d.u.i.k.p.i.AbstractProblemLoader Init config took 2.52s 
34641      INFO  main            d.u.i.k.p.i.AbstractProblemLoader Replaying proof equalities2.key.proof 
34647      DEBUG main            d.u.i.k.p.i.IntermediateProofReplayer Proof replay took 3.32ms 
34648      DEBUG main            d.u.i.k.p.r.p.TestFile    ... success: reloaded. 
34649      INFO  main            d.u.i.k.p.r.p.TestFile    Now processing file /home/runner/work/key/key/key.core/../key.ui/examples/standard_key/pred_log/equalities3.key 
34649      INFO  main            d.u.i.k.p.i.AbstractProblemLoader Loading environment from /home/runner/work/key/key/key.core/../key.ui/examples/standard_key/pred_log/equalities3.key 
34650      DEBUG main            d.u.i.k.p.i.AbstractProblemLoader Environment load took 187.6ns 
34651      INFO  main            d.u.i.k.p.i.AbstractProblemLoader Creating init config 
37204      DEBUG main            d.u.i.k.p.i.AbstractProblemLoader Init config took 2.55s 
37226      INFO  main            d.u.i.k.p.i.AbstractProblemLoader Replaying proof equalities3.key 
37228      DEBUG main            d.u.i.k.p.i.IntermediateProofReplayer Proof replay took 8.4ns 
37333      INFO  main            d.u.i.k.p.r.p.TestFile    ... finished proof: closed. 
37508      INFO  main            d.u.i.k.p.i.AbstractProblemLoader Loading environment from /home/runner/work/key/key/key.core/../key.ui/examples/standard_key/pred_log/equalities3.key.proof 
37509      DEBUG main            d.u.i.k.p.i.AbstractProblemLoader Environment load took 471ns 
37510      INFO  main            d.u.i.k.p.i.AbstractProblemLoader Creating init config 
40126      DEBUG main            d.u.i.k.p.i.AbstractProblemLoader Init config took 2.62s 
40147      INFO  main            d.u.i.k.p.i.AbstractProblemLoader Replaying proof equalities3.key.proof 
40155      DEBUG main            d.u.i.k.p.i.IntermediateProofReplayer Proof replay took 5.53ms 
40156      DEBUG main            d.u.i.k.p.r.p.TestFile    ... success: reloaded. 
40157      INFO  main            d.u.i.k.p.r.p.TestFile    Now processing file /home/runner/work/key/key/key.core/../key.ui/examples/standard_key/pred_log/functions.key 
40158      INFO  main            d.u.i.k.p.i.AbstractProblemLoader Loading environment from /home/runner/work/key/key/key.core/../key.ui/examples/standard_key/pred_log/functions.key 
40158      DEBUG main            d.u.i.k.p.i.AbstractProblemLoader Environment load took 186.8ns 
40159      INFO  main            d.u.i.k.p.i.AbstractProblemLoader Creating init config 
42752      DEBUG main            d.u.i.k.p.i.AbstractProblemLoader Init config took 2.59s 
42771      INFO  main            d.u.i.k.p.i.AbstractProblemLoader Replaying proof functions.key 
42773      DEBUG main            d.u.i.k.p.i.IntermediateProofReplayer Proof replay took 6.5ns 
42876      INFO  main            d.u.i.k.p.r.p.TestFile    ... finished proof: closed. 
43048      INFO  main            d.u.i.k.p.i.AbstractProblemLoader Loading environment from /home/runner/work/key/key/key.core/../key.ui/examples/standard_key/pred_log/functions.key.proof 
43048      DEBUG main            d.u.i.k.p.i.AbstractProblemLoader Environment load took 137.2ns 
43049      INFO  main            d.u.i.k.p.i.AbstractProblemLoader Creating init config 
45543      DEBUG main            d.u.i.k.p.i.AbstractProblemLoader Init config took 2.49s 
45560      INFO  main            d.u.i.k.p.i.AbstractProblemLoader Replaying proof functions.key.proof 
45565      DEBUG main            d.u.i.k.p.i.IntermediateProofReplayer Proof replay took 2.14ms 
45565      DEBUG main            d.u.i.k.p.r.p.TestFile    ... success: reloaded. 
45566      INFO  main            d.u.i.k.p.r.p.TestFile    Now processing file /home/runner/work/key/key/key.core/../key.ui/examples/standard_key/pred_log/mv1.key 
45567      INFO  main            d.u.i.k.p.i.AbstractProblemLoader Loading environment from /home/runner/work/key/key/key.core/../key.ui/examples/standard_key/pred_log/mv1.key 
45567      DEBUG main            d.u.i.k.p.i.AbstractProblemLoader Environment load took 181.1ns 
45568      INFO  main            d.u.i.k.p.i.AbstractProblemLoader Creating init config 
48230      DEBUG main            d.u.i.k.p.i.AbstractProblemLoader Init config took 2.66s 
48250      INFO  main            d.u.i.k.p.i.AbstractProblemLoader Replaying proof mv1.key 
48252      DEBUG main            d.u.i.k.p.i.IntermediateProofReplayer Proof replay took 7ns 
48354      INFO  main            d.u.i.k.p.r.p.TestFile    ... finished proof: closed. 
48531      INFO  main            d.u.i.k.p.i.AbstractProblemLoader Loading environment from /home/runner/work/key/key/key.core/../key.ui/examples/standard_key/pred_log/mv1.key.proof 
48531      DEBUG main            d.u.i.k.p.i.AbstractProblemLoader Environment load took 146.3ns 
48532      INFO  main            d.u.i.k.p.i.AbstractProblemLoader Creating init config 
51106      DEBUG main            d.u.i.k.p.i.AbstractProblemLoader Init config took 2.57s 
51123      INFO  main            d.u.i.k.p.i.AbstractProblemLoader Replaying proof mv1.key.proof 
51126      DEBUG main            d.u.i.k.p.i.IntermediateProofReplayer Proof replay took 914ns 
51126      DEBUG main            d.u.i.k.p.r.p.TestFile    ... success: reloaded. 
51127      INFO  main            d.u.i.k.p.r.p.TestFile    Now processing file /home/runner/work/key/key/key.core/../key.ui/examples/standard_key/pred_log/mv2.key 
51128      INFO  main            d.u.i.k.p.i.AbstractProblemLoader Loading environment from /home/runner/work/key/key/key.core/../key.ui/examples/standard_key/pred_log/mv2.key 
51128      DEBUG main            d.u.i.k.p.i.AbstractProblemLoader Environment load took 92.3ns 
51135      INFO  main            d.u.i.k.p.i.AbstractProblemLoader Creating init config 
53899      DEBUG main            d.u.i.k.p.i.AbstractProblemLoader Init config took 2.76s 
53919      INFO  main            d.u.i.k.p.i.AbstractProblemLoader Replaying proof mv2.key 
53922      DEBUG main            d.u.i.k.p.i.IntermediateProofReplayer Proof replay took 7.7ns 
54024      INFO  main            d.u.i.k.p.r.p.TestFile    ... finished proof: closed. 
54252      INFO  main            d.u.i.k.p.i.AbstractProblemLoader Loading environment from /home/runner/work/key/key/key.core/../key.ui/examples/standard_key/pred_log/mv2.key.proof 
54252      DEBUG main            d.u.i.k.p.i.AbstractProblemLoader Environment load took 155.6ns 
54253      INFO  main            d.u.i.k.p.i.AbstractProblemLoader Creating init config 
56824      DEBUG main            d.u.i.k.p.i.AbstractProblemLoader Init config took 2.57s 
56841      INFO  main            d.u.i.k.p.i.AbstractProblemLoader Replaying proof mv2.key.proof 
56845      DEBUG main            d.u.i.k.p.i.IntermediateProofReplayer Proof replay took 1.85ms 
56846      DEBUG main            d.u.i.k.p.r.p.TestFile    ... success: reloaded. 
56847      INFO  main            d.u.i.k.p.r.p.TestFile    Now processing file /home/runner/work/key/key/key.core/../key.ui/examples/standard_key/pred_log/quantifiers.key 
56847      INFO  main            d.u.i.k.p.i.AbstractProblemLoader Loading environment from /home/runner/work/key/key/key.core/../key.ui/examples/standard_key/pred_log/quantifiers.key 
56847      DEBUG main            d.u.i.k.p.i.AbstractProblemLoader Environment load took 177.9ns 
56848      INFO  main            d.u.i.k.p.i.AbstractProblemLoader Creating init config 
59510      DEBUG main            d.u.i.k.p.i.AbstractProblemLoader Init config took 2.66s 
59527      INFO  main            d.u.i.k.p.i.AbstractProblemLoader Replaying proof quantifiers.key 
59529      DEBUG main            d.u.i.k.p.i.IntermediateProofReplayer Proof replay took 7.1ns 
59632      INFO  main            d.u.i.k.p.r.p.TestFile    ... finished proof: closed. 
59830      INFO  main            d.u.i.k.p.i.AbstractProblemLoader Loading environment from /home/runner/work/key/key/key.core/../key.ui/examples/standard_key/pred_log/quantifiers.key.proof 
59831      DEBUG main            d.u.i.k.p.i.AbstractProblemLoader Environment load took 129ns 
59832      INFO  main            d.u.i.k.p.i.AbstractProblemLoader Creating init config 
62437      DEBUG main            d.u.i.k.p.i.AbstractProblemLoader Init config took 2.61s 
62456      INFO  main            d.u.i.k.p.i.AbstractProblemLoader Replaying proof quantifiers.key.proof 
62460      DEBUG main            d.u.i.k.p.i.IntermediateProofReplayer Proof replay took 2.07ms 
62461      DEBUG main            d.u.i.k.p.r.p.TestFile    ... success: reloaded. 
62462      INFO  main            d.u.i.k.p.r.p.TestFile    Now processing file /home/runner/work/key/key/key.core/../key.ui/examples/standard_key/pred_log/simpleEps.key 
62462      INFO  main            d.u.i.k.p.i.AbstractProblemLoader Loading environment from /home/runner/work/key/key/key.core/../key.ui/examples/standard_key/pred_log/simpleEps.key 
62462      DEBUG main            d.u.i.k.p.i.AbstractProblemLoader Environment load took 192.8ns 
62464      INFO  main            d.u.i.k.p.i.AbstractProblemLoader Creating init config 
65005      DEBUG main            d.u.i.k.p.i.AbstractProblemLoader Init config took 2.54s 
65020      INFO  main            d.u.i.k.p.i.AbstractProblemLoader Replaying proof simpleEps.key 
65022      DEBUG main            d.u.i.k.p.i.IntermediateProofReplayer Proof replay took 7.3ns 
65124      INFO  main            d.u.i.k.p.r.p.TestFile    ... finished proof: closed. 
65314      INFO  main            d.u.i.k.p.i.AbstractProblemLoader Loading environment from /home/runner/work/key/key/key.core/../key.ui/examples/standard_key/pred_log/simpleEps.key.proof 
65314      DEBUG main            d.u.i.k.p.i.AbstractProblemLoader Environment load took 121.2ns 
65315      INFO  main            d.u.i.k.p.i.AbstractProblemLoader Creating init config 
67843      DEBUG main            d.u.i.k.p.i.AbstractProblemLoader Init config took 2.53s 
67859      INFO  main            d.u.i.k.p.i.AbstractProblemLoader Replaying proof simpleEps.key.proof 
67862      DEBUG main            d.u.i.k.p.i.IntermediateProofReplayer Proof replay took 1.27ms 
67863      DEBUG main            d.u.i.k.p.r.p.TestFile    ... success: reloaded. 
67863      INFO  main            d.u.i.k.p.r.p.TestFile    Now processing file /home/runner/work/key/key/key.core/../key.ui/examples/standard_key/pred_log/steam1.key 
67864      INFO  main            d.u.i.k.p.i.AbstractProblemLoader Loading environment from /home/runner/work/key/key/key.core/../key.ui/examples/standard_key/pred_log/steam1.key 
67864      DEBUG main            d.u.i.k.p.i.AbstractProblemLoader Environment load took 110.5ns 
67866      INFO  main            d.u.i.k.p.i.AbstractProblemLoader Creating init config 
70520      DEBUG main            d.u.i.k.p.i.AbstractProblemLoader Init config took 2.65s 
70543      INFO  main            d.u.i.k.p.i.AbstractProblemLoader Replaying proof steam1.key 
70545      DEBUG main            d.u.i.k.p.i.IntermediateProofReplayer Proof replay took 7.8ns 
70957      INFO  main            d.u.i.k.p.r.p.TestFile    ... finished proof: closed. 
71192      INFO  main            d.u.i.k.p.i.AbstractProblemLoader Loading environment from /home/runner/work/key/key/key.core/../key.ui/examples/standard_key/pred_log/steam1.key.proof 
71192      DEBUG main            d.u.i.k.p.i.AbstractProblemLoader Environment load took 419.2ns 
71195      INFO  main            d.u.i.k.p.i.AbstractProblemLoader Creating init config 
73729      DEBUG main            d.u.i.k.p.i.AbstractProblemLoader Init config took 2.53s 
73754      INFO  main            d.u.i.k.p.i.AbstractProblemLoader Replaying proof steam1.key.proof 
73782      DEBUG main            d.u.i.k.p.i.IntermediateProofReplayer Proof replay took 23.45ms 
73784      DEBUG main            d.u.i.k.p.r.p.TestFile    ... success: reloaded. 
73785      INFO  main            d.u.i.k.p.r.p.TestFile    Now processing file /home/runner/work/key/key/key.core/../key.ui/examples/standard_key/pred_log/tptp/PUZ/PUZ001p1.key 
73786      INFO  main            d.u.i.k.p.i.AbstractProblemLoader Loading environment from /home/runner/work/key/key/key.core/../key.ui/examples/standard_key/pred_log/tptp/PUZ/PUZ001p1.key 
73786      DEBUG main            d.u.i.k.p.i.AbstractProblemLoader Environment load took 218.1ns 
73788      INFO  main            d.u.i.k.p.i.AbstractProblemLoader Creating init config 
76333      DEBUG main            d.u.i.k.p.i.AbstractProblemLoader Init config took 2.54s 
76350      INFO  main            d.u.i.k.p.i.AbstractProblemLoader Replaying proof PUZ001p1.key 
76352      DEBUG main            d.u.i.k.p.i.IntermediateProofReplayer Proof replay took 6.8ns 
79684      INFO  main            d.u.i.k.p.r.p.TestFile    ... finished proof: closed. 
79956      INFO  main            d.u.i.k.p.i.AbstractProblemLoader Loading environment from /home/runner/work/key/key/key.core/../key.ui/examples/standard_key/pred_log/tptp/PUZ/PUZ001p1.key.proof 
79957      DEBUG main            d.u.i.k.p.i.AbstractProblemLoader Environment load took 401.7ns 
79959      INFO  main            d.u.i.k.p.i.AbstractProblemLoader Creating init config 
82431      DEBUG main            d.u.i.k.p.i.AbstractProblemLoader Init config took 2.47s 
82452      INFO  main            d.u.i.k.p.i.AbstractProblemLoader Replaying proof PUZ001p1.key.proof 
82638      DEBUG main            d.u.i.k.p.i.IntermediateProofReplayer Proof replay took 173.99ms 
82640      DEBUG main            d.u.i.k.p.r.p.TestFile    ... success: reloaded. 
82641      INFO  main            d.u.i.k.p.r.p.TestFile    Now processing file /home/runner/work/key/key/key.core/../key.ui/examples/standard_key/pred_log/tptp/PUZ/PUZ001p1-eq.key 
82641      INFO  main            d.u.i.k.p.i.AbstractProblemLoader Loading environment from /home/runner/work/key/key/key.core/../key.ui/examples/standard_key/pred_log/tptp/PUZ/PUZ001p1-eq.key 
82641      DEBUG main            d.u.i.k.p.i.AbstractProblemLoader Environment load took 179ns 
82642      INFO  main            d.u.i.k.p.i.AbstractProblemLoader Creating init config 
85150      DEBUG main            d.u.i.k.p.i.AbstractProblemLoader Init config took 2.51s 
85168      INFO  main            d.u.i.k.p.i.AbstractProblemLoader Replaying proof PUZ001p1-eq.key 
85169      DEBUG main            d.u.i.k.p.i.IntermediateProofReplayer Proof replay took 6.9ns 
85372      INFO  main            d.u.i.k.p.r.p.TestFile    ... finished proof: closed. 
85685      INFO  main            d.u.i.k.p.i.AbstractProblemLoader Loading environment from /home/runner/work/key/key/key.core/../key.ui/examples/standard_key/pred_log/tptp/PUZ/PUZ001p1-eq.key.proof 
85685      DEBUG main            d.u.i.k.p.i.AbstractProblemLoader Environment load took 119.7ns 
85688      INFO  main            d.u.i.k.p.i.AbstractProblemLoader Creating init config 
88116      DEBUG main            d.u.i.k.p.i.AbstractProblemLoader Init config took 2.43s 
88131      INFO  main            d.u.i.k.p.i.AbstractProblemLoader Replaying proof PUZ001p1-eq.key.proof 
88144      DEBUG main            d.u.i.k.p.i.IntermediateProofReplayer Proof replay took 10.78ms 
88145      DEBUG main            d.u.i.k.p.r.p.TestFile    ... success: reloaded. 
88146      INFO  main            d.u.i.k.p.r.p.TestFile    Now processing file /home/runner/work/key/key/key.core/../key.ui/examples/standard_key/pred_log/tptp/PUZ/PUZ031p1.key 
88147      INFO  main            d.u.i.k.p.i.AbstractProblemLoader Loading environment from /home/runner/work/key/key/key.core/../key.ui/examples/standard_key/pred_log/tptp/PUZ/PUZ031p1.key 
88147      DEBUG main            d.u.i.k.p.i.AbstractProblemLoader Environment load took 192.5ns 
88148      INFO  main            d.u.i.k.p.i.AbstractProblemLoader Creating init config 
90748      DEBUG main            d.u.i.k.p.i.AbstractProblemLoader Init config took 2.6s 
90766      INFO  main            d.u.i.k.p.i.AbstractProblemLoader Replaying proof PUZ031p1.key 
90769      DEBUG main            d.u.i.k.p.i.IntermediateProofReplayer Proof replay took 7.7ns 
99884      INFO  main            d.u.i.k.p.r.p.TestFile    ... finished proof: closed. 
100165     INFO  main            d.u.i.k.p.i.AbstractProblemLoader Loading environment from /home/runner/work/key/key/key.core/../key.ui/examples/standard_key/pred_log/tptp/PUZ/PUZ031p1.key.proof 
100165     DEBUG main            d.u.i.k.p.i.AbstractProblemLoader Environment load took 457.7ns 
100167     INFO  main            d.u.i.k.p.i.AbstractProblemLoader Creating init config 
102695     DEBUG main            d.u.i.k.p.i.AbstractProblemLoader Init config took 2.53s 
102713     INFO  main            d.u.i.k.p.i.AbstractProblemLoader Replaying proof PUZ031p1.key.proof 
102790     DEBUG main            d.u.i.k.p.i.IntermediateProofReplayer Proof replay took 72.29ms 
102792     DEBUG main            d.u.i.k.p.r.p.TestFile    ... success: reloaded. 
102793     INFO  main            d.u.i.k.p.r.p.TestFile    Now processing file /home/runner/work/key/key/key.core/../key.ui/examples/standard_key/pred_log/tptp/SET/SET027p3.key 
102793     INFO  main            d.u.i.k.p.i.AbstractProblemLoader Loading environment from /home/runner/work/key/key/key.core/../key.ui/examples/standard_key/pred_log/tptp/SET/SET027p3.key 
102794     DEBUG main            d.u.i.k.p.i.AbstractProblemLoader Environment load took 122.4ns 
102795     INFO  main            d.u.i.k.p.i.AbstractProblemLoader Creating init config 
105347     DEBUG main            d.u.i.k.p.i.AbstractProblemLoader Init config took 2.55s 
105362     INFO  main            d.u.i.k.p.i.AbstractProblemLoader Replaying proof SET027p3.key 
105363     DEBUG main            d.u.i.k.p.i.IntermediateProofReplayer Proof replay took 7.9ns 
105466     INFO  main            d.u.i.k.p.r.p.TestFile    ... finished proof: closed. 
105725     INFO  main            d.u.i.k.p.i.AbstractProblemLoader Loading environment from /home/runner/work/key/key/key.core/../key.ui/examples/standard_key/pred_log/tptp/SET/SET027p3.key.proof 
105725     DEBUG main            d.u.i.k.p.i.AbstractProblemLoader Environment load took 126.5ns 
105726     INFO  main            d.u.i.k.p.i.AbstractProblemLoader Creating init config 
108235     DEBUG main            d.u.i.k.p.i.AbstractProblemLoader Init config took 2.51s 
108250     INFO  main            d.u.i.k.p.i.AbstractProblemLoader Replaying proof SET027p3.key.proof 
108265     DEBUG main            d.u.i.k.p.i.IntermediateProofReplayer Proof replay took 8.33ms 
108266     DEBUG main            d.u.i.k.p.r.p.TestFile    ... success: reloaded. 
108267     INFO  main            d.u.i.k.p.r.p.TestFile    Now processing file /home/runner/work/key/key/key.core/../key.ui/examples/standard_key/pred_log/tptp/SET/SET043p1.key 
108267     INFO  main            d.u.i.k.p.i.AbstractProblemLoader Loading environment from /home/runner/work/key/key/key.core/../key.ui/examples/standard_key/pred_log/tptp/SET/SET043p1.key 
108267     DEBUG main            d.u.i.k.p.i.AbstractProblemLoader Environment load took 257.8ns 
108268     INFO  main            d.u.i.k.p.i.AbstractProblemLoader Creating init config 
110858     DEBUG main            d.u.i.k.p.i.AbstractProblemLoader Init config took 2.59s 
110873     INFO  main            d.u.i.k.p.i.AbstractProblemLoader Replaying proof SET043p1.key 
110874     DEBUG main            d.u.i.k.p.i.IntermediateProofReplayer Proof replay took 7.8ns 
110977     INFO  main            d.u.i.k.p.r.p.TestFile    ... finished proof: closed. 
111225     INFO  main            d.u.i.k.p.i.AbstractProblemLoader Loading environment from /home/runner/work/key/key/key.core/../key.ui/examples/standard_key/pred_log/tptp/SET/SET043p1.key.proof 
111225     DEBUG main            d.u.i.k.p.i.AbstractProblemLoader Environment load took 276.6ns 
111226     INFO  main            d.u.i.k.p.i.AbstractProblemLoader Creating init config 
113780     DEBUG main            d.u.i.k.p.i.AbstractProblemLoader Init config took 2.55s 
113796     INFO  main            d.u.i.k.p.i.AbstractProblemLoader Replaying proof SET043p1.key.proof 
113804     DEBUG main            d.u.i.k.p.i.IntermediateProofReplayer Proof replay took 1.55ms 
113806     DEBUG main            d.u.i.k.p.r.p.TestFile    ... success: reloaded. 
113807     INFO  main            d.u.i.k.p.r.p.TestFile    Now processing file /home/runner/work/key/key/key.core/../key.ui/examples/standard_key/pred_log/tptp/SET/SET045p1.key 
113808     INFO  main            d.u.i.k.p.i.AbstractProblemLoader Loading environment from /home/runner/work/key/key/key.core/../key.ui/examples/standard_key/pred_log/tptp/SET/SET045p1.key 
113808     DEBUG main            d.u.i.k.p.i.AbstractProblemLoader Environment load took 219.4ns 
113809     INFO  main            d.u.i.k.p.i.AbstractProblemLoader Creating init config 
116392     DEBUG main            d.u.i.k.p.i.AbstractProblemLoader Init config took 2.58s 
116406     INFO  main            d.u.i.k.p.i.AbstractProblemLoader Replaying proof SET045p1.key 
116407     DEBUG main            d.u.i.k.p.i.IntermediateProofReplayer Proof replay took 7.3ns 
116509     INFO  main            d.u.i.k.p.r.p.TestFile    ... finished proof: closed. 
116771     INFO  main            d.u.i.k.p.i.AbstractProblemLoader Loading environment from /home/runner/work/key/key/key.core/../key.ui/examples/standard_key/pred_log/tptp/SET/SET045p1.key.proof 
116771     DEBUG main            d.u.i.k.p.i.AbstractProblemLoader Environment load took 125.1ns 
116772     INFO  main            d.u.i.k.p.i.AbstractProblemLoader Creating init config 
119461     DEBUG main            d.u.i.k.p.i.AbstractProblemLoader Init config took 2.69s 
119477     INFO  main            d.u.i.k.p.i.AbstractProblemLoader Replaying proof SET045p1.key.proof 
119482     DEBUG main            d.u.i.k.p.i.IntermediateProofReplayer Proof replay took 3.44ms 
119483     DEBUG main            d.u.i.k.p.r.p.TestFile    ... success: reloaded. 
119483     INFO  main            d.u.i.k.p.r.p.TestFile    Now processing file /home/runner/work/key/key/key.core/../key.ui/examples/standard_key/pred_log/tptp/SET/SET062p3.key 
119484     INFO  main            d.u.i.k.p.i.AbstractProblemLoader Loading environment from /home/runner/work/key/key/key.core/../key.ui/examples/standard_key/pred_log/tptp/SET/SET062p3.key 
119484     DEBUG main            d.u.i.k.p.i.AbstractProblemLoader Environment load took 110.9ns 
119485     INFO  main            d.u.i.k.p.i.AbstractProblemLoader Creating init config 
122144     DEBUG main            d.u.i.k.p.i.AbstractProblemLoader Init config took 2.66s 
122159     INFO  main            d.u.i.k.p.i.AbstractProblemLoader Replaying proof SET062p3.key 
122161     DEBUG main            d.u.i.k.p.i.IntermediateProofReplayer Proof replay took 7.5ns 
122265     INFO  main            d.u.i.k.p.r.p.TestFile    ... finished proof: closed. 
122544     INFO  main            d.u.i.k.p.i.AbstractProblemLoader Loading environment from /home/runner/work/key/key/key.core/../key.ui/examples/standard_key/pred_log/tptp/SET/SET062p3.key.proof 
122544     DEBUG main            d.u.i.k.p.i.AbstractProblemLoader Environment load took 126ns 
122546     INFO  main            d.u.i.k.p.i.AbstractProblemLoader Creating init config 
125157     DEBUG main            d.u.i.k.p.i.AbstractProblemLoader Init config took 2.61s 
125174     INFO  main            d.u.i.k.p.i.AbstractProblemLoader Replaying proof SET062p3.key.proof 
125179     DEBUG main            d.u.i.k.p.i.IntermediateProofReplayer Proof replay took 3.23ms 
125180     DEBUG main            d.u.i.k.p.r.p.TestFile    ... success: reloaded. 
125181     INFO  main            d.u.i.k.p.r.p.TestFile    Now processing file /home/runner/work/key/key/key.core/../key.ui/examples/standard_key/pred_log/tptp/SET/SET063p3.key 
125181     INFO  main            d.u.i.k.p.i.AbstractProblemLoader Loading environment from /home/runner/work/key/key/key.core/../key.ui/examples/standard_key/pred_log/tptp/SET/SET063p3.key 
125181     DEBUG main            d.u.i.k.p.i.AbstractProblemLoader Environment load took 90.7ns 
125183     INFO  main            d.u.i.k.p.i.AbstractProblemLoader Creating init config 
127992     DEBUG main            d.u.i.k.p.i.AbstractProblemLoader Init config took 2.81s 
128012     INFO  main            d.u.i.k.p.i.AbstractProblemLoader Replaying proof SET063p3.key 
128014     DEBUG main            d.u.i.k.p.i.IntermediateProofReplayer Proof replay took 8ns 
128116     INFO  main            d.u.i.k.p.r.p.TestFile    ... finished proof: closed. 
128395     INFO  main            d.u.i.k.p.i.AbstractProblemLoader Loading environment from /home/runner/work/key/key/key.core/../key.ui/examples/standard_key/pred_log/tptp/SET/SET063p3.key.proof 
128395     DEBUG main            d.u.i.k.p.i.AbstractProblemLoader Environment load took 116.6ns 
128396     INFO  main            d.u.i.k.p.i.AbstractProblemLoader Creating init config 
131037     DEBUG main            d.u.i.k.p.i.AbstractProblemLoader Init config took 2.64s 
131052     INFO  main            d.u.i.k.p.i.AbstractProblemLoader Replaying proof SET063p3.key.proof 
131058     DEBUG main            d.u.i.k.p.i.IntermediateProofReplayer Proof replay took 3.54ms 
131059     DEBUG main            d.u.i.k.p.r.p.TestFile    ... success: reloaded. 
131060     INFO  main            d.u.i.k.p.r.p.TestFile    Now processing file /home/runner/work/key/key/key.core/../key.ui/examples/standard_key/pred_log/tptp/SYN/SYN036p2.key 
131060     INFO  main            d.u.i.k.p.i.AbstractProblemLoader Loading environment from /home/runner/work/key/key/key.core/../key.ui/examples/standard_key/pred_log/tptp/SYN/SYN036p2.key 
131060     DEBUG main            d.u.i.k.p.i.AbstractProblemLoader Environment load took 177.6ns 
131061     INFO  main            d.u.i.k.p.i.AbstractProblemLoader Creating init config 
133761     DEBUG main            d.u.i.k.p.i.AbstractProblemLoader Init config took 2.7s 
133776     INFO  main            d.u.i.k.p.i.AbstractProblemLoader Replaying proof SYN036p2.key 
133778     DEBUG main            d.u.i.k.p.i.IntermediateProofReplayer Proof replay took 7.2ns 
134082     INFO  main            d.u.i.k.p.r.p.TestFile    ... finished proof: closed. 
134379     INFO  main            d.u.i.k.p.i.AbstractProblemLoader Loading environment from /home/runner/work/key/key/key.core/../key.ui/examples/standard_key/pred_log/tptp/SYN/SYN036p2.key.proof 
134380     DEBUG main            d.u.i.k.p.i.AbstractProblemLoader Environment load took 590.6ns 
134381     INFO  main            d.u.i.k.p.i.AbstractProblemLoader Creating init config 
136810     DEBUG main            d.u.i.k.p.i.AbstractProblemLoader Init config took 2.43s 
136827     INFO  main            d.u.i.k.p.i.AbstractProblemLoader Replaying proof SYN036p2.key.proof 
136916     DEBUG main            d.u.i.k.p.i.IntermediateProofReplayer Proof replay took 79.72ms 
136917     DEBUG main            d.u.i.k.p.r.p.TestFile    ... success: reloaded. 
136918     INFO  main            d.u.i.k.p.r.p.TestFile    Now processing file /home/runner/work/key/key/key.core/../key.ui/examples/standard_key/pred_log/tptp/SYN/SYN550p1.key 
136918     INFO  main            d.u.i.k.p.i.AbstractProblemLoader Loading environment from /home/runner/work/key/key/key.core/../key.ui/examples/standard_key/pred_log/tptp/SYN/SYN550p1.key 
136918     DEBUG main            d.u.i.k.p.i.AbstractProblemLoader Environment load took 205.6ns 
136919     INFO  main            d.u.i.k.p.i.AbstractProblemLoader Creating init config 
139547     DEBUG main            d.u.i.k.p.i.AbstractProblemLoader Init config took 2.63s 
139564     INFO  main            d.u.i.k.p.i.AbstractProblemLoader Replaying proof SYN550p1.key 
139565     DEBUG main            d.u.i.k.p.i.IntermediateProofReplayer Proof replay took 7.9ns 
142573     INFO  main            d.u.i.k.p.r.p.TestFile    ... finished proof: closed. 
142893     INFO  main            d.u.i.k.p.i.AbstractProblemLoader Loading environment from /home/runner/work/key/key/key.core/../key.ui/examples/standard_key/pred_log/tptp/SYN/SYN550p1.key.proof 
142894     DEBUG main            d.u.i.k.p.i.AbstractProblemLoader Environment load took 547.6ns 
142895     INFO  main            d.u.i.k.p.i.AbstractProblemLoader Creating init config 
145354     DEBUG main            d.u.i.k.p.i.AbstractProblemLoader Init config took 2.46s 
145369     INFO  main            d.u.i.k.p.i.AbstractProblemLoader Replaying proof SYN550p1.key.proof 
145447     DEBUG main            d.u.i.k.p.i.IntermediateProofReplayer Proof replay took 71.47ms 
145449     DEBUG main            d.u.i.k.p.r.p.TestFile    ... success: reloaded. 
145449     INFO  main            d.u.i.k.p.r.p.TestFile    Now processing file /home/runner/work/key/key/key.core/../key.ui/examples/standard_key/prop_log/reallySimple.key 
145449     INFO  main            d.u.i.k.p.i.AbstractProblemLoader Loading environment from /home/runner/work/key/key/key.core/../key.ui/examples/standard_key/prop_log/reallySimple.key 
145449     DEBUG main            d.u.i.k.p.i.AbstractProblemLoader Environment load took 79.6ns 
145450     INFO  main            d.u.i.k.p.i.AbstractProblemLoader Creating init config 
147899     DEBUG main            d.u.i.k.p.i.AbstractProblemLoader Init config took 2.45s 
147914     INFO  main            d.u.i.k.p.i.AbstractProblemLoader Replaying proof reallySimple.key 
147916     DEBUG main            d.u.i.k.p.i.IntermediateProofReplayer Proof replay took 7.2ns 
148020     INFO  main            d.u.i.k.p.r.p.TestFile    ... finished proof: open goal(s) 
148340     INFO  main            d.u.i.k.p.r.p.TestFile    Now processing file /home/runner/work/key/key/key.core/../key.ui/examples/standard_key/pred_log/sameName1.key 
148340     INFO  main            d.u.i.k.p.i.AbstractProblemLoader Loading environment from /home/runner/work/key/key/key.core/../key.ui/examples/standard_key/pred_log/sameName1.key 
148340     DEBUG main            d.u.i.k.p.i.AbstractProblemLoader Environment load took 70.1ns 
148341     INFO  main            d.u.i.k.p.i.AbstractProblemLoader Creating init config 
150915     DEBUG main            d.u.i.k.p.i.AbstractProblemLoader Init config took 2.57s 
150929     INFO  main            d.u.i.k.p.i.AbstractProblemLoader Replaying proof sameName1.key 
150931     DEBUG main            d.u.i.k.p.i.IntermediateProofReplayer Proof replay took 6.4ns 
151033     INFO  main            d.u.i.k.p.r.p.TestFile    ... finished proof: open goal(s) 
151299     INFO  main            d.u.i.k.p.r.p.TestFile    Now processing file /home/runner/work/key/key/key.core/../key.ui/examples/standard_key/pred_log/jbyteIfEx.key 
151299     INFO  main            d.u.i.k.p.i.AbstractProblemLoader Loading environment from /home/runner/work/key/key/key.core/../key.ui/examples/standard_key/pred_log/jbyteIfEx.key 
151299     DEBUG main            d.u.i.k.p.i.AbstractProblemLoader Environment load took 67.6ns 
151300     INFO  main            d.u.i.k.p.i.AbstractProblemLoader Creating init config 
153757     DEBUG main            d.u.i.k.p.i.AbstractProblemLoader Init config took 2.46s 
153772     INFO  main            d.u.i.k.p.i.AbstractProblemLoader Replaying proof jbyteIfEx.key 
153774     DEBUG main            d.u.i.k.p.i.IntermediateProofReplayer Proof replay took 6.6ns 
153876     INFO  main            d.u.i.k.p.r.p.TestFile    ... finished proof: closed. 
154165     INFO  main            d.u.i.k.p.i.AbstractProblemLoader Loading environment from /home/runner/work/key/key/key.core/../key.ui/examples/standard_key/pred_log/jbyteIfEx.key.proof 
154165     DEBUG main            d.u.i.k.p.i.AbstractProblemLoader Environment load took 107.7ns 
154166     INFO  main            d.u.i.k.p.i.AbstractProblemLoader Creating init config 
156631     DEBUG main            d.u.i.k.p.i.AbstractProblemLoader Init config took 2.47s 
156647     INFO  main            d.u.i.k.p.i.AbstractProblemLoader Replaying proof jbyteIfEx.key.proof 
156654     DEBUG main            d.u.i.k.p.i.IntermediateProofReplayer Proof replay took 4.26ms 
156655     DEBUG main            d.u.i.k.p.r.p.TestFile    ... success: reloaded. 
156655     INFO  main            d.u.i.k.p.r.p.TestFile    Now processing file /home/runner/work/key/key/key.core/../key.ui/examples/standard_key/prop_log/allClausesLength4.key 
156656     INFO  main            d.u.i.k.p.i.AbstractProblemLoader Loading environment from /home/runner/work/key/key/key.core/../key.ui/examples/standard_key/prop_log/allClausesLength4.key 
156656     DEBUG main            d.u.i.k.p.i.AbstractProblemLoader Environment load took 245.6ns 
156657     INFO  main            d.u.i.k.p.i.AbstractProblemLoader Creating init config 
159275     DEBUG main            d.u.i.k.p.i.AbstractProblemLoader Init config took 2.62s 
159291     INFO  main            d.u.i.k.p.i.AbstractProblemLoader Replaying proof allClausesLength4.key 
159293     DEBUG main            d.u.i.k.p.i.IntermediateProofReplayer Proof replay took 7.5ns 
159400     INFO  main            d.u.i.k.p.r.p.TestFile    ... finished proof: closed. 
159704     INFO  main            d.u.i.k.p.i.AbstractProblemLoader Loading environment from /home/runner/work/key/key/key.core/../key.ui/examples/standard_key/prop_log/allClausesLength4.key.proof 
159704     DEBUG main            d.u.i.k.p.i.AbstractProblemLoader Environment load took 109.6ns 
159706     INFO  main            d.u.i.k.p.i.AbstractProblemLoader Creating init config 
162236     DEBUG main            d.u.i.k.p.i.AbstractProblemLoader Init config took 2.53s 
162253     INFO  main            d.u.i.k.p.i.AbstractProblemLoader Replaying proof allClausesLength4.key.proof 
162287     DEBUG main            d.u.i.k.p.i.IntermediateProofReplayer Proof replay took 31.03ms 
162292     DEBUG main            d.u.i.k.p.r.p.TestFile    ... success: reloaded. 
162293     INFO  main            d.u.i.k.p.r.p.TestFile    Now processing file /home/runner/work/key/key/key.core/../key.ui/examples/standard_key/prop_log/allClausesLength5.key 
162293     INFO  main            d.u.i.k.p.i.AbstractProblemLoader Loading environment from /home/runner/work/key/key/key.core/../key.ui/examples/standard_key/prop_log/allClausesLength5.key 
162293     DEBUG main            d.u.i.k.p.i.AbstractProblemLoader Environment load took 104.1ns 
162295     INFO  main            d.u.i.k.p.i.AbstractProblemLoader Creating init config 
164943     DEBUG main            d.u.i.k.p.i.AbstractProblemLoader Init config took 2.65s 
164959     INFO  main            d.u.i.k.p.i.AbstractProblemLoader Replaying proof allClausesLength5.key 
164961     DEBUG main            d.u.i.k.p.i.IntermediateProofReplayer Proof replay took 7.6ns 
165266     INFO  main            d.u.i.k.p.r.p.TestFile    ... finished proof: closed. 
165579     INFO  main            d.u.i.k.p.i.AbstractProblemLoader Loading environment from /home/runner/work/key/key/key.core/../key.ui/examples/standard_key/prop_log/allClausesLength5.key.proof 
165579     DEBUG main            d.u.i.k.p.i.AbstractProblemLoader Environment load took 355.4ns 
165581     INFO  main            d.u.i.k.p.i.AbstractProblemLoader Creating init config 
168143     DEBUG main            d.u.i.k.p.i.AbstractProblemLoader Init config took 2.56s 
168161     INFO  main            d.u.i.k.p.i.AbstractProblemLoader Replaying proof allClausesLength5.key.proof 
168206     DEBUG main            d.u.i.k.p.i.IntermediateProofReplayer Proof replay took 39.97ms 
168208     DEBUG main            d.u.i.k.p.r.p.TestFile    ... success: reloaded. 
168208     INFO  main            d.u.i.k.p.r.p.TestFile    Now processing file /home/runner/work/key/key/key.core/../key.ui/examples/standard_key/prop_log/doubleNeg.key 
168209     INFO  main            d.u.i.k.p.i.AbstractProblemLoader Loading environment from /home/runner/work/key/key/key.core/../key.ui/examples/standard_key/prop_log/doubleNeg.key 
168209     DEBUG main            d.u.i.k.p.i.AbstractProblemLoader Environment load took 89.3ns 
168210     INFO  main            d.u.i.k.p.i.AbstractProblemLoader Creating init config 
170946     DEBUG main            d.u.i.k.p.i.AbstractProblemLoader Init config took 2.74s 
170960     INFO  main            d.u.i.k.p.i.AbstractProblemLoader Replaying proof doubleNeg.key 
170961     DEBUG main            d.u.i.k.p.i.IntermediateProofReplayer Proof replay took 5.7ns 
171067     INFO  main            d.u.i.k.p.r.p.TestFile    ... finished proof: closed. 
171388     INFO  main            d.u.i.k.p.i.AbstractProblemLoader Loading environment from /home/runner/work/key/key/key.core/../key.ui/examples/standard_key/prop_log/doubleNeg.key.proof 
171388     DEBUG main            d.u.i.k.p.i.AbstractProblemLoader Environment load took 101.6ns 
171389     INFO  main            d.u.i.k.p.i.AbstractProblemLoader Creating init config 
173950     DEBUG main            d.u.i.k.p.i.AbstractProblemLoader Init config took 2.56s 
173966     INFO  main            d.u.i.k.p.i.AbstractProblemLoader Replaying proof doubleNeg.key.proof 
173968     DEBUG main            d.u.i.k.p.i.IntermediateProofReplayer Proof replay took 458.9ns 
173969     DEBUG main            d.u.i.k.p.r.p.TestFile    ... success: reloaded. 
173970     INFO  main            d.u.i.k.p.r.p.TestFile    Now processing file /home/runner/work/key/key/key.core/../key.ui/examples/standard_key/prop_log/liarsville.key 
173970     INFO  main            d.u.i.k.p.i.AbstractProblemLoader Loading environment from /home/runner/work/key/key/key.core/../key.ui/examples/standard_key/prop_log/liarsville.key 
173971     DEBUG main            d.u.i.k.p.i.AbstractProblemLoader Environment load took 172.1ns 
173972     INFO  main            d.u.i.k.p.i.AbstractProblemLoader Creating init config 
176719     DEBUG main            d.u.i.k.p.i.AbstractProblemLoader Init config took 2.75s 
176733     INFO  main            d.u.i.k.p.i.AbstractProblemLoader Replaying proof liarsville.key 
176735     DEBUG main            d.u.i.k.p.i.IntermediateProofReplayer Proof replay took 7.5ns 
176837     INFO  main            d.u.i.k.p.r.p.TestFile    ... finished proof: closed. 
177174     INFO  main            d.u.i.k.p.i.AbstractProblemLoader Loading environment from /home/runner/work/key/key/key.core/../key.ui/examples/standard_key/prop_log/liarsville.key.proof 
177175     DEBUG main            d.u.i.k.p.i.AbstractProblemLoader Environment load took 96.8ns 
177176     INFO  main            d.u.i.k.p.i.AbstractProblemLoader Creating init config 
179698     DEBUG main            d.u.i.k.p.i.AbstractProblemLoader Init config took 2.52s 
179711     INFO  main            d.u.i.k.p.i.AbstractProblemLoader Replaying proof liarsville.key.proof 
179714     DEBUG main            d.u.i.k.p.i.IntermediateProofReplayer Proof replay took 1.15ms 
179714     DEBUG main            d.u.i.k.p.r.p.TestFile    ... success: reloaded. 
179715     INFO  main            d.u.i.k.p.r.p.TestFile    Now processing file /home/runner/work/key/key/key.core/../key.ui/examples/standard_key/prop_log/simplest.key 
179715     INFO  main            d.u.i.k.p.i.AbstractProblemLoader Loading environment from /home/runner/work/key/key/key.core/../key.ui/examples/standard_key/prop_log/simplest.key 
179715     DEBUG main            d.u.i.k.p.i.AbstractProblemLoader Environment load took 73.2ns 
179717     INFO  main            d.u.i.k.p.i.AbstractProblemLoader Creating init config 
182324     DEBUG main            d.u.i.k.p.i.AbstractProblemLoader Init config took 2.61s 
182338     INFO  main            d.u.i.k.p.i.AbstractProblemLoader Replaying proof simplest.key 
182339     DEBUG main            d.u.i.k.p.i.IntermediateProofReplayer Proof replay took 6.7ns 
182443     INFO  main            d.u.i.k.p.r.p.TestFile    ... finished proof: closed. 
182762     INFO  main            d.u.i.k.p.i.AbstractProblemLoader Loading environment from /home/runner/work/key/key/key.core/../key.ui/examples/standard_key/prop_log/simplest.key.proof 
182763     DEBUG main            d.u.i.k.p.i.AbstractProblemLoader Environment load took 379.5ns 
182764     INFO  main            d.u.i.k.p.i.AbstractProblemLoader Creating init config 
185230     DEBUG main            d.u.i.k.p.i.AbstractProblemLoader Init config took 2.47s 
185245     INFO  main            d.u.i.k.p.i.AbstractProblemLoader Replaying proof simplest.key.proof 
185246     DEBUG main            d.u.i.k.p.i.IntermediateProofReplayer Proof replay took 108.7ns 
185247     DEBUG main            d.u.i.k.p.r.p.TestFile    ... success: reloaded. 
185247     INFO  main            d.u.i.k.p.r.p.TestFile    Now processing file /home/runner/work/key/key/key.core/../key.ui/examples/standard_key/prop_log/contraposition.key 
185248     INFO  main            d.u.i.k.p.i.AbstractProblemLoader Loading environment from /home/runner/work/key/key/key.core/../key.ui/examples/standard_key/prop_log/contraposition.key 
185248     DEBUG main            d.u.i.k.p.i.AbstractProblemLoader Environment load took 60.4ns 
185248     INFO  main            d.u.i.k.p.i.AbstractProblemLoader Creating init config 
187713     DEBUG main            d.u.i.k.p.i.AbstractProblemLoader Init config took 2.46s 
187726     INFO  main            d.u.i.k.p.i.AbstractProblemLoader Replaying proof contraposition.key 
187727     DEBUG main            d.u.i.k.p.i.IntermediateProofReplayer Proof replay took 7ns 
187831     INFO  main            d.u.i.k.p.r.p.TestFile    ... finished proof: closed. 
188147     INFO  main            d.u.i.k.p.i.AbstractProblemLoader Loading environment from /home/runner/work/key/key/key.core/../key.ui/examples/standard_key/prop_log/contraposition.key.proof 
188147     DEBUG main            d.u.i.k.p.i.AbstractProblemLoader Environment load took 104.7ns 
188148     INFO  main            d.u.i.k.p.i.AbstractProblemLoader Creating init config 
190668     DEBUG main            d.u.i.k.p.i.AbstractProblemLoader Init config took 2.52s 
190681     INFO  main            d.u.i.k.p.i.AbstractProblemLoader Replaying proof contraposition.key.proof 
190683     DEBUG main            d.u.i.k.p.i.IntermediateProofReplayer Proof replay took 514.4ns 
190684     DEBUG main            d.u.i.k.p.r.p.TestFile    ... success: reloaded. 
190684     INFO  main            d.u.i.k.p.r.p.TestFile    Now processing file /home/runner/work/key/key/key.core/../key.ui/examples/standard_key/quantifiers/elimination0.key 
190684     INFO  main            d.u.i.k.p.i.AbstractProblemLoader Loading environment from /home/runner/work/key/key/key.core/../key.ui/examples/standard_key/quantifiers/elimination0.key 
190685     DEBUG main            d.u.i.k.p.i.AbstractProblemLoader Environment load took 76.8ns 
190686     INFO  main            d.u.i.k.p.i.AbstractProblemLoader Creating init config 
193141     DEBUG main            d.u.i.k.p.i.AbstractProblemLoader Init config took 2.46s 
193155     INFO  main            d.u.i.k.p.i.AbstractProblemLoader Replaying proof elimination0.key 
193157     DEBUG main            d.u.i.k.p.i.IntermediateProofReplayer Proof replay took 7.5ns 
193259     INFO  main            d.u.i.k.p.r.p.TestFile    ... finished proof: closed. 
193593     INFO  main            d.u.i.k.p.i.AbstractProblemLoader Loading environment from /home/runner/work/key/key/key.core/../key.ui/examples/standard_key/quantifiers/elimination0.key.proof 
193593     DEBUG main            d.u.i.k.p.i.AbstractProblemLoader Environment load took 104.9ns 
193594     INFO  main            d.u.i.k.p.i.AbstractProblemLoader Creating init config 
196065     DEBUG main            d.u.i.k.p.i.AbstractProblemLoader Init config took 2.47s 
196079     INFO  main            d.u.i.k.p.i.AbstractProblemLoader Replaying proof elimination0.key.proof 
196082     DEBUG main            d.u.i.k.p.i.IntermediateProofReplayer Proof replay took 1ms 
196082     DEBUG main            d.u.i.k.p.r.p.TestFile    ... success: reloaded. 
196083     INFO  main            d.u.i.k.p.r.p.TestFile    Now processing file /home/runner/work/key/key/key.core/../key.ui/examples/standard_key/quantifiers/heuristic_PUZ001p1-eq.key 
196084     INFO  main            d.u.i.k.p.i.AbstractProblemLoader Loading environment from /home/runner/work/key/key/key.core/../key.ui/examples/standard_key/quantifiers/heuristic_PUZ001p1-eq.key 
196084     DEBUG main            d.u.i.k.p.i.AbstractProblemLoader Environment load took 135.3ns 
196085     INFO  main            d.u.i.k.p.i.AbstractProblemLoader Creating init config 
198529     DEBUG main            d.u.i.k.p.i.AbstractProblemLoader Init config took 2.44s 
198544     INFO  main            d.u.i.k.p.i.AbstractProblemLoader Replaying proof heuristic_PUZ001p1-eq.key 
198546     DEBUG main            d.u.i.k.p.i.IntermediateProofReplayer Proof replay took 6.4ns 
198652     INFO  main            d.u.i.k.p.r.p.TestFile    ... finished proof: closed. 
199001     INFO  main            d.u.i.k.p.i.AbstractProblemLoader Loading environment from /home/runner/work/key/key/key.core/../key.ui/examples/standard_key/quantifiers/heuristic_PUZ001p1-eq.key.proof 
199001     DEBUG main            d.u.i.k.p.i.AbstractProblemLoader Environment load took 105.3ns 
199003     INFO  main            d.u.i.k.p.i.AbstractProblemLoader Creating init config 
201405     DEBUG main            d.u.i.k.p.i.AbstractProblemLoader Init config took 2.4s 
201421     INFO  main            d.u.i.k.p.i.AbstractProblemLoader Replaying proof heuristic_PUZ001p1-eq.key.proof 
201433     DEBUG main            d.u.i.k.p.i.IntermediateProofReplayer Proof replay took 9.95ms 
201434     DEBUG main            d.u.i.k.p.r.p.TestFile    ... success: reloaded. 
201435     INFO  main            d.u.i.k.p.r.p.TestFile    Now processing file /home/runner/work/key/key/key.core/../key.ui/examples/standard_key/quantifiers/heuristic_PUZ001p1.key 
201435     INFO  main            d.u.i.k.p.i.AbstractProblemLoader Loading environment from /home/runner/work/key/key/key.core/../key.ui/examples/standard_key/quantifiers/heuristic_PUZ001p1.key 
201435     DEBUG main            d.u.i.k.p.i.AbstractProblemLoader Environment load took 112.3ns 
201437     INFO  main            d.u.i.k.p.i.AbstractProblemLoader Creating init config 
203883     DEBUG main            d.u.i.k.p.i.AbstractProblemLoader Init config took 2.45s 
203918     INFO  main            d.u.i.k.p.i.AbstractProblemLoader Replaying proof heuristic_PUZ001p1.key 
203920     DEBUG main            d.u.i.k.p.i.IntermediateProofReplayer Proof replay took 7.4ns 
205326     INFO  main            d.u.i.k.p.r.p.TestFile    ... finished proof: closed. 
205680     INFO  main            d.u.i.k.p.i.AbstractProblemLoader Loading environment from /home/runner/work/key/key/key.core/../key.ui/examples/standard_key/quantifiers/heuristic_PUZ001p1.key.proof 
205680     DEBUG main            d.u.i.k.p.i.AbstractProblemLoader Environment load took 103.2ns 
205682     INFO  main            d.u.i.k.p.i.AbstractProblemLoader Creating init config 
208067     DEBUG main            d.u.i.k.p.i.AbstractProblemLoader Init config took 2.38s 
208085     INFO  main            d.u.i.k.p.i.AbstractProblemLoader Replaying proof heuristic_PUZ001p1.key.proof 
208128     DEBUG main            d.u.i.k.p.i.IntermediateProofReplayer Proof replay took 38.93ms 
208130     DEBUG main            d.u.i.k.p.r.p.TestFile    ... success: reloaded. 
208131     INFO  main            d.u.i.k.p.r.p.TestFile    Now processing file /home/runner/work/key/key/key.core/../key.ui/examples/standard_key/quantifiers/heuristic_PUZ031p1.key 
208131     INFO  main            d.u.i.k.p.i.AbstractProblemLoader Loading environment from /home/runner/work/key/key/key.core/../key.ui/examples/standard_key/quantifiers/heuristic_PUZ031p1.key 
208132     DEBUG main            d.u.i.k.p.i.AbstractProblemLoader Environment load took 246.9ns 
208133     INFO  main            d.u.i.k.p.i.AbstractProblemLoader Creating init config 
210689     DEBUG main            d.u.i.k.p.i.AbstractProblemLoader Init config took 2.56s 
210705     INFO  main            d.u.i.k.p.i.AbstractProblemLoader Replaying proof heuristic_PUZ031p1.key 
210707     DEBUG main            d.u.i.k.p.i.IntermediateProofReplayer Proof replay took 7.1ns 
215717     INFO  main            d.u.i.k.p.r.p.TestFile    ... finished proof: closed. 
216089     INFO  main            d.u.i.k.p.i.AbstractProblemLoader Loading environment from /home/runner/work/key/key/key.core/../key.ui/examples/standard_key/quantifiers/heuristic_PUZ031p1.key.proof 
216089     DEBUG main            d.u.i.k.p.i.AbstractProblemLoader Environment load took 456.2ns 
216091     INFO  main            d.u.i.k.p.i.AbstractProblemLoader Creating init config 
218487     DEBUG main            d.u.i.k.p.i.AbstractProblemLoader Init config took 2.4s 
218503     INFO  main            d.u.i.k.p.i.AbstractProblemLoader Replaying proof heuristic_PUZ031p1.key.proof 
218546     DEBUG main            d.u.i.k.p.i.IntermediateProofReplayer Proof replay took 39.37ms 
218548     DEBUG main            d.u.i.k.p.r.p.TestFile    ... success: reloaded. 
218549     INFO  main            d.u.i.k.p.r.p.TestFile    Now processing file /home/runner/work/key/key/key.core/../key.ui/examples/standard_key/quantifiers/heuristic_SYN036p2.key 
218549     INFO  main            d.u.i.k.p.i.AbstractProblemLoader Loading environment from /home/runner/work/key/key/key.core/../key.ui/examples/standard_key/quantifiers/heuristic_SYN036p2.key 
218549     DEBUG main            d.u.i.k.p.i.AbstractProblemLoader Environment load took 94.5ns 
218550     INFO  main            d.u.i.k.p.i.AbstractProblemLoader Creating init config 
220924     DEBUG main            d.u.i.k.p.i.AbstractProblemLoader Init config took 2.37s 
220939     INFO  main            d.u.i.k.p.i.AbstractProblemLoader Replaying proof heuristic_SYN036p2.key 
220940     DEBUG main            d.u.i.k.p.i.IntermediateProofReplayer Proof replay took 6ns 
221245     INFO  main            d.u.i.k.p.r.p.TestFile    ... finished proof: closed. 
221654     INFO  main            d.u.i.k.p.i.AbstractProblemLoader Loading environment from /home/runner/work/key/key/key.core/../key.ui/examples/standard_key/quantifiers/heuristic_SYN036p2.key.proof 
221654     DEBUG main            d.u.i.k.p.i.AbstractProblemLoader Environment load took 350.4ns 
221655     INFO  main            d.u.i.k.p.i.AbstractProblemLoader Creating init config 
224059     DEBUG main            d.u.i.k.p.i.AbstractProblemLoader Init config took 2.4s 
224073     INFO  main            d.u.i.k.p.i.AbstractProblemLoader Replaying proof heuristic_SYN036p2.key.proof 
224141     DEBUG main            d.u.i.k.p.i.IntermediateProofReplayer Proof replay took 59.89ms 
224143     DEBUG main            d.u.i.k.p.r.p.TestFile    ... success: reloaded. 
224143     INFO  main            d.u.i.k.p.r.p.TestFile    Now processing file /home/runner/work/key/key/key.core/../key.ui/examples/standard_key/quantifiers/injectivity.key 
224144     INFO  main            d.u.i.k.p.i.AbstractProblemLoader Loading environment from /home/runner/work/key/key/key.core/../key.ui/examples/standard_key/quantifiers/injectivity.key 
224144     DEBUG main            d.u.i.k.p.i.AbstractProblemLoader Environment load took 98.6ns 
224145     INFO  main            d.u.i.k.p.i.AbstractProblemLoader Creating init config 
226574     DEBUG main            d.u.i.k.p.i.AbstractProblemLoader Init config took 2.43s 
226592     INFO  main            d.u.i.k.p.i.AbstractProblemLoader Replaying proof injectivity.key 
226594     DEBUG main            d.u.i.k.p.i.IntermediateProofReplayer Proof replay took 24.4ns 
226696     INFO  main            d.u.i.k.p.r.p.TestFile    ... finished proof: closed. 
227075     INFO  main            d.u.i.k.p.i.AbstractProblemLoader Loading environment from /home/runner/work/key/key/key.core/../key.ui/examples/standard_key/quantifiers/injectivity.key.proof 
227075     DEBUG main            d.u.i.k.p.i.AbstractProblemLoader Environment load took 99.1ns 
227076     INFO  main            d.u.i.k.p.i.AbstractProblemLoader Creating init config 
229515     DEBUG main            d.u.i.k.p.i.AbstractProblemLoader Init config took 2.44s 
229528     INFO  main            d.u.i.k.p.i.AbstractProblemLoader Replaying proof injectivity.key.proof 
229531     DEBUG main            d.u.i.k.p.i.IntermediateProofReplayer Proof replay took 1.4ms 
229532     DEBUG main            d.u.i.k.p.r.p.TestFile    ... success: reloaded. 
229533     INFO  main            d.u.i.k.p.r.p.TestFile    Now processing file /home/runner/work/key/key/key.core/../key.ui/examples/standard_key/quantifiers/normalisation0.key 
229533     INFO  main            d.u.i.k.p.i.AbstractProblemLoader Loading environment from /home/runner/work/key/key/key.core/../key.ui/examples/standard_key/quantifiers/normalisation0.key 
229533     DEBUG main            d.u.i.k.p.i.AbstractProblemLoader Environment load took 106.3ns 
229534     INFO  main            d.u.i.k.p.i.AbstractProblemLoader Creating init config 
231924     DEBUG main            d.u.i.k.p.i.AbstractProblemLoader Init config took 2.39s 
231939     INFO  main            d.u.i.k.p.i.AbstractProblemLoader Replaying proof normalisation0.key 
231941     DEBUG main            d.u.i.k.p.i.IntermediateProofReplayer Proof replay took 7.5ns 
232048     INFO  main            d.u.i.k.p.r.p.TestFile    ... finished proof: closed. 
232421     INFO  main            d.u.i.k.p.i.AbstractProblemLoader Loading environment from /home/runner/work/key/key/key.core/../key.ui/examples/standard_key/quantifiers/normalisation0.key.proof 
232421     DEBUG main            d.u.i.k.p.i.AbstractProblemLoader Environment load took 94.7ns 
232423     INFO  main            d.u.i.k.p.i.AbstractProblemLoader Creating init config 
234797     DEBUG main            d.u.i.k.p.i.AbstractProblemLoader Init config took 2.37s 
234810     INFO  main            d.u.i.k.p.i.AbstractProblemLoader Replaying proof normalisation0.key.proof 
234815     DEBUG main            d.u.i.k.p.i.IntermediateProofReplayer Proof replay took 3.01ms 
234818     DEBUG main            d.u.i.k.p.r.p.TestFile    ... success: reloaded. 
234819     INFO  main            d.u.i.k.p.r.p.TestFile    Now processing file /home/runner/work/key/key/key.core/../key.ui/examples/standard_key/quantifiers/normalisation1.key 
234819     INFO  main            d.u.i.k.p.i.AbstractProblemLoader Loading environment from /home/runner/work/key/key/key.core/../key.ui/examples/standard_key/quantifiers/normalisation1.key 
234819     DEBUG main            d.u.i.k.p.i.AbstractProblemLoader Environment load took 224.6ns 
234820     INFO  main            d.u.i.k.p.i.AbstractProblemLoader Creating init config 
237256     DEBUG main            d.u.i.k.p.i.AbstractProblemLoader Init config took 2.44s 
237275     INFO  main            d.u.i.k.p.i.AbstractProblemLoader Replaying proof normalisation1.key 
237276     DEBUG main            d.u.i.k.p.i.IntermediateProofReplayer Proof replay took 7.1ns 
237382     INFO  main            d.u.i.k.p.r.p.TestFile    ... finished proof: closed. 
237772     INFO  main            d.u.i.k.p.i.AbstractProblemLoader Loading environment from /home/runner/work/key/key/key.core/../key.ui/examples/standard_key/quantifiers/normalisation1.key.proof 
237772     DEBUG main            d.u.i.k.p.i.AbstractProblemLoader Environment load took 89.2ns 
237773     INFO  main            d.u.i.k.p.i.AbstractProblemLoader Creating init config 
240223     DEBUG main            d.u.i.k.p.i.AbstractProblemLoader Init config took 2.45s 
240240     INFO  main            d.u.i.k.p.i.AbstractProblemLoader Replaying proof normalisation1.key.proof 
240242     DEBUG main            d.u.i.k.p.i.IntermediateProofReplayer Proof replay took 1.08ms 
240243     DEBUG main            d.u.i.k.p.r.p.TestFile    ... success: reloaded. 
240244     INFO  main            d.u.i.k.p.r.p.TestFile    Now processing file /home/runner/work/key/key/key.core/../key.ui/examples/standard_key/quantifiers/normalisation2.key 
240245     INFO  main            d.u.i.k.p.i.AbstractProblemLoader Loading environment from /home/runner/work/key/key/key.core/../key.ui/examples/standard_key/quantifiers/normalisation2.key 
240245     DEBUG main            d.u.i.k.p.i.AbstractProblemLoader Environment load took 95.2ns 
240255     INFO  main            d.u.i.k.p.i.AbstractProblemLoader Creating init config 
242701     DEBUG main            d.u.i.k.p.i.AbstractProblemLoader Init config took 2.45s 
242715     INFO  main            d.u.i.k.p.i.AbstractProblemLoader Replaying proof normalisation2.key 
242718     DEBUG main            d.u.i.k.p.i.IntermediateProofReplayer Proof replay took 7.1ns 
242820     INFO  main            d.u.i.k.p.r.p.TestFile    ... finished proof: closed. 
243213     INFO  main            d.u.i.k.p.i.AbstractProblemLoader Loading environment from /home/runner/work/key/key/key.core/../key.ui/examples/standard_key/quantifiers/normalisation2.key.proof 
243213     DEBUG main            d.u.i.k.p.i.AbstractProblemLoader Environment load took 141.3ns 
243214     INFO  main            d.u.i.k.p.i.AbstractProblemLoader Creating init config 
245654     DEBUG main            d.u.i.k.p.i.AbstractProblemLoader Init config took 2.44s 
245668     INFO  main            d.u.i.k.p.i.AbstractProblemLoader Replaying proof normalisation2.key.proof 
245673     DEBUG main            d.u.i.k.p.i.IntermediateProofReplayer Proof replay took 1.35ms 
245674     DEBUG main            d.u.i.k.p.r.p.TestFile    ... success: reloaded. 
245675     INFO  main            d.u.i.k.p.r.p.TestFile    Now processing file /home/runner/work/key/key/key.core/../key.ui/examples/standard_key/quantifiers/normalisation3.key 
245676     INFO  main            d.u.i.k.p.i.AbstractProblemLoader Loading environment from /home/runner/work/key/key/key.core/../key.ui/examples/standard_key/quantifiers/normalisation3.key 
245676     DEBUG main            d.u.i.k.p.i.AbstractProblemLoader Environment load took 64.5ns 
245676     INFO  main            d.u.i.k.p.i.AbstractProblemLoader Creating init config 
248135     DEBUG main            d.u.i.k.p.i.AbstractProblemLoader Init config took 2.46s 
248149     INFO  main            d.u.i.k.p.i.AbstractProblemLoader Replaying proof normalisation3.key 
248150     DEBUG main            d.u.i.k.p.i.IntermediateProofReplayer Proof replay took 6.5ns 
248253     INFO  main            d.u.i.k.p.r.p.TestFile    ... finished proof: closed. 
248688     INFO  main            d.u.i.k.p.i.AbstractProblemLoader Loading environment from /home/runner/work/key/key/key.core/../key.ui/examples/standard_key/quantifiers/normalisation3.key.proof 
248688     DEBUG main            d.u.i.k.p.i.AbstractProblemLoader Environment load took 117.9ns 
248691     INFO  main            d.u.i.k.p.i.AbstractProblemLoader Creating init config 
251149     DEBUG main            d.u.i.k.p.i.AbstractProblemLoader Init config took 2.46s 
251164     INFO  main            d.u.i.k.p.i.AbstractProblemLoader Replaying proof normalisation3.key.proof 
251167     DEBUG main            d.u.i.k.p.i.IntermediateProofReplayer Proof replay took 1.48ms 
251168     DEBUG main            d.u.i.k.p.r.p.TestFile    ... success: reloaded. 
251169     INFO  main            d.u.i.k.p.r.p.TestFile    Now processing file /home/runner/work/key/key/key.core/../key.ui/examples/standard_key/quantifiers/normalisation4.key 
251169     INFO  main            d.u.i.k.p.i.AbstractProblemLoader Loading environment from /home/runner/work/key/key/key.core/../key.ui/examples/standard_key/quantifiers/normalisation4.key 
251169     DEBUG main            d.u.i.k.p.i.AbstractProblemLoader Environment load took 74.8ns 
251170     INFO  main            d.u.i.k.p.i.AbstractProblemLoader Creating init config 
253712     DEBUG main            d.u.i.k.p.i.AbstractProblemLoader Init config took 2.54s 
253725     INFO  main            d.u.i.k.p.i.AbstractProblemLoader Replaying proof normalisation4.key 
253727     DEBUG main            d.u.i.k.p.i.IntermediateProofReplayer Proof replay took 6.7ns 
253829     INFO  main            d.u.i.k.p.r.p.TestFile    ... finished proof: closed. 
254217     INFO  main            d.u.i.k.p.i.AbstractProblemLoader Loading environment from /home/runner/work/key/key/key.core/../key.ui/examples/standard_key/quantifiers/normalisation4.key.proof 
254217     DEBUG main            d.u.i.k.p.i.AbstractProblemLoader Environment load took 112.9ns 
254218     INFO  main            d.u.i.k.p.i.AbstractProblemLoader Creating init config 
256638     DEBUG main            d.u.i.k.p.i.AbstractProblemLoader Init config took 2.42s 
256651     INFO  main            d.u.i.k.p.i.AbstractProblemLoader Replaying proof normalisation4.key.proof 
256656     DEBUG main            d.u.i.k.p.i.IntermediateProofReplayer Proof replay took 2.74ms 
256657     DEBUG main            d.u.i.k.p.r.p.TestFile    ... success: reloaded. 
256657     INFO  main            d.u.i.k.p.r.p.TestFile    Now processing file /home/runner/work/key/key/key.core/../key.ui/examples/standard_key/quantifiers/normalisation5.key 
256658     INFO  main            d.u.i.k.p.i.AbstractProblemLoader Loading environment from /home/runner/work/key/key/key.core/../key.ui/examples/standard_key/quantifiers/normalisation5.key 
256658     DEBUG main            d.u.i.k.p.i.AbstractProblemLoader Environment load took 74.2ns 
256659     INFO  main            d.u.i.k.p.i.AbstractProblemLoader Creating init config 
259181     DEBUG main            d.u.i.k.p.i.AbstractProblemLoader Init config took 2.52s 
259194     INFO  main            d.u.i.k.p.i.AbstractProblemLoader Replaying proof normalisation5.key 
259196     DEBUG main            d.u.i.k.p.i.IntermediateProofReplayer Proof replay took 6.8ns 
259297     INFO  main            d.u.i.k.p.r.p.TestFile    ... finished proof: closed. 
259708     INFO  main            d.u.i.k.p.i.AbstractProblemLoader Loading environment from /home/runner/work/key/key/key.core/../key.ui/examples/standard_key/quantifiers/normalisation5.key.proof 
259709     DEBUG main            d.u.i.k.p.i.AbstractProblemLoader Environment load took 92.1ns 
259710     INFO  main            d.u.i.k.p.i.AbstractProblemLoader Creating init config 
262126     DEBUG main            d.u.i.k.p.i.AbstractProblemLoader Init config took 2.42s 
262140     INFO  main            d.u.i.k.p.i.AbstractProblemLoader Replaying proof normalisation5.key.proof 
262144     DEBUG main            d.u.i.k.p.i.IntermediateProofReplayer Proof replay took 1.83ms 
262144     DEBUG main            d.u.i.k.p.r.p.TestFile    ... success: reloaded. 
262145     INFO  main            d.u.i.k.p.r.p.TestFile    Now processing file /home/runner/work/key/key/key.core/../key.ui/examples/standard_key/quantifiers/normalisation6.key 
262145     INFO  main            d.u.i.k.p.i.AbstractProblemLoader Loading environment from /home/runner/work/key/key/key.core/../key.ui/examples/standard_key/quantifiers/normalisation6.key 
262146     DEBUG main            d.u.i.k.p.i.AbstractProblemLoader Environment load took 125.9ns 
262147     INFO  main            d.u.i.k.p.i.AbstractProblemLoader Creating init config 
264570     DEBUG main            d.u.i.k.p.i.AbstractProblemLoader Init config took 2.42s 
264583     INFO  main            d.u.i.k.p.i.AbstractProblemLoader Replaying proof normalisation6.key 
264585     DEBUG main            d.u.i.k.p.i.IntermediateProofReplayer Proof replay took 15.6ns 
264687     INFO  main            d.u.i.k.p.r.p.TestFile    ... finished proof: closed. 
265088     INFO  main            d.u.i.k.p.i.AbstractProblemLoader Loading environment from /home/runner/work/key/key/key.core/../key.ui/examples/standard_key/quantifiers/normalisation6.key.proof 
265088     DEBUG main            d.u.i.k.p.i.AbstractProblemLoader Environment load took 108.2ns 
265089     INFO  main            d.u.i.k.p.i.AbstractProblemLoader Creating init config 
267412     DEBUG main            d.u.i.k.p.i.AbstractProblemLoader Init config took 2.32s 
267428     INFO  main            d.u.i.k.p.i.AbstractProblemLoader Replaying proof normalisation6.key.proof 
267432     DEBUG main            d.u.i.k.p.i.IntermediateProofReplayer Proof replay took 1.83ms 
267433     DEBUG main            d.u.i.k.p.r.p.TestFile    ... success: reloaded. 
267434     INFO  main            d.u.i.k.p.r.p.TestFile    Now processing file /home/runner/work/key/key/key.core/../key.ui/examples/standard_key/quantifiers/normalisation7.key 
267434     INFO  main            d.u.i.k.p.i.AbstractProblemLoader Loading environment from /home/runner/work/key/key/key.core/../key.ui/examples/standard_key/quantifiers/normalisation7.key 
267434     DEBUG main            d.u.i.k.p.i.AbstractProblemLoader Environment load took 94ns 
267435     INFO  main            d.u.i.k.p.i.AbstractProblemLoader Creating init config 
269865     DEBUG main            d.u.i.k.p.i.AbstractProblemLoader Init config took 2.43s 
269881     INFO  main            d.u.i.k.p.i.AbstractProblemLoader Replaying proof normalisation7.key 
269882     DEBUG main            d.u.i.k.p.i.IntermediateProofReplayer Proof replay took 7.6ns 
269984     INFO  main            d.u.i.k.p.r.p.TestFile    ... finished proof: closed. 
270460     INFO  main            d.u.i.k.p.i.AbstractProblemLoader Loading environment from /home/runner/work/key/key/key.core/../key.ui/examples/standard_key/quantifiers/normalisation7.key.proof 
270460     DEBUG main            d.u.i.k.p.i.AbstractProblemLoader Environment load took 158.4ns 
270461     INFO  main            d.u.i.k.p.i.AbstractProblemLoader Creating init config 
272824     DEBUG main            d.u.i.k.p.i.AbstractProblemLoader Init config took 2.36s 
272839     INFO  main            d.u.i.k.p.i.AbstractProblemLoader Replaying proof normalisation7.key.proof 
272842     DEBUG main            d.u.i.k.p.i.IntermediateProofReplayer Proof replay took 1.27ms 
272843     DEBUG main            d.u.i.k.p.r.p.TestFile    ... success: reloaded. 
272844     INFO  main            d.u.i.k.p.r.p.TestFile    Now processing file /home/runner/work/key/key/key.core/../key.ui/examples/standard_key/quantifiers/normalisation8.key 
272844     INFO  main            d.u.i.k.p.i.AbstractProblemLoader Loading environment from /home/runner/work/key/key/key.core/../key.ui/examples/standard_key/quantifiers/normalisation8.key 
272844     DEBUG main            d.u.i.k.p.i.AbstractProblemLoader Environment load took 161.7ns 
272845     INFO  main            d.u.i.k.p.i.AbstractProblemLoader Creating init config 
275275     DEBUG main            d.u.i.k.p.i.AbstractProblemLoader Init config took 2.43s 
275289     INFO  main            d.u.i.k.p.i.AbstractProblemLoader Replaying proof normalisation8.key 
275291     DEBUG main            d.u.i.k.p.i.IntermediateProofReplayer Proof replay took 8.1ns 
275393     INFO  main            d.u.i.k.p.r.p.TestFile    ... finished proof: closed. 
275842     INFO  main            d.u.i.k.p.i.AbstractProblemLoader Loading environment from /home/runner/work/key/key/key.core/../key.ui/examples/standard_key/quantifiers/normalisation8.key.proof 
275842     DEBUG main            d.u.i.k.p.i.AbstractProblemLoader Environment load took 89.7ns 
275844     INFO  main            d.u.i.k.p.i.AbstractProblemLoader Creating init config 
278228     DEBUG main            d.u.i.k.p.i.AbstractProblemLoader Init config took 2.38s 
278241     INFO  main            d.u.i.k.p.i.AbstractProblemLoader Replaying proof normalisation8.key.proof 
278246     DEBUG main            d.u.i.k.p.i.IntermediateProofReplayer Proof replay took 3.5ms 
278247     DEBUG main            d.u.i.k.p.r.p.TestFile    ... success: reloaded. 
278248     INFO  main            d.u.i.k.p.r.p.TestFile    Now processing file /home/runner/work/key/key/key.core/../key.ui/examples/standard_key/quantifiers/normalisation9.key 
278248     INFO  main            d.u.i.k.p.i.AbstractProblemLoader Loading environment from /home/runner/work/key/key/key.core/../key.ui/examples/standard_key/quantifiers/normalisation9.key 
278248     DEBUG main            d.u.i.k.p.i.AbstractProblemLoader Environment load took 109.8ns 
278249     INFO  main            d.u.i.k.p.i.AbstractProblemLoader Creating init config 
280685     DEBUG main            d.u.i.k.p.i.AbstractProblemLoader Init config took 2.44s 
280701     INFO  main            d.u.i.k.p.i.AbstractProblemLoader Replaying proof normalisation9.key 
280703     DEBUG main            d.u.i.k.p.i.IntermediateProofReplayer Proof replay took 24.5ns 
280805     INFO  main            d.u.i.k.p.r.p.TestFile    ... finished proof: closed. 
281227     INFO  main            d.u.i.k.p.i.AbstractProblemLoader Loading environment from /home/runner/work/key/key/key.core/../key.ui/examples/standard_key/quantifiers/normalisation9.key.proof 
281227     DEBUG main            d.u.i.k.p.i.AbstractProblemLoader Environment load took 88ns 
281228     INFO  main            d.u.i.k.p.i.AbstractProblemLoader Creating init config 
283623     DEBUG main            d.u.i.k.p.i.AbstractProblemLoader Init config took 2.4s 
283639     INFO  main            d.u.i.k.p.i.AbstractProblemLoader Replaying proof normalisation9.key.proof 
283644     DEBUG main            d.u.i.k.p.i.IntermediateProofReplayer Proof replay took 2.82ms 
283645     DEBUG main            d.u.i.k.p.r.p.TestFile    ... success: reloaded. 
283646     INFO  main            d.u.i.k.p.r.p.TestFile    Now processing file /home/runner/work/key/key/key.core/../key.ui/examples/standard_key/quantifiers/normalisation10.key 
283647     INFO  main            d.u.i.k.p.i.AbstractProblemLoader Loading environment from /home/runner/work/key/key/key.core/../key.ui/examples/standard_key/quantifiers/normalisation10.key 
283647     DEBUG main            d.u.i.k.p.i.AbstractProblemLoader Environment load took 296.2ns 
283648     INFO  main            d.u.i.k.p.i.AbstractProblemLoader Creating init config 
286091     DEBUG main            d.u.i.k.p.i.AbstractProblemLoader Init config took 2.44s 
286104     INFO  main            d.u.i.k.p.i.AbstractProblemLoader Replaying proof normalisation10.key 
286106     DEBUG main            d.u.i.k.p.i.IntermediateProofReplayer Proof replay took 7.1ns 
286209     INFO  main            d.u.i.k.p.r.p.TestFile    ... finished proof: closed. 
286658     INFO  main            d.u.i.k.p.i.AbstractProblemLoader Loading environment from /home/runner/work/key/key/key.core/../key.ui/examples/standard_key/quantifiers/normalisation10.key.proof 
286658     DEBUG main            d.u.i.k.p.i.AbstractProblemLoader Environment load took 90ns 
286660     INFO  main            d.u.i.k.p.i.AbstractProblemLoader Creating init config 
289127     DEBUG main            d.u.i.k.p.i.AbstractProblemLoader Init config took 2.47s 
289141     INFO  main            d.u.i.k.p.i.AbstractProblemLoader Replaying proof normalisation10.key.proof 
289146     DEBUG main            d.u.i.k.p.i.IntermediateProofReplayer Proof replay took 3.34ms 
289148     DEBUG main            d.u.i.k.p.r.p.TestFile    ... success: reloaded. 
289149     INFO  main            d.u.i.k.p.r.p.TestFile    Now processing file /home/runner/work/key/key/key.core/../key.ui/examples/standard_key/quantifiers/normalisation12.key 
289149     INFO  main            d.u.i.k.p.i.AbstractProblemLoader Loading environment from /home/runner/work/key/key/key.core/../key.ui/examples/standard_key/quantifiers/normalisation12.key 
289149     DEBUG main            d.u.i.k.p.i.AbstractProblemLoader Environment load took 215.8ns 
289150     INFO  main            d.u.i.k.p.i.AbstractProblemLoader Creating init config 
291592     DEBUG main            d.u.i.k.p.i.AbstractProblemLoader Init config took 2.44s 
291607     INFO  main            d.u.i.k.p.i.AbstractProblemLoader Replaying proof normalisation12.key 
291609     DEBUG main            d.u.i.k.p.i.IntermediateProofReplayer Proof replay took 7.5ns 
291711     INFO  main            d.u.i.k.p.r.p.TestFile    ... finished proof: closed. 
292151     INFO  main            d.u.i.k.p.i.AbstractProblemLoader Loading environment from /home/runner/work/key/key/key.core/../key.ui/examples/standard_key/quantifiers/normalisation12.key.proof 
292151     DEBUG main            d.u.i.k.p.i.AbstractProblemLoader Environment load took 106.1ns 
292152     INFO  main            d.u.i.k.p.i.AbstractProblemLoader Creating init config 
294540     DEBUG main            d.u.i.k.p.i.AbstractProblemLoader Init config took 2.39s 
294554     INFO  main            d.u.i.k.p.i.AbstractProblemLoader Replaying proof normalisation12.key.proof 
294557     DEBUG main            d.u.i.k.p.i.IntermediateProofReplayer Proof replay took 882.7ns 
294557     DEBUG main            d.u.i.k.p.r.p.TestFile    ... success: reloaded. 
294558     INFO  main            d.u.i.k.p.r.p.TestFile    Now processing file /home/runner/work/key/key/key.core/../key.ui/examples/standard_key/quantifiers/normalisation13.key 
294558     INFO  main            d.u.i.k.p.i.AbstractProblemLoader Loading environment from /home/runner/work/key/key/key.core/../key.ui/examples/standard_key/quantifiers/normalisation13.key 
294558     DEBUG main            d.u.i.k.p.i.AbstractProblemLoader Environment load took 91.8ns 
294559     INFO  main            d.u.i.k.p.i.AbstractProblemLoader Creating init config 
296964     DEBUG main            d.u.i.k.p.i.AbstractProblemLoader Init config took 2.41s 
296979     INFO  main            d.u.i.k.p.i.AbstractProblemLoader Replaying proof normalisation13.key 
296981     DEBUG main            d.u.i.k.p.i.IntermediateProofReplayer Proof replay took 7ns 
297083     INFO  main            d.u.i.k.p.r.p.TestFile    ... finished proof: closed. 
297534     INFO  main            d.u.i.k.p.i.AbstractProblemLoader Loading environment from /home/runner/work/key/key/key.core/../key.ui/examples/standard_key/quantifiers/normalisation13.key.proof 
297535     DEBUG main            d.u.i.k.p.i.AbstractProblemLoader Environment load took 86.9ns 
297536     INFO  main            d.u.i.k.p.i.AbstractProblemLoader Creating init config 
299896     DEBUG main            d.u.i.k.p.i.AbstractProblemLoader Init config took 2.36s 
299908     INFO  main            d.u.i.k.p.i.AbstractProblemLoader Replaying proof normalisation13.key.proof 
299910     DEBUG main            d.u.i.k.p.i.IntermediateProofReplayer Proof replay took 612.2ns 
299911     DEBUG main            d.u.i.k.p.r.p.TestFile    ... success: reloaded. 
299912     INFO  main            d.u.i.k.p.r.p.TestFile    Now processing file /home/runner/work/key/key/key.core/../key.ui/examples/standard_key/quantifiers/triggers0.key 
299912     INFO  main            d.u.i.k.p.i.AbstractProblemLoader Loading environment from /home/runner/work/key/key/key.core/../key.ui/examples/standard_key/quantifiers/triggers0.key 
299913     DEBUG main            d.u.i.k.p.i.AbstractProblemLoader Environment load took 76.8ns 
299913     INFO  main            d.u.i.k.p.i.AbstractProblemLoader Creating init config 
302434     DEBUG main            d.u.i.k.p.i.AbstractProblemLoader Init config took 2.52s 
302451     INFO  main            d.u.i.k.p.i.AbstractProblemLoader Replaying proof triggers0.key 
302453     DEBUG main            d.u.i.k.p.i.IntermediateProofReplayer Proof replay took 7.7ns 
302555     INFO  main            d.u.i.k.p.r.p.TestFile    ... finished proof: closed. 
303009     INFO  main            d.u.i.k.p.i.AbstractProblemLoader Loading environment from /home/runner/work/key/key/key.core/../key.ui/examples/standard_key/quantifiers/triggers0.key.proof 
303009     DEBUG main            d.u.i.k.p.i.AbstractProblemLoader Environment load took 79.2ns 
303010     INFO  main            d.u.i.k.p.i.AbstractProblemLoader Creating init config 
305371     DEBUG main            d.u.i.k.p.i.AbstractProblemLoader Init config took 2.36s 
305386     INFO  main            d.u.i.k.p.i.AbstractProblemLoader Replaying proof triggers0.key.proof 
305390     DEBUG main            d.u.i.k.p.i.IntermediateProofReplayer Proof replay took 1.44ms 
305390     DEBUG main            d.u.i.k.p.r.p.TestFile    ... success: reloaded. 
4292337    INFO  Test worker     d.u.i.k.p.r.RunAllProofsTestUnit Returning from test FOL 
4292338    INFO  Test worker     d.u.i.k.p.r.RunAllProofsTestUnit Running test strings 
419        INFO  Timeout watchdog d.u.i.k.p.r.p.ForkedTestFileRunner Timeout watcher launched (2000 secs.) 
441        WARN  main            d.u.i.k.s.ProofSettings   The settings in /home/runner/.key/proof-settings.props are *not* read. 
492        INFO  main            d.u.i.k.p.r.p.TestFile    Now processing file /home/runner/work/key/key/key.core/../key.ui/examples/standard_key/strings/charAt0.key 
620        INFO  main            d.u.i.k.p.i.AbstractProblemLoader Loading environment from /home/runner/work/key/key/key.core/../key.ui/examples/standard_key/strings/charAt0.key 
638        DEBUG main            d.u.i.k.p.i.AbstractProblemLoader Environment load took 2.18ms 
954        INFO  main            d.u.i.k.p.i.AbstractProblemLoader Creating init config 
1897       DEBUG main            d.u.i.k.j.TypeConverter   No LDT found for Meta 
1898       DEBUG main            d.u.i.k.j.TypeConverter   No LDT found for Meta 
1901       DEBUG main            d.u.i.k.j.TypeConverter   No LDT found for Meta 
1901       DEBUG main            d.u.i.k.j.TypeConverter   No LDT found for Meta 
3471       DEBUG main            d.u.i.k.j.TypeConverter   No LDT found for JavaBigintExpression 
8962       DEBUG main            d.u.i.k.p.i.AbstractProblemLoader Init config took 8.01s 
9023       INFO  main            d.u.i.k.p.i.AbstractProblemLoader Replaying proof charAt0.key 
9063       DEBUG main            d.u.i.k.p.i.IntermediateProofReplayer Proof replay took 34.9ns 
9431       INFO  main            d.u.i.k.p.r.p.TestFile    ... finished proof: closed. 
9537       INFO  main            d.u.i.k.p.i.AbstractProblemLoader Loading environment from /home/runner/work/key/key/key.core/../key.ui/examples/standard_key/strings/charAt0.key.proof 
9537       DEBUG main            d.u.i.k.p.i.AbstractProblemLoader Environment load took 679.9ns 
9543       INFO  main            d.u.i.k.p.i.AbstractProblemLoader Creating init config 
12668      DEBUG main            d.u.i.k.p.i.AbstractProblemLoader Init config took 3.13s 
12700      INFO  main            d.u.i.k.p.i.AbstractProblemLoader Replaying proof charAt0.key.proof 
12721      DEBUG main            d.u.i.k.p.i.IntermediateProofReplayer Proof replay took 14.92ms 
12732      DEBUG main            d.u.i.k.p.r.p.TestFile    ... success: reloaded. 
12734      INFO  main            d.u.i.k.p.r.p.TestFile    Now processing file /home/runner/work/key/key/key.core/../key.ui/examples/standard_key/strings/charAt1.key 
12734      INFO  main            d.u.i.k.p.i.AbstractProblemLoader Loading environment from /home/runner/work/key/key/key.core/../key.ui/examples/standard_key/strings/charAt1.key 
12734      DEBUG main            d.u.i.k.p.i.AbstractProblemLoader Environment load took 196.2ns 
12736      INFO  main            d.u.i.k.p.i.AbstractProblemLoader Creating init config 
15658      DEBUG main            d.u.i.k.p.i.AbstractProblemLoader Init config took 2.92s 
15690      INFO  main            d.u.i.k.p.i.AbstractProblemLoader Replaying proof charAt1.key 
15693      DEBUG main            d.u.i.k.p.i.IntermediateProofReplayer Proof replay took 6.3ns 
15897      INFO  main            d.u.i.k.p.r.p.TestFile    ... finished proof: closed. 
16072      INFO  main            d.u.i.k.p.i.AbstractProblemLoader Loading environment from /home/runner/work/key/key/key.core/../key.ui/examples/standard_key/strings/charAt1.key.proof 
16073      DEBUG main            d.u.i.k.p.i.AbstractProblemLoader Environment load took 451.3ns 
16077      INFO  main            d.u.i.k.p.i.AbstractProblemLoader Creating init config 
19049      DEBUG main            d.u.i.k.p.i.AbstractProblemLoader Init config took 2.97s 
19073      INFO  main            d.u.i.k.p.i.AbstractProblemLoader Replaying proof charAt1.key.proof 
19090      DEBUG main            d.u.i.k.p.i.IntermediateProofReplayer Proof replay took 13.91ms 
19092      DEBUG main            d.u.i.k.p.r.p.TestFile    ... success: reloaded. 
19093      INFO  main            d.u.i.k.p.r.p.TestFile    Now processing file /home/runner/work/key/key/key.core/../key.ui/examples/standard_key/strings/concat1.key 
19093      INFO  main            d.u.i.k.p.i.AbstractProblemLoader Loading environment from /home/runner/work/key/key/key.core/../key.ui/examples/standard_key/strings/concat1.key 
19093      DEBUG main            d.u.i.k.p.i.AbstractProblemLoader Environment load took 199ns 
19094      INFO  main            d.u.i.k.p.i.AbstractProblemLoader Creating init config 
21937      DEBUG main            d.u.i.k.p.i.AbstractProblemLoader Init config took 2.84s 
21961      INFO  main            d.u.i.k.p.i.AbstractProblemLoader Replaying proof concat1.key 
21963      DEBUG main            d.u.i.k.p.i.IntermediateProofReplayer Proof replay took 6.4ns 
22065      INFO  main            d.u.i.k.p.r.p.TestFile    ... finished proof: closed. 
22217      INFO  main            d.u.i.k.p.i.AbstractProblemLoader Loading environment from /home/runner/work/key/key/key.core/../key.ui/examples/standard_key/strings/concat1.key.proof 
22217      DEBUG main            d.u.i.k.p.i.AbstractProblemLoader Environment load took 158.9ns 
22218      INFO  main            d.u.i.k.p.i.AbstractProblemLoader Creating init config 
25103      DEBUG main            d.u.i.k.p.i.AbstractProblemLoader Init config took 2.88s 
25128      INFO  main            d.u.i.k.p.i.AbstractProblemLoader Replaying proof concat1.key.proof 
25131      DEBUG main            d.u.i.k.p.i.IntermediateProofReplayer Proof replay took 1.25ms 
25132      DEBUG main            d.u.i.k.p.r.p.TestFile    ... success: reloaded. 
25133      INFO  main            d.u.i.k.p.r.p.TestFile    Now processing file /home/runner/work/key/key/key.core/../key.ui/examples/standard_key/strings/concat2.key 
25133      INFO  main            d.u.i.k.p.i.AbstractProblemLoader Loading environment from /home/runner/work/key/key/key.core/../key.ui/examples/standard_key/strings/concat2.key 
25133      DEBUG main            d.u.i.k.p.i.AbstractProblemLoader Environment load took 190.9ns 
25134      INFO  main            d.u.i.k.p.i.AbstractProblemLoader Creating init config 
27908      DEBUG main            d.u.i.k.p.i.AbstractProblemLoader Init config took 2.77s 
27932      INFO  main            d.u.i.k.p.i.AbstractProblemLoader Replaying proof concat2.key 
27936      DEBUG main            d.u.i.k.p.i.IntermediateProofReplayer Proof replay took 5.6ns 
28039      INFO  main            d.u.i.k.p.r.p.TestFile    ... finished proof: closed. 
28190      INFO  main            d.u.i.k.p.i.AbstractProblemLoader Loading environment from /home/runner/work/key/key/key.core/../key.ui/examples/standard_key/strings/concat2.key.proof 
28190      DEBUG main            d.u.i.k.p.i.AbstractProblemLoader Environment load took 553.8ns 
28192      INFO  main            d.u.i.k.p.i.AbstractProblemLoader Creating init config 
30971      DEBUG main            d.u.i.k.p.i.AbstractProblemLoader Init config took 2.78s 
30995      INFO  main            d.u.i.k.p.i.AbstractProblemLoader Replaying proof concat2.key.proof 
31005      DEBUG main            d.u.i.k.p.i.IntermediateProofReplayer Proof replay took 8.29ms 
31006      DEBUG main            d.u.i.k.p.r.p.TestFile    ... success: reloaded. 
31010      INFO  main            d.u.i.k.p.r.p.TestFile    Now processing file /home/runner/work/key/key/key.core/../key.ui/examples/standard_key/strings/deriveLength1.key 
31010      INFO  main            d.u.i.k.p.i.AbstractProblemLoader Loading environment from /home/runner/work/key/key/key.core/../key.ui/examples/standard_key/strings/deriveLength1.key 
31010      DEBUG main            d.u.i.k.p.i.AbstractProblemLoader Environment load took 238.2ns 
31012      INFO  main            d.u.i.k.p.i.AbstractProblemLoader Creating init config 
33771      DEBUG main            d.u.i.k.p.i.AbstractProblemLoader Init config took 2.76s 
33793      INFO  main            d.u.i.k.p.i.AbstractProblemLoader Replaying proof deriveLength1.key 
33795      DEBUG main            d.u.i.k.p.i.IntermediateProofReplayer Proof replay took 6.9ns 
33899      INFO  main            d.u.i.k.p.r.p.TestFile    ... finished proof: closed. 
34083      INFO  main            d.u.i.k.p.i.AbstractProblemLoader Loading environment from /home/runner/work/key/key/key.core/../key.ui/examples/standard_key/strings/deriveLength1.key.proof 
34083      DEBUG main            d.u.i.k.p.i.AbstractProblemLoader Environment load took 529.8ns 
34085      INFO  main            d.u.i.k.p.i.AbstractProblemLoader Creating init config 
36871      DEBUG main            d.u.i.k.p.i.AbstractProblemLoader Init config took 2.79s 
36894      INFO  main            d.u.i.k.p.i.AbstractProblemLoader Replaying proof deriveLength1.key.proof 
36920      DEBUG main            d.u.i.k.p.i.IntermediateProofReplayer Proof replay took 23.88ms 
36924      DEBUG main            d.u.i.k.p.r.p.TestFile    ... success: reloaded. 
36925      INFO  main            d.u.i.k.p.r.p.TestFile    Now processing file /home/runner/work/key/key/key.core/../key.ui/examples/standard_key/strings/emptyStringLengthZero.key 
36926      INFO  main            d.u.i.k.p.i.AbstractProblemLoader Loading environment from /home/runner/work/key/key/key.core/../key.ui/examples/standard_key/strings/emptyStringLengthZero.key 
36926      DEBUG main            d.u.i.k.p.i.AbstractProblemLoader Environment load took 121.6ns 
36927      INFO  main            d.u.i.k.p.i.AbstractProblemLoader Creating init config 
39666      DEBUG main            d.u.i.k.p.i.AbstractProblemLoader Init config took 2.74s 
39686      INFO  main            d.u.i.k.p.i.AbstractProblemLoader Replaying proof emptyStringLengthZero.key 
39688      DEBUG main            d.u.i.k.p.i.IntermediateProofReplayer Proof replay took 6.7ns 
39796      INFO  main            d.u.i.k.p.r.p.TestFile    ... finished proof: closed. 
39982      INFO  main            d.u.i.k.p.i.AbstractProblemLoader Loading environment from /home/runner/work/key/key/key.core/../key.ui/examples/standard_key/strings/emptyStringLengthZero.key.proof 
39985      DEBUG main            d.u.i.k.p.i.AbstractProblemLoader Environment load took 2.98ms 
39987      INFO  main            d.u.i.k.p.i.AbstractProblemLoader Creating init config 
42749      DEBUG main            d.u.i.k.p.i.AbstractProblemLoader Init config took 2.76s 
42772      INFO  main            d.u.i.k.p.i.AbstractProblemLoader Replaying proof emptyStringLengthZero.key.proof 
42778      DEBUG main            d.u.i.k.p.i.IntermediateProofReplayer Proof replay took 3.55ms 
42779      DEBUG main            d.u.i.k.p.r.p.TestFile    ... success: reloaded. 
42780      INFO  main            d.u.i.k.p.r.p.TestFile    Now processing file /home/runner/work/key/key/key.core/../key.ui/examples/standard_key/strings/implicitBooleanStringConversion.key 
42780      INFO  main            d.u.i.k.p.i.AbstractProblemLoader Loading environment from /home/runner/work/key/key/key.core/../key.ui/examples/standard_key/strings/implicitBooleanStringConversion.key 
42781      DEBUG main            d.u.i.k.p.i.AbstractProblemLoader Environment load took 185.4ns 
42782      INFO  main            d.u.i.k.p.i.AbstractProblemLoader Creating init config 
45501      DEBUG main            d.u.i.k.p.i.AbstractProblemLoader Init config took 2.72s 
45524      INFO  main            d.u.i.k.p.i.AbstractProblemLoader Replaying proof implicitBooleanStringConversion.key 
45526      DEBUG main            d.u.i.k.p.i.IntermediateProofReplayer Proof replay took 6.5ns 
46538      INFO  main            d.u.i.k.p.r.p.TestFile    ... finished proof: closed. 
46751      INFO  main            d.u.i.k.p.i.AbstractProblemLoader Loading environment from /home/runner/work/key/key/key.core/../key.ui/examples/standard_key/strings/implicitBooleanStringConversion.key.proof 
46752      DEBUG main            d.u.i.k.p.i.AbstractProblemLoader Environment load took 1.39ms 
46755      INFO  main            d.u.i.k.p.i.AbstractProblemLoader Creating init config 
49607      DEBUG main            d.u.i.k.p.i.AbstractProblemLoader Init config took 2.85s 
49630      INFO  main            d.u.i.k.p.i.AbstractProblemLoader Replaying proof implicitBooleanStringConversion.key.proof 
49698      DEBUG main            d.u.i.k.p.i.IntermediateProofReplayer Proof replay took 62.58ms 
49699      DEBUG main            d.u.i.k.p.r.p.TestFile    ... success: reloaded. 
49700      INFO  main            d.u.i.k.p.r.p.TestFile    Now processing file /home/runner/work/key/key/key.core/../key.ui/examples/standard_key/strings/implicitBooleanStringConversion2.key 
49700      INFO  main            d.u.i.k.p.i.AbstractProblemLoader Loading environment from /home/runner/work/key/key/key.core/../key.ui/examples/standard_key/strings/implicitBooleanStringConversion2.key 
49700      DEBUG main            d.u.i.k.p.i.AbstractProblemLoader Environment load took 110.8ns 
49701      INFO  main            d.u.i.k.p.i.AbstractProblemLoader Creating init config 
52494      DEBUG main            d.u.i.k.p.i.AbstractProblemLoader Init config took 2.79s 
52514      INFO  main            d.u.i.k.p.i.AbstractProblemLoader Replaying proof implicitBooleanStringConversion2.key 
52516      DEBUG main            d.u.i.k.p.i.IntermediateProofReplayer Proof replay took 6.6ns 
52920      INFO  main            d.u.i.k.p.r.p.TestFile    ... finished proof: closed. 
53144      INFO  main            d.u.i.k.p.i.AbstractProblemLoader Loading environment from /home/runner/work/key/key/key.core/../key.ui/examples/standard_key/strings/implicitBooleanStringConversion2.key.proof 
53145      DEBUG main            d.u.i.k.p.i.AbstractProblemLoader Environment load took 171.7ns 
53146      INFO  main            d.u.i.k.p.i.AbstractProblemLoader Creating init config 
55867      DEBUG main            d.u.i.k.p.i.AbstractProblemLoader Init config took 2.72s 
55890      INFO  main            d.u.i.k.p.i.AbstractProblemLoader Replaying proof implicitBooleanStringConversion2.key.proof 
55924      DEBUG main            d.u.i.k.p.i.IntermediateProofReplayer Proof replay took 30.32ms 
55925      DEBUG main            d.u.i.k.p.r.p.TestFile    ... success: reloaded. 
55926      INFO  main            d.u.i.k.p.r.p.TestFile    Now processing file /home/runner/work/key/key/key.core/../key.ui/examples/standard_key/strings/implicitIntStringConversion.key 
55926      INFO  main            d.u.i.k.p.i.AbstractProblemLoader Loading environment from /home/runner/work/key/key/key.core/../key.ui/examples/standard_key/strings/implicitIntStringConversion.key 
55926      DEBUG main            d.u.i.k.p.i.AbstractProblemLoader Environment load took 114.2ns 
55927      INFO  main            d.u.i.k.p.i.AbstractProblemLoader Creating init config 
58708      DEBUG main            d.u.i.k.p.i.AbstractProblemLoader Init config took 2.78s 
58729      INFO  main            d.u.i.k.p.i.AbstractProblemLoader Replaying proof implicitIntStringConversion.key 
58731      DEBUG main            d.u.i.k.p.i.IntermediateProofReplayer Proof replay took 7.5ns 
59363      INFO  main            d.u.i.k.p.r.p.TestFile    ... finished proof: closed. 
59604      INFO  main            d.u.i.k.p.i.AbstractProblemLoader Loading environment from /home/runner/work/key/key/key.core/../key.ui/examples/standard_key/strings/implicitIntStringConversion.key.proof 
59605      DEBUG main            d.u.i.k.p.i.AbstractProblemLoader Environment load took 445.8ns 
59606      INFO  main            d.u.i.k.p.i.AbstractProblemLoader Creating init config 
62459      DEBUG main            d.u.i.k.p.i.AbstractProblemLoader Init config took 2.85s 
62478      INFO  main            d.u.i.k.p.i.AbstractProblemLoader Replaying proof implicitIntStringConversion.key.proof 
62534      DEBUG main            d.u.i.k.p.i.IntermediateProofReplayer Proof replay took 50.89ms 
62535      DEBUG main            d.u.i.k.p.r.p.TestFile    ... success: reloaded. 
62536      INFO  main            d.u.i.k.p.r.p.TestFile    Now processing file /home/runner/work/key/key/key.core/../key.ui/examples/standard_key/strings/implicitNullStringConversion.key 
62537      INFO  main            d.u.i.k.p.i.AbstractProblemLoader Loading environment from /home/runner/work/key/key/key.core/../key.ui/examples/standard_key/strings/implicitNullStringConversion.key 
62537      DEBUG main            d.u.i.k.p.i.AbstractProblemLoader Environment load took 206.9ns 
62538      INFO  main            d.u.i.k.p.i.AbstractProblemLoader Creating init config 
65546      DEBUG main            d.u.i.k.p.i.AbstractProblemLoader Init config took 3.01s 
65568      INFO  main            d.u.i.k.p.i.AbstractProblemLoader Replaying proof implicitNullStringConversion.key 
65570      DEBUG main            d.u.i.k.p.i.IntermediateProofReplayer Proof replay took 7.4ns 
65874      INFO  main            d.u.i.k.p.r.p.TestFile    ... finished proof: closed. 
66119      INFO  main            d.u.i.k.p.i.AbstractProblemLoader Loading environment from /home/runner/work/key/key/key.core/../key.ui/examples/standard_key/strings/implicitNullStringConversion.key.proof 
66123      DEBUG main            d.u.i.k.p.i.AbstractProblemLoader Environment load took 4.52ms 
66125      INFO  main            d.u.i.k.p.i.AbstractProblemLoader Creating init config 
68943      DEBUG main            d.u.i.k.p.i.AbstractProblemLoader Init config took 2.82s 
68970      INFO  main            d.u.i.k.p.i.AbstractProblemLoader Replaying proof implicitNullStringConversion.key.proof 
68997      DEBUG main            d.u.i.k.p.i.IntermediateProofReplayer Proof replay took 23.18ms 
68998      DEBUG main            d.u.i.k.p.r.p.TestFile    ... success: reloaded. 
68999      INFO  main            d.u.i.k.p.r.p.TestFile    Now processing file /home/runner/work/key/key/key.core/../key.ui/examples/standard_key/strings/implicitNullStringConversion2.key 
68999      INFO  main            d.u.i.k.p.i.AbstractProblemLoader Loading environment from /home/runner/work/key/key/key.core/../key.ui/examples/standard_key/strings/implicitNullStringConversion2.key 
68999      DEBUG main            d.u.i.k.p.i.AbstractProblemLoader Environment load took 102.1ns 
69000      INFO  main            d.u.i.k.p.i.AbstractProblemLoader Creating init config 
71842      DEBUG main            d.u.i.k.p.i.AbstractProblemLoader Init config took 2.84s 
71863      INFO  main            d.u.i.k.p.i.AbstractProblemLoader Replaying proof implicitNullStringConversion2.key 
71865      DEBUG main            d.u.i.k.p.i.IntermediateProofReplayer Proof replay took 8.4ns 
72072      INFO  main            d.u.i.k.p.r.p.TestFile    ... finished proof: closed. 
72315      INFO  main            d.u.i.k.p.i.AbstractProblemLoader Loading environment from /home/runner/work/key/key/key.core/../key.ui/examples/standard_key/strings/implicitNullStringConversion2.key.proof 
72315      DEBUG main            d.u.i.k.p.i.AbstractProblemLoader Environment load took 140.5ns 
72316      INFO  main            d.u.i.k.p.i.AbstractProblemLoader Creating init config 
74961      DEBUG main            d.u.i.k.p.i.AbstractProblemLoader Init config took 2.64s 
74979      INFO  main            d.u.i.k.p.i.AbstractProblemLoader Replaying proof implicitNullStringConversion2.key.proof 
75001      DEBUG main            d.u.i.k.p.i.IntermediateProofReplayer Proof replay took 18.93ms 
75002      DEBUG main            d.u.i.k.p.r.p.TestFile    ... success: reloaded. 
75003      INFO  main            d.u.i.k.p.r.p.TestFile    Now processing file /home/runner/work/key/key/key.core/../key.ui/examples/standard_key/strings/implicitObjectStringConversion.key 
75004      INFO  main            d.u.i.k.p.i.AbstractProblemLoader Loading environment from /home/runner/work/key/key/key.core/../key.ui/examples/standard_key/strings/implicitObjectStringConversion.key 
75004      DEBUG main            d.u.i.k.p.i.AbstractProblemLoader Environment load took 188ns 
75005      INFO  main            d.u.i.k.p.i.AbstractProblemLoader Creating init config 
77899      DEBUG main            d.u.i.k.p.i.AbstractProblemLoader Init config took 2.89s 
77917      INFO  main            d.u.i.k.p.i.AbstractProblemLoader Replaying proof implicitObjectStringConversion.key 
77918      DEBUG main            d.u.i.k.p.i.IntermediateProofReplayer Proof replay took 6.5ns 
78625      INFO  main            d.u.i.k.p.r.p.TestFile    ... finished proof: closed. 
78998      INFO  main            d.u.i.k.p.i.AbstractProblemLoader Loading environment from /home/runner/work/key/key/key.core/../key.ui/examples/standard_key/strings/implicitObjectStringConversion.key.proof 
78998      DEBUG main            d.u.i.k.p.i.AbstractProblemLoader Environment load took 407.7ns 
78999      INFO  main            d.u.i.k.p.i.AbstractProblemLoader Creating init config 
81831      DEBUG main            d.u.i.k.p.i.AbstractProblemLoader Init config took 2.83s 
81850      INFO  main            d.u.i.k.p.i.AbstractProblemLoader Replaying proof implicitObjectStringConversion.key.proof 
81907      DEBUG main            d.u.i.k.p.i.IntermediateProofReplayer Proof replay took 53.39ms 
81909      DEBUG main            d.u.i.k.p.r.p.TestFile    ... success: reloaded. 
81910      INFO  main            d.u.i.k.p.r.p.TestFile    Now processing file /home/runner/work/key/key/key.core/../key.ui/examples/standard_key/strings/literalEquality.key 
81910      INFO  main            d.u.i.k.p.i.AbstractProblemLoader Loading environment from /home/runner/work/key/key/key.core/../key.ui/examples/standard_key/strings/literalEquality.key 
81911      DEBUG main            d.u.i.k.p.i.AbstractProblemLoader Environment load took 188.7ns 
81912      INFO  main            d.u.i.k.p.i.AbstractProblemLoader Creating init config 
84666      DEBUG main            d.u.i.k.p.i.AbstractProblemLoader Init config took 2.75s 
84688      INFO  main            d.u.i.k.p.i.AbstractProblemLoader Replaying proof literalEquality.key 
84690      DEBUG main            d.u.i.k.p.i.IntermediateProofReplayer Proof replay took 8.4ns 
84792      INFO  main            d.u.i.k.p.r.p.TestFile    ... finished proof: closed. 
85079      INFO  main            d.u.i.k.p.i.AbstractProblemLoader Loading environment from /home/runner/work/key/key/key.core/../key.ui/examples/standard_key/strings/literalEquality.key.proof 
85079      DEBUG main            d.u.i.k.p.i.AbstractProblemLoader Environment load took 147ns 
85080      INFO  main            d.u.i.k.p.i.AbstractProblemLoader Creating init config 
87816      DEBUG main            d.u.i.k.p.i.AbstractProblemLoader Init config took 2.74s 
87833      INFO  main            d.u.i.k.p.i.AbstractProblemLoader Replaying proof literalEquality.key.proof 
87842      DEBUG main            d.u.i.k.p.i.IntermediateProofReplayer Proof replay took 5.18ms 
87844      DEBUG main            d.u.i.k.p.r.p.TestFile    ... success: reloaded. 
87845      INFO  main            d.u.i.k.p.r.p.TestFile    Now processing file /home/runner/work/key/key/key.core/../key.ui/examples/standard_key/strings/replace0.key 
87846      INFO  main            d.u.i.k.p.i.AbstractProblemLoader Loading environment from /home/runner/work/key/key/key.core/../key.ui/examples/standard_key/strings/replace0.key 
87846      DEBUG main            d.u.i.k.p.i.AbstractProblemLoader Environment load took 205.2ns 
87848      INFO  main            d.u.i.k.p.i.AbstractProblemLoader Creating init config 
90523      DEBUG main            d.u.i.k.p.i.AbstractProblemLoader Init config took 2.68s 
90539      INFO  main            d.u.i.k.p.i.AbstractProblemLoader Replaying proof replace0.key 
90540      DEBUG main            d.u.i.k.p.i.IntermediateProofReplayer Proof replay took 7.7ns 
90642      INFO  main            d.u.i.k.p.r.p.TestFile    ... finished proof: closed. 
90902      INFO  main            d.u.i.k.p.i.AbstractProblemLoader Loading environment from /home/runner/work/key/key/key.core/../key.ui/examples/standard_key/strings/replace0.key.proof 
90903      DEBUG main            d.u.i.k.p.i.AbstractProblemLoader Environment load took 125.1ns 
90904      INFO  main            d.u.i.k.p.i.AbstractProblemLoader Creating init config 
93598      DEBUG main            d.u.i.k.p.i.AbstractProblemLoader Init config took 2.69s 
93624      INFO  main            d.u.i.k.p.i.AbstractProblemLoader Replaying proof replace0.key.proof 
93632      DEBUG main            d.u.i.k.p.i.IntermediateProofReplayer Proof replay took 4.84ms 
93633      DEBUG main            d.u.i.k.p.r.p.TestFile    ... success: reloaded. 
93634      INFO  main            d.u.i.k.p.r.p.TestFile    Now processing file /home/runner/work/key/key/key.core/../key.ui/examples/standard_key/strings/replace1.key 
93634      INFO  main            d.u.i.k.p.i.AbstractProblemLoader Loading environment from /home/runner/work/key/key/key.core/../key.ui/examples/standard_key/strings/replace1.key 
93635      DEBUG main            d.u.i.k.p.i.AbstractProblemLoader Environment load took 202.3ns 
93636      INFO  main            d.u.i.k.p.i.AbstractProblemLoader Creating init config 
96404      DEBUG main            d.u.i.k.p.i.AbstractProblemLoader Init config took 2.77s 
96419      INFO  main            d.u.i.k.p.i.AbstractProblemLoader Replaying proof replace1.key 
96420      DEBUG main            d.u.i.k.p.i.IntermediateProofReplayer Proof replay took 7.6ns 
96523      INFO  main            d.u.i.k.p.r.p.TestFile    ... finished proof: closed. 
96761      INFO  main            d.u.i.k.p.i.AbstractProblemLoader Loading environment from /home/runner/work/key/key/key.core/../key.ui/examples/standard_key/strings/replace1.key.proof 
96763      DEBUG main            d.u.i.k.p.i.AbstractProblemLoader Environment load took 1.34ms 
96764      INFO  main            d.u.i.k.p.i.AbstractProblemLoader Creating init config 
99410      DEBUG main            d.u.i.k.p.i.AbstractProblemLoader Init config took 2.65s 
99425      INFO  main            d.u.i.k.p.i.AbstractProblemLoader Replaying proof replace1.key.proof 
99432      DEBUG main            d.u.i.k.p.i.IntermediateProofReplayer Proof replay took 4.6ms 
99433      DEBUG main            d.u.i.k.p.r.p.TestFile    ... success: reloaded. 
99434      INFO  main            d.u.i.k.p.r.p.TestFile    Now processing file /home/runner/work/key/key/key.core/../key.ui/examples/standard_key/strings/simpleAssignment.key 
99434      INFO  main            d.u.i.k.p.i.AbstractProblemLoader Loading environment from /home/runner/work/key/key/key.core/../key.ui/examples/standard_key/strings/simpleAssignment.key 
99435      DEBUG main            d.u.i.k.p.i.AbstractProblemLoader Environment load took 221.5ns 
99436      INFO  main            d.u.i.k.p.i.AbstractProblemLoader Creating init config 
102236     DEBUG main            d.u.i.k.p.i.AbstractProblemLoader Init config took 2.8s 
102251     INFO  main            d.u.i.k.p.i.AbstractProblemLoader Replaying proof simpleAssignment.key 
102253     DEBUG main            d.u.i.k.p.i.IntermediateProofReplayer Proof replay took 7.3ns 
102355     INFO  main            d.u.i.k.p.r.p.TestFile    ... finished proof: closed. 
102596     INFO  main            d.u.i.k.p.i.AbstractProblemLoader Loading environment from /home/runner/work/key/key/key.core/../key.ui/examples/standard_key/strings/simpleAssignment.key.proof 
102597     DEBUG main            d.u.i.k.p.i.AbstractProblemLoader Environment load took 134.3ns 
102598     INFO  main            d.u.i.k.p.i.AbstractProblemLoader Creating init config 
105277     DEBUG main            d.u.i.k.p.i.AbstractProblemLoader Init config took 2.68s 
105295     INFO  main            d.u.i.k.p.i.AbstractProblemLoader Replaying proof simpleAssignment.key.proof 
105302     DEBUG main            d.u.i.k.p.i.IntermediateProofReplayer Proof replay took 2.15ms 
105304     DEBUG main            d.u.i.k.p.r.p.TestFile    ... success: reloaded. 
105304     INFO  main            d.u.i.k.p.r.p.TestFile    Now processing file /home/runner/work/key/key/key.core/../key.ui/examples/standard_key/strings/simpleLengthComp.key 
105305     INFO  main            d.u.i.k.p.i.AbstractProblemLoader Loading environment from /home/runner/work/key/key/key.core/../key.ui/examples/standard_key/strings/simpleLengthComp.key 
105305     DEBUG main            d.u.i.k.p.i.AbstractProblemLoader Environment load took 108.8ns 
105306     INFO  main            d.u.i.k.p.i.AbstractProblemLoader Creating init config 
107962     DEBUG main            d.u.i.k.p.i.AbstractProblemLoader Init config took 2.66s 
107982     INFO  main            d.u.i.k.p.i.AbstractProblemLoader Replaying proof simpleLengthComp.key 
107985     DEBUG main            d.u.i.k.p.i.IntermediateProofReplayer Proof replay took 8.2ns 
108191     INFO  main            d.u.i.k.p.r.p.TestFile    ... finished proof: closed. 
108443     INFO  main            d.u.i.k.p.i.AbstractProblemLoader Loading environment from /home/runner/work/key/key/key.core/../key.ui/examples/standard_key/strings/simpleLengthComp.key.proof 
108443     DEBUG main            d.u.i.k.p.i.AbstractProblemLoader Environment load took 143.5ns 
108444     INFO  main            d.u.i.k.p.i.AbstractProblemLoader Creating init config 
111089     DEBUG main            d.u.i.k.p.i.AbstractProblemLoader Init config took 2.64s 
111108     INFO  main            d.u.i.k.p.i.AbstractProblemLoader Replaying proof simpleLengthComp.key.proof 
111139     DEBUG main            d.u.i.k.p.i.IntermediateProofReplayer Proof replay took 27.72ms 
111141     DEBUG main            d.u.i.k.p.r.p.TestFile    ... success: reloaded. 
111142     INFO  main            d.u.i.k.p.r.p.TestFile    Now processing file /home/runner/work/key/key/key.core/../key.ui/examples/standard_key/strings/stringCompileTimeConstant1.key 
111143     INFO  main            d.u.i.k.p.i.AbstractProblemLoader Loading environment from /home/runner/work/key/key/key.core/../key.ui/examples/standard_key/strings/stringCompileTimeConstant1.key 
111143     DEBUG main            d.u.i.k.p.i.AbstractProblemLoader Environment load took 222.9ns 
111144     INFO  main            d.u.i.k.p.i.AbstractProblemLoader Creating init config 
113964     DEBUG main            d.u.i.k.p.i.AbstractProblemLoader Init config took 2.82s 
113980     INFO  main            d.u.i.k.p.i.AbstractProblemLoader Replaying proof stringCompileTimeConstant1.key 
113982     DEBUG main            d.u.i.k.p.i.IntermediateProofReplayer Proof replay took 7.8ns 
114084     INFO  main            d.u.i.k.p.r.p.TestFile    ... finished proof: closed. 
114347     INFO  main            d.u.i.k.p.i.AbstractProblemLoader Loading environment from /home/runner/work/key/key/key.core/../key.ui/examples/standard_key/strings/stringCompileTimeConstant1.key.proof 
114347     DEBUG main            d.u.i.k.p.i.AbstractProblemLoader Environment load took 109.2ns 
114348     INFO  main            d.u.i.k.p.i.AbstractProblemLoader Creating init config 
117035     DEBUG main            d.u.i.k.p.i.AbstractProblemLoader Init config took 2.69s 
117053     INFO  main            d.u.i.k.p.i.AbstractProblemLoader Replaying proof stringCompileTimeConstant1.key.proof 
117059     DEBUG main            d.u.i.k.p.i.IntermediateProofReplayer Proof replay took 3.72ms 
117060     DEBUG main            d.u.i.k.p.r.p.TestFile    ... success: reloaded. 
117061     INFO  main            d.u.i.k.p.r.p.TestFile    Now processing file /home/runner/work/key/key/key.core/../key.ui/examples/standard_key/strings/stringCompileTimeConstant2.key 
117061     INFO  main            d.u.i.k.p.i.AbstractProblemLoader Loading environment from /home/runner/work/key/key/key.core/../key.ui/examples/standard_key/strings/stringCompileTimeConstant2.key 
117061     DEBUG main            d.u.i.k.p.i.AbstractProblemLoader Environment load took 178.2ns 
117062     INFO  main            d.u.i.k.p.i.AbstractProblemLoader Creating init config 
120061     DEBUG main            d.u.i.k.p.i.AbstractProblemLoader Init config took 3s 
120077     INFO  main            d.u.i.k.p.i.AbstractProblemLoader Replaying proof stringCompileTimeConstant2.key 
120079     DEBUG main            d.u.i.k.p.i.IntermediateProofReplayer Proof replay took 7.4ns 
123045     INFO  main            d.u.i.k.p.r.p.TestFile    ... finished proof: closed. 
123356     INFO  main            d.u.i.k.p.i.AbstractProblemLoader Loading environment from /home/runner/work/key/key/key.core/../key.ui/examples/standard_key/strings/stringCompileTimeConstant2.key.proof 
123357     DEBUG main            d.u.i.k.p.i.AbstractProblemLoader Environment load took 370ns 
123358     INFO  main            d.u.i.k.p.i.AbstractProblemLoader Creating init config 
126209     DEBUG main            d.u.i.k.p.i.AbstractProblemLoader Init config took 2.85s 
126225     INFO  main            d.u.i.k.p.i.AbstractProblemLoader Replaying proof stringCompileTimeConstant2.key.proof 
126514     DEBUG main            d.u.i.k.p.i.IntermediateProofReplayer Proof replay took 278.71ms 
126515     DEBUG main            d.u.i.k.p.r.p.TestFile    ... success: reloaded. 
126517     INFO  main            d.u.i.k.p.r.p.TestFile    Now processing file /home/runner/work/key/key/key.core/../key.ui/examples/standard_key/strings/stringEquality1.key 
126517     INFO  main            d.u.i.k.p.i.AbstractProblemLoader Loading environment from /home/runner/work/key/key/key.core/../key.ui/examples/standard_key/strings/stringEquality1.key 
126517     DEBUG main            d.u.i.k.p.i.AbstractProblemLoader Environment load took 120.2ns 
126518     INFO  main            d.u.i.k.p.i.AbstractProblemLoader Creating init config 
129480     DEBUG main            d.u.i.k.p.i.AbstractProblemLoader Init config took 2.96s 
129496     INFO  main            d.u.i.k.p.i.AbstractProblemLoader Replaying proof stringEquality1.key 
129498     DEBUG main            d.u.i.k.p.i.IntermediateProofReplayer Proof replay took 7.8ns 
129600     INFO  main            d.u.i.k.p.r.p.TestFile    ... finished proof: closed. 
129955     INFO  main            d.u.i.k.p.i.AbstractProblemLoader Loading environment from /home/runner/work/key/key/key.core/../key.ui/examples/standard_key/strings/stringEquality1.key.proof 
129955     DEBUG main            d.u.i.k.p.i.AbstractProblemLoader Environment load took 228.5ns 
129957     INFO  main            d.u.i.k.p.i.AbstractProblemLoader Creating init config 
132818     DEBUG main            d.u.i.k.p.i.AbstractProblemLoader Init config took 2.86s 
132835     INFO  main            d.u.i.k.p.i.AbstractProblemLoader Replaying proof stringEquality1.key.proof 
132845     DEBUG main            d.u.i.k.p.i.IntermediateProofReplayer Proof replay took 7.51ms 
132846     DEBUG main            d.u.i.k.p.r.p.TestFile    ... success: reloaded. 
132847     INFO  main            d.u.i.k.p.r.p.TestFile    Now processing file /home/runner/work/key/key/key.core/../key.ui/examples/standard_key/strings/stringEquality2.key 
132847     INFO  main            d.u.i.k.p.i.AbstractProblemLoader Loading environment from /home/runner/work/key/key/key.core/../key.ui/examples/standard_key/strings/stringEquality2.key 
132847     DEBUG main            d.u.i.k.p.i.AbstractProblemLoader Environment load took 123.9ns 
132848     INFO  main            d.u.i.k.p.i.AbstractProblemLoader Creating init config 
135579     DEBUG main            d.u.i.k.p.i.AbstractProblemLoader Init config took 2.73s 
135592     INFO  main            d.u.i.k.p.i.AbstractProblemLoader Replaying proof stringEquality2.key 
135594     DEBUG main            d.u.i.k.p.i.IntermediateProofReplayer Proof replay took 7ns 
136100     INFO  main            d.u.i.k.p.r.p.TestFile    ... finished proof: closed. 
136411     INFO  main            d.u.i.k.p.i.AbstractProblemLoader Loading environment from /home/runner/work/key/key/key.core/../key.ui/examples/standard_key/strings/stringEquality2.key.proof 
136412     DEBUG main            d.u.i.k.p.i.AbstractProblemLoader Environment load took 556.3ns 
136414     INFO  main            d.u.i.k.p.i.AbstractProblemLoader Creating init config 
139070     DEBUG main            d.u.i.k.p.i.AbstractProblemLoader Init config took 2.66s 
139086     INFO  main            d.u.i.k.p.i.AbstractProblemLoader Replaying proof stringEquality2.key.proof 
139125     DEBUG main            d.u.i.k.p.i.IntermediateProofReplayer Proof replay took 33.74ms 
139126     DEBUG main            d.u.i.k.p.r.p.TestFile    ... success: reloaded. 
139127     INFO  main            d.u.i.k.p.r.p.TestFile    Now processing file /home/runner/work/key/key/key.core/../key.ui/examples/standard_key/strings/substring0.key 
139127     INFO  main            d.u.i.k.p.i.AbstractProblemLoader Loading environment from /home/runner/work/key/key/key.core/../key.ui/examples/standard_key/strings/substring0.key 
139127     DEBUG main            d.u.i.k.p.i.AbstractProblemLoader Environment load took 94.2ns 
139133     INFO  main            d.u.i.k.p.i.AbstractProblemLoader Creating init config 
142011     DEBUG main            d.u.i.k.p.i.AbstractProblemLoader Init config took 2.88s 
142026     INFO  main            d.u.i.k.p.i.AbstractProblemLoader Replaying proof substring0.key 
142028     DEBUG main            d.u.i.k.p.i.IntermediateProofReplayer Proof replay took 8.8ns 
142131     INFO  main            d.u.i.k.p.r.p.TestFile    ... finished proof: closed. 
142440     INFO  main            d.u.i.k.p.i.AbstractProblemLoader Loading environment from /home/runner/work/key/key/key.core/../key.ui/examples/standard_key/strings/substring0.key.proof 
142440     DEBUG main            d.u.i.k.p.i.AbstractProblemLoader Environment load took 123.4ns 
142442     INFO  main            d.u.i.k.p.i.AbstractProblemLoader Creating init config 
145292     DEBUG main            d.u.i.k.p.i.AbstractProblemLoader Init config took 2.85s 
145309     INFO  main            d.u.i.k.p.i.AbstractProblemLoader Replaying proof substring0.key.proof 
145311     DEBUG main            d.u.i.k.p.i.IntermediateProofReplayer Proof replay took 473.8ns 
145313     DEBUG main            d.u.i.k.p.r.p.TestFile    ... success: reloaded. 
145313     INFO  main            d.u.i.k.p.r.p.TestFile    Now processing file /home/runner/work/key/key/key.core/../key.ui/examples/standard_key/strings/substring1.key 
145313     INFO  main            d.u.i.k.p.i.AbstractProblemLoader Loading environment from /home/runner/work/key/key/key.core/../key.ui/examples/standard_key/strings/substring1.key 
145313     DEBUG main            d.u.i.k.p.i.AbstractProblemLoader Environment load took 94.5ns 
145315     INFO  main            d.u.i.k.p.i.AbstractProblemLoader Creating init config 
148174     DEBUG main            d.u.i.k.p.i.AbstractProblemLoader Init config took 2.86s 
148189     INFO  main            d.u.i.k.p.i.AbstractProblemLoader Replaying proof substring1.key 
148191     DEBUG main            d.u.i.k.p.i.IntermediateProofReplayer Proof replay took 9ns 
148295     INFO  main            d.u.i.k.p.r.p.TestFile    ... finished proof: closed. 
148591     INFO  main            d.u.i.k.p.i.AbstractProblemLoader Loading environment from /home/runner/work/key/key/key.core/../key.ui/examples/standard_key/strings/substring1.key.proof 
148591     DEBUG main            d.u.i.k.p.i.AbstractProblemLoader Environment load took 116.1ns 
148592     INFO  main            d.u.i.k.p.i.AbstractProblemLoader Creating init config 
151295     DEBUG main            d.u.i.k.p.i.AbstractProblemLoader Init config took 2.7s 
151309     INFO  main            d.u.i.k.p.i.AbstractProblemLoader Replaying proof substring1.key.proof 
151311     DEBUG main            d.u.i.k.p.i.IntermediateProofReplayer Proof replay took 466.9ns 
151312     DEBUG main            d.u.i.k.p.r.p.TestFile    ... success: reloaded. 
151313     INFO  main            d.u.i.k.p.r.p.TestFile    Now processing file /home/runner/work/key/key/key.core/../key.ui/examples/standard_key/strings/substring2.key 
151313     INFO  main            d.u.i.k.p.i.AbstractProblemLoader Loading environment from /home/runner/work/key/key/key.core/../key.ui/examples/standard_key/strings/substring2.key 
151313     DEBUG main            d.u.i.k.p.i.AbstractProblemLoader Environment load took 99.3ns 
151314     INFO  main            d.u.i.k.p.i.AbstractProblemLoader Creating init config 
154087     DEBUG main            d.u.i.k.p.i.AbstractProblemLoader Init config took 2.77s 
154101     INFO  main            d.u.i.k.p.i.AbstractProblemLoader Replaying proof substring2.key 
154103     DEBUG main            d.u.i.k.p.i.IntermediateProofReplayer Proof replay took 9.1ns 
154205     INFO  main            d.u.i.k.p.r.p.TestFile    ... finished proof: closed. 
154498     INFO  main            d.u.i.k.p.i.AbstractProblemLoader Loading environment from /home/runner/work/key/key/key.core/../key.ui/examples/standard_key/strings/substring2.key.proof 
154498     DEBUG main            d.u.i.k.p.i.AbstractProblemLoader Environment load took 123.4ns 
154500     INFO  main            d.u.i.k.p.i.AbstractProblemLoader Creating init config 
157359     DEBUG main            d.u.i.k.p.i.AbstractProblemLoader Init config took 2.86s 
157374     INFO  main            d.u.i.k.p.i.AbstractProblemLoader Replaying proof substring2.key.proof 
157376     DEBUG main            d.u.i.k.p.i.IntermediateProofReplayer Proof replay took 1.03ms 
157377     DEBUG main            d.u.i.k.p.r.p.TestFile    ... success: reloaded. 
157378     INFO  main            d.u.i.k.p.r.p.TestFile    Now processing file /home/runner/work/key/key/key.core/../key.ui/examples/standard_key/strings/substring3.key 
157378     INFO  main            d.u.i.k.p.i.AbstractProblemLoader Loading environment from /home/runner/work/key/key/key.core/../key.ui/examples/standard_key/strings/substring3.key 
157378     DEBUG main            d.u.i.k.p.i.AbstractProblemLoader Environment load took 82.4ns 
157379     INFO  main            d.u.i.k.p.i.AbstractProblemLoader Creating init config 
160304     DEBUG main            d.u.i.k.p.i.AbstractProblemLoader Init config took 2.92s 
160320     INFO  main            d.u.i.k.p.i.AbstractProblemLoader Replaying proof substring3.key 
160322     DEBUG main            d.u.i.k.p.i.IntermediateProofReplayer Proof replay took 7.8ns 
160425     INFO  main            d.u.i.k.p.r.p.TestFile    ... finished proof: closed. 
160734     INFO  main            d.u.i.k.p.i.AbstractProblemLoader Loading environment from /home/runner/work/key/key/key.core/../key.ui/examples/standard_key/strings/substring3.key.proof 
160734     DEBUG main            d.u.i.k.p.i.AbstractProblemLoader Environment load took 130.1ns 
160735     INFO  main            d.u.i.k.p.i.AbstractProblemLoader Creating init config 
163496     DEBUG main            d.u.i.k.p.i.AbstractProblemLoader Init config took 2.76s 
163512     INFO  main            d.u.i.k.p.i.AbstractProblemLoader Replaying proof substring3.key.proof 
163518     DEBUG main            d.u.i.k.p.i.IntermediateProofReplayer Proof replay took 2.62ms 
163518     DEBUG main            d.u.i.k.p.r.p.TestFile    ... success: reloaded. 
163522     INFO  main            d.u.i.k.p.r.p.TestFile    Now processing file /home/runner/work/key/key/key.core/../key.ui/examples/standard_key/strings/substring4.key 
163523     INFO  main            d.u.i.k.p.i.AbstractProblemLoader Loading environment from /home/runner/work/key/key/key.core/../key.ui/examples/standard_key/strings/substring4.key 
163525     DEBUG main            d.u.i.k.p.i.AbstractProblemLoader Environment load took 1.41ms 
163526     INFO  main            d.u.i.k.p.i.AbstractProblemLoader Creating init config 
166349     DEBUG main            d.u.i.k.p.i.AbstractProblemLoader Init config took 2.82s 
166367     INFO  main            d.u.i.k.p.i.AbstractProblemLoader Replaying proof substring4.key 
166369     DEBUG main            d.u.i.k.p.i.IntermediateProofReplayer Proof replay took 8.2ns 
166471     INFO  main            d.u.i.k.p.r.p.TestFile    ... finished proof: closed. 
166796     INFO  main            d.u.i.k.p.i.AbstractProblemLoader Loading environment from /home/runner/work/key/key/key.core/../key.ui/examples/standard_key/strings/substring4.key.proof 
166796     DEBUG main            d.u.i.k.p.i.AbstractProblemLoader Environment load took 128.4ns 
166798     INFO  main            d.u.i.k.p.i.AbstractProblemLoader Creating init config 
169578     DEBUG main            d.u.i.k.p.i.AbstractProblemLoader Init config took 2.78s 
169594     INFO  main            d.u.i.k.p.i.AbstractProblemLoader Replaying proof substring4.key.proof 
169599     DEBUG main            d.u.i.k.p.i.IntermediateProofReplayer Proof replay took 2.7ms 
169599     DEBUG main            d.u.i.k.p.r.p.TestFile    ... success: reloaded. 
169600     INFO  main            d.u.i.k.p.r.p.TestFile    Now processing file /home/runner/work/key/key/key.core/../key.ui/examples/standard_key/strings/substring5.key 
169600     INFO  main            d.u.i.k.p.i.AbstractProblemLoader Loading environment from /home/runner/work/key/key/key.core/../key.ui/examples/standard_key/strings/substring5.key 
169600     DEBUG main            d.u.i.k.p.i.AbstractProblemLoader Environment load took 88.9ns 
169601     INFO  main            d.u.i.k.p.i.AbstractProblemLoader Creating init config 
172355     DEBUG main            d.u.i.k.p.i.AbstractProblemLoader Init config took 2.75s 
172373     INFO  main            d.u.i.k.p.i.AbstractProblemLoader Replaying proof substring5.key 
172375     DEBUG main            d.u.i.k.p.i.IntermediateProofReplayer Proof replay took 7.6ns 
172678     INFO  main            d.u.i.k.p.r.p.TestFile    ... finished proof: closed. 
173097     INFO  main            d.u.i.k.p.i.AbstractProblemLoader Loading environment from /home/runner/work/key/key/key.core/../key.ui/examples/standard_key/strings/substring5.key.proof 
173097     DEBUG main            d.u.i.k.p.i.AbstractProblemLoader Environment load took 111.1ns 
173099     INFO  main            d.u.i.k.p.i.AbstractProblemLoader Creating init config 
175828     DEBUG main            d.u.i.k.p.i.AbstractProblemLoader Init config took 2.73s 
175844     INFO  main            d.u.i.k.p.i.AbstractProblemLoader Replaying proof substring5.key.proof 
175870     DEBUG main            d.u.i.k.p.i.IntermediateProofReplayer Proof replay took 21.78ms 
175872     DEBUG main            d.u.i.k.p.r.p.TestFile    ... success: reloaded. 
4468423    INFO  Test worker     d.u.i.k.p.r.RunAllProofsTestUnit Returning from test strings 
4468425    INFO  Test worker     d.u.i.k.p.r.RunAllProofsTestUnit Running test simple_info_flow 
422        INFO  Timeout watchdog d.u.i.k.p.r.p.ForkedTestFileRunner Timeout watcher launched (2000 secs.) 
447        WARN  main            d.u.i.k.s.ProofSettings   The settings in /home/runner/.key/proof-settings.props are *not* read. 
501        INFO  main            d.u.i.k.p.r.p.TestFile    Now processing file /home/runner/work/key/key/key.core/../key.ui/examples/heap/information_flow/UpdateAbstraction_ex7_1_insecure.key 
668        INFO  main            d.u.i.k.p.i.AbstractProblemLoader Loading environment from /home/runner/work/key/key/key.core/../key.ui/examples/heap/information_flow/UpdateAbstraction_ex7_1_insecure.key 
687        DEBUG main            d.u.i.k.p.i.AbstractProblemLoader Environment load took 2.03ms 
968        INFO  main            d.u.i.k.p.i.AbstractProblemLoader Creating init config 
2131       DEBUG main            d.u.i.k.j.TypeConverter   No LDT found for Meta 
2132       DEBUG main            d.u.i.k.j.TypeConverter   No LDT found for Meta 
2136       DEBUG main            d.u.i.k.j.TypeConverter   No LDT found for Meta 
2136       DEBUG main            d.u.i.k.j.TypeConverter   No LDT found for Meta 
4055       DEBUG main            d.u.i.k.j.TypeConverter   No LDT found for JavaBigintExpression 
10028      DEBUG main            d.u.i.k.p.i.AbstractProblemLoader Init config took 9.06s 
10176      INFO  main            d.u.i.k.p.i.AbstractProblemLoader Replaying proof UpdateAbstraction[UpdateAbstraction::ex7_1_insecure()].JML operation contract.0 
10265      DEBUG main            d.u.i.k.p.i.IntermediateProofReplayer Proof replay took 62.5ns 
11017      INFO  main            d.u.i.k.p.r.p.TestFile    ... finished proof: open goal(s) 
11183      INFO  main            d.u.i.k.p.r.p.TestFile    Now processing file /home/runner/work/key/key/key.core/../key.ui/examples/heap/information_flow/UpdateAbstraction_ex7_2_insecure.key 
11185      INFO  main            d.u.i.k.p.i.AbstractProblemLoader Loading environment from /home/runner/work/key/key/key.core/../key.ui/examples/heap/information_flow/UpdateAbstraction_ex7_2_insecure.key 
11186      DEBUG main            d.u.i.k.p.i.AbstractProblemLoader Environment load took 814.9ns 
11190      INFO  main            d.u.i.k.p.i.AbstractProblemLoader Creating init config 
14743      DEBUG main            d.u.i.k.p.i.AbstractProblemLoader Init config took 3.55s 
14810      INFO  main            d.u.i.k.p.i.AbstractProblemLoader Replaying proof UpdateAbstraction[UpdateAbstraction::ex7_2_insecure()].JML operation contract.0 
14813      DEBUG main            d.u.i.k.p.i.IntermediateProofReplayer Proof replay took 6.1ns 
15221      INFO  main            d.u.i.k.p.r.p.TestFile    ... finished proof: open goal(s) 
4483995    INFO  Test worker     d.u.i.k.p.r.RunAllProofsTestUnit Returning from test simple_info_flow 
4483996    INFO  Test worker     d.u.i.k.p.r.RunAllProofsTestUnit Running test modelMethods 
421        INFO  Timeout watchdog d.u.i.k.p.r.p.ForkedTestFileRunner Timeout watcher launched (2000 secs.) 
445        WARN  main            d.u.i.k.s.ProofSettings   The settings in /home/runner/.key/proof-settings.props are *not* read. 
496        INFO  main            d.u.i.k.p.r.p.TestFile    Now processing file /home/runner/work/key/key/key.core/../key.ui/examples/heap/model_methods/Cell_footprint_acc.key 
632        INFO  main            d.u.i.k.p.i.AbstractProblemLoader Loading environment from /home/runner/work/key/key/key.core/../key.ui/examples/heap/model_methods/Cell_footprint_acc.key 
655        DEBUG main            d.u.i.k.p.i.AbstractProblemLoader Environment load took 2.11ms 
910        INFO  main            d.u.i.k.p.i.AbstractProblemLoader Creating init config 
1986       DEBUG main            d.u.i.k.j.TypeConverter   No LDT found for Meta 
1987       DEBUG main            d.u.i.k.j.TypeConverter   No LDT found for Meta 
1988       DEBUG main            d.u.i.k.j.TypeConverter   No LDT found for Meta 
1988       DEBUG main            d.u.i.k.j.TypeConverter   No LDT found for Meta 
3683       DEBUG main            d.u.i.k.j.TypeConverter   No LDT found for JavaBigintExpression 
9454       DEBUG main            d.u.i.k.p.i.AbstractProblemLoader Init config took 8.54s 
9648       INFO  main            d.u.i.k.p.i.AbstractProblemLoader Replaying proof Cell[Cell::footprint()].JML accessible clause.0 
9693       DEBUG main            d.u.i.k.p.i.IntermediateProofReplayer Proof replay took 34ns 
10246      INFO  main            d.u.i.k.p.r.p.TestFile    ... finished proof: closed. 
10369      INFO  main            d.u.i.k.p.i.AbstractProblemLoader Loading environment from /home/runner/work/key/key/key.core/../key.ui/examples/heap/model_methods/Cell_footprint_acc.key.proof 
10371      DEBUG main            d.u.i.k.p.i.AbstractProblemLoader Environment load took 1.57ms 
10374      INFO  main            d.u.i.k.p.i.AbstractProblemLoader Creating init config 
13660      DEBUG main            d.u.i.k.p.i.AbstractProblemLoader Init config took 3.29s 
13741      INFO  main            d.u.i.k.p.i.AbstractProblemLoader Replaying proof Cell[Cell::footprint()].JML accessible clause.0 
13765      DEBUG main            d.u.i.k.p.i.IntermediateProofReplayer Proof replay took 18.77ms 
13773      DEBUG main            d.u.i.k.p.r.p.TestFile    ... success: reloaded. 
13775      INFO  main            d.u.i.k.p.r.p.TestFile    Now processing file /home/runner/work/key/key/key.core/../key.ui/examples/heap/model_methods/Cell_footprint.key 
13775      INFO  main            d.u.i.k.p.i.AbstractProblemLoader Loading environment from /home/runner/work/key/key/key.core/../key.ui/examples/heap/model_methods/Cell_footprint.key 
13776      DEBUG main            d.u.i.k.p.i.AbstractProblemLoader Environment load took 259.8ns 
13777      INFO  main            d.u.i.k.p.i.AbstractProblemLoader Creating init config 
16929      DEBUG main            d.u.i.k.p.i.AbstractProblemLoader Init config took 3.15s 
17008      INFO  main            d.u.i.k.p.i.AbstractProblemLoader Replaying proof Cell[Cell::footprint()].JML model_behavior operation contract.0 
17011      DEBUG main            d.u.i.k.p.i.IntermediateProofReplayer Proof replay took 6.8ns 
17114      INFO  main            d.u.i.k.p.r.p.TestFile    ... finished proof: closed. 
17277      INFO  main            d.u.i.k.p.i.AbstractProblemLoader Loading environment from /home/runner/work/key/key/key.core/../key.ui/examples/heap/model_methods/Cell_footprint.key.proof 
17277      DEBUG main            d.u.i.k.p.i.AbstractProblemLoader Environment load took 159ns 
17279      INFO  main            d.u.i.k.p.i.AbstractProblemLoader Creating init config 
20405      DEBUG main            d.u.i.k.p.i.AbstractProblemLoader Init config took 3.13s 
20476      INFO  main            d.u.i.k.p.i.AbstractProblemLoader Replaying proof Cell[Cell::footprint()].JML model_behavior operation contract.0 
20489      DEBUG main            d.u.i.k.p.i.IntermediateProofReplayer Proof replay took 10.45ms 
20490      DEBUG main            d.u.i.k.p.r.p.TestFile    ... success: reloaded. 
20491      INFO  main            d.u.i.k.p.r.p.TestFile    Now processing file /home/runner/work/key/key/key.core/../key.ui/examples/heap/model_methods/Cell_get_acc.key 
20492      INFO  main            d.u.i.k.p.i.AbstractProblemLoader Loading environment from /home/runner/work/key/key/key.core/../key.ui/examples/heap/model_methods/Cell_get_acc.key 
20492      DEBUG main            d.u.i.k.p.i.AbstractProblemLoader Environment load took 205.4ns 
20494      INFO  main            d.u.i.k.p.i.AbstractProblemLoader Creating init config 
23539      DEBUG main            d.u.i.k.p.i.AbstractProblemLoader Init config took 3.05s 
23608      INFO  main            d.u.i.k.p.i.AbstractProblemLoader Replaying proof Cell[Cell::get()].JML accessible clause.0 
23613      DEBUG main            d.u.i.k.p.i.IntermediateProofReplayer Proof replay took 6.4ns 
23923      INFO  main            d.u.i.k.p.r.p.TestFile    ... finished proof: closed. 
24104      INFO  main            d.u.i.k.p.i.AbstractProblemLoader Loading environment from /home/runner/work/key/key/key.core/../key.ui/examples/heap/model_methods/Cell_get_acc.key.proof 
24104      DEBUG main            d.u.i.k.p.i.AbstractProblemLoader Environment load took 175.4ns 
24106      INFO  main            d.u.i.k.p.i.AbstractProblemLoader Creating init config 
27033      DEBUG main            d.u.i.k.p.i.AbstractProblemLoader Init config took 2.93s 
27097      INFO  main            d.u.i.k.p.i.AbstractProblemLoader Replaying proof Cell[Cell::get()].JML accessible clause.0 
27140      DEBUG main            d.u.i.k.p.i.IntermediateProofReplayer Proof replay took 39.6ms 
27143      DEBUG main            d.u.i.k.p.r.p.TestFile    ... success: reloaded. 
27145      INFO  main            d.u.i.k.p.r.p.TestFile    Now processing file /home/runner/work/key/key/key.core/../key.ui/examples/heap/model_methods/Cell_get.key 
27146      INFO  main            d.u.i.k.p.i.AbstractProblemLoader Loading environment from /home/runner/work/key/key/key.core/../key.ui/examples/heap/model_methods/Cell_get.key 
27146      DEBUG main            d.u.i.k.p.i.AbstractProblemLoader Environment load took 258.2ns 
27147      INFO  main            d.u.i.k.p.i.AbstractProblemLoader Creating init config 
30026      DEBUG main            d.u.i.k.p.i.AbstractProblemLoader Init config took 2.88s 
30083      INFO  main            d.u.i.k.p.i.AbstractProblemLoader Replaying proof Cell[Cell::get()].JML operation contract.0 
30086      DEBUG main            d.u.i.k.p.i.IntermediateProofReplayer Proof replay took 7.2ns 
30188      INFO  main            d.u.i.k.p.r.p.TestFile    ... finished proof: closed. 
30371      INFO  main            d.u.i.k.p.i.AbstractProblemLoader Loading environment from /home/runner/work/key/key/key.core/../key.ui/examples/heap/model_methods/Cell_get.key.proof 
30371      DEBUG main            d.u.i.k.p.i.AbstractProblemLoader Environment load took 134.9ns 
30372      INFO  main            d.u.i.k.p.i.AbstractProblemLoader Creating init config 
33287      DEBUG main            d.u.i.k.p.i.AbstractProblemLoader Init config took 2.91s 
33342      INFO  main            d.u.i.k.p.i.AbstractProblemLoader Replaying proof Cell[Cell::get()].JML operation contract.0 
33366      DEBUG main            d.u.i.k.p.i.IntermediateProofReplayer Proof replay took 20.64ms 
33367      DEBUG main            d.u.i.k.p.r.p.TestFile    ... success: reloaded. 
33368      INFO  main            d.u.i.k.p.r.p.TestFile    Now processing file /home/runner/work/key/key/key.core/../key.ui/examples/heap/model_methods/Cell_post_set.key 
33369      INFO  main            d.u.i.k.p.i.AbstractProblemLoader Loading environment from /home/runner/work/key/key/key.core/../key.ui/examples/heap/model_methods/Cell_post_set.key 
33369      DEBUG main            d.u.i.k.p.i.AbstractProblemLoader Environment load took 168.1ns 
33370      INFO  main            d.u.i.k.p.i.AbstractProblemLoader Creating init config 
36309      DEBUG main            d.u.i.k.p.i.AbstractProblemLoader Init config took 2.94s 
36363      INFO  main            d.u.i.k.p.i.AbstractProblemLoader Replaying proof Cell[Cell::post_set(int)].JML model_behavior operation contract.0 
36365      DEBUG main            d.u.i.k.p.i.IntermediateProofReplayer Proof replay took 7.5ns 
36467      INFO  main            d.u.i.k.p.r.p.TestFile    ... finished proof: closed. 
36648      INFO  main            d.u.i.k.p.i.AbstractProblemLoader Loading environment from /home/runner/work/key/key/key.core/../key.ui/examples/heap/model_methods/Cell_post_set.key.proof 
36648      DEBUG main            d.u.i.k.p.i.AbstractProblemLoader Environment load took 151.7ns 
36650      INFO  main            d.u.i.k.p.i.AbstractProblemLoader Creating init config 
39518      DEBUG main            d.u.i.k.p.i.AbstractProblemLoader Init config took 2.87s 
39584      INFO  main            d.u.i.k.p.i.AbstractProblemLoader Replaying proof Cell[Cell::post_set(int)].JML model_behavior operation contract.0 
39597      DEBUG main            d.u.i.k.p.i.IntermediateProofReplayer Proof replay took 9.6ms 
39598      DEBUG main            d.u.i.k.p.r.p.TestFile    ... success: reloaded. 
39599      INFO  main            d.u.i.k.p.r.p.TestFile    Now processing file /home/runner/work/key/key/key.core/../key.ui/examples/heap/model_methods/Cell_set.key 
39600      INFO  main            d.u.i.k.p.i.AbstractProblemLoader Loading environment from /home/runner/work/key/key/key.core/../key.ui/examples/heap/model_methods/Cell_set.key 
39600      DEBUG main            d.u.i.k.p.i.AbstractProblemLoader Environment load took 206.3ns 
39601      INFO  main            d.u.i.k.p.i.AbstractProblemLoader Creating init config 
42450      DEBUG main            d.u.i.k.p.i.AbstractProblemLoader Init config took 2.85s 
42522      INFO  main            d.u.i.k.p.i.AbstractProblemLoader Replaying proof Cell[Cell::set(int)].JML operation contract.0 
42525      DEBUG main            d.u.i.k.p.i.IntermediateProofReplayer Proof replay took 7.7ns 
49769      INFO  main            d.u.i.k.p.r.p.TestFile    ... finished proof: closed. 
50009      INFO  main            d.u.i.k.p.i.AbstractProblemLoader Loading environment from /home/runner/work/key/key/key.core/../key.ui/examples/heap/model_methods/Cell_set.key.proof 
50009      DEBUG main            d.u.i.k.p.i.AbstractProblemLoader Environment load took 257.4ns 
50011      INFO  main            d.u.i.k.p.i.AbstractProblemLoader Creating init config 
52849      DEBUG main            d.u.i.k.p.i.AbstractProblemLoader Init config took 2.84s 
52904      INFO  main            d.u.i.k.p.i.AbstractProblemLoader Replaying proof Cell[Cell::set(int)].JML operation contract.0 
53464      DEBUG main            d.u.i.k.p.i.IntermediateProofReplayer Proof replay took 540.5ms 
53466      DEBUG main            d.u.i.k.p.r.p.TestFile    ... success: reloaded. 
53467      INFO  main            d.u.i.k.p.r.p.TestFile    Now processing file /home/runner/work/key/key/key.core/../key.ui/examples/heap/model_methods/CellTest_callSet.key 
53468      INFO  main            d.u.i.k.p.i.AbstractProblemLoader Loading environment from /home/runner/work/key/key/key.core/../key.ui/examples/heap/model_methods/CellTest_callSet.key 
53468      DEBUG main            d.u.i.k.p.i.AbstractProblemLoader Environment load took 231.8ns 
53469      INFO  main            d.u.i.k.p.i.AbstractProblemLoader Creating init config 
56344      DEBUG main            d.u.i.k.p.i.AbstractProblemLoader Init config took 2.87s 
56397      INFO  main            d.u.i.k.p.i.AbstractProblemLoader Replaying proof CellTest[CellTest::callSet(Cell,int)].JML operation contract.0 
56400      DEBUG main            d.u.i.k.p.i.IntermediateProofReplayer Proof replay took 8.4ns 
56603      INFO  main            d.u.i.k.p.r.p.TestFile    ... finished proof: closed. 
56814      INFO  main            d.u.i.k.p.i.AbstractProblemLoader Loading environment from /home/runner/work/key/key/key.core/../key.ui/examples/heap/model_methods/CellTest_callSet.key.proof 
56815      DEBUG main            d.u.i.k.p.i.AbstractProblemLoader Environment load took 487.6ns 
56816      INFO  main            d.u.i.k.p.i.AbstractProblemLoader Creating init config 
59712      DEBUG main            d.u.i.k.p.i.AbstractProblemLoader Init config took 2.9s 
59765      INFO  main            d.u.i.k.p.i.AbstractProblemLoader Replaying proof CellTest[CellTest::callSet(Cell,int)].JML operation contract.0 
59821      DEBUG main            d.u.i.k.p.i.IntermediateProofReplayer Proof replay took 53.34ms 
59823      DEBUG main            d.u.i.k.p.r.p.TestFile    ... success: reloaded. 
59825      INFO  main            d.u.i.k.p.r.p.TestFile    Now processing file /home/runner/work/key/key/key.core/../key.ui/examples/heap/model_methods/CellTest_test2.key 
59825      INFO  main            d.u.i.k.p.i.AbstractProblemLoader Loading environment from /home/runner/work/key/key/key.core/../key.ui/examples/heap/model_methods/CellTest_test2.key 
59825      DEBUG main            d.u.i.k.p.i.AbstractProblemLoader Environment load took 153ns 
59826      INFO  main            d.u.i.k.p.i.AbstractProblemLoader Creating init config 
62724      DEBUG main            d.u.i.k.p.i.AbstractProblemLoader Init config took 2.9s 
62769      INFO  main            d.u.i.k.p.i.AbstractProblemLoader Replaying proof CellTest[CellTest::test2(Cell)].JML operation contract.0 
62771      DEBUG main            d.u.i.k.p.i.IntermediateProofReplayer Proof replay took 7.2ns 
63075      INFO  main            d.u.i.k.p.r.p.TestFile    ... finished proof: closed. 
63308      INFO  main            d.u.i.k.p.i.AbstractProblemLoader Loading environment from /home/runner/work/key/key/key.core/../key.ui/examples/heap/model_methods/CellTest_test2.key.proof 
63308      DEBUG main            d.u.i.k.p.i.AbstractProblemLoader Environment load took 527.2ns 
63309      INFO  main            d.u.i.k.p.i.AbstractProblemLoader Creating init config 
66124      DEBUG main            d.u.i.k.p.i.AbstractProblemLoader Init config took 2.81s 
66178      INFO  main            d.u.i.k.p.i.AbstractProblemLoader Replaying proof CellTest[CellTest::test2(Cell)].JML operation contract.0 
66271      DEBUG main            d.u.i.k.p.i.IntermediateProofReplayer Proof replay took 88.41ms 
66272      DEBUG main            d.u.i.k.p.r.p.TestFile    ... success: reloaded. 
66274      INFO  main            d.u.i.k.p.r.p.TestFile    Now processing file /home/runner/work/key/key/key.core/../key.ui/examples/heap/model_methods/CellTest_test.key 
66274      INFO  main            d.u.i.k.p.i.AbstractProblemLoader Loading environment from /home/runner/work/key/key/key.core/../key.ui/examples/heap/model_methods/CellTest_test.key 
66274      DEBUG main            d.u.i.k.p.i.AbstractProblemLoader Environment load took 196.8ns 
66275      INFO  main            d.u.i.k.p.i.AbstractProblemLoader Creating init config 
69132      DEBUG main            d.u.i.k.p.i.AbstractProblemLoader Init config took 2.86s 
69182      INFO  main            d.u.i.k.p.i.AbstractProblemLoader Replaying proof CellTest[CellTest::test(Recell)].JML operation contract.0 
69208      DEBUG main            d.u.i.k.p.i.IntermediateProofReplayer Proof replay took 8.5ns 
71317      INFO  main            d.u.i.k.p.r.p.TestFile    ... finished proof: closed. 
71653      INFO  main            d.u.i.k.p.i.AbstractProblemLoader Loading environment from /home/runner/work/key/key/key.core/../key.ui/examples/heap/model_methods/CellTest_test.key.proof 
71654      DEBUG main            d.u.i.k.p.i.AbstractProblemLoader Environment load took 484.8ns 
71655      INFO  main            d.u.i.k.p.i.AbstractProblemLoader Creating init config 
74597      DEBUG main            d.u.i.k.p.i.AbstractProblemLoader Init config took 2.94s 
74649      INFO  main            d.u.i.k.p.i.AbstractProblemLoader Replaying proof CellTest[CellTest::test(Recell)].JML operation contract.0 
75105      DEBUG main            d.u.i.k.p.i.IntermediateProofReplayer Proof replay took 430.7ms 
75107      DEBUG main            d.u.i.k.p.r.p.TestFile    ... success: reloaded. 
75108      INFO  main            d.u.i.k.p.r.p.TestFile    Now processing file /home/runner/work/key/key/key.core/../key.ui/examples/heap/model_methods/Coll1_add.key 
75109      INFO  main            d.u.i.k.p.i.AbstractProblemLoader Loading environment from /home/runner/work/key/key/key.core/../key.ui/examples/heap/model_methods/Coll1_add.key 
75109      DEBUG main            d.u.i.k.p.i.AbstractProblemLoader Environment load took 208.4ns 
75110      INFO  main            d.u.i.k.p.i.AbstractProblemLoader Creating init config 
77957      DEBUG main            d.u.i.k.p.i.AbstractProblemLoader Init config took 2.85s 
78008      INFO  main            d.u.i.k.p.i.AbstractProblemLoader Replaying proof Coll1[Coll::add(int)].JML operation contract.0 
78010      DEBUG main            d.u.i.k.p.i.IntermediateProofReplayer Proof replay took 7.4ns 
78112      INFO  main            d.u.i.k.p.r.p.TestFile    ... finished proof: closed. 
78345      INFO  main            d.u.i.k.p.i.AbstractProblemLoader Loading environment from /home/runner/work/key/key/key.core/../key.ui/examples/heap/model_methods/Coll1_add.key.proof 
78345      DEBUG main            d.u.i.k.p.i.AbstractProblemLoader Environment load took 192.2ns 
78347      INFO  main            d.u.i.k.p.i.AbstractProblemLoader Creating init config 
81290      DEBUG main            d.u.i.k.p.i.AbstractProblemLoader Init config took 2.94s 
81353      INFO  main            d.u.i.k.p.i.AbstractProblemLoader Replaying proof Coll1[Coll::add(int)].JML operation contract.0 
81366      DEBUG main            d.u.i.k.p.i.IntermediateProofReplayer Proof replay took 11.29ms 
81368      DEBUG main            d.u.i.k.p.r.p.TestFile    ... success: reloaded. 
81370      INFO  main            d.u.i.k.p.r.p.TestFile    Now processing file /home/runner/work/key/key/key.core/../key.ui/examples/heap/model_methods/Coll1_Coll1_add_pre.key 
81371      INFO  main            d.u.i.k.p.i.AbstractProblemLoader Loading environment from /home/runner/work/key/key/key.core/../key.ui/examples/heap/model_methods/Coll1_Coll1_add_pre.key 
81371      DEBUG main            d.u.i.k.p.i.AbstractProblemLoader Environment load took 199.1ns 
81372      INFO  main            d.u.i.k.p.i.AbstractProblemLoader Creating init config 
84118      DEBUG main            d.u.i.k.p.i.AbstractProblemLoader Init config took 2.75s 
84171      INFO  main            d.u.i.k.p.i.AbstractProblemLoader Replaying proof Coll1[Coll1::add_pre(int)].JML model_behavior operation contract.0 
84173      DEBUG main            d.u.i.k.p.i.IntermediateProofReplayer Proof replay took 7.7ns 
84276      INFO  main            d.u.i.k.p.r.p.TestFile    ... finished proof: closed. 
84508      INFO  main            d.u.i.k.p.i.AbstractProblemLoader Loading environment from /home/runner/work/key/key/key.core/../key.ui/examples/heap/model_methods/Coll1_Coll1_add_pre.key.proof 
84508      DEBUG main            d.u.i.k.p.i.AbstractProblemLoader Environment load took 130ns 
84509      INFO  main            d.u.i.k.p.i.AbstractProblemLoader Creating init config 
87318      DEBUG main            d.u.i.k.p.i.AbstractProblemLoader Init config took 2.81s 
87366      INFO  main            d.u.i.k.p.i.AbstractProblemLoader Replaying proof Coll1[Coll1::add_pre(int)].JML model_behavior operation contract.0 
87373      DEBUG main            d.u.i.k.p.i.IntermediateProofReplayer Proof replay took 5.24ms 
87375      DEBUG main            d.u.i.k.p.r.p.TestFile    ... success: reloaded. 
87376      INFO  main            d.u.i.k.p.r.p.TestFile    Now processing file /home/runner/work/key/key/key.core/../key.ui/examples/heap/model_methods/Coll1_Coll_add_pre.key 
87378      INFO  main            d.u.i.k.p.i.AbstractProblemLoader Loading environment from /home/runner/work/key/key/key.core/../key.ui/examples/heap/model_methods/Coll1_Coll_add_pre.key 
87379      DEBUG main            d.u.i.k.p.i.AbstractProblemLoader Environment load took 116.4ns 
87380      INFO  main            d.u.i.k.p.i.AbstractProblemLoader Creating init config 
90277      DEBUG main            d.u.i.k.p.i.AbstractProblemLoader Init config took 2.9s 
90332      INFO  main            d.u.i.k.p.i.AbstractProblemLoader Replaying proof Coll1[Coll::add_pre(int)].JML model_behavior operation contract.0 
90334      DEBUG main            d.u.i.k.p.i.IntermediateProofReplayer Proof replay took 8.4ns 
90436      INFO  main            d.u.i.k.p.r.p.TestFile    ... finished proof: closed. 
90685      INFO  main            d.u.i.k.p.i.AbstractProblemLoader Loading environment from /home/runner/work/key/key/key.core/../key.ui/examples/heap/model_methods/Coll1_Coll_add_pre.key.proof 
90685      DEBUG main            d.u.i.k.p.i.AbstractProblemLoader Environment load took 173.5ns 
90686      INFO  main            d.u.i.k.p.i.AbstractProblemLoader Creating init config 
93446      DEBUG main            d.u.i.k.p.i.AbstractProblemLoader Init config took 2.76s 
93508      INFO  main            d.u.i.k.p.i.AbstractProblemLoader Replaying proof Coll1[Coll::add_pre(int)].JML model_behavior operation contract.0 
93513      DEBUG main            d.u.i.k.p.i.IntermediateProofReplayer Proof replay took 2.81ms 
93514      DEBUG main            d.u.i.k.p.r.p.TestFile    ... success: reloaded. 
93515      INFO  main            d.u.i.k.p.r.p.TestFile    Now processing file /home/runner/work/key/key/key.core/../key.ui/examples/heap/model_methods/Coll2_add.key 
93516      INFO  main            d.u.i.k.p.i.AbstractProblemLoader Loading environment from /home/runner/work/key/key/key.core/../key.ui/examples/heap/model_methods/Coll2_add.key 
93516      DEBUG main            d.u.i.k.p.i.AbstractProblemLoader Environment load took 118.1ns 
93517      INFO  main            d.u.i.k.p.i.AbstractProblemLoader Creating init config 
96436      DEBUG main            d.u.i.k.p.i.AbstractProblemLoader Init config took 2.92s 
96486      INFO  main            d.u.i.k.p.i.AbstractProblemLoader Replaying proof Coll2[Coll::add(int)].JML operation contract.0 
96488      DEBUG main            d.u.i.k.p.i.IntermediateProofReplayer Proof replay took 7.5ns 
96590      INFO  main            d.u.i.k.p.r.p.TestFile    ... finished proof: closed. 
96854      INFO  main            d.u.i.k.p.i.AbstractProblemLoader Loading environment from /home/runner/work/key/key/key.core/../key.ui/examples/heap/model_methods/Coll2_add.key.proof 
96854      DEBUG main            d.u.i.k.p.i.AbstractProblemLoader Environment load took 121ns 
96855      INFO  main            d.u.i.k.p.i.AbstractProblemLoader Creating init config 
99693      DEBUG main            d.u.i.k.p.i.AbstractProblemLoader Init config took 2.84s 
99735      INFO  main            d.u.i.k.p.i.AbstractProblemLoader Replaying proof Coll2[Coll::add(int)].JML operation contract.0 
99744      DEBUG main            d.u.i.k.p.i.IntermediateProofReplayer Proof replay took 6.91ms 
99745      DEBUG main            d.u.i.k.p.r.p.TestFile    ... success: reloaded. 
99746      INFO  main            d.u.i.k.p.r.p.TestFile    Now processing file /home/runner/work/key/key/key.core/../key.ui/examples/heap/model_methods/Coll2_Coll2_add_pre.key 
99747      INFO  main            d.u.i.k.p.i.AbstractProblemLoader Loading environment from /home/runner/work/key/key/key.core/../key.ui/examples/heap/model_methods/Coll2_Coll2_add_pre.key 
99747      DEBUG main            d.u.i.k.p.i.AbstractProblemLoader Environment load took 402.8ns 
99748      INFO  main            d.u.i.k.p.i.AbstractProblemLoader Creating init config 
102659     DEBUG main            d.u.i.k.p.i.AbstractProblemLoader Init config took 2.91s 
102699     INFO  main            d.u.i.k.p.i.AbstractProblemLoader Replaying proof Coll2[Coll2::add_pre(int)].JML model_behavior operation contract.0 
102702     DEBUG main            d.u.i.k.p.i.IntermediateProofReplayer Proof replay took 7.5ns 
102804     INFO  main            d.u.i.k.p.r.p.TestFile    ... finished proof: closed. 
103048     INFO  main            d.u.i.k.p.i.AbstractProblemLoader Loading environment from /home/runner/work/key/key/key.core/../key.ui/examples/heap/model_methods/Coll2_Coll2_add_pre.key.proof 
103048     DEBUG main            d.u.i.k.p.i.AbstractProblemLoader Environment load took 130.2ns 
103049     INFO  main            d.u.i.k.p.i.AbstractProblemLoader Creating init config 
105806     DEBUG main            d.u.i.k.p.i.AbstractProblemLoader Init config took 2.76s 
105843     INFO  main            d.u.i.k.p.i.AbstractProblemLoader Replaying proof Coll2[Coll2::add_pre(int)].JML model_behavior operation contract.0 
105845     DEBUG main            d.u.i.k.p.i.IntermediateProofReplayer Proof replay took 1.6ms 
105846     DEBUG main            d.u.i.k.p.r.p.TestFile    ... success: reloaded. 
105847     INFO  main            d.u.i.k.p.r.p.TestFile    Now processing file /home/runner/work/key/key/key.core/../key.ui/examples/heap/model_methods/Coll2_Coll_add_pre.key 
105847     INFO  main            d.u.i.k.p.i.AbstractProblemLoader Loading environment from /home/runner/work/key/key/key.core/../key.ui/examples/heap/model_methods/Coll2_Coll_add_pre.key 
105848     DEBUG main            d.u.i.k.p.i.AbstractProblemLoader Environment load took 125ns 
105848     INFO  main            d.u.i.k.p.i.AbstractProblemLoader Creating init config 
108629     DEBUG main            d.u.i.k.p.i.AbstractProblemLoader Init config took 2.78s 
108669     INFO  main            d.u.i.k.p.i.AbstractProblemLoader Replaying proof Coll2[Coll::add_pre(int)].JML model_behavior operation contract.0 
108671     DEBUG main            d.u.i.k.p.i.IntermediateProofReplayer Proof replay took 7.5ns 
108773     INFO  main            d.u.i.k.p.r.p.TestFile    ... finished proof: closed. 
109032     INFO  main            d.u.i.k.p.i.AbstractProblemLoader Loading environment from /home/runner/work/key/key/key.core/../key.ui/examples/heap/model_methods/Coll2_Coll_add_pre.key.proof 
109032     DEBUG main            d.u.i.k.p.i.AbstractProblemLoader Environment load took 127.8ns 
109033     INFO  main            d.u.i.k.p.i.AbstractProblemLoader Creating init config 
111795     DEBUG main            d.u.i.k.p.i.AbstractProblemLoader Init config took 2.76s 
111838     INFO  main            d.u.i.k.p.i.AbstractProblemLoader Replaying proof Coll2[Coll::add_pre(int)].JML model_behavior operation contract.0 
111843     DEBUG main            d.u.i.k.p.i.IntermediateProofReplayer Proof replay took 2.59ms 
111844     DEBUG main            d.u.i.k.p.r.p.TestFile    ... success: reloaded. 
111845     INFO  main            d.u.i.k.p.r.p.TestFile    Now processing file /home/runner/work/key/key/key.core/../key.ui/examples/heap/model_methods/Coll_add.key 
111845     INFO  main            d.u.i.k.p.i.AbstractProblemLoader Loading environment from /home/runner/work/key/key/key.core/../key.ui/examples/heap/model_methods/Coll_add.key 
111845     DEBUG main            d.u.i.k.p.i.AbstractProblemLoader Environment load took 104.6ns 
111846     INFO  main            d.u.i.k.p.i.AbstractProblemLoader Creating init config 
114738     DEBUG main            d.u.i.k.p.i.AbstractProblemLoader Init config took 2.89s 
114804     INFO  main            d.u.i.k.p.i.AbstractProblemLoader Replaying proof Coll[Coll::add(int)].JML operation contract.0 
114806     DEBUG main            d.u.i.k.p.i.IntermediateProofReplayer Proof replay took 8.3ns 
114908     INFO  main            d.u.i.k.p.r.p.TestFile    ... finished proof: closed. 
115184     INFO  main            d.u.i.k.p.i.AbstractProblemLoader Loading environment from /home/runner/work/key/key/key.core/../key.ui/examples/heap/model_methods/Coll_add.key.proof 
115186     DEBUG main            d.u.i.k.p.i.AbstractProblemLoader Environment load took 2.21ms 
115187     INFO  main            d.u.i.k.p.i.AbstractProblemLoader Creating init config 
117953     DEBUG main            d.u.i.k.p.i.AbstractProblemLoader Init config took 2.77s 
117996     INFO  main            d.u.i.k.p.i.AbstractProblemLoader Replaying proof Coll[Coll::add(int)].JML operation contract.0 
118000     DEBUG main            d.u.i.k.p.i.IntermediateProofReplayer Proof replay took 2.3ms 
118001     DEBUG main            d.u.i.k.p.r.p.TestFile    ... success: reloaded. 
118002     INFO  main            d.u.i.k.p.r.p.TestFile    Now processing file /home/runner/work/key/key/key.core/../key.ui/examples/heap/model_methods/Coll_add_pre.key 
118002     INFO  main            d.u.i.k.p.i.AbstractProblemLoader Loading environment from /home/runner/work/key/key/key.core/../key.ui/examples/heap/model_methods/Coll_add_pre.key 
118002     DEBUG main            d.u.i.k.p.i.AbstractProblemLoader Environment load took 173.3ns 
118003     INFO  main            d.u.i.k.p.i.AbstractProblemLoader Creating init config 
120778     DEBUG main            d.u.i.k.p.i.AbstractProblemLoader Init config took 2.77s 
120820     INFO  main            d.u.i.k.p.i.AbstractProblemLoader Replaying proof Coll[Coll::add_pre(int)].JML model_behavior operation contract.0 
120822     DEBUG main            d.u.i.k.p.i.IntermediateProofReplayer Proof replay took 6.9ns 
120927     INFO  main            d.u.i.k.p.r.p.TestFile    ... finished proof: closed. 
121195     INFO  main            d.u.i.k.p.i.AbstractProblemLoader Loading environment from /home/runner/work/key/key/key.core/../key.ui/examples/heap/model_methods/Coll_add_pre.key.proof 
121195     DEBUG main            d.u.i.k.p.i.AbstractProblemLoader Environment load took 197.4ns 
121196     INFO  main            d.u.i.k.p.i.AbstractProblemLoader Creating init config 
123890     DEBUG main            d.u.i.k.p.i.AbstractProblemLoader Init config took 2.69s 
123935     INFO  main            d.u.i.k.p.i.AbstractProblemLoader Replaying proof Coll[Coll::add_pre(int)].JML model_behavior operation contract.0 
123939     DEBUG main            d.u.i.k.p.i.IntermediateProofReplayer Proof replay took 2.8ms 
123941     DEBUG main            d.u.i.k.p.r.p.TestFile    ... success: reloaded. 
123944     INFO  main            d.u.i.k.p.r.p.TestFile    Now processing file /home/runner/work/key/key/key.core/../key.ui/examples/heap/model_methods/Indirect_callAdd.key 
123944     INFO  main            d.u.i.k.p.i.AbstractProblemLoader Loading environment from /home/runner/work/key/key/key.core/../key.ui/examples/heap/model_methods/Indirect_callAdd.key 
123944     DEBUG main            d.u.i.k.p.i.AbstractProblemLoader Environment load took 95ns 
123945     INFO  main            d.u.i.k.p.i.AbstractProblemLoader Creating init config 
126739     DEBUG main            d.u.i.k.p.i.AbstractProblemLoader Init config took 2.79s 
126784     INFO  main            d.u.i.k.p.i.AbstractProblemLoader Replaying proof Indirect[Indirect::callAdd(Coll,int)].JML operation contract.0 
126786     DEBUG main            d.u.i.k.p.i.IntermediateProofReplayer Proof replay took 7.6ns 
126988     INFO  main            d.u.i.k.p.r.p.TestFile    ... finished proof: closed. 
127291     INFO  main            d.u.i.k.p.i.AbstractProblemLoader Loading environment from /home/runner/work/key/key/key.core/../key.ui/examples/heap/model_methods/Indirect_callAdd.key.proof 
127291     DEBUG main            d.u.i.k.p.i.AbstractProblemLoader Environment load took 157.4ns 
127292     INFO  main            d.u.i.k.p.i.AbstractProblemLoader Creating init config 
129948     DEBUG main            d.u.i.k.p.i.AbstractProblemLoader Init config took 2.66s 
130000     INFO  main            d.u.i.k.p.i.AbstractProblemLoader Replaying proof Indirect[Indirect::callAdd(Coll,int)].JML operation contract.0 
130024     DEBUG main            d.u.i.k.p.i.IntermediateProofReplayer Proof replay took 22.85ms 
130025     DEBUG main            d.u.i.k.p.r.p.TestFile    ... success: reloaded. 
130027     INFO  main            d.u.i.k.p.r.p.TestFile    Now processing file /home/runner/work/key/key/key.core/../key.ui/examples/heap/model_methods/Indirect_test.key 
130027     INFO  main            d.u.i.k.p.i.AbstractProblemLoader Loading environment from /home/runner/work/key/key/key.core/../key.ui/examples/heap/model_methods/Indirect_test.key 
130027     DEBUG main            d.u.i.k.p.i.AbstractProblemLoader Environment load took 123.5ns 
130028     INFO  main            d.u.i.k.p.i.AbstractProblemLoader Creating init config 
132895     DEBUG main            d.u.i.k.p.i.AbstractProblemLoader Init config took 2.87s 
132943     INFO  main            d.u.i.k.p.i.AbstractProblemLoader Replaying proof Indirect[Indirect::test(Coll1,Coll2)].JML operation contract.0 
132945     DEBUG main            d.u.i.k.p.i.IntermediateProofReplayer Proof replay took 7.7ns 
133248     INFO  main            d.u.i.k.p.r.p.TestFile    ... finished proof: closed. 
133542     INFO  main            d.u.i.k.p.i.AbstractProblemLoader Loading environment from /home/runner/work/key/key/key.core/../key.ui/examples/heap/model_methods/Indirect_test.key.proof 
133542     DEBUG main            d.u.i.k.p.i.AbstractProblemLoader Environment load took 374.1ns 
133544     INFO  main            d.u.i.k.p.i.AbstractProblemLoader Creating init config 
136305     DEBUG main            d.u.i.k.p.i.AbstractProblemLoader Init config took 2.76s 
136349     INFO  main            d.u.i.k.p.i.AbstractProblemLoader Replaying proof Indirect[Indirect::test(Coll1,Coll2)].JML operation contract.0 
136419     DEBUG main            d.u.i.k.p.i.IntermediateProofReplayer Proof replay took 66.08ms 
136420     DEBUG main            d.u.i.k.p.r.p.TestFile    ... success: reloaded. 
136421     INFO  main            d.u.i.k.p.r.p.TestFile    Now processing file /home/runner/work/key/key/key.core/../key.ui/examples/heap/model_methods/Recell_Cell_footprint.key 
136421     INFO  main            d.u.i.k.p.i.AbstractProblemLoader Loading environment from /home/runner/work/key/key/key.core/../key.ui/examples/heap/model_methods/Recell_Cell_footprint.key 
136421     DEBUG main            d.u.i.k.p.i.AbstractProblemLoader Environment load took 136.9ns 
136422     INFO  main            d.u.i.k.p.i.AbstractProblemLoader Creating init config 
139268     DEBUG main            d.u.i.k.p.i.AbstractProblemLoader Init config took 2.85s 
139310     INFO  main            d.u.i.k.p.i.AbstractProblemLoader Replaying proof Recell[Cell::footprint()].JML model_behavior operation contract.0 
139312     DEBUG main            d.u.i.k.p.i.IntermediateProofReplayer Proof replay took 8.6ns 
139415     INFO  main            d.u.i.k.p.r.p.TestFile    ... finished proof: closed. 
139708     INFO  main            d.u.i.k.p.i.AbstractProblemLoader Loading environment from /home/runner/work/key/key/key.core/../key.ui/examples/heap/model_methods/Recell_Cell_footprint.key.proof 
139708     DEBUG main            d.u.i.k.p.i.AbstractProblemLoader Environment load took 169.8ns 
139709     INFO  main            d.u.i.k.p.i.AbstractProblemLoader Creating init config 
142305     DEBUG main            d.u.i.k.p.i.AbstractProblemLoader Init config took 2.6s 
142346     INFO  main            d.u.i.k.p.i.AbstractProblemLoader Replaying proof Recell[Cell::footprint()].JML model_behavior operation contract.0 
142350     DEBUG main            d.u.i.k.p.i.IntermediateProofReplayer Proof replay took 3.23ms 
142351     DEBUG main            d.u.i.k.p.r.p.TestFile    ... success: reloaded. 
142352     INFO  main            d.u.i.k.p.r.p.TestFile    Now processing file /home/runner/work/key/key/key.core/../key.ui/examples/heap/model_methods/Recell_Cell_post_set.key 
142353     INFO  main            d.u.i.k.p.i.AbstractProblemLoader Loading environment from /home/runner/work/key/key/key.core/../key.ui/examples/heap/model_methods/Recell_Cell_post_set.key 
142353     DEBUG main            d.u.i.k.p.i.AbstractProblemLoader Environment load took 88.4ns 
142354     INFO  main            d.u.i.k.p.i.AbstractProblemLoader Creating init config 
145061     DEBUG main            d.u.i.k.p.i.AbstractProblemLoader Init config took 2.71s 
145100     INFO  main            d.u.i.k.p.i.AbstractProblemLoader Replaying proof Recell[Cell::post_set(int)].JML model_behavior operation contract.0 
145102     DEBUG main            d.u.i.k.p.i.IntermediateProofReplayer Proof replay took 7.3ns 
145204     INFO  main            d.u.i.k.p.r.p.TestFile    ... finished proof: closed. 
145513     INFO  main            d.u.i.k.p.i.AbstractProblemLoader Loading environment from /home/runner/work/key/key/key.core/../key.ui/examples/heap/model_methods/Recell_Cell_post_set.key.proof 
145514     DEBUG main            d.u.i.k.p.i.AbstractProblemLoader Environment load took 118.1ns 
145515     INFO  main            d.u.i.k.p.i.AbstractProblemLoader Creating init config 
148144     DEBUG main            d.u.i.k.p.i.AbstractProblemLoader Init config took 2.63s 
148187     INFO  main            d.u.i.k.p.i.AbstractProblemLoader Replaying proof Recell[Cell::post_set(int)].JML model_behavior operation contract.0 
148193     DEBUG main            d.u.i.k.p.i.IntermediateProofReplayer Proof replay took 4.13ms 
148194     DEBUG main            d.u.i.k.p.r.p.TestFile    ... success: reloaded. 
148195     INFO  main            d.u.i.k.p.r.p.TestFile    Now processing file /home/runner/work/key/key/key.core/../key.ui/examples/heap/model_methods/Recell_footprint_acc.key 
148195     INFO  main            d.u.i.k.p.i.AbstractProblemLoader Loading environment from /home/runner/work/key/key/key.core/../key.ui/examples/heap/model_methods/Recell_footprint_acc.key 
148195     DEBUG main            d.u.i.k.p.i.AbstractProblemLoader Environment load took 69.6ns 
148196     INFO  main            d.u.i.k.p.i.AbstractProblemLoader Creating init config 
150866     DEBUG main            d.u.i.k.p.i.AbstractProblemLoader Init config took 2.67s 
150911     INFO  main            d.u.i.k.p.i.AbstractProblemLoader Replaying proof Recell[Cell::footprint()].JML accessible clause.0 
150913     DEBUG main            d.u.i.k.p.i.IntermediateProofReplayer Proof replay took 7.6ns 
151015     INFO  main            d.u.i.k.p.r.p.TestFile    ... finished proof: closed. 
151379     INFO  main            d.u.i.k.p.i.AbstractProblemLoader Loading environment from /home/runner/work/key/key/key.core/../key.ui/examples/heap/model_methods/Recell_footprint_acc.key.proof 
151379     DEBUG main            d.u.i.k.p.i.AbstractProblemLoader Environment load took 124.6ns 
151380     INFO  main            d.u.i.k.p.i.AbstractProblemLoader Creating init config 
154042     DEBUG main            d.u.i.k.p.i.AbstractProblemLoader Init config took 2.66s 
154082     INFO  main            d.u.i.k.p.i.AbstractProblemLoader Replaying proof Recell[Cell::footprint()].JML accessible clause.0 
154102     DEBUG main            d.u.i.k.p.i.IntermediateProofReplayer Proof replay took 17.54ms 
154103     DEBUG main            d.u.i.k.p.r.p.TestFile    ... success: reloaded. 
154104     INFO  main            d.u.i.k.p.r.p.TestFile    Now processing file /home/runner/work/key/key/key.core/../key.ui/examples/heap/model_methods/Recell_get_acc.key 
154104     INFO  main            d.u.i.k.p.i.AbstractProblemLoader Loading environment from /home/runner/work/key/key/key.core/../key.ui/examples/heap/model_methods/Recell_get_acc.key 
154104     DEBUG main            d.u.i.k.p.i.AbstractProblemLoader Environment load took 113.6ns 
154105     INFO  main            d.u.i.k.p.i.AbstractProblemLoader Creating init config 
156844     DEBUG main            d.u.i.k.p.i.AbstractProblemLoader Init config took 2.74s 
156881     INFO  main            d.u.i.k.p.i.AbstractProblemLoader Replaying proof Recell[Cell::get()].JML accessible clause.0 
156883     DEBUG main            d.u.i.k.p.i.IntermediateProofReplayer Proof replay took 6.9ns 
156987     INFO  main            d.u.i.k.p.r.p.TestFile    ... finished proof: closed. 
157417     INFO  main            d.u.i.k.p.i.AbstractProblemLoader Loading environment from /home/runner/work/key/key/key.core/../key.ui/examples/heap/model_methods/Recell_get_acc.key.proof 
157417     DEBUG main            d.u.i.k.p.i.AbstractProblemLoader Environment load took 149.5ns 
157418     INFO  main            d.u.i.k.p.i.AbstractProblemLoader Creating init config 
160075     DEBUG main            d.u.i.k.p.i.AbstractProblemLoader Init config took 2.66s 
160116     INFO  main            d.u.i.k.p.i.AbstractProblemLoader Replaying proof Recell[Cell::get()].JML accessible clause.0 
160136     DEBUG main            d.u.i.k.p.i.IntermediateProofReplayer Proof replay took 17.42ms 
160137     DEBUG main            d.u.i.k.p.r.p.TestFile    ... success: reloaded. 
160138     INFO  main            d.u.i.k.p.r.p.TestFile    Now processing file /home/runner/work/key/key/key.core/../key.ui/examples/heap/model_methods/Recell_get.key 
160138     INFO  main            d.u.i.k.p.i.AbstractProblemLoader Loading environment from /home/runner/work/key/key/key.core/../key.ui/examples/heap/model_methods/Recell_get.key 
160138     DEBUG main            d.u.i.k.p.i.AbstractProblemLoader Environment load took 102.5ns 
160139     INFO  main            d.u.i.k.p.i.AbstractProblemLoader Creating init config 
162822     DEBUG main            d.u.i.k.p.i.AbstractProblemLoader Init config took 2.68s 
162862     INFO  main            d.u.i.k.p.i.AbstractProblemLoader Replaying proof Recell[Cell::get()].JML operation contract.0 
162863     DEBUG main            d.u.i.k.p.i.IntermediateProofReplayer Proof replay took 7.6ns 
162966     INFO  main            d.u.i.k.p.r.p.TestFile    ... finished proof: closed. 
163295     INFO  main            d.u.i.k.p.i.AbstractProblemLoader Loading environment from /home/runner/work/key/key/key.core/../key.ui/examples/heap/model_methods/Recell_get.key.proof 
163295     DEBUG main            d.u.i.k.p.i.AbstractProblemLoader Environment load took 112.6ns 
163296     INFO  main            d.u.i.k.p.i.AbstractProblemLoader Creating init config 
165924     DEBUG main            d.u.i.k.p.i.AbstractProblemLoader Init config took 2.63s 
165965     INFO  main            d.u.i.k.p.i.AbstractProblemLoader Replaying proof Recell[Cell::get()].JML operation contract.0 
165975     DEBUG main            d.u.i.k.p.i.IntermediateProofReplayer Proof replay took 8.5ms 
165976     DEBUG main            d.u.i.k.p.r.p.TestFile    ... success: reloaded. 
165977     INFO  main            d.u.i.k.p.r.p.TestFile    Now processing file /home/runner/work/key/key/key.core/../key.ui/examples/heap/model_methods/Recell_Recell_footprint.key 
165977     INFO  main            d.u.i.k.p.i.AbstractProblemLoader Loading environment from /home/runner/work/key/key/key.core/../key.ui/examples/heap/model_methods/Recell_Recell_footprint.key 
165977     DEBUG main            d.u.i.k.p.i.AbstractProblemLoader Environment load took 120ns 
165978     INFO  main            d.u.i.k.p.i.AbstractProblemLoader Creating init config 
168760     DEBUG main            d.u.i.k.p.i.AbstractProblemLoader Init config took 2.78s 
168800     INFO  main            d.u.i.k.p.i.AbstractProblemLoader Replaying proof Recell[Recell::footprint()].JML model_behavior operation contract.0 
168802     DEBUG main            d.u.i.k.p.i.IntermediateProofReplayer Proof replay took 7.2ns 
168906     INFO  main            d.u.i.k.p.r.p.TestFile    ... finished proof: closed. 
169231     INFO  main            d.u.i.k.p.i.AbstractProblemLoader Loading environment from /home/runner/work/key/key/key.core/../key.ui/examples/heap/model_methods/Recell_Recell_footprint.key.proof 
169232     DEBUG main            d.u.i.k.p.i.AbstractProblemLoader Environment load took 1ms 
169233     INFO  main            d.u.i.k.p.i.AbstractProblemLoader Creating init config 
171822     DEBUG main            d.u.i.k.p.i.AbstractProblemLoader Init config took 2.59s 
171863     INFO  main            d.u.i.k.p.i.AbstractProblemLoader Replaying proof Recell[Recell::footprint()].JML model_behavior operation contract.0 
171867     DEBUG main            d.u.i.k.p.i.IntermediateProofReplayer Proof replay took 1.52ms 
171868     DEBUG main            d.u.i.k.p.r.p.TestFile    ... success: reloaded. 
171869     INFO  main            d.u.i.k.p.r.p.TestFile    Now processing file /home/runner/work/key/key/key.core/../key.ui/examples/heap/model_methods/Recell_Recell_post_set.key 
171869     INFO  main            d.u.i.k.p.i.AbstractProblemLoader Loading environment from /home/runner/work/key/key/key.core/../key.ui/examples/heap/model_methods/Recell_Recell_post_set.key 
171870     DEBUG main            d.u.i.k.p.i.AbstractProblemLoader Environment load took 295.8ns 
171871     INFO  main            d.u.i.k.p.i.AbstractProblemLoader Creating init config 
174485     DEBUG main            d.u.i.k.p.i.AbstractProblemLoader Init config took 2.61s 
174525     INFO  main            d.u.i.k.p.i.AbstractProblemLoader Replaying proof Recell[Recell::post_set(int)].JML model_behavior operation contract.0 
174526     DEBUG main            d.u.i.k.p.i.IntermediateProofReplayer Proof replay took 7.5ns 
174630     INFO  main            d.u.i.k.p.r.p.TestFile    ... finished proof: closed. 
174960     INFO  main            d.u.i.k.p.i.AbstractProblemLoader Loading environment from /home/runner/work/key/key/key.core/../key.ui/examples/heap/model_methods/Recell_Recell_post_set.key.proof 
174960     DEBUG main            d.u.i.k.p.i.AbstractProblemLoader Environment load took 102.2ns 
174961     INFO  main            d.u.i.k.p.i.AbstractProblemLoader Creating init config 
177428     DEBUG main            d.u.i.k.p.i.AbstractProblemLoader Init config took 2.47s 
177465     INFO  main            d.u.i.k.p.i.AbstractProblemLoader Replaying proof Recell[Recell::post_set(int)].JML model_behavior operation contract.0 
177469     DEBUG main            d.u.i.k.p.i.IntermediateProofReplayer Proof replay took 2.34ms 
177470     DEBUG main            d.u.i.k.p.r.p.TestFile    ... success: reloaded. 
177471     INFO  main            d.u.i.k.p.r.p.TestFile    Now processing file /home/runner/work/key/key/key.core/../key.ui/examples/heap/model_methods/Recell_set.key 
177471     INFO  main            d.u.i.k.p.i.AbstractProblemLoader Loading environment from /home/runner/work/key/key/key.core/../key.ui/examples/heap/model_methods/Recell_set.key 
177472     DEBUG main            d.u.i.k.p.i.AbstractProblemLoader Environment load took 107.4ns 
177472     INFO  main            d.u.i.k.p.i.AbstractProblemLoader Creating init config 
180065     DEBUG main            d.u.i.k.p.i.AbstractProblemLoader Init config took 2.59s 
180108     INFO  main            d.u.i.k.p.i.AbstractProblemLoader Replaying proof Recell[Cell::set(int)].JML operation contract.0 
180111     DEBUG main            d.u.i.k.p.i.IntermediateProofReplayer Proof replay took 7.5ns 
186847     INFO  main            d.u.i.k.p.r.p.TestFile    ... finished proof: closed. 
187213     INFO  main            d.u.i.k.p.i.AbstractProblemLoader Loading environment from /home/runner/work/key/key/key.core/../key.ui/examples/heap/model_methods/Recell_set.key.proof 
187214     DEBUG main            d.u.i.k.p.i.AbstractProblemLoader Environment load took 347.3ns 
187215     INFO  main            d.u.i.k.p.i.AbstractProblemLoader Creating init config 
189724     DEBUG main            d.u.i.k.p.i.AbstractProblemLoader Init config took 2.51s 
189764     INFO  main            d.u.i.k.p.i.AbstractProblemLoader Replaying proof Recell[Cell::set(int)].JML operation contract.0 
190238     DEBUG main            d.u.i.k.p.i.IntermediateProofReplayer Proof replay took 455.74ms 
190239     DEBUG main            d.u.i.k.p.r.p.TestFile    ... success: reloaded. 
190240     INFO  main            d.u.i.k.p.r.p.TestFile    Now processing file /home/runner/work/key/key/key.core/../key.ui/examples/heap/model_methods/Recell_undo.key 
190241     INFO  main            d.u.i.k.p.i.AbstractProblemLoader Loading environment from /home/runner/work/key/key/key.core/../key.ui/examples/heap/model_methods/Recell_undo.key 
190241     DEBUG main            d.u.i.k.p.i.AbstractProblemLoader Environment load took 198.2ns 
190242     INFO  main            d.u.i.k.p.i.AbstractProblemLoader Creating init config 
192924     DEBUG main            d.u.i.k.p.i.AbstractProblemLoader Init config took 2.68s 
192966     INFO  main            d.u.i.k.p.i.AbstractProblemLoader Replaying proof Recell[Recell::undo()].JML operation contract.0 
192968     DEBUG main            d.u.i.k.p.i.IntermediateProofReplayer Proof replay took 7.1ns 
193171     INFO  main            d.u.i.k.p.r.p.TestFile    ... finished proof: closed. 
193514     INFO  main            d.u.i.k.p.i.AbstractProblemLoader Loading environment from /home/runner/work/key/key/key.core/../key.ui/examples/heap/model_methods/Recell_undo.key.proof 
193514     DEBUG main            d.u.i.k.p.i.AbstractProblemLoader Environment load took 95.4ns 
193515     INFO  main            d.u.i.k.p.i.AbstractProblemLoader Creating init config 
196116     DEBUG main            d.u.i.k.p.i.AbstractProblemLoader Init config took 2.6s 
196163     INFO  main            d.u.i.k.p.i.AbstractProblemLoader Replaying proof Recell[Recell::undo()].JML operation contract.0 
196213     DEBUG main            d.u.i.k.p.i.IntermediateProofReplayer Proof replay took 46.7ms 
196214     DEBUG main            d.u.i.k.p.r.p.TestFile    ... success: reloaded. 
4680422    INFO  Test worker     d.u.i.k.p.r.RunAllProofsTestUnit Returning from test modelMethods 
4680423    INFO  Test worker     d.u.i.k.p.r.RunAllProofsTestUnit Running test permissionHeap 
453        INFO  Timeout watchdog d.u.i.k.p.r.p.ForkedTestFileRunner Timeout watcher launched (2000 secs.) 
487        WARN  main            d.u.i.k.s.ProofSettings   The settings in /home/runner/.key/proof-settings.props are *not* read. 
541        INFO  main            d.u.i.k.p.r.p.TestFile    Now processing file /home/runner/work/key/key/key.core/../key.ui/examples/heap/permissions/permissions_method0.key 
701        INFO  main            d.u.i.k.p.i.AbstractProblemLoader Loading environment from /home/runner/work/key/key/key.core/../key.ui/examples/heap/permissions/permissions_method0.key 
720        DEBUG main            d.u.i.k.p.i.AbstractProblemLoader Environment load took 2.42ms 
997        INFO  main            d.u.i.k.p.i.AbstractProblemLoader Creating init config 
2008       DEBUG main            d.u.i.k.j.TypeConverter   No LDT found for Meta 
2009       DEBUG main            d.u.i.k.j.TypeConverter   No LDT found for Meta 
2011       DEBUG main            d.u.i.k.j.TypeConverter   No LDT found for Meta 
2011       DEBUG main            d.u.i.k.j.TypeConverter   No LDT found for Meta 
3419       DEBUG main            d.u.i.k.j.TypeConverter   No LDT found for JavaBigintExpression 
8991       DEBUG main            d.u.i.k.p.i.AbstractProblemLoader Init config took 7.99s 
9198       INFO  main            d.u.i.k.p.i.AbstractProblemLoader Replaying proof MyClass[MyClass::method0()].JML normal_behavior operation contract.0 
9243       DEBUG main            d.u.i.k.p.i.IntermediateProofReplayer Proof replay took 32.8ns 
10421      INFO  main            d.u.i.k.p.r.p.TestFile    ... finished proof: closed. 
10586      INFO  main            d.u.i.k.p.i.AbstractProblemLoader Loading environment from /home/runner/work/key/key/key.core/../key.ui/examples/heap/permissions/permissions_method0.key.proof 
10589      DEBUG main            d.u.i.k.p.i.AbstractProblemLoader Environment load took 2.5ms 
10591      INFO  main            d.u.i.k.p.i.AbstractProblemLoader Creating init config 
13906      DEBUG main            d.u.i.k.p.i.AbstractProblemLoader Init config took 3.31s 
14025      INFO  main            d.u.i.k.p.i.AbstractProblemLoader Replaying proof MyClass[MyClass::method0()].JML normal_behavior operation contract.0 
14182      DEBUG main            d.u.i.k.p.i.IntermediateProofReplayer Proof replay took 143.95ms 
14190      DEBUG main            d.u.i.k.p.r.p.TestFile    ... success: reloaded. 
14192      INFO  main            d.u.i.k.p.r.p.TestFile    Now processing file /home/runner/work/key/key/key.core/../key.ui/examples/heap/permissions/permissions_method1.key 
14193      INFO  main            d.u.i.k.p.i.AbstractProblemLoader Loading environment from /home/runner/work/key/key/key.core/../key.ui/examples/heap/permissions/permissions_method1.key 
14193      DEBUG main            d.u.i.k.p.i.AbstractProblemLoader Environment load took 143.9ns 
14196      INFO  main            d.u.i.k.p.i.AbstractProblemLoader Creating init config 
17461      DEBUG main            d.u.i.k.p.i.AbstractProblemLoader Init config took 3.27s 
17538      INFO  main            d.u.i.k.p.i.AbstractProblemLoader Replaying proof MyClass[MyClass::method1()].JML normal_behavior operation contract.0 
17543      DEBUG main            d.u.i.k.p.i.IntermediateProofReplayer Proof replay took 7.1ns 
17951      INFO  main            d.u.i.k.p.r.p.TestFile    ... finished proof: closed. 
18120      INFO  main            d.u.i.k.p.i.AbstractProblemLoader Loading environment from /home/runner/work/key/key/key.core/../key.ui/examples/heap/permissions/permissions_method1.key.proof 
18121      DEBUG main            d.u.i.k.p.i.AbstractProblemLoader Environment load took 434.4ns 
18122      INFO  main            d.u.i.k.p.i.AbstractProblemLoader Creating init config 
21228      DEBUG main            d.u.i.k.p.i.AbstractProblemLoader Init config took 3.11s 
21301      INFO  main            d.u.i.k.p.i.AbstractProblemLoader Replaying proof MyClass[MyClass::method1()].JML normal_behavior operation contract.0 
21370      DEBUG main            d.u.i.k.p.i.IntermediateProofReplayer Proof replay took 65.91ms 
21371      DEBUG main            d.u.i.k.p.r.p.TestFile    ... success: reloaded. 
21373      INFO  main            d.u.i.k.p.r.p.TestFile    Now processing file /home/runner/work/key/key/key.core/../key.ui/examples/heap/permissions/permissions_method3.key 
21374      INFO  main            d.u.i.k.p.i.AbstractProblemLoader Loading environment from /home/runner/work/key/key/key.core/../key.ui/examples/heap/permissions/permissions_method3.key 
21374      DEBUG main            d.u.i.k.p.i.AbstractProblemLoader Environment load took 151ns 
21376      INFO  main            d.u.i.k.p.i.AbstractProblemLoader Creating init config 
24256      DEBUG main            d.u.i.k.p.i.AbstractProblemLoader Init config took 2.88s 
24307      INFO  main            d.u.i.k.p.i.AbstractProblemLoader Replaying proof MyClass[MyClass::method3()].JML normal_behavior operation contract.0 
24309      DEBUG main            d.u.i.k.p.i.IntermediateProofReplayer Proof replay took 6.4ns 
26017      INFO  main            d.u.i.k.p.r.p.TestFile    ... finished proof: closed. 
26199      INFO  main            d.u.i.k.p.i.AbstractProblemLoader Loading environment from /home/runner/work/key/key/key.core/../key.ui/examples/heap/permissions/permissions_method3.key.proof 
26199      DEBUG main            d.u.i.k.p.i.AbstractProblemLoader Environment load took 156.4ns 
26200      INFO  main            d.u.i.k.p.i.AbstractProblemLoader Creating init config 
29038      DEBUG main            d.u.i.k.p.i.AbstractProblemLoader Init config took 2.84s 
29096      INFO  main            d.u.i.k.p.i.AbstractProblemLoader Replaying proof MyClass[MyClass::method3()].JML normal_behavior operation contract.0 
29336      DEBUG main            d.u.i.k.p.i.IntermediateProofReplayer Proof replay took 227.31ms 
29337      DEBUG main            d.u.i.k.p.r.p.TestFile    ... success: reloaded. 
29339      INFO  main            d.u.i.k.p.r.p.TestFile    Now processing file /home/runner/work/key/key/key.core/../key.ui/examples/heap/permissions/permissions_setAB.key 
29340      INFO  main            d.u.i.k.p.i.AbstractProblemLoader Loading environment from /home/runner/work/key/key/key.core/../key.ui/examples/heap/permissions/permissions_setAB.key 
29340      DEBUG main            d.u.i.k.p.i.AbstractProblemLoader Environment load took 196.9ns 
29341      INFO  main            d.u.i.k.p.i.AbstractProblemLoader Creating init config 
32263      DEBUG main            d.u.i.k.p.i.AbstractProblemLoader Init config took 2.92s 
32314      INFO  main            d.u.i.k.p.i.AbstractProblemLoader Replaying proof MyClass[MyClass::setAB()].JML normal_behavior operation contract.0 
32317      DEBUG main            d.u.i.k.p.i.IntermediateProofReplayer Proof replay took 5.6ns 
33730      INFO  main            d.u.i.k.p.r.p.TestFile    ... finished proof: closed. 
33995      INFO  main            d.u.i.k.p.i.AbstractProblemLoader Loading environment from /home/runner/work/key/key/key.core/../key.ui/examples/heap/permissions/permissions_setAB.key.proof 
33996      DEBUG main            d.u.i.k.p.i.AbstractProblemLoader Environment load took 446.6ns 
33998      INFO  main            d.u.i.k.p.i.AbstractProblemLoader Creating init config 
36813      DEBUG main            d.u.i.k.p.i.AbstractProblemLoader Init config took 2.81s 
36868      INFO  main            d.u.i.k.p.i.AbstractProblemLoader Replaying proof MyClass[MyClass::setAB()].JML normal_behavior operation contract.0 
37082      DEBUG main            d.u.i.k.p.i.IntermediateProofReplayer Proof replay took 203.84ms 
37083      DEBUG main            d.u.i.k.p.r.p.TestFile    ... success: reloaded. 
37084      INFO  main            d.u.i.k.p.r.p.TestFile    Now processing file /home/runner/work/key/key/key.core/../key.ui/examples/heap/permissions/permissionProperties.key 
37085      INFO  main            d.u.i.k.p.i.AbstractProblemLoader Loading environment from /home/runner/work/key/key/key.core/../key.ui/examples/heap/permissions/permissionProperties.key 
37085      DEBUG main            d.u.i.k.p.i.AbstractProblemLoader Environment load took 220.3ns 
37086      INFO  main            d.u.i.k.p.i.AbstractProblemLoader Creating init config 
37241      DEBUG main            d.u.i.k.j.TypeConverter   No LDT found for Meta 
37241      DEBUG main            d.u.i.k.j.TypeConverter   No LDT found for Meta 
37242      DEBUG main            d.u.i.k.j.TypeConverter   No LDT found for Meta 
37242      DEBUG main            d.u.i.k.j.TypeConverter   No LDT found for Meta 
38057      DEBUG main            d.u.i.k.j.TypeConverter   No LDT found for JavaBigintExpression 
41095      DEBUG main            d.u.i.k.p.i.AbstractProblemLoader Init config took 4.01s 
41119      INFO  main            d.u.i.k.p.i.AbstractProblemLoader Replaying proof permissionProperties.key 
41122      DEBUG main            d.u.i.k.p.i.IntermediateProofReplayer Proof replay took 6.3ns 
41225      INFO  main            d.u.i.k.p.r.p.TestFile    ... finished proof: closed. 
41398      INFO  main            d.u.i.k.p.i.AbstractProblemLoader Loading environment from /home/runner/work/key/key/key.core/../key.ui/examples/heap/permissions/permissionProperties.key.proof 
41399      DEBUG main            d.u.i.k.p.i.AbstractProblemLoader Environment load took 373.5ns 
41401      INFO  main            d.u.i.k.p.i.AbstractProblemLoader Creating init config 
44123      DEBUG main            d.u.i.k.p.i.AbstractProblemLoader Init config took 2.72s 
44145      INFO  main            d.u.i.k.p.i.AbstractProblemLoader Replaying proof permissionProperties.key.proof 
44164      DEBUG main            d.u.i.k.p.i.IntermediateProofReplayer Proof replay took 16.73ms 
44165      DEBUG main            d.u.i.k.p.r.p.TestFile    ... success: reloaded. 
44167      INFO  main            d.u.i.k.p.r.p.TestFile    Now processing file /home/runner/work/key/key/key.core/../key.ui/examples/heap/permissions/threads/AFilter_AFilter.key 
44167      INFO  main            d.u.i.k.p.i.AbstractProblemLoader Loading environment from /home/runner/work/key/key/key.core/../key.ui/examples/heap/permissions/threads/AFilter_AFilter.key 
44168      DEBUG main            d.u.i.k.p.i.AbstractProblemLoader Environment load took 251.2ns 
44169      INFO  main            d.u.i.k.p.i.AbstractProblemLoader Creating init config 
44324      DEBUG main            d.u.i.k.j.TypeConverter   No LDT found for Meta 
44325      DEBUG main            d.u.i.k.j.TypeConverter   No LDT found for Meta 
44326      DEBUG main            d.u.i.k.j.TypeConverter   No LDT found for Meta 
44326      DEBUG main            d.u.i.k.j.TypeConverter   No LDT found for Meta 
45069      DEBUG main            d.u.i.k.j.TypeConverter   No LDT found for JavaBigintExpression 
50931      DEBUG main            d.u.i.k.p.i.AbstractProblemLoader Init config took 6.76s 
51047      INFO  main            d.u.i.k.p.i.AbstractProblemLoader Replaying proof AFilter[AFilter::AFilter(Sampler,Buffer)].JML normal_behavior operation contract.0 
51050      DEBUG main            d.u.i.k.p.i.IntermediateProofReplayer Proof replay took 7.4ns 
52277      INFO  main            d.u.i.k.p.r.p.TestFile    ... finished proof: closed. 
52536      INFO  main            d.u.i.k.p.i.AbstractProblemLoader Loading environment from /home/runner/work/key/key/key.core/../key.ui/examples/heap/permissions/threads/AFilter_AFilter.key.proof 
52540      DEBUG main            d.u.i.k.p.i.AbstractProblemLoader Environment load took 4.57ms 
52542      INFO  main            d.u.i.k.p.i.AbstractProblemLoader Creating init config 
57797      DEBUG main            d.u.i.k.p.i.AbstractProblemLoader Init config took 5.26s 
57914      INFO  main            d.u.i.k.p.i.AbstractProblemLoader Replaying proof AFilter[AFilter::AFilter(Sampler,Buffer)].JML normal_behavior operation contract.0 
58072      DEBUG main            d.u.i.k.p.i.IntermediateProofReplayer Proof replay took 152.61ms 
58073      DEBUG main            d.u.i.k.p.r.p.TestFile    ... success: reloaded. 
58075      INFO  main            d.u.i.k.p.r.p.TestFile    Now processing file /home/runner/work/key/key/key.core/../key.ui/examples/heap/permissions/threads/AFilter_initPost_accessible.key 
58076      INFO  main            d.u.i.k.p.i.AbstractProblemLoader Loading environment from /home/runner/work/key/key/key.core/../key.ui/examples/heap/permissions/threads/AFilter_initPost_accessible.key 
58076      DEBUG main            d.u.i.k.p.i.AbstractProblemLoader Environment load took 268.5ns 
58077      INFO  main            d.u.i.k.p.i.AbstractProblemLoader Creating init config 
63237      DEBUG main            d.u.i.k.p.i.AbstractProblemLoader Init config took 5.16s 
63343      INFO  main            d.u.i.k.p.i.AbstractProblemLoader Replaying proof AFilter[ThreadSpec2::initPost()].JML accessible clause.0 
63345      DEBUG main            d.u.i.k.p.i.IntermediateProofReplayer Proof replay took 7.7ns 
63447      INFO  main            d.u.i.k.p.r.p.TestFile    ... finished proof: closed. 
63692      INFO  main            d.u.i.k.p.i.AbstractProblemLoader Loading environment from /home/runner/work/key/key/key.core/../key.ui/examples/heap/permissions/threads/AFilter_initPost_accessible.key.proof 
63692      DEBUG main            d.u.i.k.p.i.AbstractProblemLoader Environment load took 122.5ns 
63693      INFO  main            d.u.i.k.p.i.AbstractProblemLoader Creating init config 
68708      DEBUG main            d.u.i.k.p.i.AbstractProblemLoader Init config took 5.01s 
68810      INFO  main            d.u.i.k.p.i.AbstractProblemLoader Replaying proof AFilter[ThreadSpec2::initPost()].JML accessible clause.0 
68824      DEBUG main            d.u.i.k.p.i.IntermediateProofReplayer Proof replay took 11.22ms 
68825      DEBUG main            d.u.i.k.p.r.p.TestFile    ... success: reloaded. 
68826      INFO  main            d.u.i.k.p.r.p.TestFile    Now processing file /home/runner/work/key/key/key.core/../key.ui/examples/heap/permissions/threads/AFilter_inv_accessible1.key 
68827      INFO  main            d.u.i.k.p.i.AbstractProblemLoader Loading environment from /home/runner/work/key/key/key.core/../key.ui/examples/heap/permissions/threads/AFilter_inv_accessible1.key 
68827      DEBUG main            d.u.i.k.p.i.AbstractProblemLoader Environment load took 126.2ns 
68828      INFO  main            d.u.i.k.p.i.AbstractProblemLoader Creating init config 
74045      DEBUG main            d.u.i.k.p.i.AbstractProblemLoader Init config took 5.22s 
74152      INFO  main            d.u.i.k.p.i.AbstractProblemLoader Replaying proof AFilter[java.lang.Object::<inv>()].JML accessible clause.0 
74154      DEBUG main            d.u.i.k.p.i.IntermediateProofReplayer Proof replay took 8.3ns 
74256      INFO  main            d.u.i.k.p.r.p.TestFile    ... finished proof: closed. 
74508      INFO  main            d.u.i.k.p.i.AbstractProblemLoader Loading environment from /home/runner/work/key/key/key.core/../key.ui/examples/heap/permissions/threads/AFilter_inv_accessible1.key.proof 
74508      DEBUG main            d.u.i.k.p.i.AbstractProblemLoader Environment load took 144.4ns 
74510      INFO  main            d.u.i.k.p.i.AbstractProblemLoader Creating init config 
79683      DEBUG main            d.u.i.k.p.i.AbstractProblemLoader Init config took 5.17s 
79789      INFO  main            d.u.i.k.p.i.AbstractProblemLoader Replaying proof AFilter[java.lang.Object::<inv>()].JML accessible clause.0 
79794      DEBUG main            d.u.i.k.p.i.IntermediateProofReplayer Proof replay took 2.47ms 
79795      DEBUG main            d.u.i.k.p.r.p.TestFile    ... success: reloaded. 
79796      INFO  main            d.u.i.k.p.r.p.TestFile    Now processing file /home/runner/work/key/key/key.core/../key.ui/examples/heap/permissions/threads/AFilter_inv_accessible2.key 
79797      INFO  main            d.u.i.k.p.i.AbstractProblemLoader Loading environment from /home/runner/work/key/key/key.core/../key.ui/examples/heap/permissions/threads/AFilter_inv_accessible2.key 
79797      DEBUG main            d.u.i.k.p.i.AbstractProblemLoader Environment load took 192.6ns 
79798      INFO  main            d.u.i.k.p.i.AbstractProblemLoader Creating init config 
84944      DEBUG main            d.u.i.k.p.i.AbstractProblemLoader Init config took 5.15s 
85060      INFO  main            d.u.i.k.p.i.AbstractProblemLoader Replaying proof AFilter[java.lang.Object::<inv>()].JML accessible clause.1 
85063      DEBUG main            d.u.i.k.p.i.IntermediateProofReplayer Proof replay took 8.7ns 
85164      INFO  main            d.u.i.k.p.r.p.TestFile    ... finished proof: closed. 
85420      INFO  main            d.u.i.k.p.i.AbstractProblemLoader Loading environment from /home/runner/work/key/key/key.core/../key.ui/examples/heap/permissions/threads/AFilter_inv_accessible2.key.proof 
85420      DEBUG main            d.u.i.k.p.i.AbstractProblemLoader Environment load took 138.8ns 
85421      INFO  main            d.u.i.k.p.i.AbstractProblemLoader Creating init config 
90718      DEBUG main            d.u.i.k.p.i.AbstractProblemLoader Init config took 5.3s 
90818      INFO  main            d.u.i.k.p.i.AbstractProblemLoader Replaying proof AFilter[java.lang.Object::<inv>()].JML accessible clause.1 
90822      DEBUG main            d.u.i.k.p.i.IntermediateProofReplayer Proof replay took 2.25ms 
90823      DEBUG main            d.u.i.k.p.r.p.TestFile    ... success: reloaded. 
90825      INFO  main            d.u.i.k.p.r.p.TestFile    Now processing file /home/runner/work/key/key/key.core/../key.ui/examples/heap/permissions/threads/AFilter_joinTransfer_accessible.key 
90825      INFO  main            d.u.i.k.p.i.AbstractProblemLoader Loading environment from /home/runner/work/key/key/key.core/../key.ui/examples/heap/permissions/threads/AFilter_joinTransfer_accessible.key 
90825      DEBUG main            d.u.i.k.p.i.AbstractProblemLoader Environment load took 148.6ns 
90826      INFO  main            d.u.i.k.p.i.AbstractProblemLoader Creating init config 
96040      DEBUG main            d.u.i.k.p.i.AbstractProblemLoader Init config took 5.21s 
96145      INFO  main            d.u.i.k.p.i.AbstractProblemLoader Replaying proof AFilter[ThreadSpec2::joinTransfer()].JML accessible clause.0 
96148      DEBUG main            d.u.i.k.p.i.IntermediateProofReplayer Proof replay took 8.9ns 
99971      INFO  main            d.u.i.k.p.r.p.TestFile    ... finished proof: closed. 
100277     INFO  main            d.u.i.k.p.i.AbstractProblemLoader Loading environment from /home/runner/work/key/key/key.core/../key.ui/examples/heap/permissions/threads/AFilter_joinTransfer_accessible.key.proof 
100277     DEBUG main            d.u.i.k.p.i.AbstractProblemLoader Environment load took 509.7ns 
100279     INFO  main            d.u.i.k.p.i.AbstractProblemLoader Creating init config 
105559     DEBUG main            d.u.i.k.p.i.AbstractProblemLoader Init config took 5.28s 
105660     INFO  main            d.u.i.k.p.i.AbstractProblemLoader Replaying proof AFilter[ThreadSpec2::joinTransfer()].JML accessible clause.0 
105950     DEBUG main            d.u.i.k.p.i.IntermediateProofReplayer Proof replay took 279.06ms 
105951     DEBUG main            d.u.i.k.p.r.p.TestFile    ... success: reloaded. 
105953     INFO  main            d.u.i.k.p.r.p.TestFile    Now processing file /home/runner/work/key/key/key.core/../key.ui/examples/heap/permissions/threads/AFilter_joinTransfer_contract.key 
105953     INFO  main            d.u.i.k.p.i.AbstractProblemLoader Loading environment from /home/runner/work/key/key/key.core/../key.ui/examples/heap/permissions/threads/AFilter_joinTransfer_contract.key 
105954     DEBUG main            d.u.i.k.p.i.AbstractProblemLoader Environment load took 200.3ns 
105955     INFO  main            d.u.i.k.p.i.AbstractProblemLoader Creating init config 
111356     DEBUG main            d.u.i.k.p.i.AbstractProblemLoader Init config took 5.4s 
111470     INFO  main            d.u.i.k.p.i.AbstractProblemLoader Replaying proof AFilter[ThreadSpec2::joinTransfer()].JML model_behavior operation contract.0 
111472     DEBUG main            d.u.i.k.p.i.IntermediateProofReplayer Proof replay took 9.5ns 
111578     INFO  main            d.u.i.k.p.r.p.TestFile    ... finished proof: closed. 
111863     INFO  main            d.u.i.k.p.i.AbstractProblemLoader Loading environment from /home/runner/work/key/key/key.core/../key.ui/examples/heap/permissions/threads/AFilter_joinTransfer_contract.key.proof 
111865     DEBUG main            d.u.i.k.p.i.AbstractProblemLoader Environment load took 1.05ms 
111866     INFO  main            d.u.i.k.p.i.AbstractProblemLoader Creating init config 
117215     DEBUG main            d.u.i.k.p.i.AbstractProblemLoader Init config took 5.35s 
117325     INFO  main            d.u.i.k.p.i.AbstractProblemLoader Replaying proof AFilter[ThreadSpec2::joinTransfer()].JML model_behavior operation contract.0 
117336     DEBUG main            d.u.i.k.p.i.IntermediateProofReplayer Proof replay took 8.52ms 
117337     DEBUG main            d.u.i.k.p.r.p.TestFile    ... success: reloaded. 
117339     INFO  main            d.u.i.k.p.r.p.TestFile    Now processing file /home/runner/work/key/key/key.core/../key.ui/examples/heap/permissions/threads/AFilter_postJoin_accessible.key 
117339     INFO  main            d.u.i.k.p.i.AbstractProblemLoader Loading environment from /home/runner/work/key/key/key.core/../key.ui/examples/heap/permissions/threads/AFilter_postJoin_accessible.key 
117339     DEBUG main            d.u.i.k.p.i.AbstractProblemLoader Environment load took 139ns 
117340     INFO  main            d.u.i.k.p.i.AbstractProblemLoader Creating init config 
122548     DEBUG main            d.u.i.k.p.i.AbstractProblemLoader Init config took 5.21s 
122643     INFO  main            d.u.i.k.p.i.AbstractProblemLoader Replaying proof AFilter[ThreadSpec2::postJoin(java.lang.Object)].JML accessible clause.0 
122649     DEBUG main            d.u.i.k.p.i.IntermediateProofReplayer Proof replay took 25.4ns 
122751     INFO  main            d.u.i.k.p.r.p.TestFile    ... finished proof: closed. 
123037     INFO  main            d.u.i.k.p.i.AbstractProblemLoader Loading environment from /home/runner/work/key/key/key.core/../key.ui/examples/heap/permissions/threads/AFilter_postJoin_accessible.key.proof 
123037     DEBUG main            d.u.i.k.p.i.AbstractProblemLoader Environment load took 151ns 
123038     INFO  main            d.u.i.k.p.i.AbstractProblemLoader Creating init config 
128124     DEBUG main            d.u.i.k.p.i.AbstractProblemLoader Init config took 5.09s 
128229     INFO  main            d.u.i.k.p.i.AbstractProblemLoader Replaying proof AFilter[ThreadSpec2::postJoin(java.lang.Object)].JML accessible clause.0 
128238     DEBUG main            d.u.i.k.p.i.IntermediateProofReplayer Proof replay took 6.42ms 
128243     DEBUG main            d.u.i.k.p.r.p.TestFile    ... success: reloaded. 
128244     INFO  main            d.u.i.k.p.r.p.TestFile    Now processing file /home/runner/work/key/key/key.core/../key.ui/examples/heap/permissions/threads/AFilter_preStart_accessible.key 
128245     INFO  main            d.u.i.k.p.i.AbstractProblemLoader Loading environment from /home/runner/work/key/key/key.core/../key.ui/examples/heap/permissions/threads/AFilter_preStart_accessible.key 
128245     DEBUG main            d.u.i.k.p.i.AbstractProblemLoader Environment load took 108.8ns 
128248     INFO  main            d.u.i.k.p.i.AbstractProblemLoader Creating init config 
133364     DEBUG main            d.u.i.k.p.i.AbstractProblemLoader Init config took 5.12s 
133458     INFO  main            d.u.i.k.p.i.AbstractProblemLoader Replaying proof AFilter[ThreadSpec2::preStart(java.lang.Object)].JML accessible clause.0 
133460     DEBUG main            d.u.i.k.p.i.IntermediateProofReplayer Proof replay took 18.5ns 
133783     INFO  main            d.u.i.k.p.r.p.TestFile    ... finished proof: closed. 
134158     INFO  main            d.u.i.k.p.i.AbstractProblemLoader Loading environment from /home/runner/work/key/key/key.core/../key.ui/examples/heap/permissions/threads/AFilter_preStart_accessible.key.proof 
134158     DEBUG main            d.u.i.k.p.i.AbstractProblemLoader Environment load took 176.9ns 
134159     INFO  main            d.u.i.k.p.i.AbstractProblemLoader Creating init config 
139093     DEBUG main            d.u.i.k.p.i.AbstractProblemLoader Init config took 4.93s 
139199     INFO  main            d.u.i.k.p.i.AbstractProblemLoader Replaying proof AFilter[ThreadSpec2::preStart(java.lang.Object)].JML accessible clause.0 
139233     DEBUG main            d.u.i.k.p.i.IntermediateProofReplayer Proof replay took 30.49ms 
139234     DEBUG main            d.u.i.k.p.r.p.TestFile    ... success: reloaded. 
139236     INFO  main            d.u.i.k.p.r.p.TestFile    Now processing file /home/runner/work/key/key/key.core/../key.ui/examples/heap/permissions/threads/AFilter_startTransfer_accessible.key 
139236     INFO  main            d.u.i.k.p.i.AbstractProblemLoader Loading environment from /home/runner/work/key/key/key.core/../key.ui/examples/heap/permissions/threads/AFilter_startTransfer_accessible.key 
139236     DEBUG main            d.u.i.k.p.i.AbstractProblemLoader Environment load took 243.4ns 
139237     INFO  main            d.u.i.k.p.i.AbstractProblemLoader Creating init config 
144147     DEBUG main            d.u.i.k.p.i.AbstractProblemLoader Init config took 4.91s 
144257     INFO  main            d.u.i.k.p.i.AbstractProblemLoader Replaying proof AFilter[ThreadSpec2::startTransfer()].JML accessible clause.0 
144259     DEBUG main            d.u.i.k.p.i.IntermediateProofReplayer Proof replay took 8.7ns 
150703     INFO  main            d.u.i.k.p.r.p.TestFile    ... finished proof: closed. 
151031     INFO  main            d.u.i.k.p.i.AbstractProblemLoader Loading environment from /home/runner/work/key/key/key.core/../key.ui/examples/heap/permissions/threads/AFilter_startTransfer_accessible.key.proof 
151032     DEBUG main            d.u.i.k.p.i.AbstractProblemLoader Environment load took 225.3ns 
151033     INFO  main            d.u.i.k.p.i.AbstractProblemLoader Creating init config 
156042     DEBUG main            d.u.i.k.p.i.AbstractProblemLoader Init config took 5.01s 
156141     INFO  main            d.u.i.k.p.i.AbstractProblemLoader Replaying proof AFilter[ThreadSpec2::startTransfer()].JML accessible clause.0 
156524     DEBUG main            d.u.i.k.p.i.IntermediateProofReplayer Proof replay took 367.29ms 
156526     DEBUG main            d.u.i.k.p.r.p.TestFile    ... success: reloaded. 
156527     INFO  main            d.u.i.k.p.r.p.TestFile    Now processing file /home/runner/work/key/key/key.core/../key.ui/examples/heap/permissions/threads/AFilter_startTransfer_contract.key 
156527     INFO  main            d.u.i.k.p.i.AbstractProblemLoader Loading environment from /home/runner/work/key/key/key.core/../key.ui/examples/heap/permissions/threads/AFilter_startTransfer_contract.key 
156528     DEBUG main            d.u.i.k.p.i.AbstractProblemLoader Environment load took 251ns 
156529     INFO  main            d.u.i.k.p.i.AbstractProblemLoader Creating init config 
161478     DEBUG main            d.u.i.k.p.i.AbstractProblemLoader Init config took 4.95s 
161588     INFO  main            d.u.i.k.p.i.AbstractProblemLoader Replaying proof AFilter[ThreadSpec2::startTransfer()].JML model_behavior operation contract.0 
161589     DEBUG main            d.u.i.k.p.i.IntermediateProofReplayer Proof replay took 7ns 
161996     INFO  main            d.u.i.k.p.r.p.TestFile    ... finished proof: closed. 
162329     INFO  main            d.u.i.k.p.i.AbstractProblemLoader Loading environment from /home/runner/work/key/key/key.core/../key.ui/examples/heap/permissions/threads/AFilter_startTransfer_contract.key.proof 
162329     DEBUG main            d.u.i.k.p.i.AbstractProblemLoader Environment load took 122.3ns 
162332     INFO  main            d.u.i.k.p.i.AbstractProblemLoader Creating init config 
167285     DEBUG main            d.u.i.k.p.i.AbstractProblemLoader Init config took 4.95s 
167390     INFO  main            d.u.i.k.p.i.AbstractProblemLoader Replaying proof AFilter[ThreadSpec2::startTransfer()].JML model_behavior operation contract.0 
167446     DEBUG main            d.u.i.k.p.i.IntermediateProofReplayer Proof replay took 51.1ms 
167448     DEBUG main            d.u.i.k.p.r.p.TestFile    ... success: reloaded. 
167449     INFO  main            d.u.i.k.p.r.p.TestFile    Now processing file /home/runner/work/key/key/key.core/../key.ui/examples/heap/permissions/threads/AFilter_stateInv_accessible.key 
167449     INFO  main            d.u.i.k.p.i.AbstractProblemLoader Loading environment from /home/runner/work/key/key/key.core/../key.ui/examples/heap/permissions/threads/AFilter_stateInv_accessible.key 
167449     DEBUG main            d.u.i.k.p.i.AbstractProblemLoader Environment load took 141.5ns 
167450     INFO  main            d.u.i.k.p.i.AbstractProblemLoader Creating init config 
172457     DEBUG main            d.u.i.k.p.i.AbstractProblemLoader Init config took 5.01s 
172559     INFO  main            d.u.i.k.p.i.AbstractProblemLoader Replaying proof AFilter[ThreadSpec2::stateInv()].JML accessible clause.0 
172561     DEBUG main            d.u.i.k.p.i.IntermediateProofReplayer Proof replay took 7.5ns 
172865     INFO  main            d.u.i.k.p.r.p.TestFile    ... finished proof: closed. 
173174     INFO  main            d.u.i.k.p.i.AbstractProblemLoader Loading environment from /home/runner/work/key/key/key.core/../key.ui/examples/heap/permissions/threads/AFilter_stateInv_accessible.key.proof 
173174     DEBUG main            d.u.i.k.p.i.AbstractProblemLoader Environment load took 159.6ns 
173176     INFO  main            d.u.i.k.p.i.AbstractProblemLoader Creating init config 
178432     DEBUG main            d.u.i.k.p.i.AbstractProblemLoader Init config took 5.26s 
178524     INFO  main            d.u.i.k.p.i.AbstractProblemLoader Replaying proof AFilter[ThreadSpec2::stateInv()].JML accessible clause.0 
178571     DEBUG main            d.u.i.k.p.i.IntermediateProofReplayer Proof replay took 38.48ms 
178577     DEBUG main            d.u.i.k.p.r.p.TestFile    ... success: reloaded. 
178580     INFO  main            d.u.i.k.p.r.p.TestFile    Now processing file /home/runner/work/key/key/key.core/../key.ui/examples/heap/permissions/threads/AFilter_staticPermissions_accessible.key 
178581     INFO  main            d.u.i.k.p.i.AbstractProblemLoader Loading environment from /home/runner/work/key/key/key.core/../key.ui/examples/heap/permissions/threads/AFilter_staticPermissions_accessible.key 
178581     DEBUG main            d.u.i.k.p.i.AbstractProblemLoader Environment load took 102.1ns 
178582     INFO  main            d.u.i.k.p.i.AbstractProblemLoader Creating init config 
183812     DEBUG main            d.u.i.k.p.i.AbstractProblemLoader Init config took 5.23s 
183901     INFO  main            d.u.i.k.p.i.AbstractProblemLoader Replaying proof AFilter[ThreadSpec2::staticPermissions()].JML accessible clause.0 
183903     DEBUG main            d.u.i.k.p.i.IntermediateProofReplayer Proof replay took 7.3ns 
184005     INFO  main            d.u.i.k.p.r.p.TestFile    ... finished proof: closed. 
184315     INFO  main            d.u.i.k.p.i.AbstractProblemLoader Loading environment from /home/runner/work/key/key/key.core/../key.ui/examples/heap/permissions/threads/AFilter_staticPermissions_accessible.key.proof 
184315     DEBUG main            d.u.i.k.p.i.AbstractProblemLoader Environment load took 128ns 
184316     INFO  main            d.u.i.k.p.i.AbstractProblemLoader Creating init config 
189367     DEBUG main            d.u.i.k.p.i.AbstractProblemLoader Init config took 5.05s 
189459     INFO  main            d.u.i.k.p.i.AbstractProblemLoader Replaying proof AFilter[ThreadSpec2::staticPermissions()].JML accessible clause.0 
189470     DEBUG main            d.u.i.k.p.i.IntermediateProofReplayer Proof replay took 8.89ms 
189471     DEBUG main            d.u.i.k.p.r.p.TestFile    ... success: reloaded. 
189472     INFO  main            d.u.i.k.p.r.p.TestFile    Now processing file /home/runner/work/key/key/key.core/../key.ui/examples/heap/permissions/threads/AFilter_workingPermissions_accessible.key 
189472     INFO  main            d.u.i.k.p.i.AbstractProblemLoader Loading environment from /home/runner/work/key/key/key.core/../key.ui/examples/heap/permissions/threads/AFilter_workingPermissions_accessible.key 
189473     DEBUG main            d.u.i.k.p.i.AbstractProblemLoader Environment load took 121.4ns 
189474     INFO  main            d.u.i.k.p.i.AbstractProblemLoader Creating init config 
194731     DEBUG main            d.u.i.k.p.i.AbstractProblemLoader Init config took 5.26s 
194829     INFO  main            d.u.i.k.p.i.AbstractProblemLoader Replaying proof AFilter[ThreadSpec2::workingPermissions()].JML accessible clause.0 
194831     DEBUG main            d.u.i.k.p.i.IntermediateProofReplayer Proof replay took 7.9ns 
194934     INFO  main            d.u.i.k.p.r.p.TestFile    ... finished proof: closed. 
195290     INFO  main            d.u.i.k.p.i.AbstractProblemLoader Loading environment from /home/runner/work/key/key/key.core/../key.ui/examples/heap/permissions/threads/AFilter_workingPermissions_accessible.key.proof 
195290     DEBUG main            d.u.i.k.p.i.AbstractProblemLoader Environment load took 169.4ns 
195291     INFO  main            d.u.i.k.p.i.AbstractProblemLoader Creating init config 
200305     DEBUG main            d.u.i.k.p.i.AbstractProblemLoader Init config took 5.01s 
200396     INFO  main            d.u.i.k.p.i.AbstractProblemLoader Replaying proof AFilter[ThreadSpec2::workingPermissions()].JML accessible clause.0 
200406     DEBUG main            d.u.i.k.p.i.IntermediateProofReplayer Proof replay took 8.21ms 
200407     DEBUG main            d.u.i.k.p.r.p.TestFile    ... success: reloaded. 
200409     INFO  main            d.u.i.k.p.r.p.TestFile    Now processing file /home/runner/work/key/key/key.core/../key.ui/examples/heap/permissions/threads/BFilter_BFilter.key 
200409     INFO  main            d.u.i.k.p.i.AbstractProblemLoader Loading environment from /home/runner/work/key/key/key.core/../key.ui/examples/heap/permissions/threads/BFilter_BFilter.key 
200409     DEBUG main            d.u.i.k.p.i.AbstractProblemLoader Environment load took 233.4ns 
200410     INFO  main            d.u.i.k.p.i.AbstractProblemLoader Creating init config 
205455     DEBUG main            d.u.i.k.p.i.AbstractProblemLoader Init config took 5.04s 
205557     INFO  main            d.u.i.k.p.i.AbstractProblemLoader Replaying proof BFilter[BFilter::BFilter(Sampler,Buffer)].JML normal_behavior operation contract.0 
205558     DEBUG main            d.u.i.k.p.i.IntermediateProofReplayer Proof replay took 8.1ns 
206564     INFO  main            d.u.i.k.p.r.p.TestFile    ... finished proof: closed. 
206928     INFO  main            d.u.i.k.p.i.AbstractProblemLoader Loading environment from /home/runner/work/key/key/key.core/../key.ui/examples/heap/permissions/threads/BFilter_BFilter.key.proof 
206928     DEBUG main            d.u.i.k.p.i.AbstractProblemLoader Environment load took 418.2ns 
206930     INFO  main            d.u.i.k.p.i.AbstractProblemLoader Creating init config 
211888     DEBUG main            d.u.i.k.p.i.AbstractProblemLoader Init config took 4.96s 
211975     INFO  main            d.u.i.k.p.i.AbstractProblemLoader Replaying proof BFilter[BFilter::BFilter(Sampler,Buffer)].JML normal_behavior operation contract.0 
212103     DEBUG main            d.u.i.k.p.i.IntermediateProofReplayer Proof replay took 124.05ms 
212104     DEBUG main            d.u.i.k.p.r.p.TestFile    ... success: reloaded. 
212106     INFO  main            d.u.i.k.p.r.p.TestFile    Now processing file /home/runner/work/key/key/key.core/../key.ui/examples/heap/permissions/threads/BFilter_initPost_accessible.key 
212106     INFO  main            d.u.i.k.p.i.AbstractProblemLoader Loading environment from /home/runner/work/key/key/key.core/../key.ui/examples/heap/permissions/threads/BFilter_initPost_accessible.key 
212106     DEBUG main            d.u.i.k.p.i.AbstractProblemLoader Environment load took 185.1ns 
212107     INFO  main            d.u.i.k.p.i.AbstractProblemLoader Creating init config 
217339     DEBUG main            d.u.i.k.p.i.AbstractProblemLoader Init config took 5.23s 
217435     INFO  main            d.u.i.k.p.i.AbstractProblemLoader Replaying proof BFilter[ThreadSpec2::initPost()].JML accessible clause.0 
217437     DEBUG main            d.u.i.k.p.i.IntermediateProofReplayer Proof replay took 7ns 
217539     INFO  main            d.u.i.k.p.r.p.TestFile    ... finished proof: closed. 
217907     INFO  main            d.u.i.k.p.i.AbstractProblemLoader Loading environment from /home/runner/work/key/key/key.core/../key.ui/examples/heap/permissions/threads/BFilter_initPost_accessible.key.proof 
217908     DEBUG main            d.u.i.k.p.i.AbstractProblemLoader Environment load took 117.5ns 
217909     INFO  main            d.u.i.k.p.i.AbstractProblemLoader Creating init config 
223082     DEBUG main            d.u.i.k.p.i.AbstractProblemLoader Init config took 5.17s 
223188     INFO  main            d.u.i.k.p.i.AbstractProblemLoader Replaying proof BFilter[ThreadSpec2::initPost()].JML accessible clause.0 
223202     DEBUG main            d.u.i.k.p.i.IntermediateProofReplayer Proof replay took 10.35ms 
223203     DEBUG main            d.u.i.k.p.r.p.TestFile    ... success: reloaded. 
223204     INFO  main            d.u.i.k.p.r.p.TestFile    Now processing file /home/runner/work/key/key/key.core/../key.ui/examples/heap/permissions/threads/BFilter_inv_accessible1.key 
223205     INFO  main            d.u.i.k.p.i.AbstractProblemLoader Loading environment from /home/runner/work/key/key/key.core/../key.ui/examples/heap/permissions/threads/BFilter_inv_accessible1.key 
223205     DEBUG main            d.u.i.k.p.i.AbstractProblemLoader Environment load took 219ns 
223207     INFO  main            d.u.i.k.p.i.AbstractProblemLoader Creating init config 
228344     DEBUG main            d.u.i.k.p.i.AbstractProblemLoader Init config took 5.14s 
228441     INFO  main            d.u.i.k.p.i.AbstractProblemLoader Replaying proof BFilter[java.lang.Object::<inv>()].JML accessible clause.0 
228442     DEBUG main            d.u.i.k.p.i.IntermediateProofReplayer Proof replay took 7.8ns 
228545     INFO  main            d.u.i.k.p.r.p.TestFile    ... finished proof: closed. 
228884     INFO  main            d.u.i.k.p.i.AbstractProblemLoader Loading environment from /home/runner/work/key/key/key.core/../key.ui/examples/heap/permissions/threads/BFilter_inv_accessible1.key.proof 
228885     DEBUG main            d.u.i.k.p.i.AbstractProblemLoader Environment load took 117.1ns 
228886     INFO  main            d.u.i.k.p.i.AbstractProblemLoader Creating init config 
233870     DEBUG main            d.u.i.k.p.i.AbstractProblemLoader Init config took 4.98s 
233970     INFO  main            d.u.i.k.p.i.AbstractProblemLoader Replaying proof BFilter[java.lang.Object::<inv>()].JML accessible clause.0 
233974     DEBUG main            d.u.i.k.p.i.IntermediateProofReplayer Proof replay took 1.9ms 
233975     DEBUG main            d.u.i.k.p.r.p.TestFile    ... success: reloaded. 
233977     INFO  main            d.u.i.k.p.r.p.TestFile    Now processing file /home/runner/work/key/key/key.core/../key.ui/examples/heap/permissions/threads/BFilter_inv_accessible2.key 
233977     INFO  main            d.u.i.k.p.i.AbstractProblemLoader Loading environment from /home/runner/work/key/key/key.core/../key.ui/examples/heap/permissions/threads/BFilter_inv_accessible2.key 
233977     DEBUG main            d.u.i.k.p.i.AbstractProblemLoader Environment load took 197.8ns 
233978     INFO  main            d.u.i.k.p.i.AbstractProblemLoader Creating init config 
239124     DEBUG main            d.u.i.k.p.i.AbstractProblemLoader Init config took 5.15s 
239225     INFO  main            d.u.i.k.p.i.AbstractProblemLoader Replaying proof BFilter[java.lang.Object::<inv>()].JML accessible clause.1 
239227     DEBUG main            d.u.i.k.p.i.IntermediateProofReplayer Proof replay took 14.3ns 
239333     INFO  main            d.u.i.k.p.r.p.TestFile    ... finished proof: closed. 
239678     INFO  main            d.u.i.k.p.i.AbstractProblemLoader Loading environment from /home/runner/work/key/key/key.core/../key.ui/examples/heap/permissions/threads/BFilter_inv_accessible2.key.proof 
239679     DEBUG main            d.u.i.k.p.i.AbstractProblemLoader Environment load took 239.4ns 
239680     INFO  main            d.u.i.k.p.i.AbstractProblemLoader Creating init config 
244682     DEBUG main            d.u.i.k.p.i.AbstractProblemLoader Init config took 5s 
244783     INFO  main            d.u.i.k.p.i.AbstractProblemLoader Replaying proof BFilter[java.lang.Object::<inv>()].JML accessible clause.1 
244787     DEBUG main            d.u.i.k.p.i.IntermediateProofReplayer Proof replay took 1.73ms 
244788     DEBUG main            d.u.i.k.p.r.p.TestFile    ... success: reloaded. 
244789     INFO  main            d.u.i.k.p.r.p.TestFile    Now processing file /home/runner/work/key/key/key.core/../key.ui/examples/heap/permissions/threads/BFilter_joinTransfer_accessible.key 
244790     INFO  main            d.u.i.k.p.i.AbstractProblemLoader Loading environment from /home/runner/work/key/key/key.core/../key.ui/examples/heap/permissions/threads/BFilter_joinTransfer_accessible.key 
244790     DEBUG main            d.u.i.k.p.i.AbstractProblemLoader Environment load took 119.6ns 
244791     INFO  main            d.u.i.k.p.i.AbstractProblemLoader Creating init config 
249704     DEBUG main            d.u.i.k.p.i.AbstractProblemLoader Init config took 4.91s 
249796     INFO  main            d.u.i.k.p.i.AbstractProblemLoader Replaying proof BFilter[ThreadSpec2::joinTransfer()].JML accessible clause.0 
249798     DEBUG main            d.u.i.k.p.i.IntermediateProofReplayer Proof replay took 7.1ns 
253135     INFO  main            d.u.i.k.p.r.p.TestFile    ... finished proof: closed. 
253522     INFO  main            d.u.i.k.p.i.AbstractProblemLoader Loading environment from /home/runner/work/key/key/key.core/../key.ui/examples/heap/permissions/threads/BFilter_joinTransfer_accessible.key.proof 
253522     DEBUG main            d.u.i.k.p.i.AbstractProblemLoader Environment load took 111.4ns 
253523     INFO  main            d.u.i.k.p.i.AbstractProblemLoader Creating init config 
258423     DEBUG main            d.u.i.k.p.i.AbstractProblemLoader Init config took 4.9s 
258536     INFO  main            d.u.i.k.p.i.AbstractProblemLoader Replaying proof BFilter[ThreadSpec2::joinTransfer()].JML accessible clause.0 
258782     DEBUG main            d.u.i.k.p.i.IntermediateProofReplayer Proof replay took 234.8ms 
258783     DEBUG main            d.u.i.k.p.r.p.TestFile    ... success: reloaded. 
258784     INFO  main            d.u.i.k.p.r.p.TestFile    Now processing file /home/runner/work/key/key/key.core/../key.ui/examples/heap/permissions/threads/BFilter_joinTransfer_contract.key 
258785     INFO  main            d.u.i.k.p.i.AbstractProblemLoader Loading environment from /home/runner/work/key/key/key.core/../key.ui/examples/heap/permissions/threads/BFilter_joinTransfer_contract.key 
258785     DEBUG main            d.u.i.k.p.i.AbstractProblemLoader Environment load took 161.6ns 
258786     INFO  main            d.u.i.k.p.i.AbstractProblemLoader Creating init config 
263745     DEBUG main            d.u.i.k.p.i.AbstractProblemLoader Init config took 4.96s 
263855     INFO  main            d.u.i.k.p.i.AbstractProblemLoader Replaying proof BFilter[ThreadSpec2::joinTransfer()].JML model_behavior operation contract.0 
263856     DEBUG main            d.u.i.k.p.i.IntermediateProofReplayer Proof replay took 7.6ns 
263961     INFO  main            d.u.i.k.p.r.p.TestFile    ... finished proof: closed. 
264314     INFO  main            d.u.i.k.p.i.AbstractProblemLoader Loading environment from /home/runner/work/key/key/key.core/../key.ui/examples/heap/permissions/threads/BFilter_joinTransfer_contract.key.proof 
264314     DEBUG main            d.u.i.k.p.i.AbstractProblemLoader Environment load took 111.2ns 
264315     INFO  main            d.u.i.k.p.i.AbstractProblemLoader Creating init config 
269222     DEBUG main            d.u.i.k.p.i.AbstractProblemLoader Init config took 4.91s 
269334     INFO  main            d.u.i.k.p.i.AbstractProblemLoader Replaying proof BFilter[ThreadSpec2::joinTransfer()].JML model_behavior operation contract.0 
269345     DEBUG main            d.u.i.k.p.i.IntermediateProofReplayer Proof replay took 8.27ms 
269346     DEBUG main            d.u.i.k.p.r.p.TestFile    ... success: reloaded. 
269347     INFO  main            d.u.i.k.p.r.p.TestFile    Now processing file /home/runner/work/key/key/key.core/../key.ui/examples/heap/permissions/threads/BFilter_postJoin_accessible.key 
269347     INFO  main            d.u.i.k.p.i.AbstractProblemLoader Loading environment from /home/runner/work/key/key/key.core/../key.ui/examples/heap/permissions/threads/BFilter_postJoin_accessible.key 
269348     DEBUG main            d.u.i.k.p.i.AbstractProblemLoader Environment load took 197.7ns 
269349     INFO  main            d.u.i.k.p.i.AbstractProblemLoader Creating init config 
274429     DEBUG main            d.u.i.k.p.i.AbstractProblemLoader Init config took 5.08s 
274525     INFO  main            d.u.i.k.p.i.AbstractProblemLoader Replaying proof BFilter[ThreadSpec2::postJoin(java.lang.Object)].JML accessible clause.0 
274527     DEBUG main            d.u.i.k.p.i.IntermediateProofReplayer Proof replay took 7.9ns 
274632     INFO  main            d.u.i.k.p.r.p.TestFile    ... finished proof: closed. 
275018     INFO  main            d.u.i.k.p.i.AbstractProblemLoader Loading environment from /home/runner/work/key/key/key.core/../key.ui/examples/heap/permissions/threads/BFilter_postJoin_accessible.key.proof 
275018     DEBUG main            d.u.i.k.p.i.AbstractProblemLoader Environment load took 101.7ns 
275019     INFO  main            d.u.i.k.p.i.AbstractProblemLoader Creating init config 
279996     DEBUG main            d.u.i.k.p.i.AbstractProblemLoader Init config took 4.98s 
280093     INFO  main            d.u.i.k.p.i.AbstractProblemLoader Replaying proof BFilter[ThreadSpec2::postJoin(java.lang.Object)].JML accessible clause.0 
280100     DEBUG main            d.u.i.k.p.i.IntermediateProofReplayer Proof replay took 5.98ms 
280101     DEBUG main            d.u.i.k.p.r.p.TestFile    ... success: reloaded. 
280103     INFO  main            d.u.i.k.p.r.p.TestFile    Now processing file /home/runner/work/key/key/key.core/../key.ui/examples/heap/permissions/threads/BFilter_preStart_accessible.key 
280103     INFO  main            d.u.i.k.p.i.AbstractProblemLoader Loading environment from /home/runner/work/key/key/key.core/../key.ui/examples/heap/permissions/threads/BFilter_preStart_accessible.key 
280103     DEBUG main            d.u.i.k.p.i.AbstractProblemLoader Environment load took 110.7ns 
280105     INFO  main            d.u.i.k.p.i.AbstractProblemLoader Creating init config 
285134     DEBUG main            d.u.i.k.p.i.AbstractProblemLoader Init config took 5.03s 
285259     INFO  main            d.u.i.k.p.i.AbstractProblemLoader Replaying proof BFilter[ThreadSpec2::preStart(java.lang.Object)].JML accessible clause.0 
285261     DEBUG main            d.u.i.k.p.i.IntermediateProofReplayer Proof replay took 8.5ns 
285564     INFO  main            d.u.i.k.p.r.p.TestFile    ... finished proof: closed. 
285960     INFO  main            d.u.i.k.p.i.AbstractProblemLoader Loading environment from /home/runner/work/key/key/key.core/../key.ui/examples/heap/permissions/threads/BFilter_preStart_accessible.key.proof 
285960     DEBUG main            d.u.i.k.p.i.AbstractProblemLoader Environment load took 110.5ns 
285963     INFO  main            d.u.i.k.p.i.AbstractProblemLoader Creating init config 
290884     DEBUG main            d.u.i.k.p.i.AbstractProblemLoader Init config took 4.92s 
290977     INFO  main            d.u.i.k.p.i.AbstractProblemLoader Replaying proof BFilter[ThreadSpec2::preStart(java.lang.Object)].JML accessible clause.0 
291006     DEBUG main            d.u.i.k.p.i.IntermediateProofReplayer Proof replay took 24.92ms 
291007     DEBUG main            d.u.i.k.p.r.p.TestFile    ... success: reloaded. 
291008     INFO  main            d.u.i.k.p.r.p.TestFile    Now processing file /home/runner/work/key/key/key.core/../key.ui/examples/heap/permissions/threads/BFilter_startTransfer_accessible.key 
291008     INFO  main            d.u.i.k.p.i.AbstractProblemLoader Loading environment from /home/runner/work/key/key/key.core/../key.ui/examples/heap/permissions/threads/BFilter_startTransfer_accessible.key 
291008     DEBUG main            d.u.i.k.p.i.AbstractProblemLoader Environment load took 79.1ns 
291009     INFO  main            d.u.i.k.p.i.AbstractProblemLoader Creating init config 
295937     DEBUG main            d.u.i.k.p.i.AbstractProblemLoader Init config took 4.93s 
296028     INFO  main            d.u.i.k.p.i.AbstractProblemLoader Replaying proof BFilter[ThreadSpec2::startTransfer()].JML accessible clause.0 
296030     DEBUG main            d.u.i.k.p.i.IntermediateProofReplayer Proof replay took 8.8ns 
302276     INFO  main            d.u.i.k.p.r.p.TestFile    ... finished proof: closed. 
302669     INFO  main            d.u.i.k.p.i.AbstractProblemLoader Loading environment from /home/runner/work/key/key/key.core/../key.ui/examples/heap/permissions/threads/BFilter_startTransfer_accessible.key.proof 
302669     DEBUG main            d.u.i.k.p.i.AbstractProblemLoader Environment load took 117.6ns 
302670     INFO  main            d.u.i.k.p.i.AbstractProblemLoader Creating init config 
307578     DEBUG main            d.u.i.k.p.i.AbstractProblemLoader Init config took 4.91s 
307687     INFO  main            d.u.i.k.p.i.AbstractProblemLoader Replaying proof BFilter[ThreadSpec2::startTransfer()].JML accessible clause.0 
308060     DEBUG main            d.u.i.k.p.i.IntermediateProofReplayer Proof replay took 361.85ms 
308062     DEBUG main            d.u.i.k.p.r.p.TestFile    ... success: reloaded. 
308063     INFO  main            d.u.i.k.p.r.p.TestFile    Now processing file /home/runner/work/key/key/key.core/../key.ui/examples/heap/permissions/threads/BFilter_startTransfer_contract.key 
308063     INFO  main            d.u.i.k.p.i.AbstractProblemLoader Loading environment from /home/runner/work/key/key/key.core/../key.ui/examples/heap/permissions/threads/BFilter_startTransfer_contract.key 
308063     DEBUG main            d.u.i.k.p.i.AbstractProblemLoader Environment load took 220.1ns 
308064     INFO  main            d.u.i.k.p.i.AbstractProblemLoader Creating init config 
313095     DEBUG main            d.u.i.k.p.i.AbstractProblemLoader Init config took 5.03s 
313185     INFO  main            d.u.i.k.p.i.AbstractProblemLoader Replaying proof BFilter[ThreadSpec2::startTransfer()].JML model_behavior operation contract.0 
313187     DEBUG main            d.u.i.k.p.i.IntermediateProofReplayer Proof replay took 7.6ns 
314493     INFO  main            d.u.i.k.p.r.p.TestFile    ... finished proof: closed. 
314894     INFO  main            d.u.i.k.p.i.AbstractProblemLoader Loading environment from /home/runner/work/key/key/key.core/../key.ui/examples/heap/permissions/threads/BFilter_startTransfer_contract.key.proof 
314895     DEBUG main            d.u.i.k.p.i.AbstractProblemLoader Environment load took 1.22ms 
314896     INFO  main            d.u.i.k.p.i.AbstractProblemLoader Creating init config 
319881     DEBUG main            d.u.i.k.p.i.AbstractProblemLoader Init config took 4.99s 
319977     INFO  main            d.u.i.k.p.i.AbstractProblemLoader Replaying proof BFilter[ThreadSpec2::startTransfer()].JML model_behavior operation contract.0 
320106     DEBUG main            d.u.i.k.p.i.IntermediateProofReplayer Proof replay took 120.73ms 
320107     DEBUG main            d.u.i.k.p.r.p.TestFile    ... success: reloaded. 
320108     INFO  main            d.u.i.k.p.r.p.TestFile    Now processing file /home/runner/work/key/key/key.core/../key.ui/examples/heap/permissions/threads/BFilter_stateInv_accessible.key 
320109     INFO  main            d.u.i.k.p.i.AbstractProblemLoader Loading environment from /home/runner/work/key/key/key.core/../key.ui/examples/heap/permissions/threads/BFilter_stateInv_accessible.key 
320109     DEBUG main            d.u.i.k.p.i.AbstractProblemLoader Environment load took 163.1ns 
320110     INFO  main            d.u.i.k.p.i.AbstractProblemLoader Creating init config 
325184     DEBUG main            d.u.i.k.p.i.AbstractProblemLoader Init config took 5.07s 
325279     INFO  main            d.u.i.k.p.i.AbstractProblemLoader Replaying proof BFilter[ThreadSpec2::stateInv()].JML accessible clause.0 
325281     DEBUG main            d.u.i.k.p.i.IntermediateProofReplayer Proof replay took 7ns 
325583     INFO  main            d.u.i.k.p.r.p.TestFile    ... finished proof: closed. 
326008     INFO  main            d.u.i.k.p.i.AbstractProblemLoader Loading environment from /home/runner/work/key/key/key.core/../key.ui/examples/heap/permissions/threads/BFilter_stateInv_accessible.key.proof 
326009     DEBUG main            d.u.i.k.p.i.AbstractProblemLoader Environment load took 97.4ns 
326010     INFO  main            d.u.i.k.p.i.AbstractProblemLoader Creating init config 
331103     DEBUG main            d.u.i.k.p.i.AbstractProblemLoader Init config took 5.09s 
331189     INFO  main            d.u.i.k.p.i.AbstractProblemLoader Replaying proof BFilter[ThreadSpec2::stateInv()].JML accessible clause.0 
331221     DEBUG main            d.u.i.k.p.i.IntermediateProofReplayer Proof replay took 29.31ms 
331222     DEBUG main            d.u.i.k.p.r.p.TestFile    ... success: reloaded. 
331223     INFO  main            d.u.i.k.p.r.p.TestFile    Now processing file /home/runner/work/key/key/key.core/../key.ui/examples/heap/permissions/threads/BFilter_staticPermissions_accessible.key 
331223     INFO  main            d.u.i.k.p.i.AbstractProblemLoader Loading environment from /home/runner/work/key/key/key.core/../key.ui/examples/heap/permissions/threads/BFilter_staticPermissions_accessible.key 
331223     DEBUG main            d.u.i.k.p.i.AbstractProblemLoader Environment load took 120.2ns 
331224     INFO  main            d.u.i.k.p.i.AbstractProblemLoader Creating init config 
336413     DEBUG main            d.u.i.k.p.i.AbstractProblemLoader Init config took 5.19s 
336501     INFO  main            d.u.i.k.p.i.AbstractProblemLoader Replaying proof BFilter[ThreadSpec2::staticPermissions()].JML accessible clause.0 
336502     DEBUG main            d.u.i.k.p.i.IntermediateProofReplayer Proof replay took 7.7ns 
336604     INFO  main            d.u.i.k.p.r.p.TestFile    ... finished proof: closed. 
337039     INFO  main            d.u.i.k.p.i.AbstractProblemLoader Loading environment from /home/runner/work/key/key/key.core/../key.ui/examples/heap/permissions/threads/BFilter_staticPermissions_accessible.key.proof 
337039     DEBUG main            d.u.i.k.p.i.AbstractProblemLoader Environment load took 98.5ns 
337040     INFO  main            d.u.i.k.p.i.AbstractProblemLoader Creating init config 
342083     DEBUG main            d.u.i.k.p.i.AbstractProblemLoader Init config took 5.04s 
342171     INFO  main            d.u.i.k.p.i.AbstractProblemLoader Replaying proof BFilter[ThreadSpec2::staticPermissions()].JML accessible clause.0 
342181     DEBUG main            d.u.i.k.p.i.IntermediateProofReplayer Proof replay took 8.36ms 
342182     DEBUG main            d.u.i.k.p.r.p.TestFile    ... success: reloaded. 
342183     INFO  main            d.u.i.k.p.r.p.TestFile    Now processing file /home/runner/work/key/key/key.core/../key.ui/examples/heap/permissions/threads/BFilter_workingPermissions_accessible.key 
342184     INFO  main            d.u.i.k.p.i.AbstractProblemLoader Loading environment from /home/runner/work/key/key/key.core/../key.ui/examples/heap/permissions/threads/BFilter_workingPermissions_accessible.key 
342184     DEBUG main            d.u.i.k.p.i.AbstractProblemLoader Environment load took 96.9ns 
342185     INFO  main            d.u.i.k.p.i.AbstractProblemLoader Creating init config 
347341     DEBUG main            d.u.i.k.p.i.AbstractProblemLoader Init config took 5.16s 
347441     INFO  main            d.u.i.k.p.i.AbstractProblemLoader Replaying proof BFilter[ThreadSpec2::workingPermissions()].JML accessible clause.0 
347443     DEBUG main            d.u.i.k.p.i.IntermediateProofReplayer Proof replay took 26ns 
347545     INFO  main            d.u.i.k.p.r.p.TestFile    ... finished proof: closed. 
347985     INFO  main            d.u.i.k.p.i.AbstractProblemLoader Loading environment from /home/runner/work/key/key/key.core/../key.ui/examples/heap/permissions/threads/BFilter_workingPermissions_accessible.key.proof 
347985     DEBUG main            d.u.i.k.p.i.AbstractProblemLoader Environment load took 106.4ns 
347986     INFO  main            d.u.i.k.p.i.AbstractProblemLoader Creating init config 
352819     DEBUG main            d.u.i.k.p.i.AbstractProblemLoader Init config took 4.83s 
352908     INFO  main            d.u.i.k.p.i.AbstractProblemLoader Replaying proof BFilter[ThreadSpec2::workingPermissions()].JML accessible clause.0 
352918     DEBUG main            d.u.i.k.p.i.IntermediateProofReplayer Proof replay took 8ms 
352919     DEBUG main            d.u.i.k.p.r.p.TestFile    ... success: reloaded. 
352920     INFO  main            d.u.i.k.p.r.p.TestFile    Now processing file /home/runner/work/key/key/key.core/../key.ui/examples/heap/permissions/threads/Fib_Fib.key 
352920     INFO  main            d.u.i.k.p.i.AbstractProblemLoader Loading environment from /home/runner/work/key/key/key.core/../key.ui/examples/heap/permissions/threads/Fib_Fib.key 
352920     DEBUG main            d.u.i.k.p.i.AbstractProblemLoader Environment load took 94.4ns 
352921     INFO  main            d.u.i.k.p.i.AbstractProblemLoader Creating init config 
357928     DEBUG main            d.u.i.k.p.i.AbstractProblemLoader Init config took 5.01s 
358021     INFO  main            d.u.i.k.p.i.AbstractProblemLoader Replaying proof Fib[Fib::Fib(int)].JML normal_behavior operation contract.0 
358023     DEBUG main            d.u.i.k.p.i.IntermediateProofReplayer Proof replay took 8.7ns 
358730     INFO  main            d.u.i.k.p.r.p.TestFile    ... finished proof: closed. 
359219     INFO  main            d.u.i.k.p.i.AbstractProblemLoader Loading environment from /home/runner/work/key/key/key.core/../key.ui/examples/heap/permissions/threads/Fib_Fib.key.proof 
359220     DEBUG main            d.u.i.k.p.i.AbstractProblemLoader Environment load took 456.6ns 
359221     INFO  main            d.u.i.k.p.i.AbstractProblemLoader Creating init config 
364145     DEBUG main            d.u.i.k.p.i.AbstractProblemLoader Init config took 4.92s 
364232     INFO  main            d.u.i.k.p.i.AbstractProblemLoader Replaying proof Fib[Fib::Fib(int)].JML normal_behavior operation contract.0 
364328     DEBUG main            d.u.i.k.p.i.IntermediateProofReplayer Proof replay took 87.46ms 
364329     DEBUG main            d.u.i.k.p.r.p.TestFile    ... success: reloaded. 
364330     INFO  main            d.u.i.k.p.r.p.TestFile    Now processing file /home/runner/work/key/key/key.core/../key.ui/examples/heap/permissions/threads/Fib_initPost_accessible.key 
364330     INFO  main            d.u.i.k.p.i.AbstractProblemLoader Loading environment from /home/runner/work/key/key/key.core/../key.ui/examples/heap/permissions/threads/Fib_initPost_accessible.key 
364331     DEBUG main            d.u.i.k.p.i.AbstractProblemLoader Environment load took 119.9ns 
364331     INFO  main            d.u.i.k.p.i.AbstractProblemLoader Creating init config 
369450     DEBUG main            d.u.i.k.p.i.AbstractProblemLoader Init config took 5.12s 
369554     INFO  main            d.u.i.k.p.i.AbstractProblemLoader Replaying proof Fib[ThreadSpec::initPost()].JML accessible clause.0 
369556     DEBUG main            d.u.i.k.p.i.IntermediateProofReplayer Proof replay took 6.8ns 
369658     INFO  main            d.u.i.k.p.r.p.TestFile    ... finished proof: closed. 
370116     INFO  main            d.u.i.k.p.i.AbstractProblemLoader Loading environment from /home/runner/work/key/key/key.core/../key.ui/examples/heap/permissions/threads/Fib_initPost_accessible.key.proof 
370117     DEBUG main            d.u.i.k.p.i.AbstractProblemLoader Environment load took 110.7ns 
370118     INFO  main            d.u.i.k.p.i.AbstractProblemLoader Creating init config 
375289     DEBUG main            d.u.i.k.p.i.AbstractProblemLoader Init config took 5.17s 
375378     INFO  main            d.u.i.k.p.i.AbstractProblemLoader Replaying proof Fib[ThreadSpec::initPost()].JML accessible clause.0 
375385     DEBUG main            d.u.i.k.p.i.IntermediateProofReplayer Proof replay took 4.85ms 
375386     DEBUG main            d.u.i.k.p.r.p.TestFile    ... success: reloaded. 
375389     INFO  main            d.u.i.k.p.r.p.TestFile    Now processing file /home/runner/work/key/key/key.core/../key.ui/examples/heap/permissions/threads/Fib_inv1_accessible.key 
375389     INFO  main            d.u.i.k.p.i.AbstractProblemLoader Loading environment from /home/runner/work/key/key/key.core/../key.ui/examples/heap/permissions/threads/Fib_inv1_accessible.key 
375389     DEBUG main            d.u.i.k.p.i.AbstractProblemLoader Environment load took 129.4ns 
375390     INFO  main            d.u.i.k.p.i.AbstractProblemLoader Creating init config 
380330     DEBUG main            d.u.i.k.p.i.AbstractProblemLoader Init config took 4.94s 
380414     INFO  main            d.u.i.k.p.i.AbstractProblemLoader Replaying proof Fib[java.lang.Object::<inv>()].JML accessible clause.0 
380416     DEBUG main            d.u.i.k.p.i.IntermediateProofReplayer Proof replay took 7.7ns 
380518     INFO  main            d.u.i.k.p.r.p.TestFile    ... finished proof: closed. 
380954     INFO  main            d.u.i.k.p.i.AbstractProblemLoader Loading environment from /home/runner/work/key/key/key.core/../key.ui/examples/heap/permissions/threads/Fib_inv1_accessible.key.proof 
380954     DEBUG main            d.u.i.k.p.i.AbstractProblemLoader Environment load took 113.2ns 
380956     INFO  main            d.u.i.k.p.i.AbstractProblemLoader Creating init config 
385901     DEBUG main            d.u.i.k.p.i.AbstractProblemLoader Init config took 4.95s 
385993     INFO  main            d.u.i.k.p.i.AbstractProblemLoader Replaying proof Fib[java.lang.Object::<inv>()].JML accessible clause.0 
385997     DEBUG main            d.u.i.k.p.i.IntermediateProofReplayer Proof replay took 1.63ms 
385998     DEBUG main            d.u.i.k.p.r.p.TestFile    ... success: reloaded. 
385999     INFO  main            d.u.i.k.p.r.p.TestFile    Now processing file /home/runner/work/key/key/key.core/../key.ui/examples/heap/permissions/threads/Fib_inv2_accessible.key 
385999     INFO  main            d.u.i.k.p.i.AbstractProblemLoader Loading environment from /home/runner/work/key/key/key.core/../key.ui/examples/heap/permissions/threads/Fib_inv2_accessible.key 
385999     DEBUG main            d.u.i.k.p.i.AbstractProblemLoader Environment load took 92.2ns 
386000     INFO  main            d.u.i.k.p.i.AbstractProblemLoader Creating init config 
391006     DEBUG main            d.u.i.k.p.i.AbstractProblemLoader Init config took 5.01s 
391095     INFO  main            d.u.i.k.p.i.AbstractProblemLoader Replaying proof Fib[java.lang.Object::<inv>()].JML accessible clause.1 
391096     DEBUG main            d.u.i.k.p.i.IntermediateProofReplayer Proof replay took 25.7ns 
391198     INFO  main            d.u.i.k.p.r.p.TestFile    ... finished proof: closed. 
391640     INFO  main            d.u.i.k.p.i.AbstractProblemLoader Loading environment from /home/runner/work/key/key/key.core/../key.ui/examples/heap/permissions/threads/Fib_inv2_accessible.key.proof 
391640     DEBUG main            d.u.i.k.p.i.AbstractProblemLoader Environment load took 89.6ns 
391641     INFO  main            d.u.i.k.p.i.AbstractProblemLoader Creating init config 
396792     DEBUG main            d.u.i.k.p.i.AbstractProblemLoader Init config took 5.15s 
396881     INFO  main            d.u.i.k.p.i.AbstractProblemLoader Replaying proof Fib[java.lang.Object::<inv>()].JML accessible clause.1 
396885     DEBUG main            d.u.i.k.p.i.IntermediateProofReplayer Proof replay took 2.82ms 
396886     DEBUG main            d.u.i.k.p.r.p.TestFile    ... success: reloaded. 
396887     INFO  main            d.u.i.k.p.r.p.TestFile    Now processing file /home/runner/work/key/key/key.core/../key.ui/examples/heap/permissions/threads/Fib_joinTransfer_accessible.key 
396888     INFO  main            d.u.i.k.p.i.AbstractProblemLoader Loading environment from /home/runner/work/key/key/key.core/../key.ui/examples/heap/permissions/threads/Fib_joinTransfer_accessible.key 
396888     DEBUG main            d.u.i.k.p.i.AbstractProblemLoader Environment load took 114.5ns 
396889     INFO  main            d.u.i.k.p.i.AbstractProblemLoader Creating init config 
401925     DEBUG main            d.u.i.k.p.i.AbstractProblemLoader Init config took 5.04s 
402022     INFO  main            d.u.i.k.p.i.AbstractProblemLoader Replaying proof Fib[ThreadSpec::joinTransfer()].JML accessible clause.0 
402023     DEBUG main            d.u.i.k.p.i.IntermediateProofReplayer Proof replay took 7.9ns 
402225     INFO  main            d.u.i.k.p.r.p.TestFile    ... finished proof: closed. 
402691     INFO  main            d.u.i.k.p.i.AbstractProblemLoader Loading environment from /home/runner/work/key/key/key.core/../key.ui/examples/heap/permissions/threads/Fib_joinTransfer_accessible.key.proof 
402691     DEBUG main            d.u.i.k.p.i.AbstractProblemLoader Environment load took 85.9ns 
402692     INFO  main            d.u.i.k.p.i.AbstractProblemLoader Creating init config 
407748     DEBUG main            d.u.i.k.p.i.AbstractProblemLoader Init config took 5.06s 
407850     INFO  main            d.u.i.k.p.i.AbstractProblemLoader Replaying proof Fib[ThreadSpec::joinTransfer()].JML accessible clause.0 
407872     DEBUG main            d.u.i.k.p.i.IntermediateProofReplayer Proof replay took 19.38ms 
407873     DEBUG main            d.u.i.k.p.r.p.TestFile    ... success: reloaded. 
407874     INFO  main            d.u.i.k.p.r.p.TestFile    Now processing file /home/runner/work/key/key/key.core/../key.ui/examples/heap/permissions/threads/Fib_joinTransfer_contract.key 
407874     INFO  main            d.u.i.k.p.i.AbstractProblemLoader Loading environment from /home/runner/work/key/key/key.core/../key.ui/examples/heap/permissions/threads/Fib_joinTransfer_contract.key 
407874     DEBUG main            d.u.i.k.p.i.AbstractProblemLoader Environment load took 54.1ns 
407875     INFO  main            d.u.i.k.p.i.AbstractProblemLoader Creating init config 
412928     DEBUG main            d.u.i.k.p.i.AbstractProblemLoader Init config took 5.05s 
413021     INFO  main            d.u.i.k.p.i.AbstractProblemLoader Replaying proof Fib[ThreadSpec::joinTransfer()].JML model_behavior operation contract.0 
413023     DEBUG main            d.u.i.k.p.i.IntermediateProofReplayer Proof replay took 9.2ns 
413126     INFO  main            d.u.i.k.p.r.p.TestFile    ... finished proof: closed. 
413593     INFO  main            d.u.i.k.p.i.AbstractProblemLoader Loading environment from /home/runner/work/key/key/key.core/../key.ui/examples/heap/permissions/threads/Fib_joinTransfer_contract.key.proof 
413593     DEBUG main            d.u.i.k.p.i.AbstractProblemLoader Environment load took 115.5ns 
413594     INFO  main            d.u.i.k.p.i.AbstractProblemLoader Creating init config 
418797     DEBUG main            d.u.i.k.p.i.AbstractProblemLoader Init config took 5.2s 
418913     INFO  main            d.u.i.k.p.i.AbstractProblemLoader Replaying proof Fib[ThreadSpec::joinTransfer()].JML model_behavior operation contract.0 
418924     DEBUG main            d.u.i.k.p.i.IntermediateProofReplayer Proof replay took 9.01ms 
418926     DEBUG main            d.u.i.k.p.r.p.TestFile    ... success: reloaded. 
418927     INFO  main            d.u.i.k.p.r.p.TestFile    Now processing file /home/runner/work/key/key/key.core/../key.ui/examples/heap/permissions/threads/Fib_postJoin_accessible.key 
418927     INFO  main            d.u.i.k.p.i.AbstractProblemLoader Loading environment from /home/runner/work/key/key/key.core/../key.ui/examples/heap/permissions/threads/Fib_postJoin_accessible.key 
418927     DEBUG main            d.u.i.k.p.i.AbstractProblemLoader Environment load took 62.4ns 
418929     INFO  main            d.u.i.k.p.i.AbstractProblemLoader Creating init config 
424244     DEBUG main            d.u.i.k.p.i.AbstractProblemLoader Init config took 5.32s 
424341     INFO  main            d.u.i.k.p.i.AbstractProblemLoader Replaying proof Fib[ThreadSpec::postJoin(java.lang.Object)].JML accessible clause.0 
424345     DEBUG main            d.u.i.k.p.i.IntermediateProofReplayer Proof replay took 8.7ns 
424447     INFO  main            d.u.i.k.p.r.p.TestFile    ... finished proof: closed. 
424958     INFO  main            d.u.i.k.p.i.AbstractProblemLoader Loading environment from /home/runner/work/key/key/key.core/../key.ui/examples/heap/permissions/threads/Fib_postJoin_accessible.key.proof 
424958     DEBUG main            d.u.i.k.p.i.AbstractProblemLoader Environment load took 96.9ns 
424959     INFO  main            d.u.i.k.p.i.AbstractProblemLoader Creating init config 
430186     DEBUG main            d.u.i.k.p.i.AbstractProblemLoader Init config took 5.23s 
430276     INFO  main            d.u.i.k.p.i.AbstractProblemLoader Replaying proof Fib[ThreadSpec::postJoin(java.lang.Object)].JML accessible clause.0 
430283     DEBUG main            d.u.i.k.p.i.IntermediateProofReplayer Proof replay took 5.36ms 
430284     DEBUG main            d.u.i.k.p.r.p.TestFile    ... success: reloaded. 
430285     INFO  main            d.u.i.k.p.r.p.TestFile    Now processing file /home/runner/work/key/key/key.core/../key.ui/examples/heap/permissions/threads/Fib_preStart_accessible.key 
430285     INFO  main            d.u.i.k.p.i.AbstractProblemLoader Loading environment from /home/runner/work/key/key/key.core/../key.ui/examples/heap/permissions/threads/Fib_preStart_accessible.key 
430285     DEBUG main            d.u.i.k.p.i.AbstractProblemLoader Environment load took 100.1ns 
430286     INFO  main            d.u.i.k.p.i.AbstractProblemLoader Creating init config 
435710     DEBUG main            d.u.i.k.p.i.AbstractProblemLoader Init config took 5.42s 
435801     INFO  main            d.u.i.k.p.i.AbstractProblemLoader Replaying proof Fib[ThreadSpec::preStart(java.lang.Object)].JML accessible clause.0 
435802     DEBUG main            d.u.i.k.p.i.IntermediateProofReplayer Proof replay took 8.4ns 
435904     INFO  main            d.u.i.k.p.r.p.TestFile    ... finished proof: closed. 
436422     INFO  main            d.u.i.k.p.i.AbstractProblemLoader Loading environment from /home/runner/work/key/key/key.core/../key.ui/examples/heap/permissions/threads/Fib_preStart_accessible.key.proof 
436422     DEBUG main            d.u.i.k.p.i.AbstractProblemLoader Environment load took 126.2ns 
436423     INFO  main            d.u.i.k.p.i.AbstractProblemLoader Creating init config 
441405     DEBUG main            d.u.i.k.p.i.AbstractProblemLoader Init config took 4.98s 
441498     INFO  main            d.u.i.k.p.i.AbstractProblemLoader Replaying proof Fib[ThreadSpec::preStart(java.lang.Object)].JML accessible clause.0 
441505     DEBUG main            d.u.i.k.p.i.IntermediateProofReplayer Proof replay took 5.64ms 
441506     DEBUG main            d.u.i.k.p.r.p.TestFile    ... success: reloaded. 
441507     INFO  main            d.u.i.k.p.r.p.TestFile    Now processing file /home/runner/work/key/key/key.core/../key.ui/examples/heap/permissions/threads/Fib_startTransfer_accessible.key 
441507     INFO  main            d.u.i.k.p.i.AbstractProblemLoader Loading environment from /home/runner/work/key/key/key.core/../key.ui/examples/heap/permissions/threads/Fib_startTransfer_accessible.key 
441508     DEBUG main            d.u.i.k.p.i.AbstractProblemLoader Environment load took 112.1ns 
441508     INFO  main            d.u.i.k.p.i.AbstractProblemLoader Creating init config 
446548     DEBUG main            d.u.i.k.p.i.AbstractProblemLoader Init config took 5.04s 
446634     INFO  main            d.u.i.k.p.i.AbstractProblemLoader Replaying proof Fib[ThreadSpec::startTransfer()].JML accessible clause.0 
446636     DEBUG main            d.u.i.k.p.i.IntermediateProofReplayer Proof replay took 8.1ns 
446842     INFO  main            d.u.i.k.p.r.p.TestFile    ... finished proof: closed. 
447346     INFO  main            d.u.i.k.p.i.AbstractProblemLoader Loading environment from /home/runner/work/key/key/key.core/../key.ui/examples/heap/permissions/threads/Fib_startTransfer_accessible.key.proof 
447346     DEBUG main            d.u.i.k.p.i.AbstractProblemLoader Environment load took 127.2ns 
447347     INFO  main            d.u.i.k.p.i.AbstractProblemLoader Creating init config 
452370     DEBUG main            d.u.i.k.p.i.AbstractProblemLoader Init config took 5.02s 
452456     INFO  main            d.u.i.k.p.i.AbstractProblemLoader Replaying proof Fib[ThreadSpec::startTransfer()].JML accessible clause.0 
452483     DEBUG main            d.u.i.k.p.i.IntermediateProofReplayer Proof replay took 24.57ms 
452484     DEBUG main            d.u.i.k.p.r.p.TestFile    ... success: reloaded. 
452485     INFO  main            d.u.i.k.p.r.p.TestFile    Now processing file /home/runner/work/key/key/key.core/../key.ui/examples/heap/permissions/threads/Fib_startTransfer_contract.key 
452486     INFO  main            d.u.i.k.p.i.AbstractProblemLoader Loading environment from /home/runner/work/key/key/key.core/../key.ui/examples/heap/permissions/threads/Fib_startTransfer_contract.key 
452486     DEBUG main            d.u.i.k.p.i.AbstractProblemLoader Environment load took 197.3ns 
452487     INFO  main            d.u.i.k.p.i.AbstractProblemLoader Creating init config 
457615     DEBUG main            d.u.i.k.p.i.AbstractProblemLoader Init config took 5.13s 
457705     INFO  main            d.u.i.k.p.i.AbstractProblemLoader Replaying proof Fib[ThreadSpec::startTransfer()].JML model_behavior operation contract.0 
457707     DEBUG main            d.u.i.k.p.i.IntermediateProofReplayer Proof replay took 7.4ns 
457809     INFO  main            d.u.i.k.p.r.p.TestFile    ... finished proof: closed. 
458312     INFO  main            d.u.i.k.p.i.AbstractProblemLoader Loading environment from /home/runner/work/key/key/key.core/../key.ui/examples/heap/permissions/threads/Fib_startTransfer_contract.key.proof 
458312     DEBUG main            d.u.i.k.p.i.AbstractProblemLoader Environment load took 109.7ns 
458313     INFO  main            d.u.i.k.p.i.AbstractProblemLoader Creating init config 
463305     DEBUG main            d.u.i.k.p.i.AbstractProblemLoader Init config took 4.99s 
463383     INFO  main            d.u.i.k.p.i.AbstractProblemLoader Replaying proof Fib[ThreadSpec::startTransfer()].JML model_behavior operation contract.0 
463392     DEBUG main            d.u.i.k.p.i.IntermediateProofReplayer Proof replay took 7.07ms 
463392     DEBUG main            d.u.i.k.p.r.p.TestFile    ... success: reloaded. 
463393     INFO  main            d.u.i.k.p.r.p.TestFile    Now processing file /home/runner/work/key/key/key.core/../key.ui/examples/heap/permissions/threads/Fib_workingPermissions_accessible.key 
463394     INFO  main            d.u.i.k.p.i.AbstractProblemLoader Loading environment from /home/runner/work/key/key/key.core/../key.ui/examples/heap/permissions/threads/Fib_workingPermissions_accessible.key 
463394     DEBUG main            d.u.i.k.p.i.AbstractProblemLoader Environment load took 72.4ns 
463394     INFO  main            d.u.i.k.p.i.AbstractProblemLoader Creating init config 
468322     DEBUG main            d.u.i.k.p.i.AbstractProblemLoader Init config took 4.93s 
468410     INFO  main            d.u.i.k.p.i.AbstractProblemLoader Replaying proof Fib[ThreadSpec::workingPermissions()].JML accessible clause.0 
468412     DEBUG main            d.u.i.k.p.i.IntermediateProofReplayer Proof replay took 7.5ns 
468513     INFO  main            d.u.i.k.p.r.p.TestFile    ... finished proof: closed. 
469005     INFO  main            d.u.i.k.p.i.AbstractProblemLoader Loading environment from /home/runner/work/key/key/key.core/../key.ui/examples/heap/permissions/threads/Fib_workingPermissions_accessible.key.proof 
469005     DEBUG main            d.u.i.k.p.i.AbstractProblemLoader Environment load took 116.7ns 
469006     INFO  main            d.u.i.k.p.i.AbstractProblemLoader Creating init config 
473861     DEBUG main            d.u.i.k.p.i.AbstractProblemLoader Init config took 4.85s 
473945     INFO  main            d.u.i.k.p.i.AbstractProblemLoader Replaying proof Fib[ThreadSpec::workingPermissions()].JML accessible clause.0 
473949     DEBUG main            d.u.i.k.p.i.IntermediateProofReplayer Proof replay took 1.96ms 
473949     DEBUG main            d.u.i.k.p.r.p.TestFile    ... success: reloaded. 
473951     INFO  main            d.u.i.k.p.r.p.TestFile    Now processing file /home/runner/work/key/key/key.core/../key.ui/examples/heap/permissions/threads/Plotter_initPost_accessible.key 
473951     INFO  main            d.u.i.k.p.i.AbstractProblemLoader Loading environment from /home/runner/work/key/key/key.core/../key.ui/examples/heap/permissions/threads/Plotter_initPost_accessible.key 
473951     DEBUG main            d.u.i.k.p.i.AbstractProblemLoader Environment load took 91.8ns 
473952     INFO  main            d.u.i.k.p.i.AbstractProblemLoader Creating init config 
478937     DEBUG main            d.u.i.k.p.i.AbstractProblemLoader Init config took 4.99s 
479031     INFO  main            d.u.i.k.p.i.AbstractProblemLoader Replaying proof Plotter[ThreadSpec2::initPost()].JML accessible clause.0 
479033     DEBUG main            d.u.i.k.p.i.IntermediateProofReplayer Proof replay took 8ns 
479135     INFO  main            d.u.i.k.p.r.p.TestFile    ... finished proof: closed. 
479635     INFO  main            d.u.i.k.p.i.AbstractProblemLoader Loading environment from /home/runner/work/key/key/key.core/../key.ui/examples/heap/permissions/threads/Plotter_initPost_accessible.key.proof 
479636     DEBUG main            d.u.i.k.p.i.AbstractProblemLoader Environment load took 97.8ns 
479637     INFO  main            d.u.i.k.p.i.AbstractProblemLoader Creating init config 
484564     DEBUG main            d.u.i.k.p.i.AbstractProblemLoader Init config took 4.93s 
484655     INFO  main            d.u.i.k.p.i.AbstractProblemLoader Replaying proof Plotter[ThreadSpec2::initPost()].JML accessible clause.0 
484667     DEBUG main            d.u.i.k.p.i.IntermediateProofReplayer Proof replay took 10.48ms 
484668     DEBUG main            d.u.i.k.p.r.p.TestFile    ... success: reloaded. 
484669     INFO  main            d.u.i.k.p.r.p.TestFile    Now processing file /home/runner/work/key/key/key.core/../key.ui/examples/heap/permissions/threads/Plotter_inv_accessible1.key 
484670     INFO  main            d.u.i.k.p.i.AbstractProblemLoader Loading environment from /home/runner/work/key/key/key.core/../key.ui/examples/heap/permissions/threads/Plotter_inv_accessible1.key 
484670     DEBUG main            d.u.i.k.p.i.AbstractProblemLoader Environment load took 55.7ns 
484671     INFO  main            d.u.i.k.p.i.AbstractProblemLoader Creating init config 
489815     DEBUG main            d.u.i.k.p.i.AbstractProblemLoader Init config took 5.14s 
489897     INFO  main            d.u.i.k.p.i.AbstractProblemLoader Replaying proof Plotter[java.lang.Object::<inv>()].JML accessible clause.0 
489898     DEBUG main            d.u.i.k.p.i.IntermediateProofReplayer Proof replay took 8.2ns 
490000     INFO  main            d.u.i.k.p.r.p.TestFile    ... finished proof: closed. 
490542     INFO  main            d.u.i.k.p.i.AbstractProblemLoader Loading environment from /home/runner/work/key/key/key.core/../key.ui/examples/heap/permissions/threads/Plotter_inv_accessible1.key.proof 
490543     DEBUG main            d.u.i.k.p.i.AbstractProblemLoader Environment load took 81ns 
490543     INFO  main            d.u.i.k.p.i.AbstractProblemLoader Creating init config 
495536     DEBUG main            d.u.i.k.p.i.AbstractProblemLoader Init config took 4.99s 
495623     INFO  main            d.u.i.k.p.i.AbstractProblemLoader Replaying proof Plotter[java.lang.Object::<inv>()].JML accessible clause.0 
495626     DEBUG main            d.u.i.k.p.i.IntermediateProofReplayer Proof replay took 1.76ms 
495627     DEBUG main            d.u.i.k.p.r.p.TestFile    ... success: reloaded. 
495628     INFO  main            d.u.i.k.p.r.p.TestFile    Now processing file /home/runner/work/key/key/key.core/../key.ui/examples/heap/permissions/threads/Plotter_inv_accessible2.key 
495628     INFO  main            d.u.i.k.p.i.AbstractProblemLoader Loading environment from /home/runner/work/key/key/key.core/../key.ui/examples/heap/permissions/threads/Plotter_inv_accessible2.key 
495628     DEBUG main            d.u.i.k.p.i.AbstractProblemLoader Environment load took 55.9ns 
495629     INFO  main            d.u.i.k.p.i.AbstractProblemLoader Creating init config 
500547     DEBUG main            d.u.i.k.p.i.AbstractProblemLoader Init config took 4.92s 
500627     INFO  main            d.u.i.k.p.i.AbstractProblemLoader Replaying proof Plotter[java.lang.Object::<inv>()].JML accessible clause.1 
500629     DEBUG main            d.u.i.k.p.i.IntermediateProofReplayer Proof replay took 7.9ns 
500730     INFO  main            d.u.i.k.p.r.p.TestFile    ... finished proof: closed. 
501256     INFO  main            d.u.i.k.p.i.AbstractProblemLoader Loading environment from /home/runner/work/key/key/key.core/../key.ui/examples/heap/permissions/threads/Plotter_inv_accessible2.key.proof 
501256     DEBUG main            d.u.i.k.p.i.AbstractProblemLoader Environment load took 96.1ns 
501257     INFO  main            d.u.i.k.p.i.AbstractProblemLoader Creating init config 
506097     DEBUG main            d.u.i.k.p.i.AbstractProblemLoader Init config took 4.84s 
506184     INFO  main            d.u.i.k.p.i.AbstractProblemLoader Replaying proof Plotter[java.lang.Object::<inv>()].JML accessible clause.1 
506188     DEBUG main            d.u.i.k.p.i.IntermediateProofReplayer Proof replay took 1.5ms 
506188     DEBUG main            d.u.i.k.p.r.p.TestFile    ... success: reloaded. 
506189     INFO  main            d.u.i.k.p.r.p.TestFile    Now processing file /home/runner/work/key/key/key.core/../key.ui/examples/heap/permissions/threads/Plotter_joinTransfer_contract.key 
506190     INFO  main            d.u.i.k.p.i.AbstractProblemLoader Loading environment from /home/runner/work/key/key/key.core/../key.ui/examples/heap/permissions/threads/Plotter_joinTransfer_contract.key 
506190     DEBUG main            d.u.i.k.p.i.AbstractProblemLoader Environment load took 77.4ns 
506191     INFO  main            d.u.i.k.p.i.AbstractProblemLoader Creating init config 
511076     DEBUG main            d.u.i.k.p.i.AbstractProblemLoader Init config took 4.89s 
511184     INFO  main            d.u.i.k.p.i.AbstractProblemLoader Replaying proof Plotter[ThreadSpec2::joinTransfer()].JML model_behavior operation contract.0 
511186     DEBUG main            d.u.i.k.p.i.IntermediateProofReplayer Proof replay took 8.3ns 
511288     INFO  main            d.u.i.k.p.r.p.TestFile    ... finished proof: closed. 
511849     INFO  main            d.u.i.k.p.i.AbstractProblemLoader Loading environment from /home/runner/work/key/key/key.core/../key.ui/examples/heap/permissions/threads/Plotter_joinTransfer_contract.key.proof 
511849     DEBUG main            d.u.i.k.p.i.AbstractProblemLoader Environment load took 84.4ns 
511850     INFO  main            d.u.i.k.p.i.AbstractProblemLoader Creating init config 
516773     DEBUG main            d.u.i.k.p.i.AbstractProblemLoader Init config took 4.92s 
516873     INFO  main            d.u.i.k.p.i.AbstractProblemLoader Replaying proof Plotter[ThreadSpec2::joinTransfer()].JML model_behavior operation contract.0 
516883     DEBUG main            d.u.i.k.p.i.IntermediateProofReplayer Proof replay took 8.29ms 
516884     DEBUG main            d.u.i.k.p.r.p.TestFile    ... success: reloaded. 
516885     INFO  main            d.u.i.k.p.r.p.TestFile    Now processing file /home/runner/work/key/key/key.core/../key.ui/examples/heap/permissions/threads/Plotter_Plotter.key 
516886     INFO  main            d.u.i.k.p.i.AbstractProblemLoader Loading environment from /home/runner/work/key/key/key.core/../key.ui/examples/heap/permissions/threads/Plotter_Plotter.key 
516886     DEBUG main            d.u.i.k.p.i.AbstractProblemLoader Environment load took 71.6ns 
516886     INFO  main            d.u.i.k.p.i.AbstractProblemLoader Creating init config 
521829     DEBUG main            d.u.i.k.p.i.AbstractProblemLoader Init config took 4.94s 
521917     INFO  main            d.u.i.k.p.i.AbstractProblemLoader Replaying proof Plotter[Plotter::Plotter(AFilter,BFilter,Buffer)].JML normal_behavior operation contract.0 
521919     DEBUG main            d.u.i.k.p.i.IntermediateProofReplayer Proof replay took 8.6ns 
523769     INFO  main            d.u.i.k.p.r.p.TestFile    ... finished proof: closed. 
524356     INFO  main            d.u.i.k.p.i.AbstractProblemLoader Loading environment from /home/runner/work/key/key/key.core/../key.ui/examples/heap/permissions/threads/Plotter_Plotter.key.proof 
524356     DEBUG main            d.u.i.k.p.i.AbstractProblemLoader Environment load took 83.7ns 
524358     INFO  main            d.u.i.k.p.i.AbstractProblemLoader Creating init config 
529306     DEBUG main            d.u.i.k.p.i.AbstractProblemLoader Init config took 4.95s 
529396     INFO  main            d.u.i.k.p.i.AbstractProblemLoader Replaying proof Plotter[Plotter::Plotter(AFilter,BFilter,Buffer)].JML normal_behavior operation contract.0 
529585     DEBUG main            d.u.i.k.p.i.IntermediateProofReplayer Proof replay took 183.31ms 
529586     DEBUG main            d.u.i.k.p.r.p.TestFile    ... success: reloaded. 
529588     INFO  main            d.u.i.k.p.r.p.TestFile    Now processing file /home/runner/work/key/key/key.core/../key.ui/examples/heap/permissions/threads/Plotter_postJoin_accessible.key 
529588     INFO  main            d.u.i.k.p.i.AbstractProblemLoader Loading environment from /home/runner/work/key/key/key.core/../key.ui/examples/heap/permissions/threads/Plotter_postJoin_accessible.key 
529588     DEBUG main            d.u.i.k.p.i.AbstractProblemLoader Environment load took 113.4ns 
529589     INFO  main            d.u.i.k.p.i.AbstractProblemLoader Creating init config 
534553     DEBUG main            d.u.i.k.p.i.AbstractProblemLoader Init config took 4.96s 
534653     INFO  main            d.u.i.k.p.i.AbstractProblemLoader Replaying proof Plotter[ThreadSpec2::postJoin(java.lang.Object)].JML accessible clause.0 
534655     DEBUG main            d.u.i.k.p.i.IntermediateProofReplayer Proof replay took 7.6ns 
534757     INFO  main            d.u.i.k.p.r.p.TestFile    ... finished proof: closed. 
535313     INFO  main            d.u.i.k.p.i.AbstractProblemLoader Loading environment from /home/runner/work/key/key/key.core/../key.ui/examples/heap/permissions/threads/Plotter_postJoin_accessible.key.proof 
535313     DEBUG main            d.u.i.k.p.i.AbstractProblemLoader Environment load took 81.6ns 
535314     INFO  main            d.u.i.k.p.i.AbstractProblemLoader Creating init config 
540300     DEBUG main            d.u.i.k.p.i.AbstractProblemLoader Init config took 4.99s 
540393     INFO  main            d.u.i.k.p.i.AbstractProblemLoader Replaying proof Plotter[ThreadSpec2::postJoin(java.lang.Object)].JML accessible clause.0 
540405     DEBUG main            d.u.i.k.p.i.IntermediateProofReplayer Proof replay took 10.29ms 
540407     DEBUG main            d.u.i.k.p.r.p.TestFile    ... success: reloaded. 
540408     INFO  main            d.u.i.k.p.r.p.TestFile    Now processing file /home/runner/work/key/key/key.core/../key.ui/examples/heap/permissions/threads/Plotter_preStart_accessible.key 
540408     INFO  main            d.u.i.k.p.i.AbstractProblemLoader Loading environment from /home/runner/work/key/key/key.core/../key.ui/examples/heap/permissions/threads/Plotter_preStart_accessible.key 
540408     DEBUG main            d.u.i.k.p.i.AbstractProblemLoader Environment load took 221.8ns 
540409     INFO  main            d.u.i.k.p.i.AbstractProblemLoader Creating init config 
545422     DEBUG main            d.u.i.k.p.i.AbstractProblemLoader Init config took 5.01s 
545506     INFO  main            d.u.i.k.p.i.AbstractProblemLoader Replaying proof Plotter[ThreadSpec2::preStart(java.lang.Object)].JML accessible clause.0 
545508     DEBUG main            d.u.i.k.p.i.IntermediateProofReplayer Proof replay took 13.8ns 
546616     INFO  main            d.u.i.k.p.r.p.TestFile    ... finished proof: closed. 
547183     INFO  main            d.u.i.k.p.i.AbstractProblemLoader Loading environment from /home/runner/work/key/key/key.core/../key.ui/examples/heap/permissions/threads/Plotter_preStart_accessible.key.proof 
547183     DEBUG main            d.u.i.k.p.i.AbstractProblemLoader Environment load took 84.9ns 
547184     INFO  main            d.u.i.k.p.i.AbstractProblemLoader Creating init config 
552240     DEBUG main            d.u.i.k.p.i.AbstractProblemLoader Init config took 5.06s 
552324     INFO  main            d.u.i.k.p.i.AbstractProblemLoader Replaying proof Plotter[ThreadSpec2::preStart(java.lang.Object)].JML accessible clause.0 
552380     DEBUG main            d.u.i.k.p.i.IntermediateProofReplayer Proof replay took 51.73ms 
552381     DEBUG main            d.u.i.k.p.r.p.TestFile    ... success: reloaded. 
552382     INFO  main            d.u.i.k.p.r.p.TestFile    Now processing file /home/runner/work/key/key/key.core/../key.ui/examples/heap/permissions/threads/Plotter_stateInv_accessible.key 
552382     INFO  main            d.u.i.k.p.i.AbstractProblemLoader Loading environment from /home/runner/work/key/key/key.core/../key.ui/examples/heap/permissions/threads/Plotter_stateInv_accessible.key 
552382     DEBUG main            d.u.i.k.p.i.AbstractProblemLoader Environment load took 135.5ns 
552383     INFO  main            d.u.i.k.p.i.AbstractProblemLoader Creating init config 
557464     DEBUG main            d.u.i.k.p.i.AbstractProblemLoader Init config took 5.08s 
557566     INFO  main            d.u.i.k.p.i.AbstractProblemLoader Replaying proof Plotter[ThreadSpec2::stateInv()].JML accessible clause.0 
557568     DEBUG main            d.u.i.k.p.i.IntermediateProofReplayer Proof replay took 8.7ns 
565558     INFO  main            d.u.i.k.p.r.p.TestFile    ... finished proof: closed. 
566155     INFO  main            d.u.i.k.p.i.AbstractProblemLoader Loading environment from /home/runner/work/key/key/key.core/../key.ui/examples/heap/permissions/threads/Plotter_stateInv_accessible.key.proof 
566155     DEBUG main            d.u.i.k.p.i.AbstractProblemLoader Environment load took 93.3ns 
566157     INFO  main            d.u.i.k.p.i.AbstractProblemLoader Creating init config 
570966     DEBUG main            d.u.i.k.p.i.AbstractProblemLoader Init config took 4.81s 
571065     INFO  main            d.u.i.k.p.i.AbstractProblemLoader Replaying proof Plotter[ThreadSpec2::stateInv()].JML accessible clause.0 
571477     DEBUG main            d.u.i.k.p.i.IntermediateProofReplayer Proof replay took 396.22ms 
571479     DEBUG main            d.u.i.k.p.r.p.TestFile    ... success: reloaded. 
571480     INFO  main            d.u.i.k.p.r.p.TestFile    Now processing file /home/runner/work/key/key/key.core/../key.ui/examples/heap/permissions/threads/Plotter_staticPermissions_accessible.key 
571481     INFO  main            d.u.i.k.p.i.AbstractProblemLoader Loading environment from /home/runner/work/key/key/key.core/../key.ui/examples/heap/permissions/threads/Plotter_staticPermissions_accessible.key 
571481     DEBUG main            d.u.i.k.p.i.AbstractProblemLoader Environment load took 86.6ns 
571482     INFO  main            d.u.i.k.p.i.AbstractProblemLoader Creating init config 
576416     DEBUG main            d.u.i.k.p.i.AbstractProblemLoader Init config took 4.93s 
576500     INFO  main            d.u.i.k.p.i.AbstractProblemLoader Replaying proof Plotter[ThreadSpec2::staticPermissions()].JML accessible clause.0 
576502     DEBUG main            d.u.i.k.p.i.IntermediateProofReplayer Proof replay took 59.3ns 
577405     INFO  main            d.u.i.k.p.r.p.TestFile    ... finished proof: closed. 
577994     INFO  main            d.u.i.k.p.i.AbstractProblemLoader Loading environment from /home/runner/work/key/key/key.core/../key.ui/examples/heap/permissions/threads/Plotter_staticPermissions_accessible.key.proof 
577994     DEBUG main            d.u.i.k.p.i.AbstractProblemLoader Environment load took 117.4ns 
577995     INFO  main            d.u.i.k.p.i.AbstractProblemLoader Creating init config 
582848     DEBUG main            d.u.i.k.p.i.AbstractProblemLoader Init config took 4.85s 
582927     INFO  main            d.u.i.k.p.i.AbstractProblemLoader Replaying proof Plotter[ThreadSpec2::staticPermissions()].JML accessible clause.0 
582981     DEBUG main            d.u.i.k.p.i.IntermediateProofReplayer Proof replay took 51.15ms 
582982     DEBUG main            d.u.i.k.p.r.p.TestFile    ... success: reloaded. 
582983     INFO  main            d.u.i.k.p.r.p.TestFile    Now processing file /home/runner/work/key/key/key.core/../key.ui/examples/heap/permissions/threads/Plotter_workingPermissions_accessible.key 
582984     INFO  main            d.u.i.k.p.i.AbstractProblemLoader Loading environment from /home/runner/work/key/key/key.core/../key.ui/examples/heap/permissions/threads/Plotter_workingPermissions_accessible.key 
582984     DEBUG main            d.u.i.k.p.i.AbstractProblemLoader Environment load took 97.2ns 
582985     INFO  main            d.u.i.k.p.i.AbstractProblemLoader Creating init config 
587870     DEBUG main            d.u.i.k.p.i.AbstractProblemLoader Init config took 4.89s 
587952     INFO  main            d.u.i.k.p.i.AbstractProblemLoader Replaying proof Plotter[ThreadSpec2::workingPermissions()].JML accessible clause.0 
587954     DEBUG main            d.u.i.k.p.i.IntermediateProofReplayer Proof replay took 3.7ns 
588156     INFO  main            d.u.i.k.p.r.p.TestFile    ... finished proof: closed. 
588741     INFO  main            d.u.i.k.p.i.AbstractProblemLoader Loading environment from /home/runner/work/key/key/key.core/../key.ui/examples/heap/permissions/threads/Plotter_workingPermissions_accessible.key.proof 
588741     DEBUG main            d.u.i.k.p.i.AbstractProblemLoader Environment load took 86.4ns 
588742     INFO  main            d.u.i.k.p.i.AbstractProblemLoader Creating init config 
593757     DEBUG main            d.u.i.k.p.i.AbstractProblemLoader Init config took 5.02s 
593849     INFO  main            d.u.i.k.p.i.AbstractProblemLoader Replaying proof Plotter[ThreadSpec2::workingPermissions()].JML accessible clause.0 
593864     DEBUG main            d.u.i.k.p.i.IntermediateProofReplayer Proof replay took 12.97ms 
593865     DEBUG main            d.u.i.k.p.r.p.TestFile    ... success: reloaded. 
593866     INFO  main            d.u.i.k.p.r.p.TestFile    Now processing file /home/runner/work/key/key/key.core/../key.ui/examples/heap/permissions/threads/Sampler_initPost_accessible.key 
593867     INFO  main            d.u.i.k.p.i.AbstractProblemLoader Loading environment from /home/runner/work/key/key/key.core/../key.ui/examples/heap/permissions/threads/Sampler_initPost_accessible.key 
593867     DEBUG main            d.u.i.k.p.i.AbstractProblemLoader Environment load took 129.6ns 
593868     INFO  main            d.u.i.k.p.i.AbstractProblemLoader Creating init config 
599047     DEBUG main            d.u.i.k.p.i.AbstractProblemLoader Init config took 5.18s 
599136     INFO  main            d.u.i.k.p.i.AbstractProblemLoader Replaying proof Sampler[ThreadSpec2::initPost()].JML accessible clause.0 
599137     DEBUG main            d.u.i.k.p.i.IntermediateProofReplayer Proof replay took 4ns 
599240     INFO  main            d.u.i.k.p.r.p.TestFile    ... finished proof: closed. 
599850     INFO  main            d.u.i.k.p.i.AbstractProblemLoader Loading environment from /home/runner/work/key/key/key.core/../key.ui/examples/heap/permissions/threads/Sampler_initPost_accessible.key.proof 
599850     DEBUG main            d.u.i.k.p.i.AbstractProblemLoader Environment load took 79.7ns 
599850     INFO  main            d.u.i.k.p.i.AbstractProblemLoader Creating init config 
604785     DEBUG main            d.u.i.k.p.i.AbstractProblemLoader Init config took 4.93s 
604875     INFO  main            d.u.i.k.p.i.AbstractProblemLoader Replaying proof Sampler[ThreadSpec2::initPost()].JML accessible clause.0 
604882     DEBUG main            d.u.i.k.p.i.IntermediateProofReplayer Proof replay took 4.74ms 
604883     DEBUG main            d.u.i.k.p.r.p.TestFile    ... success: reloaded. 
604884     INFO  main            d.u.i.k.p.r.p.TestFile    Now processing file /home/runner/work/key/key/key.core/../key.ui/examples/heap/permissions/threads/Sampler_inv_accessible1.key 
604884     INFO  main            d.u.i.k.p.i.AbstractProblemLoader Loading environment from /home/runner/work/key/key/key.core/../key.ui/examples/heap/permissions/threads/Sampler_inv_accessible1.key 
604884     DEBUG main            d.u.i.k.p.i.AbstractProblemLoader Environment load took 98.8ns 
604885     INFO  main            d.u.i.k.p.i.AbstractProblemLoader Creating init config 
610705     DEBUG main            d.u.i.k.p.i.AbstractProblemLoader Init config took 5.82s 
610805     INFO  main            d.u.i.k.p.i.AbstractProblemLoader Replaying proof Sampler[java.lang.Object::<inv>()].JML accessible clause.0 
610807     DEBUG main            d.u.i.k.p.i.IntermediateProofReplayer Proof replay took 4.1ns 
610909     INFO  main            d.u.i.k.p.r.p.TestFile    ... finished proof: closed. 
611590     INFO  main            d.u.i.k.p.i.AbstractProblemLoader Loading environment from /home/runner/work/key/key/key.core/../key.ui/examples/heap/permissions/threads/Sampler_inv_accessible1.key.proof 
611590     DEBUG main            d.u.i.k.p.i.AbstractProblemLoader Environment load took 82.4ns 
611591     INFO  main            d.u.i.k.p.i.AbstractProblemLoader Creating init config 
617371     DEBUG main            d.u.i.k.p.i.AbstractProblemLoader Init config took 5.78s 
617469     INFO  main            d.u.i.k.p.i.AbstractProblemLoader Replaying proof Sampler[java.lang.Object::<inv>()].JML accessible clause.0 
617473     DEBUG main            d.u.i.k.p.i.IntermediateProofReplayer Proof replay took 1.66ms 
617473     DEBUG main            d.u.i.k.p.r.p.TestFile    ... success: reloaded. 
617474     INFO  main            d.u.i.k.p.r.p.TestFile    Now processing file /home/runner/work/key/key/key.core/../key.ui/examples/heap/permissions/threads/Sampler_inv_accessible2.key 
617474     INFO  main            d.u.i.k.p.i.AbstractProblemLoader Loading environment from /home/runner/work/key/key/key.core/../key.ui/examples/heap/permissions/threads/Sampler_inv_accessible2.key 
617475     DEBUG main            d.u.i.k.p.i.AbstractProblemLoader Environment load took 262.8ns 
617476     INFO  main            d.u.i.k.p.i.AbstractProblemLoader Creating init config 
623327     DEBUG main            d.u.i.k.p.i.AbstractProblemLoader Init config took 5.85s 
623443     INFO  main            d.u.i.k.p.i.AbstractProblemLoader Replaying proof Sampler[java.lang.Object::<inv>()].JML accessible clause.1 
623445     DEBUG main            d.u.i.k.p.i.IntermediateProofReplayer Proof replay took 4.1ns 
623547     INFO  main            d.u.i.k.p.r.p.TestFile    ... finished proof: closed. 
624218     INFO  main            d.u.i.k.p.i.AbstractProblemLoader Loading environment from /home/runner/work/key/key/key.core/../key.ui/examples/heap/permissions/threads/Sampler_inv_accessible2.key.proof 
624218     DEBUG main            d.u.i.k.p.i.AbstractProblemLoader Environment load took 104.3ns 
624219     INFO  main            d.u.i.k.p.i.AbstractProblemLoader Creating init config 
629984     DEBUG main            d.u.i.k.p.i.AbstractProblemLoader Init config took 5.76s 
630079     INFO  main            d.u.i.k.p.i.AbstractProblemLoader Replaying proof Sampler[java.lang.Object::<inv>()].JML accessible clause.1 
630101     DEBUG main            d.u.i.k.p.i.IntermediateProofReplayer Proof replay took 20.33ms 
630102     DEBUG main            d.u.i.k.p.r.p.TestFile    ... success: reloaded. 
630103     INFO  main            d.u.i.k.p.r.p.TestFile    Now processing file /home/runner/work/key/key/key.core/../key.ui/examples/heap/permissions/threads/Sampler_joinTransfer_accessible.key 
630103     INFO  main            d.u.i.k.p.i.AbstractProblemLoader Loading environment from /home/runner/work/key/key/key.core/../key.ui/examples/heap/permissions/threads/Sampler_joinTransfer_accessible.key 
630103     DEBUG main            d.u.i.k.p.i.AbstractProblemLoader Environment load took 95.1ns 
630104     INFO  main            d.u.i.k.p.i.AbstractProblemLoader Creating init config 
636045     DEBUG main            d.u.i.k.p.i.AbstractProblemLoader Init config took 5.94s 
636149     INFO  main            d.u.i.k.p.i.AbstractProblemLoader Replaying proof Sampler[ThreadSpec2::joinTransfer()].JML accessible clause.0 
636153     DEBUG main            d.u.i.k.p.i.IntermediateProofReplayer Proof replay took 4.7ns 
640293     INFO  main            d.u.i.k.p.r.p.TestFile    ... finished proof: closed. 
640998     INFO  main            d.u.i.k.p.i.AbstractProblemLoader Loading environment from /home/runner/work/key/key/key.core/../key.ui/examples/heap/permissions/threads/Sampler_joinTransfer_accessible.key.proof 
640999     DEBUG main            d.u.i.k.p.i.AbstractProblemLoader Environment load took 204.4ns 
641000     INFO  main            d.u.i.k.p.i.AbstractProblemLoader Creating init config 
645985     DEBUG main            d.u.i.k.p.i.AbstractProblemLoader Init config took 4.98s 
646070     INFO  main            d.u.i.k.p.i.AbstractProblemLoader Replaying proof Sampler[ThreadSpec2::joinTransfer()].JML accessible clause.0 
646540     DEBUG main            d.u.i.k.p.i.IntermediateProofReplayer Proof replay took 457.91ms 
646542     DEBUG main            d.u.i.k.p.r.p.TestFile    ... success: reloaded. 
646542     INFO  main            d.u.i.k.p.r.p.TestFile    Now processing file /home/runner/work/key/key/key.core/../key.ui/examples/heap/permissions/threads/Sampler_joinTransfer_contract.key 
646543     INFO  main            d.u.i.k.p.i.AbstractProblemLoader Loading environment from /home/runner/work/key/key/key.core/../key.ui/examples/heap/permissions/threads/Sampler_joinTransfer_contract.key 
646543     DEBUG main            d.u.i.k.p.i.AbstractProblemLoader Environment load took 140.8ns 
646544     INFO  main            d.u.i.k.p.i.AbstractProblemLoader Creating init config 
651508     DEBUG main            d.u.i.k.p.i.AbstractProblemLoader Init config took 4.96s 
651589     INFO  main            d.u.i.k.p.i.AbstractProblemLoader Replaying proof Sampler[ThreadSpec2::joinTransfer()].JML model_behavior operation contract.0 
651591     DEBUG main            d.u.i.k.p.i.IntermediateProofReplayer Proof replay took 3.5ns 
651693     INFO  main            d.u.i.k.p.r.p.TestFile    ... finished proof: closed. 
652333     INFO  main            d.u.i.k.p.i.AbstractProblemLoader Loading environment from /home/runner/work/key/key/key.core/../key.ui/examples/heap/permissions/threads/Sampler_joinTransfer_contract.key.proof 
652333     DEBUG main            d.u.i.k.p.i.AbstractProblemLoader Environment load took 100.9ns 
652334     INFO  main            d.u.i.k.p.i.AbstractProblemLoader Creating init config 
657268     DEBUG main            d.u.i.k.p.i.AbstractProblemLoader Init config took 4.93s 
657356     INFO  main            d.u.i.k.p.i.AbstractProblemLoader Replaying proof Sampler[ThreadSpec2::joinTransfer()].JML model_behavior operation contract.0 
657365     DEBUG main            d.u.i.k.p.i.IntermediateProofReplayer Proof replay took 7.05ms 
657366     DEBUG main            d.u.i.k.p.r.p.TestFile    ... success: reloaded. 
657367     INFO  main            d.u.i.k.p.r.p.TestFile    Now processing file /home/runner/work/key/key/key.core/../key.ui/examples/heap/permissions/threads/Sampler_postJoin_accessible.key 
657367     INFO  main            d.u.i.k.p.i.AbstractProblemLoader Loading environment from /home/runner/work/key/key/key.core/../key.ui/examples/heap/permissions/threads/Sampler_postJoin_accessible.key 
657368     DEBUG main            d.u.i.k.p.i.AbstractProblemLoader Environment load took 86.7ns 
657368     INFO  main            d.u.i.k.p.i.AbstractProblemLoader Creating init config 
662254     DEBUG main            d.u.i.k.p.i.AbstractProblemLoader Init config took 4.89s 
662362     INFO  main            d.u.i.k.p.i.AbstractProblemLoader Replaying proof Sampler[ThreadSpec2::postJoin(java.lang.Object)].JML accessible clause.0 
662364     DEBUG main            d.u.i.k.p.i.IntermediateProofReplayer Proof replay took 3.7ns 
662466     INFO  main            d.u.i.k.p.r.p.TestFile    ... finished proof: closed. 
663113     INFO  main            d.u.i.k.p.i.AbstractProblemLoader Loading environment from /home/runner/work/key/key/key.core/../key.ui/examples/heap/permissions/threads/Sampler_postJoin_accessible.key.proof 
663113     DEBUG main            d.u.i.k.p.i.AbstractProblemLoader Environment load took 85.9ns 
663114     INFO  main            d.u.i.k.p.i.AbstractProblemLoader Creating init config 
667930     DEBUG main            d.u.i.k.p.i.AbstractProblemLoader Init config took 4.82s 
668007     INFO  main            d.u.i.k.p.i.AbstractProblemLoader Replaying proof Sampler[ThreadSpec2::postJoin(java.lang.Object)].JML accessible clause.0 
668018     DEBUG main            d.u.i.k.p.i.IntermediateProofReplayer Proof replay took 8.32ms 
668019     DEBUG main            d.u.i.k.p.r.p.TestFile    ... success: reloaded. 
668020     INFO  main            d.u.i.k.p.r.p.TestFile    Now processing file /home/runner/work/key/key/key.core/../key.ui/examples/heap/permissions/threads/Sampler_preStart_accessible.key 
668021     INFO  main            d.u.i.k.p.i.AbstractProblemLoader Loading environment from /home/runner/work/key/key/key.core/../key.ui/examples/heap/permissions/threads/Sampler_preStart_accessible.key 
668021     DEBUG main            d.u.i.k.p.i.AbstractProblemLoader Environment load took 187ns 
668022     INFO  main            d.u.i.k.p.i.AbstractProblemLoader Creating init config 
672968     DEBUG main            d.u.i.k.p.i.AbstractProblemLoader Init config took 4.95s 
673055     INFO  main            d.u.i.k.p.i.AbstractProblemLoader Replaying proof Sampler[ThreadSpec2::preStart(java.lang.Object)].JML accessible clause.0 
673057     DEBUG main            d.u.i.k.p.i.IntermediateProofReplayer Proof replay took 4.5ns 
673159     INFO  main            d.u.i.k.p.r.p.TestFile    ... finished proof: closed. 
673780     INFO  main            d.u.i.k.p.i.AbstractProblemLoader Loading environment from /home/runner/work/key/key/key.core/../key.ui/examples/heap/permissions/threads/Sampler_preStart_accessible.key.proof 
673781     DEBUG main            d.u.i.k.p.i.AbstractProblemLoader Environment load took 98ns 
673781     INFO  main            d.u.i.k.p.i.AbstractProblemLoader Creating init config 
678616     DEBUG main            d.u.i.k.p.i.AbstractProblemLoader Init config took 4.83s 
678702     INFO  main            d.u.i.k.p.i.AbstractProblemLoader Replaying proof Sampler[ThreadSpec2::preStart(java.lang.Object)].JML accessible clause.0 
678714     DEBUG main            d.u.i.k.p.i.IntermediateProofReplayer Proof replay took 9.01ms 
678715     DEBUG main            d.u.i.k.p.r.p.TestFile    ... success: reloaded. 
678716     INFO  main            d.u.i.k.p.r.p.TestFile    Now processing file /home/runner/work/key/key/key.core/../key.ui/examples/heap/permissions/threads/Sampler_run.key 
678716     INFO  main            d.u.i.k.p.i.AbstractProblemLoader Loading environment from /home/runner/work/key/key/key.core/../key.ui/examples/heap/permissions/threads/Sampler_run.key 
678716     DEBUG main            d.u.i.k.p.i.AbstractProblemLoader Environment load took 87.6ns 
678717     INFO  main            d.u.i.k.p.i.AbstractProblemLoader Creating init config 
683875     DEBUG main            d.u.i.k.p.i.AbstractProblemLoader Init config took 5.16s 
683967     INFO  main            d.u.i.k.p.i.AbstractProblemLoader Replaying proof Sampler[ThreadSpec2::run()].JML normal_behavior operation contract.0 
683968     DEBUG main            d.u.i.k.p.i.IntermediateProofReplayer Proof replay took 4.2ns 
684170     INFO  main            d.u.i.k.p.r.p.TestFile    ... finished proof: closed. 
684824     INFO  main            d.u.i.k.p.i.AbstractProblemLoader Loading environment from /home/runner/work/key/key/key.core/../key.ui/examples/heap/permissions/threads/Sampler_run.key.proof 
684824     DEBUG main            d.u.i.k.p.i.AbstractProblemLoader Environment load took 83ns 
684825     INFO  main            d.u.i.k.p.i.AbstractProblemLoader Creating init config 
689763     DEBUG main            d.u.i.k.p.i.AbstractProblemLoader Init config took 4.94s 
689854     INFO  main            d.u.i.k.p.i.AbstractProblemLoader Replaying proof Sampler[ThreadSpec2::run()].JML normal_behavior operation contract.0 
689885     DEBUG main            d.u.i.k.p.i.IntermediateProofReplayer Proof replay took 29.24ms 
689886     DEBUG main            d.u.i.k.p.r.p.TestFile    ... success: reloaded. 
689887     INFO  main            d.u.i.k.p.r.p.TestFile    Now processing file /home/runner/work/key/key/key.core/../key.ui/examples/heap/permissions/threads/Sampler_Sampler.key 
689887     INFO  main            d.u.i.k.p.i.AbstractProblemLoader Loading environment from /home/runner/work/key/key/key.core/../key.ui/examples/heap/permissions/threads/Sampler_Sampler.key 
689888     DEBUG main            d.u.i.k.p.i.AbstractProblemLoader Environment load took 102.8ns 
689888     INFO  main            d.u.i.k.p.i.AbstractProblemLoader Creating init config 
695006     DEBUG main            d.u.i.k.p.i.AbstractProblemLoader Init config took 5.12s 
695095     INFO  main            d.u.i.k.p.i.AbstractProblemLoader Replaying proof Sampler[Sampler::Sampler(Buffer)].JML normal_behavior operation contract.0 
695097     DEBUG main            d.u.i.k.p.i.IntermediateProofReplayer Proof replay took 20ns 
695708     INFO  main            d.u.i.k.p.r.p.TestFile    ... finished proof: closed. 
696378     INFO  main            d.u.i.k.p.i.AbstractProblemLoader Loading environment from /home/runner/work/key/key/key.core/../key.ui/examples/heap/permissions/threads/Sampler_Sampler.key.proof 
696378     DEBUG main            d.u.i.k.p.i.AbstractProblemLoader Environment load took 79.6ns 
696379     INFO  main            d.u.i.k.p.i.AbstractProblemLoader Creating init config 
701296     DEBUG main            d.u.i.k.p.i.AbstractProblemLoader Init config took 4.92s 
701385     INFO  main            d.u.i.k.p.i.AbstractProblemLoader Replaying proof Sampler[Sampler::Sampler(Buffer)].JML normal_behavior operation contract.0 
701458     DEBUG main            d.u.i.k.p.i.IntermediateProofReplayer Proof replay took 69.85ms 
701459     DEBUG main            d.u.i.k.p.r.p.TestFile    ... success: reloaded. 
701460     INFO  main            d.u.i.k.p.r.p.TestFile    Now processing file /home/runner/work/key/key/key.core/../key.ui/examples/heap/permissions/threads/Sampler_startTransfer_accessible.key 
701460     INFO  main            d.u.i.k.p.i.AbstractProblemLoader Loading environment from /home/runner/work/key/key/key.core/../key.ui/examples/heap/permissions/threads/Sampler_startTransfer_accessible.key 
701460     DEBUG main            d.u.i.k.p.i.AbstractProblemLoader Environment load took 61ns 
701461     INFO  main            d.u.i.k.p.i.AbstractProblemLoader Creating init config 
706564     DEBUG main            d.u.i.k.p.i.AbstractProblemLoader Init config took 5.1s 
706665     INFO  main            d.u.i.k.p.i.AbstractProblemLoader Replaying proof Sampler[ThreadSpec2::startTransfer()].JML accessible clause.0 
706672     DEBUG main            d.u.i.k.p.i.IntermediateProofReplayer Proof replay took 4.7ns 
710744     INFO  main            d.u.i.k.p.r.p.TestFile    ... finished proof: closed. 
711392     INFO  main            d.u.i.k.p.i.AbstractProblemLoader Loading environment from /home/runner/work/key/key/key.core/../key.ui/examples/heap/permissions/threads/Sampler_startTransfer_accessible.key.proof 
711392     DEBUG main            d.u.i.k.p.i.AbstractProblemLoader Environment load took 103.1ns 
711393     INFO  main            d.u.i.k.p.i.AbstractProblemLoader Creating init config 
716715     DEBUG main            d.u.i.k.p.i.AbstractProblemLoader Init config took 5.32s 
716819     INFO  main            d.u.i.k.p.i.AbstractProblemLoader Replaying proof Sampler[ThreadSpec2::startTransfer()].JML accessible clause.0 
717265     DEBUG main            d.u.i.k.p.i.IntermediateProofReplayer Proof replay took 432.65ms 
717267     DEBUG main            d.u.i.k.p.r.p.TestFile    ... success: reloaded. 
717268     INFO  main            d.u.i.k.p.r.p.TestFile    Now processing file /home/runner/work/key/key/key.core/../key.ui/examples/heap/permissions/threads/Sampler_startTransfer_contract.key 
717269     INFO  main            d.u.i.k.p.i.AbstractProblemLoader Loading environment from /home/runner/work/key/key/key.core/../key.ui/examples/heap/permissions/threads/Sampler_startTransfer_contract.key 
717269     DEBUG main            d.u.i.k.p.i.AbstractProblemLoader Environment load took 94.8ns 
717270     INFO  main            d.u.i.k.p.i.AbstractProblemLoader Creating init config 
722411     DEBUG main            d.u.i.k.p.i.AbstractProblemLoader Init config took 5.14s 
722493     INFO  main            d.u.i.k.p.i.AbstractProblemLoader Replaying proof Sampler[ThreadSpec2::startTransfer()].JML model_behavior operation contract.0 
722494     DEBUG main            d.u.i.k.p.i.IntermediateProofReplayer Proof replay took 4.2ns 
722596     INFO  main            d.u.i.k.p.r.p.TestFile    ... finished proof: closed. 
723264     INFO  main            d.u.i.k.p.i.AbstractProblemLoader Loading environment from /home/runner/work/key/key/key.core/../key.ui/examples/heap/permissions/threads/Sampler_startTransfer_contract.key.proof 
723264     DEBUG main            d.u.i.k.p.i.AbstractProblemLoader Environment load took 93.4ns 
723265     INFO  main            d.u.i.k.p.i.AbstractProblemLoader Creating init config 
728273     DEBUG main            d.u.i.k.p.i.AbstractProblemLoader Init config took 5.01s 
728368     INFO  main            d.u.i.k.p.i.AbstractProblemLoader Replaying proof Sampler[ThreadSpec2::startTransfer()].JML model_behavior operation contract.0 
728379     DEBUG main            d.u.i.k.p.i.IntermediateProofReplayer Proof replay took 8.62ms 
728380     DEBUG main            d.u.i.k.p.r.p.TestFile    ... success: reloaded. 
728380     INFO  main            d.u.i.k.p.r.p.TestFile    Now processing file /home/runner/work/key/key/key.core/../key.ui/examples/heap/permissions/threads/Sampler_stateInv_accessible.key 
728381     INFO  main            d.u.i.k.p.i.AbstractProblemLoader Loading environment from /home/runner/work/key/key/key.core/../key.ui/examples/heap/permissions/threads/Sampler_stateInv_accessible.key 
728381     DEBUG main            d.u.i.k.p.i.AbstractProblemLoader Environment load took 94ns 
728383     INFO  main            d.u.i.k.p.i.AbstractProblemLoader Creating init config 
733491     DEBUG main            d.u.i.k.p.i.AbstractProblemLoader Init config took 5.11s 
733606     INFO  main            d.u.i.k.p.i.AbstractProblemLoader Replaying proof Sampler[ThreadSpec2::stateInv()].JML accessible clause.0 
733608     DEBUG main            d.u.i.k.p.i.IntermediateProofReplayer Proof replay took 4.6ns 
733710     INFO  main            d.u.i.k.p.r.p.TestFile    ... finished proof: closed. 
734427     INFO  main            d.u.i.k.p.i.AbstractProblemLoader Loading environment from /home/runner/work/key/key/key.core/../key.ui/examples/heap/permissions/threads/Sampler_stateInv_accessible.key.proof 
734427     DEBUG main            d.u.i.k.p.i.AbstractProblemLoader Environment load took 76.1ns 
734428     INFO  main            d.u.i.k.p.i.AbstractProblemLoader Creating init config 
739393     DEBUG main            d.u.i.k.p.i.AbstractProblemLoader Init config took 4.97s 
739471     INFO  main            d.u.i.k.p.i.AbstractProblemLoader Replaying proof Sampler[ThreadSpec2::stateInv()].JML accessible clause.0 
739484     DEBUG main            d.u.i.k.p.i.IntermediateProofReplayer Proof replay took 6.56ms 
739488     DEBUG main            d.u.i.k.p.r.p.TestFile    ... success: reloaded. 
739489     INFO  main            d.u.i.k.p.r.p.TestFile    Now processing file /home/runner/work/key/key/key.core/../key.ui/examples/heap/permissions/threads/Sampler_staticPermissions_accessible.key 
739489     INFO  main            d.u.i.k.p.i.AbstractProblemLoader Loading environment from /home/runner/work/key/key/key.core/../key.ui/examples/heap/permissions/threads/Sampler_staticPermissions_accessible.key 
739489     DEBUG main            d.u.i.k.p.i.AbstractProblemLoader Environment load took 72.2ns 
739490     INFO  main            d.u.i.k.p.i.AbstractProblemLoader Creating init config 
744646     DEBUG main            d.u.i.k.p.i.AbstractProblemLoader Init config took 5.16s 
744753     INFO  main            d.u.i.k.p.i.AbstractProblemLoader Replaying proof Sampler[ThreadSpec2::staticPermissions()].JML accessible clause.0 
744755     DEBUG main            d.u.i.k.p.i.IntermediateProofReplayer Proof replay took 4.2ns 
744858     INFO  main            d.u.i.k.p.r.p.TestFile    ... finished proof: closed. 
745570     INFO  main            d.u.i.k.p.i.AbstractProblemLoader Loading environment from /home/runner/work/key/key/key.core/../key.ui/examples/heap/permissions/threads/Sampler_staticPermissions_accessible.key.proof 
745571     DEBUG main            d.u.i.k.p.i.AbstractProblemLoader Environment load took 82.2ns 
745572     INFO  main            d.u.i.k.p.i.AbstractProblemLoader Creating init config 
750536     DEBUG main            d.u.i.k.p.i.AbstractProblemLoader Init config took 4.96s 
750622     INFO  main            d.u.i.k.p.i.AbstractProblemLoader Replaying proof Sampler[ThreadSpec2::staticPermissions()].JML accessible clause.0 
750627     DEBUG main            d.u.i.k.p.i.IntermediateProofReplayer Proof replay took 3.14ms 
750628     DEBUG main            d.u.i.k.p.r.p.TestFile    ... success: reloaded. 
750629     INFO  main            d.u.i.k.p.r.p.TestFile    Now processing file /home/runner/work/key/key/key.core/../key.ui/examples/heap/permissions/threads/Sampler_workingPermissions_accessible.key 
750629     INFO  main            d.u.i.k.p.i.AbstractProblemLoader Loading environment from /home/runner/work/key/key/key.core/../key.ui/examples/heap/permissions/threads/Sampler_workingPermissions_accessible.key 
750629     DEBUG main            d.u.i.k.p.i.AbstractProblemLoader Environment load took 93.2ns 
750630     INFO  main            d.u.i.k.p.i.AbstractProblemLoader Creating init config 
755666     DEBUG main            d.u.i.k.p.i.AbstractProblemLoader Init config took 5.04s 
755757     INFO  main            d.u.i.k.p.i.AbstractProblemLoader Replaying proof Sampler[ThreadSpec2::workingPermissions()].JML accessible clause.0 
755759     DEBUG main            d.u.i.k.p.i.IntermediateProofReplayer Proof replay took 4.8ns 
755861     INFO  main            d.u.i.k.p.r.p.TestFile    ... finished proof: closed. 
756561     INFO  main            d.u.i.k.p.i.AbstractProblemLoader Loading environment from /home/runner/work/key/key/key.core/../key.ui/examples/heap/permissions/threads/Sampler_workingPermissions_accessible.key.proof 
756561     DEBUG main            d.u.i.k.p.i.AbstractProblemLoader Environment load took 79.9ns 
756562     INFO  main            d.u.i.k.p.i.AbstractProblemLoader Creating init config 
761509     DEBUG main            d.u.i.k.p.i.AbstractProblemLoader Init config took 4.95s 
761598     INFO  main            d.u.i.k.p.i.AbstractProblemLoader Replaying proof Sampler[ThreadSpec2::workingPermissions()].JML accessible clause.0 
761605     DEBUG main            d.u.i.k.p.i.IntermediateProofReplayer Proof replay took 5.19ms 
761606     DEBUG main            d.u.i.k.p.r.p.TestFile    ... success: reloaded. 
761607     INFO  main            d.u.i.k.p.r.p.TestFile    Now processing file /home/runner/work/key/key/key.core/../key.ui/examples/heap/permissions/mulleretal/ReadWrite_doRead_contract.key 
761607     INFO  main            d.u.i.k.p.i.AbstractProblemLoader Loading environment from /home/runner/work/key/key/key.core/../key.ui/examples/heap/permissions/mulleretal/ReadWrite_doRead_contract.key 
761607     DEBUG main            d.u.i.k.p.i.AbstractProblemLoader Environment load took 108.6ns 
761608     INFO  main            d.u.i.k.p.i.AbstractProblemLoader Creating init config 
764481     DEBUG main            d.u.i.k.p.i.AbstractProblemLoader Init config took 2.87s 
764522     INFO  main            d.u.i.k.p.i.AbstractProblemLoader Replaying proof ReadWrite[ReadWrite::doRead()].JML normal_behavior operation contract.0 
764525     DEBUG main            d.u.i.k.p.i.IntermediateProofReplayer Proof replay took 20.9ns 
766233     INFO  main            d.u.i.k.p.r.p.TestFile    ... finished proof: closed. 
766955     INFO  main            d.u.i.k.p.i.AbstractProblemLoader Loading environment from /home/runner/work/key/key/key.core/../key.ui/examples/heap/permissions/mulleretal/ReadWrite_doRead_contract.key.proof 
766956     DEBUG main            d.u.i.k.p.i.AbstractProblemLoader Environment load took 336.6ns 
766957     INFO  main            d.u.i.k.p.i.AbstractProblemLoader Creating init config 
769722     DEBUG main            d.u.i.k.p.i.AbstractProblemLoader Init config took 2.76s 
769761     INFO  main            d.u.i.k.p.i.AbstractProblemLoader Replaying proof ReadWrite[ReadWrite::doRead()].JML normal_behavior operation contract.0 
770148     DEBUG main            d.u.i.k.p.i.IntermediateProofReplayer Proof replay took 376.05ms 
770149     DEBUG main            d.u.i.k.p.r.p.TestFile    ... success: reloaded. 
770150     INFO  main            d.u.i.k.p.r.p.TestFile    Now processing file /home/runner/work/key/key/key.core/../key.ui/examples/heap/permissions/mulleretal/ReadWrite_doWrite_contract.key 
770151     INFO  main            d.u.i.k.p.i.AbstractProblemLoader Loading environment from /home/runner/work/key/key/key.core/../key.ui/examples/heap/permissions/mulleretal/ReadWrite_doWrite_contract.key 
770151     DEBUG main            d.u.i.k.p.i.AbstractProblemLoader Environment load took 213.4ns 
770152     INFO  main            d.u.i.k.p.i.AbstractProblemLoader Creating init config 
772956     DEBUG main            d.u.i.k.p.i.AbstractProblemLoader Init config took 2.8s 
772992     INFO  main            d.u.i.k.p.i.AbstractProblemLoader Replaying proof ReadWrite[ReadWrite::doWrite()].JML normal_behavior operation contract.0 
772993     DEBUG main            d.u.i.k.p.i.IntermediateProofReplayer Proof replay took 4.5ns 
774799     INFO  main            d.u.i.k.p.r.p.TestFile    ... finished proof: closed. 
775546     INFO  main            d.u.i.k.p.i.AbstractProblemLoader Loading environment from /home/runner/work/key/key/key.core/../key.ui/examples/heap/permissions/mulleretal/ReadWrite_doWrite_contract.key.proof 
775547     DEBUG main            d.u.i.k.p.i.AbstractProblemLoader Environment load took 387.4ns 
775548     INFO  main            d.u.i.k.p.i.AbstractProblemLoader Creating init config 
778421     DEBUG main            d.u.i.k.p.i.AbstractProblemLoader Init config took 2.87s 
778467     INFO  main            d.u.i.k.p.i.AbstractProblemLoader Replaying proof ReadWrite[ReadWrite::doWrite()].JML normal_behavior operation contract.0 
778836     DEBUG main            d.u.i.k.p.i.IntermediateProofReplayer Proof replay took 363.36ms 
778837     DEBUG main            d.u.i.k.p.r.p.TestFile    ... success: reloaded. 
778838     INFO  main            d.u.i.k.p.r.p.TestFile    Now processing file /home/runner/work/key/key/key.core/../key.ui/examples/heap/permissions/mulleretal/ReadWrite_read_contract.key 
778839     INFO  main            d.u.i.k.p.i.AbstractProblemLoader Loading environment from /home/runner/work/key/key/key.core/../key.ui/examples/heap/permissions/mulleretal/ReadWrite_read_contract.key 
778839     DEBUG main            d.u.i.k.p.i.AbstractProblemLoader Environment load took 106.1ns 
778839     INFO  main            d.u.i.k.p.i.AbstractProblemLoader Creating init config 
781742     DEBUG main            d.u.i.k.p.i.AbstractProblemLoader Init config took 2.9s 
781782     INFO  main            d.u.i.k.p.i.AbstractProblemLoader Replaying proof ReadWrite[ReadWrite::read()].JML normal_behavior operation contract.0 
781784     DEBUG main            d.u.i.k.p.i.IntermediateProofReplayer Proof replay took 3.6ns 
781885     INFO  main            d.u.i.k.p.r.p.TestFile    ... finished proof: closed. 
782578     INFO  main            d.u.i.k.p.i.AbstractProblemLoader Loading environment from /home/runner/work/key/key/key.core/../key.ui/examples/heap/permissions/mulleretal/ReadWrite_read_contract.key.proof 
782578     DEBUG main            d.u.i.k.p.i.AbstractProblemLoader Environment load took 91.3ns 
782579     INFO  main            d.u.i.k.p.i.AbstractProblemLoader Creating init config 
785386     DEBUG main            d.u.i.k.p.i.AbstractProblemLoader Init config took 2.81s 
785424     INFO  main            d.u.i.k.p.i.AbstractProblemLoader Replaying proof ReadWrite[ReadWrite::read()].JML normal_behavior operation contract.0 
785432     DEBUG main            d.u.i.k.p.i.IntermediateProofReplayer Proof replay took 6.48ms 
785433     DEBUG main            d.u.i.k.p.r.p.TestFile    ... success: reloaded. 
785434     INFO  main            d.u.i.k.p.r.p.TestFile    Now processing file /home/runner/work/key/key/key.core/../key.ui/examples/heap/permissions/mulleretal/ReadWrite_write_contract.key 
785434     INFO  main            d.u.i.k.p.i.AbstractProblemLoader Loading environment from /home/runner/work/key/key/key.core/../key.ui/examples/heap/permissions/mulleretal/ReadWrite_write_contract.key 
785435     DEBUG main            d.u.i.k.p.i.AbstractProblemLoader Environment load took 96.2ns 
785436     INFO  main            d.u.i.k.p.i.AbstractProblemLoader Creating init config 
788296     DEBUG main            d.u.i.k.p.i.AbstractProblemLoader Init config took 2.86s 
788334     INFO  main            d.u.i.k.p.i.AbstractProblemLoader Replaying proof ReadWrite[ReadWrite::write()].JML normal_behavior operation contract.0 
788335     DEBUG main            d.u.i.k.p.i.IntermediateProofReplayer Proof replay took 4.5ns 
788539     INFO  main            d.u.i.k.p.r.p.TestFile    ... finished proof: closed. 
789289     INFO  main            d.u.i.k.p.i.AbstractProblemLoader Loading environment from /home/runner/work/key/key/key.core/../key.ui/examples/heap/permissions/mulleretal/ReadWrite_write_contract.key.proof 
789289     DEBUG main            d.u.i.k.p.i.AbstractProblemLoader Environment load took 80.3ns 
789290     INFO  main            d.u.i.k.p.i.AbstractProblemLoader Creating init config 
792187     DEBUG main            d.u.i.k.p.i.AbstractProblemLoader Init config took 2.9s 
792225     INFO  main            d.u.i.k.p.i.AbstractProblemLoader Replaying proof ReadWrite[ReadWrite::write()].JML normal_behavior operation contract.0 
792250     DEBUG main            d.u.i.k.p.i.IntermediateProofReplayer Proof replay took 22.84ms 
792251     DEBUG main            d.u.i.k.p.r.p.TestFile    ... success: reloaded. 
792251     INFO  main            d.u.i.k.p.r.p.TestFile    Now processing file /home/runner/work/key/key/key.core/../key.ui/examples/heap/permissions/mulleretal/ReadWrite_inv1_accessible.key 
792252     INFO  main            d.u.i.k.p.i.AbstractProblemLoader Loading environment from /home/runner/work/key/key/key.core/../key.ui/examples/heap/permissions/mulleretal/ReadWrite_inv1_accessible.key 
792252     DEBUG main            d.u.i.k.p.i.AbstractProblemLoader Environment load took 139.3ns 
792253     INFO  main            d.u.i.k.p.i.AbstractProblemLoader Creating init config 
795106     DEBUG main            d.u.i.k.p.i.AbstractProblemLoader Init config took 2.85s 
795141     INFO  main            d.u.i.k.p.i.AbstractProblemLoader Replaying proof ReadWrite[java.lang.Object::<inv>()].JML accessible clause.0 
795143     DEBUG main            d.u.i.k.p.i.IntermediateProofReplayer Proof replay took 4.4ns 
795245     INFO  main            d.u.i.k.p.r.p.TestFile    ... finished proof: closed. 
795964     INFO  main            d.u.i.k.p.i.AbstractProblemLoader Loading environment from /home/runner/work/key/key/key.core/../key.ui/examples/heap/permissions/mulleretal/ReadWrite_inv1_accessible.key.proof 
795964     DEBUG main            d.u.i.k.p.i.AbstractProblemLoader Environment load took 81.1ns 
795965     INFO  main            d.u.i.k.p.i.AbstractProblemLoader Creating init config 
798749     DEBUG main            d.u.i.k.p.i.AbstractProblemLoader Init config took 2.78s 
798785     INFO  main            d.u.i.k.p.i.AbstractProblemLoader Replaying proof ReadWrite[java.lang.Object::<inv>()].JML accessible clause.0 
798788     DEBUG main            d.u.i.k.p.i.IntermediateProofReplayer Proof replay took 1.4ms 
798789     DEBUG main            d.u.i.k.p.r.p.TestFile    ... success: reloaded. 
798790     INFO  main            d.u.i.k.p.r.p.TestFile    Now processing file /home/runner/work/key/key/key.core/../key.ui/examples/heap/permissions/mulleretal/ReadWrite_inv2_accessible.key 
798790     INFO  main            d.u.i.k.p.i.AbstractProblemLoader Loading environment from /home/runner/work/key/key/key.core/../key.ui/examples/heap/permissions/mulleretal/ReadWrite_inv2_accessible.key 
798790     DEBUG main            d.u.i.k.p.i.AbstractProblemLoader Environment load took 68.1ns 
798791     INFO  main            d.u.i.k.p.i.AbstractProblemLoader Creating init config 
801500     DEBUG main            d.u.i.k.p.i.AbstractProblemLoader Init config took 2.71s 
801532     INFO  main            d.u.i.k.p.i.AbstractProblemLoader Replaying proof ReadWrite[java.lang.Object::<inv>()].JML accessible clause.1 
801533     DEBUG main            d.u.i.k.p.i.IntermediateProofReplayer Proof replay took 4.5ns 
801635     INFO  main            d.u.i.k.p.r.p.TestFile    ... finished proof: closed. 
802346     INFO  main            d.u.i.k.p.i.AbstractProblemLoader Loading environment from /home/runner/work/key/key/key.core/../key.ui/examples/heap/permissions/mulleretal/ReadWrite_inv2_accessible.key.proof 
802346     DEBUG main            d.u.i.k.p.i.AbstractProblemLoader Environment load took 121.2ns 
802347     INFO  main            d.u.i.k.p.i.AbstractProblemLoader Creating init config 
805078     DEBUG main            d.u.i.k.p.i.AbstractProblemLoader Init config took 2.73s 
805112     INFO  main            d.u.i.k.p.i.AbstractProblemLoader Replaying proof ReadWrite[java.lang.Object::<inv>()].JML accessible clause.1 
805115     DEBUG main            d.u.i.k.p.i.IntermediateProofReplayer Proof replay took 1.53ms 
805116     DEBUG main            d.u.i.k.p.r.p.TestFile    ... success: reloaded. 
805117     INFO  main            d.u.i.k.p.r.p.TestFile    Now processing file /home/runner/work/key/key/key.core/../key.ui/examples/heap/permissions/lockspec/Counter_lockConsistent_contract.key 
805117     INFO  main            d.u.i.k.p.i.AbstractProblemLoader Loading environment from /home/runner/work/key/key/key.core/../key.ui/examples/heap/permissions/lockspec/Counter_lockConsistent_contract.key 
805117     DEBUG main            d.u.i.k.p.i.AbstractProblemLoader Environment load took 110.9ns 
805118     INFO  main            d.u.i.k.p.i.AbstractProblemLoader Creating init config 
808526     DEBUG main            d.u.i.k.p.i.AbstractProblemLoader Init config took 3.41s 
808581     INFO  main            d.u.i.k.p.i.AbstractProblemLoader Replaying proof Counter[LockSpec::lockConsistent()].JML model_behavior operation contract.0 
808582     DEBUG main            d.u.i.k.p.i.IntermediateProofReplayer Proof replay took 4.1ns 
809590     INFO  main            d.u.i.k.p.r.p.TestFile    ... finished proof: closed. 
810369     INFO  main            d.u.i.k.p.i.AbstractProblemLoader Loading environment from /home/runner/work/key/key/key.core/../key.ui/examples/heap/permissions/lockspec/Counter_lockConsistent_contract.key.proof 
810369     DEBUG main            d.u.i.k.p.i.AbstractProblemLoader Environment load took 143.1ns 
810370     INFO  main            d.u.i.k.p.i.AbstractProblemLoader Creating init config 
813639     DEBUG main            d.u.i.k.p.i.AbstractProblemLoader Init config took 3.27s 
813698     INFO  main            d.u.i.k.p.i.AbstractProblemLoader Replaying proof Counter[LockSpec::lockConsistent()].JML model_behavior operation contract.0 
813890     DEBUG main            d.u.i.k.p.i.IntermediateProofReplayer Proof replay took 183.97ms 
813892     DEBUG main            d.u.i.k.p.r.p.TestFile    ... success: reloaded. 
813893     INFO  main            d.u.i.k.p.r.p.TestFile    Now processing file /home/runner/work/key/key/key.core/../key.ui/examples/heap/permissions/lockspec/Counter_increase_contract.key 
813893     INFO  main            d.u.i.k.p.i.AbstractProblemLoader Loading environment from /home/runner/work/key/key/key.core/../key.ui/examples/heap/permissions/lockspec/Counter_increase_contract.key 
813893     DEBUG main            d.u.i.k.p.i.AbstractProblemLoader Environment load took 195.8ns 
813894     INFO  main            d.u.i.k.p.i.AbstractProblemLoader Creating init config 
817251     DEBUG main            d.u.i.k.p.i.AbstractProblemLoader Init config took 3.36s 
817303     INFO  main            d.u.i.k.p.i.AbstractProblemLoader Replaying proof Counter[Counter::increase()].JML normal_behavior operation contract.0 
817310     DEBUG main            d.u.i.k.p.i.IntermediateProofReplayer Proof replay took 4.1ns 
819035     INFO  main            d.u.i.k.p.r.p.TestFile    ... finished proof: closed. 
819795     INFO  main            d.u.i.k.p.i.AbstractProblemLoader Loading environment from /home/runner/work/key/key/key.core/../key.ui/examples/heap/permissions/lockspec/Counter_increase_contract.key.proof 
819795     DEBUG main            d.u.i.k.p.i.AbstractProblemLoader Environment load took 97.4ns 
819797     INFO  main            d.u.i.k.p.i.AbstractProblemLoader Creating init config 
823242     DEBUG main            d.u.i.k.p.i.AbstractProblemLoader Init config took 3.45s 
823304     INFO  main            d.u.i.k.p.i.AbstractProblemLoader Replaying proof Counter[Counter::increase()].JML normal_behavior operation contract.0 
823573     DEBUG main            d.u.i.k.p.i.IntermediateProofReplayer Proof replay took 248.99ms 
823575     DEBUG main            d.u.i.k.p.r.p.TestFile    ... success: reloaded. 
823576     INFO  main            d.u.i.k.p.r.p.TestFile    Now processing file /home/runner/work/key/key/key.core/../key.ui/examples/heap/permissions/lockspec/Counter_fp_accessible.key 
823577     INFO  main            d.u.i.k.p.i.AbstractProblemLoader Loading environment from /home/runner/work/key/key/key.core/../key.ui/examples/heap/permissions/lockspec/Counter_fp_accessible.key 
823577     DEBUG main            d.u.i.k.p.i.AbstractProblemLoader Environment load took 221.7ns 
823578     INFO  main            d.u.i.k.p.i.AbstractProblemLoader Creating init config 
827077     DEBUG main            d.u.i.k.p.i.AbstractProblemLoader Init config took 3.5s 
827129     INFO  main            d.u.i.k.p.i.AbstractProblemLoader Replaying proof Counter[LockSpec::fp()].JML accessible clause.0 
827131     DEBUG main            d.u.i.k.p.i.IntermediateProofReplayer Proof replay took 4ns 
827233     INFO  main            d.u.i.k.p.r.p.TestFile    ... finished proof: closed. 
827983     INFO  main            d.u.i.k.p.i.AbstractProblemLoader Loading environment from /home/runner/work/key/key/key.core/../key.ui/examples/heap/permissions/lockspec/Counter_fp_accessible.key.proof 
827983     DEBUG main            d.u.i.k.p.i.AbstractProblemLoader Environment load took 99.6ns 
827984     INFO  main            d.u.i.k.p.i.AbstractProblemLoader Creating init config 
831358     DEBUG main            d.u.i.k.p.i.AbstractProblemLoader Init config took 3.37s 
831414     INFO  main            d.u.i.k.p.i.AbstractProblemLoader Replaying proof Counter[LockSpec::fp()].JML accessible clause.0 
831423     DEBUG main            d.u.i.k.p.i.IntermediateProofReplayer Proof replay took 7.02ms 
831423     DEBUG main            d.u.i.k.p.r.p.TestFile    ... success: reloaded. 
831424     INFO  main            d.u.i.k.p.r.p.TestFile    Now processing file /home/runner/work/key/key/key.core/../key.ui/examples/heap/permissions/lockspec/Counter_fpLock_accessible.key 
831424     INFO  main            d.u.i.k.p.i.AbstractProblemLoader Loading environment from /home/runner/work/key/key/key.core/../key.ui/examples/heap/permissions/lockspec/Counter_fpLock_accessible.key 
831425     DEBUG main            d.u.i.k.p.i.AbstractProblemLoader Environment load took 163.2ns 
831425     INFO  main            d.u.i.k.p.i.AbstractProblemLoader Creating init config 
834761     DEBUG main            d.u.i.k.p.i.AbstractProblemLoader Init config took 3.34s 
834836     INFO  main            d.u.i.k.p.i.AbstractProblemLoader Replaying proof Counter[LockSpec::fpLock()].JML accessible clause.0 
834838     DEBUG main            d.u.i.k.p.i.IntermediateProofReplayer Proof replay took 4.3ns 
834941     INFO  main            d.u.i.k.p.r.p.TestFile    ... finished proof: closed. 
835685     INFO  main            d.u.i.k.p.i.AbstractProblemLoader Loading environment from /home/runner/work/key/key/key.core/../key.ui/examples/heap/permissions/lockspec/Counter_fpLock_accessible.key.proof 
835686     DEBUG main            d.u.i.k.p.i.AbstractProblemLoader Environment load took 73.6ns 
835686     INFO  main            d.u.i.k.p.i.AbstractProblemLoader Creating init config 
839147     DEBUG main            d.u.i.k.p.i.AbstractProblemLoader Init config took 3.46s 
839223     INFO  main            d.u.i.k.p.i.AbstractProblemLoader Replaying proof Counter[LockSpec::fpLock()].JML accessible clause.0 
839235     DEBUG main            d.u.i.k.p.i.IntermediateProofReplayer Proof replay took 9.01ms 
839236     DEBUG main            d.u.i.k.p.r.p.TestFile    ... success: reloaded. 
839236     INFO  main            d.u.i.k.p.r.p.TestFile    Now processing file /home/runner/work/key/key/key.core/../key.ui/examples/heap/permissions/lockspec/Counter_fpPerm_accessible.key 
839237     INFO  main            d.u.i.k.p.i.AbstractProblemLoader Loading environment from /home/runner/work/key/key/key.core/../key.ui/examples/heap/permissions/lockspec/Counter_fpPerm_accessible.key 
839237     DEBUG main            d.u.i.k.p.i.AbstractProblemLoader Environment load took 190.1ns 
839238     INFO  main            d.u.i.k.p.i.AbstractProblemLoader Creating init config 
842735     DEBUG main            d.u.i.k.p.i.AbstractProblemLoader Init config took 3.5s 
842792     INFO  main            d.u.i.k.p.i.AbstractProblemLoader Replaying proof Counter[LockSpec::fpPerm()].JML accessible clause.0 
842793     DEBUG main            d.u.i.k.p.i.IntermediateProofReplayer Proof replay took 4ns 
842895     INFO  main            d.u.i.k.p.r.p.TestFile    ... finished proof: closed. 
843675     INFO  main            d.u.i.k.p.i.AbstractProblemLoader Loading environment from /home/runner/work/key/key/key.core/../key.ui/examples/heap/permissions/lockspec/Counter_fpPerm_accessible.key.proof 
843676     DEBUG main            d.u.i.k.p.i.AbstractProblemLoader Environment load took 104.8ns 
843677     INFO  main            d.u.i.k.p.i.AbstractProblemLoader Creating init config 
847083     DEBUG main            d.u.i.k.p.i.AbstractProblemLoader Init config took 3.41s 
847155     INFO  main            d.u.i.k.p.i.AbstractProblemLoader Replaying proof Counter[LockSpec::fpPerm()].JML accessible clause.0 
847166     DEBUG main            d.u.i.k.p.i.IntermediateProofReplayer Proof replay took 7.47ms 
847167     DEBUG main            d.u.i.k.p.r.p.TestFile    ... success: reloaded. 
847169     INFO  main            d.u.i.k.p.r.p.TestFile    Now processing file /home/runner/work/key/key/key.core/../key.ui/examples/heap/permissions/lockspec/Counter_inv_accessible1.key 
847169     INFO  main            d.u.i.k.p.i.AbstractProblemLoader Loading environment from /home/runner/work/key/key/key.core/../key.ui/examples/heap/permissions/lockspec/Counter_inv_accessible1.key 
847169     DEBUG main            d.u.i.k.p.i.AbstractProblemLoader Environment load took 240ns 
847170     INFO  main            d.u.i.k.p.i.AbstractProblemLoader Creating init config 
850779     DEBUG main            d.u.i.k.p.i.AbstractProblemLoader Init config took 3.61s 
850836     INFO  main            d.u.i.k.p.i.AbstractProblemLoader Replaying proof Counter[java.lang.Object::<inv>()].JML accessible clause.0 
850838     DEBUG main            d.u.i.k.p.i.IntermediateProofReplayer Proof replay took 4.3ns 
850940     INFO  main            d.u.i.k.p.r.p.TestFile    ... finished proof: closed. 
851743     INFO  main            d.u.i.k.p.i.AbstractProblemLoader Loading environment from /home/runner/work/key/key/key.core/../key.ui/examples/heap/permissions/lockspec/Counter_inv_accessible1.key.proof 
851743     DEBUG main            d.u.i.k.p.i.AbstractProblemLoader Environment load took 116.1ns 
851744     INFO  main            d.u.i.k.p.i.AbstractProblemLoader Creating init config 
855367     DEBUG main            d.u.i.k.p.i.AbstractProblemLoader Init config took 3.62s 
855432     INFO  main            d.u.i.k.p.i.AbstractProblemLoader Replaying proof Counter[java.lang.Object::<inv>()].JML accessible clause.0 
855446     DEBUG main            d.u.i.k.p.i.IntermediateProofReplayer Proof replay took 11.79ms 
855447     DEBUG main            d.u.i.k.p.r.p.TestFile    ... success: reloaded. 
855448     INFO  main            d.u.i.k.p.r.p.TestFile    Now processing file /home/runner/work/key/key/key.core/../key.ui/examples/heap/permissions/lockspec/Counter_inv_accessible2.key 
855449     INFO  main            d.u.i.k.p.i.AbstractProblemLoader Loading environment from /home/runner/work/key/key/key.core/../key.ui/examples/heap/permissions/lockspec/Counter_inv_accessible2.key 
855449     DEBUG main            d.u.i.k.p.i.AbstractProblemLoader Environment load took 218.8ns 
855450     INFO  main            d.u.i.k.p.i.AbstractProblemLoader Creating init config 
858860     DEBUG main            d.u.i.k.p.i.AbstractProblemLoader Init config took 3.41s 
858911     INFO  main            d.u.i.k.p.i.AbstractProblemLoader Replaying proof Counter[java.lang.Object::<inv>()].JML accessible clause.1 
858912     DEBUG main            d.u.i.k.p.i.IntermediateProofReplayer Proof replay took 21.1ns 
859015     INFO  main            d.u.i.k.p.r.p.TestFile    ... finished proof: closed. 
859770     INFO  main            d.u.i.k.p.i.AbstractProblemLoader Loading environment from /home/runner/work/key/key/key.core/../key.ui/examples/heap/permissions/lockspec/Counter_inv_accessible2.key.proof 
859770     DEBUG main            d.u.i.k.p.i.AbstractProblemLoader Environment load took 89.2ns 
859771     INFO  main            d.u.i.k.p.i.AbstractProblemLoader Creating init config 
863125     DEBUG main            d.u.i.k.p.i.AbstractProblemLoader Init config took 3.35s 
863199     INFO  main            d.u.i.k.p.i.AbstractProblemLoader Replaying proof Counter[java.lang.Object::<inv>()].JML accessible clause.1 
863213     DEBUG main            d.u.i.k.p.i.IntermediateProofReplayer Proof replay took 11.41ms 
863214     DEBUG main            d.u.i.k.p.r.p.TestFile    ... success: reloaded. 
863215     INFO  main            d.u.i.k.p.r.p.TestFile    Now processing file /home/runner/work/key/key/key.core/../key.ui/examples/heap/permissions/lockspec/Counter_lockRef_accessible.key 
863216     INFO  main            d.u.i.k.p.i.AbstractProblemLoader Loading environment from /home/runner/work/key/key/key.core/../key.ui/examples/heap/permissions/lockspec/Counter_lockRef_accessible.key 
863216     DEBUG main            d.u.i.k.p.i.AbstractProblemLoader Environment load took 193.7ns 
863217     INFO  main            d.u.i.k.p.i.AbstractProblemLoader Creating init config 
866683     DEBUG main            d.u.i.k.p.i.AbstractProblemLoader Init config took 3.47s 
866738     INFO  main            d.u.i.k.p.i.AbstractProblemLoader Replaying proof Counter[LockSpec::lockRef()].JML accessible clause.0 
866739     DEBUG main            d.u.i.k.p.i.IntermediateProofReplayer Proof replay took 4.8ns 
866942     INFO  main            d.u.i.k.p.r.p.TestFile    ... finished proof: closed. 
867698     INFO  main            d.u.i.k.p.i.AbstractProblemLoader Loading environment from /home/runner/work/key/key/key.core/../key.ui/examples/heap/permissions/lockspec/Counter_lockRef_accessible.key.proof 
867698     DEBUG main            d.u.i.k.p.i.AbstractProblemLoader Environment load took 76.5ns 
867699     INFO  main            d.u.i.k.p.i.AbstractProblemLoader Creating init config 
871151     DEBUG main            d.u.i.k.p.i.AbstractProblemLoader Init config took 3.45s 
871222     INFO  main            d.u.i.k.p.i.AbstractProblemLoader Replaying proof Counter[LockSpec::lockRef()].JML accessible clause.0 
871258     DEBUG main            d.u.i.k.p.i.IntermediateProofReplayer Proof replay took 33.1ms 
871259     DEBUG main            d.u.i.k.p.r.p.TestFile    ... success: reloaded. 
871260     INFO  main            d.u.i.k.p.r.p.TestFile    Now processing file /home/runner/work/key/key/key.core/../key.ui/examples/heap/permissions/lockspec/Counter_lockRef_contract1.key 
871261     INFO  main            d.u.i.k.p.i.AbstractProblemLoader Loading environment from /home/runner/work/key/key/key.core/../key.ui/examples/heap/permissions/lockspec/Counter_lockRef_contract1.key 
871261     DEBUG main            d.u.i.k.p.i.AbstractProblemLoader Environment load took 99.7ns 
871262     INFO  main            d.u.i.k.p.i.AbstractProblemLoader Creating init config 
874666     DEBUG main            d.u.i.k.p.i.AbstractProblemLoader Init config took 3.4s 
874724     INFO  main            d.u.i.k.p.i.AbstractProblemLoader Replaying proof Counter[LockSpec::lockRef()].JML model_behavior operation contract.0 
874726     DEBUG main            d.u.i.k.p.i.IntermediateProofReplayer Proof replay took 4.3ns 
874829     INFO  main            d.u.i.k.p.r.p.TestFile    ... finished proof: closed. 
875610     INFO  main            d.u.i.k.p.i.AbstractProblemLoader Loading environment from /home/runner/work/key/key/key.core/../key.ui/examples/heap/permissions/lockspec/Counter_lockRef_contract1.key.proof 
875610     DEBUG main            d.u.i.k.p.i.AbstractProblemLoader Environment load took 75.9ns 
875611     INFO  main            d.u.i.k.p.i.AbstractProblemLoader Creating init config 
879062     DEBUG main            d.u.i.k.p.i.AbstractProblemLoader Init config took 3.45s 
879134     INFO  main            d.u.i.k.p.i.AbstractProblemLoader Replaying proof Counter[LockSpec::lockRef()].JML model_behavior operation contract.0 
879141     DEBUG main            d.u.i.k.p.i.IntermediateProofReplayer Proof replay took 4.61ms 
879142     DEBUG main            d.u.i.k.p.r.p.TestFile    ... success: reloaded. 
879143     INFO  main            d.u.i.k.p.r.p.TestFile    Now processing file /home/runner/work/key/key/key.core/../key.ui/examples/heap/permissions/lockspec/Counter_lockRef_contract2.key 
879143     INFO  main            d.u.i.k.p.i.AbstractProblemLoader Loading environment from /home/runner/work/key/key/key.core/../key.ui/examples/heap/permissions/lockspec/Counter_lockRef_contract2.key 
879143     DEBUG main            d.u.i.k.p.i.AbstractProblemLoader Environment load took 247.5ns 
879145     INFO  main            d.u.i.k.p.i.AbstractProblemLoader Creating init config 
882604     DEBUG main            d.u.i.k.p.i.AbstractProblemLoader Init config took 3.46s 
882659     INFO  main            d.u.i.k.p.i.AbstractProblemLoader Replaying proof Counter[Counter::lockRef()].JML model_behavior operation contract.0 
882660     DEBUG main            d.u.i.k.p.i.IntermediateProofReplayer Proof replay took 4.2ns 
882762     INFO  main            d.u.i.k.p.r.p.TestFile    ... finished proof: closed. 
883548     INFO  main            d.u.i.k.p.i.AbstractProblemLoader Loading environment from /home/runner/work/key/key/key.core/../key.ui/examples/heap/permissions/lockspec/Counter_lockRef_contract2.key.proof 
883548     DEBUG main            d.u.i.k.p.i.AbstractProblemLoader Environment load took 74.5ns 
883549     INFO  main            d.u.i.k.p.i.AbstractProblemLoader Creating init config 
886804     DEBUG main            d.u.i.k.p.i.AbstractProblemLoader Init config took 3.25s 
886873     INFO  main            d.u.i.k.p.i.AbstractProblemLoader Replaying proof Counter[Counter::lockRef()].JML model_behavior operation contract.0 
886879     DEBUG main            d.u.i.k.p.i.IntermediateProofReplayer Proof replay took 4.35ms 
886885     DEBUG main            d.u.i.k.p.r.p.TestFile    ... success: reloaded. 
886886     INFO  main            d.u.i.k.p.r.p.TestFile    Now processing file /home/runner/work/key/key/key.core/../key.ui/examples/heap/permissions/lockspec/Counter_lockState_accessible.key 
886886     INFO  main            d.u.i.k.p.i.AbstractProblemLoader Loading environment from /home/runner/work/key/key/key.core/../key.ui/examples/heap/permissions/lockspec/Counter_lockState_accessible.key 
886887     DEBUG main            d.u.i.k.p.i.AbstractProblemLoader Environment load took 336.5ns 
886888     INFO  main            d.u.i.k.p.i.AbstractProblemLoader Creating init config 
890432     DEBUG main            d.u.i.k.p.i.AbstractProblemLoader Init config took 3.54s 
890520     INFO  main            d.u.i.k.p.i.AbstractProblemLoader Replaying proof Counter[LockSpec::lockState(boolean)].JML accessible clause.0 
890522     DEBUG main            d.u.i.k.p.i.IntermediateProofReplayer Proof replay took 4ns 
890826     INFO  main            d.u.i.k.p.r.p.TestFile    ... finished proof: closed. 
891590     INFO  main            d.u.i.k.p.i.AbstractProblemLoader Loading environment from /home/runner/work/key/key/key.core/../key.ui/examples/heap/permissions/lockspec/Counter_lockState_accessible.key.proof 
891590     DEBUG main            d.u.i.k.p.i.AbstractProblemLoader Environment load took 77.9ns 
891591     INFO  main            d.u.i.k.p.i.AbstractProblemLoader Creating init config 
894959     DEBUG main            d.u.i.k.p.i.AbstractProblemLoader Init config took 3.37s 
895040     INFO  main            d.u.i.k.p.i.AbstractProblemLoader Replaying proof Counter[LockSpec::lockState(boolean)].JML accessible clause.0 
895095     DEBUG main            d.u.i.k.p.i.IntermediateProofReplayer Proof replay took 51.39ms 
895097     DEBUG main            d.u.i.k.p.r.p.TestFile    ... success: reloaded. 
895098     INFO  main            d.u.i.k.p.r.p.TestFile    Now processing file /home/runner/work/key/key/key.core/../key.ui/examples/heap/permissions/lockspec/Counter_lockStatus_accessible.key 
895100     INFO  main            d.u.i.k.p.i.AbstractProblemLoader Loading environment from /home/runner/work/key/key/key.core/../key.ui/examples/heap/permissions/lockspec/Counter_lockStatus_accessible.key 
895100     DEBUG main            d.u.i.k.p.i.AbstractProblemLoader Environment load took 195ns 
895101     INFO  main            d.u.i.k.p.i.AbstractProblemLoader Creating init config 
898725     DEBUG main            d.u.i.k.p.i.AbstractProblemLoader Init config took 3.62s 
898780     INFO  main            d.u.i.k.p.i.AbstractProblemLoader Replaying proof Counter[LockSpec::lockStatus(boolean)].JML accessible clause.0 
898782     DEBUG main            d.u.i.k.p.i.IntermediateProofReplayer Proof replay took 4ns 
898885     INFO  main            d.u.i.k.p.r.p.TestFile    ... finished proof: closed. 
899684     INFO  main            d.u.i.k.p.i.AbstractProblemLoader Loading environment from /home/runner/work/key/key/key.core/../key.ui/examples/heap/permissions/lockspec/Counter_lockStatus_accessible.key.proof 
899684     DEBUG main            d.u.i.k.p.i.AbstractProblemLoader Environment load took 96.1ns 
899685     INFO  main            d.u.i.k.p.i.AbstractProblemLoader Creating init config 
903092     DEBUG main            d.u.i.k.p.i.AbstractProblemLoader Init config took 3.41s 
903166     INFO  main            d.u.i.k.p.i.AbstractProblemLoader Replaying proof Counter[LockSpec::lockStatus(boolean)].JML accessible clause.0 
903190     DEBUG main            d.u.i.k.p.i.IntermediateProofReplayer Proof replay took 21.78ms 
903193     DEBUG main            d.u.i.k.p.r.p.TestFile    ... success: reloaded. 
903194     INFO  main            d.u.i.k.p.r.p.TestFile    Now processing file /home/runner/work/key/key/key.core/../key.ui/examples/heap/permissions/lockspec/Counter_lockTransfer_accessible.key 
903194     INFO  main            d.u.i.k.p.i.AbstractProblemLoader Loading environment from /home/runner/work/key/key/key.core/../key.ui/examples/heap/permissions/lockspec/Counter_lockTransfer_accessible.key 
903195     DEBUG main            d.u.i.k.p.i.AbstractProblemLoader Environment load took 293.6ns 
903195     INFO  main            d.u.i.k.p.i.AbstractProblemLoader Creating init config 
906680     DEBUG main            d.u.i.k.p.i.AbstractProblemLoader Init config took 3.48s 
906742     INFO  main            d.u.i.k.p.i.AbstractProblemLoader Replaying proof Counter[LockSpec::lockTransfer()].JML accessible clause.0 
906744     DEBUG main            d.u.i.k.p.i.IntermediateProofReplayer Proof replay took 4.4ns 
907147     INFO  main            d.u.i.k.p.r.p.TestFile    ... finished proof: closed. 
907955     INFO  main            d.u.i.k.p.i.AbstractProblemLoader Loading environment from /home/runner/work/key/key/key.core/../key.ui/examples/heap/permissions/lockspec/Counter_lockTransfer_accessible.key.proof 
907955     DEBUG main            d.u.i.k.p.i.AbstractProblemLoader Environment load took 86.5ns 
907956     INFO  main            d.u.i.k.p.i.AbstractProblemLoader Creating init config 
911218     DEBUG main            d.u.i.k.p.i.AbstractProblemLoader Init config took 3.26s 
911270     INFO  main            d.u.i.k.p.i.AbstractProblemLoader Replaying proof Counter[LockSpec::lockTransfer()].JML accessible clause.0 
911327     DEBUG main            d.u.i.k.p.i.IntermediateProofReplayer Proof replay took 53.45ms 
911328     DEBUG main            d.u.i.k.p.r.p.TestFile    ... success: reloaded. 
911329     INFO  main            d.u.i.k.p.r.p.TestFile    Now processing file /home/runner/work/key/key/key.core/../key.ui/examples/heap/permissions/lockspec/Counter_unlockTransfer_accessible.key 
911329     INFO  main            d.u.i.k.p.i.AbstractProblemLoader Loading environment from /home/runner/work/key/key/key.core/../key.ui/examples/heap/permissions/lockspec/Counter_unlockTransfer_accessible.key 
911329     DEBUG main            d.u.i.k.p.i.AbstractProblemLoader Environment load took 162.9ns 
911330     INFO  main            d.u.i.k.p.i.AbstractProblemLoader Creating init config 
914819     DEBUG main            d.u.i.k.p.i.AbstractProblemLoader Init config took 3.49s 
914876     INFO  main            d.u.i.k.p.i.AbstractProblemLoader Replaying proof Counter[LockSpec::unlockTransfer()].JML accessible clause.0 
914886     DEBUG main            d.u.i.k.p.i.IntermediateProofReplayer Proof replay took 3.8ns 
915290     INFO  main            d.u.i.k.p.r.p.TestFile    ... finished proof: closed. 
916117     INFO  main            d.u.i.k.p.i.AbstractProblemLoader Loading environment from /home/runner/work/key/key/key.core/../key.ui/examples/heap/permissions/lockspec/Counter_unlockTransfer_accessible.key.proof 
916117     DEBUG main            d.u.i.k.p.i.AbstractProblemLoader Environment load took 441.4ns 
916118     INFO  main            d.u.i.k.p.i.AbstractProblemLoader Creating init config 
919441     DEBUG main            d.u.i.k.p.i.AbstractProblemLoader Init config took 3.32s 
919503     INFO  main            d.u.i.k.p.i.AbstractProblemLoader Replaying proof Counter[LockSpec::unlockTransfer()].JML accessible clause.0 
919591     DEBUG main            d.u.i.k.p.i.IntermediateProofReplayer Proof replay took 79.63ms 
919592     DEBUG main            d.u.i.k.p.r.p.TestFile    ... success: reloaded. 
919593     INFO  main            d.u.i.k.p.r.p.TestFile    Now processing file /home/runner/work/key/key/key.core/../key.ui/examples/heap/permissions/threads/Plotter_startTransfer_contract.proof 
919594     INFO  main            d.u.i.k.p.i.AbstractProblemLoader Loading environment from /home/runner/work/key/key/key.core/../key.ui/examples/heap/permissions/threads/Plotter_startTransfer_contract.proof 
919594     DEBUG main            d.u.i.k.p.i.AbstractProblemLoader Environment load took 181.2ns 
919595     INFO  main            d.u.i.k.p.i.AbstractProblemLoader Creating init config 
924745     DEBUG main            d.u.i.k.p.i.AbstractProblemLoader Init config took 5.15s 
924835     INFO  main            d.u.i.k.p.i.AbstractProblemLoader Replaying proof Plotter[ThreadSpec2::startTransfer()].JML model_behavior operation contract.0 
924994     DEBUG main            d.u.i.k.p.i.IntermediateProofReplayer Proof replay took 151.02ms 
924995     INFO  main            d.u.i.k.p.r.p.TestFile    ... success: loaded 
924996     INFO  main            d.u.i.k.p.r.p.TestFile    Now processing file /home/runner/work/key/key/key.core/../key.ui/examples/heap/permissions/threads/Plotter_startTransfer_accessible.proof 
924996     INFO  main            d.u.i.k.p.i.AbstractProblemLoader Loading environment from /home/runner/work/key/key/key.core/../key.ui/examples/heap/permissions/threads/Plotter_startTransfer_accessible.proof 
924996     DEBUG main            d.u.i.k.p.i.AbstractProblemLoader Environment load took 127.9ns 
924997     INFO  main            d.u.i.k.p.i.AbstractProblemLoader Creating init config 
930248     DEBUG main            d.u.i.k.p.i.AbstractProblemLoader Init config took 5.25s 
930333     INFO  main            d.u.i.k.p.i.AbstractProblemLoader Replaying proof Plotter[ThreadSpec2::startTransfer()].JML accessible clause.0 
930449     DEBUG main            d.u.i.k.p.i.IntermediateProofReplayer Proof replay took 110.94ms 
930449     INFO  main            d.u.i.k.p.r.p.TestFile    ... success: loaded 
930451     INFO  main            d.u.i.k.p.r.p.TestFile    Now processing file /home/runner/work/key/key/key.core/../key.ui/examples/heap/permissions/threads/Plotter_joinTransfer_accessible.proof 
930451     INFO  main            d.u.i.k.p.i.AbstractProblemLoader Loading environment from /home/runner/work/key/key/key.core/../key.ui/examples/heap/permissions/threads/Plotter_joinTransfer_accessible.proof 
930451     DEBUG main            d.u.i.k.p.i.AbstractProblemLoader Environment load took 219.5ns 
930452     INFO  main            d.u.i.k.p.i.AbstractProblemLoader Creating init config 
935789     DEBUG main            d.u.i.k.p.i.AbstractProblemLoader Init config took 5.34s 
935889     INFO  main            d.u.i.k.p.i.AbstractProblemLoader Replaying proof Plotter[ThreadSpec2::joinTransfer()].JML accessible clause.0 
935898     WARN  main            d.u.i.k.p.i.IntermediateProofReplayer Proof contains wrong number of \assumes instatiations for Definition_axiom_for_stateInv_in_Plotter 
935900     WARN  main            d.u.i.k.p.i.IntermediateProofReplayer Proof contains wrong number of \assumes instatiations for Definition_axiom_for_stateInv_in_Plotter 
935903     WARN  main            d.u.i.k.p.i.IntermediateProofReplayer Proof contains wrong number of \assumes instatiations for Definition_axiom_for_workingPermissions_in_Plotter 
935904     WARN  main            d.u.i.k.p.i.IntermediateProofReplayer Proof contains wrong number of \assumes instatiations for Definition_axiom_for_staticPermissions_in_Plotter 
935908     WARN  main            d.u.i.k.p.i.IntermediateProofReplayer Proof contains wrong number of \assumes instatiations for Definition_axiom_for_joinTransfer_in_Plotter 
935909     WARN  main            d.u.i.k.p.i.IntermediateProofReplayer Proof contains wrong number of \assumes instatiations for Definition_axiom_for_stateInv_in_BFilter 
935910     WARN  main            d.u.i.k.p.i.IntermediateProofReplayer Proof contains wrong number of \assumes instatiations for Definition_axiom_for_stateInv_in_AFilter 
935912     WARN  main            d.u.i.k.p.i.IntermediateProofReplayer Proof contains wrong number of \assumes instatiations for Definition_axiom_for_stateInv_in_BFilter 
935914     WARN  main            d.u.i.k.p.i.IntermediateProofReplayer Proof contains wrong number of \assumes instatiations for Definition_axiom_for_stateInv_in_AFilter 
935916     WARN  main            d.u.i.k.p.i.IntermediateProofReplayer Proof contains wrong number of \assumes instatiations for Definition_axiom_for_staticPermissions_in_AFilter 
935916     WARN  main            d.u.i.k.p.i.IntermediateProofReplayer Proof contains wrong number of \assumes instatiations for Definition_axiom_for_staticPermissions_in_Plotter 
935917     WARN  main            d.u.i.k.p.i.IntermediateProofReplayer Proof contains wrong number of \assumes instatiations for Definition_axiom_for_staticPermissions_in_BFilter 
935918     WARN  main            d.u.i.k.p.i.IntermediateProofReplayer Proof contains wrong number of \assumes instatiations for Definition_axiom_for_workingPermissions_in_Plotter 
935918     WARN  main            d.u.i.k.p.i.IntermediateProofReplayer Proof contains wrong number of \assumes instatiations for Definition_axiom_for_stateInv_in_Sampler 
935919     WARN  main            d.u.i.k.p.i.IntermediateProofReplayer Proof contains wrong number of \assumes instatiations for Definition_axiom_for_stateInv_in_Sampler 
935920     WARN  main            d.u.i.k.p.i.IntermediateProofReplayer Proof contains wrong number of \assumes instatiations for Definition_axiom_for_staticPermissions_in_Sampler 
935921     WARN  main            d.u.i.k.p.i.IntermediateProofReplayer Proof contains wrong number of \assumes instatiations for Definition_axiom_for_staticPermissions_in_BFilter 
935922     WARN  main            d.u.i.k.p.i.IntermediateProofReplayer Proof contains wrong number of \assumes instatiations for Definition_axiom_for_staticPermissions_in_AFilter 
935923     WARN  main            d.u.i.k.p.i.IntermediateProofReplayer Proof contains wrong number of \assumes instatiations for Definition_axiom_for_staticPermissions_in_Sampler 
935923     WARN  main            d.u.i.k.p.i.IntermediateProofReplayer Proof contains wrong number of \assumes instatiations for Definition_axiom_for_staticPermissions_in_Sampler 
935924     WARN  main            d.u.i.k.p.i.IntermediateProofReplayer Proof contains wrong number of \assumes instatiations for Definition_axiom_for_staticPermissions_in_Sampler 
935924     WARN  main            d.u.i.k.p.i.IntermediateProofReplayer Proof contains wrong number of \assumes instatiations for Definition_axiom_for_joinTransfer_in_Plotter 
935999     DEBUG main            d.u.i.k.p.i.IntermediateProofReplayer Proof replay took 104.8ms 
936000     INFO  main            d.u.i.k.p.r.p.TestFile    ... success: loaded 
5617348    INFO  Test worker     d.u.i.k.p.r.RunAllProofsTestUnit Returning from test permissionHeap 
5617353    INFO  Test worker     d.u.i.k.p.r.RunAllProofsTestUnit Running test completionScopes 
376        INFO  Timeout watchdog d.u.i.k.p.r.p.ForkedTestFileRunner Timeout watcher launched (2000 secs.) 
391        WARN  main            d.u.i.k.s.ProofSettings   The settings in /home/runner/.key/proof-settings.props are *not* read. 
428        INFO  main            d.u.i.k.p.r.p.TestFile    Now processing file /home/runner/work/key/key/key.core/../key.ui/examples/completionscopes/testCcatchReturnVal.key 
564        INFO  main            d.u.i.k.p.i.AbstractProblemLoader Loading environment from /home/runner/work/key/key/key.core/../key.ui/examples/completionscopes/testCcatchReturnVal.key 
588        DEBUG main            d.u.i.k.p.i.AbstractProblemLoader Environment load took 2.41ms 
838        INFO  main            d.u.i.k.p.i.AbstractProblemLoader Creating init config 
2043       DEBUG main            d.u.i.k.j.TypeConverter   No LDT found for Meta 
2043       DEBUG main            d.u.i.k.j.TypeConverter   No LDT found for Meta 
2045       DEBUG main            d.u.i.k.j.TypeConverter   No LDT found for Meta 
2045       DEBUG main            d.u.i.k.j.TypeConverter   No LDT found for Meta 
3691       DEBUG main            d.u.i.k.j.TypeConverter   No LDT found for JavaBigintExpression 
9440       DEBUG main            d.u.i.k.p.i.AbstractProblemLoader Init config took 8.6s 
9602       INFO  main            d.u.i.k.p.i.AbstractProblemLoader Replaying proof CompletionScopes[CompletionScopes::testCcatchReturnVal()].JML normal_behavior operation contract.0 
9645       DEBUG main            d.u.i.k.p.i.IntermediateProofReplayer Proof replay took 34.4ns 
10309      INFO  main            d.u.i.k.p.r.p.TestFile    ... finished proof: closed. 
10434      INFO  main            d.u.i.k.p.i.AbstractProblemLoader Loading environment from /home/runner/work/key/key/key.core/../key.ui/examples/completionscopes/testCcatchReturnVal.key.proof 
10435      DEBUG main            d.u.i.k.p.i.AbstractProblemLoader Environment load took 594.5ns 
10439      INFO  main            d.u.i.k.p.i.AbstractProblemLoader Creating init config 
13789      DEBUG main            d.u.i.k.p.i.AbstractProblemLoader Init config took 3.35s 
13866      INFO  main            d.u.i.k.p.i.AbstractProblemLoader Replaying proof CompletionScopes[CompletionScopes::testCcatchReturnVal()].JML normal_behavior operation contract.0 
13902      DEBUG main            d.u.i.k.p.i.IntermediateProofReplayer Proof replay took 30.82ms 
13911      DEBUG main            d.u.i.k.p.r.p.TestFile    ... success: reloaded. 
13912      INFO  main            d.u.i.k.p.r.p.TestFile    Now processing file /home/runner/work/key/key/key.core/../key.ui/examples/completionscopes/testMultCcatchClauses.key 
13913      INFO  main            d.u.i.k.p.i.AbstractProblemLoader Loading environment from /home/runner/work/key/key/key.core/../key.ui/examples/completionscopes/testMultCcatchClauses.key 
13913      DEBUG main            d.u.i.k.p.i.AbstractProblemLoader Environment load took 229.99ns 
13915      INFO  main            d.u.i.k.p.i.AbstractProblemLoader Creating init config 
17028      DEBUG main            d.u.i.k.p.i.AbstractProblemLoader Init config took 3.11s 
17098      INFO  main            d.u.i.k.p.i.AbstractProblemLoader Replaying proof CompletionScopes[CompletionScopes::testMultCcatchClauses()].JML normal_behavior operation contract.0 
17101      DEBUG main            d.u.i.k.p.i.IntermediateProofReplayer Proof replay took 7.7ns 
17708      INFO  main            d.u.i.k.p.r.p.TestFile    ... finished proof: closed. 
17888      INFO  main            d.u.i.k.p.i.AbstractProblemLoader Loading environment from /home/runner/work/key/key/key.core/../key.ui/examples/completionscopes/testMultCcatchClauses.key.proof 
17889      DEBUG main            d.u.i.k.p.i.AbstractProblemLoader Environment load took 403ns 
17892      INFO  main            d.u.i.k.p.i.AbstractProblemLoader Creating init config 
20920      DEBUG main            d.u.i.k.p.i.AbstractProblemLoader Init config took 3.03s 
20979      INFO  main            d.u.i.k.p.i.AbstractProblemLoader Replaying proof CompletionScopes[CompletionScopes::testMultCcatchClauses()].JML normal_behavior operation contract.0 
21083      DEBUG main            d.u.i.k.p.i.IntermediateProofReplayer Proof replay took 99.62ms 
21084      DEBUG main            d.u.i.k.p.r.p.TestFile    ... success: reloaded. 
21086      INFO  main            d.u.i.k.p.r.p.TestFile    Now processing file /home/runner/work/key/key/key.core/../key.ui/examples/completionscopes/testNestedExec.key 
21086      INFO  main            d.u.i.k.p.i.AbstractProblemLoader Loading environment from /home/runner/work/key/key/key.core/../key.ui/examples/completionscopes/testNestedExec.key 
21087      DEBUG main            d.u.i.k.p.i.AbstractProblemLoader Environment load took 234.4ns 
21089      INFO  main            d.u.i.k.p.i.AbstractProblemLoader Creating init config 
24045      DEBUG main            d.u.i.k.p.i.AbstractProblemLoader Init config took 2.96s 
24112      INFO  main            d.u.i.k.p.i.AbstractProblemLoader Replaying proof CompletionScopes[CompletionScopes::testMultCcatchClauses()].JML normal_behavior operation contract.0 
24115      DEBUG main            d.u.i.k.p.i.IntermediateProofReplayer Proof replay took 7ns 
24419      INFO  main            d.u.i.k.p.r.p.TestFile    ... finished proof: closed. 
24602      INFO  main            d.u.i.k.p.i.AbstractProblemLoader Loading environment from /home/runner/work/key/key/key.core/../key.ui/examples/completionscopes/testNestedExec.key.proof 
24603      DEBUG main            d.u.i.k.p.i.AbstractProblemLoader Environment load took 467.3ns 
24606      INFO  main            d.u.i.k.p.i.AbstractProblemLoader Creating init config 
27481      DEBUG main            d.u.i.k.p.i.AbstractProblemLoader Init config took 2.88s 
27531      INFO  main            d.u.i.k.p.i.AbstractProblemLoader Replaying proof CompletionScopes[CompletionScopes::testMultCcatchClauses()].JML normal_behavior operation contract.0 
27603      DEBUG main            d.u.i.k.p.i.IntermediateProofReplayer Proof replay took 68.46ms 
27605      DEBUG main            d.u.i.k.p.r.p.TestFile    ... success: reloaded. 
27606      INFO  main            d.u.i.k.p.r.p.TestFile    Now processing file /home/runner/work/key/key/key.core/../key.ui/examples/completionscopes/testCcatchBreakLabel.key 
27607      INFO  main            d.u.i.k.p.i.AbstractProblemLoader Loading environment from /home/runner/work/key/key/key.core/../key.ui/examples/completionscopes/testCcatchBreakLabel.key 
27607      DEBUG main            d.u.i.k.p.i.AbstractProblemLoader Environment load took 215.8ns 
27608      INFO  main            d.u.i.k.p.i.AbstractProblemLoader Creating init config 
30448      DEBUG main            d.u.i.k.p.i.AbstractProblemLoader Init config took 2.84s 
30502      INFO  main            d.u.i.k.p.i.AbstractProblemLoader Replaying proof CompletionScopes[CompletionScopes::testBreakLabel()].JML normal_behavior operation contract.0 
30506      DEBUG main            d.u.i.k.p.i.IntermediateProofReplayer Proof replay took 6.6ns 
30534      DEBUG Thread-10       d.u.i.k.l.o.ProgramSV     Match failed: Former match of  SchemaVariable incompatible with  the current match. 
30609      INFO  main            d.u.i.k.p.r.p.TestFile    ... finished proof: closed. 
30774      INFO  main            d.u.i.k.p.i.AbstractProblemLoader Loading environment from /home/runner/work/key/key/key.core/../key.ui/examples/completionscopes/testCcatchBreakLabel.key.proof 
30775      DEBUG main            d.u.i.k.p.i.AbstractProblemLoader Environment load took 144.6ns 
30776      INFO  main            d.u.i.k.p.i.AbstractProblemLoader Creating init config 
33648      DEBUG main            d.u.i.k.p.i.AbstractProblemLoader Init config took 2.87s 
33707      INFO  main            d.u.i.k.p.i.AbstractProblemLoader Replaying proof CompletionScopes[CompletionScopes::testBreakLabel()].JML normal_behavior operation contract.0 
33721      DEBUG main            d.u.i.k.p.i.IntermediateProofReplayer Proof replay took 9.42ms 
33723      DEBUG main            d.u.i.k.p.r.p.TestFile    ... success: reloaded. 
33724      INFO  main            d.u.i.k.p.r.p.TestFile    Now processing file /home/runner/work/key/key/key.core/../key.ui/examples/completionscopes/testCcatchContinueLabel.key 
33725      INFO  main            d.u.i.k.p.i.AbstractProblemLoader Loading environment from /home/runner/work/key/key/key.core/../key.ui/examples/completionscopes/testCcatchContinueLabel.key 
33725      DEBUG main            d.u.i.k.p.i.AbstractProblemLoader Environment load took 269.5ns 
33728      INFO  main            d.u.i.k.p.i.AbstractProblemLoader Creating init config 
36555      DEBUG main            d.u.i.k.p.i.AbstractProblemLoader Init config took 2.83s 
36609      INFO  main            d.u.i.k.p.i.AbstractProblemLoader Replaying proof CompletionScopes[CompletionScopes::testContinueLabel()].JML normal_behavior operation contract.0 
36611      DEBUG main            d.u.i.k.p.i.IntermediateProofReplayer Proof replay took 7.3ns 
36631      DEBUG Thread-13       d.u.i.k.l.o.ProgramSV     Match failed: Former match of  SchemaVariable incompatible with  the current match. 
36714      INFO  main            d.u.i.k.p.r.p.TestFile    ... finished proof: closed. 
36956      INFO  main            d.u.i.k.p.i.AbstractProblemLoader Loading environment from /home/runner/work/key/key/key.core/../key.ui/examples/completionscopes/testCcatchContinueLabel.key.proof 
36956      DEBUG main            d.u.i.k.p.i.AbstractProblemLoader Environment load took 172.6ns 
36958      INFO  main            d.u.i.k.p.i.AbstractProblemLoader Creating init config 
39855      DEBUG main            d.u.i.k.p.i.AbstractProblemLoader Init config took 2.9s 
39904      INFO  main            d.u.i.k.p.i.AbstractProblemLoader Replaying proof CompletionScopes[CompletionScopes::testContinueLabel()].JML normal_behavior operation contract.0 
39913      DEBUG main            d.u.i.k.p.i.IntermediateProofReplayer Proof replay took 7.41ms 
39914      DEBUG main            d.u.i.k.p.r.p.TestFile    ... success: reloaded. 
39915      INFO  main            d.u.i.k.p.r.p.TestFile    Now processing file /home/runner/work/key/key/key.core/../key.ui/examples/completionscopes/testCcatchBreakLabelWildcard.key 
39916      INFO  main            d.u.i.k.p.i.AbstractProblemLoader Loading environment from /home/runner/work/key/key/key.core/../key.ui/examples/completionscopes/testCcatchBreakLabelWildcard.key 
39916      DEBUG main            d.u.i.k.p.i.AbstractProblemLoader Environment load took 202.9ns 
39917      INFO  main            d.u.i.k.p.i.AbstractProblemLoader Creating init config 
42826      DEBUG main            d.u.i.k.p.i.AbstractProblemLoader Init config took 2.91s 
42874      INFO  main            d.u.i.k.p.i.AbstractProblemLoader Replaying proof CompletionScopes[CompletionScopes::testBreakLabelWildcard()].JML normal_behavior operation contract.0 
42878      DEBUG main            d.u.i.k.p.i.IntermediateProofReplayer Proof replay took 7.4ns 
42904      DEBUG Thread-16       d.u.i.k.l.o.ProgramSV     Match failed: Former match of  SchemaVariable incompatible with  the current match. 
42905      DEBUG Thread-16       d.u.i.k.l.o.ProgramSV     Match failed: Former match of  SchemaVariable incompatible with  the current match. 
42986      INFO  main            d.u.i.k.p.r.p.TestFile    ... finished proof: closed. 
43174      INFO  main            d.u.i.k.p.i.AbstractProblemLoader Loading environment from /home/runner/work/key/key/key.core/../key.ui/examples/completionscopes/testCcatchBreakLabelWildcard.key.proof 
43174      DEBUG main            d.u.i.k.p.i.AbstractProblemLoader Environment load took 148.2ns 
43176      INFO  main            d.u.i.k.p.i.AbstractProblemLoader Creating init config 
45923      DEBUG main            d.u.i.k.p.i.AbstractProblemLoader Init config took 2.75s 
45972      INFO  main            d.u.i.k.p.i.AbstractProblemLoader Replaying proof CompletionScopes[CompletionScopes::testBreakLabelWildcard()].JML normal_behavior operation contract.0 
45983      DEBUG main            d.u.i.k.p.i.IntermediateProofReplayer Proof replay took 7.82ms 
45985      DEBUG main            d.u.i.k.p.r.p.TestFile    ... success: reloaded. 
45986      INFO  main            d.u.i.k.p.r.p.TestFile    Now processing file /home/runner/work/key/key/key.core/../key.ui/examples/completionscopes/testCcatchContinueLabelWildcard.key 
45987      INFO  main            d.u.i.k.p.i.AbstractProblemLoader Loading environment from /home/runner/work/key/key/key.core/../key.ui/examples/completionscopes/testCcatchContinueLabelWildcard.key 
45987      DEBUG main            d.u.i.k.p.i.AbstractProblemLoader Environment load took 219.4ns 
46000      INFO  main            d.u.i.k.p.i.AbstractProblemLoader Creating init config 
48874      DEBUG main            d.u.i.k.p.i.AbstractProblemLoader Init config took 2.87s 
48920      INFO  main            d.u.i.k.p.i.AbstractProblemLoader Replaying proof CompletionScopes[CompletionScopes::testContinueLabelWildcard()].JML normal_behavior operation contract.0 
48922      DEBUG main            d.u.i.k.p.i.IntermediateProofReplayer Proof replay took 6.8ns 
48943      DEBUG Thread-19       d.u.i.k.l.o.ProgramSV     Match failed: Former match of  SchemaVariable incompatible with  the current match. 
48944      DEBUG Thread-19       d.u.i.k.l.o.ProgramSV     Match failed: Former match of  SchemaVariable incompatible with  the current match. 
49026      INFO  main            d.u.i.k.p.r.p.TestFile    ... finished proof: closed. 
49219      INFO  main            d.u.i.k.p.i.AbstractProblemLoader Loading environment from /home/runner/work/key/key/key.core/../key.ui/examples/completionscopes/testCcatchContinueLabelWildcard.key.proof 
49219      DEBUG main            d.u.i.k.p.i.AbstractProblemLoader Environment load took 217.3ns 
49220      INFO  main            d.u.i.k.p.i.AbstractProblemLoader Creating init config 
51961      DEBUG main            d.u.i.k.p.i.AbstractProblemLoader Init config took 2.74s 
52019      INFO  main            d.u.i.k.p.i.AbstractProblemLoader Replaying proof CompletionScopes[CompletionScopes::testContinueLabelWildcard()].JML normal_behavior operation contract.0 
52029      DEBUG main            d.u.i.k.p.i.IntermediateProofReplayer Proof replay took 7.71ms 
52030      DEBUG main            d.u.i.k.p.r.p.TestFile    ... success: reloaded. 
52031      INFO  main            d.u.i.k.p.r.p.TestFile    Now processing file /home/runner/work/key/key/key.core/../key.ui/examples/completionscopes/testCcatchBreakLabelNonmatchingNested.key 
52032      INFO  main            d.u.i.k.p.i.AbstractProblemLoader Loading environment from /home/runner/work/key/key/key.core/../key.ui/examples/completionscopes/testCcatchBreakLabelNonmatchingNested.key 
52032      DEBUG main            d.u.i.k.p.i.AbstractProblemLoader Environment load took 240.9ns 
52033      INFO  main            d.u.i.k.p.i.AbstractProblemLoader Creating init config 
54876      DEBUG main            d.u.i.k.p.i.AbstractProblemLoader Init config took 2.84s 
54927      INFO  main            d.u.i.k.p.i.AbstractProblemLoader Replaying proof CompletionScopes[CompletionScopes::testBreakLabelNonmatchingNested()].JML normal_behavior operation contract.0 
54930      DEBUG main            d.u.i.k.p.i.IntermediateProofReplayer Proof replay took 6.8ns 
54948      DEBUG Thread-22       d.u.i.k.l.o.ProgramSV     Match failed: Former match of  SchemaVariable incompatible with  the current match. 
54950      DEBUG Thread-22       d.u.i.k.l.o.ProgramSV     Match failed: Former match of  SchemaVariable incompatible with  the current match. 
55032      INFO  main            d.u.i.k.p.r.p.TestFile    ... finished proof: closed. 
55227      INFO  main            d.u.i.k.p.i.AbstractProblemLoader Loading environment from /home/runner/work/key/key/key.core/../key.ui/examples/completionscopes/testCcatchBreakLabelNonmatchingNested.key.proof 
55227      DEBUG main            d.u.i.k.p.i.AbstractProblemLoader Environment load took 127.2ns 
55228      INFO  main            d.u.i.k.p.i.AbstractProblemLoader Creating init config 
58012      DEBUG main            d.u.i.k.p.i.AbstractProblemLoader Init config took 2.78s 
58061      INFO  main            d.u.i.k.p.i.AbstractProblemLoader Replaying proof CompletionScopes[CompletionScopes::testBreakLabelNonmatchingNested()].JML normal_behavior operation contract.0 
58077      DEBUG main            d.u.i.k.p.i.IntermediateProofReplayer Proof replay took 12.79ms 
58078      DEBUG main            d.u.i.k.p.r.p.TestFile    ... success: reloaded. 
5675645    INFO  Test worker     d.u.i.k.p.r.RunAllProofsTestUnit Returning from test completionScopes 
5675647    INFO  Test worker     d.u.i.k.p.r.RunAllProofsTestUnit Running test reload_examples 
349        INFO  Timeout watchdog d.u.i.k.p.r.p.ForkedTestFileRunner Timeout watcher launched (2000 secs.) 
363        WARN  main            d.u.i.k.s.ProofSettings   The settings in /home/runner/.key/proof-settings.props are *not* read. 
420        INFO  main            d.u.i.k.p.r.p.TestFile    Now processing file /home/runner/work/key/key/key.core/../key.ui/examples/firstTouch/05-ReverseArray/reverseArray.key 
572        INFO  main            d.u.i.k.p.i.AbstractProblemLoader Loading environment from /home/runner/work/key/key/key.core/../key.ui/examples/firstTouch/05-ReverseArray/reverseArray.key 
599        DEBUG main            d.u.i.k.p.i.AbstractProblemLoader Environment load took 2.53ms 
863        INFO  main            d.u.i.k.p.i.AbstractProblemLoader Creating init config 
2064       DEBUG main            d.u.i.k.j.TypeConverter   No LDT found for Meta 
2064       DEBUG main            d.u.i.k.j.TypeConverter   No LDT found for Meta 
2067       DEBUG main            d.u.i.k.j.TypeConverter   No LDT found for Meta 
2067       DEBUG main            d.u.i.k.j.TypeConverter   No LDT found for Meta 
3998       DEBUG main            d.u.i.k.j.TypeConverter   No LDT found for JavaBigintExpression 
9977       DEBUG main            d.u.i.k.p.i.AbstractProblemLoader Init config took 9.11s 
10096      INFO  main            d.u.i.k.p.i.AbstractProblemLoader Replaying proof ReverseArray[ReverseArray::reverse()].JML normal_behavior operation contract.0 
10156      DEBUG main            d.u.i.k.p.i.IntermediateProofReplayer Proof replay took 41.3ns 
22119      INFO  main            d.u.i.k.p.r.p.TestFile    ... finished proof: closed. 
22362      INFO  main            d.u.i.k.p.i.AbstractProblemLoader Loading environment from /home/runner/work/key/key/key.core/../key.ui/examples/firstTouch/05-ReverseArray/reverseArray.key.proof 
22363      DEBUG main            d.u.i.k.p.i.AbstractProblemLoader Environment load took 436.7ns 
22373      INFO  main            d.u.i.k.p.i.AbstractProblemLoader Creating init config 
25652      DEBUG main            d.u.i.k.p.i.AbstractProblemLoader Init config took 3.28s 
25705      INFO  main            d.u.i.k.p.i.AbstractProblemLoader Replaying proof ReverseArray[ReverseArray::reverse()].JML normal_behavior operation contract.0 
26354      DEBUG main            d.u.i.k.p.i.IntermediateProofReplayer Proof replay took 583.53ms 
26368      DEBUG main            d.u.i.k.p.r.p.TestFile    ... success: reloaded. 
26373      INFO  main            d.u.i.k.p.r.p.TestFile    Now processing file /home/runner/work/key/key/key.core/../key.ui/examples/standard_key/arith/saveProofTest.key.proof 
26373      INFO  main            d.u.i.k.p.i.AbstractProblemLoader Loading environment from /home/runner/work/key/key/key.core/../key.ui/examples/standard_key/arith/saveProofTest.key.proof 
26374      DEBUG main            d.u.i.k.p.i.AbstractProblemLoader Environment load took 236.3ns 
26378      INFO  main            d.u.i.k.p.i.AbstractProblemLoader Creating init config 
29354      DEBUG main            d.u.i.k.p.i.AbstractProblemLoader Init config took 2.98s 
29383      INFO  main            d.u.i.k.p.i.AbstractProblemLoader Replaying proof saveProofTest.key.proof 
29391      DEBUG main            d.u.i.k.p.i.IntermediateProofReplayer Proof replay took 3.47ms 
29392      INFO  main            d.u.i.k.p.r.p.TestFile    ... success: loaded 
29396      INFO  main            d.u.i.k.p.r.p.TestFile    Now processing file /home/runner/work/key/key/key.core/../key.ui/examples/heap/permutedSum/perm.proof 
29396      INFO  main            d.u.i.k.p.i.AbstractProblemLoader Loading environment from /home/runner/work/key/key/key.core/../key.ui/examples/heap/permutedSum/perm.proof 
29397      DEBUG main            d.u.i.k.p.i.AbstractProblemLoader Environment load took 215.2ns 
29399      INFO  main            d.u.i.k.p.i.AbstractProblemLoader Creating init config 
32514      DEBUG main            d.u.i.k.p.i.AbstractProblemLoader Init config took 3.11s 
32588      INFO  main            d.u.i.k.p.i.AbstractProblemLoader Replaying proof Perm[Perm::foo()].JML normal_behavior operation contract.0 
33573      DEBUG main            d.u.i.k.p.i.IntermediateProofReplayer Proof replay took 929.02ms 
33576      INFO  main            d.u.i.k.p.r.p.TestFile    ... success: loaded 
33577      INFO  main            d.u.i.k.p.r.p.TestFile    Now processing file /home/runner/work/key/key/key.core/../key.ui/examples/firstTouch/05-ReverseArray/reverseArray.proof 
33578      INFO  main            d.u.i.k.p.i.AbstractProblemLoader Loading environment from /home/runner/work/key/key/key.core/../key.ui/examples/firstTouch/05-ReverseArray/reverseArray.proof 
33579      DEBUG main            d.u.i.k.p.i.AbstractProblemLoader Environment load took 244.2ns 
33581      INFO  main            d.u.i.k.p.i.AbstractProblemLoader Creating init config 
36368      DEBUG main            d.u.i.k.p.i.AbstractProblemLoader Init config took 2.79s 
36426      INFO  main            d.u.i.k.p.i.AbstractProblemLoader Replaying proof ReverseArray[ReverseArray::reverse()].JML normal_behavior operation contract.0 
36985      DEBUG main            d.u.i.k.p.i.IntermediateProofReplayer Proof replay took 517.38ms 
36989      INFO  main            d.u.i.k.p.r.p.TestFile    ... success: loaded 
36991      INFO  main            d.u.i.k.p.r.p.TestFile    Now processing file /home/runner/work/key/key/key.core/../key.ui/examples/heap/verifyThis15_1_RelaxedPrefix/relax.proof 
36991      INFO  main            d.u.i.k.p.i.AbstractProblemLoader Loading environment from /home/runner/work/key/key/key.core/../key.ui/examples/heap/verifyThis15_1_RelaxedPrefix/relax.proof 
36992      DEBUG main            d.u.i.k.p.i.AbstractProblemLoader Environment load took 264.2ns 
36993      INFO  main            d.u.i.k.p.i.AbstractProblemLoader Creating init config 
39983      DEBUG main            d.u.i.k.p.i.AbstractProblemLoader Init config took 2.99s 
40031      INFO  main            d.u.i.k.p.i.AbstractProblemLoader Replaying proof Relaxed[Relaxed::isRelaxedPrefix([I,[I)].JML operation contract.0 
40580      DEBUG main            d.u.i.k.p.i.IntermediateProofReplayer Proof replay took 528.98ms 
40582      INFO  main            d.u.i.k.p.r.p.TestFile    ... success: loaded 
40583      INFO  main            d.u.i.k.p.r.p.TestFile    Now processing file /home/runner/work/key/key/key.core/../key.ui/examples/heap/verifyThis15_3_DLL/doUndo.proof 
40584      INFO  main            d.u.i.k.p.i.AbstractProblemLoader Loading environment from /home/runner/work/key/key/key.core/../key.ui/examples/heap/verifyThis15_3_DLL/doUndo.proof 
40584      DEBUG main            d.u.i.k.p.i.AbstractProblemLoader Environment load took 198.3ns 
40586      INFO  main            d.u.i.k.p.i.AbstractProblemLoader Creating init config 
41743      DEBUG main            d.u.i.k.j.r.ClassPreparationMethodBuilder clPrepBuilder: Inner Class detected. Reject building class initialisation methods. 
44013      DEBUG main            d.u.i.k.p.i.AbstractProblemLoader Init config took 3.43s 
44104      INFO  main            d.u.i.k.p.i.AbstractProblemLoader Replaying proof DoubleLinkedList[DoubleLinkedList::doUndo(DoubleLinkedList.Node,int)].JML normal_behavior operation contract.0 
44823      DEBUG main            d.u.i.k.p.i.IntermediateProofReplayer Proof replay took 675.38ms 
44825      INFO  main            d.u.i.k.p.r.p.TestFile    ... success: loaded 
44826      INFO  main            d.u.i.k.p.r.p.TestFile    Now processing file /home/runner/work/key/key/key.core/../key.ui/examples/heap/verifyThis15_2_ParallelGcd/parallelGcd.proof 
44827      INFO  main            d.u.i.k.p.i.AbstractProblemLoader Loading environment from /home/runner/work/key/key/key.core/../key.ui/examples/heap/verifyThis15_2_ParallelGcd/parallelGcd.proof 
44827      DEBUG main            d.u.i.k.p.i.AbstractProblemLoader Environment load took 234.8ns 
44829      INFO  main            d.u.i.k.p.i.AbstractProblemLoader Creating init config 
47860      DEBUG main            d.u.i.k.p.i.AbstractProblemLoader Init config took 3.03s 
47925      INFO  main            d.u.i.k.p.i.AbstractProblemLoader Replaying proof ParallelGcd[ParallelGcd::parallelGcd(int,int,[Z)].JML behavior operation contract.0 
48525      DEBUG main            d.u.i.k.p.i.IntermediateProofReplayer Proof replay took 580.25ms 
48526      INFO  main            d.u.i.k.p.r.p.TestFile    ... success: loaded 
5724379    INFO  Test worker     d.u.i.k.p.r.RunAllProofsTestUnit Returning from test reload_examples 
5724380    INFO  Test worker     d.u.i.k.p.r.RunAllProofsTestUnit Running test proofLoadRepair 
406        INFO  Timeout watchdog d.u.i.k.p.r.p.ForkedTestFileRunner Timeout watcher launched (2000 secs.) 
422        WARN  main            d.u.i.k.s.ProofSettings   The settings in /home/runner/.key/proof-settings.props are *not* read. 
469        INFO  main            d.u.i.k.p.r.p.TestFile    Now processing file /home/runner/work/key/key/key.core/../key.ui/examples/proofLoadRepair/disjConj-manipulated.proof 
610        INFO  main            d.u.i.k.p.i.AbstractProblemLoader Loading environment from /home/runner/work/key/key/key.core/../key.ui/examples/proofLoadRepair/disjConj-manipulated.proof 
629        DEBUG main            d.u.i.k.p.i.AbstractProblemLoader Environment load took 2.07ms 
976        INFO  main            d.u.i.k.p.i.AbstractProblemLoader Creating init config 
2044       DEBUG main            d.u.i.k.j.TypeConverter   No LDT found for Meta 
2045       DEBUG main            d.u.i.k.j.TypeConverter   No LDT found for Meta 
2049       DEBUG main            d.u.i.k.j.TypeConverter   No LDT found for Meta 
2049       DEBUG main            d.u.i.k.j.TypeConverter   No LDT found for Meta 
4226       DEBUG main            d.u.i.k.j.TypeConverter   No LDT found for JavaBigintExpression 
9793       DEBUG main            d.u.i.k.p.i.AbstractProblemLoader Init config took 8.82s 
9905       INFO  main            d.u.i.k.p.i.AbstractProblemLoader Replaying proof disjConj-manipulated.proof 
9967       WARN  main            d.u.i.k.p.i.IntermediateProofReplayer Proof contains wrong number of \assumes instatiations for andLeft 
9968       WARN  main            d.u.i.k.p.i.IntermediateProofReplayer Proof contains wrong number of \assumes instatiations for replace_known_right 
9971       WARN  main            d.u.i.k.p.i.IntermediateProofReplayer Proof contains wrong number of \assumes instatiations for close 
9972       DEBUG main            d.u.i.k.p.i.IntermediateProofReplayer Proof replay took 16.04ms 
9978       INFO  main            d.u.i.k.p.r.p.TestFile    ... success: loaded 
9987       INFO  main            d.u.i.k.p.r.p.TestFile    Now processing file /home/runner/work/key/key/key.core/../key.ui/examples/proofLoadRepair/insufficient-manipulated.proof 
9987       INFO  main            d.u.i.k.p.i.AbstractProblemLoader Loading environment from /home/runner/work/key/key/key.core/../key.ui/examples/proofLoadRepair/insufficient-manipulated.proof 
9987       DEBUG main            d.u.i.k.p.i.AbstractProblemLoader Environment load took 246.7ns 
9993       INFO  main            d.u.i.k.p.i.AbstractProblemLoader Creating init config 
13256      DEBUG main            d.u.i.k.p.i.AbstractProblemLoader Init config took 3.26s 
13277      INFO  main            d.u.i.k.p.i.AbstractProblemLoader Replaying proof insufficient-manipulated.proof 
13295      WARN  main            d.u.i.k.p.i.IntermediateProofReplayer Proof contains wrong number of \assumes instatiations for applyEq 
13306      DEBUG main            d.u.i.k.p.i.IntermediateProofReplayer Proof replay took 13.01ms 
13309      INFO  main            d.u.i.k.p.r.p.TestFile    ... success: loading failed 
13310      INFO  main            d.u.i.k.p.r.p.TestFile    Now processing file /home/runner/work/key/key/key.core/../key.ui/examples/../../key.core/src/test/resources/testcase/issues/1716/incorrectPolarity.proof 
13311      INFO  main            d.u.i.k.p.i.AbstractProblemLoader Loading environment from /home/runner/work/key/key/key.core/../key.ui/examples/../../key.core/src/test/resources/testcase/issues/1716/incorrectPolarity.proof 
13311      DEBUG main            d.u.i.k.p.i.AbstractProblemLoader Environment load took 294.9ns 
13313      INFO  main            d.u.i.k.p.i.AbstractProblemLoader Creating init config 
16635      DEBUG main            d.u.i.k.p.i.AbstractProblemLoader Init config took 3.32s 
16668      INFO  main            d.u.i.k.p.i.AbstractProblemLoader Replaying proof incorrectPolarity.proof 
16671      DEBUG main            d.u.i.k.p.i.IntermediateProofReplayer Proof replay took 226.3ns 
16671      INFO  main            d.u.i.k.p.r.p.TestFile    ... success: loading failed 
16672      INFO  main            d.u.i.k.p.r.p.TestFile    Now processing file /home/runner/work/key/key/key.core/../key.ui/examples/../../key.core/src/test/resources/testcase/issues/1716/incorrectPolarity2.proof 
16673      INFO  main            d.u.i.k.p.i.AbstractProblemLoader Loading environment from /home/runner/work/key/key/key.core/../key.ui/examples/../../key.core/src/test/resources/testcase/issues/1716/incorrectPolarity2.proof 
16673      DEBUG main            d.u.i.k.p.i.AbstractProblemLoader Environment load took 283.9ns 
16675      INFO  main            d.u.i.k.p.i.AbstractProblemLoader Creating init config 
19593      DEBUG main            d.u.i.k.p.i.AbstractProblemLoader Init config took 2.92s 
19619      INFO  main            d.u.i.k.p.i.AbstractProblemLoader Replaying proof incorrectPolarity2.proof 
19622      DEBUG main            d.u.i.k.p.i.IntermediateProofReplayer Proof replay took 404.8ns 
19623      INFO  main            d.u.i.k.p.r.p.TestFile    ... success: loading failed 
19624      INFO  main            d.u.i.k.p.r.p.TestFile    Now processing file /home/runner/work/key/key/key.core/../key.ui/examples/../../key.core/src/test/resources/testcase/issues/1716/incorrectPolarity3.proof 
19624      INFO  main            d.u.i.k.p.i.AbstractProblemLoader Loading environment from /home/runner/work/key/key/key.core/../key.ui/examples/../../key.core/src/test/resources/testcase/issues/1716/incorrectPolarity3.proof 
19624      DEBUG main            d.u.i.k.p.i.AbstractProblemLoader Environment load took 201.5ns 
19626      INFO  main            d.u.i.k.p.i.AbstractProblemLoader Creating init config 
22399      DEBUG main            d.u.i.k.p.i.AbstractProblemLoader Init config took 2.77s 
22423      INFO  main            d.u.i.k.p.i.AbstractProblemLoader Replaying proof incorrectPolarity3.proof 
22426      DEBUG main            d.u.i.k.p.i.IntermediateProofReplayer Proof replay took 1.18ms 
22427      INFO  main            d.u.i.k.p.r.p.TestFile    ... success: loading failed 
5747013    INFO  Test worker     d.u.i.k.p.r.RunAllProofsTestUnit Returning from test proofLoadRepair 
5747015    INFO  Test worker     d.u.i.k.p.r.RunAllProofsTestUnit Running test switch 
441        INFO  Timeout watchdog d.u.i.k.p.r.p.ForkedTestFileRunner Timeout watcher launched (2000 secs.) 
455        WARN  main            d.u.i.k.s.ProofSettings   The settings in /home/runner/.key/proof-settings.props are *not* read. 
491        INFO  main            d.u.i.k.p.r.p.TestFile    Now processing file /home/runner/work/key/key/key.core/../key.ui/examples/standard_key/java_dl/switch/labeled_case.key 
641        INFO  main            d.u.i.k.p.i.AbstractProblemLoader Loading environment from /home/runner/work/key/key/key.core/../key.ui/examples/standard_key/java_dl/switch/labeled_case.key 
663        DEBUG main            d.u.i.k.p.i.AbstractProblemLoader Environment load took 2.56ms 
953        INFO  main            d.u.i.k.p.i.AbstractProblemLoader Creating init config 
2192       DEBUG main            d.u.i.k.j.TypeConverter   No LDT found for Meta 
2193       DEBUG main            d.u.i.k.j.TypeConverter   No LDT found for Meta 
2199       DEBUG main            d.u.i.k.j.TypeConverter   No LDT found for Meta 
2199       DEBUG main            d.u.i.k.j.TypeConverter   No LDT found for Meta 
3930       DEBUG main            d.u.i.k.j.TypeConverter   No LDT found for JavaBigintExpression 
9503       DEBUG main            d.u.i.k.p.i.AbstractProblemLoader Init config took 8.55s 
9745       INFO  main            d.u.i.k.p.i.AbstractProblemLoader Replaying proof LabeledCase[LabeledCase::m(int)].JML normal_behavior operation contract.0 
9793       DEBUG main            d.u.i.k.p.i.IntermediateProofReplayer Proof replay took 39.6ns 
10669      INFO  main            d.u.i.k.p.r.p.TestFile    ... finished proof: closed. 
10801      INFO  main            d.u.i.k.p.i.AbstractProblemLoader Loading environment from /home/runner/work/key/key/key.core/../key.ui/examples/standard_key/java_dl/switch/labeled_case.key.proof 
10804      DEBUG main            d.u.i.k.p.i.AbstractProblemLoader Environment load took 3.16ms 
10807      INFO  main            d.u.i.k.p.i.AbstractProblemLoader Creating init config 
14097      DEBUG main            d.u.i.k.p.i.AbstractProblemLoader Init config took 3.29s 
14184      INFO  main            d.u.i.k.p.i.AbstractProblemLoader Replaying proof LabeledCase[LabeledCase::m(int)].JML normal_behavior operation contract.0 
14243      DEBUG main            d.u.i.k.p.i.IntermediateProofReplayer Proof replay took 53.3ms 
14250      DEBUG main            d.u.i.k.p.r.p.TestFile    ... success: reloaded. 
14251      INFO  main            d.u.i.k.p.r.p.TestFile    Now processing file /home/runner/work/key/key/key.core/../key.ui/examples/standard_key/java_dl/switch/empty_switch.key 
14252      INFO  main            d.u.i.k.p.i.AbstractProblemLoader Loading environment from /home/runner/work/key/key/key.core/../key.ui/examples/standard_key/java_dl/switch/empty_switch.key 
14252      DEBUG main            d.u.i.k.p.i.AbstractProblemLoader Environment load took 232.8ns 
14254      INFO  main            d.u.i.k.p.i.AbstractProblemLoader Creating init config 
17326      DEBUG main            d.u.i.k.p.i.AbstractProblemLoader Init config took 3.07s 
17360      INFO  main            d.u.i.k.p.i.AbstractProblemLoader Replaying proof empty_switch.key 
17364      DEBUG main            d.u.i.k.p.i.IntermediateProofReplayer Proof replay took 6.6ns 
17471      INFO  main            d.u.i.k.p.r.p.TestFile    ... finished proof: closed. 
17629      INFO  main            d.u.i.k.p.i.AbstractProblemLoader Loading environment from /home/runner/work/key/key/key.core/../key.ui/examples/standard_key/java_dl/switch/empty_switch.key.proof 
17630      DEBUG main            d.u.i.k.p.i.AbstractProblemLoader Environment load took 174.8ns 
17631      INFO  main            d.u.i.k.p.i.AbstractProblemLoader Creating init config 
20806      DEBUG main            d.u.i.k.p.i.AbstractProblemLoader Init config took 3.17s 
20834      INFO  main            d.u.i.k.p.i.AbstractProblemLoader Replaying proof empty_switch.key.proof 
20839      DEBUG main            d.u.i.k.p.i.IntermediateProofReplayer Proof replay took 2.1ms 
20840      DEBUG main            d.u.i.k.p.r.p.TestFile    ... success: reloaded. 
20840      INFO  main            d.u.i.k.p.r.p.TestFile    Now processing file /home/runner/work/key/key/key.core/../key.ui/examples/standard_key/java_dl/switch/empty_switch_null.key 
20841      INFO  main            d.u.i.k.p.i.AbstractProblemLoader Loading environment from /home/runner/work/key/key/key.core/../key.ui/examples/standard_key/java_dl/switch/empty_switch_null.key 
20841      DEBUG main            d.u.i.k.p.i.AbstractProblemLoader Environment load took 149.3ns 
20842      INFO  main            d.u.i.k.p.i.AbstractProblemLoader Creating init config 
23878      DEBUG main            d.u.i.k.p.i.AbstractProblemLoader Init config took 3.04s 
23908      INFO  main            d.u.i.k.p.i.AbstractProblemLoader Replaying proof empty_switch_null.key 
23910      DEBUG main            d.u.i.k.p.i.IntermediateProofReplayer Proof replay took 6.1ns 
24115      INFO  main            d.u.i.k.p.r.p.TestFile    ... finished proof: closed. 
24278      INFO  main            d.u.i.k.p.i.AbstractProblemLoader Loading environment from /home/runner/work/key/key/key.core/../key.ui/examples/standard_key/java_dl/switch/empty_switch_null.key.proof 
24278      DEBUG main            d.u.i.k.p.i.AbstractProblemLoader Environment load took 383.1ns 
24280      INFO  main            d.u.i.k.p.i.AbstractProblemLoader Creating init config 
27190      DEBUG main            d.u.i.k.p.i.AbstractProblemLoader Init config took 2.91s 
27217      INFO  main            d.u.i.k.p.i.AbstractProblemLoader Replaying proof empty_switch_null.key.proof 
27263      DEBUG main            d.u.i.k.p.i.IntermediateProofReplayer Proof replay took 42.08ms 
27264      DEBUG main            d.u.i.k.p.r.p.TestFile    ... success: reloaded. 
27265      INFO  main            d.u.i.k.p.r.p.TestFile    Now processing file /home/runner/work/key/key/key.core/../key.ui/examples/standard_key/java_dl/switch/empty_switch_null_catch.key 
27266      INFO  main            d.u.i.k.p.i.AbstractProblemLoader Loading environment from /home/runner/work/key/key/key.core/../key.ui/examples/standard_key/java_dl/switch/empty_switch_null_catch.key 
27266      DEBUG main            d.u.i.k.p.i.AbstractProblemLoader Environment load took 220.4ns 
27267      INFO  main            d.u.i.k.p.i.AbstractProblemLoader Creating init config 
30202      DEBUG main            d.u.i.k.p.i.AbstractProblemLoader Init config took 2.93s 
30230      INFO  main            d.u.i.k.p.i.AbstractProblemLoader Replaying proof empty_switch_null_catch.key 
30234      DEBUG main            d.u.i.k.p.i.IntermediateProofReplayer Proof replay took 7.2ns 
30538      INFO  main            d.u.i.k.p.r.p.TestFile    ... finished proof: closed. 
30725      INFO  main            d.u.i.k.p.i.AbstractProblemLoader Loading environment from /home/runner/work/key/key/key.core/../key.ui/examples/standard_key/java_dl/switch/empty_switch_null_catch.key.proof 
30726      DEBUG main            d.u.i.k.p.i.AbstractProblemLoader Environment load took 432.6ns 
30727      INFO  main            d.u.i.k.p.i.AbstractProblemLoader Creating init config 
33835      DEBUG main            d.u.i.k.p.i.AbstractProblemLoader Init config took 3.11s 
33861      INFO  main            d.u.i.k.p.i.AbstractProblemLoader Replaying proof empty_switch_null_catch.key.proof 
33923      DEBUG main            d.u.i.k.p.i.IntermediateProofReplayer Proof replay took 59.29ms 
33925      DEBUG main            d.u.i.k.p.r.p.TestFile    ... success: reloaded. 
33926      INFO  main            d.u.i.k.p.r.p.TestFile    Now processing file /home/runner/work/key/key/key.core/../key.ui/examples/standard_key/java_dl/switch/empty_switch_array_out_of_bounds.key 
33926      INFO  main            d.u.i.k.p.i.AbstractProblemLoader Loading environment from /home/runner/work/key/key/key.core/../key.ui/examples/standard_key/java_dl/switch/empty_switch_array_out_of_bounds.key 
33926      DEBUG main            d.u.i.k.p.i.AbstractProblemLoader Environment load took 164.1ns 
33927      INFO  main            d.u.i.k.p.i.AbstractProblemLoader Creating init config 
36900      DEBUG main            d.u.i.k.p.i.AbstractProblemLoader Init config took 2.97s 
36926      INFO  main            d.u.i.k.p.i.AbstractProblemLoader Replaying proof empty_switch_array_out_of_bounds.key 
36930      DEBUG main            d.u.i.k.p.i.IntermediateProofReplayer Proof replay took 6.3ns 
37234      INFO  main            d.u.i.k.p.r.p.TestFile    ... finished proof: closed. 
37468      INFO  main            d.u.i.k.p.i.AbstractProblemLoader Loading environment from /home/runner/work/key/key/key.core/../key.ui/examples/standard_key/java_dl/switch/empty_switch_array_out_of_bounds.key.proof 
37470      DEBUG main            d.u.i.k.p.i.AbstractProblemLoader Environment load took 1.45ms 
37471      INFO  main            d.u.i.k.p.i.AbstractProblemLoader Creating init config 
40443      DEBUG main            d.u.i.k.p.i.AbstractProblemLoader Init config took 2.97s 
40467      INFO  main            d.u.i.k.p.i.AbstractProblemLoader Replaying proof empty_switch_array_out_of_bounds.key.proof 
40529      DEBUG main            d.u.i.k.p.i.IntermediateProofReplayer Proof replay took 57.71ms 
40530      DEBUG main            d.u.i.k.p.r.p.TestFile    ... success: reloaded. 
40531      INFO  main            d.u.i.k.p.r.p.TestFile    Now processing file /home/runner/work/key/key/key.core/../key.ui/examples/standard_key/java_dl/switch/empty_switch_array_out_of_bounds_catch.key 
40532      INFO  main            d.u.i.k.p.i.AbstractProblemLoader Loading environment from /home/runner/work/key/key/key.core/../key.ui/examples/standard_key/java_dl/switch/empty_switch_array_out_of_bounds_catch.key 
40532      DEBUG main            d.u.i.k.p.i.AbstractProblemLoader Environment load took 234.5ns 
40533      INFO  main            d.u.i.k.p.i.AbstractProblemLoader Creating init config 
43455      DEBUG main            d.u.i.k.p.i.AbstractProblemLoader Init config took 2.92s 
43478      INFO  main            d.u.i.k.p.i.AbstractProblemLoader Replaying proof empty_switch_array_out_of_bounds_catch.key 
43481      DEBUG main            d.u.i.k.p.i.IntermediateProofReplayer Proof replay took 8.4ns 
43688      INFO  main            d.u.i.k.p.r.p.TestFile    ... finished proof: closed. 
44008      INFO  main            d.u.i.k.p.i.AbstractProblemLoader Loading environment from /home/runner/work/key/key/key.core/../key.ui/examples/standard_key/java_dl/switch/empty_switch_array_out_of_bounds_catch.key.proof 
44008      DEBUG main            d.u.i.k.p.i.AbstractProblemLoader Environment load took 615.2ns 
44010      INFO  main            d.u.i.k.p.i.AbstractProblemLoader Creating init config 
46939      DEBUG main            d.u.i.k.p.i.AbstractProblemLoader Init config took 2.93s 
46963      INFO  main            d.u.i.k.p.i.AbstractProblemLoader Replaying proof empty_switch_array_out_of_bounds_catch.key.proof 
47006      DEBUG main            d.u.i.k.p.i.IntermediateProofReplayer Proof replay took 39.59ms 
47007      DEBUG main            d.u.i.k.p.r.p.TestFile    ... success: reloaded. 
47009      INFO  main            d.u.i.k.p.r.p.TestFile    Now processing file /home/runner/work/key/key/key.core/../key.ui/examples/standard_key/java_dl/switch/switch_in_switch.key 
47009      INFO  main            d.u.i.k.p.i.AbstractProblemLoader Loading environment from /home/runner/work/key/key/key.core/../key.ui/examples/standard_key/java_dl/switch/switch_in_switch.key 
47009      DEBUG main            d.u.i.k.p.i.AbstractProblemLoader Environment load took 203.9ns 
47010      INFO  main            d.u.i.k.p.i.AbstractProblemLoader Creating init config 
50056      DEBUG main            d.u.i.k.p.i.AbstractProblemLoader Init config took 3.05s 
50107      INFO  main            d.u.i.k.p.i.AbstractProblemLoader Replaying proof SwitchInSwitch[SwitchInSwitch::m(int)].JML normal_behavior operation contract.0 
50108      DEBUG main            d.u.i.k.p.i.IntermediateProofReplayer Proof replay took 6.6ns 
55497      INFO  main            d.u.i.k.p.r.p.TestFile    ... finished proof: closed. 
55788      INFO  main            d.u.i.k.p.i.AbstractProblemLoader Loading environment from /home/runner/work/key/key/key.core/../key.ui/examples/standard_key/java_dl/switch/switch_in_switch.key.proof 
55796      DEBUG main            d.u.i.k.p.i.AbstractProblemLoader Environment load took 8.44ms 
55800      INFO  main            d.u.i.k.p.i.AbstractProblemLoader Creating init config 
58758      DEBUG main            d.u.i.k.p.i.AbstractProblemLoader Init config took 2.96s 
58811      INFO  main            d.u.i.k.p.i.AbstractProblemLoader Replaying proof SwitchInSwitch[SwitchInSwitch::m(int)].JML normal_behavior operation contract.0 
59335      DEBUG main            d.u.i.k.p.i.IntermediateProofReplayer Proof replay took 492.98ms 
59337      DEBUG main            d.u.i.k.p.r.p.TestFile    ... success: reloaded. 
59338      INFO  main            d.u.i.k.p.r.p.TestFile    Now processing file /home/runner/work/key/key/key.core/../key.ui/examples/standard_key/java_dl/switch/while_and_switch.key 
59338      INFO  main            d.u.i.k.p.i.AbstractProblemLoader Loading environment from /home/runner/work/key/key/key.core/../key.ui/examples/standard_key/java_dl/switch/while_and_switch.key 
59338      DEBUG main            d.u.i.k.p.i.AbstractProblemLoader Environment load took 213ns 
59340      INFO  main            d.u.i.k.p.i.AbstractProblemLoader Creating init config 
62312      DEBUG main            d.u.i.k.p.i.AbstractProblemLoader Init config took 2.97s 
62378      INFO  main            d.u.i.k.p.i.AbstractProblemLoader Replaying proof WhileAndSwitch[WhileAndSwitch::m(int)].JML normal_behavior operation contract.0 
62381      DEBUG main            d.u.i.k.p.i.IntermediateProofReplayer Proof replay took 25.1ns 
63189      INFO  main            d.u.i.k.p.r.p.TestFile    ... finished proof: closed. 
63466      INFO  main            d.u.i.k.p.i.AbstractProblemLoader Loading environment from /home/runner/work/key/key/key.core/../key.ui/examples/standard_key/java_dl/switch/while_and_switch.key.proof 
63466      DEBUG main            d.u.i.k.p.i.AbstractProblemLoader Environment load took 480.7ns 
63469      INFO  main            d.u.i.k.p.i.AbstractProblemLoader Creating init config 
66415      DEBUG main            d.u.i.k.p.i.AbstractProblemLoader Init config took 2.95s 
66460      INFO  main            d.u.i.k.p.i.AbstractProblemLoader Replaying proof WhileAndSwitch[WhileAndSwitch::m(int)].JML normal_behavior operation contract.0 
66593      DEBUG main            d.u.i.k.p.i.IntermediateProofReplayer Proof replay took 124.71ms 
66594      DEBUG main            d.u.i.k.p.r.p.TestFile    ... success: reloaded. 
66596      INFO  main            d.u.i.k.p.r.p.TestFile    Now processing file /home/runner/work/key/key/key.core/../key.ui/examples/standard_key/java_dl/switch/large_switch.key 
66596      INFO  main            d.u.i.k.p.i.AbstractProblemLoader Loading environment from /home/runner/work/key/key/key.core/../key.ui/examples/standard_key/java_dl/switch/large_switch.key 
66596      DEBUG main            d.u.i.k.p.i.AbstractProblemLoader Environment load took 195.5ns 
66597      INFO  main            d.u.i.k.p.i.AbstractProblemLoader Creating init config 
69493      DEBUG main            d.u.i.k.p.i.AbstractProblemLoader Init config took 2.9s 
69539      INFO  main            d.u.i.k.p.i.AbstractProblemLoader Replaying proof LargeSwitch[LargeSwitch::m(int)].JML normal_behavior operation contract.0 
69541      DEBUG main            d.u.i.k.p.i.IntermediateProofReplayer Proof replay took 6.9ns 
71156      INFO  main            d.u.i.k.p.r.p.TestFile    ... finished proof: closed. 
71411      INFO  main            d.u.i.k.p.i.AbstractProblemLoader Loading environment from /home/runner/work/key/key/key.core/../key.ui/examples/standard_key/java_dl/switch/large_switch.key.proof 
71417      DEBUG main            d.u.i.k.p.i.AbstractProblemLoader Environment load took 6.55ms 
71419      INFO  main            d.u.i.k.p.i.AbstractProblemLoader Creating init config 
74391      DEBUG main            d.u.i.k.p.i.AbstractProblemLoader Init config took 2.97s 
74438      INFO  main            d.u.i.k.p.i.AbstractProblemLoader Replaying proof LargeSwitch[LargeSwitch::m(int)].JML normal_behavior operation contract.0 
74829      DEBUG main            d.u.i.k.p.i.IntermediateProofReplayer Proof replay took 373.59ms 
74831      DEBUG main            d.u.i.k.p.r.p.TestFile    ... success: reloaded. 
5822068    INFO  Test worker     d.u.i.k.p.r.RunAllProofsTestUnit Returning from test switch 
5822069    INFO  Test worker     d.u.i.k.p.r.RunAllProofsTestUnit Running test redux 
387        INFO  Timeout watchdog d.u.i.k.p.r.p.ForkedTestFileRunner Timeout watcher launched (2000 secs.) 
401        WARN  main            d.u.i.k.s.ProofSettings   The settings in /home/runner/.key/proof-settings.props are *not* read. 
428        INFO  main            d.u.i.k.p.r.p.TestFile    Now processing file /home/runner/work/key/key/key.core/../key.ui/examples/redux/arrays/Arrays.copyOf.key 
547        INFO  main            d.u.i.k.p.i.AbstractProblemLoader Loading environment from /home/runner/work/key/key/key.core/../key.ui/examples/redux/arrays/Arrays.copyOf.key 
577        DEBUG main            d.u.i.k.p.i.AbstractProblemLoader Environment load took 2.74ms 
856        INFO  main            d.u.i.k.p.i.AbstractProblemLoader Creating init config 
2001       DEBUG main            d.u.i.k.j.TypeConverter   No LDT found for Meta 
2001       DEBUG main            d.u.i.k.j.TypeConverter   No LDT found for Meta 
2005       DEBUG main            d.u.i.k.j.TypeConverter   No LDT found for Meta 
2006       DEBUG main            d.u.i.k.j.TypeConverter   No LDT found for Meta 
4053       DEBUG main            d.u.i.k.j.TypeConverter   No LDT found for JavaBigintExpression 
9807       DEBUG main            d.u.i.k.p.i.AbstractProblemLoader Init config took 8.95s 
9940       INFO  main            d.u.i.k.p.i.AbstractProblemLoader Replaying proof Arrays[Arrays::copyOf([I,int)].JML normal_behavior operation contract.0 
9981       DEBUG main            d.u.i.k.p.i.IntermediateProofReplayer Proof replay took 34.1ns 
15701      INFO  main            d.u.i.k.p.r.p.TestFile    ... finished proof: closed. 
15894      INFO  main            d.u.i.k.p.i.AbstractProblemLoader Loading environment from /home/runner/work/key/key/key.core/../key.ui/examples/redux/arrays/Arrays.copyOf.key.proof 
15894      DEBUG main            d.u.i.k.p.i.AbstractProblemLoader Environment load took 160.5ns 
15900      INFO  main            d.u.i.k.p.i.AbstractProblemLoader Creating init config 
19429      DEBUG main            d.u.i.k.p.i.AbstractProblemLoader Init config took 3.53s 
19510      INFO  main            d.u.i.k.p.i.AbstractProblemLoader Replaying proof Arrays[Arrays::copyOf([I,int)].JML normal_behavior operation contract.0 
20021      DEBUG main            d.u.i.k.p.i.IntermediateProofReplayer Proof replay took 486.61ms 
20034      DEBUG main            d.u.i.k.p.r.p.TestFile    ... success: reloaded. 
20040      INFO  main            d.u.i.k.p.r.p.TestFile    Now processing file /home/runner/work/key/key/key.core/../key.ui/examples/redux/arrays/Arrays.copyOf.float.key 
20040      INFO  main            d.u.i.k.p.i.AbstractProblemLoader Loading environment from /home/runner/work/key/key/key.core/../key.ui/examples/redux/arrays/Arrays.copyOf.float.key 
20041      DEBUG main            d.u.i.k.p.i.AbstractProblemLoader Environment load took 156.1ns 
20045      INFO  main            d.u.i.k.p.i.AbstractProblemLoader Creating init config 
23467      DEBUG main            d.u.i.k.p.i.AbstractProblemLoader Init config took 3.42s 
23525      INFO  main            d.u.i.k.p.i.AbstractProblemLoader Replaying proof Arrays[Arrays::copyOf([F,int)].JML normal_behavior operation contract.0 
23527      DEBUG main            d.u.i.k.p.i.IntermediateProofReplayer Proof replay took 5.4ns 
23556      DEBUG main            d.u.i.k.m.s.ProofScriptEngine 1: 'macro autopilot' 
28602      DEBUG main            d.u.i.k.m.s.ProofScriptEngine 2: 'smt solver=Z3' 
28677      INFO  main            d.u.i.k.m.s.SMTCommand    Finished run on goal 17 in 44ms, result is valid 
28678      DEBUG main            d.u.i.k.m.s.ProofScriptEngine 3: 'tryclose' 
30513      INFO  main            d.u.i.k.p.r.p.TestFile    ... finished proof: closed. 
30718      INFO  main            d.u.i.k.p.i.AbstractProblemLoader Loading environment from /home/runner/work/key/key/key.core/../key.ui/examples/redux/arrays/Arrays.copyOf.float.key.proof 
30718      DEBUG main            d.u.i.k.p.i.AbstractProblemLoader Environment load took 394.8ns 
30722      INFO  main            d.u.i.k.p.i.AbstractProblemLoader Creating init config 
34074      DEBUG main            d.u.i.k.p.i.AbstractProblemLoader Init config took 3.35s 
34149      INFO  main            d.u.i.k.p.i.AbstractProblemLoader Replaying proof Arrays[Arrays::copyOf([F,int)].JML normal_behavior operation contract.0 
34253      INFO  main            d.u.i.k.s.SMTFocusResults Analyzing unsat core: (L_6) 
34922      DEBUG main            d.u.i.k.p.i.IntermediateProofReplayer Proof replay took 741.19ms 
34924      DEBUG main            d.u.i.k.p.r.p.TestFile    ... success: reloaded. 
34927      INFO  main            d.u.i.k.p.r.p.TestFile    Now processing file /home/runner/work/key/key/key.core/../key.ui/examples/redux/arrays/Arrays.copyOfRange.key 
34927      INFO  main            d.u.i.k.p.i.AbstractProblemLoader Loading environment from /home/runner/work/key/key/key.core/../key.ui/examples/redux/arrays/Arrays.copyOfRange.key 
34927      DEBUG main            d.u.i.k.p.i.AbstractProblemLoader Environment load took 197.8ns 
34930      INFO  main            d.u.i.k.p.i.AbstractProblemLoader Creating init config 
38243      DEBUG main            d.u.i.k.p.i.AbstractProblemLoader Init config took 3.31s 
38292      INFO  main            d.u.i.k.p.i.AbstractProblemLoader Replaying proof Arrays[Arrays::copyOfRange([I,int,int)].JML normal_behavior operation contract.0 
38294      DEBUG main            d.u.i.k.p.i.IntermediateProofReplayer Proof replay took 6.1ns 
43216      INFO  main            d.u.i.k.p.r.p.TestFile    ... finished proof: closed. 
43515      INFO  main            d.u.i.k.p.i.AbstractProblemLoader Loading environment from /home/runner/work/key/key/key.core/../key.ui/examples/redux/arrays/Arrays.copyOfRange.key.proof 
43515      DEBUG main            d.u.i.k.p.i.AbstractProblemLoader Environment load took 426.6ns 
43518      INFO  main            d.u.i.k.p.i.AbstractProblemLoader Creating init config 
46855      DEBUG main            d.u.i.k.p.i.AbstractProblemLoader Init config took 3.34s 
46903      INFO  main            d.u.i.k.p.i.AbstractProblemLoader Replaying proof Arrays[Arrays::copyOfRange([I,int,int)].JML normal_behavior operation contract.0 
47344      DEBUG main            d.u.i.k.p.i.IntermediateProofReplayer Proof replay took 418.99ms 
47346      DEBUG main            d.u.i.k.p.r.p.TestFile    ... success: reloaded. 
47347      INFO  main            d.u.i.k.p.r.p.TestFile    Now processing file /home/runner/work/key/key/key.core/../key.ui/examples/redux/arrays/Arrays.copyOfRange.float.key 
47347      INFO  main            d.u.i.k.p.i.AbstractProblemLoader Loading environment from /home/runner/work/key/key/key.core/../key.ui/examples/redux/arrays/Arrays.copyOfRange.float.key 
47347      DEBUG main            d.u.i.k.p.i.AbstractProblemLoader Environment load took 172.3ns 
47348      INFO  main            d.u.i.k.p.i.AbstractProblemLoader Creating init config 
50806      DEBUG main            d.u.i.k.p.i.AbstractProblemLoader Init config took 3.46s 
50855      INFO  main            d.u.i.k.p.i.AbstractProblemLoader Replaying proof Arrays[Arrays::copyOfRange([F,int,int)].JML normal_behavior operation contract.0 
50857      DEBUG main            d.u.i.k.p.i.IntermediateProofReplayer Proof replay took 6.2ns 
50858      DEBUG main            d.u.i.k.m.s.ProofScriptEngine 1: 'macro autopilot' 
57644      DEBUG main            d.u.i.k.m.s.ProofScriptEngine 2: 'smt solver=Z3' 
57699      INFO  main            d.u.i.k.m.s.SMTCommand    Finished run on goal 27 in 43ms, result is valid 
57699      DEBUG main            d.u.i.k.m.s.ProofScriptEngine 3: 'tryclose' 
61469      INFO  main            d.u.i.k.p.r.p.TestFile    ... finished proof: closed. 
61732      INFO  main            d.u.i.k.p.i.AbstractProblemLoader Loading environment from /home/runner/work/key/key/key.core/../key.ui/examples/redux/arrays/Arrays.copyOfRange.float.key.proof 
61732      DEBUG main            d.u.i.k.p.i.AbstractProblemLoader Environment load took 293.3ns 
61735      INFO  main            d.u.i.k.p.i.AbstractProblemLoader Creating init config 
65044      DEBUG main            d.u.i.k.p.i.AbstractProblemLoader Init config took 3.31s 
65094      INFO  main            d.u.i.k.p.i.AbstractProblemLoader Replaying proof Arrays[Arrays::copyOfRange([F,int,int)].JML normal_behavior operation contract.0 
65174      INFO  main            d.u.i.k.s.SMTFocusResults Analyzing unsat core: (L_8) 
65932      DEBUG main            d.u.i.k.p.i.IntermediateProofReplayer Proof replay took 812.22ms 
65934      DEBUG main            d.u.i.k.p.r.p.TestFile    ... success: reloaded. 
65935      INFO  main            d.u.i.k.p.r.p.TestFile    Now processing file /home/runner/work/key/key/key.core/../key.ui/examples/redux/arrays/Arrays.equals.key 
65936      INFO  main            d.u.i.k.p.i.AbstractProblemLoader Loading environment from /home/runner/work/key/key/key.core/../key.ui/examples/redux/arrays/Arrays.equals.key 
65936      DEBUG main            d.u.i.k.p.i.AbstractProblemLoader Environment load took 220ns 
65937      INFO  main            d.u.i.k.p.i.AbstractProblemLoader Creating init config 
69357      DEBUG main            d.u.i.k.p.i.AbstractProblemLoader Init config took 3.42s 
69401      INFO  main            d.u.i.k.p.i.AbstractProblemLoader Replaying proof Arrays[Arrays::equals([B,[B)].JML normal_behavior operation contract.0 
69402      DEBUG main            d.u.i.k.p.i.IntermediateProofReplayer Proof replay took 6.4ns 
70008      INFO  main            d.u.i.k.p.r.p.TestFile    ... finished proof: closed. 
70267      INFO  main            d.u.i.k.p.i.AbstractProblemLoader Loading environment from /home/runner/work/key/key/key.core/../key.ui/examples/redux/arrays/Arrays.equals.key.proof 
70268      DEBUG main            d.u.i.k.p.i.AbstractProblemLoader Environment load took 403.6ns 
70269      INFO  main            d.u.i.k.p.i.AbstractProblemLoader Creating init config 
73622      DEBUG main            d.u.i.k.p.i.AbstractProblemLoader Init config took 3.35s 
73664      INFO  main            d.u.i.k.p.i.AbstractProblemLoader Replaying proof Arrays[Arrays::equals([B,[B)].JML normal_behavior operation contract.0 
73787      DEBUG main            d.u.i.k.p.i.IntermediateProofReplayer Proof replay took 118.75ms 
73788      DEBUG main            d.u.i.k.p.r.p.TestFile    ... success: reloaded. 
73789      INFO  main            d.u.i.k.p.r.p.TestFile    Now processing file /home/runner/work/key/key/key.core/../key.ui/examples/redux/arrays/Arrays.fill.key 
73790      INFO  main            d.u.i.k.p.i.AbstractProblemLoader Loading environment from /home/runner/work/key/key/key.core/../key.ui/examples/redux/arrays/Arrays.fill.key 
73790      DEBUG main            d.u.i.k.p.i.AbstractProblemLoader Environment load took 187.6ns 
73791      INFO  main            d.u.i.k.p.i.AbstractProblemLoader Creating init config 
77133      DEBUG main            d.u.i.k.p.i.AbstractProblemLoader Init config took 3.34s 
77193      INFO  main            d.u.i.k.p.i.AbstractProblemLoader Replaying proof Arrays[Arrays::fill([I,int)].JML normal_behavior operation contract.0 
77194      DEBUG main            d.u.i.k.p.i.IntermediateProofReplayer Proof replay took 7.5ns 
77398      INFO  main            d.u.i.k.p.r.p.TestFile    ... finished proof: closed. 
77600      INFO  main            d.u.i.k.p.i.AbstractProblemLoader Loading environment from /home/runner/work/key/key/key.core/../key.ui/examples/redux/arrays/Arrays.fill.key.proof 
77600      DEBUG main            d.u.i.k.p.i.AbstractProblemLoader Environment load took 216.1ns 
77602      INFO  main            d.u.i.k.p.i.AbstractProblemLoader Creating init config 
81017      DEBUG main            d.u.i.k.p.i.AbstractProblemLoader Init config took 3.42s 
81062      INFO  main            d.u.i.k.p.i.AbstractProblemLoader Replaying proof Arrays[Arrays::fill([I,int)].JML normal_behavior operation contract.0 
81097      DEBUG main            d.u.i.k.p.i.IntermediateProofReplayer Proof replay took 32.3ms 
81098      DEBUG main            d.u.i.k.p.r.p.TestFile    ... success: reloaded. 
81099      INFO  main            d.u.i.k.p.r.p.TestFile    Now processing file /home/runner/work/key/key/key.core/../key.ui/examples/redux/arrays/Arrays.fill.float.key 
81099      INFO  main            d.u.i.k.p.i.AbstractProblemLoader Loading environment from /home/runner/work/key/key/key.core/../key.ui/examples/redux/arrays/Arrays.fill.float.key 
81099      DEBUG main            d.u.i.k.p.i.AbstractProblemLoader Environment load took 126.6ns 
81100      INFO  main            d.u.i.k.p.i.AbstractProblemLoader Creating init config 
84706      DEBUG main            d.u.i.k.p.i.AbstractProblemLoader Init config took 3.61s 
84752      INFO  main            d.u.i.k.p.i.AbstractProblemLoader Replaying proof Arrays[Arrays::fill([F,float)].JML normal_behavior operation contract.0 
84754      DEBUG main            d.u.i.k.p.i.IntermediateProofReplayer Proof replay took 8.1ns 
84958      INFO  main            d.u.i.k.p.r.p.TestFile    ... finished proof: closed. 
85195      INFO  main            d.u.i.k.p.i.AbstractProblemLoader Loading environment from /home/runner/work/key/key/key.core/../key.ui/examples/redux/arrays/Arrays.fill.float.key.proof 
85195      DEBUG main            d.u.i.k.p.i.AbstractProblemLoader Environment load took 155.2ns 
85197      INFO  main            d.u.i.k.p.i.AbstractProblemLoader Creating init config 
88592      DEBUG main            d.u.i.k.p.i.AbstractProblemLoader Init config took 3.39s 
88635      INFO  main            d.u.i.k.p.i.AbstractProblemLoader Replaying proof Arrays[Arrays::fill([F,float)].JML normal_behavior operation contract.0 
88680      DEBUG main            d.u.i.k.p.i.IntermediateProofReplayer Proof replay took 42.55ms 
88681      DEBUG main            d.u.i.k.p.r.p.TestFile    ... success: reloaded. 
88682      INFO  main            d.u.i.k.p.r.p.TestFile    Now processing file /home/runner/work/key/key/key.core/../key.ui/examples/redux/arrays/Arrays.fillFromTo.key 
88682      INFO  main            d.u.i.k.p.i.AbstractProblemLoader Loading environment from /home/runner/work/key/key/key.core/../key.ui/examples/redux/arrays/Arrays.fillFromTo.key 
88682      DEBUG main            d.u.i.k.p.i.AbstractProblemLoader Environment load took 107.7ns 
88683      INFO  main            d.u.i.k.p.i.AbstractProblemLoader Creating init config 
91894      DEBUG main            d.u.i.k.p.i.AbstractProblemLoader Init config took 3.21s 
91933      INFO  main            d.u.i.k.p.i.AbstractProblemLoader Replaying proof Arrays[Arrays::fill([I,int,int,int)].JML normal_behavior operation contract.0 
91935      DEBUG main            d.u.i.k.p.i.IntermediateProofReplayer Proof replay took 6.8ns 
92538      INFO  main            d.u.i.k.p.r.p.TestFile    ... finished proof: closed. 
92798      INFO  main            d.u.i.k.p.i.AbstractProblemLoader Loading environment from /home/runner/work/key/key/key.core/../key.ui/examples/redux/arrays/Arrays.fillFromTo.key.proof 
92799      DEBUG main            d.u.i.k.p.i.AbstractProblemLoader Environment load took 466.6ns 
92800      INFO  main            d.u.i.k.p.i.AbstractProblemLoader Creating init config 
96077      DEBUG main            d.u.i.k.p.i.AbstractProblemLoader Init config took 3.28s 
96120      INFO  main            d.u.i.k.p.i.AbstractProblemLoader Replaying proof Arrays[Arrays::fill([I,int,int,int)].JML normal_behavior operation contract.0 
96213      DEBUG main            d.u.i.k.p.i.IntermediateProofReplayer Proof replay took 88.72ms 
96214      DEBUG main            d.u.i.k.p.r.p.TestFile    ... success: reloaded. 
96215      INFO  main            d.u.i.k.p.r.p.TestFile    Now processing file /home/runner/work/key/key/key.core/../key.ui/examples/redux/arrays/Arrays.fillFromTo.float.key 
96216      INFO  main            d.u.i.k.p.i.AbstractProblemLoader Loading environment from /home/runner/work/key/key/key.core/../key.ui/examples/redux/arrays/Arrays.fillFromTo.float.key 
96216      DEBUG main            d.u.i.k.p.i.AbstractProblemLoader Environment load took 178.1ns 
96217      INFO  main            d.u.i.k.p.i.AbstractProblemLoader Creating init config 
99475      DEBUG main            d.u.i.k.p.i.AbstractProblemLoader Init config took 3.26s 
99515      INFO  main            d.u.i.k.p.i.AbstractProblemLoader Replaying proof Arrays[Arrays::fill([F,int,int,float)].JML normal_behavior operation contract.0 
99517      DEBUG main            d.u.i.k.p.i.IntermediateProofReplayer Proof replay took 11.4ns 
100221     INFO  main            d.u.i.k.p.r.p.TestFile    ... finished proof: closed. 
100470     INFO  main            d.u.i.k.p.i.AbstractProblemLoader Loading environment from /home/runner/work/key/key/key.core/../key.ui/examples/redux/arrays/Arrays.fillFromTo.float.key.proof 
100470     DEBUG main            d.u.i.k.p.i.AbstractProblemLoader Environment load took 413.5ns 
100472     INFO  main            d.u.i.k.p.i.AbstractProblemLoader Creating init config 
103679     DEBUG main            d.u.i.k.p.i.AbstractProblemLoader Init config took 3.21s 
103716     INFO  main            d.u.i.k.p.i.AbstractProblemLoader Replaying proof Arrays[Arrays::fill([F,int,int,float)].JML normal_behavior operation contract.0 
103850     DEBUG main            d.u.i.k.p.i.IntermediateProofReplayer Proof replay took 127.88ms 
103851     DEBUG main            d.u.i.k.p.r.p.TestFile    ... success: reloaded. 
103852     INFO  main            d.u.i.k.p.r.p.TestFile    Now processing file /home/runner/work/key/key/key.core/../key.ui/examples/redux/arrays/ArrayCopy.arraycopy.normal.0.key 
103853     INFO  main            d.u.i.k.p.i.AbstractProblemLoader Loading environment from /home/runner/work/key/key/key.core/../key.ui/examples/redux/arrays/ArrayCopy.arraycopy.normal.0.key 
103853     DEBUG main            d.u.i.k.p.i.AbstractProblemLoader Environment load took 231.4ns 
103854     INFO  main            d.u.i.k.p.i.AbstractProblemLoader Creating init config 
107073     DEBUG main            d.u.i.k.p.i.AbstractProblemLoader Init config took 3.22s 
107114     INFO  main            d.u.i.k.p.i.AbstractProblemLoader Replaying proof ArrayCopy[ArrayCopy::arraycopy(java.lang.Object,int,java.lang.Object,int,int)].JML normal_behavior operation contract.0 
107116     DEBUG main            d.u.i.k.p.i.IntermediateProofReplayer Proof replay took 7.3ns 
113766     INFO  main            d.u.i.k.p.r.p.TestFile    ... finished proof: closed. 
114037     INFO  main            d.u.i.k.p.i.AbstractProblemLoader Loading environment from /home/runner/work/key/key/key.core/../key.ui/examples/redux/arrays/ArrayCopy.arraycopy.normal.0.key.proof 
114038     DEBUG main            d.u.i.k.p.i.AbstractProblemLoader Environment load took 545.1ns 
114039     INFO  main            d.u.i.k.p.i.AbstractProblemLoader Creating init config 
117392     DEBUG main            d.u.i.k.p.i.AbstractProblemLoader Init config took 3.35s 
117433     INFO  main            d.u.i.k.p.i.AbstractProblemLoader Replaying proof ArrayCopy[ArrayCopy::arraycopy(java.lang.Object,int,java.lang.Object,int,int)].JML normal_behavior operation contract.0 
118201     DEBUG main            d.u.i.k.p.i.IntermediateProofReplayer Proof replay took 750.68ms 
118203     DEBUG main            d.u.i.k.p.r.p.TestFile    ... success: reloaded. 
118204     INFO  main            d.u.i.k.p.r.p.TestFile    Now processing file /home/runner/work/key/key/key.core/../key.ui/examples/redux/arrays/ArrayCopy.arraycopy.exceptional.0.key 
118204     INFO  main            d.u.i.k.p.i.AbstractProblemLoader Loading environment from /home/runner/work/key/key/key.core/../key.ui/examples/redux/arrays/ArrayCopy.arraycopy.exceptional.0.key 
118204     DEBUG main            d.u.i.k.p.i.AbstractProblemLoader Environment load took 230.3ns 
118205     INFO  main            d.u.i.k.p.i.AbstractProblemLoader Creating init config 
121580     DEBUG main            d.u.i.k.p.i.AbstractProblemLoader Init config took 3.37s 
121617     INFO  main            d.u.i.k.p.i.AbstractProblemLoader Replaying proof ArrayCopy[ArrayCopy::arraycopy(java.lang.Object,int,java.lang.Object,int,int)].JML exceptional_behavior operation contract.0 
121618     DEBUG main            d.u.i.k.p.i.IntermediateProofReplayer Proof replay took 7.2ns 
122123     INFO  main            d.u.i.k.p.r.p.TestFile    ... finished proof: closed. 
122349     INFO  main            d.u.i.k.p.i.AbstractProblemLoader Loading environment from /home/runner/work/key/key/key.core/../key.ui/examples/redux/arrays/ArrayCopy.arraycopy.exceptional.0.key.proof 
122349     DEBUG main            d.u.i.k.p.i.AbstractProblemLoader Environment load took 577.9ns 
122351     INFO  main            d.u.i.k.p.i.AbstractProblemLoader Creating init config 
125790     DEBUG main            d.u.i.k.p.i.AbstractProblemLoader Init config took 3.44s 
125828     INFO  main            d.u.i.k.p.i.AbstractProblemLoader Replaying proof ArrayCopy[ArrayCopy::arraycopy(java.lang.Object,int,java.lang.Object,int,int)].JML exceptional_behavior operation contract.0 
125954     DEBUG main            d.u.i.k.p.i.IntermediateProofReplayer Proof replay took 122.42ms 
125955     DEBUG main            d.u.i.k.p.r.p.TestFile    ... success: reloaded. 
125956     INFO  main            d.u.i.k.p.r.p.TestFile    Now processing file /home/runner/work/key/key/key.core/../key.ui/examples/redux/arrays/ArrayCopy.arraycopy.exceptional.1.key 
125957     INFO  main            d.u.i.k.p.i.AbstractProblemLoader Loading environment from /home/runner/work/key/key/key.core/../key.ui/examples/redux/arrays/ArrayCopy.arraycopy.exceptional.1.key 
125957     DEBUG main            d.u.i.k.p.i.AbstractProblemLoader Environment load took 108.1ns 
125958     INFO  main            d.u.i.k.p.i.AbstractProblemLoader Creating init config 
129251     DEBUG main            d.u.i.k.p.i.AbstractProblemLoader Init config took 3.29s 
129288     INFO  main            d.u.i.k.p.i.AbstractProblemLoader Replaying proof ArrayCopy[ArrayCopy::arraycopy(java.lang.Object,int,java.lang.Object,int,int)].JML exceptional_behavior operation contract.1 
129290     DEBUG main            d.u.i.k.p.i.IntermediateProofReplayer Proof replay took 8ns 
136247     INFO  main            d.u.i.k.p.r.p.TestFile    ... finished proof: closed. 
136538     INFO  main            d.u.i.k.p.i.AbstractProblemLoader Loading environment from /home/runner/work/key/key/key.core/../key.ui/examples/redux/arrays/ArrayCopy.arraycopy.exceptional.1.key.proof 
136538     DEBUG main            d.u.i.k.p.i.AbstractProblemLoader Environment load took 166.7ns 
136542     INFO  main            d.u.i.k.p.i.AbstractProblemLoader Creating init config 
139890     DEBUG main            d.u.i.k.p.i.AbstractProblemLoader Init config took 3.35s 
139928     INFO  main            d.u.i.k.p.i.AbstractProblemLoader Replaying proof ArrayCopy[ArrayCopy::arraycopy(java.lang.Object,int,java.lang.Object,int,int)].JML exceptional_behavior operation contract.1 
141365     DEBUG main            d.u.i.k.p.i.IntermediateProofReplayer Proof replay took 1.42s 
141368     DEBUG main            d.u.i.k.p.r.p.TestFile    ... success: reloaded. 
5963616    INFO  Test worker     d.u.i.k.p.r.RunAllProofsTestUnit Returning from test redux 
]]></system-out>
  <system-err><![CDATA[]]></system-err>
</testsuite>
