<?xml version="1.0" encoding="UTF-8"?>
<testsuite name="de.uka.ilkd.key.nparser.ExprTest" tests="23" skipped="0" failures="0" errors="0" timestamp="2023-04-04T16:41:13" hostname="fv-az251-622" time="2.351">
  <properties/>
  <testcase name="[1] (bprod{int y;}(1, 2, y) = 0)" classname="de.uka.ilkd.key.nparser.ExprTest" time="0.016"/>
  <testcase name="[2] 1 = 1 -&gt; 2 = 2" classname="de.uka.ilkd.key.nparser.ExprTest" time="0.015"/>
  <testcase name="[3] \&lt; { int x = 1; } \&gt; x=1" classname="de.uka.ilkd.key.nparser.ExprTest" time="0.976"/>
  <testcase name="[4] \&lt;{ int x = 1; {int s = 2;} }\&gt; x=x" classname="de.uka.ilkd.key.nparser.ExprTest" time="1.009"/>
  <testcase name="[5] true" classname="de.uka.ilkd.key.nparser.ExprTest" time="0.013"/>
  <testcase name="[6] true &amp; false" classname="de.uka.ilkd.key.nparser.ExprTest" time="0.013"/>
  <testcase name="[7] 0" classname="de.uka.ilkd.key.nparser.ExprTest" time="0.012"/>
  <testcase name="[8] 1" classname="de.uka.ilkd.key.nparser.ExprTest" time="0.012"/>
  <testcase name="[9] 42" classname="de.uka.ilkd.key.nparser.ExprTest" time="0.011"/>
  <testcase name="[10] -5" classname="de.uka.ilkd.key.nparser.ExprTest" time="0.012"/>
  <testcase name="[11] 1 + 1 = 2" classname="de.uka.ilkd.key.nparser.ExprTest" time="0.025"/>
  <testcase name="[12] \if (3=4) \then (1) \else (2)" classname="de.uka.ilkd.key.nparser.ExprTest" time="0.018"/>
  <testcase name="[13] \if (3=4 &amp; 1=1) \then (\if (3=4) \then (1) \else (2)) \else (2)" classname="de.uka.ilkd.key.nparser.ExprTest" time="0.012"/>
  <testcase name="[14] aa + bb*cc" classname="de.uka.ilkd.key.nparser.ExprTest" time="0.015"/>
  <testcase name="[15] aa%bb*cc &lt; -123" classname="de.uka.ilkd.key.nparser.ExprTest" time="0.012"/>
  <testcase name="[16] \forall int x; true" classname="de.uka.ilkd.key.nparser.ExprTest" time="0.012"/>
  <testcase name="[17] \forall numbers x; x = x" classname="de.uka.ilkd.key.nparser.ExprTest" time="0.012"/>
  <testcase name="[18] (int)3+2" classname="de.uka.ilkd.key.nparser.ExprTest" time="0.021"/>
  <testcase name="[19] 1.f + 1f = 20e-1f * (2f-1f)" classname="de.uka.ilkd.key.nparser.ExprTest" time="0.033"/>
  <testcase name="[20] 1.d + 1d &lt;= 20e+1d * .01d" classname="de.uka.ilkd.key.nparser.ExprTest" time="0.019"/>
  <testcase name="[21] 1f &lt;= 2f" classname="de.uka.ilkd.key.nparser.ExprTest" time="0.018"/>
  <testcase name="[22] 2d &gt; 1d" classname="de.uka.ilkd.key.nparser.ExprTest" time="0.023"/>
  <testcase name="[23] seqEmpty + seqEmpty" classname="de.uka.ilkd.key.nparser.ExprTest" time="0.018"/>
  <system-out><![CDATA[196590     INFO  Test worker     d.u.i.k.n.KeyIO           Parsing took 8 ms 
196592     INFO  Test worker     d.u.i.k.n.KeyIO           MODE: declarations took 1 ms 
196595     INFO  Test worker     d.u.i.k.n.ExprTest        Term: equals(bprod{y:int}(Z(1(#)),Z(2(#)),y),Z(0(#))) 
196607     INFO  Test worker     d.u.i.k.n.KeyIO           Parsing took 8 ms 
196609     INFO  Test worker     d.u.i.k.n.KeyIO           MODE: declarations took 1 ms 
196612     INFO  Test worker     d.u.i.k.n.ExprTest        Term: imp(equals(Z(1(#)),Z(1(#))),equals(Z(2(#)),Z(2(#)))) 
196623     INFO  Test worker     d.u.i.k.n.KeyIO           Parsing took 9 ms 
196624     INFO  Test worker     d.u.i.k.n.KeyIO           MODE: declarations took 1 ms 
197588     INFO  Test worker     d.u.i.k.n.ExprTest        Term: \<{
  int x = 1;
}\> (equals(x,Z(1(#)))) 
197598     INFO  Test worker     d.u.i.k.n.KeyIO           Parsing took 8 ms 
197604     INFO  Test worker     d.u.i.k.n.KeyIO           MODE: declarations took 6 ms 
198596     INFO  Test worker     d.u.i.k.n.ExprTest        Term: \<{
  int x = 1;
  {
    int s = 2;
  }
}\> (equals(x,x)) 
198607     INFO  Test worker     d.u.i.k.n.KeyIO           Parsing took 8 ms 
198608     INFO  Test worker     d.u.i.k.n.KeyIO           MODE: declarations took 1 ms 
198610     INFO  Test worker     d.u.i.k.n.ExprTest        Term: true 
198620     INFO  Test worker     d.u.i.k.n.KeyIO           Parsing took 8 ms 
198621     INFO  Test worker     d.u.i.k.n.KeyIO           MODE: declarations took 1 ms 
198623     INFO  Test worker     d.u.i.k.n.ExprTest        Term: and(true,false) 
198632     INFO  Test worker     d.u.i.k.n.KeyIO           Parsing took 7 ms 
198633     INFO  Test worker     d.u.i.k.n.KeyIO           MODE: declarations took 1 ms 
198635     INFO  Test worker     d.u.i.k.n.ExprTest        Term: Z(0(#)) 
198644     INFO  Test worker     d.u.i.k.n.KeyIO           Parsing took 7 ms 
198645     INFO  Test worker     d.u.i.k.n.KeyIO           MODE: declarations took 1 ms 
198647     INFO  Test worker     d.u.i.k.n.ExprTest        Term: Z(1(#)) 
198656     INFO  Test worker     d.u.i.k.n.KeyIO           Parsing took 7 ms 
198657     INFO  Test worker     d.u.i.k.n.KeyIO           MODE: declarations took 1 ms 
198659     INFO  Test worker     d.u.i.k.n.ExprTest        Term: Z(2(4(#))) 
198668     INFO  Test worker     d.u.i.k.n.KeyIO           Parsing took 7 ms 
198670     INFO  Test worker     d.u.i.k.n.KeyIO           MODE: declarations took 0 ms 
198672     INFO  Test worker     d.u.i.k.n.ExprTest        Term: Z(neglit(5(#))) 
198681     INFO  Test worker     d.u.i.k.n.KeyIO           Parsing took 7 ms 
198682     INFO  Test worker     d.u.i.k.n.KeyIO           MODE: declarations took 1 ms 
198697     INFO  Test worker     d.u.i.k.n.ExprTest        Term: equals(add(Z(1(#)),Z(1(#))),Z(2(#))) 
198712     INFO  Test worker     d.u.i.k.n.KeyIO           Parsing took 13 ms 
198713     INFO  Test worker     d.u.i.k.n.KeyIO           MODE: declarations took 1 ms 
198715     INFO  Test worker     d.u.i.k.n.ExprTest        Term: if-then-else(equals(Z(3(#)),Z(4(#))),Z(1(#)),Z(2(#))) 
198724     INFO  Test worker     d.u.i.k.n.KeyIO           Parsing took 7 ms 
198725     INFO  Test worker     d.u.i.k.n.KeyIO           MODE: declarations took 1 ms 
198728     INFO  Test worker     d.u.i.k.n.ExprTest        Term: if-then-else(and(equals(Z(3(#)),Z(4(#))),equals(Z(1(#)),Z(1(#)))),if-then-else(equals(Z(3(#)),Z(4(#))),Z(1(#)),Z(2(#))),Z(2(#))) 
198740     INFO  Test worker     d.u.i.k.n.KeyIO           Parsing took 10 ms 
198741     INFO  Test worker     d.u.i.k.n.KeyIO           MODE: declarations took 1 ms 
198743     INFO  Test worker     d.u.i.k.n.ExprTest        Term: add(aa,mul(bb,cc)) 
198753     INFO  Test worker     d.u.i.k.n.KeyIO           Parsing took 8 ms 
198754     INFO  Test worker     d.u.i.k.n.KeyIO           MODE: declarations took 1 ms 
198756     INFO  Test worker     d.u.i.k.n.ExprTest        Term: lt(mul(mod(aa,bb),cc),Z(neglit(3(2(1(#)))))) 
198766     INFO  Test worker     d.u.i.k.n.KeyIO           Parsing took 7 ms 
198767     INFO  Test worker     d.u.i.k.n.KeyIO           MODE: declarations took 1 ms 
198769     INFO  Test worker     d.u.i.k.n.ExprTest        Term: all{x:int}(true) 
198779     INFO  Test worker     d.u.i.k.n.KeyIO           Parsing took 8 ms 
198780     INFO  Test worker     d.u.i.k.n.KeyIO           MODE: declarations took 1 ms 
198782     INFO  Test worker     d.u.i.k.n.ExprTest        Term: all{x:numbers}(equals(x,x)) 
198800     INFO  Test worker     d.u.i.k.n.KeyIO           Parsing took 11 ms 
198804     INFO  Test worker     d.u.i.k.n.KeyIO           MODE: declarations took 3 ms 
198808     INFO  Test worker     d.u.i.k.n.ExprTest        Term: add(int::cast(Z(3(#))),Z(2(#))) 
198827     INFO  Test worker     d.u.i.k.n.KeyIO           Parsing took 13 ms 
198829     INFO  Test worker     d.u.i.k.n.KeyIO           MODE: declarations took 1 ms 
198838     INFO  Test worker     d.u.i.k.n.ExprTest        Term: equals(addFloat(FP(6(1(2(3(5(3(5(6(0(1(#))))))))))),FP(6(1(2(3(5(3(5(6(0(1(#)))))))))))),mulFloat(FP(4(2(8(1(4(7(3(7(0(1(#))))))))))),subFloat(FP(4(2(8(1(4(7(3(7(0(1(#))))))))))),FP(6(1(2(3(5(3(5(6(0(1(#)))))))))))))) 
198860     INFO  Test worker     d.u.i.k.n.KeyIO           Parsing took 12 ms 
198861     INFO  Test worker     d.u.i.k.n.KeyIO           MODE: declarations took 1 ms 
198865     INFO  Test worker     d.u.i.k.n.ExprTest        Term: leqDouble(addDouble(DFP(8(0(4(7(1(0(0(0(8(8(1(4(2(8(1(7(0(6(4(#)))))))))))))))))))),DFP(8(0(4(7(1(0(0(0(8(8(1(4(2(8(1(7(0(6(4(#))))))))))))))))))))),mulDouble(DFP(4(8(7(6(0(0(2(8(9(0(9(8(0(4(2(1(4(6(4(#)))))))))))))))))))),DFP(5(7(6(7(8(0(4(0(3(9(2(2(8(1(9(6(7(5(4(#)))))))))))))))))))))) 
198881     INFO  Test worker     d.u.i.k.n.KeyIO           Parsing took 9 ms 
198884     INFO  Test worker     d.u.i.k.n.KeyIO           MODE: declarations took 1 ms 
198887     INFO  Test worker     d.u.i.k.n.ExprTest        Term: leqFloat(FP(6(1(2(3(5(3(5(6(0(1(#))))))))))),FP(4(2(8(1(4(7(3(7(0(1(#)))))))))))) 
198900     INFO  Test worker     d.u.i.k.n.KeyIO           Parsing took 8 ms 
198903     INFO  Test worker     d.u.i.k.n.KeyIO           MODE: declarations took 1 ms 
198911     INFO  Test worker     d.u.i.k.n.ExprTest        Term: gtDouble(DFP(4(0(9(7(8(3(7(2(4(8(1(0(6(8(6(1(1(6(4(#)))))))))))))))))))),DFP(8(0(4(7(1(0(0(0(8(8(1(4(2(8(1(7(0(6(4(#))))))))))))))))))))) 
198923     INFO  Test worker     d.u.i.k.n.KeyIO           Parsing took 8 ms 
198925     INFO  Test worker     d.u.i.k.n.KeyIO           MODE: declarations took 1 ms 
198930     INFO  Test worker     d.u.i.k.n.ExprTest        Term: seqConcat(seqEmpty,seqEmpty) 
]]></system-out>
  <system-err><![CDATA[]]></system-err>
</testsuite>
