<?xml version="1.0" encoding="UTF-8"?>
<testsuite name="de.uka.ilkd.key.nparser.ParseLDTsTests" tests="2" skipped="0" failures="0" errors="0" timestamp="2023-04-04T16:41:15" hostname="fv-az251-622" time="0.831">
  <properties/>
  <testcase name="testLDT()" classname="de.uka.ilkd.key.nparser.ParseLDTsTests" time="0.017"/>
  <testcase name="testSR()" classname="de.uka.ilkd.key.nparser.ParseLDTsTests" time="0.813"/>
  <system-out><![CDATA[198945     INFO  Test worker     d.u.i.k.n.KeyIO           Parsing took 8 ms 
198946     INFO  Test worker     d.u.i.k.n.KeyIO           MODE: declarations took 1 ms 
199280     INFO  Test worker     d.u.i.k.n.KeyIO           Parsing took 322 ms 
199283     INFO  Test worker     d.u.i.k.n.KeyIO           MODE: declarations took 2 ms 
]]></system-out>
  <system-err><![CDATA[]]></system-err>
</testsuite>
