<?xml version="1.0" encoding="UTF-8"?>
<testsuite name="de.uka.ilkd.key.parser.TestTermParserSorts" tests="2" skipped="0" failures="0" errors="0" timestamp="2023-04-04T16:44:57" hostname="fv-az251-622" time="2.893">
  <properties/>
  <testcase name="testParseIntegerArgs()" classname="de.uka.ilkd.key.parser.TestTermParserSorts" time="0.02"/>
  <testcase name="testParseSequencePrettySyntax()" classname="de.uka.ilkd.key.parser.TestTermParserSorts" time="0.001"/>
  <system-out><![CDATA[420970     INFO  Test worker     d.u.i.k.n.KeyIO           Parsing took 0 ms 
420970     INFO  Test worker     d.u.i.k.n.KeyIO           MODE: declarations took 0 ms 
420970     INFO  Test worker     d.u.i.k.n.KeyIO           Parsing took 0 ms 
420970     INFO  Test worker     d.u.i.k.n.KeyIO           MODE: declarations took 0 ms 
420970     INFO  Test worker     d.u.i.k.n.KeyIO           Parsing took 0 ms 
420971     INFO  Test worker     d.u.i.k.n.KeyIO           MODE: declarations took 1 ms 
423862     INFO  Test worker     d.u.i.k.n.KeyIO           Parsing took 0 ms 
423862     INFO  Test worker     d.u.i.k.n.KeyIO           MODE: declarations took 0 ms 
423862     INFO  Test worker     d.u.i.k.n.KeyIO           Parsing took 0 ms 
423862     INFO  Test worker     d.u.i.k.n.KeyIO           MODE: declarations took 0 ms 
423862     INFO  Test worker     d.u.i.k.n.KeyIO           Parsing took 0 ms 
423862     INFO  Test worker     d.u.i.k.n.KeyIO           MODE: declarations took 0 ms 
]]></system-out>
  <system-err><![CDATA[]]></system-err>
</testsuite>
