<?xml version="1.0" encoding="UTF-8"?>
<testsuite name="de.uka.ilkd.key.parser.TestTermParser" tests="47" skipped="4" failures="0" errors="0" timestamp="2023-04-04T16:42:55" hostname="fv-az251-622" time="4.396">
  <properties/>
  <testcase name="testNotEqual()" classname="de.uka.ilkd.key.parser.TestTermParser" time="0.001"/>
  <testcase name="testProgramVariables()" classname="de.uka.ilkd.key.parser.TestTermParser" time="0.068"/>
  <testcase name="testAttributeWithSpecifiedSortOnObject()" classname="de.uka.ilkd.key.parser.TestTermParser" time="0.004"/>
  <testcase name="testCast()" classname="de.uka.ilkd.key.parser.TestTermParser" time="0.002"/>
  <testcase name="testJavaQueryAndAttribute_all()" classname="de.uka.ilkd.key.parser.TestTermParser" time="0.0">
    <skipped/>
  </testcase>
  <testcase name="test10()" classname="de.uka.ilkd.key.parser.TestTermParser" time="0.003"/>
  <testcase name="test11()" classname="de.uka.ilkd.key.parser.TestTermParser" time="0.002"/>
  <testcase name="test12()" classname="de.uka.ilkd.key.parser.TestTermParser" time="0.0">
    <skipped/>
  </testcase>
  <testcase name="test13()" classname="de.uka.ilkd.key.parser.TestTermParser" time="0.01"/>
  <testcase name="test14()" classname="de.uka.ilkd.key.parser.TestTermParser" time="0.004"/>
  <testcase name="test1a()" classname="de.uka.ilkd.key.parser.TestTermParser" time="0.003"/>
  <testcase name="testJavaAttributeAccess_4()" classname="de.uka.ilkd.key.parser.TestTermParser" time="0.003"/>
  <testcase name="testAttributeOnObject()" classname="de.uka.ilkd.key.parser.TestTermParser" time="0.004"/>
  <testcase name="testNegativeLiteralParsing1()" classname="de.uka.ilkd.key.parser.TestTermParser" time="0.002"/>
  <testcase name="testNegativeLiteralParsing2()" classname="de.uka.ilkd.key.parser.TestTermParser" time="0.002"/>
  <testcase name="testNegativeLiteralParsing3()" classname="de.uka.ilkd.key.parser.TestTermParser" time="0.002"/>
  <testcase name="xtestParsingArrayWithSpaces()" classname="de.uka.ilkd.key.parser.TestTermParser" time="0.0">
    <skipped/>
  </testcase>
  <testcase name="testAmbigiousFuncVarPred()" classname="de.uka.ilkd.key.parser.TestTermParser" time="0.001"/>
  <testcase name="test1()" classname="de.uka.ilkd.key.parser.TestTermParser" time="0.001"/>
  <testcase name="test2()" classname="de.uka.ilkd.key.parser.TestTermParser" time="0.002"/>
  <testcase name="test3()" classname="de.uka.ilkd.key.parser.TestTermParser" time="0.002"/>
  <testcase name="test5()" classname="de.uka.ilkd.key.parser.TestTermParser" time="0.003"/>
  <testcase name="test6()" classname="de.uka.ilkd.key.parser.TestTermParser" time="0.002"/>
  <testcase name="test7()" classname="de.uka.ilkd.key.parser.TestTermParser" time="0.004"/>
  <testcase name="test8()" classname="de.uka.ilkd.key.parser.TestTermParser" time="0.001"/>
  <testcase name="test9()" classname="de.uka.ilkd.key.parser.TestTermParser" time="0.001"/>
  <testcase name="testBindingUpdateTerm()" classname="de.uka.ilkd.key.parser.TestTermParser" time="0.002"/>
  <testcase name="testJavaStaticQuery()" classname="de.uka.ilkd.key.parser.TestTermParser" time="0.004"/>
  <testcase name="testInfix1()" classname="de.uka.ilkd.key.parser.TestTermParser" time="0.002"/>
  <testcase name="testInfix2()" classname="de.uka.ilkd.key.parser.TestTermParser" time="0.002"/>
  <testcase name="testInfix3()" classname="de.uka.ilkd.key.parser.TestTermParser" time="0.002"/>
  <testcase name="testInfix4()" classname="de.uka.ilkd.key.parser.TestTermParser" time="0.002"/>
  <testcase name="testIfThenElse()" classname="de.uka.ilkd.key.parser.TestTermParser" time="0.002"/>
  <testcase name="testJavaAttributeAccessBoth_1()" classname="de.uka.ilkd.key.parser.TestTermParser" time="0.003"/>
  <testcase name="testJavaAttributeAccessBoth_2()" classname="de.uka.ilkd.key.parser.TestTermParser" time="0.005"/>
  <testcase name="testJavaAttributeAccessBoth_3()" classname="de.uka.ilkd.key.parser.TestTermParser" time="0.004"/>
  <testcase name="testBindingUpdateTerm_1()" classname="de.uka.ilkd.key.parser.TestTermParser" time="0.002"/>
  <testcase name="testBindingUpdateTerm_3()" classname="de.uka.ilkd.key.parser.TestTermParser" time="0.004"/>
  <testcase name="testBindingUpdateTerm_4()" classname="de.uka.ilkd.key.parser.TestTermParser" time="0.001"/>
  <testcase name="testBindingUpdateTerm_5()" classname="de.uka.ilkd.key.parser.TestTermParser" time="0.002"/>
  <testcase name="testBindingUpdateTerm_6()" classname="de.uka.ilkd.key.parser.TestTermParser" time="0.001"/>
  <testcase name="testBindingUpdateTerm_7()" classname="de.uka.ilkd.key.parser.TestTermParser" time="0.002"/>
  <testcase name="testBindingUpdateTerm_8()" classname="de.uka.ilkd.key.parser.TestTermParser" time="0.003"/>
  <testcase name="testParsingArray()" classname="de.uka.ilkd.key.parser.TestTermParser" time="0.003"/>
  <testcase name="xtestBindingUpdateTermOldBindingAlternative()" classname="de.uka.ilkd.key.parser.TestTermParser" time="0.0">
    <skipped/>
  </testcase>
  <testcase name="testJavaStaticQueryWithParameter()" classname="de.uka.ilkd.key.parser.TestTermParser" time="0.004"/>
  <testcase name="testParsingArrayCombination()" classname="de.uka.ilkd.key.parser.TestTermParser" time="0.003"/>
  <system-out><![CDATA[298998     INFO  Test worker     d.u.i.k.n.KeyIO           Parsing took 0 ms 
298999     INFO  Test worker     d.u.i.k.n.KeyIO           MODE: declarations took 1 ms 
299000     WARN  Test worker     d.u.i.k.j.r.KeYCrossReferenceNameInfo Datatype T declared twice: Once in UNKNOWN:unknown and once in UNKNOWN:unknown, Keeping one from UNKNOWN:unknown 
299088     INFO  Test worker     d.u.i.k.n.KeyIO           Parsing took 0 ms 
299088     INFO  Test worker     d.u.i.k.n.KeyIO           MODE: declarations took 0 ms 
299155     WARN  Test worker     d.u.i.k.j.r.KeYCrossReferenceNameInfo Datatype T declared twice: Once in UNKNOWN:unknown and once in UNKNOWN:unknown, Keeping one from UNKNOWN:unknown 
299243     INFO  Test worker     d.u.i.k.n.KeyIO           Parsing took 0 ms 
299243     INFO  Test worker     d.u.i.k.n.KeyIO           MODE: declarations took 0 ms 
299247     WARN  Test worker     d.u.i.k.j.r.KeYCrossReferenceNameInfo Datatype T declared twice: Once in UNKNOWN:unknown and once in UNKNOWN:unknown, Keeping one from UNKNOWN:unknown 
299335     INFO  Test worker     d.u.i.k.n.KeyIO           Parsing took 0 ms 
299335     INFO  Test worker     d.u.i.k.n.KeyIO           MODE: declarations took 0 ms 
299336     WARN  Test worker     d.u.i.k.j.r.KeYCrossReferenceNameInfo Datatype T declared twice: Once in UNKNOWN:unknown and once in UNKNOWN:unknown, Keeping one from UNKNOWN:unknown 
299424     WARN  Test worker     d.u.i.k.j.r.KeYCrossReferenceNameInfo Datatype T declared twice: Once in UNKNOWN:unknown and once in UNKNOWN:unknown, Keeping one from UNKNOWN:unknown 
299511     INFO  Test worker     d.u.i.k.n.KeyIO           Parsing took 1 ms 
299512     INFO  Test worker     d.u.i.k.n.KeyIO           MODE: declarations took 1 ms 
299513     INFO  Test worker     d.u.i.k.p.TestTermParser  Out: \<{
  int x = 1;
  {
    int s = 2;
  }
}\> (equals(x,x)) 
299514     WARN  Test worker     d.u.i.k.j.r.KeYCrossReferenceNameInfo Datatype T declared twice: Once in UNKNOWN:unknown and once in UNKNOWN:unknown, Keeping one from UNKNOWN:unknown 
299609     INFO  Test worker     d.u.i.k.n.KeyIO           Parsing took 0 ms 
299610     INFO  Test worker     d.u.i.k.n.KeyIO           MODE: declarations took 0 ms 
299611     INFO  Test worker     d.u.i.k.p.TestTermParser  Out: \[{
  int x = 2;
  {
    String s = ""}";
  }
}\] (true) 
299612     WARN  Test worker     d.u.i.k.j.r.KeYCrossReferenceNameInfo Datatype T declared twice: Once in UNKNOWN:unknown and once in UNKNOWN:unknown, Keeping one from UNKNOWN:unknown 
299719     WARN  Test worker     d.u.i.k.j.r.KeYCrossReferenceNameInfo Datatype T declared twice: Once in UNKNOWN:unknown and once in UNKNOWN:unknown, Keeping one from UNKNOWN:unknown 
299849     INFO  Test worker     d.u.i.k.n.KeyIO           Parsing took 0 ms 
299849     INFO  Test worker     d.u.i.k.n.KeyIO           MODE: declarations took 0 ms 
299859     WARN  Test worker     d.u.i.k.j.r.KeYCrossReferenceNameInfo Datatype T declared twice: Once in UNKNOWN:unknown and once in UNKNOWN:unknown, Keeping one from UNKNOWN:unknown 
299950     INFO  Test worker     d.u.i.k.n.KeyIO           Parsing took 1 ms 
299951     INFO  Test worker     d.u.i.k.n.KeyIO           MODE: declarations took 1 ms 
299953     INFO  Test worker     d.u.i.k.p.TestTermParser  Out: \<{
  int[] i;
}\> (diamond(true)) 
299953     WARN  Test worker     d.u.i.k.j.r.KeYCrossReferenceNameInfo Datatype T declared twice: Once in UNKNOWN:unknown and once in UNKNOWN:unknown, Keeping one from UNKNOWN:unknown 
300042     INFO  Test worker     d.u.i.k.n.KeyIO           Parsing took 0 ms 
300043     INFO  Test worker     d.u.i.k.n.KeyIO           MODE: declarations took 0 ms 
300045     WARN  Test worker     d.u.i.k.j.r.KeYCrossReferenceNameInfo Datatype T declared twice: Once in UNKNOWN:unknown and once in UNKNOWN:unknown, Keeping one from UNKNOWN:unknown 
300134     INFO  Test worker     d.u.i.k.n.KeyIO           Parsing took 1 ms 
300134     INFO  Test worker     d.u.i.k.n.KeyIO           MODE: declarations took 0 ms 
300136     WARN  Test worker     d.u.i.k.j.r.KeYCrossReferenceNameInfo Datatype T declared twice: Once in UNKNOWN:unknown and once in UNKNOWN:unknown, Keeping one from UNKNOWN:unknown 
300225     INFO  Test worker     d.u.i.k.n.KeyIO           Parsing took 0 ms 
300225     INFO  Test worker     d.u.i.k.n.KeyIO           MODE: declarations took 0 ms 
300228     WARN  Test worker     d.u.i.k.j.r.KeYCrossReferenceNameInfo Datatype T declared twice: Once in UNKNOWN:unknown and once in UNKNOWN:unknown, Keeping one from UNKNOWN:unknown 
300317     INFO  Test worker     d.u.i.k.n.KeyIO           Parsing took 0 ms 
300318     INFO  Test worker     d.u.i.k.n.KeyIO           MODE: declarations took 0 ms 
300319     WARN  Test worker     d.u.i.k.j.r.KeYCrossReferenceNameInfo Datatype T declared twice: Once in UNKNOWN:unknown and once in UNKNOWN:unknown, Keeping one from UNKNOWN:unknown 
300414     INFO  Test worker     d.u.i.k.n.KeyIO           Parsing took 2 ms 
300414     INFO  Test worker     d.u.i.k.n.KeyIO           MODE: declarations took 0 ms 
300415     WARN  Test worker     d.u.i.k.j.r.KeYCrossReferenceNameInfo Datatype T declared twice: Once in UNKNOWN:unknown and once in UNKNOWN:unknown, Keeping one from UNKNOWN:unknown 
300505     INFO  Test worker     d.u.i.k.n.KeyIO           Parsing took 1 ms 
300505     INFO  Test worker     d.u.i.k.n.KeyIO           MODE: declarations took 0 ms 
300506     WARN  Test worker     d.u.i.k.j.r.KeYCrossReferenceNameInfo Datatype T declared twice: Once in UNKNOWN:unknown and once in UNKNOWN:unknown, Keeping one from UNKNOWN:unknown 
300606     WARN  Test worker     d.u.i.k.j.r.KeYCrossReferenceNameInfo Datatype T declared twice: Once in UNKNOWN:unknown and once in UNKNOWN:unknown, Keeping one from UNKNOWN:unknown 
300697     INFO  Test worker     d.u.i.k.n.KeyIO           Parsing took 0 ms 
300697     INFO  Test worker     d.u.i.k.n.KeyIO           MODE: declarations took 0 ms 
300698     WARN  Test worker     d.u.i.k.j.r.KeYCrossReferenceNameInfo Datatype T declared twice: Once in UNKNOWN:unknown and once in UNKNOWN:unknown, Keeping one from UNKNOWN:unknown 
300788     INFO  Test worker     d.u.i.k.n.KeyIO           Parsing took 0 ms 
300788     INFO  Test worker     d.u.i.k.n.KeyIO           MODE: declarations took 0 ms 
300791     WARN  Test worker     d.u.i.k.j.r.KeYCrossReferenceNameInfo Datatype T declared twice: Once in UNKNOWN:unknown and once in UNKNOWN:unknown, Keeping one from UNKNOWN:unknown 
300880     INFO  Test worker     d.u.i.k.n.KeyIO           Parsing took 0 ms 
300880     INFO  Test worker     d.u.i.k.n.KeyIO           MODE: declarations took 0 ms 
300882     WARN  Test worker     d.u.i.k.j.r.KeYCrossReferenceNameInfo Datatype T declared twice: Once in UNKNOWN:unknown and once in UNKNOWN:unknown, Keeping one from UNKNOWN:unknown 
300971     INFO  Test worker     d.u.i.k.n.KeyIO           Parsing took 0 ms 
300972     INFO  Test worker     d.u.i.k.n.KeyIO           MODE: declarations took 1 ms 
300973     WARN  Test worker     d.u.i.k.j.r.KeYCrossReferenceNameInfo Datatype T declared twice: Once in UNKNOWN:unknown and once in UNKNOWN:unknown, Keeping one from UNKNOWN:unknown 
301062     INFO  Test worker     d.u.i.k.n.KeyIO           Parsing took 0 ms 
301062     INFO  Test worker     d.u.i.k.n.KeyIO           MODE: declarations took 0 ms 
301065     WARN  Test worker     d.u.i.k.j.r.KeYCrossReferenceNameInfo Datatype T declared twice: Once in UNKNOWN:unknown and once in UNKNOWN:unknown, Keeping one from UNKNOWN:unknown 
301155     INFO  Test worker     d.u.i.k.n.KeyIO           Parsing took 0 ms 
301155     INFO  Test worker     d.u.i.k.n.KeyIO           MODE: declarations took 0 ms 
301157     WARN  Test worker     d.u.i.k.j.r.KeYCrossReferenceNameInfo Datatype T declared twice: Once in UNKNOWN:unknown and once in UNKNOWN:unknown, Keeping one from UNKNOWN:unknown 
301248     INFO  Test worker     d.u.i.k.n.KeyIO           Parsing took 2 ms 
301248     INFO  Test worker     d.u.i.k.n.KeyIO           MODE: declarations took 0 ms 
301250     WARN  Test worker     d.u.i.k.j.r.KeYCrossReferenceNameInfo Datatype T declared twice: Once in UNKNOWN:unknown and once in UNKNOWN:unknown, Keeping one from UNKNOWN:unknown 
301340     INFO  Test worker     d.u.i.k.n.KeyIO           Parsing took 0 ms 
301340     INFO  Test worker     d.u.i.k.n.KeyIO           MODE: declarations took 0 ms 
301341     WARN  Test worker     d.u.i.k.j.r.KeYCrossReferenceNameInfo Datatype T declared twice: Once in UNKNOWN:unknown and once in UNKNOWN:unknown, Keeping one from UNKNOWN:unknown 
301430     INFO  Test worker     d.u.i.k.n.KeyIO           Parsing took 0 ms 
301430     INFO  Test worker     d.u.i.k.n.KeyIO           MODE: declarations took 0 ms 
301432     WARN  Test worker     d.u.i.k.j.r.KeYCrossReferenceNameInfo Datatype T declared twice: Once in UNKNOWN:unknown and once in UNKNOWN:unknown, Keeping one from UNKNOWN:unknown 
301523     INFO  Test worker     d.u.i.k.n.KeyIO           Parsing took 0 ms 
301523     INFO  Test worker     d.u.i.k.n.KeyIO           MODE: declarations took 0 ms 
301525     WARN  Test worker     d.u.i.k.j.r.KeYCrossReferenceNameInfo Datatype T declared twice: Once in UNKNOWN:unknown and once in UNKNOWN:unknown, Keeping one from UNKNOWN:unknown 
301615     INFO  Test worker     d.u.i.k.n.KeyIO           Parsing took 0 ms 
301615     INFO  Test worker     d.u.i.k.n.KeyIO           MODE: declarations took 0 ms 
301619     WARN  Test worker     d.u.i.k.j.r.KeYCrossReferenceNameInfo Datatype T declared twice: Once in UNKNOWN:unknown and once in UNKNOWN:unknown, Keeping one from UNKNOWN:unknown 
301708     INFO  Test worker     d.u.i.k.n.KeyIO           Parsing took 0 ms 
301709     INFO  Test worker     d.u.i.k.n.KeyIO           MODE: declarations took 0 ms 
301710     WARN  Test worker     d.u.i.k.j.r.KeYCrossReferenceNameInfo Datatype T declared twice: Once in UNKNOWN:unknown and once in UNKNOWN:unknown, Keeping one from UNKNOWN:unknown 
301800     INFO  Test worker     d.u.i.k.n.KeyIO           Parsing took 0 ms 
301800     INFO  Test worker     d.u.i.k.n.KeyIO           MODE: declarations took 0 ms 
301802     WARN  Test worker     d.u.i.k.j.r.KeYCrossReferenceNameInfo Datatype T declared twice: Once in UNKNOWN:unknown and once in UNKNOWN:unknown, Keeping one from UNKNOWN:unknown 
301892     INFO  Test worker     d.u.i.k.n.KeyIO           Parsing took 0 ms 
301892     INFO  Test worker     d.u.i.k.n.KeyIO           MODE: declarations took 0 ms 
301894     WARN  Test worker     d.u.i.k.j.r.KeYCrossReferenceNameInfo Datatype T declared twice: Once in UNKNOWN:unknown and once in UNKNOWN:unknown, Keeping one from UNKNOWN:unknown 
301983     INFO  Test worker     d.u.i.k.n.KeyIO           Parsing took 0 ms 
301984     INFO  Test worker     d.u.i.k.n.KeyIO           MODE: declarations took 1 ms 
301986     WARN  Test worker     d.u.i.k.j.r.KeYCrossReferenceNameInfo Datatype T declared twice: Once in UNKNOWN:unknown and once in UNKNOWN:unknown, Keeping one from UNKNOWN:unknown 
302074     INFO  Test worker     d.u.i.k.n.KeyIO           Parsing took 0 ms 
302074     INFO  Test worker     d.u.i.k.n.KeyIO           MODE: declarations took 0 ms 
302078     WARN  Test worker     d.u.i.k.j.r.KeYCrossReferenceNameInfo Datatype T declared twice: Once in UNKNOWN:unknown and once in UNKNOWN:unknown, Keeping one from UNKNOWN:unknown 
302171     INFO  Test worker     d.u.i.k.n.KeyIO           Parsing took 0 ms 
302171     INFO  Test worker     d.u.i.k.n.KeyIO           MODE: declarations took 0 ms 
302175     WARN  Test worker     d.u.i.k.j.r.KeYCrossReferenceNameInfo Datatype T declared twice: Once in UNKNOWN:unknown and once in UNKNOWN:unknown, Keeping one from UNKNOWN:unknown 
302281     INFO  Test worker     d.u.i.k.n.KeyIO           Parsing took 0 ms 
302281     INFO  Test worker     d.u.i.k.n.KeyIO           MODE: declarations took 0 ms 
302286     WARN  Test worker     d.u.i.k.j.r.KeYCrossReferenceNameInfo Datatype T declared twice: Once in UNKNOWN:unknown and once in UNKNOWN:unknown, Keeping one from UNKNOWN:unknown 
302382     INFO  Test worker     d.u.i.k.n.KeyIO           Parsing took 1 ms 
302382     INFO  Test worker     d.u.i.k.n.KeyIO           MODE: declarations took 0 ms 
302385     WARN  Test worker     d.u.i.k.j.r.KeYCrossReferenceNameInfo Datatype T declared twice: Once in UNKNOWN:unknown and once in UNKNOWN:unknown, Keeping one from UNKNOWN:unknown 
302477     INFO  Test worker     d.u.i.k.n.KeyIO           Parsing took 0 ms 
302477     INFO  Test worker     d.u.i.k.n.KeyIO           MODE: declarations took 0 ms 
302479     WARN  Test worker     d.u.i.k.j.r.KeYCrossReferenceNameInfo Datatype T declared twice: Once in UNKNOWN:unknown and once in UNKNOWN:unknown, Keeping one from UNKNOWN:unknown 
302568     INFO  Test worker     d.u.i.k.n.KeyIO           Parsing took 0 ms 
302568     INFO  Test worker     d.u.i.k.n.KeyIO           MODE: declarations took 0 ms 
302572     WARN  Test worker     d.u.i.k.j.r.KeYCrossReferenceNameInfo Datatype T declared twice: Once in UNKNOWN:unknown and once in UNKNOWN:unknown, Keeping one from UNKNOWN:unknown 
302665     INFO  Test worker     d.u.i.k.n.KeyIO           Parsing took 0 ms 
302665     INFO  Test worker     d.u.i.k.n.KeyIO           MODE: declarations took 0 ms 
302666     WARN  Test worker     d.u.i.k.j.r.KeYCrossReferenceNameInfo Datatype T declared twice: Once in UNKNOWN:unknown and once in UNKNOWN:unknown, Keeping one from UNKNOWN:unknown 
302754     INFO  Test worker     d.u.i.k.n.KeyIO           Parsing took 0 ms 
302754     INFO  Test worker     d.u.i.k.n.KeyIO           MODE: declarations took 0 ms 
302756     WARN  Test worker     d.u.i.k.j.r.KeYCrossReferenceNameInfo Datatype T declared twice: Once in UNKNOWN:unknown and once in UNKNOWN:unknown, Keeping one from UNKNOWN:unknown 
302844     INFO  Test worker     d.u.i.k.n.KeyIO           Parsing took 1 ms 
302844     INFO  Test worker     d.u.i.k.n.KeyIO           MODE: declarations took 0 ms 
302845     WARN  Test worker     d.u.i.k.j.r.KeYCrossReferenceNameInfo Datatype T declared twice: Once in UNKNOWN:unknown and once in UNKNOWN:unknown, Keeping one from UNKNOWN:unknown 
302933     INFO  Test worker     d.u.i.k.n.KeyIO           Parsing took 0 ms 
302933     INFO  Test worker     d.u.i.k.n.KeyIO           MODE: declarations took 0 ms 
302935     WARN  Test worker     d.u.i.k.j.r.KeYCrossReferenceNameInfo Datatype T declared twice: Once in UNKNOWN:unknown and once in UNKNOWN:unknown, Keeping one from UNKNOWN:unknown 
303024     INFO  Test worker     d.u.i.k.n.KeyIO           Parsing took 1 ms 
303024     INFO  Test worker     d.u.i.k.n.KeyIO           MODE: declarations took 0 ms 
303026     WARN  Test worker     d.u.i.k.j.r.KeYCrossReferenceNameInfo Datatype T declared twice: Once in UNKNOWN:unknown and once in UNKNOWN:unknown, Keeping one from UNKNOWN:unknown 
303114     INFO  Test worker     d.u.i.k.n.KeyIO           Parsing took 0 ms 
303114     INFO  Test worker     d.u.i.k.n.KeyIO           MODE: declarations took 0 ms 
303117     WARN  Test worker     d.u.i.k.j.r.KeYCrossReferenceNameInfo Datatype T declared twice: Once in UNKNOWN:unknown and once in UNKNOWN:unknown, Keeping one from UNKNOWN:unknown 
303206     WARN  Test worker     d.u.i.k.j.r.KeYCrossReferenceNameInfo Datatype T declared twice: Once in UNKNOWN:unknown and once in UNKNOWN:unknown, Keeping one from UNKNOWN:unknown 
303299     INFO  Test worker     d.u.i.k.n.KeyIO           Parsing took 0 ms 
303299     INFO  Test worker     d.u.i.k.n.KeyIO           MODE: declarations took 0 ms 
303303     WARN  Test worker     d.u.i.k.j.r.KeYCrossReferenceNameInfo Datatype T declared twice: Once in UNKNOWN:unknown and once in UNKNOWN:unknown, Keeping one from UNKNOWN:unknown 
303392     INFO  Test worker     d.u.i.k.n.KeyIO           Parsing took 0 ms 
303392     INFO  Test worker     d.u.i.k.n.KeyIO           MODE: declarations took 0 ms 
]]></system-out>
  <system-err><![CDATA[]]></system-err>
</testsuite>
