<?xml version="1.0" encoding="UTF-8"?>
<testsuite name="de.uka.ilkd.key.parser.TestTermParserHeap" tests="39" skipped="0" failures="0" errors="0" timestamp="2023-04-04T16:43:03" hostname="fv-az251-622" time="111.499">
  <properties/>
  <testcase name="testBracketHeapUpdate()" classname="de.uka.ilkd.key.parser.TestTermParserHeap" time="0.019"/>
  <testcase name="testStore()" classname="de.uka.ilkd.key.parser.TestTermParserHeap" time="0.007"/>
  <testcase name="testUnknownConstant()" classname="de.uka.ilkd.key.parser.TestTermParserHeap" time="0.001"/>
  <testcase name="testAllFieldsSelector()" classname="de.uka.ilkd.key.parser.TestTermParserHeap" time="0.002"/>
  <testcase name="testParsePrettyPrintedSelect()" classname="de.uka.ilkd.key.parser.TestTermParserHeap" time="0.001"/>
  <testcase name="testAccessStaticMembers()" classname="de.uka.ilkd.key.parser.TestTermParserHeap" time="0.005"/>
  <testcase name="testAtOperator_1()" classname="de.uka.ilkd.key.parser.TestTermParserHeap" time="0.002"/>
  <testcase name="testAtOperator_2()" classname="de.uka.ilkd.key.parser.TestTermParserHeap" time="0.001"/>
  <testcase name="testAtOperator_3()" classname="de.uka.ilkd.key.parser.TestTermParserHeap" time="0.002"/>
  <testcase name="testAtOperator_4()" classname="de.uka.ilkd.key.parser.TestTermParserHeap" time="0.007"/>
  <testcase name="testAtOperator_5()" classname="de.uka.ilkd.key.parser.TestTermParserHeap" time="0.002"/>
  <testcase name="testAtOperator_6()" classname="de.uka.ilkd.key.parser.TestTermParserHeap" time="0.001"/>
  <testcase name="testAtOperator_7()" classname="de.uka.ilkd.key.parser.TestTermParserHeap" time="0.008"/>
  <testcase name="testAtOperator_8()" classname="de.uka.ilkd.key.parser.TestTermParserHeap" time="0.003"/>
  <testcase name="testVerifyExceptionIfAtOperatorNotPreceededBySelectTerm()" classname="de.uka.ilkd.key.parser.TestTermParserHeap" time="0.001"/>
  <testcase name="testBugResettingCounter()" classname="de.uka.ilkd.key.parser.TestTermParserHeap" time="0.003"/>
  <testcase name="testLocationSets()" classname="de.uka.ilkd.key.parser.TestTermParserHeap" time="0.002"/>
  <testcase name="testQuantifiedSelect()" classname="de.uka.ilkd.key.parser.TestTermParserHeap" time="0.002"/>
  <testcase name="testGenericObjectProperties()" classname="de.uka.ilkd.key.parser.TestTermParserHeap" time="0.002"/>
  <testcase name="testQueryInheritance_1()" classname="de.uka.ilkd.key.parser.TestTermParserHeap" time="0.001"/>
  <testcase name="testQueryInheritance_2()" classname="de.uka.ilkd.key.parser.TestTermParserHeap" time="0.002"/>
  <testcase name="testQueryInheritance_3()" classname="de.uka.ilkd.key.parser.TestTermParserHeap" time="0.001"/>
  <testcase name="testQueryInheritance_4()" classname="de.uka.ilkd.key.parser.TestTermParserHeap" time="0.002"/>
  <testcase name="testQueryInheritance_5()" classname="de.uka.ilkd.key.parser.TestTermParserHeap" time="0.002"/>
  <testcase name="testQueryInheritance_6()" classname="de.uka.ilkd.key.parser.TestTermParserHeap" time="0.001"/>
  <testcase name="testQueryInheritance_7()" classname="de.uka.ilkd.key.parser.TestTermParserHeap" time="0.001"/>
  <testcase name="testQueryInheritance_8()" classname="de.uka.ilkd.key.parser.TestTermParserHeap" time="0.002"/>
  <testcase name="testQueryInheritance_9()" classname="de.uka.ilkd.key.parser.TestTermParserHeap" time="0.002"/>
  <testcase name="testQueryBasic_10()" classname="de.uka.ilkd.key.parser.TestTermParserHeap" time="0.001"/>
  <testcase name="testQueryBasic_11()" classname="de.uka.ilkd.key.parser.TestTermParserHeap" time="0.002"/>
  <testcase name="testQueryBasic_1()" classname="de.uka.ilkd.key.parser.TestTermParserHeap" time="0.001"/>
  <testcase name="testQueryBasic_2()" classname="de.uka.ilkd.key.parser.TestTermParserHeap" time="0.003"/>
  <testcase name="testQueryBasic_3()" classname="de.uka.ilkd.key.parser.TestTermParserHeap" time="0.006"/>
  <testcase name="testQueryBasic_4()" classname="de.uka.ilkd.key.parser.TestTermParserHeap" time="0.003"/>
  <testcase name="testQueryBasic_5()" classname="de.uka.ilkd.key.parser.TestTermParserHeap" time="0.001"/>
  <testcase name="testQueryBasic_6()" classname="de.uka.ilkd.key.parser.TestTermParserHeap" time="0.004"/>
  <testcase name="testQueryBasic_7()" classname="de.uka.ilkd.key.parser.TestTermParserHeap" time="0.001"/>
  <testcase name="testQueryBasic_8()" classname="de.uka.ilkd.key.parser.TestTermParserHeap" time="0.001"/>
  <testcase name="testQueryBasic_9()" classname="de.uka.ilkd.key.parser.TestTermParserHeap" time="0.001"/>
  <system-out><![CDATA[306603     INFO  Test worker     d.u.i.k.n.KeyIO           Parsing took 0 ms 
306603     INFO  Test worker     d.u.i.k.n.KeyIO           MODE: declarations took 0 ms 
306603     INFO  Test worker     d.u.i.k.n.KeyIO           Parsing took 0 ms 
306603     INFO  Test worker     d.u.i.k.n.KeyIO           MODE: declarations took 0 ms 
306603     INFO  Test worker     d.u.i.k.n.KeyIO           Parsing took 0 ms 
306603     INFO  Test worker     d.u.i.k.n.KeyIO           MODE: declarations took 0 ms 
306603     INFO  Test worker     d.u.i.k.n.KeyIO           Parsing took 0 ms 
306603     INFO  Test worker     d.u.i.k.n.KeyIO           MODE: declarations took 0 ms 
306603     INFO  Test worker     d.u.i.k.n.KeyIO           Parsing took 0 ms 
306603     INFO  Test worker     d.u.i.k.n.KeyIO           MODE: declarations took 0 ms 
309616     INFO  Test worker     d.u.i.k.n.KeyIO           Parsing took 0 ms 
309616     INFO  Test worker     d.u.i.k.n.KeyIO           MODE: declarations took 0 ms 
309616     INFO  Test worker     d.u.i.k.n.KeyIO           Parsing took 0 ms 
309616     INFO  Test worker     d.u.i.k.n.KeyIO           MODE: declarations took 0 ms 
309616     INFO  Test worker     d.u.i.k.n.KeyIO           Parsing took 0 ms 
309616     INFO  Test worker     d.u.i.k.n.KeyIO           MODE: declarations took 0 ms 
309616     INFO  Test worker     d.u.i.k.n.KeyIO           Parsing took 0 ms 
309616     INFO  Test worker     d.u.i.k.n.KeyIO           MODE: declarations took 0 ms 
309616     INFO  Test worker     d.u.i.k.n.KeyIO           Parsing took 0 ms 
309616     INFO  Test worker     d.u.i.k.n.KeyIO           MODE: declarations took 0 ms 
312683     INFO  Test worker     d.u.i.k.n.KeyIO           Parsing took 0 ms 
312683     INFO  Test worker     d.u.i.k.n.KeyIO           MODE: declarations took 0 ms 
312683     INFO  Test worker     d.u.i.k.n.KeyIO           Parsing took 0 ms 
312683     INFO  Test worker     d.u.i.k.n.KeyIO           MODE: declarations took 0 ms 
312683     INFO  Test worker     d.u.i.k.n.KeyIO           Parsing took 0 ms 
312683     INFO  Test worker     d.u.i.k.n.KeyIO           MODE: declarations took 0 ms 
312683     INFO  Test worker     d.u.i.k.n.KeyIO           Parsing took 0 ms 
312683     INFO  Test worker     d.u.i.k.n.KeyIO           MODE: declarations took 0 ms 
312683     INFO  Test worker     d.u.i.k.n.KeyIO           Parsing took 0 ms 
312683     INFO  Test worker     d.u.i.k.n.KeyIO           MODE: declarations took 0 ms 
312684     INFO  Test worker     d.u.i.k.n.KeyIO           Parsing took 0 ms 
312684     INFO  Test worker     d.u.i.k.n.KeyIO           MODE: declarations took 0 ms 
315613     INFO  Test worker     d.u.i.k.n.KeyIO           Parsing took 0 ms 
315613     INFO  Test worker     d.u.i.k.n.KeyIO           MODE: declarations took 0 ms 
315613     INFO  Test worker     d.u.i.k.n.KeyIO           Parsing took 0 ms 
315613     INFO  Test worker     d.u.i.k.n.KeyIO           MODE: declarations took 0 ms 
315613     INFO  Test worker     d.u.i.k.n.KeyIO           Parsing took 0 ms 
315613     INFO  Test worker     d.u.i.k.n.KeyIO           MODE: declarations took 0 ms 
315613     INFO  Test worker     d.u.i.k.n.KeyIO           Parsing took 0 ms 
315613     INFO  Test worker     d.u.i.k.n.KeyIO           MODE: declarations took 0 ms 
315613     INFO  Test worker     d.u.i.k.n.KeyIO           Parsing took 0 ms 
315613     INFO  Test worker     d.u.i.k.n.KeyIO           MODE: declarations took 0 ms 
318541     INFO  Test worker     d.u.i.k.n.KeyIO           Parsing took 0 ms 
318542     INFO  Test worker     d.u.i.k.n.KeyIO           MODE: declarations took 0 ms 
318542     INFO  Test worker     d.u.i.k.n.KeyIO           Parsing took 0 ms 
318542     INFO  Test worker     d.u.i.k.n.KeyIO           MODE: declarations took 0 ms 
318542     INFO  Test worker     d.u.i.k.n.KeyIO           Parsing took 0 ms 
318542     INFO  Test worker     d.u.i.k.n.KeyIO           MODE: declarations took 0 ms 
318542     INFO  Test worker     d.u.i.k.n.KeyIO           Parsing took 0 ms 
318542     INFO  Test worker     d.u.i.k.n.KeyIO           MODE: declarations took 0 ms 
318542     INFO  Test worker     d.u.i.k.n.KeyIO           Parsing took 0 ms 
318542     INFO  Test worker     d.u.i.k.n.KeyIO           MODE: declarations took 0 ms 
321575     INFO  Test worker     d.u.i.k.n.KeyIO           Parsing took 0 ms 
321575     INFO  Test worker     d.u.i.k.n.KeyIO           MODE: declarations took 0 ms 
321575     INFO  Test worker     d.u.i.k.n.KeyIO           Parsing took 0 ms 
321576     INFO  Test worker     d.u.i.k.n.KeyIO           MODE: declarations took 1 ms 
321576     INFO  Test worker     d.u.i.k.n.KeyIO           Parsing took 0 ms 
321576     INFO  Test worker     d.u.i.k.n.KeyIO           MODE: declarations took 0 ms 
321576     INFO  Test worker     d.u.i.k.n.KeyIO           Parsing took 0 ms 
321576     INFO  Test worker     d.u.i.k.n.KeyIO           MODE: declarations took 0 ms 
321576     INFO  Test worker     d.u.i.k.n.KeyIO           Parsing took 0 ms 
321576     INFO  Test worker     d.u.i.k.n.KeyIO           MODE: declarations took 0 ms 
324526     INFO  Test worker     d.u.i.k.n.KeyIO           Parsing took 0 ms 
324526     INFO  Test worker     d.u.i.k.n.KeyIO           MODE: declarations took 0 ms 
324526     INFO  Test worker     d.u.i.k.n.KeyIO           Parsing took 0 ms 
324526     INFO  Test worker     d.u.i.k.n.KeyIO           MODE: declarations took 0 ms 
324526     INFO  Test worker     d.u.i.k.n.KeyIO           Parsing took 0 ms 
324526     INFO  Test worker     d.u.i.k.n.KeyIO           MODE: declarations took 0 ms 
324526     INFO  Test worker     d.u.i.k.n.KeyIO           Parsing took 0 ms 
324526     INFO  Test worker     d.u.i.k.n.KeyIO           MODE: declarations took 0 ms 
324526     INFO  Test worker     d.u.i.k.n.KeyIO           Parsing took 0 ms 
324526     INFO  Test worker     d.u.i.k.n.KeyIO           MODE: declarations took 0 ms 
327474     INFO  Test worker     d.u.i.k.n.KeyIO           Parsing took 0 ms 
327474     INFO  Test worker     d.u.i.k.n.KeyIO           MODE: declarations took 0 ms 
327474     INFO  Test worker     d.u.i.k.n.KeyIO           Parsing took 0 ms 
327474     INFO  Test worker     d.u.i.k.n.KeyIO           MODE: declarations took 0 ms 
327474     INFO  Test worker     d.u.i.k.n.KeyIO           Parsing took 0 ms 
327474     INFO  Test worker     d.u.i.k.n.KeyIO           MODE: declarations took 0 ms 
327474     INFO  Test worker     d.u.i.k.n.KeyIO           Parsing took 0 ms 
327474     INFO  Test worker     d.u.i.k.n.KeyIO           MODE: declarations took 0 ms 
327474     INFO  Test worker     d.u.i.k.n.KeyIO           Parsing took 0 ms 
327474     INFO  Test worker     d.u.i.k.n.KeyIO           MODE: declarations took 0 ms 
330404     INFO  Test worker     d.u.i.k.n.KeyIO           Parsing took 0 ms 
330405     INFO  Test worker     d.u.i.k.n.KeyIO           MODE: declarations took 1 ms 
330405     INFO  Test worker     d.u.i.k.n.KeyIO           Parsing took 0 ms 
330405     INFO  Test worker     d.u.i.k.n.KeyIO           MODE: declarations took 0 ms 
330405     INFO  Test worker     d.u.i.k.n.KeyIO           Parsing took 0 ms 
330405     INFO  Test worker     d.u.i.k.n.KeyIO           MODE: declarations took 0 ms 
330405     INFO  Test worker     d.u.i.k.n.KeyIO           Parsing took 0 ms 
330405     INFO  Test worker     d.u.i.k.n.KeyIO           MODE: declarations took 0 ms 
330405     INFO  Test worker     d.u.i.k.n.KeyIO           Parsing took 0 ms 
330405     INFO  Test worker     d.u.i.k.n.KeyIO           MODE: declarations took 0 ms 
333366     INFO  Test worker     d.u.i.k.n.KeyIO           Parsing took 0 ms 
333367     INFO  Test worker     d.u.i.k.n.KeyIO           MODE: declarations took 0 ms 
333367     INFO  Test worker     d.u.i.k.n.KeyIO           Parsing took 0 ms 
333367     INFO  Test worker     d.u.i.k.n.KeyIO           MODE: declarations took 0 ms 
333368     INFO  Test worker     d.u.i.k.n.KeyIO           Parsing took 0 ms 
333368     INFO  Test worker     d.u.i.k.n.KeyIO           MODE: declarations took 0 ms 
333368     INFO  Test worker     d.u.i.k.n.KeyIO           Parsing took 0 ms 
333368     INFO  Test worker     d.u.i.k.n.KeyIO           MODE: declarations took 0 ms 
333368     INFO  Test worker     d.u.i.k.n.KeyIO           Parsing took 0 ms 
333369     INFO  Test worker     d.u.i.k.n.KeyIO           MODE: declarations took 0 ms 
336253     INFO  Test worker     d.u.i.k.n.KeyIO           Parsing took 0 ms 
336253     INFO  Test worker     d.u.i.k.n.KeyIO           MODE: declarations took 0 ms 
336253     INFO  Test worker     d.u.i.k.n.KeyIO           Parsing took 0 ms 
336253     INFO  Test worker     d.u.i.k.n.KeyIO           MODE: declarations took 0 ms 
336253     INFO  Test worker     d.u.i.k.n.KeyIO           Parsing took 0 ms 
336253     INFO  Test worker     d.u.i.k.n.KeyIO           MODE: declarations took 0 ms 
336253     INFO  Test worker     d.u.i.k.n.KeyIO           Parsing took 0 ms 
336254     INFO  Test worker     d.u.i.k.n.KeyIO           MODE: declarations took 1 ms 
336254     INFO  Test worker     d.u.i.k.n.KeyIO           Parsing took 0 ms 
336254     INFO  Test worker     d.u.i.k.n.KeyIO           MODE: declarations took 0 ms 
339184     INFO  Test worker     d.u.i.k.n.KeyIO           Parsing took 0 ms 
339184     INFO  Test worker     d.u.i.k.n.KeyIO           MODE: declarations took 0 ms 
339184     INFO  Test worker     d.u.i.k.n.KeyIO           Parsing took 0 ms 
339185     INFO  Test worker     d.u.i.k.n.KeyIO           MODE: declarations took 1 ms 
339185     INFO  Test worker     d.u.i.k.n.KeyIO           Parsing took 0 ms 
339185     INFO  Test worker     d.u.i.k.n.KeyIO           MODE: declarations took 0 ms 
339185     INFO  Test worker     d.u.i.k.n.KeyIO           Parsing took 0 ms 
339185     INFO  Test worker     d.u.i.k.n.KeyIO           MODE: declarations took 0 ms 
339185     INFO  Test worker     d.u.i.k.n.KeyIO           Parsing took 0 ms 
339185     INFO  Test worker     d.u.i.k.n.KeyIO           MODE: declarations took 0 ms 
342114     INFO  Test worker     d.u.i.k.n.KeyIO           Parsing took 0 ms 
342115     INFO  Test worker     d.u.i.k.n.KeyIO           MODE: declarations took 0 ms 
342115     INFO  Test worker     d.u.i.k.n.KeyIO           Parsing took 0 ms 
342115     INFO  Test worker     d.u.i.k.n.KeyIO           MODE: declarations took 0 ms 
342115     INFO  Test worker     d.u.i.k.n.KeyIO           Parsing took 0 ms 
342115     INFO  Test worker     d.u.i.k.n.KeyIO           MODE: declarations took 0 ms 
342115     INFO  Test worker     d.u.i.k.n.KeyIO           Parsing took 0 ms 
342118     INFO  Test worker     d.u.i.k.n.KeyIO           MODE: declarations took 0 ms 
342118     INFO  Test worker     d.u.i.k.n.KeyIO           Parsing took 0 ms 
342118     INFO  Test worker     d.u.i.k.n.KeyIO           MODE: declarations took 0 ms 
344979     INFO  Test worker     d.u.i.k.n.KeyIO           Parsing took 0 ms 
344979     INFO  Test worker     d.u.i.k.n.KeyIO           MODE: declarations took 0 ms 
344980     INFO  Test worker     d.u.i.k.n.KeyIO           Parsing took 0 ms 
344980     INFO  Test worker     d.u.i.k.n.KeyIO           MODE: declarations took 0 ms 
344980     INFO  Test worker     d.u.i.k.n.KeyIO           Parsing took 0 ms 
344980     INFO  Test worker     d.u.i.k.n.KeyIO           MODE: declarations took 0 ms 
344980     INFO  Test worker     d.u.i.k.n.KeyIO           Parsing took 0 ms 
344980     INFO  Test worker     d.u.i.k.n.KeyIO           MODE: declarations took 0 ms 
344980     INFO  Test worker     d.u.i.k.n.KeyIO           Parsing took 0 ms 
344980     INFO  Test worker     d.u.i.k.n.KeyIO           MODE: declarations took 0 ms 
347904     INFO  Test worker     d.u.i.k.n.KeyIO           Parsing took 0 ms 
347905     INFO  Test worker     d.u.i.k.n.KeyIO           MODE: declarations took 0 ms 
347905     INFO  Test worker     d.u.i.k.n.KeyIO           Parsing took 0 ms 
347905     INFO  Test worker     d.u.i.k.n.KeyIO           MODE: declarations took 0 ms 
347905     INFO  Test worker     d.u.i.k.n.KeyIO           Parsing took 0 ms 
347905     INFO  Test worker     d.u.i.k.n.KeyIO           MODE: declarations took 0 ms 
347905     INFO  Test worker     d.u.i.k.n.KeyIO           Parsing took 0 ms 
347905     INFO  Test worker     d.u.i.k.n.KeyIO           MODE: declarations took 0 ms 
347905     INFO  Test worker     d.u.i.k.n.KeyIO           Parsing took 0 ms 
347905     INFO  Test worker     d.u.i.k.n.KeyIO           MODE: declarations took 0 ms 
347906     WARN  Test worker     d.u.i.k.n.KeYParser       [syntax-error] <unknown>:1:11: mismatched input '@' expecting {'/', ':=', '.', '(', ')', '{', '[', '@', PARALLEL, OR, AND, IMP, '=', NOT_EQUALS, '%', '*', '-', '+', '>', GREATEREQUAL, '<', LESSEQUAL, LGUILLEMETS, EQV} [@11,11:11='@',<154>,1:11] (termEOF) 
350785     INFO  Test worker     d.u.i.k.n.KeyIO           Parsing took 0 ms 
350786     INFO  Test worker     d.u.i.k.n.KeyIO           MODE: declarations took 0 ms 
350786     INFO  Test worker     d.u.i.k.n.KeyIO           Parsing took 0 ms 
350786     INFO  Test worker     d.u.i.k.n.KeyIO           MODE: declarations took 0 ms 
350786     INFO  Test worker     d.u.i.k.n.KeyIO           Parsing took 0 ms 
350786     INFO  Test worker     d.u.i.k.n.KeyIO           MODE: declarations took 0 ms 
350786     INFO  Test worker     d.u.i.k.n.KeyIO           Parsing took 0 ms 
350786     INFO  Test worker     d.u.i.k.n.KeyIO           MODE: declarations took 0 ms 
350786     INFO  Test worker     d.u.i.k.n.KeyIO           Parsing took 0 ms 
350786     INFO  Test worker     d.u.i.k.n.KeyIO           MODE: declarations took 0 ms 
353686     INFO  Test worker     d.u.i.k.n.KeyIO           Parsing took 0 ms 
353686     INFO  Test worker     d.u.i.k.n.KeyIO           MODE: declarations took 0 ms 
353686     INFO  Test worker     d.u.i.k.n.KeyIO           Parsing took 0 ms 
353686     INFO  Test worker     d.u.i.k.n.KeyIO           MODE: declarations took 0 ms 
353686     INFO  Test worker     d.u.i.k.n.KeyIO           Parsing took 0 ms 
353686     INFO  Test worker     d.u.i.k.n.KeyIO           MODE: declarations took 0 ms 
353686     INFO  Test worker     d.u.i.k.n.KeyIO           Parsing took 0 ms 
353686     INFO  Test worker     d.u.i.k.n.KeyIO           MODE: declarations took 0 ms 
353686     INFO  Test worker     d.u.i.k.n.KeyIO           Parsing took 0 ms 
353686     INFO  Test worker     d.u.i.k.n.KeyIO           MODE: declarations took 0 ms 
356576     INFO  Test worker     d.u.i.k.n.KeyIO           Parsing took 0 ms 
356576     INFO  Test worker     d.u.i.k.n.KeyIO           MODE: declarations took 0 ms 
356576     INFO  Test worker     d.u.i.k.n.KeyIO           Parsing took 0 ms 
356576     INFO  Test worker     d.u.i.k.n.KeyIO           MODE: declarations took 0 ms 
356576     INFO  Test worker     d.u.i.k.n.KeyIO           Parsing took 0 ms 
356576     INFO  Test worker     d.u.i.k.n.KeyIO           MODE: declarations took 0 ms 
356576     INFO  Test worker     d.u.i.k.n.KeyIO           Parsing took 0 ms 
356576     INFO  Test worker     d.u.i.k.n.KeyIO           MODE: declarations took 0 ms 
356576     INFO  Test worker     d.u.i.k.n.KeyIO           Parsing took 0 ms 
356576     INFO  Test worker     d.u.i.k.n.KeyIO           MODE: declarations took 0 ms 
359480     INFO  Test worker     d.u.i.k.n.KeyIO           Parsing took 0 ms 
359480     INFO  Test worker     d.u.i.k.n.KeyIO           MODE: declarations took 0 ms 
359480     INFO  Test worker     d.u.i.k.n.KeyIO           Parsing took 0 ms 
359480     INFO  Test worker     d.u.i.k.n.KeyIO           MODE: declarations took 0 ms 
359480     INFO  Test worker     d.u.i.k.n.KeyIO           Parsing took 0 ms 
359480     INFO  Test worker     d.u.i.k.n.KeyIO           MODE: declarations took 0 ms 
359480     INFO  Test worker     d.u.i.k.n.KeyIO           Parsing took 0 ms 
359480     INFO  Test worker     d.u.i.k.n.KeyIO           MODE: declarations took 0 ms 
359480     INFO  Test worker     d.u.i.k.n.KeyIO           Parsing took 0 ms 
359480     INFO  Test worker     d.u.i.k.n.KeyIO           MODE: declarations took 0 ms 
362402     INFO  Test worker     d.u.i.k.n.KeyIO           Parsing took 0 ms 
362402     INFO  Test worker     d.u.i.k.n.KeyIO           MODE: declarations took 0 ms 
362402     INFO  Test worker     d.u.i.k.n.KeyIO           Parsing took 0 ms 
362402     INFO  Test worker     d.u.i.k.n.KeyIO           MODE: declarations took 0 ms 
362402     INFO  Test worker     d.u.i.k.n.KeyIO           Parsing took 0 ms 
362402     INFO  Test worker     d.u.i.k.n.KeyIO           MODE: declarations took 0 ms 
362402     INFO  Test worker     d.u.i.k.n.KeyIO           Parsing took 0 ms 
362402     INFO  Test worker     d.u.i.k.n.KeyIO           MODE: declarations took 0 ms 
362402     INFO  Test worker     d.u.i.k.n.KeyIO           Parsing took 0 ms 
362402     INFO  Test worker     d.u.i.k.n.KeyIO           MODE: declarations took 0 ms 
365328     INFO  Test worker     d.u.i.k.n.KeyIO           Parsing took 0 ms 
365328     INFO  Test worker     d.u.i.k.n.KeyIO           MODE: declarations took 0 ms 
365328     INFO  Test worker     d.u.i.k.n.KeyIO           Parsing took 0 ms 
365328     INFO  Test worker     d.u.i.k.n.KeyIO           MODE: declarations took 0 ms 
365328     INFO  Test worker     d.u.i.k.n.KeyIO           Parsing took 0 ms 
365328     INFO  Test worker     d.u.i.k.n.KeyIO           MODE: declarations took 0 ms 
365328     INFO  Test worker     d.u.i.k.n.KeyIO           Parsing took 0 ms 
365328     INFO  Test worker     d.u.i.k.n.KeyIO           MODE: declarations took 0 ms 
365328     INFO  Test worker     d.u.i.k.n.KeyIO           Parsing took 0 ms 
365328     INFO  Test worker     d.u.i.k.n.KeyIO           MODE: declarations took 0 ms 
368227     INFO  Test worker     d.u.i.k.n.KeyIO           Parsing took 0 ms 
368227     INFO  Test worker     d.u.i.k.n.KeyIO           MODE: declarations took 0 ms 
368227     INFO  Test worker     d.u.i.k.n.KeyIO           Parsing took 0 ms 
368227     INFO  Test worker     d.u.i.k.n.KeyIO           MODE: declarations took 0 ms 
368227     INFO  Test worker     d.u.i.k.n.KeyIO           Parsing took 0 ms 
368227     INFO  Test worker     d.u.i.k.n.KeyIO           MODE: declarations took 0 ms 
368227     INFO  Test worker     d.u.i.k.n.KeyIO           Parsing took 0 ms 
368227     INFO  Test worker     d.u.i.k.n.KeyIO           MODE: declarations took 0 ms 
368227     INFO  Test worker     d.u.i.k.n.KeyIO           Parsing took 0 ms 
368227     INFO  Test worker     d.u.i.k.n.KeyIO           MODE: declarations took 0 ms 
371193     INFO  Test worker     d.u.i.k.n.KeyIO           Parsing took 0 ms 
371193     INFO  Test worker     d.u.i.k.n.KeyIO           MODE: declarations took 0 ms 
371193     INFO  Test worker     d.u.i.k.n.KeyIO           Parsing took 0 ms 
371193     INFO  Test worker     d.u.i.k.n.KeyIO           MODE: declarations took 0 ms 
371193     INFO  Test worker     d.u.i.k.n.KeyIO           Parsing took 0 ms 
371193     INFO  Test worker     d.u.i.k.n.KeyIO           MODE: declarations took 0 ms 
371193     INFO  Test worker     d.u.i.k.n.KeyIO           Parsing took 0 ms 
371193     INFO  Test worker     d.u.i.k.n.KeyIO           MODE: declarations took 0 ms 
371193     INFO  Test worker     d.u.i.k.n.KeyIO           Parsing took 0 ms 
371193     INFO  Test worker     d.u.i.k.n.KeyIO           MODE: declarations took 0 ms 
374121     INFO  Test worker     d.u.i.k.n.KeyIO           Parsing took 0 ms 
374121     INFO  Test worker     d.u.i.k.n.KeyIO           MODE: declarations took 0 ms 
374121     INFO  Test worker     d.u.i.k.n.KeyIO           Parsing took 0 ms 
374121     INFO  Test worker     d.u.i.k.n.KeyIO           MODE: declarations took 0 ms 
374122     INFO  Test worker     d.u.i.k.n.KeyIO           Parsing took 1 ms 
374122     INFO  Test worker     d.u.i.k.n.KeyIO           MODE: declarations took 0 ms 
374122     INFO  Test worker     d.u.i.k.n.KeyIO           Parsing took 0 ms 
374122     INFO  Test worker     d.u.i.k.n.KeyIO           MODE: declarations took 0 ms 
374122     INFO  Test worker     d.u.i.k.n.KeyIO           Parsing took 0 ms 
374122     INFO  Test worker     d.u.i.k.n.KeyIO           MODE: declarations took 0 ms 
377197     INFO  Test worker     d.u.i.k.n.KeyIO           Parsing took 0 ms 
377197     INFO  Test worker     d.u.i.k.n.KeyIO           MODE: declarations took 0 ms 
377197     INFO  Test worker     d.u.i.k.n.KeyIO           Parsing took 0 ms 
377197     INFO  Test worker     d.u.i.k.n.KeyIO           MODE: declarations took 0 ms 
377197     INFO  Test worker     d.u.i.k.n.KeyIO           Parsing took 0 ms 
377197     INFO  Test worker     d.u.i.k.n.KeyIO           MODE: declarations took 0 ms 
377197     INFO  Test worker     d.u.i.k.n.KeyIO           Parsing took 0 ms 
377197     INFO  Test worker     d.u.i.k.n.KeyIO           MODE: declarations took 0 ms 
377197     INFO  Test worker     d.u.i.k.n.KeyIO           Parsing took 0 ms 
377197     INFO  Test worker     d.u.i.k.n.KeyIO           MODE: declarations took 0 ms 
380094     INFO  Test worker     d.u.i.k.n.KeyIO           Parsing took 0 ms 
380094     INFO  Test worker     d.u.i.k.n.KeyIO           MODE: declarations took 0 ms 
380094     INFO  Test worker     d.u.i.k.n.KeyIO           Parsing took 0 ms 
380094     INFO  Test worker     d.u.i.k.n.KeyIO           MODE: declarations took 0 ms 
380094     INFO  Test worker     d.u.i.k.n.KeyIO           Parsing took 0 ms 
380094     INFO  Test worker     d.u.i.k.n.KeyIO           MODE: declarations took 0 ms 
380094     INFO  Test worker     d.u.i.k.n.KeyIO           Parsing took 0 ms 
380094     INFO  Test worker     d.u.i.k.n.KeyIO           MODE: declarations took 0 ms 
380094     INFO  Test worker     d.u.i.k.n.KeyIO           Parsing took 0 ms 
380094     INFO  Test worker     d.u.i.k.n.KeyIO           MODE: declarations took 0 ms 
382992     INFO  Test worker     d.u.i.k.n.KeyIO           Parsing took 0 ms 
382993     INFO  Test worker     d.u.i.k.n.KeyIO           MODE: declarations took 0 ms 
382993     INFO  Test worker     d.u.i.k.n.KeyIO           Parsing took 0 ms 
382993     INFO  Test worker     d.u.i.k.n.KeyIO           MODE: declarations took 0 ms 
382993     INFO  Test worker     d.u.i.k.n.KeyIO           Parsing took 0 ms 
382993     INFO  Test worker     d.u.i.k.n.KeyIO           MODE: declarations took 0 ms 
382993     INFO  Test worker     d.u.i.k.n.KeyIO           Parsing took 0 ms 
382993     INFO  Test worker     d.u.i.k.n.KeyIO           MODE: declarations took 0 ms 
382993     INFO  Test worker     d.u.i.k.n.KeyIO           Parsing took 0 ms 
382993     INFO  Test worker     d.u.i.k.n.KeyIO           MODE: declarations took 0 ms 
385976     INFO  Test worker     d.u.i.k.n.KeyIO           Parsing took 0 ms 
385976     INFO  Test worker     d.u.i.k.n.KeyIO           MODE: declarations took 0 ms 
385976     INFO  Test worker     d.u.i.k.n.KeyIO           Parsing took 0 ms 
385976     INFO  Test worker     d.u.i.k.n.KeyIO           MODE: declarations took 0 ms 
385976     INFO  Test worker     d.u.i.k.n.KeyIO           Parsing took 0 ms 
385976     INFO  Test worker     d.u.i.k.n.KeyIO           MODE: declarations took 0 ms 
385976     INFO  Test worker     d.u.i.k.n.KeyIO           Parsing took 0 ms 
385976     INFO  Test worker     d.u.i.k.n.KeyIO           MODE: declarations took 0 ms 
385977     INFO  Test worker     d.u.i.k.n.KeyIO           Parsing took 1 ms 
385977     INFO  Test worker     d.u.i.k.n.KeyIO           MODE: declarations took 0 ms 
388979     INFO  Test worker     d.u.i.k.n.KeyIO           Parsing took 0 ms 
388979     INFO  Test worker     d.u.i.k.n.KeyIO           MODE: declarations took 0 ms 
388979     INFO  Test worker     d.u.i.k.n.KeyIO           Parsing took 0 ms 
388979     INFO  Test worker     d.u.i.k.n.KeyIO           MODE: declarations took 0 ms 
388979     INFO  Test worker     d.u.i.k.n.KeyIO           Parsing took 0 ms 
388979     INFO  Test worker     d.u.i.k.n.KeyIO           MODE: declarations took 0 ms 
388979     INFO  Test worker     d.u.i.k.n.KeyIO           Parsing took 0 ms 
388979     INFO  Test worker     d.u.i.k.n.KeyIO           MODE: declarations took 0 ms 
388979     INFO  Test worker     d.u.i.k.n.KeyIO           Parsing took 0 ms 
388979     INFO  Test worker     d.u.i.k.n.KeyIO           MODE: declarations took 0 ms 
391869     INFO  Test worker     d.u.i.k.n.KeyIO           Parsing took 0 ms 
391869     INFO  Test worker     d.u.i.k.n.KeyIO           MODE: declarations took 0 ms 
391869     INFO  Test worker     d.u.i.k.n.KeyIO           Parsing took 0 ms 
391869     INFO  Test worker     d.u.i.k.n.KeyIO           MODE: declarations took 0 ms 
391869     INFO  Test worker     d.u.i.k.n.KeyIO           Parsing took 0 ms 
391869     INFO  Test worker     d.u.i.k.n.KeyIO           MODE: declarations took 0 ms 
391869     INFO  Test worker     d.u.i.k.n.KeyIO           Parsing took 0 ms 
391869     INFO  Test worker     d.u.i.k.n.KeyIO           MODE: declarations took 0 ms 
391869     INFO  Test worker     d.u.i.k.n.KeyIO           Parsing took 0 ms 
391870     INFO  Test worker     d.u.i.k.n.KeyIO           MODE: declarations took 0 ms 
394736     INFO  Test worker     d.u.i.k.n.KeyIO           Parsing took 0 ms 
394736     INFO  Test worker     d.u.i.k.n.KeyIO           MODE: declarations took 0 ms 
394736     INFO  Test worker     d.u.i.k.n.KeyIO           Parsing took 0 ms 
394736     INFO  Test worker     d.u.i.k.n.KeyIO           MODE: declarations took 0 ms 
394736     INFO  Test worker     d.u.i.k.n.KeyIO           Parsing took 0 ms 
394736     INFO  Test worker     d.u.i.k.n.KeyIO           MODE: declarations took 0 ms 
394736     INFO  Test worker     d.u.i.k.n.KeyIO           Parsing took 0 ms 
394736     INFO  Test worker     d.u.i.k.n.KeyIO           MODE: declarations took 0 ms 
394736     INFO  Test worker     d.u.i.k.n.KeyIO           Parsing took 0 ms 
394737     INFO  Test worker     d.u.i.k.n.KeyIO           MODE: declarations took 0 ms 
397639     INFO  Test worker     d.u.i.k.n.KeyIO           Parsing took 0 ms 
397639     INFO  Test worker     d.u.i.k.n.KeyIO           MODE: declarations took 0 ms 
397639     INFO  Test worker     d.u.i.k.n.KeyIO           Parsing took 0 ms 
397639     INFO  Test worker     d.u.i.k.n.KeyIO           MODE: declarations took 0 ms 
397639     INFO  Test worker     d.u.i.k.n.KeyIO           Parsing took 0 ms 
397639     INFO  Test worker     d.u.i.k.n.KeyIO           MODE: declarations took 0 ms 
397640     INFO  Test worker     d.u.i.k.n.KeyIO           Parsing took 1 ms 
397640     INFO  Test worker     d.u.i.k.n.KeyIO           MODE: declarations took 0 ms 
397640     INFO  Test worker     d.u.i.k.n.KeyIO           Parsing took 0 ms 
397640     INFO  Test worker     d.u.i.k.n.KeyIO           MODE: declarations took 0 ms 
400536     INFO  Test worker     d.u.i.k.n.KeyIO           Parsing took 1 ms 
400538     INFO  Test worker     d.u.i.k.n.KeyIO           MODE: declarations took 2 ms 
400538     INFO  Test worker     d.u.i.k.n.KeyIO           Parsing took 0 ms 
400540     INFO  Test worker     d.u.i.k.n.KeyIO           MODE: declarations took 2 ms 
400540     INFO  Test worker     d.u.i.k.n.KeyIO           Parsing took 0 ms 
400540     INFO  Test worker     d.u.i.k.n.KeyIO           MODE: declarations took 0 ms 
400540     INFO  Test worker     d.u.i.k.n.KeyIO           Parsing took 0 ms 
400540     INFO  Test worker     d.u.i.k.n.KeyIO           MODE: declarations took 0 ms 
400541     INFO  Test worker     d.u.i.k.n.KeyIO           Parsing took 1 ms 
400541     INFO  Test worker     d.u.i.k.n.KeyIO           MODE: declarations took 0 ms 
403507     INFO  Test worker     d.u.i.k.n.KeyIO           Parsing took 0 ms 
403507     INFO  Test worker     d.u.i.k.n.KeyIO           MODE: declarations took 0 ms 
403507     INFO  Test worker     d.u.i.k.n.KeyIO           Parsing took 0 ms 
403507     INFO  Test worker     d.u.i.k.n.KeyIO           MODE: declarations took 0 ms 
403507     INFO  Test worker     d.u.i.k.n.KeyIO           Parsing took 0 ms 
403507     INFO  Test worker     d.u.i.k.n.KeyIO           MODE: declarations took 0 ms 
403507     INFO  Test worker     d.u.i.k.n.KeyIO           Parsing took 0 ms 
403507     INFO  Test worker     d.u.i.k.n.KeyIO           MODE: declarations took 0 ms 
403507     INFO  Test worker     d.u.i.k.n.KeyIO           Parsing took 0 ms 
403507     INFO  Test worker     d.u.i.k.n.KeyIO           MODE: declarations took 0 ms 
406400     INFO  Test worker     d.u.i.k.n.KeyIO           Parsing took 0 ms 
406400     INFO  Test worker     d.u.i.k.n.KeyIO           MODE: declarations took 0 ms 
406400     INFO  Test worker     d.u.i.k.n.KeyIO           Parsing took 0 ms 
406400     INFO  Test worker     d.u.i.k.n.KeyIO           MODE: declarations took 0 ms 
406400     INFO  Test worker     d.u.i.k.n.KeyIO           Parsing took 0 ms 
406400     INFO  Test worker     d.u.i.k.n.KeyIO           MODE: declarations took 0 ms 
406400     INFO  Test worker     d.u.i.k.n.KeyIO           Parsing took 0 ms 
406400     INFO  Test worker     d.u.i.k.n.KeyIO           MODE: declarations took 0 ms 
406400     INFO  Test worker     d.u.i.k.n.KeyIO           Parsing took 0 ms 
406400     INFO  Test worker     d.u.i.k.n.KeyIO           MODE: declarations took 0 ms 
409323     INFO  Test worker     d.u.i.k.n.KeyIO           Parsing took 0 ms 
409324     INFO  Test worker     d.u.i.k.n.KeyIO           MODE: declarations took 0 ms 
409324     INFO  Test worker     d.u.i.k.n.KeyIO           Parsing took 0 ms 
409324     INFO  Test worker     d.u.i.k.n.KeyIO           MODE: declarations took 0 ms 
409324     INFO  Test worker     d.u.i.k.n.KeyIO           Parsing took 0 ms 
409325     INFO  Test worker     d.u.i.k.n.KeyIO           MODE: declarations took 0 ms 
409325     INFO  Test worker     d.u.i.k.n.KeyIO           Parsing took 0 ms 
409325     INFO  Test worker     d.u.i.k.n.KeyIO           MODE: declarations took 0 ms 
409325     INFO  Test worker     d.u.i.k.n.KeyIO           Parsing took 0 ms 
409325     INFO  Test worker     d.u.i.k.n.KeyIO           MODE: declarations took 0 ms 
412407     INFO  Test worker     d.u.i.k.n.KeyIO           Parsing took 0 ms 
412407     INFO  Test worker     d.u.i.k.n.KeyIO           MODE: declarations took 0 ms 
412407     INFO  Test worker     d.u.i.k.n.KeyIO           Parsing took 0 ms 
412407     INFO  Test worker     d.u.i.k.n.KeyIO           MODE: declarations took 0 ms 
412407     INFO  Test worker     d.u.i.k.n.KeyIO           Parsing took 0 ms 
412407     INFO  Test worker     d.u.i.k.n.KeyIO           MODE: declarations took 0 ms 
412407     INFO  Test worker     d.u.i.k.n.KeyIO           Parsing took 0 ms 
412407     INFO  Test worker     d.u.i.k.n.KeyIO           MODE: declarations took 0 ms 
412407     INFO  Test worker     d.u.i.k.n.KeyIO           Parsing took 0 ms 
412407     INFO  Test worker     d.u.i.k.n.KeyIO           MODE: declarations took 0 ms 
415238     INFO  Test worker     d.u.i.k.n.KeyIO           Parsing took 0 ms 
415238     INFO  Test worker     d.u.i.k.n.KeyIO           MODE: declarations took 0 ms 
415239     INFO  Test worker     d.u.i.k.n.KeyIO           Parsing took 1 ms 
415239     INFO  Test worker     d.u.i.k.n.KeyIO           MODE: declarations took 0 ms 
415239     INFO  Test worker     d.u.i.k.n.KeyIO           Parsing took 0 ms 
415239     INFO  Test worker     d.u.i.k.n.KeyIO           MODE: declarations took 0 ms 
415239     INFO  Test worker     d.u.i.k.n.KeyIO           Parsing took 0 ms 
415239     INFO  Test worker     d.u.i.k.n.KeyIO           MODE: declarations took 0 ms 
415239     INFO  Test worker     d.u.i.k.n.KeyIO           Parsing took 0 ms 
415239     INFO  Test worker     d.u.i.k.n.KeyIO           MODE: declarations took 0 ms 
418100     INFO  Test worker     d.u.i.k.n.KeyIO           Parsing took 0 ms 
418100     INFO  Test worker     d.u.i.k.n.KeyIO           MODE: declarations took 0 ms 
418101     INFO  Test worker     d.u.i.k.n.KeyIO           Parsing took 0 ms 
418101     INFO  Test worker     d.u.i.k.n.KeyIO           MODE: declarations took 0 ms 
418101     INFO  Test worker     d.u.i.k.n.KeyIO           Parsing took 0 ms 
418101     INFO  Test worker     d.u.i.k.n.KeyIO           MODE: declarations took 0 ms 
418101     INFO  Test worker     d.u.i.k.n.KeyIO           Parsing took 0 ms 
418101     INFO  Test worker     d.u.i.k.n.KeyIO           MODE: declarations took 0 ms 
418101     INFO  Test worker     d.u.i.k.n.KeyIO           Parsing took 0 ms 
418101     INFO  Test worker     d.u.i.k.n.KeyIO           MODE: declarations took 0 ms 
]]></system-out>
  <system-err><![CDATA[]]></system-err>
</testsuite>
