<?xml version="1.0" encoding="UTF-8"?>
<testsuite name="de.uka.ilkd.key.parser.TestDeclParser" tests="14" skipped="2" failures="0" errors="0" timestamp="2023-04-04T16:41:25" hostname="fv-az251-622" time="11.212">
  <properties/>
  <testcase name="testGenericSortDecl1()" classname="de.uka.ilkd.key.parser.TestDeclParser" time="1.022"/>
  <testcase name="testGenericSortDecl2()" classname="de.uka.ilkd.key.parser.TestDeclParser" time="0.991"/>
  <testcase name="testGenericSortDecl3()" classname="de.uka.ilkd.key.parser.TestDeclParser" time="0.894"/>
  <testcase name="testGenericSortDecl4()" classname="de.uka.ilkd.key.parser.TestDeclParser" time="0.941"/>
  <testcase name="testGenericSortDecl5()" classname="de.uka.ilkd.key.parser.TestDeclParser" time="0.0">
    <skipped/>
  </testcase>
  <testcase name="testGenericSortDecl6()" classname="de.uka.ilkd.key.parser.TestDeclParser" time="0.864"/>
  <testcase name="testSortDecl()" classname="de.uka.ilkd.key.parser.TestDeclParser" time="0.941"/>
  <testcase name="testProxySortDecl()" classname="de.uka.ilkd.key.parser.TestDeclParser" time="0.863"/>
  <testcase name="testArrayDecl()" classname="de.uka.ilkd.key.parser.TestDeclParser" time="0.946"/>
  <testcase name="testAmbiguousDecls()" classname="de.uka.ilkd.key.parser.TestDeclParser" time="0.0">
    <skipped/>
  </testcase>
  <testcase name="testHeurDecl()" classname="de.uka.ilkd.key.parser.TestDeclParser" time="0.956"/>
  <testcase name="testFunctionDecl()" classname="de.uka.ilkd.key.parser.TestDeclParser" time="0.899"/>
  <testcase name="testPredicateDecl()" classname="de.uka.ilkd.key.parser.TestDeclParser" time="0.969"/>
  <testcase name="testSVDecl()" classname="de.uka.ilkd.key.parser.TestDeclParser" time="0.919"/>
  <system-out><![CDATA[209513     INFO  Test worker     d.u.i.k.n.KeyIO           Parsing took 0 ms 
209514     INFO  Test worker     d.u.i.k.n.KeyIO           MODE: declarations took 0 ms 
210507     INFO  Test worker     d.u.i.k.n.KeyIO           Parsing took 0 ms 
210508     INFO  Test worker     d.u.i.k.n.KeyIO           MODE: declarations took 0 ms 
211401     INFO  Test worker     d.u.i.k.n.KeyIO           Parsing took 0 ms 
211402     INFO  Test worker     d.u.i.k.n.KeyIO           MODE: declarations took 0 ms 
212343     INFO  Test worker     d.u.i.k.n.KeyIO           Parsing took 0 ms 
212343     INFO  Test worker     d.u.i.k.n.KeyIO           MODE: declarations took 0 ms 
213208     INFO  Test worker     d.u.i.k.n.KeyIO           Parsing took 0 ms 
213209     INFO  Test worker     d.u.i.k.n.KeyIO           MODE: declarations took 0 ms 
214150     INFO  Test worker     d.u.i.k.n.KeyIO           Parsing took 0 ms 
214151     INFO  Test worker     d.u.i.k.n.KeyIO           MODE: declarations took 0 ms 
215013     INFO  Test worker     d.u.i.k.n.KeyIO           Parsing took 0 ms 
215014     INFO  Test worker     d.u.i.k.n.KeyIO           MODE: declarations took 1 ms 
215954     INFO  Test worker     d.u.i.k.n.KeyIO           Parsing took 0 ms 
215955     INFO  Test worker     d.u.i.k.n.KeyIO           MODE: declarations took 1 ms 
216916     INFO  Test worker     d.u.i.k.n.KeyIO           Parsing took 0 ms 
216917     INFO  Test worker     d.u.i.k.n.KeyIO           MODE: declarations took 0 ms 
217816     INFO  Test worker     d.u.i.k.n.KeyIO           Parsing took 0 ms 
217816     INFO  Test worker     d.u.i.k.n.KeyIO           MODE: declarations took 0 ms 
218785     INFO  Test worker     d.u.i.k.n.KeyIO           Parsing took 0 ms 
218786     INFO  Test worker     d.u.i.k.n.KeyIO           MODE: declarations took 0 ms 
219703     INFO  Test worker     d.u.i.k.n.KeyIO           Parsing took 0 ms 
219704     INFO  Test worker     d.u.i.k.n.KeyIO           MODE: declarations took 0 ms 
]]></system-out>
  <system-err><![CDATA[]]></system-err>
</testsuite>
