<?xml version="1.0" encoding="UTF-8"?>
<testsuite name="de.uka.ilkd.key.taclettranslation.TestTacletTranslator" tests="5" skipped="0" failures="0" errors="0" timestamp="2023-04-04T16:51:30" hostname="fv-az251-622" time="0.008">
  <properties/>
  <testcase name="testPropositional1()" classname="de.uka.ilkd.key.taclettranslation.TestTacletTranslator" time="0.003"/>
  <testcase name="testPropositional2()" classname="de.uka.ilkd.key.taclettranslation.TestTacletTranslator" time="0.001"/>
  <testcase name="testNegativePolarity()" classname="de.uka.ilkd.key.taclettranslation.TestTacletTranslator" time="0.001"/>
  <testcase name="testNoPolarity()" classname="de.uka.ilkd.key.taclettranslation.TestTacletTranslator" time="0.001"/>
  <testcase name="testPositivePolarity()" classname="de.uka.ilkd.key.taclettranslation.TestTacletTranslator" time="0.001"/>
  <system-out><![CDATA[813958     INFO  Test worker     d.u.i.k.n.KeyIO           Parsing took 0 ms 
813958     INFO  Test worker     d.u.i.k.n.KeyIO           MODE: declarations took 0 ms 
813961     INFO  Test worker     d.u.i.k.n.KeyIO           Parsing took 0 ms 
813961     INFO  Test worker     d.u.i.k.n.KeyIO           MODE: declarations took 0 ms 
813963     INFO  Test worker     d.u.i.k.n.KeyIO           Parsing took 0 ms 
813963     INFO  Test worker     d.u.i.k.n.KeyIO           MODE: declarations took 0 ms 
813964     INFO  Test worker     d.u.i.k.n.KeyIO           Parsing took 0 ms 
813964     INFO  Test worker     d.u.i.k.n.KeyIO           MODE: declarations took 0 ms 
813965     INFO  Test worker     d.u.i.k.n.KeyIO           Parsing took 0 ms 
813965     INFO  Test worker     d.u.i.k.n.KeyIO           MODE: declarations took 0 ms 
]]></system-out>
  <system-err><![CDATA[]]></system-err>
</testsuite>
