<?xml version="1.0" encoding="UTF-8"?>
<testsuite name="de.uka.ilkd.key.logic.TestClashFreeSubst" tests="14" skipped="2" failures="0" errors="0" timestamp="2023-04-04T16:38:32" hostname="fv-az251-622" time="49.552">
  <properties/>
  <testcase name="testMultiShareBound()" classname="de.uka.ilkd.key.logic.TestClashFreeSubst" time="0.986"/>
  <testcase name="testClash()" classname="de.uka.ilkd.key.logic.TestClashFreeSubst" time="0.903"/>
  <testcase name="testShare()" classname="de.uka.ilkd.key.logic.TestClashFreeSubst" time="0.96"/>
  <testcase name="testSubst()" classname="de.uka.ilkd.key.logic.TestClashFreeSubst" time="0.984"/>
  <testcase name="testWary0()" classname="de.uka.ilkd.key.logic.TestClashFreeSubst" time="0.941"/>
  <testcase name="testWary1()" classname="de.uka.ilkd.key.logic.TestClashFreeSubst" time="0.933"/>
  <testcase name="testWary2()" classname="de.uka.ilkd.key.logic.TestClashFreeSubst" time="0.907"/>
  <testcase name="testClashInSubstTerm()" classname="de.uka.ilkd.key.logic.TestClashFreeSubst" time="0.88"/>
  <testcase name="testShareWary()" classname="de.uka.ilkd.key.logic.TestClashFreeSubst" time="0.936"/>
  <testcase name="testMultiSubst()" classname="de.uka.ilkd.key.logic.TestClashFreeSubst" time="0.889"/>
  <testcase name="xtestMultiClash()" classname="de.uka.ilkd.key.logic.TestClashFreeSubst" time="0.0">
    <skipped/>
  </testcase>
  <testcase name="testSubstInSubstTerm()" classname="de.uka.ilkd.key.logic.TestClashFreeSubst" time="0.883"/>
  <testcase name="testSubstWary()" classname="de.uka.ilkd.key.logic.TestClashFreeSubst" time="0.885"/>
  <testcase name="xtestMultiClash1()" classname="de.uka.ilkd.key.logic.TestClashFreeSubst" time="0.0">
    <skipped/>
  </testcase>
  <system-out><![CDATA[35641      INFO  Test worker     d.u.i.k.n.KeyIO           Parsing took 0 ms 
35645      INFO  Test worker     d.u.i.k.n.KeyIO           MODE: declarations took 0 ms 
36618      INFO  Test worker     d.u.i.k.n.KeyIO           Parsing took 0 ms 
36619      INFO  Test worker     d.u.i.k.n.KeyIO           MODE: declarations took 0 ms 
39860      INFO  Test worker     d.u.i.k.n.KeyIO           Parsing took 1 ms 
39861      INFO  Test worker     d.u.i.k.n.KeyIO           MODE: declarations took 1 ms 
40753      INFO  Test worker     d.u.i.k.n.KeyIO           Parsing took 1 ms 
40754      INFO  Test worker     d.u.i.k.n.KeyIO           MODE: declarations took 0 ms 
43883      INFO  Test worker     d.u.i.k.n.KeyIO           Parsing took 0 ms 
43884      INFO  Test worker     d.u.i.k.n.KeyIO           MODE: declarations took 0 ms 
44839      INFO  Test worker     d.u.i.k.n.KeyIO           Parsing took 0 ms 
44840      INFO  Test worker     d.u.i.k.n.KeyIO           MODE: declarations took 0 ms 
47809      INFO  Test worker     d.u.i.k.n.KeyIO           Parsing took 0 ms 
47810      INFO  Test worker     d.u.i.k.n.KeyIO           MODE: declarations took 0 ms 
48790      INFO  Test worker     d.u.i.k.n.KeyIO           Parsing took 0 ms 
48790      INFO  Test worker     d.u.i.k.n.KeyIO           MODE: declarations took 0 ms 
51732      INFO  Test worker     d.u.i.k.n.KeyIO           Parsing took 0 ms 
51733      INFO  Test worker     d.u.i.k.n.KeyIO           MODE: declarations took 1 ms 
52669      INFO  Test worker     d.u.i.k.n.KeyIO           Parsing took 0 ms 
52670      INFO  Test worker     d.u.i.k.n.KeyIO           MODE: declarations took 0 ms 
55608      INFO  Test worker     d.u.i.k.n.KeyIO           Parsing took 0 ms 
55609      INFO  Test worker     d.u.i.k.n.KeyIO           MODE: declarations took 0 ms 
56539      INFO  Test worker     d.u.i.k.n.KeyIO           Parsing took 0 ms 
56539      INFO  Test worker     d.u.i.k.n.KeyIO           MODE: declarations took 0 ms 
59620      INFO  Test worker     d.u.i.k.n.KeyIO           Parsing took 0 ms 
59620      INFO  Test worker     d.u.i.k.n.KeyIO           MODE: declarations took 0 ms 
60516      INFO  Test worker     d.u.i.k.n.KeyIO           Parsing took 1 ms 
60523      INFO  Test worker     d.u.i.k.n.KeyIO           MODE: declarations took 7 ms 
63408      INFO  Test worker     d.u.i.k.n.KeyIO           Parsing took 0 ms 
63409      INFO  Test worker     d.u.i.k.n.KeyIO           MODE: declarations took 1 ms 
64285      INFO  Test worker     d.u.i.k.n.KeyIO           Parsing took 0 ms 
64285      INFO  Test worker     d.u.i.k.n.KeyIO           MODE: declarations took 0 ms 
67220      INFO  Test worker     d.u.i.k.n.KeyIO           Parsing took 0 ms 
67220      INFO  Test worker     d.u.i.k.n.KeyIO           MODE: declarations took 0 ms 
68154      INFO  Test worker     d.u.i.k.n.KeyIO           Parsing took 0 ms 
68154      INFO  Test worker     d.u.i.k.n.KeyIO           MODE: declarations took 0 ms 
71071      INFO  Test worker     d.u.i.k.n.KeyIO           Parsing took 0 ms 
71071      INFO  Test worker     d.u.i.k.n.KeyIO           MODE: declarations took 0 ms 
71957      INFO  Test worker     d.u.i.k.n.KeyIO           Parsing took 0 ms 
71957      INFO  Test worker     d.u.i.k.n.KeyIO           MODE: declarations took 0 ms 
77674      INFO  Test worker     d.u.i.k.n.KeyIO           Parsing took 0 ms 
77674      INFO  Test worker     d.u.i.k.n.KeyIO           MODE: declarations took 0 ms 
78553      INFO  Test worker     d.u.i.k.n.KeyIO           Parsing took 0 ms 
78553      INFO  Test worker     d.u.i.k.n.KeyIO           MODE: declarations took 0 ms 
81442      INFO  Test worker     d.u.i.k.n.KeyIO           Parsing took 0 ms 
81442      INFO  Test worker     d.u.i.k.n.KeyIO           MODE: declarations took 0 ms 
82323      INFO  Test worker     d.u.i.k.n.KeyIO           Parsing took 0 ms 
82324      INFO  Test worker     d.u.i.k.n.KeyIO           MODE: declarations took 0 ms 
]]></system-out>
  <system-err><![CDATA[]]></system-err>
</testsuite>
