<?xml version="1.0" encoding="UTF-8"?>
<testsuite name="de.uka.ilkd.key.parser.TestTacletParser" tests="20" skipped="0" failures="0" errors="0" timestamp="2023-04-04T16:42:55" hostname="fv-az251-622" time="0.154">
  <properties/>
  <testcase name="testAllRight()" classname="de.uka.ilkd.key.parser.TestTacletParser" time="0.005"/>
  <testcase name="testSchemaJava0()" classname="de.uka.ilkd.key.parser.TestTacletParser" time="0.005"/>
  <testcase name="testSchemaJava1()" classname="de.uka.ilkd.key.parser.TestTacletParser" time="0.012"/>
  <testcase name="testSchemaJava2()" classname="de.uka.ilkd.key.parser.TestTacletParser" time="0.011"/>
  <testcase name="testSchemaJava4()" classname="de.uka.ilkd.key.parser.TestTacletParser" time="0.017"/>
  <testcase name="testSchemaJava6()" classname="de.uka.ilkd.key.parser.TestTacletParser" time="0.008"/>
  <testcase name="testSchemaJava8()" classname="de.uka.ilkd.key.parser.TestTacletParser" time="0.007"/>
  <testcase name="testCut()" classname="de.uka.ilkd.key.parser.TestTacletParser" time="0.003"/>
  <testcase name="testMakeInsertEq()" classname="de.uka.ilkd.key.parser.TestTacletParser" time="0.003"/>
  <testcase name="testAllLeft()" classname="de.uka.ilkd.key.parser.TestTacletParser" time="0.003"/>
  <testcase name="testClose()" classname="de.uka.ilkd.key.parser.TestTacletParser" time="0.004"/>
  <testcase name="testSchemaJava10()" classname="de.uka.ilkd.key.parser.TestTacletParser" time="0.003"/>
  <testcase name="testSchemaJava11()" classname="de.uka.ilkd.key.parser.TestTacletParser" time="0.015"/>
  <testcase name="testFIdempotent()" classname="de.uka.ilkd.key.parser.TestTacletParser" time="0.004"/>
  <testcase name="testImpRight()" classname="de.uka.ilkd.key.parser.TestTacletParser" time="0.004"/>
  <testcase name="testVarcondNew()" classname="de.uka.ilkd.key.parser.TestTacletParser" time="0.013"/>
  <testcase name="testFreeReplacewithVariables()" classname="de.uka.ilkd.key.parser.TestTacletParser" time="0.004"/>
  <testcase name="testImpLeft()" classname="de.uka.ilkd.key.parser.TestTacletParser" time="0.003"/>
  <testcase name="testContraposition()" classname="de.uka.ilkd.key.parser.TestTacletParser" time="0.004"/>
  <testcase name="testExConjSplit()" classname="de.uka.ilkd.key.parser.TestTacletParser" time="0.012"/>
  <system-out><![CDATA[298741     INFO  Test worker     d.u.i.k.n.KeyIO           Parsing took 0 ms 
298742     INFO  Test worker     d.u.i.k.n.KeyIO           MODE: declarations took 0 ms 
298744     INFO  Test worker     d.u.i.k.n.KeyIO           Parsing took 1 ms 
298744     INFO  Test worker     d.u.i.k.n.KeyIO           MODE: declarations took 0 ms 
298746     INFO  Test worker     d.u.i.k.n.KeyIO           Parsing took 0 ms 
298746     INFO  Test worker     d.u.i.k.n.KeyIO           MODE: declarations took 0 ms 
298747     INFO  Test worker     d.u.i.k.n.KeyIO           Parsing took 0 ms 
298748     INFO  Test worker     d.u.i.k.n.KeyIO           MODE: declarations took 0 ms 
298751     INFO  Test worker     d.u.i.k.n.KeyIO           Parsing took 0 ms 
298751     INFO  Test worker     d.u.i.k.n.KeyIO           MODE: declarations took 0 ms 
298753     WARN  Test worker     d.u.i.k.n.KeYParser       [syntax-error] <unknown>:2:21: extraneous input '<' expecting {MODALITY, FORALL, EXISTS, '\if', '\ifEx', 'true', 'false', '(', ')', '{', '@', NOT, '-', STRING_LITERAL, CHAR_LITERAL, BIN_LITERAL, HEX_LITERAL, IDENT, INT_LITERAL, FLOAT_LITERAL, DOUBLE_LITERAL, REAL_LITERAL} [@12,22:22='<',<174>,2:21] (argument_list, call, accessterm, primitive_term, primitive_labeled_term, bracket_term, atom_prefix, strong_arith_term_2, strong_arith_term_1, weak_arith_term, comparison_term, equality_term, term60, conjunction_term, disjunction_term, implication_term, equivalence_term, elementary_update_term, parallel_term, term, taclet, rulesOrAxioms, decls, file) 
298757     WARN  Test worker     d.u.i.k.n.KeYParser       [syntax-error] <unknown>:2:23: no viable alternative at input '{..' [@14,24:25='..',<145>,2:23] (atom_prefix, strong_arith_term_2, strong_arith_term_1, weak_arith_term, comparison_term, equality_term, term60, conjunction_term, disjunction_term, implication_term, equivalence_term, elementary_update_term, parallel_term, term, argument_list, call, accessterm, primitive_term, primitive_labeled_term, bracket_term, atom_prefix, strong_arith_term_2, strong_arith_term_1, weak_arith_term, comparison_term, equality_term, term60, conjunction_term, disjunction_term, implication_term, equivalence_term, elementary_update_term, parallel_term, term, taclet, rulesOrAxioms, decls, file) 
298758     WARN  Test worker     d.u.i.k.n.KeYParser       [syntax-error] <unknown>:2:33: mismatched input ';' expecting {',', ')'} [@21,34:34=';',<139>,2:33] (argument_list, call, accessterm, primitive_term, primitive_labeled_term, bracket_term, atom_prefix, strong_arith_term_2, strong_arith_term_1, weak_arith_term, comparison_term, equality_term, term60, conjunction_term, disjunction_term, implication_term, equivalence_term, elementary_update_term, parallel_term, term, taclet, rulesOrAxioms, decls, file) 
298759     WARN  Test worker     d.u.i.k.n.KeYParser       [syntax-error] <unknown>:2:41: no viable alternative at input '#i;' [@26,42:42=';',<139>,2:41] (option_list, taclet, rulesOrAxioms, decls, file) 
298760     WARN  Test worker     d.u.i.k.n.KeYParser       [syntax-error] <unknown>:2:43: mismatched input '<' expecting {'(', '{'} [@28,44:44='<',<174>,2:43] (taclet, rulesOrAxioms, decls, file) 
298761     WARN  Test worker     d.u.i.k.n.KeYParser       [syntax-error] <unknown>:2:47: mismatched input '+' expecting {'(', '{'} [@32,48:48='+',<168>,2:47] (taclet, rulesOrAxioms, decls, file) 
298761     WARN  Test worker     d.u.i.k.n.KeYParser       [syntax-error] <unknown>:2:52: extraneous input '..' expecting {'\lemma', '}', IDENT, '/*!'} [@37,53:54='..',<145>,2:52] (rulesOrAxioms, decls, file) 
298761     WARN  Test worker     d.u.i.k.n.KeYParser       [syntax-error] <unknown>:2:56: mismatched input '>' expecting {<EOF>, '\problem', '\chooseContract', '\proofObligation', '\proof'} [@40,57:57='>',<169>,2:56] (file) 
298766     INFO  Test worker     d.u.i.k.n.KeyIO           Parsing took 3 ms 
298767     INFO  Test worker     d.u.i.k.n.KeyIO           MODE: declarations took 0 ms 
298768     WARN  Test worker     d.u.i.k.n.KeYParser       [syntax-error] <unknown>:2:21: extraneous input '<' expecting {MODALITY, FORALL, EXISTS, '\if', '\ifEx', 'true', 'false', '(', ')', '{', '@', NOT, '-', STRING_LITERAL, CHAR_LITERAL, BIN_LITERAL, HEX_LITERAL, IDENT, INT_LITERAL, FLOAT_LITERAL, DOUBLE_LITERAL, REAL_LITERAL} [@12,22:22='<',<174>,2:21] (argument_list, call, accessterm, primitive_term, primitive_labeled_term, bracket_term, atom_prefix, strong_arith_term_2, strong_arith_term_1, weak_arith_term, comparison_term, equality_term, term60, conjunction_term, disjunction_term, implication_term, equivalence_term, elementary_update_term, parallel_term, term, taclet, rulesOrAxioms, decls, file) 
298770     WARN  Test worker     d.u.i.k.n.KeYParser       [syntax-error] <unknown>:2:23: no viable alternative at input '{..' [@14,24:25='..',<145>,2:23] (atom_prefix, strong_arith_term_2, strong_arith_term_1, weak_arith_term, comparison_term, equality_term, term60, conjunction_term, disjunction_term, implication_term, equivalence_term, elementary_update_term, parallel_term, term, argument_list, call, accessterm, primitive_term, primitive_labeled_term, bracket_term, atom_prefix, strong_arith_term_2, strong_arith_term_1, weak_arith_term, comparison_term, equality_term, term60, conjunction_term, disjunction_term, implication_term, equivalence_term, elementary_update_term, parallel_term, term, taclet, rulesOrAxioms, decls, file) 
298770     WARN  Test worker     d.u.i.k.n.KeYParser       [syntax-error] <unknown>:2:33: mismatched input ';' expecting {',', ')'} [@21,34:34=';',<139>,2:33] (argument_list, call, accessterm, primitive_term, primitive_labeled_term, bracket_term, atom_prefix, strong_arith_term_2, strong_arith_term_1, weak_arith_term, comparison_term, equality_term, term60, conjunction_term, disjunction_term, implication_term, equivalence_term, elementary_update_term, parallel_term, term, taclet, rulesOrAxioms, decls, file) 
298771     WARN  Test worker     d.u.i.k.n.KeYParser       [syntax-error] <unknown>:2:43: no viable alternative at input '#lab;' [@26,44:44=';',<139>,2:43] (option_list, taclet, rulesOrAxioms, decls, file) 
298771     WARN  Test worker     d.u.i.k.n.KeYParser       [syntax-error] <unknown>:2:45: mismatched input '<' expecting {'(', '{'} [@28,46:46='<',<174>,2:45] (taclet, rulesOrAxioms, decls, file) 
298772     WARN  Test worker     d.u.i.k.n.KeYParser       [syntax-error] <unknown>:2:50: mismatched input '+' expecting {'(', '{'} [@32,51:51='+',<168>,2:50] (taclet, rulesOrAxioms, decls, file) 
298772     WARN  Test worker     d.u.i.k.n.KeYParser       [syntax-error] <unknown>:2:56: extraneous input '..' expecting {'\lemma', '}', IDENT, '/*!'} [@38,57:58='..',<145>,2:56] (rulesOrAxioms, decls, file) 
298773     WARN  Test worker     d.u.i.k.n.KeYParser       [syntax-error] <unknown>:2:60: mismatched input '>' expecting {<EOF>, '\problem', '\chooseContract', '\proofObligation', '\proof'} [@41,61:61='>',<169>,2:60] (file) 
298775     INFO  Test worker     d.u.i.k.n.KeyIO           Parsing took 0 ms 
298776     INFO  Test worker     d.u.i.k.n.KeyIO           MODE: declarations took 0 ms 
298778     INFO  Test worker     d.u.i.k.n.KeyIO           Parsing took 1 ms 
298778     INFO  Test worker     d.u.i.k.n.KeyIO           MODE: declarations took 0 ms 
298794     INFO  Test worker     d.u.i.k.n.KeyIO           Parsing took 1 ms 
298795     INFO  Test worker     d.u.i.k.n.KeyIO           MODE: declarations took 0 ms 
298797     INFO  Test worker     d.u.i.k.n.KeyIO           Parsing took 0 ms 
298798     INFO  Test worker     d.u.i.k.n.KeyIO           MODE: declarations took 0 ms 
298801     INFO  Test worker     d.u.i.k.n.KeyIO           Parsing took 0 ms 
298802     INFO  Test worker     d.u.i.k.n.KeyIO           MODE: declarations took 0 ms 
298806     INFO  Test worker     d.u.i.k.n.KeyIO           Parsing took 3 ms 
298807     INFO  Test worker     d.u.i.k.n.KeyIO           MODE: declarations took 0 ms 
298809     INFO  Test worker     d.u.i.k.n.KeyIO           Parsing took 1 ms 
298809     INFO  Test worker     d.u.i.k.n.KeyIO           MODE: declarations took 0 ms 
298810     INFO  Test worker     d.u.i.k.n.KeyIO           Parsing took 0 ms 
298810     INFO  Test worker     d.u.i.k.n.KeyIO           MODE: declarations took 0 ms 
298816     INFO  Test worker     d.u.i.k.n.KeyIO           Parsing took 0 ms 
298817     INFO  Test worker     d.u.i.k.n.KeyIO           MODE: declarations took 0 ms 
298818     INFO  Test worker     d.u.i.k.n.KeyIO           Parsing took 0 ms 
298818     INFO  Test worker     d.u.i.k.n.KeyIO           MODE: declarations took 0 ms 
298820     INFO  Test worker     d.u.i.k.n.KeyIO           Parsing took 0 ms 
298820     INFO  Test worker     d.u.i.k.n.KeyIO           MODE: declarations took 0 ms 
298821     INFO  Test worker     d.u.i.k.n.KeyIO           Parsing took 0 ms 
298822     INFO  Test worker     d.u.i.k.n.KeyIO           MODE: declarations took 0 ms 
298823     INFO  Test worker     d.u.i.k.n.KeyIO           Parsing took 0 ms 
298824     INFO  Test worker     d.u.i.k.n.KeyIO           MODE: declarations took 1 ms 
298824     INFO  Test worker     d.u.i.k.n.KeyIO           Parsing took 0 ms 
298825     INFO  Test worker     d.u.i.k.n.KeyIO           MODE: declarations took 0 ms 
298828     INFO  Test worker     d.u.i.k.n.KeyIO           Parsing took 0 ms 
298829     INFO  Test worker     d.u.i.k.n.KeyIO           MODE: declarations took 0 ms 
298830     INFO  Test worker     d.u.i.k.n.KeyIO           Parsing took 1 ms 
298830     INFO  Test worker     d.u.i.k.n.KeyIO           MODE: declarations took 0 ms 
298833     INFO  Test worker     d.u.i.k.n.KeyIO           Parsing took 1 ms 
298834     INFO  Test worker     d.u.i.k.n.KeyIO           MODE: declarations took 0 ms 
298844     INFO  Test worker     d.u.i.k.n.KeyIO           Parsing took 7 ms 
298844     INFO  Test worker     d.u.i.k.n.KeyIO           MODE: declarations took 0 ms 
298849     INFO  Test worker     d.u.i.k.n.KeyIO           Parsing took 0 ms 
298850     INFO  Test worker     d.u.i.k.n.KeyIO           MODE: declarations took 0 ms 
298851     INFO  Test worker     d.u.i.k.n.KeyIO           Parsing took 0 ms 
298851     INFO  Test worker     d.u.i.k.n.KeyIO           MODE: declarations took 0 ms 
298853     INFO  Test worker     d.u.i.k.n.KeyIO           Parsing took 0 ms 
298853     INFO  Test worker     d.u.i.k.n.KeyIO           MODE: declarations took 0 ms 
298855     INFO  Test worker     d.u.i.k.n.KeyIO           Parsing took 1 ms 
298855     INFO  Test worker     d.u.i.k.n.KeyIO           MODE: declarations took 0 ms 
298859     INFO  Test worker     d.u.i.k.n.KeyIO           Parsing took 0 ms 
298860     INFO  Test worker     d.u.i.k.n.KeyIO           MODE: declarations took 0 ms 
298863     INFO  Test worker     d.u.i.k.n.KeyIO           Parsing took 1 ms 
298866     INFO  Test worker     d.u.i.k.n.KeyIO           MODE: declarations took 0 ms 
298868     INFO  Test worker     d.u.i.k.n.KeyIO           Parsing took 0 ms 
298868     INFO  Test worker     d.u.i.k.n.KeyIO           MODE: declarations took 0 ms 
298871     INFO  Test worker     d.u.i.k.n.KeyIO           Parsing took 0 ms 
298871     INFO  Test worker     d.u.i.k.n.KeyIO           MODE: declarations took 0 ms 
298872     INFO  Test worker     d.u.i.k.n.KeyIO           Parsing took 0 ms 
298872     INFO  Test worker     d.u.i.k.n.KeyIO           MODE: declarations took 0 ms 
298875     INFO  Test worker     d.u.i.k.n.KeyIO           Parsing took 0 ms 
298875     INFO  Test worker     d.u.i.k.n.KeyIO           MODE: declarations took 0 ms 
298876     INFO  Test worker     d.u.i.k.n.KeyIO           Parsing took 0 ms 
298877     INFO  Test worker     d.u.i.k.n.KeyIO           MODE: declarations took 0 ms 
298879     INFO  Test worker     d.u.i.k.n.KeyIO           Parsing took 0 ms 
298880     INFO  Test worker     d.u.i.k.n.KeyIO           MODE: declarations took 0 ms 
298881     INFO  Test worker     d.u.i.k.n.KeyIO           Parsing took 0 ms 
298881     INFO  Test worker     d.u.i.k.n.KeyIO           MODE: declarations took 0 ms 
298890     INFO  Test worker     d.u.i.k.n.KeyIO           Parsing took 7 ms 
298890     INFO  Test worker     d.u.i.k.n.KeyIO           MODE: declarations took 0 ms 
298892     INFO  Test worker     d.u.i.k.n.KeyIO           Parsing took 0 ms 
298893     INFO  Test worker     d.u.i.k.n.KeyIO           MODE: declarations took 0 ms 
]]></system-out>
  <system-err><![CDATA[]]></system-err>
</testsuite>
