<?xml version="1.0" encoding="UTF-8"?>
<testsuite name="de.uka.ilkd.key.proof_references.testcase.analyst.TestProgramVariableReferencesAnalyst" tests="63" skipped="0" failures="0" errors="0" timestamp="2023-04-02T13:10:55" hostname="fv-az203-458" time="220.81">
  <properties/>
  <testcase name="testAssignments_decrementEnd()" classname="de.uka.ilkd.key.proof_references.testcase.analyst.TestProgramVariableReferencesAnalyst" time="3.655"/>
  <testcase name="testConditionalsAndOther_ifEquals()" classname="de.uka.ilkd.key.proof_references.testcase.analyst.TestProgramVariableReferencesAnalyst" time="3.882"/>
  <testcase name="testConditionalsAndOther_doWhileEquals()" classname="de.uka.ilkd.key.proof_references.testcase.analyst.TestProgramVariableReferencesAnalyst" time="3.602"/>
  <testcase name="testVariableDeclarationAssign()" classname="de.uka.ilkd.key.proof_references.testcase.analyst.TestProgramVariableReferencesAnalyst" time="3.444"/>
  <testcase name="testConditionalsAndOther_forEquals()" classname="de.uka.ilkd.key.proof_references.testcase.analyst.TestProgramVariableReferencesAnalyst" time="3.648"/>
  <testcase name="testAssignments_assignmentWithSelf()" classname="de.uka.ilkd.key.proof_references.testcase.analyst.TestProgramVariableReferencesAnalyst" time="3.612"/>
  <testcase name="testConditionalsAndOther_ifGreaterEquals()" classname="de.uka.ilkd.key.proof_references.testcase.analyst.TestProgramVariableReferencesAnalyst" time="3.839"/>
  <testcase name="testAssignments_incrementBegin()" classname="de.uka.ilkd.key.proof_references.testcase.analyst.TestProgramVariableReferencesAnalyst" time="3.898"/>
  <testcase name="testActiveUseStaticFieldWriteAccess2()" classname="de.uka.ilkd.key.proof_references.testcase.analyst.TestProgramVariableReferencesAnalyst" time="3.434"/>
  <testcase name="testConditionalsAndOther_returnBoolean()" classname="de.uka.ilkd.key.proof_references.testcase.analyst.TestProgramVariableReferencesAnalyst" time="3.543"/>
  <testcase name="testConditionalsAndOther_whileEquals()" classname="de.uka.ilkd.key.proof_references.testcase.analyst.TestProgramVariableReferencesAnalyst" time="3.574"/>
  <testcase name="testConditionalsAndOther_questionLess()" classname="de.uka.ilkd.key.proof_references.testcase.analyst.TestProgramVariableReferencesAnalyst" time="3.557"/>
  <testcase name="testAssignment_to_primitive_array_component()" classname="de.uka.ilkd.key.proof_references.testcase.analyst.TestProgramVariableReferencesAnalyst" time="3.522"/>
  <testcase name="testAssignments_incrementArrayEnd()" classname="de.uka.ilkd.key.proof_references.testcase.analyst.TestProgramVariableReferencesAnalyst" time="3.616"/>
  <testcase name="testConditionalsAndOther_doWhileBoolean()" classname="de.uka.ilkd.key.proof_references.testcase.analyst.TestProgramVariableReferencesAnalyst" time="3.563"/>
  <testcase name="testConditionalsAndOther_returnEquals()" classname="de.uka.ilkd.key.proof_references.testcase.analyst.TestProgramVariableReferencesAnalyst" time="3.487"/>
  <testcase name="testActiveUseStaticFieldReadAccess2()" classname="de.uka.ilkd.key.proof_references.testcase.analyst.TestProgramVariableReferencesAnalyst" time="3.279"/>
  <testcase name="testAssignments_decrementBegin()" classname="de.uka.ilkd.key.proof_references.testcase.analyst.TestProgramVariableReferencesAnalyst" time="3.628"/>
  <testcase name="testConditionalsAndOther_switchInt()" classname="de.uka.ilkd.key.proof_references.testcase.analyst.TestProgramVariableReferencesAnalyst" time="3.397"/>
  <testcase name="testConditionalsAndOther_questionGreaterEquals()" classname="de.uka.ilkd.key.proof_references.testcase.analyst.TestProgramVariableReferencesAnalyst" time="3.482"/>
  <testcase name="testConditionalsAndOther_returnComplex()" classname="de.uka.ilkd.key.proof_references.testcase.analyst.TestProgramVariableReferencesAnalyst" time="3.678"/>
  <testcase name="testConditionalsAndOther_ifLess()" classname="de.uka.ilkd.key.proof_references.testcase.analyst.TestProgramVariableReferencesAnalyst" time="3.622"/>
  <testcase name="testEval_order_array_access5()" classname="de.uka.ilkd.key.proof_references.testcase.analyst.TestProgramVariableReferencesAnalyst" time="3.295"/>
  <testcase name="testAssignments_incrementEnd()" classname="de.uka.ilkd.key.proof_references.testcase.analyst.TestProgramVariableReferencesAnalyst" time="3.487"/>
  <testcase name="testConditionalsAndOther_forBoolean()" classname="de.uka.ilkd.key.proof_references.testcase.analyst.TestProgramVariableReferencesAnalyst" time="3.398"/>
  <testcase name="testAssignment_read_attribute()" classname="de.uka.ilkd.key.proof_references.testcase.analyst.TestProgramVariableReferencesAnalyst" time="3.269"/>
  <testcase name="testConditionalsAndOther_whileBoolean()" classname="de.uka.ilkd.key.proof_references.testcase.analyst.TestProgramVariableReferencesAnalyst" time="3.405"/>
  <testcase name="testArrayLength()" classname="de.uka.ilkd.key.proof_references.testcase.analyst.TestProgramVariableReferencesAnalyst" time="3.527"/>
  <testcase name="testAssignments_assign()" classname="de.uka.ilkd.key.proof_references.testcase.analyst.TestProgramVariableReferencesAnalyst" time="3.423"/>
  <testcase name="testAssignments_incrementArrayBegin()" classname="de.uka.ilkd.key.proof_references.testcase.analyst.TestProgramVariableReferencesAnalyst" time="3.672"/>
  <testcase name="testAssignment()" classname="de.uka.ilkd.key.proof_references.testcase.analyst.TestProgramVariableReferencesAnalyst" time="3.383"/>
  <testcase name="testConditionalsAndOther_ifBoolean()" classname="de.uka.ilkd.key.proof_references.testcase.analyst.TestProgramVariableReferencesAnalyst" time="3.487"/>
  <testcase name="testAssignment_read_length()" classname="de.uka.ilkd.key.proof_references.testcase.analyst.TestProgramVariableReferencesAnalyst" time="3.269"/>
  <testcase name="testConditionalsAndOther_questionNotEquals()" classname="de.uka.ilkd.key.proof_references.testcase.analyst.TestProgramVariableReferencesAnalyst" time="3.323"/>
  <testcase name="testAssignments_decrementArrayBegin()" classname="de.uka.ilkd.key.proof_references.testcase.analyst.TestProgramVariableReferencesAnalyst" time="3.699"/>
  <testcase name="testConditionalsAndOther_ifGreater()" classname="de.uka.ilkd.key.proof_references.testcase.analyst.TestProgramVariableReferencesAnalyst" time="3.563"/>
  <testcase name="testConditionalsAndOther_questionIncrementsAndDecrements()" classname="de.uka.ilkd.key.proof_references.testcase.analyst.TestProgramVariableReferencesAnalyst" time="3.82"/>
  <testcase name="testAssignment_write_static_attribute()" classname="de.uka.ilkd.key.proof_references.testcase.analyst.TestProgramVariableReferencesAnalyst" time="3.319"/>
  <testcase name="testConditionalsAndOther_questionBoolean()" classname="de.uka.ilkd.key.proof_references.testcase.analyst.TestProgramVariableReferencesAnalyst" time="3.517"/>
  <testcase name="testConditionalsAndOther_ifLessEquals()" classname="de.uka.ilkd.key.proof_references.testcase.analyst.TestProgramVariableReferencesAnalyst" time="3.456"/>
  <testcase name="testConditionalsAndOther_questionGreater()" classname="de.uka.ilkd.key.proof_references.testcase.analyst.TestProgramVariableReferencesAnalyst" time="3.457"/>
  <testcase name="testEval_order_access4()" classname="de.uka.ilkd.key.proof_references.testcase.analyst.TestProgramVariableReferencesAnalyst" time="3.314"/>
  <testcase name="testAssignment_to_reference_array_component()" classname="de.uka.ilkd.key.proof_references.testcase.analyst.TestProgramVariableReferencesAnalyst" time="3.414"/>
  <testcase name="testAssignments_decrementArrayEnd()" classname="de.uka.ilkd.key.proof_references.testcase.analyst.TestProgramVariableReferencesAnalyst" time="3.693"/>
  <testcase name="testAssignments_add()" classname="de.uka.ilkd.key.proof_references.testcase.analyst.TestProgramVariableReferencesAnalyst" time="3.539"/>
  <testcase name="testAssignments_div()" classname="de.uka.ilkd.key.proof_references.testcase.analyst.TestProgramVariableReferencesAnalyst" time="3.605"/>
  <testcase name="testAssignments_mod()" classname="de.uka.ilkd.key.proof_references.testcase.analyst.TestProgramVariableReferencesAnalyst" time="3.582"/>
  <testcase name="testAssignments_mul()" classname="de.uka.ilkd.key.proof_references.testcase.analyst.TestProgramVariableReferencesAnalyst" time="3.507"/>
  <testcase name="testAssignments_sub()" classname="de.uka.ilkd.key.proof_references.testcase.analyst.TestProgramVariableReferencesAnalyst" time="3.668"/>
  <testcase name="testAssignments_nestedValueAdd()" classname="de.uka.ilkd.key.proof_references.testcase.analyst.TestProgramVariableReferencesAnalyst" time="3.666"/>
  <testcase name="testAssignments_nestedArray()" classname="de.uka.ilkd.key.proof_references.testcase.analyst.TestProgramVariableReferencesAnalyst" time="3.663"/>
  <testcase name="testAssignments_nestedValue()" classname="de.uka.ilkd.key.proof_references.testcase.analyst.TestProgramVariableReferencesAnalyst" time="3.6"/>
  <testcase name="testConditionalsAndOther_methodCallAssignment()" classname="de.uka.ilkd.key.proof_references.testcase.analyst.TestProgramVariableReferencesAnalyst" time="3.431"/>
  <testcase name="testConditionalsAndOther_questionEquals()" classname="de.uka.ilkd.key.proof_references.testcase.analyst.TestProgramVariableReferencesAnalyst" time="3.281"/>
  <testcase name="testConditionalsAndOther_ifIncrementsAndDecrements()" classname="de.uka.ilkd.key.proof_references.testcase.analyst.TestProgramVariableReferencesAnalyst" time="3.592"/>
  <testcase name="testConditionalsAndOther_ifNotEquals()" classname="de.uka.ilkd.key.proof_references.testcase.analyst.TestProgramVariableReferencesAnalyst" time="3.289"/>
  <testcase name="testAssignment_write_attribute()" classname="de.uka.ilkd.key.proof_references.testcase.analyst.TestProgramVariableReferencesAnalyst" time="3.107"/>
  <testcase name="testConditionalsAndOther_methodCallConditional()" classname="de.uka.ilkd.key.proof_references.testcase.analyst.TestProgramVariableReferencesAnalyst" time="3.365"/>
  <testcase name="testConditionalsAndOther_questionLessEquals()" classname="de.uka.ilkd.key.proof_references.testcase.analyst.TestProgramVariableReferencesAnalyst" time="3.486"/>
  <testcase name="testConditionalsAndOther_throwsNestedException()" classname="de.uka.ilkd.key.proof_references.testcase.analyst.TestProgramVariableReferencesAnalyst" time="3.435"/>
  <testcase name="testConditionalsAndOther_methodCall()" classname="de.uka.ilkd.key.proof_references.testcase.analyst.TestProgramVariableReferencesAnalyst" time="3.265"/>
  <testcase name="testConditionalsAndOther_throwsException()" classname="de.uka.ilkd.key.proof_references.testcase.analyst.TestProgramVariableReferencesAnalyst" time="3.382"/>
  <testcase name="testAssignment_array2()" classname="de.uka.ilkd.key.proof_references.testcase.analyst.TestProgramVariableReferencesAnalyst" time="3.125"/>
  <system-out><![CDATA[]]></system-out>
  <system-err><![CDATA[]]></system-err>
</testsuite>
