<?xml version="1.0" encoding="UTF-8"?>
<testsuite name="de.uka.ilkd.key.parser.TestTermParserHeap" tests="39" skipped="0" failures="0" errors="0" timestamp="2023-06-09T13:52:23" hostname="fv-az479-659" time="210.41">
  <properties/>
  <testcase name="testBracketHeapUpdate()" classname="de.uka.ilkd.key.parser.TestTermParserHeap" time="0.031"/>
  <testcase name="testStore()" classname="de.uka.ilkd.key.parser.TestTermParserHeap" time="0.012"/>
  <testcase name="testUnknownConstant()" classname="de.uka.ilkd.key.parser.TestTermParserHeap" time="0.006"/>
  <testcase name="testAllFieldsSelector()" classname="de.uka.ilkd.key.parser.TestTermParserHeap" time="0.005"/>
  <testcase name="testParsePrettyPrintedSelect()" classname="de.uka.ilkd.key.parser.TestTermParserHeap" time="0.008"/>
  <testcase name="testAccessStaticMembers()" classname="de.uka.ilkd.key.parser.TestTermParserHeap" time="0.01"/>
  <testcase name="testAtOperator_1()" classname="de.uka.ilkd.key.parser.TestTermParserHeap" time="0.003"/>
  <testcase name="testAtOperator_2()" classname="de.uka.ilkd.key.parser.TestTermParserHeap" time="0.005"/>
  <testcase name="testAtOperator_3()" classname="de.uka.ilkd.key.parser.TestTermParserHeap" time="0.005"/>
  <testcase name="testAtOperator_4()" classname="de.uka.ilkd.key.parser.TestTermParserHeap" time="0.033"/>
  <testcase name="testAtOperator_5()" classname="de.uka.ilkd.key.parser.TestTermParserHeap" time="0.009"/>
  <testcase name="testAtOperator_6()" classname="de.uka.ilkd.key.parser.TestTermParserHeap" time="0.007"/>
  <testcase name="testAtOperator_7()" classname="de.uka.ilkd.key.parser.TestTermParserHeap" time="0.005"/>
  <testcase name="testAtOperator_8()" classname="de.uka.ilkd.key.parser.TestTermParserHeap" time="0.009"/>
  <testcase name="testVerifyExceptionIfAtOperatorNotPreceededBySelectTerm()" classname="de.uka.ilkd.key.parser.TestTermParserHeap" time="0.008"/>
  <testcase name="testBugResettingCounter()" classname="de.uka.ilkd.key.parser.TestTermParserHeap" time="0.002"/>
  <testcase name="testLocationSets()" classname="de.uka.ilkd.key.parser.TestTermParserHeap" time="0.008"/>
  <testcase name="testQuantifiedSelect()" classname="de.uka.ilkd.key.parser.TestTermParserHeap" time="0.007"/>
  <testcase name="testGenericObjectProperties()" classname="de.uka.ilkd.key.parser.TestTermParserHeap" time="0.005"/>
  <testcase name="testQueryInheritance_1()" classname="de.uka.ilkd.key.parser.TestTermParserHeap" time="0.003"/>
  <testcase name="testQueryInheritance_2()" classname="de.uka.ilkd.key.parser.TestTermParserHeap" time="0.009"/>
  <testcase name="testQueryInheritance_3()" classname="de.uka.ilkd.key.parser.TestTermParserHeap" time="0.006"/>
  <testcase name="testQueryInheritance_4()" classname="de.uka.ilkd.key.parser.TestTermParserHeap" time="0.005"/>
  <testcase name="testQueryInheritance_5()" classname="de.uka.ilkd.key.parser.TestTermParserHeap" time="0.005"/>
  <testcase name="testQueryInheritance_6()" classname="de.uka.ilkd.key.parser.TestTermParserHeap" time="0.006"/>
  <testcase name="testQueryInheritance_7()" classname="de.uka.ilkd.key.parser.TestTermParserHeap" time="0.004"/>
  <testcase name="testQueryInheritance_8()" classname="de.uka.ilkd.key.parser.TestTermParserHeap" time="0.007"/>
  <testcase name="testQueryInheritance_9()" classname="de.uka.ilkd.key.parser.TestTermParserHeap" time="0.005"/>
  <testcase name="testQueryBasic_10()" classname="de.uka.ilkd.key.parser.TestTermParserHeap" time="0.003"/>
  <testcase name="testQueryBasic_11()" classname="de.uka.ilkd.key.parser.TestTermParserHeap" time="0.002"/>
  <testcase name="testQueryBasic_1()" classname="de.uka.ilkd.key.parser.TestTermParserHeap" time="0.004"/>
  <testcase name="testQueryBasic_2()" classname="de.uka.ilkd.key.parser.TestTermParserHeap" time="0.01"/>
  <testcase name="testQueryBasic_3()" classname="de.uka.ilkd.key.parser.TestTermParserHeap" time="0.008"/>
  <testcase name="testQueryBasic_4()" classname="de.uka.ilkd.key.parser.TestTermParserHeap" time="0.008"/>
  <testcase name="testQueryBasic_5()" classname="de.uka.ilkd.key.parser.TestTermParserHeap" time="0.004"/>
  <testcase name="testQueryBasic_6()" classname="de.uka.ilkd.key.parser.TestTermParserHeap" time="0.029"/>
  <testcase name="testQueryBasic_7()" classname="de.uka.ilkd.key.parser.TestTermParserHeap" time="0.007"/>
  <testcase name="testQueryBasic_8()" classname="de.uka.ilkd.key.parser.TestTermParserHeap" time="0.004"/>
  <testcase name="testQueryBasic_9()" classname="de.uka.ilkd.key.parser.TestTermParserHeap" time="0.002"/>
  <system-out><![CDATA[585944     INFO  Test worker     d.u.i.k.n.KeyIO           Parsing took 0 ms 
585944     DEBUG Test worker     d.u.i.k.n.KeyIO           Load declarations of de.uka.ilkd.key.nparser.KeyAst$File:  <unknown>:1#1 
585944     INFO  Test worker     d.u.i.k.n.KeyIO           MODE: declarations took 0 ms 
585944     DEBUG Test worker     d.u.i.k.n.KeyIO           MODE: 2nd degree decls took 0 
585944     INFO  Test worker     d.u.i.k.n.KeyIO           Parsing took 0 ms 
585944     DEBUG Test worker     d.u.i.k.n.KeyIO           Load declarations of de.uka.ilkd.key.nparser.KeyAst$File:  <unknown>:1#1 
585944     INFO  Test worker     d.u.i.k.n.KeyIO           MODE: declarations took 0 ms 
585944     DEBUG Test worker     d.u.i.k.n.KeyIO           MODE: 2nd degree decls took 0 
585944     INFO  Test worker     d.u.i.k.n.KeyIO           Parsing took 0 ms 
585944     DEBUG Test worker     d.u.i.k.n.KeyIO           Load declarations of de.uka.ilkd.key.nparser.KeyAst$File:  <unknown>:1#1 
585944     INFO  Test worker     d.u.i.k.n.KeyIO           MODE: declarations took 0 ms 
585944     DEBUG Test worker     d.u.i.k.n.KeyIO           MODE: 2nd degree decls took 0 
585944     INFO  Test worker     d.u.i.k.n.KeyIO           Parsing took 0 ms 
585944     DEBUG Test worker     d.u.i.k.n.KeyIO           Load declarations of de.uka.ilkd.key.nparser.KeyAst$File:  <unknown>:1#1 
585944     INFO  Test worker     d.u.i.k.n.KeyIO           MODE: declarations took 0 ms 
585944     DEBUG Test worker     d.u.i.k.n.KeyIO           MODE: 2nd degree decls took 0 
585944     INFO  Test worker     d.u.i.k.n.KeyIO           Parsing took 0 ms 
585944     DEBUG Test worker     d.u.i.k.n.KeyIO           Load declarations of de.uka.ilkd.key.nparser.KeyAst$File:  <unknown>:1#1 
585944     INFO  Test worker     d.u.i.k.n.KeyIO           MODE: declarations took 0 ms 
585944     DEBUG Test worker     d.u.i.k.n.KeyIO           MODE: 2nd degree decls took 0 
591565     INFO  Test worker     d.u.i.k.n.KeyIO           Parsing took 0 ms 
591565     DEBUG Test worker     d.u.i.k.n.KeyIO           Load declarations of de.uka.ilkd.key.nparser.KeyAst$File:  <unknown>:1#1 
591565     INFO  Test worker     d.u.i.k.n.KeyIO           MODE: declarations took 0 ms 
591565     DEBUG Test worker     d.u.i.k.n.KeyIO           MODE: 2nd degree decls took 0 
591565     INFO  Test worker     d.u.i.k.n.KeyIO           Parsing took 0 ms 
591565     DEBUG Test worker     d.u.i.k.n.KeyIO           Load declarations of de.uka.ilkd.key.nparser.KeyAst$File:  <unknown>:1#1 
591565     INFO  Test worker     d.u.i.k.n.KeyIO           MODE: declarations took 0 ms 
591565     DEBUG Test worker     d.u.i.k.n.KeyIO           MODE: 2nd degree decls took 0 
591565     INFO  Test worker     d.u.i.k.n.KeyIO           Parsing took 0 ms 
591565     DEBUG Test worker     d.u.i.k.n.KeyIO           Load declarations of de.uka.ilkd.key.nparser.KeyAst$File:  <unknown>:1#1 
591565     INFO  Test worker     d.u.i.k.n.KeyIO           MODE: declarations took 0 ms 
591565     DEBUG Test worker     d.u.i.k.n.KeyIO           MODE: 2nd degree decls took 0 
591565     INFO  Test worker     d.u.i.k.n.KeyIO           Parsing took 0 ms 
591565     DEBUG Test worker     d.u.i.k.n.KeyIO           Load declarations of de.uka.ilkd.key.nparser.KeyAst$File:  <unknown>:1#1 
591565     INFO  Test worker     d.u.i.k.n.KeyIO           MODE: declarations took 0 ms 
591565     DEBUG Test worker     d.u.i.k.n.KeyIO           MODE: 2nd degree decls took 0 
591565     INFO  Test worker     d.u.i.k.n.KeyIO           Parsing took 0 ms 
591565     DEBUG Test worker     d.u.i.k.n.KeyIO           Load declarations of de.uka.ilkd.key.nparser.KeyAst$File:  <unknown>:1#1 
591565     INFO  Test worker     d.u.i.k.n.KeyIO           MODE: declarations took 0 ms 
591565     DEBUG Test worker     d.u.i.k.n.KeyIO           MODE: 2nd degree decls took 0 
597105     INFO  Test worker     d.u.i.k.n.KeyIO           Parsing took 0 ms 
597105     DEBUG Test worker     d.u.i.k.n.KeyIO           Load declarations of de.uka.ilkd.key.nparser.KeyAst$File:  <unknown>:1#1 
597105     INFO  Test worker     d.u.i.k.n.KeyIO           MODE: declarations took 0 ms 
597105     DEBUG Test worker     d.u.i.k.n.KeyIO           MODE: 2nd degree decls took 0 
597105     INFO  Test worker     d.u.i.k.n.KeyIO           Parsing took 0 ms 
597105     DEBUG Test worker     d.u.i.k.n.KeyIO           Load declarations of de.uka.ilkd.key.nparser.KeyAst$File:  <unknown>:1#1 
597105     INFO  Test worker     d.u.i.k.n.KeyIO           MODE: declarations took 0 ms 
597105     DEBUG Test worker     d.u.i.k.n.KeyIO           MODE: 2nd degree decls took 0 
597105     INFO  Test worker     d.u.i.k.n.KeyIO           Parsing took 0 ms 
597105     DEBUG Test worker     d.u.i.k.n.KeyIO           Load declarations of de.uka.ilkd.key.nparser.KeyAst$File:  <unknown>:1#1 
597105     INFO  Test worker     d.u.i.k.n.KeyIO           MODE: declarations took 0 ms 
597105     DEBUG Test worker     d.u.i.k.n.KeyIO           MODE: 2nd degree decls took 0 
597105     INFO  Test worker     d.u.i.k.n.KeyIO           Parsing took 0 ms 
597105     DEBUG Test worker     d.u.i.k.n.KeyIO           Load declarations of de.uka.ilkd.key.nparser.KeyAst$File:  <unknown>:1#1 
597105     INFO  Test worker     d.u.i.k.n.KeyIO           MODE: declarations took 0 ms 
597105     DEBUG Test worker     d.u.i.k.n.KeyIO           MODE: 2nd degree decls took 0 
597105     INFO  Test worker     d.u.i.k.n.KeyIO           Parsing took 0 ms 
597105     DEBUG Test worker     d.u.i.k.n.KeyIO           Load declarations of de.uka.ilkd.key.nparser.KeyAst$File:  <unknown>:1#1 
597105     INFO  Test worker     d.u.i.k.n.KeyIO           MODE: declarations took 0 ms 
597105     DEBUG Test worker     d.u.i.k.n.KeyIO           MODE: 2nd degree decls took 0 
597105     INFO  Test worker     d.u.i.k.n.KeyIO           Parsing took 0 ms 
597105     DEBUG Test worker     d.u.i.k.n.KeyIO           Load declarations of de.uka.ilkd.key.nparser.KeyAst$File:  <unknown>:1#1 
597105     INFO  Test worker     d.u.i.k.n.KeyIO           MODE: declarations took 0 ms 
597105     DEBUG Test worker     d.u.i.k.n.KeyIO           MODE: 2nd degree decls took 0 
602713     INFO  Test worker     d.u.i.k.n.KeyIO           Parsing took 0 ms 
602713     DEBUG Test worker     d.u.i.k.n.KeyIO           Load declarations of de.uka.ilkd.key.nparser.KeyAst$File:  <unknown>:1#1 
602713     INFO  Test worker     d.u.i.k.n.KeyIO           MODE: declarations took 0 ms 
602713     DEBUG Test worker     d.u.i.k.n.KeyIO           MODE: 2nd degree decls took 0 
602713     INFO  Test worker     d.u.i.k.n.KeyIO           Parsing took 0 ms 
602713     DEBUG Test worker     d.u.i.k.n.KeyIO           Load declarations of de.uka.ilkd.key.nparser.KeyAst$File:  <unknown>:1#1 
602713     INFO  Test worker     d.u.i.k.n.KeyIO           MODE: declarations took 0 ms 
602713     DEBUG Test worker     d.u.i.k.n.KeyIO           MODE: 2nd degree decls took 0 
602713     INFO  Test worker     d.u.i.k.n.KeyIO           Parsing took 0 ms 
602713     DEBUG Test worker     d.u.i.k.n.KeyIO           Load declarations of de.uka.ilkd.key.nparser.KeyAst$File:  <unknown>:1#1 
602713     INFO  Test worker     d.u.i.k.n.KeyIO           MODE: declarations took 0 ms 
602713     DEBUG Test worker     d.u.i.k.n.KeyIO           MODE: 2nd degree decls took 0 
602713     INFO  Test worker     d.u.i.k.n.KeyIO           Parsing took 0 ms 
602713     DEBUG Test worker     d.u.i.k.n.KeyIO           Load declarations of de.uka.ilkd.key.nparser.KeyAst$File:  <unknown>:1#1 
602713     INFO  Test worker     d.u.i.k.n.KeyIO           MODE: declarations took 0 ms 
602713     DEBUG Test worker     d.u.i.k.n.KeyIO           MODE: 2nd degree decls took 0 
602713     INFO  Test worker     d.u.i.k.n.KeyIO           Parsing took 0 ms 
602713     DEBUG Test worker     d.u.i.k.n.KeyIO           Load declarations of de.uka.ilkd.key.nparser.KeyAst$File:  <unknown>:1#1 
602713     INFO  Test worker     d.u.i.k.n.KeyIO           MODE: declarations took 0 ms 
602713     DEBUG Test worker     d.u.i.k.n.KeyIO           MODE: 2nd degree decls took 0 
608375     INFO  Test worker     d.u.i.k.n.KeyIO           Parsing took 0 ms 
608375     DEBUG Test worker     d.u.i.k.n.KeyIO           Load declarations of de.uka.ilkd.key.nparser.KeyAst$File:  <unknown>:1#1 
608375     INFO  Test worker     d.u.i.k.n.KeyIO           MODE: declarations took 0 ms 
608375     DEBUG Test worker     d.u.i.k.n.KeyIO           MODE: 2nd degree decls took 0 
608375     INFO  Test worker     d.u.i.k.n.KeyIO           Parsing took 0 ms 
608375     DEBUG Test worker     d.u.i.k.n.KeyIO           Load declarations of de.uka.ilkd.key.nparser.KeyAst$File:  <unknown>:1#1 
608390     INFO  Test worker     d.u.i.k.n.KeyIO           MODE: declarations took 15 ms 
608390     DEBUG Test worker     d.u.i.k.n.KeyIO           MODE: 2nd degree decls took 0 
608390     INFO  Test worker     d.u.i.k.n.KeyIO           Parsing took 0 ms 
608390     DEBUG Test worker     d.u.i.k.n.KeyIO           Load declarations of de.uka.ilkd.key.nparser.KeyAst$File:  <unknown>:1#1 
608390     INFO  Test worker     d.u.i.k.n.KeyIO           MODE: declarations took 0 ms 
608390     DEBUG Test worker     d.u.i.k.n.KeyIO           MODE: 2nd degree decls took 0 
608390     INFO  Test worker     d.u.i.k.n.KeyIO           Parsing took 0 ms 
608390     DEBUG Test worker     d.u.i.k.n.KeyIO           Load declarations of de.uka.ilkd.key.nparser.KeyAst$File:  <unknown>:1#1 
608390     INFO  Test worker     d.u.i.k.n.KeyIO           MODE: declarations took 0 ms 
608390     DEBUG Test worker     d.u.i.k.n.KeyIO           MODE: 2nd degree decls took 0 
608390     INFO  Test worker     d.u.i.k.n.KeyIO           Parsing took 0 ms 
608390     DEBUG Test worker     d.u.i.k.n.KeyIO           Load declarations of de.uka.ilkd.key.nparser.KeyAst$File:  <unknown>:1#1 
608390     INFO  Test worker     d.u.i.k.n.KeyIO           MODE: declarations took 0 ms 
608390     DEBUG Test worker     d.u.i.k.n.KeyIO           MODE: 2nd degree decls took 0 
613927     INFO  Test worker     d.u.i.k.n.KeyIO           Parsing took 0 ms 
613927     DEBUG Test worker     d.u.i.k.n.KeyIO           Load declarations of de.uka.ilkd.key.nparser.KeyAst$File:  <unknown>:1#1 
613927     INFO  Test worker     d.u.i.k.n.KeyIO           MODE: declarations took 0 ms 
613927     DEBUG Test worker     d.u.i.k.n.KeyIO           MODE: 2nd degree decls took 0 
613927     INFO  Test worker     d.u.i.k.n.KeyIO           Parsing took 0 ms 
613927     DEBUG Test worker     d.u.i.k.n.KeyIO           Load declarations of de.uka.ilkd.key.nparser.KeyAst$File:  <unknown>:1#1 
613942     INFO  Test worker     d.u.i.k.n.KeyIO           MODE: declarations took 15 ms 
613942     DEBUG Test worker     d.u.i.k.n.KeyIO           MODE: 2nd degree decls took 0 
613942     INFO  Test worker     d.u.i.k.n.KeyIO           Parsing took 0 ms 
613942     DEBUG Test worker     d.u.i.k.n.KeyIO           Load declarations of de.uka.ilkd.key.nparser.KeyAst$File:  <unknown>:1#1 
613942     INFO  Test worker     d.u.i.k.n.KeyIO           MODE: declarations took 0 ms 
613942     DEBUG Test worker     d.u.i.k.n.KeyIO           MODE: 2nd degree decls took 0 
613942     INFO  Test worker     d.u.i.k.n.KeyIO           Parsing took 0 ms 
613942     DEBUG Test worker     d.u.i.k.n.KeyIO           Load declarations of de.uka.ilkd.key.nparser.KeyAst$File:  <unknown>:1#1 
613942     INFO  Test worker     d.u.i.k.n.KeyIO           MODE: declarations took 0 ms 
613942     DEBUG Test worker     d.u.i.k.n.KeyIO           MODE: 2nd degree decls took 0 
613942     INFO  Test worker     d.u.i.k.n.KeyIO           Parsing took 0 ms 
613942     DEBUG Test worker     d.u.i.k.n.KeyIO           Load declarations of de.uka.ilkd.key.nparser.KeyAst$File:  <unknown>:1#1 
613942     INFO  Test worker     d.u.i.k.n.KeyIO           MODE: declarations took 0 ms 
613942     DEBUG Test worker     d.u.i.k.n.KeyIO           MODE: 2nd degree decls took 0 
619436     INFO  Test worker     d.u.i.k.n.KeyIO           Parsing took 0 ms 
619436     DEBUG Test worker     d.u.i.k.n.KeyIO           Load declarations of de.uka.ilkd.key.nparser.KeyAst$File:  <unknown>:1#1 
619436     INFO  Test worker     d.u.i.k.n.KeyIO           MODE: declarations took 0 ms 
619436     DEBUG Test worker     d.u.i.k.n.KeyIO           MODE: 2nd degree decls took 0 
619436     INFO  Test worker     d.u.i.k.n.KeyIO           Parsing took 0 ms 
619436     DEBUG Test worker     d.u.i.k.n.KeyIO           Load declarations of de.uka.ilkd.key.nparser.KeyAst$File:  <unknown>:1#1 
619436     INFO  Test worker     d.u.i.k.n.KeyIO           MODE: declarations took 0 ms 
619436     DEBUG Test worker     d.u.i.k.n.KeyIO           MODE: 2nd degree decls took 0 
619436     INFO  Test worker     d.u.i.k.n.KeyIO           Parsing took 0 ms 
619436     DEBUG Test worker     d.u.i.k.n.KeyIO           Load declarations of de.uka.ilkd.key.nparser.KeyAst$File:  <unknown>:1#1 
619436     INFO  Test worker     d.u.i.k.n.KeyIO           MODE: declarations took 0 ms 
619436     DEBUG Test worker     d.u.i.k.n.KeyIO           MODE: 2nd degree decls took 0 
619436     INFO  Test worker     d.u.i.k.n.KeyIO           Parsing took 0 ms 
619436     DEBUG Test worker     d.u.i.k.n.KeyIO           Load declarations of de.uka.ilkd.key.nparser.KeyAst$File:  <unknown>:1#1 
619436     INFO  Test worker     d.u.i.k.n.KeyIO           MODE: declarations took 0 ms 
619436     DEBUG Test worker     d.u.i.k.n.KeyIO           MODE: 2nd degree decls took 0 
619436     INFO  Test worker     d.u.i.k.n.KeyIO           Parsing took 0 ms 
619436     DEBUG Test worker     d.u.i.k.n.KeyIO           Load declarations of de.uka.ilkd.key.nparser.KeyAst$File:  <unknown>:1#1 
619436     INFO  Test worker     d.u.i.k.n.KeyIO           MODE: declarations took 0 ms 
619436     DEBUG Test worker     d.u.i.k.n.KeyIO           MODE: 2nd degree decls took 0 
624888     INFO  Test worker     d.u.i.k.n.KeyIO           Parsing took 0 ms 
624888     DEBUG Test worker     d.u.i.k.n.KeyIO           Load declarations of de.uka.ilkd.key.nparser.KeyAst$File:  <unknown>:1#1 
624888     INFO  Test worker     d.u.i.k.n.KeyIO           MODE: declarations took 0 ms 
624888     DEBUG Test worker     d.u.i.k.n.KeyIO           MODE: 2nd degree decls took 0 
624888     INFO  Test worker     d.u.i.k.n.KeyIO           Parsing took 0 ms 
624888     DEBUG Test worker     d.u.i.k.n.KeyIO           Load declarations of de.uka.ilkd.key.nparser.KeyAst$File:  <unknown>:1#1 
624888     INFO  Test worker     d.u.i.k.n.KeyIO           MODE: declarations took 0 ms 
624888     DEBUG Test worker     d.u.i.k.n.KeyIO           MODE: 2nd degree decls took 0 
624888     INFO  Test worker     d.u.i.k.n.KeyIO           Parsing took 0 ms 
624888     DEBUG Test worker     d.u.i.k.n.KeyIO           Load declarations of de.uka.ilkd.key.nparser.KeyAst$File:  <unknown>:1#1 
624888     INFO  Test worker     d.u.i.k.n.KeyIO           MODE: declarations took 0 ms 
624888     DEBUG Test worker     d.u.i.k.n.KeyIO           MODE: 2nd degree decls took 0 
624888     INFO  Test worker     d.u.i.k.n.KeyIO           Parsing took 0 ms 
624888     DEBUG Test worker     d.u.i.k.n.KeyIO           Load declarations of de.uka.ilkd.key.nparser.KeyAst$File:  <unknown>:1#1 
624888     INFO  Test worker     d.u.i.k.n.KeyIO           MODE: declarations took 0 ms 
624888     DEBUG Test worker     d.u.i.k.n.KeyIO           MODE: 2nd degree decls took 0 
624888     INFO  Test worker     d.u.i.k.n.KeyIO           Parsing took 0 ms 
624888     DEBUG Test worker     d.u.i.k.n.KeyIO           Load declarations of de.uka.ilkd.key.nparser.KeyAst$File:  <unknown>:1#1 
624888     INFO  Test worker     d.u.i.k.n.KeyIO           MODE: declarations took 0 ms 
624888     DEBUG Test worker     d.u.i.k.n.KeyIO           MODE: 2nd degree decls took 0 
630396     INFO  Test worker     d.u.i.k.n.KeyIO           Parsing took 0 ms 
630396     DEBUG Test worker     d.u.i.k.n.KeyIO           Load declarations of de.uka.ilkd.key.nparser.KeyAst$File:  <unknown>:1#1 
630396     INFO  Test worker     d.u.i.k.n.KeyIO           MODE: declarations took 0 ms 
630396     DEBUG Test worker     d.u.i.k.n.KeyIO           MODE: 2nd degree decls took 0 
630396     INFO  Test worker     d.u.i.k.n.KeyIO           Parsing took 0 ms 
630396     DEBUG Test worker     d.u.i.k.n.KeyIO           Load declarations of de.uka.ilkd.key.nparser.KeyAst$File:  <unknown>:1#1 
630396     INFO  Test worker     d.u.i.k.n.KeyIO           MODE: declarations took 0 ms 
630396     DEBUG Test worker     d.u.i.k.n.KeyIO           MODE: 2nd degree decls took 0 
630396     INFO  Test worker     d.u.i.k.n.KeyIO           Parsing took 0 ms 
630396     DEBUG Test worker     d.u.i.k.n.KeyIO           Load declarations of de.uka.ilkd.key.nparser.KeyAst$File:  <unknown>:1#1 
630396     INFO  Test worker     d.u.i.k.n.KeyIO           MODE: declarations took 0 ms 
630396     DEBUG Test worker     d.u.i.k.n.KeyIO           MODE: 2nd degree decls took 0 
630396     INFO  Test worker     d.u.i.k.n.KeyIO           Parsing took 0 ms 
630396     DEBUG Test worker     d.u.i.k.n.KeyIO           Load declarations of de.uka.ilkd.key.nparser.KeyAst$File:  <unknown>:1#1 
630396     INFO  Test worker     d.u.i.k.n.KeyIO           MODE: declarations took 0 ms 
630411     DEBUG Test worker     d.u.i.k.n.KeyIO           MODE: 2nd degree decls took 0 
630411     INFO  Test worker     d.u.i.k.n.KeyIO           Parsing took 0 ms 
630411     DEBUG Test worker     d.u.i.k.n.KeyIO           Load declarations of de.uka.ilkd.key.nparser.KeyAst$File:  <unknown>:1#1 
630411     INFO  Test worker     d.u.i.k.n.KeyIO           MODE: declarations took 0 ms 
630411     DEBUG Test worker     d.u.i.k.n.KeyIO           MODE: 2nd degree decls took 0 
635897     INFO  Test worker     d.u.i.k.n.KeyIO           Parsing took 0 ms 
635897     DEBUG Test worker     d.u.i.k.n.KeyIO           Load declarations of de.uka.ilkd.key.nparser.KeyAst$File:  <unknown>:1#1 
635897     INFO  Test worker     d.u.i.k.n.KeyIO           MODE: declarations took 0 ms 
635897     DEBUG Test worker     d.u.i.k.n.KeyIO           MODE: 2nd degree decls took 0 
635897     INFO  Test worker     d.u.i.k.n.KeyIO           Parsing took 0 ms 
635897     DEBUG Test worker     d.u.i.k.n.KeyIO           Load declarations of de.uka.ilkd.key.nparser.KeyAst$File:  <unknown>:1#1 
635897     INFO  Test worker     d.u.i.k.n.KeyIO           MODE: declarations took 0 ms 
635897     DEBUG Test worker     d.u.i.k.n.KeyIO           MODE: 2nd degree decls took 0 
635897     INFO  Test worker     d.u.i.k.n.KeyIO           Parsing took 0 ms 
635897     DEBUG Test worker     d.u.i.k.n.KeyIO           Load declarations of de.uka.ilkd.key.nparser.KeyAst$File:  <unknown>:1#1 
635928     INFO  Test worker     d.u.i.k.n.KeyIO           MODE: declarations took 31 ms 
635928     DEBUG Test worker     d.u.i.k.n.KeyIO           MODE: 2nd degree decls took 0 
635928     INFO  Test worker     d.u.i.k.n.KeyIO           Parsing took 0 ms 
635928     DEBUG Test worker     d.u.i.k.n.KeyIO           Load declarations of de.uka.ilkd.key.nparser.KeyAst$File:  <unknown>:1#1 
635928     INFO  Test worker     d.u.i.k.n.KeyIO           MODE: declarations took 0 ms 
635928     DEBUG Test worker     d.u.i.k.n.KeyIO           MODE: 2nd degree decls took 0 
635928     INFO  Test worker     d.u.i.k.n.KeyIO           Parsing took 0 ms 
635928     DEBUG Test worker     d.u.i.k.n.KeyIO           Load declarations of de.uka.ilkd.key.nparser.KeyAst$File:  <unknown>:1#1 
635928     INFO  Test worker     d.u.i.k.n.KeyIO           MODE: declarations took 0 ms 
635928     DEBUG Test worker     d.u.i.k.n.KeyIO           MODE: 2nd degree decls took 0 
641365     INFO  Test worker     d.u.i.k.n.KeyIO           Parsing took 0 ms 
641365     DEBUG Test worker     d.u.i.k.n.KeyIO           Load declarations of de.uka.ilkd.key.nparser.KeyAst$File:  <unknown>:1#1 
641365     INFO  Test worker     d.u.i.k.n.KeyIO           MODE: declarations took 0 ms 
641365     DEBUG Test worker     d.u.i.k.n.KeyIO           MODE: 2nd degree decls took 0 
641365     INFO  Test worker     d.u.i.k.n.KeyIO           Parsing took 0 ms 
641365     DEBUG Test worker     d.u.i.k.n.KeyIO           Load declarations of de.uka.ilkd.key.nparser.KeyAst$File:  <unknown>:1#1 
641365     INFO  Test worker     d.u.i.k.n.KeyIO           MODE: declarations took 0 ms 
641365     DEBUG Test worker     d.u.i.k.n.KeyIO           MODE: 2nd degree decls took 0 
641365     INFO  Test worker     d.u.i.k.n.KeyIO           Parsing took 0 ms 
641365     DEBUG Test worker     d.u.i.k.n.KeyIO           Load declarations of de.uka.ilkd.key.nparser.KeyAst$File:  <unknown>:1#1 
641365     INFO  Test worker     d.u.i.k.n.KeyIO           MODE: declarations took 0 ms 
641365     DEBUG Test worker     d.u.i.k.n.KeyIO           MODE: 2nd degree decls took 0 
641365     INFO  Test worker     d.u.i.k.n.KeyIO           Parsing took 0 ms 
641365     DEBUG Test worker     d.u.i.k.n.KeyIO           Load declarations of de.uka.ilkd.key.nparser.KeyAst$File:  <unknown>:1#1 
641365     INFO  Test worker     d.u.i.k.n.KeyIO           MODE: declarations took 0 ms 
641365     DEBUG Test worker     d.u.i.k.n.KeyIO           MODE: 2nd degree decls took 0 
641365     INFO  Test worker     d.u.i.k.n.KeyIO           Parsing took 0 ms 
641365     DEBUG Test worker     d.u.i.k.n.KeyIO           Load declarations of de.uka.ilkd.key.nparser.KeyAst$File:  <unknown>:1#1 
641365     INFO  Test worker     d.u.i.k.n.KeyIO           MODE: declarations took 0 ms 
641365     DEBUG Test worker     d.u.i.k.n.KeyIO           MODE: 2nd degree decls took 0 
647194     INFO  Test worker     d.u.i.k.n.KeyIO           Parsing took 0 ms 
647194     DEBUG Test worker     d.u.i.k.n.KeyIO           Load declarations of de.uka.ilkd.key.nparser.KeyAst$File:  <unknown>:1#1 
647194     INFO  Test worker     d.u.i.k.n.KeyIO           MODE: declarations took 0 ms 
647194     DEBUG Test worker     d.u.i.k.n.KeyIO           MODE: 2nd degree decls took 0 
647194     INFO  Test worker     d.u.i.k.n.KeyIO           Parsing took 0 ms 
647194     DEBUG Test worker     d.u.i.k.n.KeyIO           Load declarations of de.uka.ilkd.key.nparser.KeyAst$File:  <unknown>:1#1 
647194     INFO  Test worker     d.u.i.k.n.KeyIO           MODE: declarations took 0 ms 
647194     DEBUG Test worker     d.u.i.k.n.KeyIO           MODE: 2nd degree decls took 0 
647194     INFO  Test worker     d.u.i.k.n.KeyIO           Parsing took 0 ms 
647194     DEBUG Test worker     d.u.i.k.n.KeyIO           Load declarations of de.uka.ilkd.key.nparser.KeyAst$File:  <unknown>:1#1 
647210     INFO  Test worker     d.u.i.k.n.KeyIO           MODE: declarations took 16 ms 
647210     DEBUG Test worker     d.u.i.k.n.KeyIO           MODE: 2nd degree decls took 0 
647210     INFO  Test worker     d.u.i.k.n.KeyIO           Parsing took 0 ms 
647210     DEBUG Test worker     d.u.i.k.n.KeyIO           Load declarations of de.uka.ilkd.key.nparser.KeyAst$File:  <unknown>:1#1 
647210     INFO  Test worker     d.u.i.k.n.KeyIO           MODE: declarations took 0 ms 
647210     DEBUG Test worker     d.u.i.k.n.KeyIO           MODE: 2nd degree decls took 0 
647210     INFO  Test worker     d.u.i.k.n.KeyIO           Parsing took 0 ms 
647210     DEBUG Test worker     d.u.i.k.n.KeyIO           Load declarations of de.uka.ilkd.key.nparser.KeyAst$File:  <unknown>:1#1 
647210     INFO  Test worker     d.u.i.k.n.KeyIO           MODE: declarations took 0 ms 
647210     DEBUG Test worker     d.u.i.k.n.KeyIO           MODE: 2nd degree decls took 0 
652657     INFO  Test worker     d.u.i.k.n.KeyIO           Parsing took 0 ms 
652657     DEBUG Test worker     d.u.i.k.n.KeyIO           Load declarations of de.uka.ilkd.key.nparser.KeyAst$File:  <unknown>:1#1 
652657     INFO  Test worker     d.u.i.k.n.KeyIO           MODE: declarations took 0 ms 
652657     DEBUG Test worker     d.u.i.k.n.KeyIO           MODE: 2nd degree decls took 0 
652657     INFO  Test worker     d.u.i.k.n.KeyIO           Parsing took 0 ms 
652657     DEBUG Test worker     d.u.i.k.n.KeyIO           Load declarations of de.uka.ilkd.key.nparser.KeyAst$File:  <unknown>:1#1 
652657     INFO  Test worker     d.u.i.k.n.KeyIO           MODE: declarations took 0 ms 
652657     DEBUG Test worker     d.u.i.k.n.KeyIO           MODE: 2nd degree decls took 0 
652657     INFO  Test worker     d.u.i.k.n.KeyIO           Parsing took 0 ms 
652657     DEBUG Test worker     d.u.i.k.n.KeyIO           Load declarations of de.uka.ilkd.key.nparser.KeyAst$File:  <unknown>:1#1 
652657     INFO  Test worker     d.u.i.k.n.KeyIO           MODE: declarations took 0 ms 
652657     DEBUG Test worker     d.u.i.k.n.KeyIO           MODE: 2nd degree decls took 0 
652657     INFO  Test worker     d.u.i.k.n.KeyIO           Parsing took 0 ms 
652657     DEBUG Test worker     d.u.i.k.n.KeyIO           Load declarations of de.uka.ilkd.key.nparser.KeyAst$File:  <unknown>:1#1 
652657     INFO  Test worker     d.u.i.k.n.KeyIO           MODE: declarations took 0 ms 
652657     DEBUG Test worker     d.u.i.k.n.KeyIO           MODE: 2nd degree decls took 0 
652657     INFO  Test worker     d.u.i.k.n.KeyIO           Parsing took 0 ms 
652657     DEBUG Test worker     d.u.i.k.n.KeyIO           Load declarations of de.uka.ilkd.key.nparser.KeyAst$File:  <unknown>:1#1 
652657     INFO  Test worker     d.u.i.k.n.KeyIO           MODE: declarations took 0 ms 
652657     DEBUG Test worker     d.u.i.k.n.KeyIO           MODE: 2nd degree decls took 0 
658113     INFO  Test worker     d.u.i.k.n.KeyIO           Parsing took 0 ms 
658113     DEBUG Test worker     d.u.i.k.n.KeyIO           Load declarations of de.uka.ilkd.key.nparser.KeyAst$File:  <unknown>:1#1 
658113     INFO  Test worker     d.u.i.k.n.KeyIO           MODE: declarations took 0 ms 
658113     DEBUG Test worker     d.u.i.k.n.KeyIO           MODE: 2nd degree decls took 0 
658113     INFO  Test worker     d.u.i.k.n.KeyIO           Parsing took 0 ms 
658113     DEBUG Test worker     d.u.i.k.n.KeyIO           Load declarations of de.uka.ilkd.key.nparser.KeyAst$File:  <unknown>:1#1 
658113     INFO  Test worker     d.u.i.k.n.KeyIO           MODE: declarations took 0 ms 
658113     DEBUG Test worker     d.u.i.k.n.KeyIO           MODE: 2nd degree decls took 0 
658113     INFO  Test worker     d.u.i.k.n.KeyIO           Parsing took 0 ms 
658113     DEBUG Test worker     d.u.i.k.n.KeyIO           Load declarations of de.uka.ilkd.key.nparser.KeyAst$File:  <unknown>:1#1 
658113     INFO  Test worker     d.u.i.k.n.KeyIO           MODE: declarations took 0 ms 
658113     DEBUG Test worker     d.u.i.k.n.KeyIO           MODE: 2nd degree decls took 0 
658113     INFO  Test worker     d.u.i.k.n.KeyIO           Parsing took 0 ms 
658113     DEBUG Test worker     d.u.i.k.n.KeyIO           Load declarations of de.uka.ilkd.key.nparser.KeyAst$File:  <unknown>:1#1 
658113     INFO  Test worker     d.u.i.k.n.KeyIO           MODE: declarations took 0 ms 
658113     DEBUG Test worker     d.u.i.k.n.KeyIO           MODE: 2nd degree decls took 0 
658113     INFO  Test worker     d.u.i.k.n.KeyIO           Parsing took 0 ms 
658113     DEBUG Test worker     d.u.i.k.n.KeyIO           Load declarations of de.uka.ilkd.key.nparser.KeyAst$File:  <unknown>:1#1 
658113     INFO  Test worker     d.u.i.k.n.KeyIO           MODE: declarations took 0 ms 
658113     DEBUG Test worker     d.u.i.k.n.KeyIO           MODE: 2nd degree decls took 0 
663672     INFO  Test worker     d.u.i.k.n.KeyIO           Parsing took 0 ms 
663672     DEBUG Test worker     d.u.i.k.n.KeyIO           Load declarations of de.uka.ilkd.key.nparser.KeyAst$File:  <unknown>:1#1 
663672     INFO  Test worker     d.u.i.k.n.KeyIO           MODE: declarations took 0 ms 
663672     DEBUG Test worker     d.u.i.k.n.KeyIO           MODE: 2nd degree decls took 0 
663672     INFO  Test worker     d.u.i.k.n.KeyIO           Parsing took 0 ms 
663672     DEBUG Test worker     d.u.i.k.n.KeyIO           Load declarations of de.uka.ilkd.key.nparser.KeyAst$File:  <unknown>:1#1 
663672     INFO  Test worker     d.u.i.k.n.KeyIO           MODE: declarations took 0 ms 
663672     DEBUG Test worker     d.u.i.k.n.KeyIO           MODE: 2nd degree decls took 0 
663672     INFO  Test worker     d.u.i.k.n.KeyIO           Parsing took 0 ms 
663672     DEBUG Test worker     d.u.i.k.n.KeyIO           Load declarations of de.uka.ilkd.key.nparser.KeyAst$File:  <unknown>:1#1 
663672     INFO  Test worker     d.u.i.k.n.KeyIO           MODE: declarations took 0 ms 
663672     DEBUG Test worker     d.u.i.k.n.KeyIO           MODE: 2nd degree decls took 0 
663672     INFO  Test worker     d.u.i.k.n.KeyIO           Parsing took 0 ms 
663672     DEBUG Test worker     d.u.i.k.n.KeyIO           Load declarations of de.uka.ilkd.key.nparser.KeyAst$File:  <unknown>:1#1 
663672     INFO  Test worker     d.u.i.k.n.KeyIO           MODE: declarations took 0 ms 
663672     DEBUG Test worker     d.u.i.k.n.KeyIO           MODE: 2nd degree decls took 0 
663688     INFO  Test worker     d.u.i.k.n.KeyIO           Parsing took 0 ms 
663688     DEBUG Test worker     d.u.i.k.n.KeyIO           Load declarations of de.uka.ilkd.key.nparser.KeyAst$File:  <unknown>:1#1 
663688     INFO  Test worker     d.u.i.k.n.KeyIO           MODE: declarations took 0 ms 
663688     DEBUG Test worker     d.u.i.k.n.KeyIO           MODE: 2nd degree decls took 0 
663688     WARN  Test worker     d.u.i.k.n.KeYParser       [syntax-error] null:1:11: mismatched input '@' expecting {'/', ':=', '.', '(', ')', '{', '[', '@', PARALLEL, OR, AND, IMP, '=', NOT_EQUALS, '%', '*', '-', '+', '>', GREATEREQUAL, '<', LESSEQUAL, LGUILLEMETS, EQV} [@11,11:11='@',<155>,1:11] (termEOF) 
669140     INFO  Test worker     d.u.i.k.n.KeyIO           Parsing took 0 ms 
669140     DEBUG Test worker     d.u.i.k.n.KeyIO           Load declarations of de.uka.ilkd.key.nparser.KeyAst$File:  <unknown>:1#1 
669140     INFO  Test worker     d.u.i.k.n.KeyIO           MODE: declarations took 0 ms 
669140     DEBUG Test worker     d.u.i.k.n.KeyIO           MODE: 2nd degree decls took 0 
669140     INFO  Test worker     d.u.i.k.n.KeyIO           Parsing took 0 ms 
669140     DEBUG Test worker     d.u.i.k.n.KeyIO           Load declarations of de.uka.ilkd.key.nparser.KeyAst$File:  <unknown>:1#1 
669140     INFO  Test worker     d.u.i.k.n.KeyIO           MODE: declarations took 0 ms 
669140     DEBUG Test worker     d.u.i.k.n.KeyIO           MODE: 2nd degree decls took 0 
669140     INFO  Test worker     d.u.i.k.n.KeyIO           Parsing took 0 ms 
669140     DEBUG Test worker     d.u.i.k.n.KeyIO           Load declarations of de.uka.ilkd.key.nparser.KeyAst$File:  <unknown>:1#1 
669140     INFO  Test worker     d.u.i.k.n.KeyIO           MODE: declarations took 0 ms 
669140     DEBUG Test worker     d.u.i.k.n.KeyIO           MODE: 2nd degree decls took 0 
669140     INFO  Test worker     d.u.i.k.n.KeyIO           Parsing took 0 ms 
669140     DEBUG Test worker     d.u.i.k.n.KeyIO           Load declarations of de.uka.ilkd.key.nparser.KeyAst$File:  <unknown>:1#1 
669140     INFO  Test worker     d.u.i.k.n.KeyIO           MODE: declarations took 0 ms 
669140     DEBUG Test worker     d.u.i.k.n.KeyIO           MODE: 2nd degree decls took 0 
669140     INFO  Test worker     d.u.i.k.n.KeyIO           Parsing took 0 ms 
669140     DEBUG Test worker     d.u.i.k.n.KeyIO           Load declarations of de.uka.ilkd.key.nparser.KeyAst$File:  <unknown>:1#1 
669140     INFO  Test worker     d.u.i.k.n.KeyIO           MODE: declarations took 0 ms 
669140     DEBUG Test worker     d.u.i.k.n.KeyIO           MODE: 2nd degree decls took 0 
674600     INFO  Test worker     d.u.i.k.n.KeyIO           Parsing took 0 ms 
674600     DEBUG Test worker     d.u.i.k.n.KeyIO           Load declarations of de.uka.ilkd.key.nparser.KeyAst$File:  <unknown>:1#1 
674600     INFO  Test worker     d.u.i.k.n.KeyIO           MODE: declarations took 0 ms 
674600     DEBUG Test worker     d.u.i.k.n.KeyIO           MODE: 2nd degree decls took 0 
674600     INFO  Test worker     d.u.i.k.n.KeyIO           Parsing took 0 ms 
674600     DEBUG Test worker     d.u.i.k.n.KeyIO           Load declarations of de.uka.ilkd.key.nparser.KeyAst$File:  <unknown>:1#1 
674600     INFO  Test worker     d.u.i.k.n.KeyIO           MODE: declarations took 0 ms 
674600     DEBUG Test worker     d.u.i.k.n.KeyIO           MODE: 2nd degree decls took 0 
674600     INFO  Test worker     d.u.i.k.n.KeyIO           Parsing took 0 ms 
674600     DEBUG Test worker     d.u.i.k.n.KeyIO           Load declarations of de.uka.ilkd.key.nparser.KeyAst$File:  <unknown>:1#1 
674600     INFO  Test worker     d.u.i.k.n.KeyIO           MODE: declarations took 0 ms 
674600     DEBUG Test worker     d.u.i.k.n.KeyIO           MODE: 2nd degree decls took 0 
674600     INFO  Test worker     d.u.i.k.n.KeyIO           Parsing took 0 ms 
674600     DEBUG Test worker     d.u.i.k.n.KeyIO           Load declarations of de.uka.ilkd.key.nparser.KeyAst$File:  <unknown>:1#1 
674600     INFO  Test worker     d.u.i.k.n.KeyIO           MODE: declarations took 0 ms 
674600     DEBUG Test worker     d.u.i.k.n.KeyIO           MODE: 2nd degree decls took 0 
674600     INFO  Test worker     d.u.i.k.n.KeyIO           Parsing took 0 ms 
674600     DEBUG Test worker     d.u.i.k.n.KeyIO           Load declarations of de.uka.ilkd.key.nparser.KeyAst$File:  <unknown>:1#1 
674600     INFO  Test worker     d.u.i.k.n.KeyIO           MODE: declarations took 0 ms 
674600     DEBUG Test worker     d.u.i.k.n.KeyIO           MODE: 2nd degree decls took 0 
680230     INFO  Test worker     d.u.i.k.n.KeyIO           Parsing took 0 ms 
680230     DEBUG Test worker     d.u.i.k.n.KeyIO           Load declarations of de.uka.ilkd.key.nparser.KeyAst$File:  <unknown>:1#1 
680230     INFO  Test worker     d.u.i.k.n.KeyIO           MODE: declarations took 0 ms 
680230     DEBUG Test worker     d.u.i.k.n.KeyIO           MODE: 2nd degree decls took 0 
680230     INFO  Test worker     d.u.i.k.n.KeyIO           Parsing took 0 ms 
680230     DEBUG Test worker     d.u.i.k.n.KeyIO           Load declarations of de.uka.ilkd.key.nparser.KeyAst$File:  <unknown>:1#1 
680230     INFO  Test worker     d.u.i.k.n.KeyIO           MODE: declarations took 0 ms 
680230     DEBUG Test worker     d.u.i.k.n.KeyIO           MODE: 2nd degree decls took 0 
680230     INFO  Test worker     d.u.i.k.n.KeyIO           Parsing took 0 ms 
680230     DEBUG Test worker     d.u.i.k.n.KeyIO           Load declarations of de.uka.ilkd.key.nparser.KeyAst$File:  <unknown>:1#1 
680230     INFO  Test worker     d.u.i.k.n.KeyIO           MODE: declarations took 0 ms 
680230     DEBUG Test worker     d.u.i.k.n.KeyIO           MODE: 2nd degree decls took 0 
680230     INFO  Test worker     d.u.i.k.n.KeyIO           Parsing took 0 ms 
680230     DEBUG Test worker     d.u.i.k.n.KeyIO           Load declarations of de.uka.ilkd.key.nparser.KeyAst$File:  <unknown>:1#1 
680230     INFO  Test worker     d.u.i.k.n.KeyIO           MODE: declarations took 0 ms 
680230     DEBUG Test worker     d.u.i.k.n.KeyIO           MODE: 2nd degree decls took 0 
680230     INFO  Test worker     d.u.i.k.n.KeyIO           Parsing took 0 ms 
680230     DEBUG Test worker     d.u.i.k.n.KeyIO           Load declarations of de.uka.ilkd.key.nparser.KeyAst$File:  <unknown>:1#1 
680230     INFO  Test worker     d.u.i.k.n.KeyIO           MODE: declarations took 0 ms 
680230     DEBUG Test worker     d.u.i.k.n.KeyIO           MODE: 2nd degree decls took 0 
685800     INFO  Test worker     d.u.i.k.n.KeyIO           Parsing took 0 ms 
685800     DEBUG Test worker     d.u.i.k.n.KeyIO           Load declarations of de.uka.ilkd.key.nparser.KeyAst$File:  <unknown>:1#1 
685800     INFO  Test worker     d.u.i.k.n.KeyIO           MODE: declarations took 0 ms 
685800     DEBUG Test worker     d.u.i.k.n.KeyIO           MODE: 2nd degree decls took 0 
685800     INFO  Test worker     d.u.i.k.n.KeyIO           Parsing took 0 ms 
685800     DEBUG Test worker     d.u.i.k.n.KeyIO           Load declarations of de.uka.ilkd.key.nparser.KeyAst$File:  <unknown>:1#1 
685800     INFO  Test worker     d.u.i.k.n.KeyIO           MODE: declarations took 0 ms 
685800     DEBUG Test worker     d.u.i.k.n.KeyIO           MODE: 2nd degree decls took 0 
685800     INFO  Test worker     d.u.i.k.n.KeyIO           Parsing took 0 ms 
685800     DEBUG Test worker     d.u.i.k.n.KeyIO           Load declarations of de.uka.ilkd.key.nparser.KeyAst$File:  <unknown>:1#1 
685800     INFO  Test worker     d.u.i.k.n.KeyIO           MODE: declarations took 0 ms 
685800     DEBUG Test worker     d.u.i.k.n.KeyIO           MODE: 2nd degree decls took 0 
685800     INFO  Test worker     d.u.i.k.n.KeyIO           Parsing took 0 ms 
685800     DEBUG Test worker     d.u.i.k.n.KeyIO           Load declarations of de.uka.ilkd.key.nparser.KeyAst$File:  <unknown>:1#1 
685800     INFO  Test worker     d.u.i.k.n.KeyIO           MODE: declarations took 0 ms 
685800     DEBUG Test worker     d.u.i.k.n.KeyIO           MODE: 2nd degree decls took 0 
685800     INFO  Test worker     d.u.i.k.n.KeyIO           Parsing took 0 ms 
685800     DEBUG Test worker     d.u.i.k.n.KeyIO           Load declarations of de.uka.ilkd.key.nparser.KeyAst$File:  <unknown>:1#1 
685800     INFO  Test worker     d.u.i.k.n.KeyIO           MODE: declarations took 0 ms 
685800     DEBUG Test worker     d.u.i.k.n.KeyIO           MODE: 2nd degree decls took 0 
691299     INFO  Test worker     d.u.i.k.n.KeyIO           Parsing took 0 ms 
691299     DEBUG Test worker     d.u.i.k.n.KeyIO           Load declarations of de.uka.ilkd.key.nparser.KeyAst$File:  <unknown>:1#1 
691299     INFO  Test worker     d.u.i.k.n.KeyIO           MODE: declarations took 0 ms 
691299     DEBUG Test worker     d.u.i.k.n.KeyIO           MODE: 2nd degree decls took 0 
691299     INFO  Test worker     d.u.i.k.n.KeyIO           Parsing took 0 ms 
691299     DEBUG Test worker     d.u.i.k.n.KeyIO           Load declarations of de.uka.ilkd.key.nparser.KeyAst$File:  <unknown>:1#1 
691299     INFO  Test worker     d.u.i.k.n.KeyIO           MODE: declarations took 0 ms 
691299     DEBUG Test worker     d.u.i.k.n.KeyIO           MODE: 2nd degree decls took 0 
691299     INFO  Test worker     d.u.i.k.n.KeyIO           Parsing took 0 ms 
691299     DEBUG Test worker     d.u.i.k.n.KeyIO           Load declarations of de.uka.ilkd.key.nparser.KeyAst$File:  <unknown>:1#1 
691299     INFO  Test worker     d.u.i.k.n.KeyIO           MODE: declarations took 0 ms 
691299     DEBUG Test worker     d.u.i.k.n.KeyIO           MODE: 2nd degree decls took 0 
691299     INFO  Test worker     d.u.i.k.n.KeyIO           Parsing took 0 ms 
691299     DEBUG Test worker     d.u.i.k.n.KeyIO           Load declarations of de.uka.ilkd.key.nparser.KeyAst$File:  <unknown>:1#1 
691299     INFO  Test worker     d.u.i.k.n.KeyIO           MODE: declarations took 0 ms 
691299     DEBUG Test worker     d.u.i.k.n.KeyIO           MODE: 2nd degree decls took 0 
691299     INFO  Test worker     d.u.i.k.n.KeyIO           Parsing took 0 ms 
691299     DEBUG Test worker     d.u.i.k.n.KeyIO           Load declarations of de.uka.ilkd.key.nparser.KeyAst$File:  <unknown>:1#1 
691299     INFO  Test worker     d.u.i.k.n.KeyIO           MODE: declarations took 0 ms 
691299     DEBUG Test worker     d.u.i.k.n.KeyIO           MODE: 2nd degree decls took 0 
696870     INFO  Test worker     d.u.i.k.n.KeyIO           Parsing took 0 ms 
696870     DEBUG Test worker     d.u.i.k.n.KeyIO           Load declarations of de.uka.ilkd.key.nparser.KeyAst$File:  <unknown>:1#1 
696870     INFO  Test worker     d.u.i.k.n.KeyIO           MODE: declarations took 0 ms 
696870     DEBUG Test worker     d.u.i.k.n.KeyIO           MODE: 2nd degree decls took 0 
696870     INFO  Test worker     d.u.i.k.n.KeyIO           Parsing took 0 ms 
696870     DEBUG Test worker     d.u.i.k.n.KeyIO           Load declarations of de.uka.ilkd.key.nparser.KeyAst$File:  <unknown>:1#1 
696870     INFO  Test worker     d.u.i.k.n.KeyIO           MODE: declarations took 0 ms 
696870     DEBUG Test worker     d.u.i.k.n.KeyIO           MODE: 2nd degree decls took 0 
696870     INFO  Test worker     d.u.i.k.n.KeyIO           Parsing took 0 ms 
696870     DEBUG Test worker     d.u.i.k.n.KeyIO           Load declarations of de.uka.ilkd.key.nparser.KeyAst$File:  <unknown>:1#1 
696870     INFO  Test worker     d.u.i.k.n.KeyIO           MODE: declarations took 0 ms 
696870     DEBUG Test worker     d.u.i.k.n.KeyIO           MODE: 2nd degree decls took 0 
696870     INFO  Test worker     d.u.i.k.n.KeyIO           Parsing took 0 ms 
696870     DEBUG Test worker     d.u.i.k.n.KeyIO           Load declarations of de.uka.ilkd.key.nparser.KeyAst$File:  <unknown>:1#1 
696886     INFO  Test worker     d.u.i.k.n.KeyIO           MODE: declarations took 16 ms 
696886     DEBUG Test worker     d.u.i.k.n.KeyIO           MODE: 2nd degree decls took 0 
696886     INFO  Test worker     d.u.i.k.n.KeyIO           Parsing took 0 ms 
696886     DEBUG Test worker     d.u.i.k.n.KeyIO           Load declarations of de.uka.ilkd.key.nparser.KeyAst$File:  <unknown>:1#1 
696886     INFO  Test worker     d.u.i.k.n.KeyIO           MODE: declarations took 0 ms 
696886     DEBUG Test worker     d.u.i.k.n.KeyIO           MODE: 2nd degree decls took 0 
702336     INFO  Test worker     d.u.i.k.n.KeyIO           Parsing took 0 ms 
702336     DEBUG Test worker     d.u.i.k.n.KeyIO           Load declarations of de.uka.ilkd.key.nparser.KeyAst$File:  <unknown>:1#1 
702336     INFO  Test worker     d.u.i.k.n.KeyIO           MODE: declarations took 0 ms 
702352     DEBUG Test worker     d.u.i.k.n.KeyIO           MODE: 2nd degree decls took 0 
702352     INFO  Test worker     d.u.i.k.n.KeyIO           Parsing took 0 ms 
702352     DEBUG Test worker     d.u.i.k.n.KeyIO           Load declarations of de.uka.ilkd.key.nparser.KeyAst$File:  <unknown>:1#1 
702352     INFO  Test worker     d.u.i.k.n.KeyIO           MODE: declarations took 0 ms 
702352     DEBUG Test worker     d.u.i.k.n.KeyIO           MODE: 2nd degree decls took 0 
702352     INFO  Test worker     d.u.i.k.n.KeyIO           Parsing took 0 ms 
702352     DEBUG Test worker     d.u.i.k.n.KeyIO           Load declarations of de.uka.ilkd.key.nparser.KeyAst$File:  <unknown>:1#1 
702352     INFO  Test worker     d.u.i.k.n.KeyIO           MODE: declarations took 0 ms 
702352     DEBUG Test worker     d.u.i.k.n.KeyIO           MODE: 2nd degree decls took 0 
702352     INFO  Test worker     d.u.i.k.n.KeyIO           Parsing took 0 ms 
702352     DEBUG Test worker     d.u.i.k.n.KeyIO           Load declarations of de.uka.ilkd.key.nparser.KeyAst$File:  <unknown>:1#1 
702352     INFO  Test worker     d.u.i.k.n.KeyIO           MODE: declarations took 0 ms 
702352     DEBUG Test worker     d.u.i.k.n.KeyIO           MODE: 2nd degree decls took 0 
702352     INFO  Test worker     d.u.i.k.n.KeyIO           Parsing took 0 ms 
702352     DEBUG Test worker     d.u.i.k.n.KeyIO           Load declarations of de.uka.ilkd.key.nparser.KeyAst$File:  <unknown>:1#1 
702352     INFO  Test worker     d.u.i.k.n.KeyIO           MODE: declarations took 0 ms 
702352     DEBUG Test worker     d.u.i.k.n.KeyIO           MODE: 2nd degree decls took 0 
707928     INFO  Test worker     d.u.i.k.n.KeyIO           Parsing took 0 ms 
707928     DEBUG Test worker     d.u.i.k.n.KeyIO           Load declarations of de.uka.ilkd.key.nparser.KeyAst$File:  <unknown>:1#1 
707928     INFO  Test worker     d.u.i.k.n.KeyIO           MODE: declarations took 0 ms 
707928     DEBUG Test worker     d.u.i.k.n.KeyIO           MODE: 2nd degree decls took 0 
707928     INFO  Test worker     d.u.i.k.n.KeyIO           Parsing took 0 ms 
707928     DEBUG Test worker     d.u.i.k.n.KeyIO           Load declarations of de.uka.ilkd.key.nparser.KeyAst$File:  <unknown>:1#1 
707928     INFO  Test worker     d.u.i.k.n.KeyIO           MODE: declarations took 0 ms 
707928     DEBUG Test worker     d.u.i.k.n.KeyIO           MODE: 2nd degree decls took 0 
707928     INFO  Test worker     d.u.i.k.n.KeyIO           Parsing took 0 ms 
707928     DEBUG Test worker     d.u.i.k.n.KeyIO           Load declarations of de.uka.ilkd.key.nparser.KeyAst$File:  <unknown>:1#1 
707928     INFO  Test worker     d.u.i.k.n.KeyIO           MODE: declarations took 0 ms 
707928     DEBUG Test worker     d.u.i.k.n.KeyIO           MODE: 2nd degree decls took 0 
707928     INFO  Test worker     d.u.i.k.n.KeyIO           Parsing took 0 ms 
707928     DEBUG Test worker     d.u.i.k.n.KeyIO           Load declarations of de.uka.ilkd.key.nparser.KeyAst$File:  <unknown>:1#1 
707928     INFO  Test worker     d.u.i.k.n.KeyIO           MODE: declarations took 0 ms 
707928     DEBUG Test worker     d.u.i.k.n.KeyIO           MODE: 2nd degree decls took 0 
707928     INFO  Test worker     d.u.i.k.n.KeyIO           Parsing took 0 ms 
707928     DEBUG Test worker     d.u.i.k.n.KeyIO           Load declarations of de.uka.ilkd.key.nparser.KeyAst$File:  <unknown>:1#1 
707928     INFO  Test worker     d.u.i.k.n.KeyIO           MODE: declarations took 0 ms 
707928     DEBUG Test worker     d.u.i.k.n.KeyIO           MODE: 2nd degree decls took 0 
713411     INFO  Test worker     d.u.i.k.n.KeyIO           Parsing took 0 ms 
713411     DEBUG Test worker     d.u.i.k.n.KeyIO           Load declarations of de.uka.ilkd.key.nparser.KeyAst$File:  <unknown>:1#1 
713411     INFO  Test worker     d.u.i.k.n.KeyIO           MODE: declarations took 0 ms 
713411     DEBUG Test worker     d.u.i.k.n.KeyIO           MODE: 2nd degree decls took 0 
713411     INFO  Test worker     d.u.i.k.n.KeyIO           Parsing took 0 ms 
713411     DEBUG Test worker     d.u.i.k.n.KeyIO           Load declarations of de.uka.ilkd.key.nparser.KeyAst$File:  <unknown>:1#1 
713411     INFO  Test worker     d.u.i.k.n.KeyIO           MODE: declarations took 0 ms 
713411     DEBUG Test worker     d.u.i.k.n.KeyIO           MODE: 2nd degree decls took 0 
713411     INFO  Test worker     d.u.i.k.n.KeyIO           Parsing took 0 ms 
713411     DEBUG Test worker     d.u.i.k.n.KeyIO           Load declarations of de.uka.ilkd.key.nparser.KeyAst$File:  <unknown>:1#1 
713411     INFO  Test worker     d.u.i.k.n.KeyIO           MODE: declarations took 0 ms 
713411     DEBUG Test worker     d.u.i.k.n.KeyIO           MODE: 2nd degree decls took 0 
713411     INFO  Test worker     d.u.i.k.n.KeyIO           Parsing took 0 ms 
713411     DEBUG Test worker     d.u.i.k.n.KeyIO           Load declarations of de.uka.ilkd.key.nparser.KeyAst$File:  <unknown>:1#1 
713411     INFO  Test worker     d.u.i.k.n.KeyIO           MODE: declarations took 0 ms 
713411     DEBUG Test worker     d.u.i.k.n.KeyIO           MODE: 2nd degree decls took 0 
713411     INFO  Test worker     d.u.i.k.n.KeyIO           Parsing took 0 ms 
713411     DEBUG Test worker     d.u.i.k.n.KeyIO           Load declarations of de.uka.ilkd.key.nparser.KeyAst$File:  <unknown>:1#1 
713411     INFO  Test worker     d.u.i.k.n.KeyIO           MODE: declarations took 0 ms 
713411     DEBUG Test worker     d.u.i.k.n.KeyIO           MODE: 2nd degree decls took 0 
718912     INFO  Test worker     d.u.i.k.n.KeyIO           Parsing took 0 ms 
718912     DEBUG Test worker     d.u.i.k.n.KeyIO           Load declarations of de.uka.ilkd.key.nparser.KeyAst$File:  <unknown>:1#1 
718912     INFO  Test worker     d.u.i.k.n.KeyIO           MODE: declarations took 0 ms 
718912     DEBUG Test worker     d.u.i.k.n.KeyIO           MODE: 2nd degree decls took 0 
718912     INFO  Test worker     d.u.i.k.n.KeyIO           Parsing took 0 ms 
718912     DEBUG Test worker     d.u.i.k.n.KeyIO           Load declarations of de.uka.ilkd.key.nparser.KeyAst$File:  <unknown>:1#1 
718912     INFO  Test worker     d.u.i.k.n.KeyIO           MODE: declarations took 0 ms 
718912     DEBUG Test worker     d.u.i.k.n.KeyIO           MODE: 2nd degree decls took 0 
718912     INFO  Test worker     d.u.i.k.n.KeyIO           Parsing took 0 ms 
718912     DEBUG Test worker     d.u.i.k.n.KeyIO           Load declarations of de.uka.ilkd.key.nparser.KeyAst$File:  <unknown>:1#1 
718912     INFO  Test worker     d.u.i.k.n.KeyIO           MODE: declarations took 0 ms 
718912     DEBUG Test worker     d.u.i.k.n.KeyIO           MODE: 2nd degree decls took 0 
718912     INFO  Test worker     d.u.i.k.n.KeyIO           Parsing took 0 ms 
718912     DEBUG Test worker     d.u.i.k.n.KeyIO           Load declarations of de.uka.ilkd.key.nparser.KeyAst$File:  <unknown>:1#1 
718912     INFO  Test worker     d.u.i.k.n.KeyIO           MODE: declarations took 0 ms 
718912     DEBUG Test worker     d.u.i.k.n.KeyIO           MODE: 2nd degree decls took 0 
718912     INFO  Test worker     d.u.i.k.n.KeyIO           Parsing took 0 ms 
718912     DEBUG Test worker     d.u.i.k.n.KeyIO           Load declarations of de.uka.ilkd.key.nparser.KeyAst$File:  <unknown>:1#1 
718912     INFO  Test worker     d.u.i.k.n.KeyIO           MODE: declarations took 0 ms 
718912     DEBUG Test worker     d.u.i.k.n.KeyIO           MODE: 2nd degree decls took 0 
724416     INFO  Test worker     d.u.i.k.n.KeyIO           Parsing took 0 ms 
724416     DEBUG Test worker     d.u.i.k.n.KeyIO           Load declarations of de.uka.ilkd.key.nparser.KeyAst$File:  <unknown>:1#1 
724416     INFO  Test worker     d.u.i.k.n.KeyIO           MODE: declarations took 0 ms 
724416     DEBUG Test worker     d.u.i.k.n.KeyIO           MODE: 2nd degree decls took 0 
724416     INFO  Test worker     d.u.i.k.n.KeyIO           Parsing took 0 ms 
724416     DEBUG Test worker     d.u.i.k.n.KeyIO           Load declarations of de.uka.ilkd.key.nparser.KeyAst$File:  <unknown>:1#1 
724416     INFO  Test worker     d.u.i.k.n.KeyIO           MODE: declarations took 0 ms 
724416     DEBUG Test worker     d.u.i.k.n.KeyIO           MODE: 2nd degree decls took 0 
724416     INFO  Test worker     d.u.i.k.n.KeyIO           Parsing took 0 ms 
724416     DEBUG Test worker     d.u.i.k.n.KeyIO           Load declarations of de.uka.ilkd.key.nparser.KeyAst$File:  <unknown>:1#1 
724416     INFO  Test worker     d.u.i.k.n.KeyIO           MODE: declarations took 0 ms 
724416     DEBUG Test worker     d.u.i.k.n.KeyIO           MODE: 2nd degree decls took 0 
724416     INFO  Test worker     d.u.i.k.n.KeyIO           Parsing took 0 ms 
724416     DEBUG Test worker     d.u.i.k.n.KeyIO           Load declarations of de.uka.ilkd.key.nparser.KeyAst$File:  <unknown>:1#1 
724416     INFO  Test worker     d.u.i.k.n.KeyIO           MODE: declarations took 0 ms 
724416     DEBUG Test worker     d.u.i.k.n.KeyIO           MODE: 2nd degree decls took 0 
724416     INFO  Test worker     d.u.i.k.n.KeyIO           Parsing took 0 ms 
724416     DEBUG Test worker     d.u.i.k.n.KeyIO           Load declarations of de.uka.ilkd.key.nparser.KeyAst$File:  <unknown>:1#1 
724416     INFO  Test worker     d.u.i.k.n.KeyIO           MODE: declarations took 0 ms 
724416     DEBUG Test worker     d.u.i.k.n.KeyIO           MODE: 2nd degree decls took 0 
729927     INFO  Test worker     d.u.i.k.n.KeyIO           Parsing took 0 ms 
729927     DEBUG Test worker     d.u.i.k.n.KeyIO           Load declarations of de.uka.ilkd.key.nparser.KeyAst$File:  <unknown>:1#1 
729927     INFO  Test worker     d.u.i.k.n.KeyIO           MODE: declarations took 0 ms 
729927     DEBUG Test worker     d.u.i.k.n.KeyIO           MODE: 2nd degree decls took 0 
729927     INFO  Test worker     d.u.i.k.n.KeyIO           Parsing took 0 ms 
729927     DEBUG Test worker     d.u.i.k.n.KeyIO           Load declarations of de.uka.ilkd.key.nparser.KeyAst$File:  <unknown>:1#1 
729927     INFO  Test worker     d.u.i.k.n.KeyIO           MODE: declarations took 0 ms 
729927     DEBUG Test worker     d.u.i.k.n.KeyIO           MODE: 2nd degree decls took 0 
729927     INFO  Test worker     d.u.i.k.n.KeyIO           Parsing took 0 ms 
729927     DEBUG Test worker     d.u.i.k.n.KeyIO           Load declarations of de.uka.ilkd.key.nparser.KeyAst$File:  <unknown>:1#1 
729927     INFO  Test worker     d.u.i.k.n.KeyIO           MODE: declarations took 0 ms 
729927     DEBUG Test worker     d.u.i.k.n.KeyIO           MODE: 2nd degree decls took 0 
729927     INFO  Test worker     d.u.i.k.n.KeyIO           Parsing took 0 ms 
729927     DEBUG Test worker     d.u.i.k.n.KeyIO           Load declarations of de.uka.ilkd.key.nparser.KeyAst$File:  <unknown>:1#1 
729927     INFO  Test worker     d.u.i.k.n.KeyIO           MODE: declarations took 0 ms 
729927     DEBUG Test worker     d.u.i.k.n.KeyIO           MODE: 2nd degree decls took 0 
729927     INFO  Test worker     d.u.i.k.n.KeyIO           Parsing took 0 ms 
729927     DEBUG Test worker     d.u.i.k.n.KeyIO           Load declarations of de.uka.ilkd.key.nparser.KeyAst$File:  <unknown>:1#1 
729927     INFO  Test worker     d.u.i.k.n.KeyIO           MODE: declarations took 0 ms 
729927     DEBUG Test worker     d.u.i.k.n.KeyIO           MODE: 2nd degree decls took 0 
735403     INFO  Test worker     d.u.i.k.n.KeyIO           Parsing took 0 ms 
735403     DEBUG Test worker     d.u.i.k.n.KeyIO           Load declarations of de.uka.ilkd.key.nparser.KeyAst$File:  <unknown>:1#1 
735403     INFO  Test worker     d.u.i.k.n.KeyIO           MODE: declarations took 0 ms 
735403     DEBUG Test worker     d.u.i.k.n.KeyIO           MODE: 2nd degree decls took 0 
735403     INFO  Test worker     d.u.i.k.n.KeyIO           Parsing took 0 ms 
735403     DEBUG Test worker     d.u.i.k.n.KeyIO           Load declarations of de.uka.ilkd.key.nparser.KeyAst$File:  <unknown>:1#1 
735403     INFO  Test worker     d.u.i.k.n.KeyIO           MODE: declarations took 0 ms 
735403     DEBUG Test worker     d.u.i.k.n.KeyIO           MODE: 2nd degree decls took 0 
735403     INFO  Test worker     d.u.i.k.n.KeyIO           Parsing took 0 ms 
735403     DEBUG Test worker     d.u.i.k.n.KeyIO           Load declarations of de.uka.ilkd.key.nparser.KeyAst$File:  <unknown>:1#1 
735403     INFO  Test worker     d.u.i.k.n.KeyIO           MODE: declarations took 0 ms 
735403     DEBUG Test worker     d.u.i.k.n.KeyIO           MODE: 2nd degree decls took 0 
735403     INFO  Test worker     d.u.i.k.n.KeyIO           Parsing took 0 ms 
735403     DEBUG Test worker     d.u.i.k.n.KeyIO           Load declarations of de.uka.ilkd.key.nparser.KeyAst$File:  <unknown>:1#1 
735403     INFO  Test worker     d.u.i.k.n.KeyIO           MODE: declarations took 0 ms 
735403     DEBUG Test worker     d.u.i.k.n.KeyIO           MODE: 2nd degree decls took 0 
735403     INFO  Test worker     d.u.i.k.n.KeyIO           Parsing took 0 ms 
735403     DEBUG Test worker     d.u.i.k.n.KeyIO           Load declarations of de.uka.ilkd.key.nparser.KeyAst$File:  <unknown>:1#1 
735403     INFO  Test worker     d.u.i.k.n.KeyIO           MODE: declarations took 0 ms 
735403     DEBUG Test worker     d.u.i.k.n.KeyIO           MODE: 2nd degree decls took 0 
740956     INFO  Test worker     d.u.i.k.n.KeyIO           Parsing took 0 ms 
740956     DEBUG Test worker     d.u.i.k.n.KeyIO           Load declarations of de.uka.ilkd.key.nparser.KeyAst$File:  <unknown>:1#1 
740956     INFO  Test worker     d.u.i.k.n.KeyIO           MODE: declarations took 0 ms 
740956     DEBUG Test worker     d.u.i.k.n.KeyIO           MODE: 2nd degree decls took 0 
740956     INFO  Test worker     d.u.i.k.n.KeyIO           Parsing took 0 ms 
740956     DEBUG Test worker     d.u.i.k.n.KeyIO           Load declarations of de.uka.ilkd.key.nparser.KeyAst$File:  <unknown>:1#1 
740956     INFO  Test worker     d.u.i.k.n.KeyIO           MODE: declarations took 0 ms 
740956     DEBUG Test worker     d.u.i.k.n.KeyIO           MODE: 2nd degree decls took 0 
740956     INFO  Test worker     d.u.i.k.n.KeyIO           Parsing took 0 ms 
740956     DEBUG Test worker     d.u.i.k.n.KeyIO           Load declarations of de.uka.ilkd.key.nparser.KeyAst$File:  <unknown>:1#1 
740956     INFO  Test worker     d.u.i.k.n.KeyIO           MODE: declarations took 0 ms 
740956     DEBUG Test worker     d.u.i.k.n.KeyIO           MODE: 2nd degree decls took 0 
740956     INFO  Test worker     d.u.i.k.n.KeyIO           Parsing took 0 ms 
740956     DEBUG Test worker     d.u.i.k.n.KeyIO           Load declarations of de.uka.ilkd.key.nparser.KeyAst$File:  <unknown>:1#1 
740956     INFO  Test worker     d.u.i.k.n.KeyIO           MODE: declarations took 0 ms 
740956     DEBUG Test worker     d.u.i.k.n.KeyIO           MODE: 2nd degree decls took 0 
740956     INFO  Test worker     d.u.i.k.n.KeyIO           Parsing took 0 ms 
740956     DEBUG Test worker     d.u.i.k.n.KeyIO           Load declarations of de.uka.ilkd.key.nparser.KeyAst$File:  <unknown>:1#1 
740956     INFO  Test worker     d.u.i.k.n.KeyIO           MODE: declarations took 0 ms 
740956     DEBUG Test worker     d.u.i.k.n.KeyIO           MODE: 2nd degree decls took 0 
746423     INFO  Test worker     d.u.i.k.n.KeyIO           Parsing took 0 ms 
746423     DEBUG Test worker     d.u.i.k.n.KeyIO           Load declarations of de.uka.ilkd.key.nparser.KeyAst$File:  <unknown>:1#1 
746423     INFO  Test worker     d.u.i.k.n.KeyIO           MODE: declarations took 0 ms 
746423     DEBUG Test worker     d.u.i.k.n.KeyIO           MODE: 2nd degree decls took 0 
746423     INFO  Test worker     d.u.i.k.n.KeyIO           Parsing took 0 ms 
746423     DEBUG Test worker     d.u.i.k.n.KeyIO           Load declarations of de.uka.ilkd.key.nparser.KeyAst$File:  <unknown>:1#1 
746423     INFO  Test worker     d.u.i.k.n.KeyIO           MODE: declarations took 0 ms 
746423     DEBUG Test worker     d.u.i.k.n.KeyIO           MODE: 2nd degree decls took 0 
746423     INFO  Test worker     d.u.i.k.n.KeyIO           Parsing took 0 ms 
746423     DEBUG Test worker     d.u.i.k.n.KeyIO           Load declarations of de.uka.ilkd.key.nparser.KeyAst$File:  <unknown>:1#1 
746423     INFO  Test worker     d.u.i.k.n.KeyIO           MODE: declarations took 0 ms 
746423     DEBUG Test worker     d.u.i.k.n.KeyIO           MODE: 2nd degree decls took 0 
746423     INFO  Test worker     d.u.i.k.n.KeyIO           Parsing took 0 ms 
746423     DEBUG Test worker     d.u.i.k.n.KeyIO           Load declarations of de.uka.ilkd.key.nparser.KeyAst$File:  <unknown>:1#1 
746423     INFO  Test worker     d.u.i.k.n.KeyIO           MODE: declarations took 0 ms 
746423     DEBUG Test worker     d.u.i.k.n.KeyIO           MODE: 2nd degree decls took 0 
746423     INFO  Test worker     d.u.i.k.n.KeyIO           Parsing took 0 ms 
746423     DEBUG Test worker     d.u.i.k.n.KeyIO           Load declarations of de.uka.ilkd.key.nparser.KeyAst$File:  <unknown>:1#1 
746423     INFO  Test worker     d.u.i.k.n.KeyIO           MODE: declarations took 0 ms 
746423     DEBUG Test worker     d.u.i.k.n.KeyIO           MODE: 2nd degree decls took 0 
752021     INFO  Test worker     d.u.i.k.n.KeyIO           Parsing took 0 ms 
752021     DEBUG Test worker     d.u.i.k.n.KeyIO           Load declarations of de.uka.ilkd.key.nparser.KeyAst$File:  <unknown>:1#1 
752021     INFO  Test worker     d.u.i.k.n.KeyIO           MODE: declarations took 0 ms 
752021     DEBUG Test worker     d.u.i.k.n.KeyIO           MODE: 2nd degree decls took 0 
752021     INFO  Test worker     d.u.i.k.n.KeyIO           Parsing took 0 ms 
752021     DEBUG Test worker     d.u.i.k.n.KeyIO           Load declarations of de.uka.ilkd.key.nparser.KeyAst$File:  <unknown>:1#1 
752021     INFO  Test worker     d.u.i.k.n.KeyIO           MODE: declarations took 0 ms 
752021     DEBUG Test worker     d.u.i.k.n.KeyIO           MODE: 2nd degree decls took 0 
752021     INFO  Test worker     d.u.i.k.n.KeyIO           Parsing took 0 ms 
752021     DEBUG Test worker     d.u.i.k.n.KeyIO           Load declarations of de.uka.ilkd.key.nparser.KeyAst$File:  <unknown>:1#1 
752021     INFO  Test worker     d.u.i.k.n.KeyIO           MODE: declarations took 0 ms 
752021     DEBUG Test worker     d.u.i.k.n.KeyIO           MODE: 2nd degree decls took 0 
752021     INFO  Test worker     d.u.i.k.n.KeyIO           Parsing took 0 ms 
752021     DEBUG Test worker     d.u.i.k.n.KeyIO           Load declarations of de.uka.ilkd.key.nparser.KeyAst$File:  <unknown>:1#1 
752021     INFO  Test worker     d.u.i.k.n.KeyIO           MODE: declarations took 0 ms 
752021     DEBUG Test worker     d.u.i.k.n.KeyIO           MODE: 2nd degree decls took 0 
752021     INFO  Test worker     d.u.i.k.n.KeyIO           Parsing took 0 ms 
752021     DEBUG Test worker     d.u.i.k.n.KeyIO           Load declarations of de.uka.ilkd.key.nparser.KeyAst$File:  <unknown>:1#1 
752021     INFO  Test worker     d.u.i.k.n.KeyIO           MODE: declarations took 0 ms 
752021     DEBUG Test worker     d.u.i.k.n.KeyIO           MODE: 2nd degree decls took 0 
757486     INFO  Test worker     d.u.i.k.n.KeyIO           Parsing took 0 ms 
757486     DEBUG Test worker     d.u.i.k.n.KeyIO           Load declarations of de.uka.ilkd.key.nparser.KeyAst$File:  <unknown>:1#1 
757486     INFO  Test worker     d.u.i.k.n.KeyIO           MODE: declarations took 0 ms 
757486     DEBUG Test worker     d.u.i.k.n.KeyIO           MODE: 2nd degree decls took 0 
757486     INFO  Test worker     d.u.i.k.n.KeyIO           Parsing took 0 ms 
757486     DEBUG Test worker     d.u.i.k.n.KeyIO           Load declarations of de.uka.ilkd.key.nparser.KeyAst$File:  <unknown>:1#1 
757486     INFO  Test worker     d.u.i.k.n.KeyIO           MODE: declarations took 0 ms 
757486     DEBUG Test worker     d.u.i.k.n.KeyIO           MODE: 2nd degree decls took 0 
757486     INFO  Test worker     d.u.i.k.n.KeyIO           Parsing took 0 ms 
757486     DEBUG Test worker     d.u.i.k.n.KeyIO           Load declarations of de.uka.ilkd.key.nparser.KeyAst$File:  <unknown>:1#1 
757486     INFO  Test worker     d.u.i.k.n.KeyIO           MODE: declarations took 0 ms 
757486     DEBUG Test worker     d.u.i.k.n.KeyIO           MODE: 2nd degree decls took 0 
757502     INFO  Test worker     d.u.i.k.n.KeyIO           Parsing took 16 ms 
757502     DEBUG Test worker     d.u.i.k.n.KeyIO           Load declarations of de.uka.ilkd.key.nparser.KeyAst$File:  <unknown>:1#1 
757502     INFO  Test worker     d.u.i.k.n.KeyIO           MODE: declarations took 0 ms 
757502     DEBUG Test worker     d.u.i.k.n.KeyIO           MODE: 2nd degree decls took 0 
757502     INFO  Test worker     d.u.i.k.n.KeyIO           Parsing took 0 ms 
757502     DEBUG Test worker     d.u.i.k.n.KeyIO           Load declarations of de.uka.ilkd.key.nparser.KeyAst$File:  <unknown>:1#1 
757502     INFO  Test worker     d.u.i.k.n.KeyIO           MODE: declarations took 0 ms 
757502     DEBUG Test worker     d.u.i.k.n.KeyIO           MODE: 2nd degree decls took 0 
763021     INFO  Test worker     d.u.i.k.n.KeyIO           Parsing took 0 ms 
763021     DEBUG Test worker     d.u.i.k.n.KeyIO           Load declarations of de.uka.ilkd.key.nparser.KeyAst$File:  <unknown>:1#1 
763021     INFO  Test worker     d.u.i.k.n.KeyIO           MODE: declarations took 0 ms 
763021     DEBUG Test worker     d.u.i.k.n.KeyIO           MODE: 2nd degree decls took 0 
763021     INFO  Test worker     d.u.i.k.n.KeyIO           Parsing took 0 ms 
763021     DEBUG Test worker     d.u.i.k.n.KeyIO           Load declarations of de.uka.ilkd.key.nparser.KeyAst$File:  <unknown>:1#1 
763021     INFO  Test worker     d.u.i.k.n.KeyIO           MODE: declarations took 0 ms 
763021     DEBUG Test worker     d.u.i.k.n.KeyIO           MODE: 2nd degree decls took 0 
763021     INFO  Test worker     d.u.i.k.n.KeyIO           Parsing took 0 ms 
763021     DEBUG Test worker     d.u.i.k.n.KeyIO           Load declarations of de.uka.ilkd.key.nparser.KeyAst$File:  <unknown>:1#1 
763021     INFO  Test worker     d.u.i.k.n.KeyIO           MODE: declarations took 0 ms 
763021     DEBUG Test worker     d.u.i.k.n.KeyIO           MODE: 2nd degree decls took 0 
763021     INFO  Test worker     d.u.i.k.n.KeyIO           Parsing took 0 ms 
763021     DEBUG Test worker     d.u.i.k.n.KeyIO           Load declarations of de.uka.ilkd.key.nparser.KeyAst$File:  <unknown>:1#1 
763021     INFO  Test worker     d.u.i.k.n.KeyIO           MODE: declarations took 0 ms 
763021     DEBUG Test worker     d.u.i.k.n.KeyIO           MODE: 2nd degree decls took 0 
763021     INFO  Test worker     d.u.i.k.n.KeyIO           Parsing took 0 ms 
763021     DEBUG Test worker     d.u.i.k.n.KeyIO           Load declarations of de.uka.ilkd.key.nparser.KeyAst$File:  <unknown>:1#1 
763021     INFO  Test worker     d.u.i.k.n.KeyIO           MODE: declarations took 0 ms 
763037     DEBUG Test worker     d.u.i.k.n.KeyIO           MODE: 2nd degree decls took 0 
768674     INFO  Test worker     d.u.i.k.n.KeyIO           Parsing took 0 ms 
768674     DEBUG Test worker     d.u.i.k.n.KeyIO           Load declarations of de.uka.ilkd.key.nparser.KeyAst$File:  <unknown>:1#1 
768674     INFO  Test worker     d.u.i.k.n.KeyIO           MODE: declarations took 0 ms 
768674     DEBUG Test worker     d.u.i.k.n.KeyIO           MODE: 2nd degree decls took 0 
768674     INFO  Test worker     d.u.i.k.n.KeyIO           Parsing took 0 ms 
768674     DEBUG Test worker     d.u.i.k.n.KeyIO           Load declarations of de.uka.ilkd.key.nparser.KeyAst$File:  <unknown>:1#1 
768689     INFO  Test worker     d.u.i.k.n.KeyIO           MODE: declarations took 15 ms 
768689     DEBUG Test worker     d.u.i.k.n.KeyIO           MODE: 2nd degree decls took 0 
768689     INFO  Test worker     d.u.i.k.n.KeyIO           Parsing took 0 ms 
768689     DEBUG Test worker     d.u.i.k.n.KeyIO           Load declarations of de.uka.ilkd.key.nparser.KeyAst$File:  <unknown>:1#1 
768689     INFO  Test worker     d.u.i.k.n.KeyIO           MODE: declarations took 0 ms 
768689     DEBUG Test worker     d.u.i.k.n.KeyIO           MODE: 2nd degree decls took 0 
768689     INFO  Test worker     d.u.i.k.n.KeyIO           Parsing took 0 ms 
768689     DEBUG Test worker     d.u.i.k.n.KeyIO           Load declarations of de.uka.ilkd.key.nparser.KeyAst$File:  <unknown>:1#1 
768689     INFO  Test worker     d.u.i.k.n.KeyIO           MODE: declarations took 0 ms 
768689     DEBUG Test worker     d.u.i.k.n.KeyIO           MODE: 2nd degree decls took 0 
768689     INFO  Test worker     d.u.i.k.n.KeyIO           Parsing took 0 ms 
768689     DEBUG Test worker     d.u.i.k.n.KeyIO           Load declarations of de.uka.ilkd.key.nparser.KeyAst$File:  <unknown>:1#1 
768689     INFO  Test worker     d.u.i.k.n.KeyIO           MODE: declarations took 0 ms 
768689     DEBUG Test worker     d.u.i.k.n.KeyIO           MODE: 2nd degree decls took 0 
774122     INFO  Test worker     d.u.i.k.n.KeyIO           Parsing took 0 ms 
774122     DEBUG Test worker     d.u.i.k.n.KeyIO           Load declarations of de.uka.ilkd.key.nparser.KeyAst$File:  <unknown>:1#1 
774122     INFO  Test worker     d.u.i.k.n.KeyIO           MODE: declarations took 0 ms 
774122     DEBUG Test worker     d.u.i.k.n.KeyIO           MODE: 2nd degree decls took 0 
774122     INFO  Test worker     d.u.i.k.n.KeyIO           Parsing took 0 ms 
774122     DEBUG Test worker     d.u.i.k.n.KeyIO           Load declarations of de.uka.ilkd.key.nparser.KeyAst$File:  <unknown>:1#1 
774122     INFO  Test worker     d.u.i.k.n.KeyIO           MODE: declarations took 0 ms 
774122     DEBUG Test worker     d.u.i.k.n.KeyIO           MODE: 2nd degree decls took 0 
774122     INFO  Test worker     d.u.i.k.n.KeyIO           Parsing took 0 ms 
774122     DEBUG Test worker     d.u.i.k.n.KeyIO           Load declarations of de.uka.ilkd.key.nparser.KeyAst$File:  <unknown>:1#1 
774122     INFO  Test worker     d.u.i.k.n.KeyIO           MODE: declarations took 0 ms 
774122     DEBUG Test worker     d.u.i.k.n.KeyIO           MODE: 2nd degree decls took 0 
774122     INFO  Test worker     d.u.i.k.n.KeyIO           Parsing took 0 ms 
774122     DEBUG Test worker     d.u.i.k.n.KeyIO           Load declarations of de.uka.ilkd.key.nparser.KeyAst$File:  <unknown>:1#1 
774122     INFO  Test worker     d.u.i.k.n.KeyIO           MODE: declarations took 0 ms 
774122     DEBUG Test worker     d.u.i.k.n.KeyIO           MODE: 2nd degree decls took 0 
774122     INFO  Test worker     d.u.i.k.n.KeyIO           Parsing took 0 ms 
774122     DEBUG Test worker     d.u.i.k.n.KeyIO           Load declarations of de.uka.ilkd.key.nparser.KeyAst$File:  <unknown>:1#1 
774122     INFO  Test worker     d.u.i.k.n.KeyIO           MODE: declarations took 0 ms 
774122     DEBUG Test worker     d.u.i.k.n.KeyIO           MODE: 2nd degree decls took 0 
779713     INFO  Test worker     d.u.i.k.n.KeyIO           Parsing took 0 ms 
779713     DEBUG Test worker     d.u.i.k.n.KeyIO           Load declarations of de.uka.ilkd.key.nparser.KeyAst$File:  <unknown>:1#1 
779713     INFO  Test worker     d.u.i.k.n.KeyIO           MODE: declarations took 0 ms 
779713     DEBUG Test worker     d.u.i.k.n.KeyIO           MODE: 2nd degree decls took 0 
779713     INFO  Test worker     d.u.i.k.n.KeyIO           Parsing took 0 ms 
779713     DEBUG Test worker     d.u.i.k.n.KeyIO           Load declarations of de.uka.ilkd.key.nparser.KeyAst$File:  <unknown>:1#1 
779713     INFO  Test worker     d.u.i.k.n.KeyIO           MODE: declarations took 0 ms 
779713     DEBUG Test worker     d.u.i.k.n.KeyIO           MODE: 2nd degree decls took 0 
779713     INFO  Test worker     d.u.i.k.n.KeyIO           Parsing took 0 ms 
779713     DEBUG Test worker     d.u.i.k.n.KeyIO           Load declarations of de.uka.ilkd.key.nparser.KeyAst$File:  <unknown>:1#1 
779713     INFO  Test worker     d.u.i.k.n.KeyIO           MODE: declarations took 0 ms 
779713     DEBUG Test worker     d.u.i.k.n.KeyIO           MODE: 2nd degree decls took 0 
779713     INFO  Test worker     d.u.i.k.n.KeyIO           Parsing took 0 ms 
779713     DEBUG Test worker     d.u.i.k.n.KeyIO           Load declarations of de.uka.ilkd.key.nparser.KeyAst$File:  <unknown>:1#1 
779713     INFO  Test worker     d.u.i.k.n.KeyIO           MODE: declarations took 0 ms 
779713     DEBUG Test worker     d.u.i.k.n.KeyIO           MODE: 2nd degree decls took 0 
779713     INFO  Test worker     d.u.i.k.n.KeyIO           Parsing took 0 ms 
779713     DEBUG Test worker     d.u.i.k.n.KeyIO           Load declarations of de.uka.ilkd.key.nparser.KeyAst$File:  <unknown>:1#1 
779713     INFO  Test worker     d.u.i.k.n.KeyIO           MODE: declarations took 0 ms 
779713     DEBUG Test worker     d.u.i.k.n.KeyIO           MODE: 2nd degree decls took 0 
785169     INFO  Test worker     d.u.i.k.n.KeyIO           Parsing took 0 ms 
785169     DEBUG Test worker     d.u.i.k.n.KeyIO           Load declarations of de.uka.ilkd.key.nparser.KeyAst$File:  <unknown>:1#1 
785169     INFO  Test worker     d.u.i.k.n.KeyIO           MODE: declarations took 0 ms 
785169     DEBUG Test worker     d.u.i.k.n.KeyIO           MODE: 2nd degree decls took 0 
785169     INFO  Test worker     d.u.i.k.n.KeyIO           Parsing took 0 ms 
785169     DEBUG Test worker     d.u.i.k.n.KeyIO           Load declarations of de.uka.ilkd.key.nparser.KeyAst$File:  <unknown>:1#1 
785169     INFO  Test worker     d.u.i.k.n.KeyIO           MODE: declarations took 0 ms 
785169     DEBUG Test worker     d.u.i.k.n.KeyIO           MODE: 2nd degree decls took 0 
785169     INFO  Test worker     d.u.i.k.n.KeyIO           Parsing took 0 ms 
785169     DEBUG Test worker     d.u.i.k.n.KeyIO           Load declarations of de.uka.ilkd.key.nparser.KeyAst$File:  <unknown>:1#1 
785169     INFO  Test worker     d.u.i.k.n.KeyIO           MODE: declarations took 0 ms 
785169     DEBUG Test worker     d.u.i.k.n.KeyIO           MODE: 2nd degree decls took 0 
785169     INFO  Test worker     d.u.i.k.n.KeyIO           Parsing took 0 ms 
785169     DEBUG Test worker     d.u.i.k.n.KeyIO           Load declarations of de.uka.ilkd.key.nparser.KeyAst$File:  <unknown>:1#1 
785169     INFO  Test worker     d.u.i.k.n.KeyIO           MODE: declarations took 0 ms 
785169     DEBUG Test worker     d.u.i.k.n.KeyIO           MODE: 2nd degree decls took 0 
785169     INFO  Test worker     d.u.i.k.n.KeyIO           Parsing took 0 ms 
785169     DEBUG Test worker     d.u.i.k.n.KeyIO           Load declarations of de.uka.ilkd.key.nparser.KeyAst$File:  <unknown>:1#1 
785169     INFO  Test worker     d.u.i.k.n.KeyIO           MODE: declarations took 0 ms 
785169     DEBUG Test worker     d.u.i.k.n.KeyIO           MODE: 2nd degree decls took 0 
790790     INFO  Test worker     d.u.i.k.n.KeyIO           Parsing took 0 ms 
790790     DEBUG Test worker     d.u.i.k.n.KeyIO           Load declarations of de.uka.ilkd.key.nparser.KeyAst$File:  <unknown>:1#1 
790790     INFO  Test worker     d.u.i.k.n.KeyIO           MODE: declarations took 0 ms 
790790     DEBUG Test worker     d.u.i.k.n.KeyIO           MODE: 2nd degree decls took 0 
790790     INFO  Test worker     d.u.i.k.n.KeyIO           Parsing took 0 ms 
790790     DEBUG Test worker     d.u.i.k.n.KeyIO           Load declarations of de.uka.ilkd.key.nparser.KeyAst$File:  <unknown>:1#1 
790790     INFO  Test worker     d.u.i.k.n.KeyIO           MODE: declarations took 0 ms 
790790     DEBUG Test worker     d.u.i.k.n.KeyIO           MODE: 2nd degree decls took 0 
790790     INFO  Test worker     d.u.i.k.n.KeyIO           Parsing took 0 ms 
790790     DEBUG Test worker     d.u.i.k.n.KeyIO           Load declarations of de.uka.ilkd.key.nparser.KeyAst$File:  <unknown>:1#1 
790790     INFO  Test worker     d.u.i.k.n.KeyIO           MODE: declarations took 0 ms 
790790     DEBUG Test worker     d.u.i.k.n.KeyIO           MODE: 2nd degree decls took 0 
790790     INFO  Test worker     d.u.i.k.n.KeyIO           Parsing took 0 ms 
790790     DEBUG Test worker     d.u.i.k.n.KeyIO           Load declarations of de.uka.ilkd.key.nparser.KeyAst$File:  <unknown>:1#1 
790790     INFO  Test worker     d.u.i.k.n.KeyIO           MODE: declarations took 0 ms 
790790     DEBUG Test worker     d.u.i.k.n.KeyIO           MODE: 2nd degree decls took 0 
790790     INFO  Test worker     d.u.i.k.n.KeyIO           Parsing took 0 ms 
790790     DEBUG Test worker     d.u.i.k.n.KeyIO           Load declarations of de.uka.ilkd.key.nparser.KeyAst$File:  <unknown>:1#1 
790790     INFO  Test worker     d.u.i.k.n.KeyIO           MODE: declarations took 0 ms 
790790     DEBUG Test worker     d.u.i.k.n.KeyIO           MODE: 2nd degree decls took 0 
796352     INFO  Test worker     d.u.i.k.n.KeyIO           Parsing took 0 ms 
796352     DEBUG Test worker     d.u.i.k.n.KeyIO           Load declarations of de.uka.ilkd.key.nparser.KeyAst$File:  <unknown>:1#1 
796352     INFO  Test worker     d.u.i.k.n.KeyIO           MODE: declarations took 0 ms 
796352     DEBUG Test worker     d.u.i.k.n.KeyIO           MODE: 2nd degree decls took 0 
796352     INFO  Test worker     d.u.i.k.n.KeyIO           Parsing took 0 ms 
796352     DEBUG Test worker     d.u.i.k.n.KeyIO           Load declarations of de.uka.ilkd.key.nparser.KeyAst$File:  <unknown>:1#1 
796352     INFO  Test worker     d.u.i.k.n.KeyIO           MODE: declarations took 0 ms 
796352     DEBUG Test worker     d.u.i.k.n.KeyIO           MODE: 2nd degree decls took 0 
796352     INFO  Test worker     d.u.i.k.n.KeyIO           Parsing took 0 ms 
796352     DEBUG Test worker     d.u.i.k.n.KeyIO           Load declarations of de.uka.ilkd.key.nparser.KeyAst$File:  <unknown>:1#1 
796352     INFO  Test worker     d.u.i.k.n.KeyIO           MODE: declarations took 0 ms 
796352     DEBUG Test worker     d.u.i.k.n.KeyIO           MODE: 2nd degree decls took 0 
796352     INFO  Test worker     d.u.i.k.n.KeyIO           Parsing took 0 ms 
796352     DEBUG Test worker     d.u.i.k.n.KeyIO           Load declarations of de.uka.ilkd.key.nparser.KeyAst$File:  <unknown>:1#1 
796352     INFO  Test worker     d.u.i.k.n.KeyIO           MODE: declarations took 0 ms 
796352     DEBUG Test worker     d.u.i.k.n.KeyIO           MODE: 2nd degree decls took 0 
796352     INFO  Test worker     d.u.i.k.n.KeyIO           Parsing took 0 ms 
796352     DEBUG Test worker     d.u.i.k.n.KeyIO           Load declarations of de.uka.ilkd.key.nparser.KeyAst$File:  <unknown>:1#1 
796352     INFO  Test worker     d.u.i.k.n.KeyIO           MODE: declarations took 0 ms 
796352     DEBUG Test worker     d.u.i.k.n.KeyIO           MODE: 2nd degree decls took 0 
]]></system-out>
  <system-err><![CDATA[]]></system-err>
</testsuite>
