<?xml version="1.0" encoding="UTF-8"?>
<testsuite name="de.uka.ilkd.key.parser.TestDeclParser" tests="14" skipped="2" failures="0" errors="0" timestamp="2023-06-09T13:49:22" hostname="fv-az479-659" time="20.519">
  <properties/>
  <testcase name="testGenericSortDecl1()" classname="de.uka.ilkd.key.parser.TestDeclParser" time="1.743"/>
  <testcase name="testGenericSortDecl2()" classname="de.uka.ilkd.key.parser.TestDeclParser" time="1.66"/>
  <testcase name="testGenericSortDecl3()" classname="de.uka.ilkd.key.parser.TestDeclParser" time="1.675"/>
  <testcase name="testGenericSortDecl4()" classname="de.uka.ilkd.key.parser.TestDeclParser" time="1.722"/>
  <testcase name="testGenericSortDecl5()" classname="de.uka.ilkd.key.parser.TestDeclParser" time="0.0">
    <skipped/>
  </testcase>
  <testcase name="testGenericSortDecl6()" classname="de.uka.ilkd.key.parser.TestDeclParser" time="1.721"/>
  <testcase name="testSortDecl()" classname="de.uka.ilkd.key.parser.TestDeclParser" time="1.668"/>
  <testcase name="testProxySortDecl()" classname="de.uka.ilkd.key.parser.TestDeclParser" time="1.764"/>
  <testcase name="testArrayDecl()" classname="de.uka.ilkd.key.parser.TestDeclParser" time="1.742"/>
  <testcase name="testAmbiguousDecls()" classname="de.uka.ilkd.key.parser.TestDeclParser" time="0.0">
    <skipped/>
  </testcase>
  <testcase name="testHeurDecl()" classname="de.uka.ilkd.key.parser.TestDeclParser" time="1.719"/>
  <testcase name="testFunctionDecl()" classname="de.uka.ilkd.key.parser.TestDeclParser" time="1.724"/>
  <testcase name="testPredicateDecl()" classname="de.uka.ilkd.key.parser.TestDeclParser" time="1.644"/>
  <testcase name="testSVDecl()" classname="de.uka.ilkd.key.parser.TestDeclParser" time="1.733"/>
  <system-out><![CDATA[406605     INFO  Test worker     d.u.i.k.n.KeyIO           Parsing took 0 ms 
406605     DEBUG Test worker     d.u.i.k.n.KeyIO           Load declarations of de.uka.ilkd.key.nparser.KeyAst$File:  <unknown>:1#1 
406605     INFO  Test worker     d.u.i.k.n.KeyIO           MODE: declarations took 0 ms 
406605     DEBUG Test worker     d.u.i.k.n.KeyIO           MODE: 2nd degree decls took 0 
406605     DEBUG Test worker     d.u.i.k.n.KeyIO           MODE: taclets took 0ms 
408263     INFO  Test worker     d.u.i.k.n.KeyIO           Parsing took 0 ms 
408263     DEBUG Test worker     d.u.i.k.n.KeyIO           Load declarations of de.uka.ilkd.key.nparser.KeyAst$File:  <unknown>:1#1 
408263     INFO  Test worker     d.u.i.k.n.KeyIO           MODE: declarations took 0 ms 
408263     DEBUG Test worker     d.u.i.k.n.KeyIO           MODE: 2nd degree decls took 0 
408263     DEBUG Test worker     d.u.i.k.n.KeyIO           MODE: taclets took 0ms 
409941     INFO  Test worker     d.u.i.k.n.KeyIO           Parsing took 0 ms 
409941     DEBUG Test worker     d.u.i.k.n.KeyIO           Load declarations of de.uka.ilkd.key.nparser.KeyAst$File:  <unknown>:1#1 
409941     INFO  Test worker     d.u.i.k.n.KeyIO           MODE: declarations took 0 ms 
409941     DEBUG Test worker     d.u.i.k.n.KeyIO           MODE: 2nd degree decls took 0 
409941     DEBUG Test worker     d.u.i.k.n.KeyIO           MODE: taclets took 0ms 
411661     INFO  Test worker     d.u.i.k.n.KeyIO           Parsing took 0 ms 
411661     DEBUG Test worker     d.u.i.k.n.KeyIO           Load declarations of de.uka.ilkd.key.nparser.KeyAst$File:  <unknown>:1#1 
411661     INFO  Test worker     d.u.i.k.n.KeyIO           MODE: declarations took 0 ms 
411661     DEBUG Test worker     d.u.i.k.n.KeyIO           MODE: 2nd degree decls took 0 
411661     DEBUG Test worker     d.u.i.k.n.KeyIO           MODE: taclets took 0ms 
413385     INFO  Test worker     d.u.i.k.n.KeyIO           Parsing took 0 ms 
413385     DEBUG Test worker     d.u.i.k.n.KeyIO           Load declarations of de.uka.ilkd.key.nparser.KeyAst$File:  <unknown>:1#1 
413385     INFO  Test worker     d.u.i.k.n.KeyIO           MODE: declarations took 0 ms 
413385     DEBUG Test worker     d.u.i.k.n.KeyIO           MODE: 2nd degree decls took 0 
413385     DEBUG Test worker     d.u.i.k.n.KeyIO           MODE: taclets took 0ms 
415065     INFO  Test worker     d.u.i.k.n.KeyIO           Parsing took 0 ms 
415065     DEBUG Test worker     d.u.i.k.n.KeyIO           Load declarations of de.uka.ilkd.key.nparser.KeyAst$File:  <unknown>:1#1 
415065     INFO  Test worker     d.u.i.k.n.KeyIO           MODE: declarations took 0 ms 
415065     DEBUG Test worker     d.u.i.k.n.KeyIO           MODE: 2nd degree decls took 0 
415065     DEBUG Test worker     d.u.i.k.n.KeyIO           MODE: taclets took 0ms 
416801     INFO  Test worker     d.u.i.k.n.KeyIO           Parsing took 0 ms 
416801     DEBUG Test worker     d.u.i.k.n.KeyIO           Load declarations of de.uka.ilkd.key.nparser.KeyAst$File:  <unknown>:1#1 
416819     INFO  Test worker     d.u.i.k.n.KeyIO           MODE: declarations took 18 ms 
416819     DEBUG Test worker     d.u.i.k.n.KeyIO           MODE: 2nd degree decls took 0 
416819     DEBUG Test worker     d.u.i.k.n.KeyIO           MODE: taclets took 0ms 
418551     INFO  Test worker     d.u.i.k.n.KeyIO           Parsing took 0 ms 
418551     DEBUG Test worker     d.u.i.k.n.KeyIO           Load declarations of de.uka.ilkd.key.nparser.KeyAst$File:  <unknown>:1#1 
418551     INFO  Test worker     d.u.i.k.n.KeyIO           MODE: declarations took 0 ms 
418566     DEBUG Test worker     d.u.i.k.n.KeyIO           MODE: 2nd degree decls took 15 
418566     DEBUG Test worker     d.u.i.k.n.KeyIO           MODE: taclets took 0ms 
420280     INFO  Test worker     d.u.i.k.n.KeyIO           Parsing took 0 ms 
420280     DEBUG Test worker     d.u.i.k.n.KeyIO           Load declarations of de.uka.ilkd.key.nparser.KeyAst$File:  <unknown>:1#1 
420280     INFO  Test worker     d.u.i.k.n.KeyIO           MODE: declarations took 0 ms 
420280     DEBUG Test worker     d.u.i.k.n.KeyIO           MODE: 2nd degree decls took 0 
420280     DEBUG Test worker     d.u.i.k.n.KeyIO           MODE: taclets took 0ms 
422001     INFO  Test worker     d.u.i.k.n.KeyIO           Parsing took 0 ms 
422001     DEBUG Test worker     d.u.i.k.n.KeyIO           Load declarations of de.uka.ilkd.key.nparser.KeyAst$File:  <unknown>:1#1 
422001     INFO  Test worker     d.u.i.k.n.KeyIO           MODE: declarations took 0 ms 
422001     DEBUG Test worker     d.u.i.k.n.KeyIO           MODE: 2nd degree decls took 0 
422001     DEBUG Test worker     d.u.i.k.n.KeyIO           MODE: taclets took 0ms 
423648     INFO  Test worker     d.u.i.k.n.KeyIO           Parsing took 0 ms 
423648     DEBUG Test worker     d.u.i.k.n.KeyIO           Load declarations of de.uka.ilkd.key.nparser.KeyAst$File:  <unknown>:1#1 
423648     INFO  Test worker     d.u.i.k.n.KeyIO           MODE: declarations took 0 ms 
423648     DEBUG Test worker     d.u.i.k.n.KeyIO           MODE: 2nd degree decls took 0 
423648     DEBUG Test worker     d.u.i.k.n.KeyIO           MODE: taclets took 0ms 
425388     INFO  Test worker     d.u.i.k.n.KeyIO           Parsing took 16 ms 
425388     DEBUG Test worker     d.u.i.k.n.KeyIO           Load declarations of de.uka.ilkd.key.nparser.KeyAst$File:  <unknown>:1#1 
425388     INFO  Test worker     d.u.i.k.n.KeyIO           MODE: declarations took 0 ms 
425388     DEBUG Test worker     d.u.i.k.n.KeyIO           MODE: 2nd degree decls took 0 
425388     DEBUG Test worker     d.u.i.k.n.KeyIO           MODE: taclets took 0ms 
]]></system-out>
  <system-err><![CDATA[]]></system-err>
</testsuite>
