<?xml version="1.0" encoding="UTF-8"?>
<testsuite name="de.uka.ilkd.key.rule.loop.LoopScopeInvRuleTests" tests="1" skipped="0" failures="0" errors="0" timestamp="2023-06-09T13:56:50" hostname="fv-az479-659" time="8.254">
  <properties/>
  <testcase name="testDoAutomaticProofOfBenchmarkWithLabeledBreaksAndContinues()" classname="de.uka.ilkd.key.rule.loop.LoopScopeInvRuleTests" time="8.254"/>
  <system-out><![CDATA[852374     INFO  Test worker     d.u.i.k.p.i.AbstractProblemLoader Loading environment from src\test\resources\testcase\loopScopeInvRule\Test.key 
852390     DEBUG Test worker     d.u.i.k.p.i.AbstractProblemLoader Environment load took 213.5ns 
852390     INFO  Test worker     d.u.i.k.p.i.AbstractProblemLoader Creating init config 
852655     DEBUG Test worker     d.u.i.k.j.TypeConverter   No LDT found for Meta 
852655     DEBUG Test worker     d.u.i.k.j.TypeConverter   No LDT found for Meta 
852655     DEBUG Test worker     d.u.i.k.j.TypeConverter   No LDT found for Meta 
852655     DEBUG Test worker     d.u.i.k.j.TypeConverter   No LDT found for Meta 
853647     DEBUG Test worker     d.u.i.k.j.TypeConverter   No LDT found for JavaBigintExpression 
859772     DEBUG Test worker     d.u.i.k.p.i.AbstractProblemLoader Init config took 7.38s 
859819     INFO  Test worker     d.u.i.k.p.i.AbstractProblemLoader Replaying proof Test[Test::loopScopeRuleBenchmark(int,boolean)].JML normal_behavior operation contract.0 
859819     DEBUG Test worker     d.u.i.k.p.i.IntermediateProofReplayer Proof replay took 92.9ns 
]]></system-out>
  <system-err><![CDATA[]]></system-err>
</testsuite>
