<?xml version="1.0" encoding="UTF-8"?>
<testsuite name="de.uka.ilkd.key.proof.TestOneStepSimplifier" tests="1" skipped="0" failures="0" errors="0" timestamp="2023-06-09T13:56:05" hostname="fv-az479-659" time="7.018">
  <properties/>
  <testcase name="loadWithRestriction()" classname="de.uka.ilkd.key.proof.TestOneStepSimplifier" time="7.018"/>
  <system-out><![CDATA[807453     INFO  Test worker     d.u.i.k.p.i.AbstractProblemLoader Loading environment from src\test\resources\testcase\ossRestriction.proof 
807453     DEBUG Test worker     d.u.i.k.p.i.AbstractProblemLoader Environment load took 229.9ns 
807469     INFO  Test worker     d.u.i.k.p.i.AbstractProblemLoader Creating init config 
807735     DEBUG Test worker     d.u.i.k.j.TypeConverter   No LDT found for Meta 
807735     DEBUG Test worker     d.u.i.k.j.TypeConverter   No LDT found for Meta 
807735     DEBUG Test worker     d.u.i.k.j.TypeConverter   No LDT found for Meta 
807735     DEBUG Test worker     d.u.i.k.j.TypeConverter   No LDT found for Meta 
808688     DEBUG Test worker     d.u.i.k.j.TypeConverter   No LDT found for JavaBigintExpression 
814441     DEBUG Test worker     d.u.i.k.p.i.AbstractProblemLoader Init config took 6.97s 
814472     INFO  Test worker     d.u.i.k.p.i.AbstractProblemLoader Replaying proof ossRestriction.proof 
814472     DEBUG Test worker     d.u.i.k.p.i.IntermediateProofReplayer Proof replay took 1.2ms 
]]></system-out>
  <system-err><![CDATA[]]></system-err>
</testsuite>
