<?xml version="1.0" encoding="UTF-8"?>
<testsuite name="de.uka.ilkd.key.rule.merge.PredicateAbstractionLatticeTests" tests="3" skipped="0" failures="0" errors="0" timestamp="2023-06-09T13:59:02" hostname="fv-az479-659" time="11.082">
  <properties/>
  <testcase name="testToAndFromString()" classname="de.uka.ilkd.key.rule.merge.PredicateAbstractionLatticeTests" time="5.49"/>
  <testcase name="testCreateSignLatticeWithPredicates()" classname="de.uka.ilkd.key.rule.merge.PredicateAbstractionLatticeTests" time="5.592"/>
  <testcase name="testTrivialPredicatesLattice()" classname="de.uka.ilkd.key.rule.merge.PredicateAbstractionLatticeTests" time="0.0"/>
  <system-out><![CDATA[984208     INFO  Test worker     d.u.i.k.p.i.AbstractProblemLoader Loading environment from src\test\resources\testcase\merge\dummy.key 
984208     DEBUG Test worker     d.u.i.k.p.i.AbstractProblemLoader Environment load took 152ns 
984208     INFO  Test worker     d.u.i.k.p.i.AbstractProblemLoader Creating init config 
989667     DEBUG Test worker     d.u.i.k.p.i.AbstractProblemLoader Init config took 5.46s 
989683     INFO  Test worker     d.u.i.k.p.i.AbstractProblemLoader Replaying proof dummy.key 
989683     DEBUG Test worker     d.u.i.k.p.i.IntermediateProofReplayer Proof replay took 11.3ns 
989683     INFO  Test worker     d.u.i.k.p.i.AbstractProblemLoader Loading environment from src\test\resources\testcase\merge\dummy.key 
989683     DEBUG Test worker     d.u.i.k.p.i.AbstractProblemLoader Environment load took 197.9ns 
989683     INFO  Test worker     d.u.i.k.p.i.AbstractProblemLoader Creating init config 
995244     DEBUG Test worker     d.u.i.k.p.i.AbstractProblemLoader Init config took 5.56s 
995275     INFO  Test worker     d.u.i.k.p.i.AbstractProblemLoader Replaying proof dummy.key 
995275     DEBUG Test worker     d.u.i.k.p.i.IntermediateProofReplayer Proof replay took 10.7ns 
]]></system-out>
  <system-err><![CDATA[]]></system-err>
</testsuite>
