<?xml version="1.0" encoding="UTF-8"?>
<testsuite name="de.uka.ilkd.key.taclettranslation.TestTacletTranslator" tests="5" skipped="0" failures="0" errors="0" timestamp="2023-06-09T14:07:33" hostname="fv-az479-659" time="0.039">
  <properties/>
  <testcase name="testPropositional1()" classname="de.uka.ilkd.key.taclettranslation.TestTacletTranslator" time="0.019"/>
  <testcase name="testPropositional2()" classname="de.uka.ilkd.key.taclettranslation.TestTacletTranslator" time="0.004"/>
  <testcase name="testNegativePolarity()" classname="de.uka.ilkd.key.taclettranslation.TestTacletTranslator" time="0.004"/>
  <testcase name="testNoPolarity()" classname="de.uka.ilkd.key.taclettranslation.TestTacletTranslator" time="0.004"/>
  <testcase name="testPositivePolarity()" classname="de.uka.ilkd.key.taclettranslation.TestTacletTranslator" time="0.007"/>
  <system-out><![CDATA[1496113    INFO  Test worker     d.u.i.k.n.KeyIO           Parsing took 0 ms 
1496113    DEBUG Test worker     d.u.i.k.n.KeyIO           Load declarations of de.uka.ilkd.key.nparser.KeyAst$File:  <unknown>:1#1 
1496113    INFO  Test worker     d.u.i.k.n.KeyIO           MODE: declarations took 0 ms 
1496113    DEBUG Test worker     d.u.i.k.n.KeyIO           MODE: 2nd degree decls took 0 
1496113    DEBUG Test worker     d.u.i.k.n.KeyIO           MODE: taclets took 0ms 
1496129    INFO  Test worker     d.u.i.k.n.KeyIO           Parsing took 0 ms 
1496129    DEBUG Test worker     d.u.i.k.n.KeyIO           Load declarations of de.uka.ilkd.key.nparser.KeyAst$File:  <unknown>:1#1 
1496129    INFO  Test worker     d.u.i.k.n.KeyIO           MODE: declarations took 0 ms 
1496129    DEBUG Test worker     d.u.i.k.n.KeyIO           MODE: 2nd degree decls took 0 
1496129    DEBUG Test worker     d.u.i.k.n.KeyIO           MODE: taclets took 0ms 
1496144    INFO  Test worker     d.u.i.k.n.KeyIO           Parsing took 0 ms 
1496144    DEBUG Test worker     d.u.i.k.n.KeyIO           Load declarations of de.uka.ilkd.key.nparser.KeyAst$File:  <unknown>:1#1 
1496144    INFO  Test worker     d.u.i.k.n.KeyIO           MODE: declarations took 0 ms 
1496144    DEBUG Test worker     d.u.i.k.n.KeyIO           MODE: 2nd degree decls took 0 
1496144    DEBUG Test worker     d.u.i.k.n.KeyIO           MODE: taclets took 0ms 
1496144    INFO  Test worker     d.u.i.k.n.KeyIO           Parsing took 0 ms 
1496144    DEBUG Test worker     d.u.i.k.n.KeyIO           Load declarations of de.uka.ilkd.key.nparser.KeyAst$File:  <unknown>:1#1 
1496144    INFO  Test worker     d.u.i.k.n.KeyIO           MODE: declarations took 0 ms 
1496144    DEBUG Test worker     d.u.i.k.n.KeyIO           MODE: 2nd degree decls took 0 
1496144    DEBUG Test worker     d.u.i.k.n.KeyIO           MODE: taclets took 0ms 
1496144    INFO  Test worker     d.u.i.k.n.KeyIO           Parsing took 0 ms 
1496144    DEBUG Test worker     d.u.i.k.n.KeyIO           Load declarations of de.uka.ilkd.key.nparser.KeyAst$File:  <unknown>:1#1 
1496144    INFO  Test worker     d.u.i.k.n.KeyIO           MODE: declarations took 0 ms 
1496144    DEBUG Test worker     d.u.i.k.n.KeyIO           MODE: 2nd degree decls took 0 
1496144    DEBUG Test worker     d.u.i.k.n.KeyIO           MODE: taclets took 0ms 
]]></system-out>
  <system-err><![CDATA[]]></system-err>
</testsuite>
