<?xml version="1.0" encoding="UTF-8"?>
<testsuite name="de.uka.ilkd.key.logic.TestClashFreeSubst" tests="14" skipped="2" failures="0" errors="0" timestamp="2023-06-09T13:43:47" hostname="fv-az479-659" time="95.004">
  <properties/>
  <testcase name="testMultiShareBound()" classname="de.uka.ilkd.key.logic.TestClashFreeSubst" time="1.741"/>
  <testcase name="testClash()" classname="de.uka.ilkd.key.logic.TestClashFreeSubst" time="1.794"/>
  <testcase name="testShare()" classname="de.uka.ilkd.key.logic.TestClashFreeSubst" time="1.741"/>
  <testcase name="testSubst()" classname="de.uka.ilkd.key.logic.TestClashFreeSubst" time="1.688"/>
  <testcase name="testWary0()" classname="de.uka.ilkd.key.logic.TestClashFreeSubst" time="1.72"/>
  <testcase name="testWary1()" classname="de.uka.ilkd.key.logic.TestClashFreeSubst" time="1.88"/>
  <testcase name="testWary2()" classname="de.uka.ilkd.key.logic.TestClashFreeSubst" time="1.758"/>
  <testcase name="testClashInSubstTerm()" classname="de.uka.ilkd.key.logic.TestClashFreeSubst" time="1.714"/>
  <testcase name="testShareWary()" classname="de.uka.ilkd.key.logic.TestClashFreeSubst" time="1.66"/>
  <testcase name="testMultiSubst()" classname="de.uka.ilkd.key.logic.TestClashFreeSubst" time="1.833"/>
  <testcase name="xtestMultiClash()" classname="de.uka.ilkd.key.logic.TestClashFreeSubst" time="0.0">
    <skipped/>
  </testcase>
  <testcase name="testSubstInSubstTerm()" classname="de.uka.ilkd.key.logic.TestClashFreeSubst" time="1.719"/>
  <testcase name="testSubstWary()" classname="de.uka.ilkd.key.logic.TestClashFreeSubst" time="1.78"/>
  <testcase name="xtestMultiClash1()" classname="de.uka.ilkd.key.logic.TestClashFreeSubst" time="0.0">
    <skipped/>
  </testcase>
  <system-out><![CDATA[69741      INFO  Test worker     d.u.i.k.n.KeyIO           Parsing took 0 ms 
69741      DEBUG Test worker     d.u.i.k.n.KeyIO           Load declarations of de.uka.ilkd.key.nparser.KeyAst$File:  <unknown>:1#1 
69741      INFO  Test worker     d.u.i.k.n.KeyIO           MODE: declarations took 0 ms 
69741      DEBUG Test worker     d.u.i.k.n.KeyIO           MODE: 2nd degree decls took 0 
71466      INFO  Test worker     d.u.i.k.n.KeyIO           Parsing took 0 ms 
71466      DEBUG Test worker     d.u.i.k.n.KeyIO           Load declarations of de.uka.ilkd.key.nparser.KeyAst$File:  <unknown>:1#1 
71466      INFO  Test worker     d.u.i.k.n.KeyIO           MODE: declarations took 0 ms 
71466      DEBUG Test worker     d.u.i.k.n.KeyIO           MODE: 2nd degree decls took 0 
77220      INFO  Test worker     d.u.i.k.n.KeyIO           Parsing took 0 ms 
77220      DEBUG Test worker     d.u.i.k.n.KeyIO           Load declarations of de.uka.ilkd.key.nparser.KeyAst$File:  <unknown>:1#1 
77220      INFO  Test worker     d.u.i.k.n.KeyIO           MODE: declarations took 0 ms 
77220      DEBUG Test worker     d.u.i.k.n.KeyIO           MODE: 2nd degree decls took 0 
79004      INFO  Test worker     d.u.i.k.n.KeyIO           Parsing took 0 ms 
79004      DEBUG Test worker     d.u.i.k.n.KeyIO           Load declarations of de.uka.ilkd.key.nparser.KeyAst$File:  <unknown>:1#1 
79004      INFO  Test worker     d.u.i.k.n.KeyIO           MODE: declarations took 0 ms 
79004      DEBUG Test worker     d.u.i.k.n.KeyIO           MODE: 2nd degree decls took 0 
84614      INFO  Test worker     d.u.i.k.n.KeyIO           Parsing took 0 ms 
84614      DEBUG Test worker     d.u.i.k.n.KeyIO           Load declarations of de.uka.ilkd.key.nparser.KeyAst$File:  <unknown>:1#1 
84629      INFO  Test worker     d.u.i.k.n.KeyIO           MODE: declarations took 15 ms 
84629      DEBUG Test worker     d.u.i.k.n.KeyIO           MODE: 2nd degree decls took 0 
86344      INFO  Test worker     d.u.i.k.n.KeyIO           Parsing took 0 ms 
86344      DEBUG Test worker     d.u.i.k.n.KeyIO           Load declarations of de.uka.ilkd.key.nparser.KeyAst$File:  <unknown>:1#1 
86344      INFO  Test worker     d.u.i.k.n.KeyIO           MODE: declarations took 0 ms 
86344      DEBUG Test worker     d.u.i.k.n.KeyIO           MODE: 2nd degree decls took 0 
92004      INFO  Test worker     d.u.i.k.n.KeyIO           Parsing took 0 ms 
92004      DEBUG Test worker     d.u.i.k.n.KeyIO           Load declarations of de.uka.ilkd.key.nparser.KeyAst$File:  <unknown>:1#1 
92004      INFO  Test worker     d.u.i.k.n.KeyIO           MODE: declarations took 0 ms 
92004      DEBUG Test worker     d.u.i.k.n.KeyIO           MODE: 2nd degree decls took 0 
93689      INFO  Test worker     d.u.i.k.n.KeyIO           Parsing took 0 ms 
93689      DEBUG Test worker     d.u.i.k.n.KeyIO           Load declarations of de.uka.ilkd.key.nparser.KeyAst$File:  <unknown>:1#1 
93689      INFO  Test worker     d.u.i.k.n.KeyIO           MODE: declarations took 0 ms 
93689      DEBUG Test worker     d.u.i.k.n.KeyIO           MODE: 2nd degree decls took 0 
99657      INFO  Test worker     d.u.i.k.n.KeyIO           Parsing took 0 ms 
99657      DEBUG Test worker     d.u.i.k.n.KeyIO           Load declarations of de.uka.ilkd.key.nparser.KeyAst$File:  <unknown>:1#1 
99657      INFO  Test worker     d.u.i.k.n.KeyIO           MODE: declarations took 0 ms 
99657      DEBUG Test worker     d.u.i.k.n.KeyIO           MODE: 2nd degree decls took 0 
101380     INFO  Test worker     d.u.i.k.n.KeyIO           Parsing took 0 ms 
101380     DEBUG Test worker     d.u.i.k.n.KeyIO           Load declarations of de.uka.ilkd.key.nparser.KeyAst$File:  <unknown>:1#1 
101380     INFO  Test worker     d.u.i.k.n.KeyIO           MODE: declarations took 0 ms 
101380     DEBUG Test worker     d.u.i.k.n.KeyIO           MODE: 2nd degree decls took 0 
106974     INFO  Test worker     d.u.i.k.n.KeyIO           Parsing took 0 ms 
106974     DEBUG Test worker     d.u.i.k.n.KeyIO           Load declarations of de.uka.ilkd.key.nparser.KeyAst$File:  <unknown>:1#1 
106974     INFO  Test worker     d.u.i.k.n.KeyIO           MODE: declarations took 0 ms 
106974     DEBUG Test worker     d.u.i.k.n.KeyIO           MODE: 2nd degree decls took 0 
108847     INFO  Test worker     d.u.i.k.n.KeyIO           Parsing took 0 ms 
108847     DEBUG Test worker     d.u.i.k.n.KeyIO           Load declarations of de.uka.ilkd.key.nparser.KeyAst$File:  <unknown>:1#1 
108847     INFO  Test worker     d.u.i.k.n.KeyIO           MODE: declarations took 0 ms 
108847     DEBUG Test worker     d.u.i.k.n.KeyIO           MODE: 2nd degree decls took 0 
114831     INFO  Test worker     d.u.i.k.n.KeyIO           Parsing took 0 ms 
114831     DEBUG Test worker     d.u.i.k.n.KeyIO           Load declarations of de.uka.ilkd.key.nparser.KeyAst$File:  <unknown>:1#1 
114831     INFO  Test worker     d.u.i.k.n.KeyIO           MODE: declarations took 0 ms 
114831     DEBUG Test worker     d.u.i.k.n.KeyIO           MODE: 2nd degree decls took 0 
116564     INFO  Test worker     d.u.i.k.n.KeyIO           Parsing took 0 ms 
116564     DEBUG Test worker     d.u.i.k.n.KeyIO           Load declarations of de.uka.ilkd.key.nparser.KeyAst$File:  <unknown>:1#1 
116564     INFO  Test worker     d.u.i.k.n.KeyIO           MODE: declarations took 0 ms 
116564     DEBUG Test worker     d.u.i.k.n.KeyIO           MODE: 2nd degree decls took 0 
122216     INFO  Test worker     d.u.i.k.n.KeyIO           Parsing took 0 ms 
122216     DEBUG Test worker     d.u.i.k.n.KeyIO           Load declarations of de.uka.ilkd.key.nparser.KeyAst$File:  <unknown>:1#1 
122216     INFO  Test worker     d.u.i.k.n.KeyIO           MODE: declarations took 0 ms 
122216     DEBUG Test worker     d.u.i.k.n.KeyIO           MODE: 2nd degree decls took 0 
123919     INFO  Test worker     d.u.i.k.n.KeyIO           Parsing took 0 ms 
123919     DEBUG Test worker     d.u.i.k.n.KeyIO           Load declarations of de.uka.ilkd.key.nparser.KeyAst$File:  <unknown>:1#1 
123919     INFO  Test worker     d.u.i.k.n.KeyIO           MODE: declarations took 0 ms 
123919     DEBUG Test worker     d.u.i.k.n.KeyIO           MODE: 2nd degree decls took 0 
129593     INFO  Test worker     d.u.i.k.n.KeyIO           Parsing took 0 ms 
129593     DEBUG Test worker     d.u.i.k.n.KeyIO           Load declarations of de.uka.ilkd.key.nparser.KeyAst$File:  <unknown>:1#1 
129593     INFO  Test worker     d.u.i.k.n.KeyIO           MODE: declarations took 0 ms 
129593     DEBUG Test worker     d.u.i.k.n.KeyIO           MODE: 2nd degree decls took 0 
131242     INFO  Test worker     d.u.i.k.n.KeyIO           Parsing took 0 ms 
131242     DEBUG Test worker     d.u.i.k.n.KeyIO           Load declarations of de.uka.ilkd.key.nparser.KeyAst$File:  <unknown>:1#1 
131242     INFO  Test worker     d.u.i.k.n.KeyIO           MODE: declarations took 0 ms 
131242     DEBUG Test worker     d.u.i.k.n.KeyIO           MODE: 2nd degree decls took 0 
136950     INFO  Test worker     d.u.i.k.n.KeyIO           Parsing took 0 ms 
136950     DEBUG Test worker     d.u.i.k.n.KeyIO           Load declarations of de.uka.ilkd.key.nparser.KeyAst$File:  <unknown>:1#1 
136950     INFO  Test worker     d.u.i.k.n.KeyIO           MODE: declarations took 0 ms 
136950     DEBUG Test worker     d.u.i.k.n.KeyIO           MODE: 2nd degree decls took 0 
138772     INFO  Test worker     d.u.i.k.n.KeyIO           Parsing took 0 ms 
138772     DEBUG Test worker     d.u.i.k.n.KeyIO           Load declarations of de.uka.ilkd.key.nparser.KeyAst$File:  <unknown>:1#1 
138772     INFO  Test worker     d.u.i.k.n.KeyIO           MODE: declarations took 0 ms 
138772     DEBUG Test worker     d.u.i.k.n.KeyIO           MODE: 2nd degree decls took 0 
149824     INFO  Test worker     d.u.i.k.n.KeyIO           Parsing took 0 ms 
149824     DEBUG Test worker     d.u.i.k.n.KeyIO           Load declarations of de.uka.ilkd.key.nparser.KeyAst$File:  <unknown>:1#1 
149824     INFO  Test worker     d.u.i.k.n.KeyIO           MODE: declarations took 0 ms 
149824     DEBUG Test worker     d.u.i.k.n.KeyIO           MODE: 2nd degree decls took 0 
151526     INFO  Test worker     d.u.i.k.n.KeyIO           Parsing took 0 ms 
151526     DEBUG Test worker     d.u.i.k.n.KeyIO           Load declarations of de.uka.ilkd.key.nparser.KeyAst$File:  <unknown>:1#1 
151526     INFO  Test worker     d.u.i.k.n.KeyIO           MODE: declarations took 0 ms 
151526     DEBUG Test worker     d.u.i.k.n.KeyIO           MODE: 2nd degree decls took 0 
157335     INFO  Test worker     d.u.i.k.n.KeyIO           Parsing took 0 ms 
157335     DEBUG Test worker     d.u.i.k.n.KeyIO           Load declarations of de.uka.ilkd.key.nparser.KeyAst$File:  <unknown>:1#1 
157335     INFO  Test worker     d.u.i.k.n.KeyIO           MODE: declarations took 0 ms 
157335     DEBUG Test worker     d.u.i.k.n.KeyIO           MODE: 2nd degree decls took 0 
159101     INFO  Test worker     d.u.i.k.n.KeyIO           Parsing took 0 ms 
159101     DEBUG Test worker     d.u.i.k.n.KeyIO           Load declarations of de.uka.ilkd.key.nparser.KeyAst$File:  <unknown>:1#1 
159101     INFO  Test worker     d.u.i.k.n.KeyIO           MODE: declarations took 0 ms 
159101     DEBUG Test worker     d.u.i.k.n.KeyIO           MODE: 2nd degree decls took 0 
]]></system-out>
  <system-err><![CDATA[]]></system-err>
</testsuite>
