<?xml version="1.0" encoding="UTF-8"?>
<testsuite name="de.uka.ilkd.key.parser.TestTermParserSorts" tests="2" skipped="0" failures="0" errors="0" timestamp="2023-06-09T13:55:59" hostname="fv-az479-659" time="5.584">
  <properties/>
  <testcase name="testParseIntegerArgs()" classname="de.uka.ilkd.key.parser.TestTermParserSorts" time="0.018"/>
  <testcase name="testParseSequencePrettySyntax()" classname="de.uka.ilkd.key.parser.TestTermParserSorts" time="0.003"/>
  <system-out><![CDATA[801794     INFO  Test worker     d.u.i.k.n.KeyIO           Parsing took 0 ms 
801794     DEBUG Test worker     d.u.i.k.n.KeyIO           Load declarations of de.uka.ilkd.key.nparser.KeyAst$File:  <unknown>:1#1 
801794     INFO  Test worker     d.u.i.k.n.KeyIO           MODE: declarations took 0 ms 
801794     DEBUG Test worker     d.u.i.k.n.KeyIO           MODE: 2nd degree decls took 0 
801794     INFO  Test worker     d.u.i.k.n.KeyIO           Parsing took 0 ms 
801794     DEBUG Test worker     d.u.i.k.n.KeyIO           Load declarations of de.uka.ilkd.key.nparser.KeyAst$File:  <unknown>:1#1 
801794     INFO  Test worker     d.u.i.k.n.KeyIO           MODE: declarations took 0 ms 
801794     DEBUG Test worker     d.u.i.k.n.KeyIO           MODE: 2nd degree decls took 0 
801794     INFO  Test worker     d.u.i.k.n.KeyIO           Parsing took 0 ms 
801794     DEBUG Test worker     d.u.i.k.n.KeyIO           Load declarations of de.uka.ilkd.key.nparser.KeyAst$File:  <unknown>:1#1 
801794     INFO  Test worker     d.u.i.k.n.KeyIO           MODE: declarations took 0 ms 
801794     DEBUG Test worker     d.u.i.k.n.KeyIO           MODE: 2nd degree decls took 0 
807375     INFO  Test worker     d.u.i.k.n.KeyIO           Parsing took 0 ms 
807375     DEBUG Test worker     d.u.i.k.n.KeyIO           Load declarations of de.uka.ilkd.key.nparser.KeyAst$File:  <unknown>:1#1 
807375     INFO  Test worker     d.u.i.k.n.KeyIO           MODE: declarations took 0 ms 
807375     DEBUG Test worker     d.u.i.k.n.KeyIO           MODE: 2nd degree decls took 0 
807375     INFO  Test worker     d.u.i.k.n.KeyIO           Parsing took 0 ms 
807375     DEBUG Test worker     d.u.i.k.n.KeyIO           Load declarations of de.uka.ilkd.key.nparser.KeyAst$File:  <unknown>:1#1 
807375     INFO  Test worker     d.u.i.k.n.KeyIO           MODE: declarations took 0 ms 
807375     DEBUG Test worker     d.u.i.k.n.KeyIO           MODE: 2nd degree decls took 0 
807375     INFO  Test worker     d.u.i.k.n.KeyIO           Parsing took 0 ms 
807375     DEBUG Test worker     d.u.i.k.n.KeyIO           Load declarations of de.uka.ilkd.key.nparser.KeyAst$File:  <unknown>:1#1 
807375     INFO  Test worker     d.u.i.k.n.KeyIO           MODE: declarations took 0 ms 
807375     DEBUG Test worker     d.u.i.k.n.KeyIO           MODE: 2nd degree decls took 0 
]]></system-out>
  <system-err><![CDATA[]]></system-err>
</testsuite>
