<?xml version="1.0" encoding="UTF-8"?>
<testsuite name="de.uka.ilkd.key.proof_references.testcase.TestProofReferenceUtil" tests="5" skipped="0" failures="0" errors="0" timestamp="2023-04-03T11:08:31" hostname="fv-az749-705" time="17.107">
  <properties/>
  <testcase name="testReferenceComputation_ContractOnly()" classname="de.uka.ilkd.key.proof_references.testcase.TestProofReferenceUtil" time="5.832"/>
  <testcase name="testReferenceComputation_ExpandAndContract()" classname="de.uka.ilkd.key.proof_references.testcase.TestProofReferenceUtil" time="2.879"/>
  <testcase name="testReferenceComputation_NoAnalysts()" classname="de.uka.ilkd.key.proof_references.testcase.TestProofReferenceUtil" time="2.844"/>
  <testcase name="testReferenceComputation_ExpandOnly()" classname="de.uka.ilkd.key.proof_references.testcase.TestProofReferenceUtil" time="2.816"/>
  <testcase name="testReferenceComputation_DefaultAnalysts()" classname="de.uka.ilkd.key.proof_references.testcase.TestProofReferenceUtil" time="2.717"/>
  <system-out><![CDATA[]]></system-out>
  <system-err><![CDATA[]]></system-err>
</testsuite>
