<?xml version="1.0" encoding="UTF-8"?>
<testsuite name="de.uka.ilkd.key.proof.proverules.ProveRulesTest" tests="196" skipped="0" failures="0" errors="0" timestamp="2023-03-31T13:07:56" hostname="fv-az613-798" time="651.572">
  <properties/>
  <testcase name="eqTermCut" classname="de.uka.ilkd.key.proof.proverules.ProveRulesTest" time="3.912"/>
  <testcase name="equivAllRight" classname="de.uka.ilkd.key.proof.proverules.ProveRulesTest" time="3.604"/>
  <testcase name="irrflConcrete1" classname="de.uka.ilkd.key.proof.proverules.ProveRulesTest" time="3.434"/>
  <testcase name="irrflConcrete2" classname="de.uka.ilkd.key.proof.proverules.ProveRulesTest" time="3.393"/>
  <testcase name="cancel_gtPos" classname="de.uka.ilkd.key.proof.proverules.ProveRulesTest" time="3.325"/>
  <testcase name="cancel_gtNeg" classname="de.uka.ilkd.key.proof.proverules.ProveRulesTest" time="3.349"/>
  <testcase name="moduloIntIsInInt" classname="de.uka.ilkd.key.proof.proverules.ProveRulesTest" time="3.31"/>
  <testcase name="moduloLongIsInLong" classname="de.uka.ilkd.key.proof.proverules.ProveRulesTest" time="3.28"/>
  <testcase name="moduloShortIsInShort" classname="de.uka.ilkd.key.proof.proverules.ProveRulesTest" time="3.273"/>
  <testcase name="moduloByteIsInByte" classname="de.uka.ilkd.key.proof.proverules.ProveRulesTest" time="3.268"/>
  <testcase name="moduloCharIsInChar" classname="de.uka.ilkd.key.proof.proverules.ProveRulesTest" time="3.287"/>
  <testcase name="div_unique1" classname="de.uka.ilkd.key.proof.proverules.ProveRulesTest" time="3.377"/>
  <testcase name="div_unique2" classname="de.uka.ilkd.key.proof.proverules.ProveRulesTest" time="3.366"/>
  <testcase name="div_exists" classname="de.uka.ilkd.key.proof.proverules.ProveRulesTest" time="3.474"/>
  <testcase name="div_one" classname="de.uka.ilkd.key.proof.proverules.ProveRulesTest" time="3.253"/>
  <testcase name="jdiv_one" classname="de.uka.ilkd.key.proof.proverules.ProveRulesTest" time="3.257"/>
  <testcase name="div_zero" classname="de.uka.ilkd.key.proof.proverules.ProveRulesTest" time="3.298"/>
  <testcase name="divResZero1" classname="de.uka.ilkd.key.proof.proverules.ProveRulesTest" time="3.231"/>
  <testcase name="divResZero2" classname="de.uka.ilkd.key.proof.proverules.ProveRulesTest" time="3.375"/>
  <testcase name="divResOne1" classname="de.uka.ilkd.key.proof.proverules.ProveRulesTest" time="3.227"/>
  <testcase name="divResOne2" classname="de.uka.ilkd.key.proof.proverules.ProveRulesTest" time="3.218"/>
  <testcase name="div_cancel1" classname="de.uka.ilkd.key.proof.proverules.ProveRulesTest" time="3.277"/>
  <testcase name="div_cancel2" classname="de.uka.ilkd.key.proof.proverules.ProveRulesTest" time="3.211"/>
  <testcase name="divAddMultDenom" classname="de.uka.ilkd.key.proof.proverules.ProveRulesTest" time="3.252"/>
  <testcase name="divMinus" classname="de.uka.ilkd.key.proof.proverules.ProveRulesTest" time="3.259"/>
  <testcase name="divMinusDenom" classname="de.uka.ilkd.key.proof.proverules.ProveRulesTest" time="3.267"/>
  <testcase name="divLeastDPos" classname="de.uka.ilkd.key.proof.proverules.ProveRulesTest" time="3.21"/>
  <testcase name="divLeastDNeg" classname="de.uka.ilkd.key.proof.proverules.ProveRulesTest" time="3.238"/>
  <testcase name="divGreatestDPos" classname="de.uka.ilkd.key.proof.proverules.ProveRulesTest" time="3.2"/>
  <testcase name="divGreatestDNeg" classname="de.uka.ilkd.key.proof.proverules.ProveRulesTest" time="3.207"/>
  <testcase name="divIncreasingPos" classname="de.uka.ilkd.key.proof.proverules.ProveRulesTest" time="3.209"/>
  <testcase name="divIncreasingNeg" classname="de.uka.ilkd.key.proof.proverules.ProveRulesTest" time="3.19"/>
  <testcase name="jdiv_zero" classname="de.uka.ilkd.key.proof.proverules.ProveRulesTest" time="3.214"/>
  <testcase name="jdivPulloutMinusNum" classname="de.uka.ilkd.key.proof.proverules.ProveRulesTest" time="3.211"/>
  <testcase name="jdivPulloutMinusDenom" classname="de.uka.ilkd.key.proof.proverules.ProveRulesTest" time="3.291"/>
  <testcase name="jdiv_uniquePosPos" classname="de.uka.ilkd.key.proof.proverules.ProveRulesTest" time="3.219"/>
  <testcase name="jdiv_uniquePosNeg" classname="de.uka.ilkd.key.proof.proverules.ProveRulesTest" time="3.235"/>
  <testcase name="jdiv_uniqueNegPos" classname="de.uka.ilkd.key.proof.proverules.ProveRulesTest" time="3.209"/>
  <testcase name="jdiv_uniqueNegNeg" classname="de.uka.ilkd.key.proof.proverules.ProveRulesTest" time="3.234"/>
  <testcase name="jdivMultDenom1" classname="de.uka.ilkd.key.proof.proverules.ProveRulesTest" time="3.23"/>
  <testcase name="jdivMultDenom2" classname="de.uka.ilkd.key.proof.proverules.ProveRulesTest" time="3.204"/>
  <testcase name="mod_geZero" classname="de.uka.ilkd.key.proof.proverules.ProveRulesTest" time="3.188"/>
  <testcase name="mod_lessDenom" classname="de.uka.ilkd.key.proof.proverules.ProveRulesTest" time="3.178"/>
  <testcase name="jmod_NumPos" classname="de.uka.ilkd.key.proof.proverules.ProveRulesTest" time="3.193"/>
  <testcase name="jmod_NumNeg" classname="de.uka.ilkd.key.proof.proverules.ProveRulesTest" time="3.195"/>
  <testcase name="jmod_geZero" classname="de.uka.ilkd.key.proof.proverules.ProveRulesTest" time="3.191"/>
  <testcase name="jmodNumZero" classname="de.uka.ilkd.key.proof.proverules.ProveRulesTest" time="3.184"/>
  <testcase name="jmod_pulloutminusNum" classname="de.uka.ilkd.key.proof.proverules.ProveRulesTest" time="3.203"/>
  <testcase name="jmod_pulloutminusDenom" classname="de.uka.ilkd.key.proof.proverules.ProveRulesTest" time="3.179"/>
  <testcase name="jmodUnique1" classname="de.uka.ilkd.key.proof.proverules.ProveRulesTest" time="3.31"/>
  <testcase name="jmodUnique2" classname="de.uka.ilkd.key.proof.proverules.ProveRulesTest" time="3.356"/>
  <testcase name="intDivRem" classname="de.uka.ilkd.key.proof.proverules.ProveRulesTest" time="3.197"/>
  <testcase name="jmodjmod" classname="de.uka.ilkd.key.proof.proverules.ProveRulesTest" time="3.23"/>
  <testcase name="jmodDivisible" classname="de.uka.ilkd.key.proof.proverules.ProveRulesTest" time="3.249"/>
  <testcase name="jmodDivisibleRep" classname="de.uka.ilkd.key.proof.proverules.ProveRulesTest" time="3.201"/>
  <testcase name="jdivAddMultDenom" classname="de.uka.ilkd.key.proof.proverules.ProveRulesTest" time="3.42"/>
  <testcase name="jmodAltZero" classname="de.uka.ilkd.key.proof.proverules.ProveRulesTest" time="3.233"/>
  <testcase name="jmodAddMultDenomZero" classname="de.uka.ilkd.key.proof.proverules.ProveRulesTest" time="3.199"/>
  <testcase name="polyDiv_zero" classname="de.uka.ilkd.key.proof.proverules.ProveRulesTest" time="3.198"/>
  <testcase name="polyMod_ltdivDenom" classname="de.uka.ilkd.key.proof.proverules.ProveRulesTest" time="3.188"/>
  <testcase name="bsum_empty" classname="de.uka.ilkd.key.proof.proverules.ProveRulesTest" time="3.2"/>
  <testcase name="bsum_induction_upper" classname="de.uka.ilkd.key.proof.proverules.ProveRulesTest" time="3.164"/>
  <testcase name="bsum_induction_lower" classname="de.uka.ilkd.key.proof.proverules.ProveRulesTest" time="3.21"/>
  <testcase name="bsum_num_of_bounds" classname="de.uka.ilkd.key.proof.proverules.ProveRulesTest" time="3.221"/>
  <testcase name="bsum_num_of_bounds2" classname="de.uka.ilkd.key.proof.proverules.ProveRulesTest" time="3.34"/>
  <testcase name="bsum_induction_upper2" classname="de.uka.ilkd.key.proof.proverules.ProveRulesTest" time="3.331"/>
  <testcase name="bsum_induction_upper_concrete" classname="de.uka.ilkd.key.proof.proverules.ProveRulesTest" time="3.32"/>
  <testcase name="bsum_induction_upper_concrete_2" classname="de.uka.ilkd.key.proof.proverules.ProveRulesTest" time="3.331"/>
  <testcase name="bsum_induction_upper2_concrete" classname="de.uka.ilkd.key.proof.proverules.ProveRulesTest" time="3.247"/>
  <testcase name="bsum_induction_lower_concrete" classname="de.uka.ilkd.key.proof.proverules.ProveRulesTest" time="3.188"/>
  <testcase name="bsum_induction_lower2" classname="de.uka.ilkd.key.proof.proverules.ProveRulesTest" time="3.17"/>
  <testcase name="bsum_induction_lower2_concrete" classname="de.uka.ilkd.key.proof.proverules.ProveRulesTest" time="3.183"/>
  <testcase name="bsum_positive" classname="de.uka.ilkd.key.proof.proverules.ProveRulesTest" time="3.222"/>
  <testcase name="bsum_upper_bound" classname="de.uka.ilkd.key.proof.proverules.ProveRulesTest" time="3.237"/>
  <testcase name="bsum_lower_bound" classname="de.uka.ilkd.key.proof.proverules.ProveRulesTest" time="3.22"/>
  <testcase name="bsum_positive_lower_bound_element" classname="de.uka.ilkd.key.proof.proverules.ProveRulesTest" time="3.241"/>
  <testcase name="bsum_sub_same_index" classname="de.uka.ilkd.key.proof.proverules.ProveRulesTest" time="3.213"/>
  <testcase name="bsum_less_same_index" classname="de.uka.ilkd.key.proof.proverules.ProveRulesTest" time="3.267"/>
  <testcase name="bsum_equal_except_one_index" classname="de.uka.ilkd.key.proof.proverules.ProveRulesTest" time="3.209"/>
  <testcase name="bsum_num_of_is_max" classname="de.uka.ilkd.key.proof.proverules.ProveRulesTest" time="3.202"/>
  <testcase name="bsum_num_of_is_max2" classname="de.uka.ilkd.key.proof.proverules.ProveRulesTest" time="3.21"/>
  <testcase name="bsum_num_of_is_max3" classname="de.uka.ilkd.key.proof.proverules.ProveRulesTest" time="3.194"/>
  <testcase name="bsum_num_of_is_max4" classname="de.uka.ilkd.key.proof.proverules.ProveRulesTest" time="3.212"/>
  <testcase name="bsum_num_of_lt_max" classname="de.uka.ilkd.key.proof.proverules.ProveRulesTest" time="3.216"/>
  <testcase name="bsum_num_of_lt_max2" classname="de.uka.ilkd.key.proof.proverules.ProveRulesTest" time="3.221"/>
  <testcase name="bsum_num_of_lt_max3" classname="de.uka.ilkd.key.proof.proverules.ProveRulesTest" time="3.206"/>
  <testcase name="bsum_num_of_lt_max4" classname="de.uka.ilkd.key.proof.proverules.ProveRulesTest" time="3.227"/>
  <testcase name="bsum_num_of_gt0" classname="de.uka.ilkd.key.proof.proverules.ProveRulesTest" time="3.199"/>
  <testcase name="bsum_num_of_gt0_alt" classname="de.uka.ilkd.key.proof.proverules.ProveRulesTest" time="3.208"/>
  <testcase name="bsum_add_concrete" classname="de.uka.ilkd.key.proof.proverules.ProveRulesTest" time="3.186"/>
  <testcase name="bprod_all_positive" classname="de.uka.ilkd.key.proof.proverules.ProveRulesTest" time="3.205"/>
  <testcase name="bprod_split" classname="de.uka.ilkd.key.proof.proverules.ProveRulesTest" time="3.23"/>
  <testcase name="powConcrete0" classname="de.uka.ilkd.key.proof.proverules.ProveRulesTest" time="3.175"/>
  <testcase name="powConcrete1" classname="de.uka.ilkd.key.proof.proverules.ProveRulesTest" time="3.179"/>
  <testcase name="powSplitFactor" classname="de.uka.ilkd.key.proof.proverules.ProveRulesTest" time="3.177"/>
  <testcase name="powAdd" classname="de.uka.ilkd.key.proof.proverules.ProveRulesTest" time="3.19"/>
  <testcase name="powMono" classname="de.uka.ilkd.key.proof.proverules.ProveRulesTest" time="3.187"/>
  <testcase name="powMonoConcrete" classname="de.uka.ilkd.key.proof.proverules.ProveRulesTest" time="3.185"/>
  <testcase name="powMonoConcreteRight" classname="de.uka.ilkd.key.proof.proverules.ProveRulesTest" time="3.175"/>
  <testcase name="powPositive" classname="de.uka.ilkd.key.proof.proverules.ProveRulesTest" time="3.186"/>
  <testcase name="powPositiveConcrete" classname="de.uka.ilkd.key.proof.proverules.ProveRulesTest" time="3.173"/>
  <testcase name="powGeq1Concrete" classname="de.uka.ilkd.key.proof.proverules.ProveRulesTest" time="3.164"/>
  <testcase name="pow2InIntLower" classname="de.uka.ilkd.key.proof.proverules.ProveRulesTest" time="3.181"/>
  <testcase name="pow2InIntUpper" classname="de.uka.ilkd.key.proof.proverules.ProveRulesTest" time="3.168"/>
  <testcase name="logSelfConcrete" classname="de.uka.ilkd.key.proof.proverules.ProveRulesTest" time="3.183"/>
  <testcase name="log1Concrete" classname="de.uka.ilkd.key.proof.proverules.ProveRulesTest" time="3.173"/>
  <testcase name="logProduct" classname="de.uka.ilkd.key.proof.proverules.ProveRulesTest" time="3.19"/>
  <testcase name="logTimesBaseConcrete" classname="de.uka.ilkd.key.proof.proverules.ProveRulesTest" time="3.169"/>
  <testcase name="logProdIdentity" classname="de.uka.ilkd.key.proof.proverules.ProveRulesTest" time="3.218"/>
  <testcase name="logProdIdentityConcrete" classname="de.uka.ilkd.key.proof.proverules.ProveRulesTest" time="3.168"/>
  <testcase name="logPowIdentity" classname="de.uka.ilkd.key.proof.proverules.ProveRulesTest" time="3.187"/>
  <testcase name="logPowIdentityConcrete" classname="de.uka.ilkd.key.proof.proverules.ProveRulesTest" time="3.18"/>
  <testcase name="logPositive" classname="de.uka.ilkd.key.proof.proverules.ProveRulesTest" time="3.204"/>
  <testcase name="logPositiveConcrete" classname="de.uka.ilkd.key.proof.proverules.ProveRulesTest" time="3.185"/>
  <testcase name="logMono" classname="de.uka.ilkd.key.proof.proverules.ProveRulesTest" time="3.237"/>
  <testcase name="logMonoConcrete" classname="de.uka.ilkd.key.proof.proverules.ProveRulesTest" time="3.196"/>
  <testcase name="powLogLess" classname="de.uka.ilkd.key.proof.proverules.ProveRulesTest" time="3.195"/>
  <testcase name="powLogMore2" classname="de.uka.ilkd.key.proof.proverules.ProveRulesTest" time="3.209"/>
  <testcase name="logLessThanPow" classname="de.uka.ilkd.key.proof.proverules.ProveRulesTest" time="3.247"/>
  <testcase name="logLessThanPowConcrete" classname="de.uka.ilkd.key.proof.proverules.ProveRulesTest" time="3.176"/>
  <testcase name="logSqueeze" classname="de.uka.ilkd.key.proof.proverules.ProveRulesTest" time="3.187"/>
  <testcase name="ifthenelse_equals" classname="de.uka.ilkd.key.proof.proverules.ProveRulesTest" time="3.19"/>
  <testcase name="ifthenelse_equals_1" classname="de.uka.ilkd.key.proof.proverules.ProveRulesTest" time="3.171"/>
  <testcase name="ifthenelse_equals_2" classname="de.uka.ilkd.key.proof.proverules.ProveRulesTest" time="3.187"/>
  <testcase name="disjointWithSingleton1" classname="de.uka.ilkd.key.proof.proverules.ProveRulesTest" time="3.185"/>
  <testcase name="disjointWithSingleton2" classname="de.uka.ilkd.key.proof.proverules.ProveRulesTest" time="3.184"/>
  <testcase name="disjointArrayRanges" classname="de.uka.ilkd.key.proof.proverules.ProveRulesTest" time="3.181"/>
  <testcase name="disjointArrayRangeAllFields1" classname="de.uka.ilkd.key.proof.proverules.ProveRulesTest" time="3.193"/>
  <testcase name="disjointArrayRangeAllFields2" classname="de.uka.ilkd.key.proof.proverules.ProveRulesTest" time="3.188"/>
  <testcase name="seqSelfDefinition" classname="de.uka.ilkd.key.proof.proverules.ProveRulesTest" time="3.198"/>
  <testcase name="seqOutsideValue" classname="de.uka.ilkd.key.proof.proverules.ProveRulesTest" time="3.18"/>
  <testcase name="castedGetAny" classname="de.uka.ilkd.key.proof.proverules.ProveRulesTest" time="3.203"/>
  <testcase name="seqGetAlphaCast" classname="de.uka.ilkd.key.proof.proverules.ProveRulesTest" time="3.191"/>
  <testcase name="getOfSeqSingleton" classname="de.uka.ilkd.key.proof.proverules.ProveRulesTest" time="3.187"/>
  <testcase name="getOfSeqSingletonConcrete" classname="de.uka.ilkd.key.proof.proverules.ProveRulesTest" time="3.193"/>
  <testcase name="getOfSeqConcat" classname="de.uka.ilkd.key.proof.proverules.ProveRulesTest" time="3.203"/>
  <testcase name="getOfSeqSub" classname="de.uka.ilkd.key.proof.proverules.ProveRulesTest" time="3.194"/>
  <testcase name="getOfSeqReverse" classname="de.uka.ilkd.key.proof.proverules.ProveRulesTest" time="3.2"/>
  <testcase name="lenOfSeqEmpty" classname="de.uka.ilkd.key.proof.proverules.ProveRulesTest" time="3.192"/>
  <testcase name="lenOfSeqSingleton" classname="de.uka.ilkd.key.proof.proverules.ProveRulesTest" time="3.188"/>
  <testcase name="lenOfSeqConcat" classname="de.uka.ilkd.key.proof.proverules.ProveRulesTest" time="3.187"/>
  <testcase name="lenOfSeqSub" classname="de.uka.ilkd.key.proof.proverules.ProveRulesTest" time="3.225"/>
  <testcase name="lenOfSeqReverse" classname="de.uka.ilkd.key.proof.proverules.ProveRulesTest" time="3.189"/>
  <testcase name="equalityToSeqGetAndSeqLenLeft" classname="de.uka.ilkd.key.proof.proverules.ProveRulesTest" time="3.192"/>
  <testcase name="equalityToSeqGetAndSeqLenRight" classname="de.uka.ilkd.key.proof.proverules.ProveRulesTest" time="3.193"/>
  <testcase name="getOfSeqSingletonEQ" classname="de.uka.ilkd.key.proof.proverules.ProveRulesTest" time="3.19"/>
  <testcase name="getOfSeqConcatEQ" classname="de.uka.ilkd.key.proof.proverules.ProveRulesTest" time="3.196"/>
  <testcase name="getOfSeqSubEQ" classname="de.uka.ilkd.key.proof.proverules.ProveRulesTest" time="3.187"/>
  <testcase name="getOfSeqReverseEQ" classname="de.uka.ilkd.key.proof.proverules.ProveRulesTest" time="3.19"/>
  <testcase name="lenOfSeqEmptyEQ" classname="de.uka.ilkd.key.proof.proverules.ProveRulesTest" time="3.186"/>
  <testcase name="lenOfSeqSingletonEQ" classname="de.uka.ilkd.key.proof.proverules.ProveRulesTest" time="3.182"/>
  <testcase name="lenOfSeqConcatEQ" classname="de.uka.ilkd.key.proof.proverules.ProveRulesTest" time="3.184"/>
  <testcase name="lenOfSeqSubEQ" classname="de.uka.ilkd.key.proof.proverules.ProveRulesTest" time="3.184"/>
  <testcase name="lenOfSeqReverseEQ" classname="de.uka.ilkd.key.proof.proverules.ProveRulesTest" time="3.184"/>
  <testcase name="getOfSeqDefEQ" classname="de.uka.ilkd.key.proof.proverules.ProveRulesTest" time="3.188"/>
  <testcase name="lenOfSeqDefEQ" classname="de.uka.ilkd.key.proof.proverules.ProveRulesTest" time="3.193"/>
  <testcase name="seqConcatWithSeqEmpty1" classname="de.uka.ilkd.key.proof.proverules.ProveRulesTest" time="3.195"/>
  <testcase name="seqConcatWithSeqEmpty2" classname="de.uka.ilkd.key.proof.proverules.ProveRulesTest" time="3.195"/>
  <testcase name="seqReverseOfSeqEmpty" classname="de.uka.ilkd.key.proof.proverules.ProveRulesTest" time="3.205"/>
  <testcase name="subSeqComplete" classname="de.uka.ilkd.key.proof.proverules.ProveRulesTest" time="3.19"/>
  <testcase name="subSeqTailR" classname="de.uka.ilkd.key.proof.proverules.ProveRulesTest" time="3.208"/>
  <testcase name="subSeqTailL" classname="de.uka.ilkd.key.proof.proverules.ProveRulesTest" time="3.205"/>
  <testcase name="subSeqTailEQR" classname="de.uka.ilkd.key.proof.proverules.ProveRulesTest" time="3.209"/>
  <testcase name="subSeqTailEQL" classname="de.uka.ilkd.key.proof.proverules.ProveRulesTest" time="3.206"/>
  <testcase name="seqDef_split" classname="de.uka.ilkd.key.proof.proverules.ProveRulesTest" time="3.244"/>
  <testcase name="seqDef_induction_upper" classname="de.uka.ilkd.key.proof.proverules.ProveRulesTest" time="3.238"/>
  <testcase name="seqDef_induction_upper_concrete" classname="de.uka.ilkd.key.proof.proverules.ProveRulesTest" time="3.235"/>
  <testcase name="seqDef_induction_lower" classname="de.uka.ilkd.key.proof.proverules.ProveRulesTest" time="3.235"/>
  <testcase name="seqDef_induction_lower_concrete" classname="de.uka.ilkd.key.proof.proverules.ProveRulesTest" time="3.336"/>
  <testcase name="seqDef_split_in_three" classname="de.uka.ilkd.key.proof.proverules.ProveRulesTest" time="3.583"/>
  <testcase name="seqDef_empty" classname="de.uka.ilkd.key.proof.proverules.ProveRulesTest" time="3.373"/>
  <testcase name="seqDef_one_summand" classname="de.uka.ilkd.key.proof.proverules.ProveRulesTest" time="3.219"/>
  <testcase name="seqDef_lower_equals_upper" classname="de.uka.ilkd.key.proof.proverules.ProveRulesTest" time="3.194"/>
  <testcase name="seqDefOfSeq" classname="de.uka.ilkd.key.proof.proverules.ProveRulesTest" time="3.199"/>
  <testcase name="seqSelfDefinitionEQ2" classname="de.uka.ilkd.key.proof.proverules.ProveRulesTest" time="3.202"/>
  <testcase name="indexOfSeqSingleton" classname="de.uka.ilkd.key.proof.proverules.ProveRulesTest" time="3.184"/>
  <testcase name="indexOfSeqConcatFirst" classname="de.uka.ilkd.key.proof.proverules.ProveRulesTest" time="3.209"/>
  <testcase name="indexOfSeqConcatSecond" classname="de.uka.ilkd.key.proof.proverules.ProveRulesTest" time="3.217"/>
  <testcase name="indexOfSeqSub" classname="de.uka.ilkd.key.proof.proverules.ProveRulesTest" time="3.224"/>
  <testcase name="lenOfArray2seq" classname="de.uka.ilkd.key.proof.proverules.ProveRulesTest" time="3.183"/>
  <testcase name="getAnyOfArray2seq" classname="de.uka.ilkd.key.proof.proverules.ProveRulesTest" time="3.205"/>
  <testcase name="getOfArray2seq" classname="de.uka.ilkd.key.proof.proverules.ProveRulesTest" time="3.185"/>
  <testcase name="getAnyOfNPermInv" classname="de.uka.ilkd.key.proof.proverules.ProveRulesTest" time="3.194"/>
  <testcase name="seqNPermRange" classname="de.uka.ilkd.key.proof.proverules.ProveRulesTest" time="3.298"/>
  <testcase name="seqPermTrans" classname="de.uka.ilkd.key.proof.proverules.ProveRulesTest" time="3.268"/>
  <testcase name="seqPermRefl" classname="de.uka.ilkd.key.proof.proverules.ProveRulesTest" time="3.218"/>
  <testcase name="seqPermSplit" classname="de.uka.ilkd.key.proof.proverules.ProveRulesTest" time="3.206"/>
  <testcase name="seqNPermRight" classname="de.uka.ilkd.key.proof.proverules.ProveRulesTest" time="3.54"/>
  <testcase name="seqPermFromSwap" classname="de.uka.ilkd.key.proof.proverules.ProveRulesTest" time="3.353"/>
  <testcase name="seqPermTransAlt0" classname="de.uka.ilkd.key.proof.proverules.ProveRulesTest" time="3.216"/>
  <testcase name="seqPermTransAlt1" classname="de.uka.ilkd.key.proof.proverules.ProveRulesTest" time="3.201"/>
  <testcase name="seqPermTransAlt2" classname="de.uka.ilkd.key.proof.proverules.ProveRulesTest" time="3.266"/>
  <testcase name="seqPermTransAlt3" classname="de.uka.ilkd.key.proof.proverules.ProveRulesTest" time="3.167"/>
  <testcase name="schiffl_lemma_2" classname="de.uka.ilkd.key.proof.proverules.ProveRulesTest" time="20.44"/>
  <testcase name="schiffl_thm_1" classname="de.uka.ilkd.key.proof.proverules.ProveRulesTest" time="3.995"/>
  <testcase name="eqSameSeq" classname="de.uka.ilkd.key.proof.proverules.ProveRulesTest" time="3.39"/>
  <system-out><![CDATA[498        WARN  Test worker     d.u.i.k.s.ProofSettings   No proof-settings could be loaded, using defaults java.io.FileNotFoundException: /home/runner/.key/proof-settings.props (No such file or directory)
	at java.base/java.io.FileInputStream.open0(Native Method)

10771      INFO  Test worker     d.u.i.k.t.l.TacletProofObligationInput Proof obligation for taclet: eqTermCut 
14567      INFO  Test worker     d.u.i.k.t.l.TacletProofObligationInput Proof obligation for taclet: equivAllRight 
17991      INFO  Test worker     d.u.i.k.t.l.TacletProofObligationInput Proof obligation for taclet: irrflConcrete1 
21410      INFO  Test worker     d.u.i.k.t.l.TacletProofObligationInput Proof obligation for taclet: irrflConcrete2 
24727      INFO  Test worker     d.u.i.k.t.l.TacletProofObligationInput Proof obligation for taclet: cancel_gtPos 
28051      INFO  Test worker     d.u.i.k.t.l.TacletProofObligationInput Proof obligation for taclet: cancel_gtNeg 
31407      INFO  Test worker     d.u.i.k.t.l.TacletProofObligationInput Proof obligation for taclet: moduloIntIsInInt 
34723      INFO  Test worker     d.u.i.k.t.l.TacletProofObligationInput Proof obligation for taclet: moduloLongIsInLong 
37979      INFO  Test worker     d.u.i.k.t.l.TacletProofObligationInput Proof obligation for taclet: moduloShortIsInShort 
41287      INFO  Test worker     d.u.i.k.t.l.TacletProofObligationInput Proof obligation for taclet: moduloByteIsInByte 
44538      INFO  Test worker     d.u.i.k.t.l.TacletProofObligationInput Proof obligation for taclet: moduloCharIsInChar 
47815      INFO  Test worker     d.u.i.k.t.l.TacletProofObligationInput Proof obligation for taclet: div_unique1 
51203      INFO  Test worker     d.u.i.k.t.l.TacletProofObligationInput Proof obligation for taclet: div_unique2 
54547      INFO  Test worker     d.u.i.k.t.l.TacletProofObligationInput Proof obligation for taclet: div_exists 
58035      INFO  Test worker     d.u.i.k.t.l.TacletProofObligationInput Proof obligation for taclet: div_one 
61288      INFO  Test worker     d.u.i.k.t.l.TacletProofObligationInput Proof obligation for taclet: jdiv_one 
64534      INFO  Test worker     d.u.i.k.t.l.TacletProofObligationInput Proof obligation for taclet: div_zero 
67819      INFO  Test worker     d.u.i.k.t.l.TacletProofObligationInput Proof obligation for taclet: divResZero1 
71151      INFO  Test worker     d.u.i.k.t.l.TacletProofObligationInput Proof obligation for taclet: divResZero2 
74426      INFO  Test worker     d.u.i.k.t.l.TacletProofObligationInput Proof obligation for taclet: divResOne1 
77662      INFO  Test worker     d.u.i.k.t.l.TacletProofObligationInput Proof obligation for taclet: divResOne2 
80918      INFO  Test worker     d.u.i.k.t.l.TacletProofObligationInput Proof obligation for taclet: div_cancel1 
84159      INFO  Test worker     d.u.i.k.t.l.TacletProofObligationInput Proof obligation for taclet: div_cancel2 
87358      INFO  Test worker     d.u.i.k.t.l.TacletProofObligationInput Proof obligation for taclet: divAddMultDenom 
90599      INFO  Test worker     d.u.i.k.t.l.TacletProofObligationInput Proof obligation for taclet: divMinus 
93873      INFO  Test worker     d.u.i.k.t.l.TacletProofObligationInput Proof obligation for taclet: divMinusDenom 
97122      INFO  Test worker     d.u.i.k.t.l.TacletProofObligationInput Proof obligation for taclet: divLeastDPos 
100359     INFO  Test worker     d.u.i.k.t.l.TacletProofObligationInput Proof obligation for taclet: divLeastDNeg 
103568     INFO  Test worker     d.u.i.k.t.l.TacletProofObligationInput Proof obligation for taclet: divGreatestDPos 
106778     INFO  Test worker     d.u.i.k.t.l.TacletProofObligationInput Proof obligation for taclet: divGreatestDNeg 
109983     INFO  Test worker     d.u.i.k.t.l.TacletProofObligationInput Proof obligation for taclet: divIncreasingPos 
113193     INFO  Test worker     d.u.i.k.t.l.TacletProofObligationInput Proof obligation for taclet: divIncreasingNeg 
116395     INFO  Test worker     d.u.i.k.t.l.TacletProofObligationInput Proof obligation for taclet: jdiv_zero 
119608     INFO  Test worker     d.u.i.k.t.l.TacletProofObligationInput Proof obligation for taclet: jdivPulloutMinusNum 
122844     INFO  Test worker     d.u.i.k.t.l.TacletProofObligationInput Proof obligation for taclet: jdivPulloutMinusDenom 
126098     INFO  Test worker     d.u.i.k.t.l.TacletProofObligationInput Proof obligation for taclet: jdiv_uniquePosPos 
129328     INFO  Test worker     d.u.i.k.t.l.TacletProofObligationInput Proof obligation for taclet: jdiv_uniquePosNeg 
132539     INFO  Test worker     d.u.i.k.t.l.TacletProofObligationInput Proof obligation for taclet: jdiv_uniqueNegPos 
135778     INFO  Test worker     d.u.i.k.t.l.TacletProofObligationInput Proof obligation for taclet: jdiv_uniqueNegNeg 
138983     INFO  Test worker     d.u.i.k.t.l.TacletProofObligationInput Proof obligation for taclet: jdivMultDenom1 
142234     INFO  Test worker     d.u.i.k.t.l.TacletProofObligationInput Proof obligation for taclet: jdivMultDenom2 
145417     INFO  Test worker     d.u.i.k.t.l.TacletProofObligationInput Proof obligation for taclet: mod_geZero 
148611     INFO  Test worker     d.u.i.k.t.l.TacletProofObligationInput Proof obligation for taclet: mod_lessDenom 
151789     INFO  Test worker     d.u.i.k.t.l.TacletProofObligationInput Proof obligation for taclet: jmod_NumPos 
154967     INFO  Test worker     d.u.i.k.t.l.TacletProofObligationInput Proof obligation for taclet: jmod_NumNeg 
158177     INFO  Test worker     d.u.i.k.t.l.TacletProofObligationInput Proof obligation for taclet: jmod_geZero 
161359     INFO  Test worker     d.u.i.k.t.l.TacletProofObligationInput Proof obligation for taclet: jmodNumZero 
164567     INFO  Test worker     d.u.i.k.t.l.TacletProofObligationInput Proof obligation for taclet: jmod_pulloutminusNum 
167743     INFO  Test worker     d.u.i.k.t.l.TacletProofObligationInput Proof obligation for taclet: jmod_pulloutminusDenom 
170950     INFO  Test worker     d.u.i.k.t.l.TacletProofObligationInput Proof obligation for taclet: jmodUnique1 
174284     INFO  Test worker     d.u.i.k.t.l.TacletProofObligationInput Proof obligation for taclet: jmodUnique2 
177612     INFO  Test worker     d.u.i.k.t.l.TacletProofObligationInput Proof obligation for taclet: intDivRem 
180794     INFO  Test worker     d.u.i.k.t.l.TacletProofObligationInput Proof obligation for taclet: jmodjmod 
184040     INFO  Test worker     d.u.i.k.t.l.TacletProofObligationInput Proof obligation for taclet: jmodDivisible 
187285     INFO  Test worker     d.u.i.k.t.l.TacletProofObligationInput Proof obligation for taclet: jmodDivisibleRep 
190485     INFO  Test worker     d.u.i.k.t.l.TacletProofObligationInput Proof obligation for taclet: jdivAddMultDenom 
193921     INFO  Test worker     d.u.i.k.t.l.TacletProofObligationInput Proof obligation for taclet: jmodAltZero 
197154     INFO  Test worker     d.u.i.k.t.l.TacletProofObligationInput Proof obligation for taclet: jmodAddMultDenomZero 
200326     INFO  Test worker     d.u.i.k.t.l.TacletProofObligationInput Proof obligation for taclet: polyDiv_zero 
203527     INFO  Test worker     d.u.i.k.t.l.TacletProofObligationInput Proof obligation for taclet: polyMod_ltdivDenom 
206731     INFO  Test worker     d.u.i.k.t.l.TacletProofObligationInput Proof obligation for taclet: bsum_empty 
209895     INFO  Test worker     d.u.i.k.t.l.TacletProofObligationInput Proof obligation for taclet: bsum_induction_upper 
213077     INFO  Test worker     d.u.i.k.t.l.TacletProofObligationInput Proof obligation for taclet: bsum_induction_lower 
216308     INFO  Test worker     d.u.i.k.t.l.TacletProofObligationInput Proof obligation for taclet: bsum_num_of_bounds 
219610     INFO  Test worker     d.u.i.k.t.l.TacletProofObligationInput Proof obligation for taclet: bsum_num_of_bounds2 
222956     INFO  Test worker     d.u.i.k.t.l.TacletProofObligationInput Proof obligation for taclet: bsum_induction_upper2 
226295     INFO  Test worker     d.u.i.k.t.l.TacletProofObligationInput Proof obligation for taclet: bsum_induction_upper_concrete 
229618     INFO  Test worker     d.u.i.k.t.l.TacletProofObligationInput Proof obligation for taclet: bsum_induction_upper_concrete_2 
232909     INFO  Test worker     d.u.i.k.t.l.TacletProofObligationInput Proof obligation for taclet: bsum_induction_upper2_concrete 
236089     INFO  Test worker     d.u.i.k.t.l.TacletProofObligationInput Proof obligation for taclet: bsum_induction_lower_concrete 
239254     INFO  Test worker     d.u.i.k.t.l.TacletProofObligationInput Proof obligation for taclet: bsum_induction_lower2 
242443     INFO  Test worker     d.u.i.k.t.l.TacletProofObligationInput Proof obligation for taclet: bsum_induction_lower2_concrete 
245607     INFO  Test worker     d.u.i.k.t.l.TacletProofObligationInput Proof obligation for taclet: bsum_positive 
248849     INFO  Test worker     d.u.i.k.t.l.TacletProofObligationInput Proof obligation for taclet: bsum_upper_bound 
252087     INFO  Test worker     d.u.i.k.t.l.TacletProofObligationInput Proof obligation for taclet: bsum_lower_bound 
255311     INFO  Test worker     d.u.i.k.t.l.TacletProofObligationInput Proof obligation for taclet: bsum_positive_lower_bound_element 
258533     INFO  Test worker     d.u.i.k.t.l.TacletProofObligationInput Proof obligation for taclet: bsum_sub_same_index 
261771     INFO  Test worker     d.u.i.k.t.l.TacletProofObligationInput Proof obligation for taclet: bsum_less_same_index 
265016     INFO  Test worker     d.u.i.k.t.l.TacletProofObligationInput Proof obligation for taclet: bsum_equal_except_one_index 
268239     INFO  Test worker     d.u.i.k.t.l.TacletProofObligationInput Proof obligation for taclet: bsum_num_of_is_max 
271436     INFO  Test worker     d.u.i.k.t.l.TacletProofObligationInput Proof obligation for taclet: bsum_num_of_is_max2 
274648     INFO  Test worker     d.u.i.k.t.l.TacletProofObligationInput Proof obligation for taclet: bsum_num_of_is_max3 
277838     INFO  Test worker     d.u.i.k.t.l.TacletProofObligationInput Proof obligation for taclet: bsum_num_of_is_max4 
281043     INFO  Test worker     d.u.i.k.t.l.TacletProofObligationInput Proof obligation for taclet: bsum_num_of_lt_max 
284272     INFO  Test worker     d.u.i.k.t.l.TacletProofObligationInput Proof obligation for taclet: bsum_num_of_lt_max2 
287474     INFO  Test worker     d.u.i.k.t.l.TacletProofObligationInput Proof obligation for taclet: bsum_num_of_lt_max3 
290707     INFO  Test worker     d.u.i.k.t.l.TacletProofObligationInput Proof obligation for taclet: bsum_num_of_lt_max4 
293910     INFO  Test worker     d.u.i.k.t.l.TacletProofObligationInput Proof obligation for taclet: bsum_num_of_gt0 
297122     INFO  Test worker     d.u.i.k.t.l.TacletProofObligationInput Proof obligation for taclet: bsum_num_of_gt0_alt 
300316     INFO  Test worker     d.u.i.k.t.l.TacletProofObligationInput Proof obligation for taclet: bsum_add_concrete 
303516     INFO  Test worker     d.u.i.k.t.l.TacletProofObligationInput Proof obligation for taclet: bprod_all_positive 
306709     INFO  Test worker     d.u.i.k.t.l.TacletProofObligationInput Proof obligation for taclet: bprod_split 
309954     INFO  Test worker     d.u.i.k.t.l.TacletProofObligationInput Proof obligation for taclet: powConcrete0 
313121     INFO  Test worker     d.u.i.k.t.l.TacletProofObligationInput Proof obligation for taclet: powConcrete1 
316305     INFO  Test worker     d.u.i.k.t.l.TacletProofObligationInput Proof obligation for taclet: powSplitFactor 
319483     INFO  Test worker     d.u.i.k.t.l.TacletProofObligationInput Proof obligation for taclet: powAdd 
322658     INFO  Test worker     d.u.i.k.t.l.TacletProofObligationInput Proof obligation for taclet: powMono 
325857     INFO  Test worker     d.u.i.k.t.l.TacletProofObligationInput Proof obligation for taclet: powMonoConcrete 
329030     INFO  Test worker     d.u.i.k.t.l.TacletProofObligationInput Proof obligation for taclet: powMonoConcreteRight 
332218     INFO  Test worker     d.u.i.k.t.l.TacletProofObligationInput Proof obligation for taclet: powPositive 
335390     INFO  Test worker     d.u.i.k.t.l.TacletProofObligationInput Proof obligation for taclet: powPositiveConcrete 
338574     INFO  Test worker     d.u.i.k.t.l.TacletProofObligationInput Proof obligation for taclet: powGeq1Concrete 
341740     INFO  Test worker     d.u.i.k.t.l.TacletProofObligationInput Proof obligation for taclet: pow2InIntLower 
344919     INFO  Test worker     d.u.i.k.t.l.TacletProofObligationInput Proof obligation for taclet: pow2InIntUpper 
348087     INFO  Test worker     d.u.i.k.t.l.TacletProofObligationInput Proof obligation for taclet: logSelfConcrete 
351276     INFO  Test worker     d.u.i.k.t.l.TacletProofObligationInput Proof obligation for taclet: log1Concrete 
354449     INFO  Test worker     d.u.i.k.t.l.TacletProofObligationInput Proof obligation for taclet: logProduct 
357619     INFO  Test worker     d.u.i.k.t.l.TacletProofObligationInput Proof obligation for taclet: logTimesBaseConcrete 
360817     INFO  Test worker     d.u.i.k.t.l.TacletProofObligationInput Proof obligation for taclet: logProdIdentity 
364023     INFO  Test worker     d.u.i.k.t.l.TacletProofObligationInput Proof obligation for taclet: logProdIdentityConcrete 
367192     INFO  Test worker     d.u.i.k.t.l.TacletProofObligationInput Proof obligation for taclet: logPowIdentity 
370389     INFO  Test worker     d.u.i.k.t.l.TacletProofObligationInput Proof obligation for taclet: logPowIdentityConcrete 
373559     INFO  Test worker     d.u.i.k.t.l.TacletProofObligationInput Proof obligation for taclet: logPositive 
376762     INFO  Test worker     d.u.i.k.t.l.TacletProofObligationInput Proof obligation for taclet: logPositiveConcrete 
379934     INFO  Test worker     d.u.i.k.t.l.TacletProofObligationInput Proof obligation for taclet: logMono 
383192     INFO  Test worker     d.u.i.k.t.l.TacletProofObligationInput Proof obligation for taclet: logMonoConcrete 
386381     INFO  Test worker     d.u.i.k.t.l.TacletProofObligationInput Proof obligation for taclet: powLogLess 
389576     INFO  Test worker     d.u.i.k.t.l.TacletProofObligationInput Proof obligation for taclet: powLogMore2 
392785     INFO  Test worker     d.u.i.k.t.l.TacletProofObligationInput Proof obligation for taclet: logLessThanPow 
396041     INFO  Test worker     d.u.i.k.t.l.TacletProofObligationInput Proof obligation for taclet: logLessThanPowConcrete 
399208     INFO  Test worker     d.u.i.k.t.l.TacletProofObligationInput Proof obligation for taclet: logSqueeze 
402399     INFO  Test worker     d.u.i.k.t.l.TacletProofObligationInput Proof obligation for taclet: ifthenelse_equals 
405583     INFO  Test worker     d.u.i.k.t.l.TacletProofObligationInput Proof obligation for taclet: ifthenelse_equals_1 
408757     INFO  Test worker     d.u.i.k.t.l.TacletProofObligationInput Proof obligation for taclet: ifthenelse_equals_2 
411939     INFO  Test worker     d.u.i.k.t.l.TacletProofObligationInput Proof obligation for taclet: disjointWithSingleton1 
415126     INFO  Test worker     d.u.i.k.t.l.TacletProofObligationInput Proof obligation for taclet: disjointWithSingleton2 
418299     INFO  Test worker     d.u.i.k.t.l.TacletProofObligationInput Proof obligation for taclet: disjointArrayRanges 
421489     INFO  Test worker     d.u.i.k.t.l.TacletProofObligationInput Proof obligation for taclet: disjointArrayRangeAllFields1 
424679     INFO  Test worker     d.u.i.k.t.l.TacletProofObligationInput Proof obligation for taclet: disjointArrayRangeAllFields2 
427868     INFO  Test worker     d.u.i.k.t.l.TacletProofObligationInput Proof obligation for taclet: seqSelfDefinition 
431057     INFO  Test worker     d.u.i.k.t.l.TacletProofObligationInput Proof obligation for taclet: seqOutsideValue 
434259     INFO  Test worker     d.u.i.k.t.l.TacletProofObligationInput Proof obligation for taclet: castedGetAny 
437452     INFO  Test worker     d.u.i.k.t.l.TacletProofObligationInput Proof obligation for taclet: seqGetAlphaCast 
440638     INFO  Test worker     d.u.i.k.t.l.TacletProofObligationInput Proof obligation for taclet: getOfSeqSingleton 
443832     INFO  Test worker     d.u.i.k.t.l.TacletProofObligationInput Proof obligation for taclet: getOfSeqSingletonConcrete 
447029     INFO  Test worker     d.u.i.k.t.l.TacletProofObligationInput Proof obligation for taclet: getOfSeqConcat 
450226     INFO  Test worker     d.u.i.k.t.l.TacletProofObligationInput Proof obligation for taclet: getOfSeqSub 
453425     INFO  Test worker     d.u.i.k.t.l.TacletProofObligationInput Proof obligation for taclet: getOfSeqReverse 
456623     INFO  Test worker     d.u.i.k.t.l.TacletProofObligationInput Proof obligation for taclet: lenOfSeqEmpty 
459812     INFO  Test worker     d.u.i.k.t.l.TacletProofObligationInput Proof obligation for taclet: lenOfSeqSingleton 
462997     INFO  Test worker     d.u.i.k.t.l.TacletProofObligationInput Proof obligation for taclet: lenOfSeqConcat 
466221     INFO  Test worker     d.u.i.k.t.l.TacletProofObligationInput Proof obligation for taclet: lenOfSeqSub 
469411     INFO  Test worker     d.u.i.k.t.l.TacletProofObligationInput Proof obligation for taclet: lenOfSeqReverse 
472602     INFO  Test worker     d.u.i.k.t.l.TacletProofObligationInput Proof obligation for taclet: equalityToSeqGetAndSeqLenLeft 
475795     INFO  Test worker     d.u.i.k.t.l.TacletProofObligationInput Proof obligation for taclet: equalityToSeqGetAndSeqLenRight 
478987     INFO  Test worker     d.u.i.k.t.l.TacletProofObligationInput Proof obligation for taclet: getOfSeqSingletonEQ 
482175     INFO  Test worker     d.u.i.k.t.l.TacletProofObligationInput Proof obligation for taclet: getOfSeqConcatEQ 
485370     INFO  Test worker     d.u.i.k.t.l.TacletProofObligationInput Proof obligation for taclet: getOfSeqSubEQ 
488554     INFO  Test worker     d.u.i.k.t.l.TacletProofObligationInput Proof obligation for taclet: getOfSeqReverseEQ 
491747     INFO  Test worker     d.u.i.k.t.l.TacletProofObligationInput Proof obligation for taclet: lenOfSeqEmptyEQ 
494929     INFO  Test worker     d.u.i.k.t.l.TacletProofObligationInput Proof obligation for taclet: lenOfSeqSingletonEQ 
498109     INFO  Test worker     d.u.i.k.t.l.TacletProofObligationInput Proof obligation for taclet: lenOfSeqConcatEQ 
501296     INFO  Test worker     d.u.i.k.t.l.TacletProofObligationInput Proof obligation for taclet: lenOfSeqSubEQ 
504478     INFO  Test worker     d.u.i.k.t.l.TacletProofObligationInput Proof obligation for taclet: lenOfSeqReverseEQ 
507668     INFO  Test worker     d.u.i.k.t.l.TacletProofObligationInput Proof obligation for taclet: getOfSeqDefEQ 
510857     INFO  Test worker     d.u.i.k.t.l.TacletProofObligationInput Proof obligation for taclet: lenOfSeqDefEQ 
514045     INFO  Test worker     d.u.i.k.t.l.TacletProofObligationInput Proof obligation for taclet: seqConcatWithSeqEmpty1 
517236     INFO  Test worker     d.u.i.k.t.l.TacletProofObligationInput Proof obligation for taclet: seqConcatWithSeqEmpty2 
520449     INFO  Test worker     d.u.i.k.t.l.TacletProofObligationInput Proof obligation for taclet: seqReverseOfSeqEmpty 
523637     INFO  Test worker     d.u.i.k.t.l.TacletProofObligationInput Proof obligation for taclet: subSeqComplete 
526833     INFO  Test worker     d.u.i.k.t.l.TacletProofObligationInput Proof obligation for taclet: subSeqTailR 
530038     INFO  Test worker     d.u.i.k.t.l.TacletProofObligationInput Proof obligation for taclet: subSeqTailL 
533245     INFO  Test worker     d.u.i.k.t.l.TacletProofObligationInput Proof obligation for taclet: subSeqTailEQR 
536461     INFO  Test worker     d.u.i.k.t.l.TacletProofObligationInput Proof obligation for taclet: subSeqTailEQL 
539660     INFO  Test worker     d.u.i.k.t.l.TacletProofObligationInput Proof obligation for taclet: seqDef_split 
542910     INFO  Test worker     d.u.i.k.t.l.TacletProofObligationInput Proof obligation for taclet: seqDef_induction_upper 
546153     INFO  Test worker     d.u.i.k.t.l.TacletProofObligationInput Proof obligation for taclet: seqDef_induction_upper_concrete 
549382     INFO  Test worker     d.u.i.k.t.l.TacletProofObligationInput Proof obligation for taclet: seqDef_induction_lower 
552676     INFO  Test worker     d.u.i.k.t.l.TacletProofObligationInput Proof obligation for taclet: seqDef_induction_lower_concrete 
556079     INFO  Test worker     d.u.i.k.t.l.TacletProofObligationInput Proof obligation for taclet: seqDef_split_in_three 
559642     INFO  Test worker     d.u.i.k.t.l.TacletProofObligationInput Proof obligation for taclet: seqDef_empty 
562931     INFO  Test worker     d.u.i.k.t.l.TacletProofObligationInput Proof obligation for taclet: seqDef_one_summand 
566128     INFO  Test worker     d.u.i.k.t.l.TacletProofObligationInput Proof obligation for taclet: seqDef_lower_equals_upper 
569311     INFO  Test worker     d.u.i.k.t.l.TacletProofObligationInput Proof obligation for taclet: seqDefOfSeq 
572523     INFO  Test worker     d.u.i.k.t.l.TacletProofObligationInput Proof obligation for taclet: seqSelfDefinitionEQ2 
575713     INFO  Test worker     d.u.i.k.t.l.TacletProofObligationInput Proof obligation for taclet: indexOfSeqSingleton 
578907     INFO  Test worker     d.u.i.k.t.l.TacletProofObligationInput Proof obligation for taclet: indexOfSeqConcatFirst 
582110     INFO  Test worker     d.u.i.k.t.l.TacletProofObligationInput Proof obligation for taclet: indexOfSeqConcatSecond 
585339     INFO  Test worker     d.u.i.k.t.l.TacletProofObligationInput Proof obligation for taclet: indexOfSeqSub 
588549     INFO  Test worker     d.u.i.k.t.l.TacletProofObligationInput Proof obligation for taclet: lenOfArray2seq 
591753     INFO  Test worker     d.u.i.k.t.l.TacletProofObligationInput Proof obligation for taclet: getAnyOfArray2seq 
594935     INFO  Test worker     d.u.i.k.t.l.TacletProofObligationInput Proof obligation for taclet: getOfArray2seq 
598132     INFO  Test worker     d.u.i.k.t.l.TacletProofObligationInput Proof obligation for taclet: getAnyOfNPermInv 
601322     INFO  Test worker     d.u.i.k.t.l.TacletProofObligationInput Proof obligation for taclet: seqNPermRange 
604620     INFO  Test worker     d.u.i.k.t.l.TacletProofObligationInput Proof obligation for taclet: seqPermTrans 
607897     INFO  Test worker     d.u.i.k.t.l.TacletProofObligationInput Proof obligation for taclet: seqPermRefl 
611104     INFO  Test worker     d.u.i.k.t.l.TacletProofObligationInput Proof obligation for taclet: seqPermSplit 
614315     INFO  Test worker     d.u.i.k.t.l.TacletProofObligationInput Proof obligation for taclet: seqNPermRight 
617899     INFO  Test worker     d.u.i.k.t.l.TacletProofObligationInput Proof obligation for taclet: seqPermFromSwap 
621227     INFO  Test worker     d.u.i.k.t.l.TacletProofObligationInput Proof obligation for taclet: seqPermTransAlt0 
624431     INFO  Test worker     d.u.i.k.t.l.TacletProofObligationInput Proof obligation for taclet: seqPermTransAlt1 
627699     INFO  Test worker     d.u.i.k.t.l.TacletProofObligationInput Proof obligation for taclet: seqPermTransAlt2 
630867     INFO  Test worker     d.u.i.k.t.l.TacletProofObligationInput Proof obligation for taclet: seqPermTransAlt3 
634072     INFO  Test worker     d.u.i.k.t.l.TacletProofObligationInput Proof obligation for taclet: schiffl_lemma_2 
634887     INFO  Test worker     d.u.i.k.m.s.ProofScriptEngine 1: 'macro split-prop' 
634942     INFO  Test worker     d.u.i.k.m.s.ProofScriptEngine 2: 'rule allRight' 
634966     INFO  Test worker     d.u.i.k.m.s.ProofScriptEngine 3: 'rule allRight' 
634973     INFO  Test worker     d.u.i.k.m.s.ProofScriptEngine 4: 'macro split-prop' 
634982     INFO  Test worker     d.u.i.k.m.s.ProofScriptEngine 5: 'rule 'seqPermDefLeft'' 
634986     INFO  Test worker     d.u.i.k.m.s.ProofScriptEngine 6: 'rule 'andLeft'' 
634986     INFO  Test worker     d.u.i.k.m.s.ProofScriptEngine 7: 'rule 'exLeft'' 
634990     INFO  Test worker     d.u.i.k.m.s.ProofScriptEngine 8: 'macro split-prop' 
634996     INFO  Test worker     d.u.i.k.m.s.ProofScriptEngine 9: 'rule  seqNPermRange' 
634998     INFO  Test worker     d.u.i.k.m.s.ProofScriptEngine 10: 'instantiate var=iv with='v_x_0' occ=1' 
635002     INFO  Test worker     d.u.i.k.m.s.ProofScriptEngine 11: 'rule impLeft' 
635003     INFO  Test worker     d.u.i.k.m.s.ProofScriptEngine 12: 'tryclose branch' 
635235     INFO  Test worker     d.u.i.k.m.s.ProofScriptEngine 13: 'rule andLeft' 
635236     INFO  Test worker     d.u.i.k.m.s.ProofScriptEngine 14: 'rule andLeft' 
635237     INFO  Test worker     d.u.i.k.m.s.ProofScriptEngine 15: 'instantiate var=iv with='v_y_0' occ=1' 
635238     INFO  Test worker     d.u.i.k.m.s.ProofScriptEngine 16: 'rule impLeft' 
635238     INFO  Test worker     d.u.i.k.m.s.ProofScriptEngine 17: 'tryclose branch' 
635336     INFO  Test worker     d.u.i.k.m.s.ProofScriptEngine 18: 'rule andLeft' 
635337     INFO  Test worker     d.u.i.k.m.s.ProofScriptEngine 19: 'rule andLeft' 
635338     INFO  Test worker     d.u.i.k.m.s.ProofScriptEngine 20: 'rule seqNPermDefLeft' 
635339     INFO  Test worker     d.u.i.k.m.s.ProofScriptEngine 21: 'instantiate var=iv with='v_x_0' occ=2' 
635341     INFO  Test worker     d.u.i.k.m.s.ProofScriptEngine 22: 'rule impLeft' 
635341     INFO  Test worker     d.u.i.k.m.s.ProofScriptEngine 23: 'tryclose branch' 
635497     INFO  Test worker     d.u.i.k.m.s.ProofScriptEngine 24: 'rule exLeft' 
635498     INFO  Test worker     d.u.i.k.m.s.ProofScriptEngine 25: 'rule andLeft' 
635500     INFO  Test worker     d.u.i.k.m.s.ProofScriptEngine 26: 'rule andLeft' 
635501     INFO  Test worker     d.u.i.k.m.s.ProofScriptEngine 27: 'instantiate hide var=iv with='v_y_0' occ=2' 
635501     INFO  Test worker     d.u.i.k.m.s.ProofScriptEngine 28: 'rule impLeft' 
635504     INFO  Test worker     d.u.i.k.m.s.ProofScriptEngine 29: 'tryclose branch' 
635606     INFO  Test worker     d.u.i.k.m.s.ProofScriptEngine 30: 'rule exLeft' 
635607     INFO  Test worker     d.u.i.k.m.s.ProofScriptEngine 31: 'rule andLeft' 
635610     INFO  Test worker     d.u.i.k.m.s.ProofScriptEngine 32: 'rule andLeft' 
635610     INFO  Test worker     d.u.i.k.m.s.ProofScriptEngine 33: 'instantiate var=iv with='jv_0' occ=1' 
635611     INFO  Test worker     d.u.i.k.m.s.ProofScriptEngine 34: 'rule impLeft' 
635612     INFO  Test worker     d.u.i.k.m.s.ProofScriptEngine 35: 'tryclose branch' 
635618     INFO  Test worker     d.u.i.k.m.s.ProofScriptEngine 36: 'rule andLeft' 
635619     INFO  Test worker     d.u.i.k.m.s.ProofScriptEngine 37: 'rule andLeft' 
635620     INFO  Test worker     d.u.i.k.m.s.ProofScriptEngine 38: 'rule castAdd formula='s_0[jv_0] = v_x_0' occ=0' 
635622     INFO  Test worker     d.u.i.k.m.s.ProofScriptEngine 39: 'instantiate hide var=iv with='jv_1' occ=1' 
635624     INFO  Test worker     d.u.i.k.m.s.ProofScriptEngine 40: 'rule impLeft' 
635625     INFO  Test worker     d.u.i.k.m.s.ProofScriptEngine 41: 'tryclose branch' 
635630     INFO  Test worker     d.u.i.k.m.s.ProofScriptEngine 42: 'rule andLeft' 
635631     INFO  Test worker     d.u.i.k.m.s.ProofScriptEngine 43: 'rule andLeft' 
635632     INFO  Test worker     d.u.i.k.m.s.ProofScriptEngine 44: 'rule castAdd formula='s_0[jv_1] = v_y_0' occ=0' 
635632     INFO  Test worker     d.u.i.k.m.s.ProofScriptEngine 45: 'instantiate var=iv  with='v_x_0'' 
635633     INFO  Test worker     d.u.i.k.m.s.ProofScriptEngine 46: 'rule impLeft' 
635634     INFO  Test worker     d.u.i.k.m.s.ProofScriptEngine 47: 'tryclose branch' 
635765     INFO  Test worker     d.u.i.k.m.s.ProofScriptEngine 48: 'instantiate var=iv  with='v_y_0'' 
635766     INFO  Test worker     d.u.i.k.m.s.ProofScriptEngine 49: 'rule impLeft' 
635767     INFO  Test worker     d.u.i.k.m.s.ProofScriptEngine 50: 'tryclose branch' 
635892     INFO  Test worker     d.u.i.k.m.s.ProofScriptEngine 51: 'cut 'v_x_0 = v_y_0'' 
635893     INFO  Test worker     d.u.i.k.m.s.ProofScriptEngine 52: 'instantiate hide var='v_r' with='seqSwap(s_0,v_x_0,jv_0)'' 
635896     INFO  Test worker     d.u.i.k.m.s.ProofScriptEngine 53: 'rule andRight' 
635896     INFO  Test worker     d.u.i.k.m.s.ProofScriptEngine 54: 'rule andRight' 
635897     INFO  Test worker     d.u.i.k.m.s.ProofScriptEngine 55: 'rule andRight' 
635898     INFO  Test worker     d.u.i.k.m.s.ProofScriptEngine 56: 'rule andRight' 
635898     INFO  Test worker     d.u.i.k.m.s.ProofScriptEngine 57: 'rule lenOfSwap' 
635899     INFO  Test worker     d.u.i.k.m.s.ProofScriptEngine 58: 'tryclose branch' 
635905     INFO  Test worker     d.u.i.k.m.s.ProofScriptEngine 59: 'rule seqNPermSwapNPerm' 
635906     INFO  Test worker     d.u.i.k.m.s.ProofScriptEngine 60: 'instantiate hide var='iv' with='v_x_0' occ=1' 
635907     INFO  Test worker     d.u.i.k.m.s.ProofScriptEngine 61: 'instantiate hide var='jv' with='jv_0'' 
635908     INFO  Test worker     d.u.i.k.m.s.ProofScriptEngine 62: 'rule impLeft' 
635908     INFO  Test worker     d.u.i.k.m.s.ProofScriptEngine 63: 'tryclose branch' 
636039     INFO  Test worker     d.u.i.k.m.s.ProofScriptEngine 64: 'tryclose branch' 
636042     INFO  Test worker     d.u.i.k.m.s.ProofScriptEngine 65: 'rule allRight' 
636043     INFO  Test worker     d.u.i.k.m.s.ProofScriptEngine 66: 'rule impRight' 
636044     INFO  Test worker     d.u.i.k.m.s.ProofScriptEngine 67: 'rule andLeft' 
636045     INFO  Test worker     d.u.i.k.m.s.ProofScriptEngine 68: 'instantiate var=iv with='v_iv_0'' 
636045     INFO  Test worker     d.u.i.k.m.s.ProofScriptEngine 69: 'rule impLeft' 
636046     INFO  Test worker     d.u.i.k.m.s.ProofScriptEngine 70: 'tryclose branch' 
636174     INFO  Test worker     d.u.i.k.m.s.ProofScriptEngine 71: 'rule getOfSwap' 
636176     INFO  Test worker     d.u.i.k.m.s.ProofScriptEngine 72: 'rule ifthenelse_negated' 
636177     INFO  Test worker     d.u.i.k.m.s.ProofScriptEngine 73: 'rule ifthenelse_split occ=0' 
636178     INFO  Test worker     d.u.i.k.m.s.ProofScriptEngine 74: 'rule andLeft' 
636179     INFO  Test worker     d.u.i.k.m.s.ProofScriptEngine 75: 'rule andLeft' 
636179     INFO  Test worker     d.u.i.k.m.s.ProofScriptEngine 76: 'rule andLeft' 
636180     INFO  Test worker     d.u.i.k.m.s.ProofScriptEngine 77: 'rule ifthenelse_split occ=0' 
636181     INFO  Test worker     d.u.i.k.m.s.ProofScriptEngine 78: 'tryclose branch' 
636288     INFO  Test worker     d.u.i.k.m.s.ProofScriptEngine 79: 'rule ifthenelse_split occ=0' 
636289     INFO  Test worker     d.u.i.k.m.s.ProofScriptEngine 80: 'tryclose branch' 
636445     INFO  Test worker     d.u.i.k.m.s.ProofScriptEngine 81: 'tryclose branch' 
636453     INFO  Test worker     d.u.i.k.m.s.ProofScriptEngine 82: 'tryclose branch' 
636460     INFO  Test worker     d.u.i.k.m.s.ProofScriptEngine 83: 'rule getOfSwap' 
636461     INFO  Test worker     d.u.i.k.m.s.ProofScriptEngine 84: 'rule ifthenelse_negated' 
636462     INFO  Test worker     d.u.i.k.m.s.ProofScriptEngine 85: 'rule ifthenelse_split occ=0' 
636463     INFO  Test worker     d.u.i.k.m.s.ProofScriptEngine 86: 'rule andLeft' 
636464     INFO  Test worker     d.u.i.k.m.s.ProofScriptEngine 87: 'rule andLeft' 
636464     INFO  Test worker     d.u.i.k.m.s.ProofScriptEngine 88: 'rule andLeft' 
636464     INFO  Test worker     d.u.i.k.m.s.ProofScriptEngine 89: 'rule ifthenelse_split occ=0' 
636465     INFO  Test worker     d.u.i.k.m.s.ProofScriptEngine 90: 'tryclose branch' 
636478     INFO  Test worker     d.u.i.k.m.s.ProofScriptEngine 91: 'tryclose branch' 
636485     INFO  Test worker     d.u.i.k.m.s.ProofScriptEngine 92: 'tryclose branch' 
636586     INFO  Test worker     d.u.i.k.m.s.ProofScriptEngine 93: 'rule getOfSwap' 
636588     INFO  Test worker     d.u.i.k.m.s.ProofScriptEngine 94: 'rule ifthenelse_negated' 
636588     INFO  Test worker     d.u.i.k.m.s.ProofScriptEngine 95: 'rule ifthenelse_split occ=0' 
636590     INFO  Test worker     d.u.i.k.m.s.ProofScriptEngine 96: 'rule andLeft' 
636590     INFO  Test worker     d.u.i.k.m.s.ProofScriptEngine 97: 'rule andLeft' 
636591     INFO  Test worker     d.u.i.k.m.s.ProofScriptEngine 98: 'rule andLeft' 
636591     INFO  Test worker     d.u.i.k.m.s.ProofScriptEngine 99: 'rule ifthenelse_split occ=0' 
636592     INFO  Test worker     d.u.i.k.m.s.ProofScriptEngine 100: 'tryclose branch' 
636642     INFO  Test worker     d.u.i.k.m.s.ProofScriptEngine 101: 'tryclose branch' 
636648     INFO  Test worker     d.u.i.k.m.s.ProofScriptEngine 102: 'tryclose branch' 
636734     INFO  Test worker     d.u.i.k.m.s.ProofScriptEngine 103: 'cut '(int)s_0[v_x_0] = (int)s_0[v_y_0]'' 
636735     INFO  Test worker     d.u.i.k.m.s.ProofScriptEngine 104: 'rule seqNPermInjective' 
636737     INFO  Test worker     d.u.i.k.m.s.ProofScriptEngine 105: 'instantiate hide var=iv with='v_x_0'' 
636739     INFO  Test worker     d.u.i.k.m.s.ProofScriptEngine 106: 'instantiate hide var=jv with='v_y_0'' 
636739     INFO  Test worker     d.u.i.k.m.s.ProofScriptEngine 107: 'rule impLeft' 
636740     INFO  Test worker     d.u.i.k.m.s.ProofScriptEngine 108: 'tryclose branch' 
636868     INFO  Test worker     d.u.i.k.m.s.ProofScriptEngine 109: 'tryclose branch' 
636871     INFO  Test worker     d.u.i.k.m.s.ProofScriptEngine 110: 'cut '(int)s_0[v_x_0] = v_x_0'' 
636872     INFO  Test worker     d.u.i.k.m.s.ProofScriptEngine 111: 'instantiate hide var=v_r with='seqSwap(s_0,v_y_0,jv_1)'' 
636873     INFO  Test worker     d.u.i.k.m.s.ProofScriptEngine 112: 'rule andRight' 
636875     INFO  Test worker     d.u.i.k.m.s.ProofScriptEngine 113: 'rule andRight' 
636877     INFO  Test worker     d.u.i.k.m.s.ProofScriptEngine 114: 'rule andRight' 
636879     INFO  Test worker     d.u.i.k.m.s.ProofScriptEngine 115: 'rule andRight' 
636880     INFO  Test worker     d.u.i.k.m.s.ProofScriptEngine 116: 'tryclose branch' 
636889     INFO  Test worker     d.u.i.k.m.s.ProofScriptEngine 117: 'rule seqNPermSwapNPerm' 
636894     INFO  Test worker     d.u.i.k.m.s.ProofScriptEngine 118: 'instantiate hide var=iv with='v_y_0'' 
636895     INFO  Test worker     d.u.i.k.m.s.ProofScriptEngine 119: 'instantiate hide var=jv with='jv_1'' 
636896     INFO  Test worker     d.u.i.k.m.s.ProofScriptEngine 120: 'tryclose branch' 
636992     INFO  Test worker     d.u.i.k.m.s.ProofScriptEngine 121: 'rule allRight' 
636994     INFO  Test worker     d.u.i.k.m.s.ProofScriptEngine 122: 'rule impRight' 
636994     INFO  Test worker     d.u.i.k.m.s.ProofScriptEngine 123: 'rule andLeft' 
636995     INFO  Test worker     d.u.i.k.m.s.ProofScriptEngine 124: 'instantiate var=iv with='v_iv_0'' 
636995     INFO  Test worker     d.u.i.k.m.s.ProofScriptEngine 125: 'rule impLeft' 
636996     INFO  Test worker     d.u.i.k.m.s.ProofScriptEngine 126: 'tryclose branch' 
637098     INFO  Test worker     d.u.i.k.m.s.ProofScriptEngine 127: 'rule getOfSwap' 
637100     INFO  Test worker     d.u.i.k.m.s.ProofScriptEngine 128: 'rule ifthenelse_negated' 
637101     INFO  Test worker     d.u.i.k.m.s.ProofScriptEngine 129: 'rule ifthenelse_split occ=0' 
637103     INFO  Test worker     d.u.i.k.m.s.ProofScriptEngine 130: 'rule andLeft' 
637104     INFO  Test worker     d.u.i.k.m.s.ProofScriptEngine 131: 'rule andLeft' 
637104     INFO  Test worker     d.u.i.k.m.s.ProofScriptEngine 132: 'rule andLeft' 
637105     INFO  Test worker     d.u.i.k.m.s.ProofScriptEngine 133: 'rule ifthenelse_split occ=0' 
637106     INFO  Test worker     d.u.i.k.m.s.ProofScriptEngine 134: 'tryclose branch' 
637182     INFO  Test worker     d.u.i.k.m.s.ProofScriptEngine 135: 'rule ifthenelse_split occ=0' 
637183     INFO  Test worker     d.u.i.k.m.s.ProofScriptEngine 136: 'tryclose branch' 
637252     INFO  Test worker     d.u.i.k.m.s.ProofScriptEngine 137: 'instantiate var=iv with='v_y_0'' 
637252     INFO  Test worker     d.u.i.k.m.s.ProofScriptEngine 138: 'rule impLeft' 
637253     INFO  Test worker     d.u.i.k.m.s.ProofScriptEngine 139: 'tryclose branch' 
637257     INFO  Test worker     d.u.i.k.m.s.ProofScriptEngine 140: 'tryclose branch' 
637260     INFO  Test worker     d.u.i.k.m.s.ProofScriptEngine 141: 'tryclose branch' 
637264     INFO  Test worker     d.u.i.k.m.s.ProofScriptEngine 142: 'tryclose branch' 
637380     INFO  Test worker     d.u.i.k.m.s.ProofScriptEngine 143: 'rule getOfSwap' 
637381     INFO  Test worker     d.u.i.k.m.s.ProofScriptEngine 144: 'rule ifthenelse_negated' 
637382     INFO  Test worker     d.u.i.k.m.s.ProofScriptEngine 145: 'rule ifthenelse_split occ=0' 
637383     INFO  Test worker     d.u.i.k.m.s.ProofScriptEngine 146: 'tryclose branch' 
637392     INFO  Test worker     d.u.i.k.m.s.ProofScriptEngine 147: 'tryclose branch' 
637465     INFO  Test worker     d.u.i.k.m.s.ProofScriptEngine 148: 'tryclose branch' 
640738     INFO  Test worker     d.u.i.k.m.s.ProofScriptEngine 149: 'cut  '(int)s_0[v_y_0] = v_y_0'' 
640739     INFO  Test worker     d.u.i.k.m.s.ProofScriptEngine 150: 'instantiate hide var=v_r with='seqSwap(s_0,v_x_0,jv_0)'' 
640744     INFO  Test worker     d.u.i.k.m.s.ProofScriptEngine 151: 'rule andRight' 
640745     INFO  Test worker     d.u.i.k.m.s.ProofScriptEngine 152: 'rule andRight' 
640746     INFO  Test worker     d.u.i.k.m.s.ProofScriptEngine 153: 'rule andRight' 
640746     INFO  Test worker     d.u.i.k.m.s.ProofScriptEngine 154: 'rule andRight' 
640747     INFO  Test worker     d.u.i.k.m.s.ProofScriptEngine 155: 'tryclose branch' 
640753     INFO  Test worker     d.u.i.k.m.s.ProofScriptEngine 156: 'rule seqNPermSwapNPerm' 
640754     INFO  Test worker     d.u.i.k.m.s.ProofScriptEngine 157: 'instantiate hide var=iv with='v_x_0'' 
640755     INFO  Test worker     d.u.i.k.m.s.ProofScriptEngine 158: 'instantiate hide var=jv with='jv_0'' 
640756     INFO  Test worker     d.u.i.k.m.s.ProofScriptEngine 159: 'rule impLeft' 
640756     INFO  Test worker     d.u.i.k.m.s.ProofScriptEngine 160: 'tryclose branch' 
640837     INFO  Test worker     d.u.i.k.m.s.ProofScriptEngine 161: 'tryclose branch' 
640840     INFO  Test worker     d.u.i.k.m.s.ProofScriptEngine 162: 'rule allRight' 
640841     INFO  Test worker     d.u.i.k.m.s.ProofScriptEngine 163: 'rule impRight' 
640842     INFO  Test worker     d.u.i.k.m.s.ProofScriptEngine 164: 'rule andLeft' 
640842     INFO  Test worker     d.u.i.k.m.s.ProofScriptEngine 165: 'instantiate var=iv with='v_iv_0'' 
640843     INFO  Test worker     d.u.i.k.m.s.ProofScriptEngine 166: 'rule impLeft' 
640843     INFO  Test worker     d.u.i.k.m.s.ProofScriptEngine 167: 'tryclose branch' 
640924     INFO  Test worker     d.u.i.k.m.s.ProofScriptEngine 168: 'rule getOfSwap' 
640926     INFO  Test worker     d.u.i.k.m.s.ProofScriptEngine 169: 'rule ifthenelse_negated' 
640926     INFO  Test worker     d.u.i.k.m.s.ProofScriptEngine 170: 'rule ifthenelse_split occ=0' 
640928     INFO  Test worker     d.u.i.k.m.s.ProofScriptEngine 171: 'rule andLeft' 
640928     INFO  Test worker     d.u.i.k.m.s.ProofScriptEngine 172: 'rule andLeft' 
640929     INFO  Test worker     d.u.i.k.m.s.ProofScriptEngine 173: 'rule andLeft' 
640929     INFO  Test worker     d.u.i.k.m.s.ProofScriptEngine 174: 'rule ifthenelse_split occ=0' 
640930     INFO  Test worker     d.u.i.k.m.s.ProofScriptEngine 175: 'tryclose branch' 
640996     INFO  Test worker     d.u.i.k.m.s.ProofScriptEngine 176: 'rule ifthenelse_split occ=0' 
640997     INFO  Test worker     d.u.i.k.m.s.ProofScriptEngine 177: 'tryclose branch' 
641060     INFO  Test worker     d.u.i.k.m.s.ProofScriptEngine 178: 'tryclose branch' 
641063     INFO  Test worker     d.u.i.k.m.s.ProofScriptEngine 179: 'tryclose branch' 
641067     INFO  Test worker     d.u.i.k.m.s.ProofScriptEngine 180: 'rule getOfSwap' 
641068     INFO  Test worker     d.u.i.k.m.s.ProofScriptEngine 181: 'rule ifthenelse_negated' 
641069     INFO  Test worker     d.u.i.k.m.s.ProofScriptEngine 182: 'rule ifthenelse_split occ=0' 
641069     INFO  Test worker     d.u.i.k.m.s.ProofScriptEngine 183: 'tryclose branch' 
641077     INFO  Test worker     d.u.i.k.m.s.ProofScriptEngine 184: 'tryclose branch' 
641182     INFO  Test worker     d.u.i.k.m.s.ProofScriptEngine 185: 'rule getOfSwap' 
641183     INFO  Test worker     d.u.i.k.m.s.ProofScriptEngine 186: 'rule ifthenelse_negated' 
641183     INFO  Test worker     d.u.i.k.m.s.ProofScriptEngine 187: 'rule ifthenelse_split occ=0' 
641184     INFO  Test worker     d.u.i.k.m.s.ProofScriptEngine 188: 'tryclose branch' 
641247     INFO  Test worker     d.u.i.k.m.s.ProofScriptEngine 189: 'tryclose branch' 
641254     INFO  Test worker     d.u.i.k.m.s.ProofScriptEngine 190: 'cut '(int)s_0[v_x_0]=v_y_0'' 
641255     INFO  Test worker     d.u.i.k.m.s.ProofScriptEngine 191: 'instantiate hide var=v_r with='seqSwap(seqSwap(s_0,jv_0,v_x_0),jv_0,v_y_0)'' 
641257     INFO  Test worker     d.u.i.k.m.s.ProofScriptEngine 192: 'rule andRight' 
641257     INFO  Test worker     d.u.i.k.m.s.ProofScriptEngine 193: 'rule andRight' 
641258     INFO  Test worker     d.u.i.k.m.s.ProofScriptEngine 194: 'rule andRight' 
641258     INFO  Test worker     d.u.i.k.m.s.ProofScriptEngine 195: 'rule andRight' 
641259     INFO  Test worker     d.u.i.k.m.s.ProofScriptEngine 196: 'tryclose branch' 
641268     INFO  Test worker     d.u.i.k.m.s.ProofScriptEngine 197: 'rule seqNPermSwapNPerm' 
641269     INFO  Test worker     d.u.i.k.m.s.ProofScriptEngine 198: 'instantiate hide var=iv with='jv_0'' 
641270     INFO  Test worker     d.u.i.k.m.s.ProofScriptEngine 199: 'instantiate hide var=jv with='v_x_0'' 
641270     INFO  Test worker     d.u.i.k.m.s.ProofScriptEngine 200: 'rule impLeft' 
641271     INFO  Test worker     d.u.i.k.m.s.ProofScriptEngine 201: 'tryclose branch' 
641345     INFO  Test worker     d.u.i.k.m.s.ProofScriptEngine 202: 'rule seqNPermSwapNPerm formula='seqNPerm(seqSwap(s_0, jv_0, v_x_0))'' 
641346     INFO  Test worker     d.u.i.k.m.s.ProofScriptEngine 203: 'instantiate hide var=iv with='jv_0'' 
641347     INFO  Test worker     d.u.i.k.m.s.ProofScriptEngine 204: 'instantiate hide var=jv with='v_y_0'' 
641348     INFO  Test worker     d.u.i.k.m.s.ProofScriptEngine 205: 'rule impLeft' 
641349     INFO  Test worker     d.u.i.k.m.s.ProofScriptEngine 206: 'tryclose branch' 
641426     INFO  Test worker     d.u.i.k.m.s.ProofScriptEngine 207: 'tryclose branch' 
641430     INFO  Test worker     d.u.i.k.m.s.ProofScriptEngine 208: 'rule allRight' 
641431     INFO  Test worker     d.u.i.k.m.s.ProofScriptEngine 209: 'rule impRight' 
641431     INFO  Test worker     d.u.i.k.m.s.ProofScriptEngine 210: 'rule andLeft' 
641432     INFO  Test worker     d.u.i.k.m.s.ProofScriptEngine 211: 'instantiate var=iv with='v_iv_0'' 
641432     INFO  Test worker     d.u.i.k.m.s.ProofScriptEngine 212: 'rule impLeft' 
641433     INFO  Test worker     d.u.i.k.m.s.ProofScriptEngine 213: 'tryclose branch' 
641517     INFO  Test worker     d.u.i.k.m.s.ProofScriptEngine 214: 'rule getOfSwap' 
641518     INFO  Test worker     d.u.i.k.m.s.ProofScriptEngine 215: 'rule ifthenelse_negated' 
641519     INFO  Test worker     d.u.i.k.m.s.ProofScriptEngine 216: 'rule ifthenelse_split occ=0' 
641520     INFO  Test worker     d.u.i.k.m.s.ProofScriptEngine 217: 'rule andLeft' 
641520     INFO  Test worker     d.u.i.k.m.s.ProofScriptEngine 218: 'rule andLeft' 
641521     INFO  Test worker     d.u.i.k.m.s.ProofScriptEngine 219: 'rule andLeft' 
641521     INFO  Test worker     d.u.i.k.m.s.ProofScriptEngine 220: 'rule ifthenelse_split occ=0' 
641522     INFO  Test worker     d.u.i.k.m.s.ProofScriptEngine 221: 'rule getOfSwap' 
641523     INFO  Test worker     d.u.i.k.m.s.ProofScriptEngine 222: 'rule ifthenelse_negated' 
641523     INFO  Test worker     d.u.i.k.m.s.ProofScriptEngine 223: 'rule ifthenelse_split occ=0' 
641524     INFO  Test worker     d.u.i.k.m.s.ProofScriptEngine 224: 'rule andLeft' 
641525     INFO  Test worker     d.u.i.k.m.s.ProofScriptEngine 225: 'rule andLeft' 
641525     INFO  Test worker     d.u.i.k.m.s.ProofScriptEngine 226: 'rule andLeft' 
641525     INFO  Test worker     d.u.i.k.m.s.ProofScriptEngine 227: 'rule ifthenelse_split occ=0' 
641526     INFO  Test worker     d.u.i.k.m.s.ProofScriptEngine 228: 'tryclose branch' 
641602     INFO  Test worker     d.u.i.k.m.s.ProofScriptEngine 229: 'rule ifthenelse_split occ=0' 
641603     INFO  Test worker     d.u.i.k.m.s.ProofScriptEngine 230: 'tryclose branch' 
641608     INFO  Test worker     d.u.i.k.m.s.ProofScriptEngine 231: 'tryclose branch' 
641676     INFO  Test worker     d.u.i.k.m.s.ProofScriptEngine 232: 'tryclose branch' 
641745     INFO  Test worker     d.u.i.k.m.s.ProofScriptEngine 233: 'rule ifthenelse_split' 
641746     INFO  Test worker     d.u.i.k.m.s.ProofScriptEngine 234: 'rule getOfSwap' 
641747     INFO  Test worker     d.u.i.k.m.s.ProofScriptEngine 235: 'rule ifthenelse_negated' 
641748     INFO  Test worker     d.u.i.k.m.s.ProofScriptEngine 236: 'rule ifthenelse_split occ=0' 
641749     INFO  Test worker     d.u.i.k.m.s.ProofScriptEngine 237: 'rule andLeft' 
641749     INFO  Test worker     d.u.i.k.m.s.ProofScriptEngine 238: 'rule andLeft' 
641750     INFO  Test worker     d.u.i.k.m.s.ProofScriptEngine 239: 'rule andLeft' 
641750     INFO  Test worker     d.u.i.k.m.s.ProofScriptEngine 240: 'rule ifthenelse_split occ=0' 
641751     INFO  Test worker     d.u.i.k.m.s.ProofScriptEngine 241: 'tryclose branch' 
641826     INFO  Test worker     d.u.i.k.m.s.ProofScriptEngine 242: 'tryclose branch' 
641832     INFO  Test worker     d.u.i.k.m.s.ProofScriptEngine 243: 'tryclose branch' 
641910     INFO  Test worker     d.u.i.k.m.s.ProofScriptEngine 244: 'rule getOfSwap' 
641911     INFO  Test worker     d.u.i.k.m.s.ProofScriptEngine 245: 'rule ifthenelse_negated' 
641912     INFO  Test worker     d.u.i.k.m.s.ProofScriptEngine 246: 'rule ifthenelse_split occ=0' 
641913     INFO  Test worker     d.u.i.k.m.s.ProofScriptEngine 247: 'rule andLeft' 
641913     INFO  Test worker     d.u.i.k.m.s.ProofScriptEngine 248: 'rule andLeft' 
641913     INFO  Test worker     d.u.i.k.m.s.ProofScriptEngine 249: 'rule andLeft' 
641914     INFO  Test worker     d.u.i.k.m.s.ProofScriptEngine 250: 'rule ifthenelse_split occ=0' 
641914     INFO  Test worker     d.u.i.k.m.s.ProofScriptEngine 251: 'tryclose branch' 
641919     INFO  Test worker     d.u.i.k.m.s.ProofScriptEngine 252: 'rule ifthenelse_split occ=0' 
641920     INFO  Test worker     d.u.i.k.m.s.ProofScriptEngine 253: 'tryclose branch' 
641990     INFO  Test worker     d.u.i.k.m.s.ProofScriptEngine 254: 'tryclose branch' 
641994     INFO  Test worker     d.u.i.k.m.s.ProofScriptEngine 255: 'tryclose branch' 
641999     INFO  Test worker     d.u.i.k.m.s.ProofScriptEngine 256: 'tryclose branch' 
642084     INFO  Test worker     d.u.i.k.m.s.ProofScriptEngine 257: 'rule getOfSwap' 
642085     INFO  Test worker     d.u.i.k.m.s.ProofScriptEngine 258: 'rule ifthenelse_negated' 
642086     INFO  Test worker     d.u.i.k.m.s.ProofScriptEngine 259: 'rule ifthenelse_split occ=0' 
642086     INFO  Test worker     d.u.i.k.m.s.ProofScriptEngine 260: 'rule andLeft' 
642087     INFO  Test worker     d.u.i.k.m.s.ProofScriptEngine 261: 'rule andLeft' 
642087     INFO  Test worker     d.u.i.k.m.s.ProofScriptEngine 262: 'rule andLeft' 
642087     INFO  Test worker     d.u.i.k.m.s.ProofScriptEngine 263: 'rule ifthenelse_split occ=0' 
642088     INFO  Test worker     d.u.i.k.m.s.ProofScriptEngine 264: 'tryclose branch' 
642136     INFO  Test worker     d.u.i.k.m.s.ProofScriptEngine 265: 'rule ifthenelse_split occ=0' 
642137     INFO  Test worker     d.u.i.k.m.s.ProofScriptEngine 266: 'rule getOfSwap' 
642137     INFO  Test worker     d.u.i.k.m.s.ProofScriptEngine 267: 'rule ifthenelse_negated' 
642138     INFO  Test worker     d.u.i.k.m.s.ProofScriptEngine 268: 'rule ifthenelse_split occ=0' 
642139     INFO  Test worker     d.u.i.k.m.s.ProofScriptEngine 269: 'tryclose branch' 
642143     INFO  Test worker     d.u.i.k.m.s.ProofScriptEngine 270: 'tryclose branch' 
642147     INFO  Test worker     d.u.i.k.m.s.ProofScriptEngine 271: 'tryclose branch' 
642247     INFO  Test worker     d.u.i.k.m.s.ProofScriptEngine 272: 'tryclose branch' 
642322     INFO  Test worker     d.u.i.k.m.s.ProofScriptEngine 273: 'rule getOfSwap' 
642323     INFO  Test worker     d.u.i.k.m.s.ProofScriptEngine 274: 'rule ifthenelse_negated' 
642324     INFO  Test worker     d.u.i.k.m.s.ProofScriptEngine 275: 'rule ifthenelse_split occ=0' 
642325     INFO  Test worker     d.u.i.k.m.s.ProofScriptEngine 276: 'tryclose branch' 
642471     INFO  Test worker     d.u.i.k.m.s.ProofScriptEngine 277: 'tryclose branch' 
642587     INFO  Test worker     d.u.i.k.m.s.ProofScriptEngine 278: 'cut 'int::seqGet(s_0, v_y_0)=v_x_0'' 
642587     INFO  Test worker     d.u.i.k.m.s.ProofScriptEngine 279: 'tryclose branch' 
645240     INFO  Test worker     d.u.i.k.m.s.ProofScriptEngine 280: 'rule seqNPermSwapNPerm' 
645246     INFO  Test worker     d.u.i.k.m.s.ProofScriptEngine 281: 'instantiate hide var=iv with='jv_1'' 
645247     INFO  Test worker     d.u.i.k.m.s.ProofScriptEngine 282: 'instantiate hide var=jv with='v_y_0'' 
645247     INFO  Test worker     d.u.i.k.m.s.ProofScriptEngine 283: 'rule impLeft' 
645248     INFO  Test worker     d.u.i.k.m.s.ProofScriptEngine 284: 'tryclose branch' 
645348     INFO  Test worker     d.u.i.k.m.s.ProofScriptEngine 285: 'rule seqNPermSwapNPerm formula='seqNPerm(seqSwap(s_0,jv_1,v_y_0))'' 
645349     INFO  Test worker     d.u.i.k.m.s.ProofScriptEngine 286: 'instantiate hide var=iv with='jv_1'' 
645350     INFO  Test worker     d.u.i.k.m.s.ProofScriptEngine 287: 'instantiate hide var=jv with='v_x_0'' 
645351     INFO  Test worker     d.u.i.k.m.s.ProofScriptEngine 288: 'rule impLeft' 
645352     INFO  Test worker     d.u.i.k.m.s.ProofScriptEngine 289: 'tryclose branch' 
645493     INFO  Test worker     d.u.i.k.m.s.ProofScriptEngine 290: 'tryclose branch' 
648138     INFO  Test worker     d.u.i.k.m.s.ProofScriptEngine 291: 'tryclose branch' 
650924     INFO  Test worker     d.u.i.k.m.s.ProofScriptEngine 292: 'rule seqNPermSwapNPerm formula='seqNPerm(s_0)'' 
650929     INFO  Test worker     d.u.i.k.m.s.ProofScriptEngine 293: 'instantiate hide var=iv with='v_x_0'' 
650930     INFO  Test worker     d.u.i.k.m.s.ProofScriptEngine 294: 'instantiate hide var=jv with='jv_0'' 
650931     INFO  Test worker     d.u.i.k.m.s.ProofScriptEngine 295: 'rule impLeft' 
650932     INFO  Test worker     d.u.i.k.m.s.ProofScriptEngine 296: 'tryclose branch' 
651032     INFO  Test worker     d.u.i.k.m.s.ProofScriptEngine 297: 'rule seqNPermSwapNPerm formula='seqNPerm(seqSwap(s_0,v_x_0,jv_0))'' 
651034     INFO  Test worker     d.u.i.k.m.s.ProofScriptEngine 298: 'instantiate hide var=iv with='v_y_0'' 
651035     INFO  Test worker     d.u.i.k.m.s.ProofScriptEngine 299: 'instantiate hide var=jv with='jv_1'' 
651036     INFO  Test worker     d.u.i.k.m.s.ProofScriptEngine 300: 'instantiate hide var=v_r with='seqSwap(seqSwap(s_0, v_x_0, jv_0), v_y_0, jv_1)' ...' 
651038     INFO  Test worker     d.u.i.k.m.s.ProofScriptEngine 301: 'tryclose branch' 
654588     INFO  Test worker     d.u.i.k.t.l.TacletProofObligationInput Proof obligation for taclet: schiffl_thm_1 
655405     INFO  Test worker     d.u.i.k.m.s.ProofScriptEngine 1: 'macro split-prop' 
655413     INFO  Test worker     d.u.i.k.m.s.ProofScriptEngine 2: 'rule schiffl_lemma_2 formula='seqPerm(f_s, f_t)'' 
655424     INFO  Test worker     d.u.i.k.m.s.ProofScriptEngine 3: 'instantiate hide var=x with='f_x'' 
655427     INFO  Test worker     d.u.i.k.m.s.ProofScriptEngine 4: 'instantiate hide var=y with='f_y'' 
655428     INFO  Test worker     d.u.i.k.m.s.ProofScriptEngine 5: 'rule impLeft' 
655429     INFO  Test worker     d.u.i.k.m.s.ProofScriptEngine 6: 'tryclose branch' 
655433     INFO  Test worker     d.u.i.k.m.s.ProofScriptEngine 7: 'rule exLeft' 
655435     INFO  Test worker     d.u.i.k.m.s.ProofScriptEngine 8: 'macro split-prop' 
655438     INFO  Test worker     d.u.i.k.m.s.ProofScriptEngine 9: 'rule seqPermDef occ=1' 
655440     INFO  Test worker     d.u.i.k.m.s.ProofScriptEngine 10: 'rule andRight' 
655441     INFO  Test worker     d.u.i.k.m.s.ProofScriptEngine 11: 'tryclose branch' 
655450     INFO  Test worker     d.u.i.k.m.s.ProofScriptEngine 12: 'instantiate hide var=s with='r_0'' 
655452     INFO  Test worker     d.u.i.k.m.s.ProofScriptEngine 13: 'rule andRight' 
655452     INFO  Test worker     d.u.i.k.m.s.ProofScriptEngine 14: 'tryclose branch' 
655500     INFO  Test worker     d.u.i.k.m.s.ProofScriptEngine 15: 'rule allRight' 
655501     INFO  Test worker     d.u.i.k.m.s.ProofScriptEngine 16: 'rule impRight' 
655502     INFO  Test worker     d.u.i.k.m.s.ProofScriptEngine 17: 'instantiate hide var=iv with='iv_0'' 
655502     INFO  Test worker     d.u.i.k.m.s.ProofScriptEngine 18: 'rule impLeft' 
655503     INFO  Test worker     d.u.i.k.m.s.ProofScriptEngine 19: 'tryclose branch' 
655568     INFO  Test worker     d.u.i.k.m.s.ProofScriptEngine 20: 'rule andLeft' 
655568     INFO  Test worker     d.u.i.k.m.s.ProofScriptEngine 21: 'rule seqNPermRange' 
655570     INFO  Test worker     d.u.i.k.m.s.ProofScriptEngine 22: 'instantiate hide var=iv with='iv_0'' 
655570     INFO  Test worker     d.u.i.k.m.s.ProofScriptEngine 23: 'rule impLeft' 
655571     INFO  Test worker     d.u.i.k.m.s.ProofScriptEngine 24: 'tryclose branch' 
655575     INFO  Test worker     d.u.i.k.m.s.ProofScriptEngine 25: 'rule andLeft' 
655575     INFO  Test worker     d.u.i.k.m.s.ProofScriptEngine 26: 'rule andLeft' 
655576     INFO  Test worker     d.u.i.k.m.s.ProofScriptEngine 27: 'rule seqNPermRange' 
655577     INFO  Test worker     d.u.i.k.m.s.ProofScriptEngine 28: 'instantiate hide var=iv with='f_x'' 
655578     INFO  Test worker     d.u.i.k.m.s.ProofScriptEngine 29: 'rule impLeft' 
655578     INFO  Test worker     d.u.i.k.m.s.ProofScriptEngine 30: 'tryclose branch' 
655660     INFO  Test worker     d.u.i.k.m.s.ProofScriptEngine 31: 'rule andLeft' 
655660     INFO  Test worker     d.u.i.k.m.s.ProofScriptEngine 32: 'rule andLeft' 
655661     INFO  Test worker     d.u.i.k.m.s.ProofScriptEngine 33: 'rule seqNPermRange' 
655662     INFO  Test worker     d.u.i.k.m.s.ProofScriptEngine 34: 'instantiate hide var=iv with='f_y'' 
655663     INFO  Test worker     d.u.i.k.m.s.ProofScriptEngine 35: 'rule impLeft' 
655664     INFO  Test worker     d.u.i.k.m.s.ProofScriptEngine 36: 'tryclose branch' 
655744     INFO  Test worker     d.u.i.k.m.s.ProofScriptEngine 37: 'rule andLeft' 
655744     INFO  Test worker     d.u.i.k.m.s.ProofScriptEngine 38: 'rule andLeft' 
655745     INFO  Test worker     d.u.i.k.m.s.ProofScriptEngine 39: 'rule getOfSeqDef occ=0' 
655746     INFO  Test worker     d.u.i.k.m.s.ProofScriptEngine 40: 'rule getOfSeqDef' 
655746     INFO  Test worker     d.u.i.k.m.s.ProofScriptEngine 41: 'rule ifthenelse_split occ=0' 
655747     INFO  Test worker     d.u.i.k.m.s.ProofScriptEngine 42: 'rule andLeft occ=0' 
655748     INFO  Test worker     d.u.i.k.m.s.ProofScriptEngine 43: 'rule sub_zero_2 occ=0' 
655748     INFO  Test worker     d.u.i.k.m.s.ProofScriptEngine 44: 'rule ifthenelse_split occ=2' 
655749     INFO  Test worker     d.u.i.k.m.s.ProofScriptEngine 45: 'rule andLeft' 
655750     INFO  Test worker     d.u.i.k.m.s.ProofScriptEngine 46: 'rule sub_zero_2 occ=0' 
655750     INFO  Test worker     d.u.i.k.m.s.ProofScriptEngine 47: 'rule add_zero_right occ=0' 
655750     INFO  Test worker     d.u.i.k.m.s.ProofScriptEngine 48: 'rule add_zero_right occ=0' 
655751     INFO  Test worker     d.u.i.k.m.s.ProofScriptEngine 49: 'rule add_zero_right occ=0' 
655751     INFO  Test worker     d.u.i.k.m.s.ProofScriptEngine 50: 'rule add_zero_right occ=0' 
655752     INFO  Test worker     d.u.i.k.m.s.ProofScriptEngine 51: 'rule add_zero_right occ=0' 
655752     INFO  Test worker     d.u.i.k.m.s.ProofScriptEngine 52: 'rule add_zero_right occ=0' 
655753     INFO  Test worker     d.u.i.k.m.s.ProofScriptEngine 53: 'rule ifthenelse_split occ=0' 
655754     INFO  Test worker     d.u.i.k.m.s.ProofScriptEngine 54: 'rule ifthenelse_split occ=0' 
655755     INFO  Test worker     d.u.i.k.m.s.ProofScriptEngine 55: 'tryclose branch' 
655757     INFO  Test worker     d.u.i.k.m.s.ProofScriptEngine 56: 'tryclose branch' 
655793     INFO  Test worker     d.u.i.k.m.s.ProofScriptEngine 57: 'rule ifthenelse_split occ=0' 
655794     INFO  Test worker     d.u.i.k.m.s.ProofScriptEngine 58: 'tryclose branch' 
655852     INFO  Test worker     d.u.i.k.m.s.ProofScriptEngine 59: 'rule ifthenelse_split occ=0' 
655853     INFO  Test worker     d.u.i.k.m.s.ProofScriptEngine 60: 'rule seqNPermInjective' 
655855     INFO  Test worker     d.u.i.k.m.s.ProofScriptEngine 61: 'instantiate hide var=iv with='iv_0'' 
655856     INFO  Test worker     d.u.i.k.m.s.ProofScriptEngine 62: 'instantiate hide var=jv with='f_y'' 
655857     INFO  Test worker     d.u.i.k.m.s.ProofScriptEngine 63: 'rule impLeft' 
655857     INFO  Test worker     d.u.i.k.m.s.ProofScriptEngine 64: 'tryclose branch' 
655910     INFO  Test worker     d.u.i.k.m.s.ProofScriptEngine 65: 'tryclose branch' 
655912     INFO  Test worker     d.u.i.k.m.s.ProofScriptEngine 66: 'rule ifthenelse_split occ=0' 
655913     INFO  Test worker     d.u.i.k.m.s.ProofScriptEngine 67: 'rule seqNPermInjective' 
655915     INFO  Test worker     d.u.i.k.m.s.ProofScriptEngine 68: 'instantiate hide var=iv with='iv_0'' 
655916     INFO  Test worker     d.u.i.k.m.s.ProofScriptEngine 69: 'instantiate hide var=jv with='f_x'' 
655917     INFO  Test worker     d.u.i.k.m.s.ProofScriptEngine 70: 'rule impLeft' 
655918     INFO  Test worker     d.u.i.k.m.s.ProofScriptEngine 71: 'tryclose branch' 
655969     INFO  Test worker     d.u.i.k.m.s.ProofScriptEngine 72: 'tryclose branch' 
655971     INFO  Test worker     d.u.i.k.m.s.ProofScriptEngine 73: 'tryclose branch' 
655974     INFO  Test worker     d.u.i.k.m.s.ProofScriptEngine 74: 'tryclose branch' 
656036     INFO  Test worker     d.u.i.k.m.s.ProofScriptEngine 75: 'tryclose branch' 
658601     INFO  Test worker     d.u.i.k.t.l.TacletProofObligationInput Proof obligation for taclet: eqSameSeq 
]]></system-out>
  <system-err><![CDATA[]]></system-err>
</testsuite>
