<?xml version="1.0" encoding="UTF-8"?>
<testsuite name="de.uka.ilkd.key.testcase.smt.testgen.TestTestgen" tests="1" skipped="0" failures="0" errors="0" timestamp="2023-06-12T19:02:41" hostname="fv-az479-130" time="7.143">
  <properties/>
  <testcase name="testMiddle()" classname="de.uka.ilkd.key.testcase.smt.testgen.TestTestgen" time="7.143"/>
  <system-out><![CDATA[26258      WARN  Test worker     d.u.i.k.t.s.t.TestTestgen Warning: Z3_CE is not installed, tests skipped. 
26258      WARN  Test worker     d.u.i.k.t.s.t.TestTestgen Maybe use JVM system property "z3SolverPath" to define the path to the Z3 command. 
26258      INFO  Test worker     d.u.i.k.p.i.AbstractProblemLoader Loading environment from src\test\resources\testcase\smt\tg\middle.key 
26258      DEBUG Test worker     d.u.i.k.p.i.AbstractProblemLoader Environment load took 627.4ns 
26274      INFO  Test worker     d.u.i.k.p.i.AbstractProblemLoader Creating init config 
32322      DEBUG Test worker     d.u.i.k.p.i.AbstractProblemLoader Init config took 6.05s 
32463      INFO  Test worker     d.u.i.k.p.i.AbstractProblemLoader Replaying proof Middle[Middle::middle(int,int,int)].JML normal_behavior operation contract.0 
32479      DEBUG Test worker     d.u.i.k.p.i.IntermediateProofReplayer Proof replay took 16.2ns 
]]></system-out>
  <system-err><![CDATA[]]></system-err>
</testsuite>
