<?xml version="1.0" encoding="UTF-8"?>
<testsuite name="de.uka.ilkd.key.rule.TestMatchTaclet" tests="16" skipped="0" failures="0" errors="0" timestamp="2023-02-06T17:32:58" hostname="fv-az444-92" time="1.01">
  <properties/>
  <testcase name="testProgramMatch4()" classname="de.uka.ilkd.key.rule.TestMatchTaclet" time="0.958"/>
  <testcase name="testWithSubSortsTermSV()" classname="de.uka.ilkd.key.rule.TestMatchTaclet" time="0.007"/>
  <testcase name="testWithSubSortsVariableSV()" classname="de.uka.ilkd.key.rule.TestMatchTaclet" time="0.001"/>
  <testcase name="testUpdateMatch()" classname="de.uka.ilkd.key.rule.TestMatchTaclet" time="0.008"/>
  <testcase name="testBugsThathaveBeenRemoved()" classname="de.uka.ilkd.key.rule.TestMatchTaclet" time="0.005"/>
  <testcase name="testCloseWithBoundRenaming()" classname="de.uka.ilkd.key.rule.TestMatchTaclet" time="0.001"/>
  <testcase name="testInsequentStateRestriction()" classname="de.uka.ilkd.key.rule.TestMatchTaclet" time="0.0"/>
  <testcase name="testPrefixMatching()" classname="de.uka.ilkd.key.rule.TestMatchTaclet" time="0.001"/>
  <testcase name="testNoContextMatching()" classname="de.uka.ilkd.key.rule.TestMatchTaclet" time="0.0"/>
  <testcase name="testRWVarOccursInAddAndIf()" classname="de.uka.ilkd.key.rule.TestMatchTaclet" time="0.001"/>
  <testcase name="testConflict()" classname="de.uka.ilkd.key.rule.TestMatchTaclet" time="0.001"/>
  <testcase name="testProgramMatchEmptyBlock()" classname="de.uka.ilkd.key.rule.TestMatchTaclet" time="0.001"/>
  <testcase name="testRWVarOccursFindAndIf()" classname="de.uka.ilkd.key.rule.TestMatchTaclet" time="0.008"/>
  <testcase name="testXNotFreeInYConflict()" classname="de.uka.ilkd.key.rule.TestMatchTaclet" time="0.0"/>
  <testcase name="testVarOccursInIfAndAddRule()" classname="de.uka.ilkd.key.rule.TestMatchTaclet" time="0.001"/>
  <testcase name="testVarOccursInFindAndAddRule()" classname="de.uka.ilkd.key.rule.TestMatchTaclet" time="0.003"/>
  <system-out><![CDATA[]]></system-out>
  <system-err><![CDATA[]]></system-err>
</testsuite>
