<?xml version="1.0" encoding="UTF-8"?>
<testsuite name="de.uka.ilkd.key.parser.messages.ParserMessageTest" tests="3" skipped="3" failures="0" errors="0" timestamp="2023-02-06T17:32:54" hostname="fv-az444-92" time="0.005">
  <properties/>
  <testcase name="verifyLineNumber()" classname="de.uka.ilkd.key.parser.messages.ParserMessageTest" time="0.001">
    <skipped/>
  </testcase>
  <testcase name="verifyMessage()" classname="de.uka.ilkd.key.parser.messages.ParserMessageTest" time="0.0">
    <skipped/>
  </testcase>
  <testcase name="verifyColumnNumber()" classname="de.uka.ilkd.key.parser.messages.ParserMessageTest" time="0.0">
    <skipped/>
  </testcase>
  <system-out><![CDATA[]]></system-out>
  <system-err><![CDATA[]]></system-err>
</testsuite>
