<?xml version="1.0" encoding="UTF-8"?>
<testsuite name="de.uka.ilkd.key.nparser.ExprTest" tests="23" skipped="0" failures="0" errors="0" timestamp="2023-04-07T20:19:56" hostname="fv-az851-296" time="1.812">
  <properties/>
  <testcase name="[1] (bprod{int y;}(1, 2, y) = 0)" classname="de.uka.ilkd.key.nparser.ExprTest" time="0.015"/>
  <testcase name="[2] 1 = 1 -&gt; 2 = 2" classname="de.uka.ilkd.key.nparser.ExprTest" time="0.012"/>
  <testcase name="[3] \&lt; { int x = 1; } \&gt; x=1" classname="de.uka.ilkd.key.nparser.ExprTest" time="0.741"/>
  <testcase name="[4] \&lt;{ int x = 1; {int s = 2;} }\&gt; x=x" classname="de.uka.ilkd.key.nparser.ExprTest" time="0.803"/>
  <testcase name="[5] true" classname="de.uka.ilkd.key.nparser.ExprTest" time="0.012"/>
  <testcase name="[6] true &amp; false" classname="de.uka.ilkd.key.nparser.ExprTest" time="0.015"/>
  <testcase name="[7] 0" classname="de.uka.ilkd.key.nparser.ExprTest" time="0.01"/>
  <testcase name="[8] 1" classname="de.uka.ilkd.key.nparser.ExprTest" time="0.011"/>
  <testcase name="[9] 42" classname="de.uka.ilkd.key.nparser.ExprTest" time="0.01"/>
  <testcase name="[10] -5" classname="de.uka.ilkd.key.nparser.ExprTest" time="0.012"/>
  <testcase name="[11] 1 + 1 = 2" classname="de.uka.ilkd.key.nparser.ExprTest" time="0.015"/>
  <testcase name="[12] \if (3=4) \then (1) \else (2)" classname="de.uka.ilkd.key.nparser.ExprTest" time="0.01"/>
  <testcase name="[13] \if (3=4 &amp; 1=1) \then (\if (3=4) \then (1) \else (2)) \else (2)" classname="de.uka.ilkd.key.nparser.ExprTest" time="0.01"/>
  <testcase name="[14] aa + bb*cc" classname="de.uka.ilkd.key.nparser.ExprTest" time="0.01"/>
  <testcase name="[15] aa%bb*cc &lt; -123" classname="de.uka.ilkd.key.nparser.ExprTest" time="0.011"/>
  <testcase name="[16] \forall int x; true" classname="de.uka.ilkd.key.nparser.ExprTest" time="0.011"/>
  <testcase name="[17] \forall numbers x; x = x" classname="de.uka.ilkd.key.nparser.ExprTest" time="0.01"/>
  <testcase name="[18] (int)3+2" classname="de.uka.ilkd.key.nparser.ExprTest" time="0.012"/>
  <testcase name="[19] 1.f + 1f = 20e-1f * (2f-1f)" classname="de.uka.ilkd.key.nparser.ExprTest" time="0.011"/>
  <testcase name="[20] 1.d + 1d &lt;= 20e+1d * .01d" classname="de.uka.ilkd.key.nparser.ExprTest" time="0.014"/>
  <testcase name="[21] 1f &lt;= 2f" classname="de.uka.ilkd.key.nparser.ExprTest" time="0.012"/>
  <testcase name="[22] 2d &gt; 1d" classname="de.uka.ilkd.key.nparser.ExprTest" time="0.011"/>
  <testcase name="[23] seqEmpty + seqEmpty" classname="de.uka.ilkd.key.nparser.ExprTest" time="0.011"/>
  <system-out><![CDATA[167620     INFO  Test worker     d.u.i.k.n.KeyIO           Parsing took 8 ms 
167622     INFO  Test worker     d.u.i.k.n.KeyIO           MODE: declarations took 1 ms 
167625     INFO  Test worker     d.u.i.k.n.ExprTest        Term: equals(bprod{y:int}(Z(1(#)),Z(2(#)),y),Z(0(#))) 
167635     INFO  Test worker     d.u.i.k.n.KeyIO           Parsing took 7 ms 
167636     INFO  Test worker     d.u.i.k.n.KeyIO           MODE: declarations took 1 ms 
167638     INFO  Test worker     d.u.i.k.n.ExprTest        Term: imp(equals(Z(1(#)),Z(1(#))),equals(Z(2(#)),Z(2(#)))) 
167647     INFO  Test worker     d.u.i.k.n.KeyIO           Parsing took 7 ms 
167648     INFO  Test worker     d.u.i.k.n.KeyIO           MODE: declarations took 1 ms 
168379     INFO  Test worker     d.u.i.k.n.ExprTest        Term: \<{
  int x = 1;
}\> (equals(x,Z(1(#)))) 
168389     INFO  Test worker     d.u.i.k.n.KeyIO           Parsing took 7 ms 
168390     INFO  Test worker     d.u.i.k.n.KeyIO           MODE: declarations took 1 ms 
169183     INFO  Test worker     d.u.i.k.n.ExprTest        Term: \<{
  int x = 1;
  {
    int s = 2;
  }
}\> (equals(x,x)) 
169194     INFO  Test worker     d.u.i.k.n.KeyIO           Parsing took 7 ms 
169195     INFO  Test worker     d.u.i.k.n.KeyIO           MODE: declarations took 1 ms 
169197     INFO  Test worker     d.u.i.k.n.ExprTest        Term: true 
169206     INFO  Test worker     d.u.i.k.n.KeyIO           Parsing took 7 ms 
169208     INFO  Test worker     d.u.i.k.n.KeyIO           MODE: declarations took 2 ms 
169213     INFO  Test worker     d.u.i.k.n.ExprTest        Term: and(true,false) 
169221     INFO  Test worker     d.u.i.k.n.KeyIO           Parsing took 6 ms 
169222     INFO  Test worker     d.u.i.k.n.KeyIO           MODE: declarations took 1 ms 
169224     INFO  Test worker     d.u.i.k.n.ExprTest        Term: Z(0(#)) 
169232     INFO  Test worker     d.u.i.k.n.KeyIO           Parsing took 6 ms 
169234     INFO  Test worker     d.u.i.k.n.KeyIO           MODE: declarations took 2 ms 
169236     INFO  Test worker     d.u.i.k.n.ExprTest        Term: Z(1(#)) 
169244     INFO  Test worker     d.u.i.k.n.KeyIO           Parsing took 6 ms 
169245     INFO  Test worker     d.u.i.k.n.KeyIO           MODE: declarations took 1 ms 
169247     INFO  Test worker     d.u.i.k.n.ExprTest        Term: Z(2(4(#))) 
169255     INFO  Test worker     d.u.i.k.n.KeyIO           Parsing took 6 ms 
169256     INFO  Test worker     d.u.i.k.n.KeyIO           MODE: declarations took 1 ms 
169258     INFO  Test worker     d.u.i.k.n.ExprTest        Term: Z(neglit(5(#))) 
169270     INFO  Test worker     d.u.i.k.n.KeyIO           Parsing took 6 ms 
169271     INFO  Test worker     d.u.i.k.n.KeyIO           MODE: declarations took 0 ms 
169274     INFO  Test worker     d.u.i.k.n.ExprTest        Term: equals(add(Z(1(#)),Z(1(#))),Z(2(#))) 
169282     INFO  Test worker     d.u.i.k.n.KeyIO           Parsing took 6 ms 
169283     INFO  Test worker     d.u.i.k.n.KeyIO           MODE: declarations took 1 ms 
169285     INFO  Test worker     d.u.i.k.n.ExprTest        Term: if-then-else(equals(Z(3(#)),Z(4(#))),Z(1(#)),Z(2(#))) 
169293     INFO  Test worker     d.u.i.k.n.KeyIO           Parsing took 6 ms 
169294     INFO  Test worker     d.u.i.k.n.KeyIO           MODE: declarations took 1 ms 
169296     INFO  Test worker     d.u.i.k.n.ExprTest        Term: if-then-else(and(equals(Z(3(#)),Z(4(#))),equals(Z(1(#)),Z(1(#)))),if-then-else(equals(Z(3(#)),Z(4(#))),Z(1(#)),Z(2(#))),Z(2(#))) 
169304     INFO  Test worker     d.u.i.k.n.KeyIO           Parsing took 6 ms 
169305     INFO  Test worker     d.u.i.k.n.KeyIO           MODE: declarations took 1 ms 
169307     INFO  Test worker     d.u.i.k.n.ExprTest        Term: add(aa,mul(bb,cc)) 
169315     INFO  Test worker     d.u.i.k.n.KeyIO           Parsing took 6 ms 
169317     INFO  Test worker     d.u.i.k.n.KeyIO           MODE: declarations took 1 ms 
169319     INFO  Test worker     d.u.i.k.n.ExprTest        Term: lt(mul(mod(aa,bb),cc),Z(neglit(3(2(1(#)))))) 
169328     INFO  Test worker     d.u.i.k.n.KeyIO           Parsing took 6 ms 
169329     INFO  Test worker     d.u.i.k.n.KeyIO           MODE: declarations took 1 ms 
169331     INFO  Test worker     d.u.i.k.n.ExprTest        Term: all{x:int}(true) 
169339     INFO  Test worker     d.u.i.k.n.KeyIO           Parsing took 6 ms 
169339     INFO  Test worker     d.u.i.k.n.KeyIO           MODE: declarations took 0 ms 
169342     INFO  Test worker     d.u.i.k.n.ExprTest        Term: all{x:numbers}(equals(x,x)) 
169350     INFO  Test worker     d.u.i.k.n.KeyIO           Parsing took 6 ms 
169352     INFO  Test worker     d.u.i.k.n.KeyIO           MODE: declarations took 2 ms 
169355     INFO  Test worker     d.u.i.k.n.ExprTest        Term: add(int::cast(Z(3(#))),Z(2(#))) 
169365     INFO  Test worker     d.u.i.k.n.KeyIO           Parsing took 7 ms 
169366     INFO  Test worker     d.u.i.k.n.KeyIO           MODE: declarations took 1 ms 
169368     INFO  Test worker     d.u.i.k.n.ExprTest        Term: equals(addFloat(FP(6(1(2(3(5(3(5(6(0(1(#))))))))))),FP(6(1(2(3(5(3(5(6(0(1(#)))))))))))),mulFloat(FP(4(2(8(1(4(7(3(7(0(1(#))))))))))),subFloat(FP(4(2(8(1(4(7(3(7(0(1(#))))))))))),FP(6(1(2(3(5(3(5(6(0(1(#)))))))))))))) 
169378     INFO  Test worker     d.u.i.k.n.KeyIO           Parsing took 8 ms 
169379     INFO  Test worker     d.u.i.k.n.KeyIO           MODE: declarations took 1 ms 
169382     INFO  Test worker     d.u.i.k.n.ExprTest        Term: leqDouble(addDouble(DFP(8(0(4(7(1(0(0(0(8(8(1(4(2(8(1(7(0(6(4(#)))))))))))))))))))),DFP(8(0(4(7(1(0(0(0(8(8(1(4(2(8(1(7(0(6(4(#))))))))))))))))))))),mulDouble(DFP(4(8(7(6(0(0(2(8(9(0(9(8(0(4(2(1(4(6(4(#)))))))))))))))))))),DFP(5(7(6(7(8(0(4(0(3(9(2(2(8(1(9(6(7(5(4(#)))))))))))))))))))))) 
169391     INFO  Test worker     d.u.i.k.n.KeyIO           Parsing took 6 ms 
169393     INFO  Test worker     d.u.i.k.n.KeyIO           MODE: declarations took 2 ms 
169396     INFO  Test worker     d.u.i.k.n.ExprTest        Term: leqFloat(FP(6(1(2(3(5(3(5(6(0(1(#))))))))))),FP(4(2(8(1(4(7(3(7(0(1(#)))))))))))) 
169407     INFO  Test worker     d.u.i.k.n.KeyIO           Parsing took 7 ms 
169408     INFO  Test worker     d.u.i.k.n.KeyIO           MODE: declarations took 1 ms 
169410     INFO  Test worker     d.u.i.k.n.ExprTest        Term: gtDouble(DFP(4(0(9(7(8(3(7(2(4(8(1(0(6(8(6(1(1(6(4(#)))))))))))))))))))),DFP(8(0(4(7(1(0(0(0(8(8(1(4(2(8(1(7(0(6(4(#))))))))))))))))))))) 
169418     INFO  Test worker     d.u.i.k.n.KeyIO           Parsing took 6 ms 
169420     INFO  Test worker     d.u.i.k.n.KeyIO           MODE: declarations took 1 ms 
169422     INFO  Test worker     d.u.i.k.n.ExprTest        Term: seqConcat(seqEmpty,seqEmpty) 
]]></system-out>
  <system-err><![CDATA[]]></system-err>
</testsuite>
