<?xml version="1.0" encoding="UTF-8"?>
<testsuite name="de.uka.ilkd.key.util.TestSearchNodeReversePreorderIterator" tests="4" skipped="0" failures="0" errors="0" timestamp="2023-04-07T20:29:07" hostname="fv-az851-296" time="0.004">
  <properties/>
  <testcase name="testNodesThreeLevel()" classname="de.uka.ilkd.key.util.TestSearchNodeReversePreorderIterator" time="0.001"/>
  <testcase name="testEmptyRoot()" classname="de.uka.ilkd.key.util.TestSearchNodeReversePreorderIterator" time="0.001"/>
  <testcase name="testNodesTwoLevel()" classname="de.uka.ilkd.key.util.TestSearchNodeReversePreorderIterator" time="0.001"/>
  <testcase name="testNodesOneLevel()" classname="de.uka.ilkd.key.util.TestSearchNodeReversePreorderIterator" time="0.001"/>
  <system-out><![CDATA[]]></system-out>
  <system-err><![CDATA[]]></system-err>
</testsuite>
