<?xml version="1.0" encoding="UTF-8"?>
<testsuite name="de.uka.ilkd.key.parser.TestTermParserHeap" tests="39" skipped="0" failures="0" errors="0" timestamp="2023-04-07T20:21:28" hostname="fv-az851-296" time="93.271">
  <properties/>
  <testcase name="testBracketHeapUpdate()" classname="de.uka.ilkd.key.parser.TestTermParserHeap" time="0.017"/>
  <testcase name="testStore()" classname="de.uka.ilkd.key.parser.TestTermParserHeap" time="0.006"/>
  <testcase name="testUnknownConstant()" classname="de.uka.ilkd.key.parser.TestTermParserHeap" time="0.001"/>
  <testcase name="testAllFieldsSelector()" classname="de.uka.ilkd.key.parser.TestTermParserHeap" time="0.001"/>
  <testcase name="testParsePrettyPrintedSelect()" classname="de.uka.ilkd.key.parser.TestTermParserHeap" time="0.001"/>
  <testcase name="testAccessStaticMembers()" classname="de.uka.ilkd.key.parser.TestTermParserHeap" time="0.003"/>
  <testcase name="testAtOperator_1()" classname="de.uka.ilkd.key.parser.TestTermParserHeap" time="0.002"/>
  <testcase name="testAtOperator_2()" classname="de.uka.ilkd.key.parser.TestTermParserHeap" time="0.002"/>
  <testcase name="testAtOperator_3()" classname="de.uka.ilkd.key.parser.TestTermParserHeap" time="0.001"/>
  <testcase name="testAtOperator_4()" classname="de.uka.ilkd.key.parser.TestTermParserHeap" time="0.004"/>
  <testcase name="testAtOperator_5()" classname="de.uka.ilkd.key.parser.TestTermParserHeap" time="0.001"/>
  <testcase name="testAtOperator_6()" classname="de.uka.ilkd.key.parser.TestTermParserHeap" time="0.004"/>
  <testcase name="testAtOperator_7()" classname="de.uka.ilkd.key.parser.TestTermParserHeap" time="0.005"/>
  <testcase name="testAtOperator_8()" classname="de.uka.ilkd.key.parser.TestTermParserHeap" time="0.005"/>
  <testcase name="testVerifyExceptionIfAtOperatorNotPreceededBySelectTerm()" classname="de.uka.ilkd.key.parser.TestTermParserHeap" time="0.001"/>
  <testcase name="testBugResettingCounter()" classname="de.uka.ilkd.key.parser.TestTermParserHeap" time="0.002"/>
  <testcase name="testLocationSets()" classname="de.uka.ilkd.key.parser.TestTermParserHeap" time="0.001"/>
  <testcase name="testQuantifiedSelect()" classname="de.uka.ilkd.key.parser.TestTermParserHeap" time="0.012"/>
  <testcase name="testGenericObjectProperties()" classname="de.uka.ilkd.key.parser.TestTermParserHeap" time="0.001"/>
  <testcase name="testQueryInheritance_1()" classname="de.uka.ilkd.key.parser.TestTermParserHeap" time="0.002"/>
  <testcase name="testQueryInheritance_2()" classname="de.uka.ilkd.key.parser.TestTermParserHeap" time="0.004"/>
  <testcase name="testQueryInheritance_3()" classname="de.uka.ilkd.key.parser.TestTermParserHeap" time="0.004"/>
  <testcase name="testQueryInheritance_4()" classname="de.uka.ilkd.key.parser.TestTermParserHeap" time="0.001"/>
  <testcase name="testQueryInheritance_5()" classname="de.uka.ilkd.key.parser.TestTermParserHeap" time="0.001"/>
  <testcase name="testQueryInheritance_6()" classname="de.uka.ilkd.key.parser.TestTermParserHeap" time="0.001"/>
  <testcase name="testQueryInheritance_7()" classname="de.uka.ilkd.key.parser.TestTermParserHeap" time="0.001"/>
  <testcase name="testQueryInheritance_8()" classname="de.uka.ilkd.key.parser.TestTermParserHeap" time="0.001"/>
  <testcase name="testQueryInheritance_9()" classname="de.uka.ilkd.key.parser.TestTermParserHeap" time="0.004"/>
  <testcase name="testQueryBasic_10()" classname="de.uka.ilkd.key.parser.TestTermParserHeap" time="0.001"/>
  <testcase name="testQueryBasic_11()" classname="de.uka.ilkd.key.parser.TestTermParserHeap" time="0.001"/>
  <testcase name="testQueryBasic_1()" classname="de.uka.ilkd.key.parser.TestTermParserHeap" time="0.001"/>
  <testcase name="testQueryBasic_2()" classname="de.uka.ilkd.key.parser.TestTermParserHeap" time="0.003"/>
  <testcase name="testQueryBasic_3()" classname="de.uka.ilkd.key.parser.TestTermParserHeap" time="0.003"/>
  <testcase name="testQueryBasic_4()" classname="de.uka.ilkd.key.parser.TestTermParserHeap" time="0.003"/>
  <testcase name="testQueryBasic_5()" classname="de.uka.ilkd.key.parser.TestTermParserHeap" time="0.001"/>
  <testcase name="testQueryBasic_6()" classname="de.uka.ilkd.key.parser.TestTermParserHeap" time="0.002"/>
  <testcase name="testQueryBasic_7()" classname="de.uka.ilkd.key.parser.TestTermParserHeap" time="0.002"/>
  <testcase name="testQueryBasic_8()" classname="de.uka.ilkd.key.parser.TestTermParserHeap" time="0.002"/>
  <testcase name="testQueryBasic_9()" classname="de.uka.ilkd.key.parser.TestTermParserHeap" time="0.001"/>
  <system-out><![CDATA[259926     INFO  Test worker     d.u.i.k.n.KeyIO           Parsing took 0 ms 
259926     INFO  Test worker     d.u.i.k.n.KeyIO           MODE: declarations took 0 ms 
259926     INFO  Test worker     d.u.i.k.n.KeyIO           Parsing took 0 ms 
259927     INFO  Test worker     d.u.i.k.n.KeyIO           MODE: declarations took 0 ms 
259927     INFO  Test worker     d.u.i.k.n.KeyIO           Parsing took 0 ms 
259927     INFO  Test worker     d.u.i.k.n.KeyIO           MODE: declarations took 0 ms 
259927     INFO  Test worker     d.u.i.k.n.KeyIO           Parsing took 0 ms 
259927     INFO  Test worker     d.u.i.k.n.KeyIO           MODE: declarations took 0 ms 
259927     INFO  Test worker     d.u.i.k.n.KeyIO           Parsing took 0 ms 
259927     INFO  Test worker     d.u.i.k.n.KeyIO           MODE: declarations took 0 ms 
262449     INFO  Test worker     d.u.i.k.n.KeyIO           Parsing took 0 ms 
262449     INFO  Test worker     d.u.i.k.n.KeyIO           MODE: declarations took 0 ms 
262449     INFO  Test worker     d.u.i.k.n.KeyIO           Parsing took 0 ms 
262449     INFO  Test worker     d.u.i.k.n.KeyIO           MODE: declarations took 0 ms 
262449     INFO  Test worker     d.u.i.k.n.KeyIO           Parsing took 0 ms 
262449     INFO  Test worker     d.u.i.k.n.KeyIO           MODE: declarations took 0 ms 
262449     INFO  Test worker     d.u.i.k.n.KeyIO           Parsing took 0 ms 
262449     INFO  Test worker     d.u.i.k.n.KeyIO           MODE: declarations took 0 ms 
262449     INFO  Test worker     d.u.i.k.n.KeyIO           Parsing took 0 ms 
262449     INFO  Test worker     d.u.i.k.n.KeyIO           MODE: declarations took 0 ms 
264976     INFO  Test worker     d.u.i.k.n.KeyIO           Parsing took 0 ms 
264976     INFO  Test worker     d.u.i.k.n.KeyIO           MODE: declarations took 0 ms 
264976     INFO  Test worker     d.u.i.k.n.KeyIO           Parsing took 0 ms 
264976     INFO  Test worker     d.u.i.k.n.KeyIO           MODE: declarations took 0 ms 
264976     INFO  Test worker     d.u.i.k.n.KeyIO           Parsing took 0 ms 
264976     INFO  Test worker     d.u.i.k.n.KeyIO           MODE: declarations took 0 ms 
264976     INFO  Test worker     d.u.i.k.n.KeyIO           Parsing took 0 ms 
264977     INFO  Test worker     d.u.i.k.n.KeyIO           MODE: declarations took 0 ms 
264977     INFO  Test worker     d.u.i.k.n.KeyIO           Parsing took 0 ms 
264977     INFO  Test worker     d.u.i.k.n.KeyIO           MODE: declarations took 0 ms 
264977     INFO  Test worker     d.u.i.k.n.KeyIO           Parsing took 0 ms 
264977     INFO  Test worker     d.u.i.k.n.KeyIO           MODE: declarations took 0 ms 
267487     INFO  Test worker     d.u.i.k.n.KeyIO           Parsing took 0 ms 
267487     INFO  Test worker     d.u.i.k.n.KeyIO           MODE: declarations took 0 ms 
267487     INFO  Test worker     d.u.i.k.n.KeyIO           Parsing took 0 ms 
267487     INFO  Test worker     d.u.i.k.n.KeyIO           MODE: declarations took 0 ms 
267487     INFO  Test worker     d.u.i.k.n.KeyIO           Parsing took 0 ms 
267488     INFO  Test worker     d.u.i.k.n.KeyIO           MODE: declarations took 0 ms 
267488     INFO  Test worker     d.u.i.k.n.KeyIO           Parsing took 0 ms 
267488     INFO  Test worker     d.u.i.k.n.KeyIO           MODE: declarations took 0 ms 
267488     INFO  Test worker     d.u.i.k.n.KeyIO           Parsing took 0 ms 
267488     INFO  Test worker     d.u.i.k.n.KeyIO           MODE: declarations took 0 ms 
269979     INFO  Test worker     d.u.i.k.n.KeyIO           Parsing took 0 ms 
269979     INFO  Test worker     d.u.i.k.n.KeyIO           MODE: declarations took 0 ms 
269979     INFO  Test worker     d.u.i.k.n.KeyIO           Parsing took 0 ms 
269979     INFO  Test worker     d.u.i.k.n.KeyIO           MODE: declarations took 0 ms 
269979     INFO  Test worker     d.u.i.k.n.KeyIO           Parsing took 0 ms 
269979     INFO  Test worker     d.u.i.k.n.KeyIO           MODE: declarations took 0 ms 
269979     INFO  Test worker     d.u.i.k.n.KeyIO           Parsing took 0 ms 
269979     INFO  Test worker     d.u.i.k.n.KeyIO           MODE: declarations took 0 ms 
269979     INFO  Test worker     d.u.i.k.n.KeyIO           Parsing took 0 ms 
269979     INFO  Test worker     d.u.i.k.n.KeyIO           MODE: declarations took 0 ms 
272452     INFO  Test worker     d.u.i.k.n.KeyIO           Parsing took 0 ms 
272452     INFO  Test worker     d.u.i.k.n.KeyIO           MODE: declarations took 0 ms 
272452     INFO  Test worker     d.u.i.k.n.KeyIO           Parsing took 0 ms 
272452     INFO  Test worker     d.u.i.k.n.KeyIO           MODE: declarations took 0 ms 
272452     INFO  Test worker     d.u.i.k.n.KeyIO           Parsing took 0 ms 
272452     INFO  Test worker     d.u.i.k.n.KeyIO           MODE: declarations took 0 ms 
272452     INFO  Test worker     d.u.i.k.n.KeyIO           Parsing took 0 ms 
272452     INFO  Test worker     d.u.i.k.n.KeyIO           MODE: declarations took 0 ms 
272452     INFO  Test worker     d.u.i.k.n.KeyIO           Parsing took 0 ms 
272452     INFO  Test worker     d.u.i.k.n.KeyIO           MODE: declarations took 0 ms 
274933     INFO  Test worker     d.u.i.k.n.KeyIO           Parsing took 0 ms 
274934     INFO  Test worker     d.u.i.k.n.KeyIO           MODE: declarations took 1 ms 
274934     INFO  Test worker     d.u.i.k.n.KeyIO           Parsing took 0 ms 
274934     INFO  Test worker     d.u.i.k.n.KeyIO           MODE: declarations took 0 ms 
274934     INFO  Test worker     d.u.i.k.n.KeyIO           Parsing took 0 ms 
274934     INFO  Test worker     d.u.i.k.n.KeyIO           MODE: declarations took 0 ms 
274934     INFO  Test worker     d.u.i.k.n.KeyIO           Parsing took 0 ms 
274934     INFO  Test worker     d.u.i.k.n.KeyIO           MODE: declarations took 0 ms 
274934     INFO  Test worker     d.u.i.k.n.KeyIO           Parsing took 0 ms 
274934     INFO  Test worker     d.u.i.k.n.KeyIO           MODE: declarations took 0 ms 
277367     INFO  Test worker     d.u.i.k.n.KeyIO           Parsing took 0 ms 
277367     INFO  Test worker     d.u.i.k.n.KeyIO           MODE: declarations took 0 ms 
277367     INFO  Test worker     d.u.i.k.n.KeyIO           Parsing took 0 ms 
277367     INFO  Test worker     d.u.i.k.n.KeyIO           MODE: declarations took 0 ms 
277367     INFO  Test worker     d.u.i.k.n.KeyIO           Parsing took 0 ms 
277367     INFO  Test worker     d.u.i.k.n.KeyIO           MODE: declarations took 0 ms 
277367     INFO  Test worker     d.u.i.k.n.KeyIO           Parsing took 0 ms 
277367     INFO  Test worker     d.u.i.k.n.KeyIO           MODE: declarations took 0 ms 
277367     INFO  Test worker     d.u.i.k.n.KeyIO           Parsing took 0 ms 
277367     INFO  Test worker     d.u.i.k.n.KeyIO           MODE: declarations took 0 ms 
279805     INFO  Test worker     d.u.i.k.n.KeyIO           Parsing took 0 ms 
279805     INFO  Test worker     d.u.i.k.n.KeyIO           MODE: declarations took 0 ms 
279805     INFO  Test worker     d.u.i.k.n.KeyIO           Parsing took 0 ms 
279805     INFO  Test worker     d.u.i.k.n.KeyIO           MODE: declarations took 0 ms 
279805     INFO  Test worker     d.u.i.k.n.KeyIO           Parsing took 0 ms 
279805     INFO  Test worker     d.u.i.k.n.KeyIO           MODE: declarations took 0 ms 
279805     INFO  Test worker     d.u.i.k.n.KeyIO           Parsing took 0 ms 
279805     INFO  Test worker     d.u.i.k.n.KeyIO           MODE: declarations took 0 ms 
279805     INFO  Test worker     d.u.i.k.n.KeyIO           Parsing took 0 ms 
279805     INFO  Test worker     d.u.i.k.n.KeyIO           MODE: declarations took 0 ms 
282247     INFO  Test worker     d.u.i.k.n.KeyIO           Parsing took 0 ms 
282247     INFO  Test worker     d.u.i.k.n.KeyIO           MODE: declarations took 0 ms 
282247     INFO  Test worker     d.u.i.k.n.KeyIO           Parsing took 0 ms 
282247     INFO  Test worker     d.u.i.k.n.KeyIO           MODE: declarations took 0 ms 
282247     INFO  Test worker     d.u.i.k.n.KeyIO           Parsing took 0 ms 
282247     INFO  Test worker     d.u.i.k.n.KeyIO           MODE: declarations took 0 ms 
282247     INFO  Test worker     d.u.i.k.n.KeyIO           Parsing took 0 ms 
282247     INFO  Test worker     d.u.i.k.n.KeyIO           MODE: declarations took 0 ms 
282247     INFO  Test worker     d.u.i.k.n.KeyIO           Parsing took 0 ms 
282247     INFO  Test worker     d.u.i.k.n.KeyIO           MODE: declarations took 0 ms 
284676     INFO  Test worker     d.u.i.k.n.KeyIO           Parsing took 0 ms 
284676     INFO  Test worker     d.u.i.k.n.KeyIO           MODE: declarations took 0 ms 
284676     INFO  Test worker     d.u.i.k.n.KeyIO           Parsing took 0 ms 
284676     INFO  Test worker     d.u.i.k.n.KeyIO           MODE: declarations took 0 ms 
284676     INFO  Test worker     d.u.i.k.n.KeyIO           Parsing took 0 ms 
284676     INFO  Test worker     d.u.i.k.n.KeyIO           MODE: declarations took 0 ms 
284676     INFO  Test worker     d.u.i.k.n.KeyIO           Parsing took 0 ms 
284676     INFO  Test worker     d.u.i.k.n.KeyIO           MODE: declarations took 0 ms 
284676     INFO  Test worker     d.u.i.k.n.KeyIO           Parsing took 0 ms 
284676     INFO  Test worker     d.u.i.k.n.KeyIO           MODE: declarations took 0 ms 
287128     INFO  Test worker     d.u.i.k.n.KeyIO           Parsing took 0 ms 
287129     INFO  Test worker     d.u.i.k.n.KeyIO           MODE: declarations took 0 ms 
287129     INFO  Test worker     d.u.i.k.n.KeyIO           Parsing took 0 ms 
287130     INFO  Test worker     d.u.i.k.n.KeyIO           MODE: declarations took 0 ms 
287130     INFO  Test worker     d.u.i.k.n.KeyIO           Parsing took 0 ms 
287130     INFO  Test worker     d.u.i.k.n.KeyIO           MODE: declarations took 0 ms 
287130     INFO  Test worker     d.u.i.k.n.KeyIO           Parsing took 0 ms 
287130     INFO  Test worker     d.u.i.k.n.KeyIO           MODE: declarations took 0 ms 
287131     INFO  Test worker     d.u.i.k.n.KeyIO           Parsing took 0 ms 
287131     INFO  Test worker     d.u.i.k.n.KeyIO           MODE: declarations took 0 ms 
289565     INFO  Test worker     d.u.i.k.n.KeyIO           Parsing took 0 ms 
289565     INFO  Test worker     d.u.i.k.n.KeyIO           MODE: declarations took 0 ms 
289565     INFO  Test worker     d.u.i.k.n.KeyIO           Parsing took 0 ms 
289565     INFO  Test worker     d.u.i.k.n.KeyIO           MODE: declarations took 0 ms 
289565     INFO  Test worker     d.u.i.k.n.KeyIO           Parsing took 0 ms 
289565     INFO  Test worker     d.u.i.k.n.KeyIO           MODE: declarations took 0 ms 
289566     INFO  Test worker     d.u.i.k.n.KeyIO           Parsing took 0 ms 
289566     INFO  Test worker     d.u.i.k.n.KeyIO           MODE: declarations took 0 ms 
289566     INFO  Test worker     d.u.i.k.n.KeyIO           Parsing took 0 ms 
289566     INFO  Test worker     d.u.i.k.n.KeyIO           MODE: declarations took 0 ms 
292054     INFO  Test worker     d.u.i.k.n.KeyIO           Parsing took 0 ms 
292055     INFO  Test worker     d.u.i.k.n.KeyIO           MODE: declarations took 0 ms 
292055     INFO  Test worker     d.u.i.k.n.KeyIO           Parsing took 0 ms 
292055     INFO  Test worker     d.u.i.k.n.KeyIO           MODE: declarations took 0 ms 
292056     INFO  Test worker     d.u.i.k.n.KeyIO           Parsing took 0 ms 
292056     INFO  Test worker     d.u.i.k.n.KeyIO           MODE: declarations took 0 ms 
292056     INFO  Test worker     d.u.i.k.n.KeyIO           Parsing took 0 ms 
292056     INFO  Test worker     d.u.i.k.n.KeyIO           MODE: declarations took 0 ms 
292056     INFO  Test worker     d.u.i.k.n.KeyIO           Parsing took 0 ms 
292057     INFO  Test worker     d.u.i.k.n.KeyIO           MODE: declarations took 0 ms 
294503     INFO  Test worker     d.u.i.k.n.KeyIO           Parsing took 0 ms 
294503     INFO  Test worker     d.u.i.k.n.KeyIO           MODE: declarations took 0 ms 
294503     INFO  Test worker     d.u.i.k.n.KeyIO           Parsing took 0 ms 
294503     INFO  Test worker     d.u.i.k.n.KeyIO           MODE: declarations took 0 ms 
294503     INFO  Test worker     d.u.i.k.n.KeyIO           Parsing took 0 ms 
294503     INFO  Test worker     d.u.i.k.n.KeyIO           MODE: declarations took 0 ms 
294503     INFO  Test worker     d.u.i.k.n.KeyIO           Parsing took 0 ms 
294503     INFO  Test worker     d.u.i.k.n.KeyIO           MODE: declarations took 0 ms 
294503     INFO  Test worker     d.u.i.k.n.KeyIO           Parsing took 0 ms 
294503     INFO  Test worker     d.u.i.k.n.KeyIO           MODE: declarations took 0 ms 
294504     WARN  Test worker     d.u.i.k.n.KeYParser       [syntax-error] <unknown>:1:11: mismatched input '@' expecting {'/', ':=', '.', '(', ')', '{', '[', '@', PARALLEL, OR, AND, IMP, '=', NOT_EQUALS, '%', '*', '-', '+', '>', GREATEREQUAL, '<', LESSEQUAL, LGUILLEMETS, EQV} [@11,11:11='@',<153>,1:11] (termEOF) 
296955     INFO  Test worker     d.u.i.k.n.KeyIO           Parsing took 0 ms 
296955     INFO  Test worker     d.u.i.k.n.KeyIO           MODE: declarations took 0 ms 
296955     INFO  Test worker     d.u.i.k.n.KeyIO           Parsing took 0 ms 
296955     INFO  Test worker     d.u.i.k.n.KeyIO           MODE: declarations took 0 ms 
296955     INFO  Test worker     d.u.i.k.n.KeyIO           Parsing took 0 ms 
296955     INFO  Test worker     d.u.i.k.n.KeyIO           MODE: declarations took 0 ms 
296955     INFO  Test worker     d.u.i.k.n.KeyIO           Parsing took 0 ms 
296955     INFO  Test worker     d.u.i.k.n.KeyIO           MODE: declarations took 0 ms 
296955     INFO  Test worker     d.u.i.k.n.KeyIO           Parsing took 0 ms 
296955     INFO  Test worker     d.u.i.k.n.KeyIO           MODE: declarations took 0 ms 
299374     INFO  Test worker     d.u.i.k.n.KeyIO           Parsing took 0 ms 
299374     INFO  Test worker     d.u.i.k.n.KeyIO           MODE: declarations took 0 ms 
299374     INFO  Test worker     d.u.i.k.n.KeyIO           Parsing took 0 ms 
299374     INFO  Test worker     d.u.i.k.n.KeyIO           MODE: declarations took 0 ms 
299375     INFO  Test worker     d.u.i.k.n.KeyIO           Parsing took 0 ms 
299375     INFO  Test worker     d.u.i.k.n.KeyIO           MODE: declarations took 0 ms 
299375     INFO  Test worker     d.u.i.k.n.KeyIO           Parsing took 0 ms 
299375     INFO  Test worker     d.u.i.k.n.KeyIO           MODE: declarations took 0 ms 
299375     INFO  Test worker     d.u.i.k.n.KeyIO           Parsing took 0 ms 
299375     INFO  Test worker     d.u.i.k.n.KeyIO           MODE: declarations took 0 ms 
301823     INFO  Test worker     d.u.i.k.n.KeyIO           Parsing took 0 ms 
301823     INFO  Test worker     d.u.i.k.n.KeyIO           MODE: declarations took 0 ms 
301823     INFO  Test worker     d.u.i.k.n.KeyIO           Parsing took 0 ms 
301833     INFO  Test worker     d.u.i.k.n.KeyIO           MODE: declarations took 0 ms 
301833     INFO  Test worker     d.u.i.k.n.KeyIO           Parsing took 0 ms 
301833     INFO  Test worker     d.u.i.k.n.KeyIO           MODE: declarations took 0 ms 
301833     INFO  Test worker     d.u.i.k.n.KeyIO           Parsing took 0 ms 
301833     INFO  Test worker     d.u.i.k.n.KeyIO           MODE: declarations took 0 ms 
301833     INFO  Test worker     d.u.i.k.n.KeyIO           Parsing took 0 ms 
301833     INFO  Test worker     d.u.i.k.n.KeyIO           MODE: declarations took 0 ms 
304414     INFO  Test worker     d.u.i.k.n.KeyIO           Parsing took 0 ms 
304414     INFO  Test worker     d.u.i.k.n.KeyIO           MODE: declarations took 0 ms 
304414     INFO  Test worker     d.u.i.k.n.KeyIO           Parsing took 0 ms 
304414     INFO  Test worker     d.u.i.k.n.KeyIO           MODE: declarations took 0 ms 
304414     INFO  Test worker     d.u.i.k.n.KeyIO           Parsing took 0 ms 
304414     INFO  Test worker     d.u.i.k.n.KeyIO           MODE: declarations took 0 ms 
304414     INFO  Test worker     d.u.i.k.n.KeyIO           Parsing took 0 ms 
304414     INFO  Test worker     d.u.i.k.n.KeyIO           MODE: declarations took 0 ms 
304414     INFO  Test worker     d.u.i.k.n.KeyIO           Parsing took 0 ms 
304414     INFO  Test worker     d.u.i.k.n.KeyIO           MODE: declarations took 0 ms 
306838     INFO  Test worker     d.u.i.k.n.KeyIO           Parsing took 0 ms 
306838     INFO  Test worker     d.u.i.k.n.KeyIO           MODE: declarations took 0 ms 
306838     INFO  Test worker     d.u.i.k.n.KeyIO           Parsing took 0 ms 
306838     INFO  Test worker     d.u.i.k.n.KeyIO           MODE: declarations took 0 ms 
306838     INFO  Test worker     d.u.i.k.n.KeyIO           Parsing took 0 ms 
306838     INFO  Test worker     d.u.i.k.n.KeyIO           MODE: declarations took 0 ms 
306838     INFO  Test worker     d.u.i.k.n.KeyIO           Parsing took 0 ms 
306838     INFO  Test worker     d.u.i.k.n.KeyIO           MODE: declarations took 0 ms 
306838     INFO  Test worker     d.u.i.k.n.KeyIO           Parsing took 0 ms 
306839     INFO  Test worker     d.u.i.k.n.KeyIO           MODE: declarations took 1 ms 
309261     INFO  Test worker     d.u.i.k.n.KeyIO           Parsing took 0 ms 
309262     INFO  Test worker     d.u.i.k.n.KeyIO           MODE: declarations took 0 ms 
309262     INFO  Test worker     d.u.i.k.n.KeyIO           Parsing took 0 ms 
309262     INFO  Test worker     d.u.i.k.n.KeyIO           MODE: declarations took 0 ms 
309262     INFO  Test worker     d.u.i.k.n.KeyIO           Parsing took 0 ms 
309263     INFO  Test worker     d.u.i.k.n.KeyIO           MODE: declarations took 0 ms 
309263     INFO  Test worker     d.u.i.k.n.KeyIO           Parsing took 0 ms 
309263     INFO  Test worker     d.u.i.k.n.KeyIO           MODE: declarations took 0 ms 
309263     INFO  Test worker     d.u.i.k.n.KeyIO           Parsing took 0 ms 
309263     INFO  Test worker     d.u.i.k.n.KeyIO           MODE: declarations took 0 ms 
311695     INFO  Test worker     d.u.i.k.n.KeyIO           Parsing took 0 ms 
311695     INFO  Test worker     d.u.i.k.n.KeyIO           MODE: declarations took 0 ms 
311696     INFO  Test worker     d.u.i.k.n.KeyIO           Parsing took 0 ms 
311696     INFO  Test worker     d.u.i.k.n.KeyIO           MODE: declarations took 0 ms 
311697     INFO  Test worker     d.u.i.k.n.KeyIO           Parsing took 0 ms 
311697     INFO  Test worker     d.u.i.k.n.KeyIO           MODE: declarations took 0 ms 
311697     INFO  Test worker     d.u.i.k.n.KeyIO           Parsing took 0 ms 
311697     INFO  Test worker     d.u.i.k.n.KeyIO           MODE: declarations took 0 ms 
311697     INFO  Test worker     d.u.i.k.n.KeyIO           Parsing took 0 ms 
311698     INFO  Test worker     d.u.i.k.n.KeyIO           MODE: declarations took 1 ms 
314113     INFO  Test worker     d.u.i.k.n.KeyIO           Parsing took 0 ms 
314113     INFO  Test worker     d.u.i.k.n.KeyIO           MODE: declarations took 0 ms 
314113     INFO  Test worker     d.u.i.k.n.KeyIO           Parsing took 0 ms 
314114     INFO  Test worker     d.u.i.k.n.KeyIO           MODE: declarations took 1 ms 
314114     INFO  Test worker     d.u.i.k.n.KeyIO           Parsing took 0 ms 
314114     INFO  Test worker     d.u.i.k.n.KeyIO           MODE: declarations took 0 ms 
314114     INFO  Test worker     d.u.i.k.n.KeyIO           Parsing took 0 ms 
314114     INFO  Test worker     d.u.i.k.n.KeyIO           MODE: declarations took 0 ms 
314114     INFO  Test worker     d.u.i.k.n.KeyIO           Parsing took 0 ms 
314114     INFO  Test worker     d.u.i.k.n.KeyIO           MODE: declarations took 0 ms 
316534     INFO  Test worker     d.u.i.k.n.KeyIO           Parsing took 0 ms 
316535     INFO  Test worker     d.u.i.k.n.KeyIO           MODE: declarations took 0 ms 
316535     INFO  Test worker     d.u.i.k.n.KeyIO           Parsing took 0 ms 
316535     INFO  Test worker     d.u.i.k.n.KeyIO           MODE: declarations took 0 ms 
316535     INFO  Test worker     d.u.i.k.n.KeyIO           Parsing took 0 ms 
316535     INFO  Test worker     d.u.i.k.n.KeyIO           MODE: declarations took 0 ms 
316535     INFO  Test worker     d.u.i.k.n.KeyIO           Parsing took 0 ms 
316535     INFO  Test worker     d.u.i.k.n.KeyIO           MODE: declarations took 0 ms 
316535     INFO  Test worker     d.u.i.k.n.KeyIO           Parsing took 0 ms 
316535     INFO  Test worker     d.u.i.k.n.KeyIO           MODE: declarations took 0 ms 
318965     INFO  Test worker     d.u.i.k.n.KeyIO           Parsing took 1 ms 
318965     INFO  Test worker     d.u.i.k.n.KeyIO           MODE: declarations took 0 ms 
318965     INFO  Test worker     d.u.i.k.n.KeyIO           Parsing took 0 ms 
318965     INFO  Test worker     d.u.i.k.n.KeyIO           MODE: declarations took 0 ms 
318965     INFO  Test worker     d.u.i.k.n.KeyIO           Parsing took 0 ms 
318965     INFO  Test worker     d.u.i.k.n.KeyIO           MODE: declarations took 0 ms 
318965     INFO  Test worker     d.u.i.k.n.KeyIO           Parsing took 0 ms 
318965     INFO  Test worker     d.u.i.k.n.KeyIO           MODE: declarations took 0 ms 
318965     INFO  Test worker     d.u.i.k.n.KeyIO           Parsing took 0 ms 
318965     INFO  Test worker     d.u.i.k.n.KeyIO           MODE: declarations took 0 ms 
321394     INFO  Test worker     d.u.i.k.n.KeyIO           Parsing took 0 ms 
321394     INFO  Test worker     d.u.i.k.n.KeyIO           MODE: declarations took 0 ms 
321394     INFO  Test worker     d.u.i.k.n.KeyIO           Parsing took 0 ms 
321394     INFO  Test worker     d.u.i.k.n.KeyIO           MODE: declarations took 0 ms 
321394     INFO  Test worker     d.u.i.k.n.KeyIO           Parsing took 0 ms 
321394     INFO  Test worker     d.u.i.k.n.KeyIO           MODE: declarations took 0 ms 
321394     INFO  Test worker     d.u.i.k.n.KeyIO           Parsing took 0 ms 
321394     INFO  Test worker     d.u.i.k.n.KeyIO           MODE: declarations took 0 ms 
321394     INFO  Test worker     d.u.i.k.n.KeyIO           Parsing took 0 ms 
321394     INFO  Test worker     d.u.i.k.n.KeyIO           MODE: declarations took 0 ms 
323853     INFO  Test worker     d.u.i.k.n.KeyIO           Parsing took 0 ms 
323853     INFO  Test worker     d.u.i.k.n.KeyIO           MODE: declarations took 0 ms 
323853     INFO  Test worker     d.u.i.k.n.KeyIO           Parsing took 0 ms 
323853     INFO  Test worker     d.u.i.k.n.KeyIO           MODE: declarations took 0 ms 
323853     INFO  Test worker     d.u.i.k.n.KeyIO           Parsing took 0 ms 
323853     INFO  Test worker     d.u.i.k.n.KeyIO           MODE: declarations took 0 ms 
323853     INFO  Test worker     d.u.i.k.n.KeyIO           Parsing took 0 ms 
323853     INFO  Test worker     d.u.i.k.n.KeyIO           MODE: declarations took 0 ms 
323853     INFO  Test worker     d.u.i.k.n.KeyIO           Parsing took 0 ms 
323853     INFO  Test worker     d.u.i.k.n.KeyIO           MODE: declarations took 0 ms 
326311     INFO  Test worker     d.u.i.k.n.KeyIO           Parsing took 0 ms 
326312     INFO  Test worker     d.u.i.k.n.KeyIO           MODE: declarations took 0 ms 
326312     INFO  Test worker     d.u.i.k.n.KeyIO           Parsing took 0 ms 
326312     INFO  Test worker     d.u.i.k.n.KeyIO           MODE: declarations took 0 ms 
326312     INFO  Test worker     d.u.i.k.n.KeyIO           Parsing took 0 ms 
326312     INFO  Test worker     d.u.i.k.n.KeyIO           MODE: declarations took 0 ms 
326313     INFO  Test worker     d.u.i.k.n.KeyIO           Parsing took 0 ms 
326313     INFO  Test worker     d.u.i.k.n.KeyIO           MODE: declarations took 0 ms 
326313     INFO  Test worker     d.u.i.k.n.KeyIO           Parsing took 0 ms 
326313     INFO  Test worker     d.u.i.k.n.KeyIO           MODE: declarations took 0 ms 
328742     INFO  Test worker     d.u.i.k.n.KeyIO           Parsing took 0 ms 
328742     INFO  Test worker     d.u.i.k.n.KeyIO           MODE: declarations took 0 ms 
328742     INFO  Test worker     d.u.i.k.n.KeyIO           Parsing took 0 ms 
328742     INFO  Test worker     d.u.i.k.n.KeyIO           MODE: declarations took 0 ms 
328742     INFO  Test worker     d.u.i.k.n.KeyIO           Parsing took 0 ms 
328742     INFO  Test worker     d.u.i.k.n.KeyIO           MODE: declarations took 0 ms 
328742     INFO  Test worker     d.u.i.k.n.KeyIO           Parsing took 0 ms 
328742     INFO  Test worker     d.u.i.k.n.KeyIO           MODE: declarations took 0 ms 
328742     INFO  Test worker     d.u.i.k.n.KeyIO           Parsing took 0 ms 
328742     INFO  Test worker     d.u.i.k.n.KeyIO           MODE: declarations took 0 ms 
331165     INFO  Test worker     d.u.i.k.n.KeyIO           Parsing took 0 ms 
331166     INFO  Test worker     d.u.i.k.n.KeyIO           MODE: declarations took 1 ms 
331166     INFO  Test worker     d.u.i.k.n.KeyIO           Parsing took 0 ms 
331166     INFO  Test worker     d.u.i.k.n.KeyIO           MODE: declarations took 0 ms 
331166     INFO  Test worker     d.u.i.k.n.KeyIO           Parsing took 0 ms 
331166     INFO  Test worker     d.u.i.k.n.KeyIO           MODE: declarations took 0 ms 
331166     INFO  Test worker     d.u.i.k.n.KeyIO           Parsing took 0 ms 
331166     INFO  Test worker     d.u.i.k.n.KeyIO           MODE: declarations took 0 ms 
331166     INFO  Test worker     d.u.i.k.n.KeyIO           Parsing took 0 ms 
331166     INFO  Test worker     d.u.i.k.n.KeyIO           MODE: declarations took 0 ms 
333610     INFO  Test worker     d.u.i.k.n.KeyIO           Parsing took 0 ms 
333610     INFO  Test worker     d.u.i.k.n.KeyIO           MODE: declarations took 0 ms 
333610     INFO  Test worker     d.u.i.k.n.KeyIO           Parsing took 0 ms 
333610     INFO  Test worker     d.u.i.k.n.KeyIO           MODE: declarations took 0 ms 
333610     INFO  Test worker     d.u.i.k.n.KeyIO           Parsing took 0 ms 
333610     INFO  Test worker     d.u.i.k.n.KeyIO           MODE: declarations took 0 ms 
333610     INFO  Test worker     d.u.i.k.n.KeyIO           Parsing took 0 ms 
333610     INFO  Test worker     d.u.i.k.n.KeyIO           MODE: declarations took 0 ms 
333610     INFO  Test worker     d.u.i.k.n.KeyIO           Parsing took 0 ms 
333610     INFO  Test worker     d.u.i.k.n.KeyIO           MODE: declarations took 0 ms 
336086     INFO  Test worker     d.u.i.k.n.KeyIO           Parsing took 0 ms 
336086     INFO  Test worker     d.u.i.k.n.KeyIO           MODE: declarations took 0 ms 
336086     INFO  Test worker     d.u.i.k.n.KeyIO           Parsing took 0 ms 
336086     INFO  Test worker     d.u.i.k.n.KeyIO           MODE: declarations took 0 ms 
336086     INFO  Test worker     d.u.i.k.n.KeyIO           Parsing took 0 ms 
336086     INFO  Test worker     d.u.i.k.n.KeyIO           MODE: declarations took 0 ms 
336087     INFO  Test worker     d.u.i.k.n.KeyIO           Parsing took 1 ms 
336087     INFO  Test worker     d.u.i.k.n.KeyIO           MODE: declarations took 0 ms 
336087     INFO  Test worker     d.u.i.k.n.KeyIO           Parsing took 0 ms 
336088     INFO  Test worker     d.u.i.k.n.KeyIO           MODE: declarations took 0 ms 
338526     INFO  Test worker     d.u.i.k.n.KeyIO           Parsing took 0 ms 
338526     INFO  Test worker     d.u.i.k.n.KeyIO           MODE: declarations took 0 ms 
338526     INFO  Test worker     d.u.i.k.n.KeyIO           Parsing took 0 ms 
338526     INFO  Test worker     d.u.i.k.n.KeyIO           MODE: declarations took 0 ms 
338526     INFO  Test worker     d.u.i.k.n.KeyIO           Parsing took 0 ms 
338526     INFO  Test worker     d.u.i.k.n.KeyIO           MODE: declarations took 0 ms 
338526     INFO  Test worker     d.u.i.k.n.KeyIO           Parsing took 0 ms 
338526     INFO  Test worker     d.u.i.k.n.KeyIO           MODE: declarations took 0 ms 
338526     INFO  Test worker     d.u.i.k.n.KeyIO           Parsing took 0 ms 
338526     INFO  Test worker     d.u.i.k.n.KeyIO           MODE: declarations took 0 ms 
340970     INFO  Test worker     d.u.i.k.n.KeyIO           Parsing took 0 ms 
340971     INFO  Test worker     d.u.i.k.n.KeyIO           MODE: declarations took 0 ms 
340971     INFO  Test worker     d.u.i.k.n.KeyIO           Parsing took 0 ms 
340971     INFO  Test worker     d.u.i.k.n.KeyIO           MODE: declarations took 0 ms 
340971     INFO  Test worker     d.u.i.k.n.KeyIO           Parsing took 0 ms 
340971     INFO  Test worker     d.u.i.k.n.KeyIO           MODE: declarations took 0 ms 
340971     INFO  Test worker     d.u.i.k.n.KeyIO           Parsing took 0 ms 
340971     INFO  Test worker     d.u.i.k.n.KeyIO           MODE: declarations took 0 ms 
340971     INFO  Test worker     d.u.i.k.n.KeyIO           Parsing took 0 ms 
340971     INFO  Test worker     d.u.i.k.n.KeyIO           MODE: declarations took 0 ms 
343408     INFO  Test worker     d.u.i.k.n.KeyIO           Parsing took 0 ms 
343408     INFO  Test worker     d.u.i.k.n.KeyIO           MODE: declarations took 0 ms 
343408     INFO  Test worker     d.u.i.k.n.KeyIO           Parsing took 0 ms 
343408     INFO  Test worker     d.u.i.k.n.KeyIO           MODE: declarations took 0 ms 
343408     INFO  Test worker     d.u.i.k.n.KeyIO           Parsing took 0 ms 
343408     INFO  Test worker     d.u.i.k.n.KeyIO           MODE: declarations took 0 ms 
343408     INFO  Test worker     d.u.i.k.n.KeyIO           Parsing took 0 ms 
343408     INFO  Test worker     d.u.i.k.n.KeyIO           MODE: declarations took 0 ms 
343408     INFO  Test worker     d.u.i.k.n.KeyIO           Parsing took 0 ms 
343408     INFO  Test worker     d.u.i.k.n.KeyIO           MODE: declarations took 0 ms 
345836     INFO  Test worker     d.u.i.k.n.KeyIO           Parsing took 0 ms 
345836     INFO  Test worker     d.u.i.k.n.KeyIO           MODE: declarations took 0 ms 
345836     INFO  Test worker     d.u.i.k.n.KeyIO           Parsing took 0 ms 
345836     INFO  Test worker     d.u.i.k.n.KeyIO           MODE: declarations took 0 ms 
345836     INFO  Test worker     d.u.i.k.n.KeyIO           Parsing took 0 ms 
345836     INFO  Test worker     d.u.i.k.n.KeyIO           MODE: declarations took 0 ms 
345836     INFO  Test worker     d.u.i.k.n.KeyIO           Parsing took 0 ms 
345836     INFO  Test worker     d.u.i.k.n.KeyIO           MODE: declarations took 0 ms 
345836     INFO  Test worker     d.u.i.k.n.KeyIO           Parsing took 0 ms 
345836     INFO  Test worker     d.u.i.k.n.KeyIO           MODE: declarations took 0 ms 
348299     INFO  Test worker     d.u.i.k.n.KeyIO           Parsing took 0 ms 
348299     INFO  Test worker     d.u.i.k.n.KeyIO           MODE: declarations took 0 ms 
348299     INFO  Test worker     d.u.i.k.n.KeyIO           Parsing took 0 ms 
348299     INFO  Test worker     d.u.i.k.n.KeyIO           MODE: declarations took 0 ms 
348299     INFO  Test worker     d.u.i.k.n.KeyIO           Parsing took 0 ms 
348299     INFO  Test worker     d.u.i.k.n.KeyIO           MODE: declarations took 0 ms 
348299     INFO  Test worker     d.u.i.k.n.KeyIO           Parsing took 0 ms 
348299     INFO  Test worker     d.u.i.k.n.KeyIO           MODE: declarations took 0 ms 
348299     INFO  Test worker     d.u.i.k.n.KeyIO           Parsing took 0 ms 
348299     INFO  Test worker     d.u.i.k.n.KeyIO           MODE: declarations took 0 ms 
350749     INFO  Test worker     d.u.i.k.n.KeyIO           Parsing took 0 ms 
350749     INFO  Test worker     d.u.i.k.n.KeyIO           MODE: declarations took 0 ms 
350749     INFO  Test worker     d.u.i.k.n.KeyIO           Parsing took 0 ms 
350749     INFO  Test worker     d.u.i.k.n.KeyIO           MODE: declarations took 0 ms 
350749     INFO  Test worker     d.u.i.k.n.KeyIO           Parsing took 0 ms 
350749     INFO  Test worker     d.u.i.k.n.KeyIO           MODE: declarations took 0 ms 
350749     INFO  Test worker     d.u.i.k.n.KeyIO           Parsing took 0 ms 
350749     INFO  Test worker     d.u.i.k.n.KeyIO           MODE: declarations took 0 ms 
350749     INFO  Test worker     d.u.i.k.n.KeyIO           Parsing took 0 ms 
350749     INFO  Test worker     d.u.i.k.n.KeyIO           MODE: declarations took 0 ms 
353196     INFO  Test worker     d.u.i.k.n.KeyIO           Parsing took 0 ms 
353196     INFO  Test worker     d.u.i.k.n.KeyIO           MODE: declarations took 0 ms 
353196     INFO  Test worker     d.u.i.k.n.KeyIO           Parsing took 0 ms 
353196     INFO  Test worker     d.u.i.k.n.KeyIO           MODE: declarations took 0 ms 
353196     INFO  Test worker     d.u.i.k.n.KeyIO           Parsing took 0 ms 
353196     INFO  Test worker     d.u.i.k.n.KeyIO           MODE: declarations took 0 ms 
353196     INFO  Test worker     d.u.i.k.n.KeyIO           Parsing took 0 ms 
353196     INFO  Test worker     d.u.i.k.n.KeyIO           MODE: declarations took 0 ms 
353196     INFO  Test worker     d.u.i.k.n.KeyIO           Parsing took 0 ms 
353196     INFO  Test worker     d.u.i.k.n.KeyIO           MODE: declarations took 0 ms 
]]></system-out>
  <system-err><![CDATA[]]></system-err>
</testsuite>
