<?xml version="1.0" encoding="UTF-8"?>
<testsuite name="de.uka.ilkd.key.parser.TestDeclParser" tests="14" skipped="2" failures="0" errors="0" timestamp="2023-04-07T20:20:06" hostname="fv-az851-296" time="9.414">
  <properties/>
  <testcase name="testGenericSortDecl1()" classname="de.uka.ilkd.key.parser.TestDeclParser" time="0.864"/>
  <testcase name="testGenericSortDecl2()" classname="de.uka.ilkd.key.parser.TestDeclParser" time="0.831"/>
  <testcase name="testGenericSortDecl3()" classname="de.uka.ilkd.key.parser.TestDeclParser" time="0.731"/>
  <testcase name="testGenericSortDecl4()" classname="de.uka.ilkd.key.parser.TestDeclParser" time="0.796"/>
  <testcase name="testGenericSortDecl5()" classname="de.uka.ilkd.key.parser.TestDeclParser" time="0.001">
    <skipped/>
  </testcase>
  <testcase name="testGenericSortDecl6()" classname="de.uka.ilkd.key.parser.TestDeclParser" time="0.799"/>
  <testcase name="testSortDecl()" classname="de.uka.ilkd.key.parser.TestDeclParser" time="0.727"/>
  <testcase name="testProxySortDecl()" classname="de.uka.ilkd.key.parser.TestDeclParser" time="0.806"/>
  <testcase name="testArrayDecl()" classname="de.uka.ilkd.key.parser.TestDeclParser" time="0.801"/>
  <testcase name="testAmbiguousDecls()" classname="de.uka.ilkd.key.parser.TestDeclParser" time="0.0">
    <skipped/>
  </testcase>
  <testcase name="testHeurDecl()" classname="de.uka.ilkd.key.parser.TestDeclParser" time="0.733"/>
  <testcase name="testFunctionDecl()" classname="de.uka.ilkd.key.parser.TestDeclParser" time="0.797"/>
  <testcase name="testPredicateDecl()" classname="de.uka.ilkd.key.parser.TestDeclParser" time="0.728"/>
  <testcase name="testSVDecl()" classname="de.uka.ilkd.key.parser.TestDeclParser" time="0.795"/>
  <system-out><![CDATA[178715     INFO  Test worker     d.u.i.k.n.KeyIO           Parsing took 0 ms 
178715     INFO  Test worker     d.u.i.k.n.KeyIO           MODE: declarations took 0 ms 
179548     INFO  Test worker     d.u.i.k.n.KeyIO           Parsing took 0 ms 
179548     INFO  Test worker     d.u.i.k.n.KeyIO           MODE: declarations took 0 ms 
180279     INFO  Test worker     d.u.i.k.n.KeyIO           Parsing took 0 ms 
180279     INFO  Test worker     d.u.i.k.n.KeyIO           MODE: declarations took 0 ms 
181076     INFO  Test worker     d.u.i.k.n.KeyIO           Parsing took 0 ms 
181076     INFO  Test worker     d.u.i.k.n.KeyIO           MODE: declarations took 0 ms 
181877     INFO  Test worker     d.u.i.k.n.KeyIO           Parsing took 0 ms 
181877     INFO  Test worker     d.u.i.k.n.KeyIO           MODE: declarations took 0 ms 
182605     INFO  Test worker     d.u.i.k.n.KeyIO           Parsing took 0 ms 
182605     INFO  Test worker     d.u.i.k.n.KeyIO           MODE: declarations took 0 ms 
183405     INFO  Test worker     d.u.i.k.n.KeyIO           Parsing took 0 ms 
183411     INFO  Test worker     d.u.i.k.n.KeyIO           MODE: declarations took 2 ms 
184210     INFO  Test worker     d.u.i.k.n.KeyIO           Parsing took 1 ms 
184210     INFO  Test worker     d.u.i.k.n.KeyIO           MODE: declarations took 0 ms 
184945     INFO  Test worker     d.u.i.k.n.KeyIO           Parsing took 0 ms 
184946     INFO  Test worker     d.u.i.k.n.KeyIO           MODE: declarations took 0 ms 
185742     INFO  Test worker     d.u.i.k.n.KeyIO           Parsing took 0 ms 
185743     INFO  Test worker     d.u.i.k.n.KeyIO           MODE: declarations took 0 ms 
186472     INFO  Test worker     d.u.i.k.n.KeyIO           Parsing took 0 ms 
186472     INFO  Test worker     d.u.i.k.n.KeyIO           MODE: declarations took 0 ms 
187266     INFO  Test worker     d.u.i.k.n.KeyIO           Parsing took 0 ms 
187267     INFO  Test worker     d.u.i.k.n.KeyIO           MODE: declarations took 0 ms 
]]></system-out>
  <system-err><![CDATA[]]></system-err>
</testsuite>
