<?xml version="1.0" encoding="UTF-8"?>
<testsuite name="de.uka.ilkd.key.java.ProofJavaProgramFactoryTest" tests="5" skipped="0" failures="0" errors="0" timestamp="2023-04-07T20:17:15" hostname="fv-az851-296" time="11.95">
  <properties/>
  <testcase name="testAttachCommentsCompilationUnit_LockSpec()" classname="de.uka.ilkd.key.java.ProofJavaProgramFactoryTest" time="0.57"/>
  <testcase name="testAttachCommentsCompilationUnit_AssertsFalse()" classname="de.uka.ilkd.key.java.ProofJavaProgramFactoryTest" time="0.068"/>
  <testcase name="testAttachCommentsCompilationUnit_Steinhofel1()" classname="de.uka.ilkd.key.java.ProofJavaProgramFactoryTest" time="0.102"/>
  <testcase name="testAttachCommentsCompilationUnit_SetStatements()" classname="de.uka.ilkd.key.java.ProofJavaProgramFactoryTest" time="0.085"/>
  <testcase name="testAttachCommentsCompilationUnit_SmansEtAlArrayList()" classname="de.uka.ilkd.key.java.ProofJavaProgramFactoryTest" time="0.121"/>
  <system-out><![CDATA[535        WARN  Test worker     d.u.i.k.s.ProofSettings   No proof-settings could be loaded, using defaults java.io.FileNotFoundException: /home/runner/.key/proof-settings.props (No such file or directory)
	at java.base/java.io.FileInputStream.open0(Native Method)

]]></system-out>
  <system-err><![CDATA[]]></system-err>
</testsuite>
