<?xml version="1.0" encoding="UTF-8"?>
<testsuite name="de.uka.ilkd.key.nparser.ParseLDTsTests" tests="2" skipped="0" failures="0" errors="0" timestamp="2023-04-07T20:19:57" hostname="fv-az851-296" time="0.708">
  <properties/>
  <testcase name="testLDT()" classname="de.uka.ilkd.key.nparser.ParseLDTsTests" time="0.012"/>
  <testcase name="testSR()" classname="de.uka.ilkd.key.nparser.ParseLDTsTests" time="0.695"/>
  <system-out><![CDATA[169431     INFO  Test worker     d.u.i.k.n.KeyIO           Parsing took 6 ms 
169432     INFO  Test worker     d.u.i.k.n.KeyIO           MODE: declarations took 1 ms 
169722     INFO  Test worker     d.u.i.k.n.KeyIO           Parsing took 284 ms 
169724     INFO  Test worker     d.u.i.k.n.KeyIO           MODE: declarations took 2 ms 
]]></system-out>
  <system-err><![CDATA[]]></system-err>
</testsuite>
