<?xml version="1.0" encoding="UTF-8"?>
<testsuite name="de.uka.ilkd.key.logic.TestClashFreeSubst" tests="14" skipped="2" failures="0" errors="0" timestamp="2023-04-07T20:17:39" hostname="fv-az851-296" time="42.935">
  <properties/>
  <testcase name="testMultiShareBound()" classname="de.uka.ilkd.key.logic.TestClashFreeSubst" time="0.812"/>
  <testcase name="testClash()" classname="de.uka.ilkd.key.logic.TestClashFreeSubst" time="0.817"/>
  <testcase name="testShare()" classname="de.uka.ilkd.key.logic.TestClashFreeSubst" time="0.769"/>
  <testcase name="testSubst()" classname="de.uka.ilkd.key.logic.TestClashFreeSubst" time="0.809"/>
  <testcase name="testWary0()" classname="de.uka.ilkd.key.logic.TestClashFreeSubst" time="0.842"/>
  <testcase name="testWary1()" classname="de.uka.ilkd.key.logic.TestClashFreeSubst" time="0.765"/>
  <testcase name="testWary2()" classname="de.uka.ilkd.key.logic.TestClashFreeSubst" time="0.812"/>
  <testcase name="testClashInSubstTerm()" classname="de.uka.ilkd.key.logic.TestClashFreeSubst" time="0.799"/>
  <testcase name="testShareWary()" classname="de.uka.ilkd.key.logic.TestClashFreeSubst" time="0.795"/>
  <testcase name="testMultiSubst()" classname="de.uka.ilkd.key.logic.TestClashFreeSubst" time="0.783"/>
  <testcase name="xtestMultiClash()" classname="de.uka.ilkd.key.logic.TestClashFreeSubst" time="0.0">
    <skipped/>
  </testcase>
  <testcase name="testSubstInSubstTerm()" classname="de.uka.ilkd.key.logic.TestClashFreeSubst" time="0.765"/>
  <testcase name="testSubstWary()" classname="de.uka.ilkd.key.logic.TestClashFreeSubst" time="0.822"/>
  <testcase name="xtestMultiClash1()" classname="de.uka.ilkd.key.logic.TestClashFreeSubst" time="0.0">
    <skipped/>
  </testcase>
  <system-out><![CDATA[30879      INFO  Test worker     d.u.i.k.n.KeyIO           Parsing took 0 ms 
30879      INFO  Test worker     d.u.i.k.n.KeyIO           MODE: declarations took 0 ms 
31685      INFO  Test worker     d.u.i.k.n.KeyIO           Parsing took 0 ms 
31686      INFO  Test worker     d.u.i.k.n.KeyIO           MODE: declarations took 0 ms 
34326      INFO  Test worker     d.u.i.k.n.KeyIO           Parsing took 0 ms 
34327      INFO  Test worker     d.u.i.k.n.KeyIO           MODE: declarations took 0 ms 
35136      INFO  Test worker     d.u.i.k.n.KeyIO           Parsing took 0 ms 
35137      INFO  Test worker     d.u.i.k.n.KeyIO           MODE: declarations took 0 ms 
37740      INFO  Test worker     d.u.i.k.n.KeyIO           Parsing took 0 ms 
37741      INFO  Test worker     d.u.i.k.n.KeyIO           MODE: declarations took 0 ms 
38504      INFO  Test worker     d.u.i.k.n.KeyIO           Parsing took 0 ms 
38506      INFO  Test worker     d.u.i.k.n.KeyIO           MODE: declarations took 0 ms 
41102      INFO  Test worker     d.u.i.k.n.KeyIO           Parsing took 1 ms 
41102      INFO  Test worker     d.u.i.k.n.KeyIO           MODE: declarations took 0 ms 
41906      INFO  Test worker     d.u.i.k.n.KeyIO           Parsing took 0 ms 
41907      INFO  Test worker     d.u.i.k.n.KeyIO           MODE: declarations took 0 ms 
44469      INFO  Test worker     d.u.i.k.n.KeyIO           Parsing took 0 ms 
44470      INFO  Test worker     d.u.i.k.n.KeyIO           MODE: declarations took 0 ms 
45304      INFO  Test worker     d.u.i.k.n.KeyIO           Parsing took 0 ms 
45305      INFO  Test worker     d.u.i.k.n.KeyIO           MODE: declarations took 1 ms 
47886      INFO  Test worker     d.u.i.k.n.KeyIO           Parsing took 0 ms 
47886      INFO  Test worker     d.u.i.k.n.KeyIO           MODE: declarations took 0 ms 
48646      INFO  Test worker     d.u.i.k.n.KeyIO           Parsing took 0 ms 
48647      INFO  Test worker     d.u.i.k.n.KeyIO           MODE: declarations took 0 ms 
51225      INFO  Test worker     d.u.i.k.n.KeyIO           Parsing took 0 ms 
51228      INFO  Test worker     d.u.i.k.n.KeyIO           MODE: declarations took 0 ms 
52032      INFO  Test worker     d.u.i.k.n.KeyIO           Parsing took 0 ms 
52033      INFO  Test worker     d.u.i.k.n.KeyIO           MODE: declarations took 0 ms 
54591      INFO  Test worker     d.u.i.k.n.KeyIO           Parsing took 0 ms 
54592      INFO  Test worker     d.u.i.k.n.KeyIO           MODE: declarations took 0 ms 
55384      INFO  Test worker     d.u.i.k.n.KeyIO           Parsing took 0 ms 
55385      INFO  Test worker     d.u.i.k.n.KeyIO           MODE: declarations took 0 ms 
57930      INFO  Test worker     d.u.i.k.n.KeyIO           Parsing took 0 ms 
57931      INFO  Test worker     d.u.i.k.n.KeyIO           MODE: declarations took 0 ms 
58721      INFO  Test worker     d.u.i.k.n.KeyIO           Parsing took 1 ms 
58722      INFO  Test worker     d.u.i.k.n.KeyIO           MODE: declarations took 1 ms 
61269      INFO  Test worker     d.u.i.k.n.KeyIO           Parsing took 0 ms 
61270      INFO  Test worker     d.u.i.k.n.KeyIO           MODE: declarations took 0 ms 
62046      INFO  Test worker     d.u.i.k.n.KeyIO           Parsing took 0 ms 
62047      INFO  Test worker     d.u.i.k.n.KeyIO           MODE: declarations took 0 ms 
67140      INFO  Test worker     d.u.i.k.n.KeyIO           Parsing took 0 ms 
67141      INFO  Test worker     d.u.i.k.n.KeyIO           MODE: declarations took 1 ms 
67902      INFO  Test worker     d.u.i.k.n.KeyIO           Parsing took 0 ms 
67902      INFO  Test worker     d.u.i.k.n.KeyIO           MODE: declarations took 0 ms 
70456      INFO  Test worker     d.u.i.k.n.KeyIO           Parsing took 0 ms 
70458      INFO  Test worker     d.u.i.k.n.KeyIO           MODE: declarations took 1 ms 
71274      INFO  Test worker     d.u.i.k.n.KeyIO           Parsing took 0 ms 
71275      INFO  Test worker     d.u.i.k.n.KeyIO           MODE: declarations took 0 ms 
]]></system-out>
  <system-err><![CDATA[]]></system-err>
</testsuite>
