<?xml version="1.0" encoding="UTF-8"?>
<testsuite name="de.uka.ilkd.key.testcase.smt.testgen.TestTestgen" tests="1" skipped="0" failures="0" errors="0" timestamp="2023-06-10T23:35:34" hostname="fv-az298-859" time="6.564">
  <properties/>
  <testcase name="testMiddle()" classname="de.uka.ilkd.key.testcase.smt.testgen.TestTestgen" time="6.564"/>
  <system-out><![CDATA[22450      WARN  Test worker     d.u.i.k.t.s.t.TestTestgen Warning: Z3_CE is not installed, tests skipped. 
22450      WARN  Test worker     d.u.i.k.t.s.t.TestTestgen Maybe use JVM system property "z3SolverPath" to define the path to the Z3 command. 
22452      INFO  Test worker     d.u.i.k.p.i.AbstractProblemLoader Loading environment from src/test/resources/testcase/smt/tg/middle.key 
22453      DEBUG Test worker     d.u.i.k.p.i.AbstractProblemLoader Environment load took 516.2ns 
22455      INFO  Test worker     d.u.i.k.p.i.AbstractProblemLoader Creating init config 
28240      DEBUG Test worker     d.u.i.k.p.i.AbstractProblemLoader Init config took 5.78s 
28350      INFO  Test worker     d.u.i.k.p.i.AbstractProblemLoader Replaying proof Middle[Middle::middle(int,int,int)].JML normal_behavior operation contract.0 
28362      DEBUG Test worker     d.u.i.k.p.i.IntermediateProofReplayer Proof replay took 17.3ns 
]]></system-out>
  <system-err><![CDATA[]]></system-err>
</testsuite>
