<?xml version="1.0" encoding="UTF-8"?>
<testsuite name="de.uka.ilkd.key.taclettranslation.TestTacletTranslator" tests="5" skipped="0" failures="0" errors="0" timestamp="2023-04-24T12:56:14" hostname="fv-az951-193" time="0.008">
  <properties/>
  <testcase name="testPropositional1()" classname="de.uka.ilkd.key.taclettranslation.TestTacletTranslator" time="0.003"/>
  <testcase name="testPropositional2()" classname="de.uka.ilkd.key.taclettranslation.TestTacletTranslator" time="0.002"/>
  <testcase name="testNegativePolarity()" classname="de.uka.ilkd.key.taclettranslation.TestTacletTranslator" time="0.001"/>
  <testcase name="testNoPolarity()" classname="de.uka.ilkd.key.taclettranslation.TestTacletTranslator" time="0.001"/>
  <testcase name="testPositivePolarity()" classname="de.uka.ilkd.key.taclettranslation.TestTacletTranslator" time="0.001"/>
  <system-out><![CDATA[849686     INFO  Test worker     d.u.i.k.n.KeyIO           Parsing took 1 ms 
849686     DEBUG Test worker     d.u.i.k.n.KeyIO           Load declarations of de.uka.ilkd.key.nparser.KeyAst$File:  <unknown>:1#1 
849686     INFO  Test worker     d.u.i.k.n.KeyIO           MODE: declarations took 0 ms 
849686     DEBUG Test worker     d.u.i.k.n.KeyIO           MODE: 2nd degree decls took 0 
849686     DEBUG Test worker     d.u.i.k.n.KeyIO           MODE: taclets took 0ms 
849689     INFO  Test worker     d.u.i.k.n.KeyIO           Parsing took 1 ms 
849689     DEBUG Test worker     d.u.i.k.n.KeyIO           Load declarations of de.uka.ilkd.key.nparser.KeyAst$File:  <unknown>:1#1 
849689     INFO  Test worker     d.u.i.k.n.KeyIO           MODE: declarations took 0 ms 
849689     DEBUG Test worker     d.u.i.k.n.KeyIO           MODE: 2nd degree decls took 0 
849689     DEBUG Test worker     d.u.i.k.n.KeyIO           MODE: taclets took 0ms 
849690     INFO  Test worker     d.u.i.k.n.KeyIO           Parsing took 0 ms 
849690     DEBUG Test worker     d.u.i.k.n.KeyIO           Load declarations of de.uka.ilkd.key.nparser.KeyAst$File:  <unknown>:1#1 
849690     INFO  Test worker     d.u.i.k.n.KeyIO           MODE: declarations took 0 ms 
849690     DEBUG Test worker     d.u.i.k.n.KeyIO           MODE: 2nd degree decls took 0 
849690     DEBUG Test worker     d.u.i.k.n.KeyIO           MODE: taclets took 0ms 
849691     INFO  Test worker     d.u.i.k.n.KeyIO           Parsing took 0 ms 
849691     DEBUG Test worker     d.u.i.k.n.KeyIO           Load declarations of de.uka.ilkd.key.nparser.KeyAst$File:  <unknown>:1#1 
849691     INFO  Test worker     d.u.i.k.n.KeyIO           MODE: declarations took 0 ms 
849691     DEBUG Test worker     d.u.i.k.n.KeyIO           MODE: 2nd degree decls took 0 
849691     DEBUG Test worker     d.u.i.k.n.KeyIO           MODE: taclets took 0ms 
849692     INFO  Test worker     d.u.i.k.n.KeyIO           Parsing took 0 ms 
849692     DEBUG Test worker     d.u.i.k.n.KeyIO           Load declarations of de.uka.ilkd.key.nparser.KeyAst$File:  <unknown>:1#1 
849692     INFO  Test worker     d.u.i.k.n.KeyIO           MODE: declarations took 0 ms 
849692     DEBUG Test worker     d.u.i.k.n.KeyIO           MODE: 2nd degree decls took 0 
849692     DEBUG Test worker     d.u.i.k.n.KeyIO           MODE: taclets took 0ms 
]]></system-out>
  <system-err><![CDATA[]]></system-err>
</testsuite>
