<?xml version="1.0" encoding="UTF-8"?>
<testsuite name="de.uka.ilkd.key.parser.TestDeclParser" tests="14" skipped="2" failures="0" errors="0" timestamp="2023-04-24T12:45:45" hostname="fv-az951-193" time="11.682">
  <properties/>
  <testcase name="testGenericSortDecl1()" classname="de.uka.ilkd.key.parser.TestDeclParser" time="0.937"/>
  <testcase name="testGenericSortDecl2()" classname="de.uka.ilkd.key.parser.TestDeclParser" time="1.058"/>
  <testcase name="testGenericSortDecl3()" classname="de.uka.ilkd.key.parser.TestDeclParser" time="0.999"/>
  <testcase name="testGenericSortDecl4()" classname="de.uka.ilkd.key.parser.TestDeclParser" time="0.919"/>
  <testcase name="testGenericSortDecl5()" classname="de.uka.ilkd.key.parser.TestDeclParser" time="0.001">
    <skipped/>
  </testcase>
  <testcase name="testGenericSortDecl6()" classname="de.uka.ilkd.key.parser.TestDeclParser" time="1.016"/>
  <testcase name="testSortDecl()" classname="de.uka.ilkd.key.parser.TestDeclParser" time="0.986"/>
  <testcase name="testProxySortDecl()" classname="de.uka.ilkd.key.parser.TestDeclParser" time="0.984"/>
  <testcase name="testArrayDecl()" classname="de.uka.ilkd.key.parser.TestDeclParser" time="0.91"/>
  <testcase name="testAmbiguousDecls()" classname="de.uka.ilkd.key.parser.TestDeclParser" time="0.0">
    <skipped/>
  </testcase>
  <testcase name="testHeurDecl()" classname="de.uka.ilkd.key.parser.TestDeclParser" time="0.972"/>
  <testcase name="testFunctionDecl()" classname="de.uka.ilkd.key.parser.TestDeclParser" time="0.982"/>
  <testcase name="testPredicateDecl()" classname="de.uka.ilkd.key.parser.TestDeclParser" time="0.917"/>
  <testcase name="testSVDecl()" classname="de.uka.ilkd.key.parser.TestDeclParser" time="0.999"/>
  <system-out><![CDATA[220812     INFO  Test worker     d.u.i.k.n.KeyIO           Parsing took 0 ms 
220812     DEBUG Test worker     d.u.i.k.n.KeyIO           Load declarations of de.uka.ilkd.key.nparser.KeyAst$File:  <unknown>:1#1 
220812     INFO  Test worker     d.u.i.k.n.KeyIO           MODE: declarations took 0 ms 
220812     DEBUG Test worker     d.u.i.k.n.KeyIO           MODE: 2nd degree decls took 0 
220813     DEBUG Test worker     d.u.i.k.n.KeyIO           MODE: taclets took 0ms 
221871     INFO  Test worker     d.u.i.k.n.KeyIO           Parsing took 0 ms 
221871     DEBUG Test worker     d.u.i.k.n.KeyIO           Load declarations of de.uka.ilkd.key.nparser.KeyAst$File:  <unknown>:1#1 
221872     INFO  Test worker     d.u.i.k.n.KeyIO           MODE: declarations took 1 ms 
221872     DEBUG Test worker     d.u.i.k.n.KeyIO           MODE: 2nd degree decls took 0 
221872     DEBUG Test worker     d.u.i.k.n.KeyIO           MODE: taclets took 0ms 
222871     INFO  Test worker     d.u.i.k.n.KeyIO           Parsing took 0 ms 
222871     DEBUG Test worker     d.u.i.k.n.KeyIO           Load declarations of de.uka.ilkd.key.nparser.KeyAst$File:  <unknown>:1#1 
222871     INFO  Test worker     d.u.i.k.n.KeyIO           MODE: declarations took 0 ms 
222871     DEBUG Test worker     d.u.i.k.n.KeyIO           MODE: 2nd degree decls took 0 
222871     DEBUG Test worker     d.u.i.k.n.KeyIO           MODE: taclets took 0ms 
223791     INFO  Test worker     d.u.i.k.n.KeyIO           Parsing took 1 ms 
223791     DEBUG Test worker     d.u.i.k.n.KeyIO           Load declarations of de.uka.ilkd.key.nparser.KeyAst$File:  <unknown>:1#1 
223791     INFO  Test worker     d.u.i.k.n.KeyIO           MODE: declarations took 0 ms 
223791     DEBUG Test worker     d.u.i.k.n.KeyIO           MODE: 2nd degree decls took 0 
223791     DEBUG Test worker     d.u.i.k.n.KeyIO           MODE: taclets took 0ms 
224807     INFO  Test worker     d.u.i.k.n.KeyIO           Parsing took 0 ms 
224808     DEBUG Test worker     d.u.i.k.n.KeyIO           Load declarations of de.uka.ilkd.key.nparser.KeyAst$File:  <unknown>:1#1 
224808     INFO  Test worker     d.u.i.k.n.KeyIO           MODE: declarations took 0 ms 
224808     DEBUG Test worker     d.u.i.k.n.KeyIO           MODE: 2nd degree decls took 0 
224808     DEBUG Test worker     d.u.i.k.n.KeyIO           MODE: taclets took 0ms 
225794     INFO  Test worker     d.u.i.k.n.KeyIO           Parsing took 0 ms 
225794     DEBUG Test worker     d.u.i.k.n.KeyIO           Load declarations of de.uka.ilkd.key.nparser.KeyAst$File:  <unknown>:1#1 
225794     INFO  Test worker     d.u.i.k.n.KeyIO           MODE: declarations took 0 ms 
225794     DEBUG Test worker     d.u.i.k.n.KeyIO           MODE: 2nd degree decls took 0 
225794     DEBUG Test worker     d.u.i.k.n.KeyIO           MODE: taclets took 0ms 
226776     INFO  Test worker     d.u.i.k.n.KeyIO           Parsing took 0 ms 
226776     DEBUG Test worker     d.u.i.k.n.KeyIO           Load declarations of de.uka.ilkd.key.nparser.KeyAst$File:  <unknown>:1#1 
226777     INFO  Test worker     d.u.i.k.n.KeyIO           MODE: declarations took 1 ms 
226777     DEBUG Test worker     d.u.i.k.n.KeyIO           MODE: 2nd degree decls took 0 
226777     DEBUG Test worker     d.u.i.k.n.KeyIO           MODE: taclets took 0ms 
227686     INFO  Test worker     d.u.i.k.n.KeyIO           Parsing took 0 ms 
227686     DEBUG Test worker     d.u.i.k.n.KeyIO           Load declarations of de.uka.ilkd.key.nparser.KeyAst$File:  <unknown>:1#1 
227686     INFO  Test worker     d.u.i.k.n.KeyIO           MODE: declarations took 0 ms 
227687     DEBUG Test worker     d.u.i.k.n.KeyIO           MODE: 2nd degree decls took 1 
227687     DEBUG Test worker     d.u.i.k.n.KeyIO           MODE: taclets took 0ms 
228660     INFO  Test worker     d.u.i.k.n.KeyIO           Parsing took 0 ms 
228660     DEBUG Test worker     d.u.i.k.n.KeyIO           Load declarations of de.uka.ilkd.key.nparser.KeyAst$File:  <unknown>:1#1 
228660     INFO  Test worker     d.u.i.k.n.KeyIO           MODE: declarations took 0 ms 
228660     DEBUG Test worker     d.u.i.k.n.KeyIO           MODE: 2nd degree decls took 0 
228660     DEBUG Test worker     d.u.i.k.n.KeyIO           MODE: taclets took 0ms 
229642     INFO  Test worker     d.u.i.k.n.KeyIO           Parsing took 0 ms 
229642     DEBUG Test worker     d.u.i.k.n.KeyIO           Load declarations of de.uka.ilkd.key.nparser.KeyAst$File:  <unknown>:1#1 
229642     INFO  Test worker     d.u.i.k.n.KeyIO           MODE: declarations took 0 ms 
229642     DEBUG Test worker     d.u.i.k.n.KeyIO           MODE: 2nd degree decls took 0 
229642     DEBUG Test worker     d.u.i.k.n.KeyIO           MODE: taclets took 0ms 
230559     INFO  Test worker     d.u.i.k.n.KeyIO           Parsing took 0 ms 
230559     DEBUG Test worker     d.u.i.k.n.KeyIO           Load declarations of de.uka.ilkd.key.nparser.KeyAst$File:  <unknown>:1#1 
230559     INFO  Test worker     d.u.i.k.n.KeyIO           MODE: declarations took 0 ms 
230559     DEBUG Test worker     d.u.i.k.n.KeyIO           MODE: 2nd degree decls took 0 
230559     DEBUG Test worker     d.u.i.k.n.KeyIO           MODE: taclets took 0ms 
231557     INFO  Test worker     d.u.i.k.n.KeyIO           Parsing took 0 ms 
231557     DEBUG Test worker     d.u.i.k.n.KeyIO           Load declarations of de.uka.ilkd.key.nparser.KeyAst$File:  <unknown>:1#1 
231557     INFO  Test worker     d.u.i.k.n.KeyIO           MODE: declarations took 0 ms 
231558     DEBUG Test worker     d.u.i.k.n.KeyIO           MODE: 2nd degree decls took 1 
231558     DEBUG Test worker     d.u.i.k.n.KeyIO           MODE: taclets took 0ms 
]]></system-out>
  <system-err><![CDATA[]]></system-err>
</testsuite>
