<?xml version="1.0" encoding="UTF-8"?>
<testsuite name="de.uka.ilkd.key.parser.TestTacletParser" tests="20" skipped="0" failures="0" errors="0" timestamp="2023-04-24T12:47:19" hostname="fv-az951-193" time="0.132">
  <properties/>
  <testcase name="testAllRight()" classname="de.uka.ilkd.key.parser.TestTacletParser" time="0.002"/>
  <testcase name="testSchemaJava0()" classname="de.uka.ilkd.key.parser.TestTacletParser" time="0.002"/>
  <testcase name="testSchemaJava1()" classname="de.uka.ilkd.key.parser.TestTacletParser" time="0.009"/>
  <testcase name="testSchemaJava2()" classname="de.uka.ilkd.key.parser.TestTacletParser" time="0.003"/>
  <testcase name="testSchemaJava4()" classname="de.uka.ilkd.key.parser.TestTacletParser" time="0.01"/>
  <testcase name="testSchemaJava6()" classname="de.uka.ilkd.key.parser.TestTacletParser" time="0.002"/>
  <testcase name="testSchemaJava8()" classname="de.uka.ilkd.key.parser.TestTacletParser" time="0.015"/>
  <testcase name="testCut()" classname="de.uka.ilkd.key.parser.TestTacletParser" time="0.004"/>
  <testcase name="testMakeInsertEq()" classname="de.uka.ilkd.key.parser.TestTacletParser" time="0.002"/>
  <testcase name="testAllLeft()" classname="de.uka.ilkd.key.parser.TestTacletParser" time="0.002"/>
  <testcase name="testClose()" classname="de.uka.ilkd.key.parser.TestTacletParser" time="0.01"/>
  <testcase name="testSchemaJava10()" classname="de.uka.ilkd.key.parser.TestTacletParser" time="0.01"/>
  <testcase name="testSchemaJava11()" classname="de.uka.ilkd.key.parser.TestTacletParser" time="0.025"/>
  <testcase name="testFIdempotent()" classname="de.uka.ilkd.key.parser.TestTacletParser" time="0.003"/>
  <testcase name="testImpRight()" classname="de.uka.ilkd.key.parser.TestTacletParser" time="0.003"/>
  <testcase name="testVarcondNew()" classname="de.uka.ilkd.key.parser.TestTacletParser" time="0.004"/>
  <testcase name="testFreeReplacewithVariables()" classname="de.uka.ilkd.key.parser.TestTacletParser" time="0.01"/>
  <testcase name="testImpLeft()" classname="de.uka.ilkd.key.parser.TestTacletParser" time="0.003"/>
  <testcase name="testContraposition()" classname="de.uka.ilkd.key.parser.TestTacletParser" time="0.002"/>
  <testcase name="testExConjSplit()" classname="de.uka.ilkd.key.parser.TestTacletParser" time="0.006"/>
  <system-out><![CDATA[314808     INFO  Test worker     d.u.i.k.n.KeyIO           Parsing took 0 ms 
314808     DEBUG Test worker     d.u.i.k.n.KeyIO           Load declarations of de.uka.ilkd.key.nparser.KeyAst$File:  <unknown>:1#1 
314808     INFO  Test worker     d.u.i.k.n.KeyIO           MODE: declarations took 0 ms 
314808     DEBUG Test worker     d.u.i.k.n.KeyIO           MODE: 2nd degree decls took 0 
314809     DEBUG Test worker     d.u.i.k.n.KeyIO           MODE: taclets took 1ms 
314809     INFO  Test worker     d.u.i.k.n.KeyIO           Parsing took 0 ms 
314809     DEBUG Test worker     d.u.i.k.n.KeyIO           Load declarations of de.uka.ilkd.key.nparser.KeyAst$File:  <unknown>:2#1 
314809     INFO  Test worker     d.u.i.k.n.KeyIO           MODE: declarations took 0 ms 
314809     DEBUG Test worker     d.u.i.k.n.KeyIO           MODE: 2nd degree decls took 0 
314810     DEBUG Test worker     d.u.i.k.n.KeyIO           MODE: taclets took 0ms 
314810     INFO  Test worker     d.u.i.k.n.KeyIO           Parsing took 0 ms 
314810     DEBUG Test worker     d.u.i.k.n.KeyIO           Load declarations of de.uka.ilkd.key.nparser.KeyAst$File:  <unknown>:1#1 
314810     INFO  Test worker     d.u.i.k.n.KeyIO           MODE: declarations took 0 ms 
314811     DEBUG Test worker     d.u.i.k.n.KeyIO           MODE: 2nd degree decls took 1 
314811     DEBUG Test worker     d.u.i.k.n.KeyIO           MODE: taclets took 0ms 
314811     INFO  Test worker     d.u.i.k.n.KeyIO           Parsing took 0 ms 
314811     DEBUG Test worker     d.u.i.k.n.KeyIO           Load declarations of de.uka.ilkd.key.nparser.KeyAst$File:  <unknown>:2#1 
314811     INFO  Test worker     d.u.i.k.n.KeyIO           MODE: declarations took 0 ms 
314811     DEBUG Test worker     d.u.i.k.n.KeyIO           MODE: 2nd degree decls took 0 
314812     DEBUG Test worker     d.u.i.k.n.KeyIO           MODE: taclets took 1ms 
314813     INFO  Test worker     d.u.i.k.n.KeyIO           Parsing took 0 ms 
314813     DEBUG Test worker     d.u.i.k.n.KeyIO           Load declarations of de.uka.ilkd.key.nparser.KeyAst$File:  <unknown>:1#1 
314813     INFO  Test worker     d.u.i.k.n.KeyIO           MODE: declarations took 0 ms 
314813     DEBUG Test worker     d.u.i.k.n.KeyIO           MODE: 2nd degree decls took 0 
314813     DEBUG Test worker     d.u.i.k.n.KeyIO           MODE: taclets took 0ms 
314814     WARN  Test worker     d.u.i.k.n.KeYParser       [syntax-error] <unknown>:2:21: extraneous input '<' expecting {MODALITY, FORALL, EXISTS, '\if', '\ifEx', 'true', 'false', '(', ')', '{', '@', NOT, '-', STRING_LITERAL, CHAR_LITERAL, BIN_LITERAL, HEX_LITERAL, IDENT, INT_LITERAL, FLOAT_LITERAL, DOUBLE_LITERAL, REAL_LITERAL} [@12,22:22='<',<173>,2:21] (argument_list, call, accessterm, primitive_term, primitive_labeled_term, bracket_term, atom_prefix, strong_arith_term_2, strong_arith_term_1, weak_arith_term, comparison_term, equality_term, term60, conjunction_term, disjunction_term, implication_term, equivalence_term, elementary_update_term, parallel_term, term, taclet, rulesOrAxioms, decls, file) 
314817     WARN  Test worker     d.u.i.k.n.KeYParser       [syntax-error] <unknown>:2:23: no viable alternative at input '{..' [@14,24:25='..',<144>,2:23] (atom_prefix, strong_arith_term_2, strong_arith_term_1, weak_arith_term, comparison_term, equality_term, term60, conjunction_term, disjunction_term, implication_term, equivalence_term, elementary_update_term, parallel_term, term, argument_list, call, accessterm, primitive_term, primitive_labeled_term, bracket_term, atom_prefix, strong_arith_term_2, strong_arith_term_1, weak_arith_term, comparison_term, equality_term, term60, conjunction_term, disjunction_term, implication_term, equivalence_term, elementary_update_term, parallel_term, term, taclet, rulesOrAxioms, decls, file) 
314817     WARN  Test worker     d.u.i.k.n.KeYParser       [syntax-error] <unknown>:2:33: mismatched input ';' expecting {',', ')'} [@21,34:34=';',<138>,2:33] (argument_list, call, accessterm, primitive_term, primitive_labeled_term, bracket_term, atom_prefix, strong_arith_term_2, strong_arith_term_1, weak_arith_term, comparison_term, equality_term, term60, conjunction_term, disjunction_term, implication_term, equivalence_term, elementary_update_term, parallel_term, term, taclet, rulesOrAxioms, decls, file) 
314818     WARN  Test worker     d.u.i.k.n.KeYParser       [syntax-error] <unknown>:2:41: no viable alternative at input '#i;' [@26,42:42=';',<138>,2:41] (option_list, taclet, rulesOrAxioms, decls, file) 
314818     WARN  Test worker     d.u.i.k.n.KeYParser       [syntax-error] <unknown>:2:43: mismatched input '<' expecting {'(', '{'} [@28,44:44='<',<173>,2:43] (taclet, rulesOrAxioms, decls, file) 
314818     WARN  Test worker     d.u.i.k.n.KeYParser       [syntax-error] <unknown>:2:47: mismatched input '+' expecting {'(', '{'} [@32,48:48='+',<167>,2:47] (taclet, rulesOrAxioms, decls, file) 
314818     WARN  Test worker     d.u.i.k.n.KeYParser       [syntax-error] <unknown>:2:52: extraneous input '..' expecting {'\lemma', '}', IDENT, '/*!'} [@37,53:54='..',<144>,2:52] (rulesOrAxioms, decls, file) 
314818     WARN  Test worker     d.u.i.k.n.KeYParser       [syntax-error] <unknown>:2:56: mismatched input '>' expecting {<EOF>, '\problem', '\chooseContract', '\proofObligation', '\proof'} [@40,57:57='>',<168>,2:56] (file) 
314823     INFO  Test worker     d.u.i.k.n.KeyIO           Parsing took 1 ms 
314823     DEBUG Test worker     d.u.i.k.n.KeyIO           Load declarations of de.uka.ilkd.key.nparser.KeyAst$File:  <unknown>:1#1 
314824     INFO  Test worker     d.u.i.k.n.KeyIO           MODE: declarations took 1 ms 
314824     DEBUG Test worker     d.u.i.k.n.KeyIO           MODE: 2nd degree decls took 0 
314824     DEBUG Test worker     d.u.i.k.n.KeyIO           MODE: taclets took 0ms 
314824     WARN  Test worker     d.u.i.k.n.KeYParser       [syntax-error] <unknown>:2:21: extraneous input '<' expecting {MODALITY, FORALL, EXISTS, '\if', '\ifEx', 'true', 'false', '(', ')', '{', '@', NOT, '-', STRING_LITERAL, CHAR_LITERAL, BIN_LITERAL, HEX_LITERAL, IDENT, INT_LITERAL, FLOAT_LITERAL, DOUBLE_LITERAL, REAL_LITERAL} [@12,22:22='<',<173>,2:21] (argument_list, call, accessterm, primitive_term, primitive_labeled_term, bracket_term, atom_prefix, strong_arith_term_2, strong_arith_term_1, weak_arith_term, comparison_term, equality_term, term60, conjunction_term, disjunction_term, implication_term, equivalence_term, elementary_update_term, parallel_term, term, taclet, rulesOrAxioms, decls, file) 
314824     WARN  Test worker     d.u.i.k.n.KeYParser       [syntax-error] <unknown>:2:23: no viable alternative at input '{..' [@14,24:25='..',<144>,2:23] (atom_prefix, strong_arith_term_2, strong_arith_term_1, weak_arith_term, comparison_term, equality_term, term60, conjunction_term, disjunction_term, implication_term, equivalence_term, elementary_update_term, parallel_term, term, argument_list, call, accessterm, primitive_term, primitive_labeled_term, bracket_term, atom_prefix, strong_arith_term_2, strong_arith_term_1, weak_arith_term, comparison_term, equality_term, term60, conjunction_term, disjunction_term, implication_term, equivalence_term, elementary_update_term, parallel_term, term, taclet, rulesOrAxioms, decls, file) 
314825     WARN  Test worker     d.u.i.k.n.KeYParser       [syntax-error] <unknown>:2:33: mismatched input ';' expecting {',', ')'} [@21,34:34=';',<138>,2:33] (argument_list, call, accessterm, primitive_term, primitive_labeled_term, bracket_term, atom_prefix, strong_arith_term_2, strong_arith_term_1, weak_arith_term, comparison_term, equality_term, term60, conjunction_term, disjunction_term, implication_term, equivalence_term, elementary_update_term, parallel_term, term, taclet, rulesOrAxioms, decls, file) 
314825     WARN  Test worker     d.u.i.k.n.KeYParser       [syntax-error] <unknown>:2:43: no viable alternative at input '#lab;' [@26,44:44=';',<138>,2:43] (option_list, taclet, rulesOrAxioms, decls, file) 
314825     WARN  Test worker     d.u.i.k.n.KeYParser       [syntax-error] <unknown>:2:45: mismatched input '<' expecting {'(', '{'} [@28,46:46='<',<173>,2:45] (taclet, rulesOrAxioms, decls, file) 
314825     WARN  Test worker     d.u.i.k.n.KeYParser       [syntax-error] <unknown>:2:50: mismatched input '+' expecting {'(', '{'} [@32,51:51='+',<167>,2:50] (taclet, rulesOrAxioms, decls, file) 
314825     WARN  Test worker     d.u.i.k.n.KeYParser       [syntax-error] <unknown>:2:56: extraneous input '..' expecting {'\lemma', '}', IDENT, '/*!'} [@38,57:58='..',<144>,2:56] (rulesOrAxioms, decls, file) 
314825     WARN  Test worker     d.u.i.k.n.KeYParser       [syntax-error] <unknown>:2:60: mismatched input '>' expecting {<EOF>, '\problem', '\chooseContract', '\proofObligation', '\proof'} [@41,61:61='>',<168>,2:60] (file) 
314832     INFO  Test worker     d.u.i.k.n.KeyIO           Parsing took 6 ms 
314832     DEBUG Test worker     d.u.i.k.n.KeyIO           Load declarations of de.uka.ilkd.key.nparser.KeyAst$File:  <unknown>:1#1 
314832     INFO  Test worker     d.u.i.k.n.KeyIO           MODE: declarations took 0 ms 
314832     DEBUG Test worker     d.u.i.k.n.KeyIO           MODE: 2nd degree decls took 0 
314833     DEBUG Test worker     d.u.i.k.n.KeyIO           MODE: taclets took 0ms 
314833     INFO  Test worker     d.u.i.k.n.KeyIO           Parsing took 0 ms 
314833     DEBUG Test worker     d.u.i.k.n.KeyIO           Load declarations of de.uka.ilkd.key.nparser.KeyAst$File:  <unknown>:2#1 
314833     INFO  Test worker     d.u.i.k.n.KeyIO           MODE: declarations took 0 ms 
314833     DEBUG Test worker     d.u.i.k.n.KeyIO           MODE: 2nd degree decls took 0 
314834     DEBUG Test worker     d.u.i.k.n.KeyIO           MODE: taclets took 1ms 
314835     INFO  Test worker     d.u.i.k.n.KeyIO           Parsing took 0 ms 
314835     DEBUG Test worker     d.u.i.k.n.KeyIO           Load declarations of de.uka.ilkd.key.nparser.KeyAst$File:  <unknown>:1#1 
314835     INFO  Test worker     d.u.i.k.n.KeyIO           MODE: declarations took 0 ms 
314835     DEBUG Test worker     d.u.i.k.n.KeyIO           MODE: 2nd degree decls took 0 
314835     DEBUG Test worker     d.u.i.k.n.KeyIO           MODE: taclets took 0ms 
314836     INFO  Test worker     d.u.i.k.n.KeyIO           Parsing took 0 ms 
314836     DEBUG Test worker     d.u.i.k.n.KeyIO           Load declarations of de.uka.ilkd.key.nparser.KeyAst$File:  <unknown>:2#1 
314836     INFO  Test worker     d.u.i.k.n.KeyIO           MODE: declarations took 0 ms 
314836     DEBUG Test worker     d.u.i.k.n.KeyIO           MODE: 2nd degree decls took 0 
314837     DEBUG Test worker     d.u.i.k.n.KeyIO           MODE: taclets took 1ms 
314850     INFO  Test worker     d.u.i.k.n.KeyIO           Parsing took 13 ms 
314850     DEBUG Test worker     d.u.i.k.n.KeyIO           Load declarations of de.uka.ilkd.key.nparser.KeyAst$File:  <unknown>:1#1 
314850     INFO  Test worker     d.u.i.k.n.KeyIO           MODE: declarations took 0 ms 
314850     DEBUG Test worker     d.u.i.k.n.KeyIO           MODE: 2nd degree decls took 0 
314851     DEBUG Test worker     d.u.i.k.n.KeyIO           MODE: taclets took 0ms 
314851     INFO  Test worker     d.u.i.k.n.KeyIO           Parsing took 0 ms 
314851     DEBUG Test worker     d.u.i.k.n.KeyIO           Load declarations of de.uka.ilkd.key.nparser.KeyAst$File:  <unknown>:2#1 
314851     INFO  Test worker     d.u.i.k.n.KeyIO           MODE: declarations took 0 ms 
314851     DEBUG Test worker     d.u.i.k.n.KeyIO           MODE: 2nd degree decls took 0 
314852     DEBUG Test worker     d.u.i.k.n.KeyIO           MODE: taclets took 1ms 
314852     INFO  Test worker     d.u.i.k.n.KeyIO           Parsing took 0 ms 
314855     DEBUG Test worker     d.u.i.k.n.KeyIO           Load declarations of de.uka.ilkd.key.nparser.KeyAst$File:  <unknown>:1#1 
314855     INFO  Test worker     d.u.i.k.n.KeyIO           MODE: declarations took 0 ms 
314855     DEBUG Test worker     d.u.i.k.n.KeyIO           MODE: 2nd degree decls took 0 
314855     DEBUG Test worker     d.u.i.k.n.KeyIO           MODE: taclets took 0ms 
314856     INFO  Test worker     d.u.i.k.n.KeyIO           Parsing took 1 ms 
314856     DEBUG Test worker     d.u.i.k.n.KeyIO           Load declarations of de.uka.ilkd.key.nparser.KeyAst$File:  <unknown>:2#1 
314856     INFO  Test worker     d.u.i.k.n.KeyIO           MODE: declarations took 0 ms 
314856     DEBUG Test worker     d.u.i.k.n.KeyIO           MODE: 2nd degree decls took 0 
314856     DEBUG Test worker     d.u.i.k.n.KeyIO           MODE: taclets took 0ms 
314856     INFO  Test worker     d.u.i.k.n.KeyIO           Parsing took 0 ms 
314856     DEBUG Test worker     d.u.i.k.n.KeyIO           Load declarations of de.uka.ilkd.key.nparser.KeyAst$File:  <unknown>:1#1 
314857     INFO  Test worker     d.u.i.k.n.KeyIO           MODE: declarations took 1 ms 
314857     DEBUG Test worker     d.u.i.k.n.KeyIO           MODE: 2nd degree decls took 0 
314857     DEBUG Test worker     d.u.i.k.n.KeyIO           MODE: taclets took 0ms 
314857     INFO  Test worker     d.u.i.k.n.KeyIO           Parsing took 0 ms 
314857     DEBUG Test worker     d.u.i.k.n.KeyIO           Load declarations of de.uka.ilkd.key.nparser.KeyAst$File:  <unknown>:2#1 
314857     INFO  Test worker     d.u.i.k.n.KeyIO           MODE: declarations took 0 ms 
314857     DEBUG Test worker     d.u.i.k.n.KeyIO           MODE: 2nd degree decls took 0 
314858     DEBUG Test worker     d.u.i.k.n.KeyIO           MODE: taclets took 0ms 
314858     INFO  Test worker     d.u.i.k.n.KeyIO           Parsing took 0 ms 
314858     DEBUG Test worker     d.u.i.k.n.KeyIO           Load declarations of de.uka.ilkd.key.nparser.KeyAst$File:  <unknown>:1#1 
314858     INFO  Test worker     d.u.i.k.n.KeyIO           MODE: declarations took 0 ms 
314858     DEBUG Test worker     d.u.i.k.n.KeyIO           MODE: 2nd degree decls took 0 
314859     DEBUG Test worker     d.u.i.k.n.KeyIO           MODE: taclets took 0ms 
314859     INFO  Test worker     d.u.i.k.n.KeyIO           Parsing took 0 ms 
314859     DEBUG Test worker     d.u.i.k.n.KeyIO           Load declarations of de.uka.ilkd.key.nparser.KeyAst$File:  <unknown>:2#1 
314859     INFO  Test worker     d.u.i.k.n.KeyIO           MODE: declarations took 0 ms 
314859     DEBUG Test worker     d.u.i.k.n.KeyIO           MODE: 2nd degree decls took 0 
314860     DEBUG Test worker     d.u.i.k.n.KeyIO           MODE: taclets took 0ms 
314868     INFO  Test worker     d.u.i.k.n.KeyIO           Parsing took 8 ms 
314868     DEBUG Test worker     d.u.i.k.n.KeyIO           Load declarations of de.uka.ilkd.key.nparser.KeyAst$File:  <unknown>:1#1 
314869     INFO  Test worker     d.u.i.k.n.KeyIO           MODE: declarations took 1 ms 
314869     DEBUG Test worker     d.u.i.k.n.KeyIO           MODE: 2nd degree decls took 0 
314869     DEBUG Test worker     d.u.i.k.n.KeyIO           MODE: taclets took 0ms 
314870     INFO  Test worker     d.u.i.k.n.KeyIO           Parsing took 0 ms 
314870     DEBUG Test worker     d.u.i.k.n.KeyIO           Load declarations of de.uka.ilkd.key.nparser.KeyAst$File:  <unknown>:2#1 
314870     INFO  Test worker     d.u.i.k.n.KeyIO           MODE: declarations took 0 ms 
314870     DEBUG Test worker     d.u.i.k.n.KeyIO           MODE: 2nd degree decls took 0 
314870     DEBUG Test worker     d.u.i.k.n.KeyIO           MODE: taclets took 0ms 
314871     INFO  Test worker     d.u.i.k.n.KeyIO           Parsing took 0 ms 
314871     DEBUG Test worker     d.u.i.k.n.KeyIO           Load declarations of de.uka.ilkd.key.nparser.KeyAst$File:  <unknown>:1#1 
314871     INFO  Test worker     d.u.i.k.n.KeyIO           MODE: declarations took 0 ms 
314871     DEBUG Test worker     d.u.i.k.n.KeyIO           MODE: 2nd degree decls took 0 
314872     DEBUG Test worker     d.u.i.k.n.KeyIO           MODE: taclets took 0ms 
314872     INFO  Test worker     d.u.i.k.n.KeyIO           Parsing took 0 ms 
314872     DEBUG Test worker     d.u.i.k.n.KeyIO           Load declarations of de.uka.ilkd.key.nparser.KeyAst$File:  <unknown>:2#1 
314872     INFO  Test worker     d.u.i.k.n.KeyIO           MODE: declarations took 0 ms 
314872     DEBUG Test worker     d.u.i.k.n.KeyIO           MODE: 2nd degree decls took 0 
314873     DEBUG Test worker     d.u.i.k.n.KeyIO           MODE: taclets took 1ms 
314891     INFO  Test worker     d.u.i.k.n.KeyIO           Parsing took 0 ms 
314891     DEBUG Test worker     d.u.i.k.n.KeyIO           Load declarations of de.uka.ilkd.key.nparser.KeyAst$File:  <unknown>:1#1 
314892     INFO  Test worker     d.u.i.k.n.KeyIO           MODE: declarations took 1 ms 
314892     DEBUG Test worker     d.u.i.k.n.KeyIO           MODE: 2nd degree decls took 0 
314893     DEBUG Test worker     d.u.i.k.n.KeyIO           MODE: taclets took 1ms 
314894     INFO  Test worker     d.u.i.k.n.KeyIO           Parsing took 1 ms 
314894     DEBUG Test worker     d.u.i.k.n.KeyIO           Load declarations of de.uka.ilkd.key.nparser.KeyAst$File:  <unknown>:2#1 
314894     INFO  Test worker     d.u.i.k.n.KeyIO           MODE: declarations took 0 ms 
314894     DEBUG Test worker     d.u.i.k.n.KeyIO           MODE: 2nd degree decls took 0 
314897     DEBUG Test worker     d.u.i.k.n.KeyIO           MODE: taclets took 2ms 
314907     INFO  Test worker     d.u.i.k.n.KeyIO           Parsing took 0 ms 
314907     DEBUG Test worker     d.u.i.k.n.KeyIO           Load declarations of de.uka.ilkd.key.nparser.KeyAst$File:  <unknown>:1#1 
314907     INFO  Test worker     d.u.i.k.n.KeyIO           MODE: declarations took 0 ms 
314908     DEBUG Test worker     d.u.i.k.n.KeyIO           MODE: 2nd degree decls took 0 
314908     DEBUG Test worker     d.u.i.k.n.KeyIO           MODE: taclets took 0ms 
314909     INFO  Test worker     d.u.i.k.n.KeyIO           Parsing took 0 ms 
314909     DEBUG Test worker     d.u.i.k.n.KeyIO           Load declarations of de.uka.ilkd.key.nparser.KeyAst$File:  <unknown>:2#1 
314909     INFO  Test worker     d.u.i.k.n.KeyIO           MODE: declarations took 0 ms 
314909     DEBUG Test worker     d.u.i.k.n.KeyIO           MODE: 2nd degree decls took 0 
314910     DEBUG Test worker     d.u.i.k.n.KeyIO           MODE: taclets took 0ms 
314911     INFO  Test worker     d.u.i.k.n.KeyIO           Parsing took 0 ms 
314911     DEBUG Test worker     d.u.i.k.n.KeyIO           Load declarations of de.uka.ilkd.key.nparser.KeyAst$File:  <unknown>:1#1 
314911     INFO  Test worker     d.u.i.k.n.KeyIO           MODE: declarations took 0 ms 
314911     DEBUG Test worker     d.u.i.k.n.KeyIO           MODE: 2nd degree decls took 0 
314912     DEBUG Test worker     d.u.i.k.n.KeyIO           MODE: taclets took 1ms 
314912     INFO  Test worker     d.u.i.k.n.KeyIO           Parsing took 0 ms 
314912     DEBUG Test worker     d.u.i.k.n.KeyIO           Load declarations of de.uka.ilkd.key.nparser.KeyAst$File:  <unknown>:2#1 
314912     INFO  Test worker     d.u.i.k.n.KeyIO           MODE: declarations took 0 ms 
314912     DEBUG Test worker     d.u.i.k.n.KeyIO           MODE: 2nd degree decls took 0 
314913     DEBUG Test worker     d.u.i.k.n.KeyIO           MODE: taclets took 0ms 
314914     INFO  Test worker     d.u.i.k.n.KeyIO           Parsing took 0 ms 
314914     DEBUG Test worker     d.u.i.k.n.KeyIO           Load declarations of de.uka.ilkd.key.nparser.KeyAst$File:  <unknown>:1#1 
314915     INFO  Test worker     d.u.i.k.n.KeyIO           MODE: declarations took 1 ms 
314915     DEBUG Test worker     d.u.i.k.n.KeyIO           MODE: 2nd degree decls took 0 
314915     DEBUG Test worker     d.u.i.k.n.KeyIO           MODE: taclets took 0ms 
314916     INFO  Test worker     d.u.i.k.n.KeyIO           Parsing took 1 ms 
314916     DEBUG Test worker     d.u.i.k.n.KeyIO           Load declarations of de.uka.ilkd.key.nparser.KeyAst$File:  <unknown>:2#1 
314916     INFO  Test worker     d.u.i.k.n.KeyIO           MODE: declarations took 0 ms 
314916     DEBUG Test worker     d.u.i.k.n.KeyIO           MODE: 2nd degree decls took 0 
314916     DEBUG Test worker     d.u.i.k.n.KeyIO           MODE: taclets took 0ms 
314917     INFO  Test worker     d.u.i.k.n.KeyIO           Parsing took 0 ms 
314917     DEBUG Test worker     d.u.i.k.n.KeyIO           Load declarations of de.uka.ilkd.key.nparser.KeyAst$File:  <unknown>:2#1 
314917     INFO  Test worker     d.u.i.k.n.KeyIO           MODE: declarations took 0 ms 
314917     DEBUG Test worker     d.u.i.k.n.KeyIO           MODE: 2nd degree decls took 0 
314917     DEBUG Test worker     d.u.i.k.n.KeyIO           MODE: taclets took 0ms 
314918     INFO  Test worker     d.u.i.k.n.KeyIO           Parsing took 0 ms 
314918     DEBUG Test worker     d.u.i.k.n.KeyIO           Load declarations of de.uka.ilkd.key.nparser.KeyAst$File:  <unknown>:1#1 
314919     INFO  Test worker     d.u.i.k.n.KeyIO           MODE: declarations took 1 ms 
314919     DEBUG Test worker     d.u.i.k.n.KeyIO           MODE: 2nd degree decls took 0 
314919     DEBUG Test worker     d.u.i.k.n.KeyIO           MODE: taclets took 0ms 
314926     INFO  Test worker     d.u.i.k.n.KeyIO           Parsing took 0 ms 
314926     DEBUG Test worker     d.u.i.k.n.KeyIO           Load declarations of de.uka.ilkd.key.nparser.KeyAst$File:  <unknown>:2#1 
314926     INFO  Test worker     d.u.i.k.n.KeyIO           MODE: declarations took 0 ms 
314927     DEBUG Test worker     d.u.i.k.n.KeyIO           MODE: 2nd degree decls took 0 
314928     INFO  Test worker     d.u.i.k.n.KeyIO           Parsing took 0 ms 
314929     DEBUG Test worker     d.u.i.k.n.KeyIO           Load declarations of de.uka.ilkd.key.nparser.KeyAst$File:  <unknown>:1#1 
314929     INFO  Test worker     d.u.i.k.n.KeyIO           MODE: declarations took 0 ms 
314929     DEBUG Test worker     d.u.i.k.n.KeyIO           MODE: 2nd degree decls took 0 
314929     DEBUG Test worker     d.u.i.k.n.KeyIO           MODE: taclets took 0ms 
314930     INFO  Test worker     d.u.i.k.n.KeyIO           Parsing took 0 ms 
314930     DEBUG Test worker     d.u.i.k.n.KeyIO           Load declarations of de.uka.ilkd.key.nparser.KeyAst$File:  <unknown>:2#1 
314930     INFO  Test worker     d.u.i.k.n.KeyIO           MODE: declarations took 0 ms 
314930     DEBUG Test worker     d.u.i.k.n.KeyIO           MODE: 2nd degree decls took 0 
314931     DEBUG Test worker     d.u.i.k.n.KeyIO           MODE: taclets took 0ms 
314931     INFO  Test worker     d.u.i.k.n.KeyIO           Parsing took 0 ms 
314931     DEBUG Test worker     d.u.i.k.n.KeyIO           Load declarations of de.uka.ilkd.key.nparser.KeyAst$File:  <unknown>:1#1 
314932     INFO  Test worker     d.u.i.k.n.KeyIO           MODE: declarations took 1 ms 
314932     DEBUG Test worker     d.u.i.k.n.KeyIO           MODE: 2nd degree decls took 0 
314932     DEBUG Test worker     d.u.i.k.n.KeyIO           MODE: taclets took 0ms 
314933     INFO  Test worker     d.u.i.k.n.KeyIO           Parsing took 1 ms 
314933     DEBUG Test worker     d.u.i.k.n.KeyIO           Load declarations of de.uka.ilkd.key.nparser.KeyAst$File:  <unknown>:2#1 
314933     INFO  Test worker     d.u.i.k.n.KeyIO           MODE: declarations took 0 ms 
314933     DEBUG Test worker     d.u.i.k.n.KeyIO           MODE: 2nd degree decls took 0 
314933     DEBUG Test worker     d.u.i.k.n.KeyIO           MODE: taclets took 0ms 
314934     INFO  Test worker     d.u.i.k.n.KeyIO           Parsing took 0 ms 
314934     DEBUG Test worker     d.u.i.k.n.KeyIO           Load declarations of de.uka.ilkd.key.nparser.KeyAst$File:  <unknown>:1#1 
314934     INFO  Test worker     d.u.i.k.n.KeyIO           MODE: declarations took 0 ms 
314934     DEBUG Test worker     d.u.i.k.n.KeyIO           MODE: 2nd degree decls took 0 
314935     DEBUG Test worker     d.u.i.k.n.KeyIO           MODE: taclets took 0ms 
314936     INFO  Test worker     d.u.i.k.n.KeyIO           Parsing took 0 ms 
314937     DEBUG Test worker     d.u.i.k.n.KeyIO           Load declarations of de.uka.ilkd.key.nparser.KeyAst$File:  <unknown>:2#1 
314937     INFO  Test worker     d.u.i.k.n.KeyIO           MODE: declarations took 0 ms 
314937     DEBUG Test worker     d.u.i.k.n.KeyIO           MODE: 2nd degree decls took 0 
314938     DEBUG Test worker     d.u.i.k.n.KeyIO           MODE: taclets took 0ms 
]]></system-out>
  <system-err><![CDATA[]]></system-err>
</testsuite>
