<?xml version="1.0" encoding="UTF-8"?>
<testsuite name="de.uka.ilkd.key.java.TestContextStatementBlock" tests="1" skipped="0" failures="0" errors="0" timestamp="2023-04-24T12:42:28" hostname="fv-az951-193" time="1.162">
  <properties/>
  <testcase name="testContextTermInstantiation()" classname="de.uka.ilkd.key.java.TestContextStatementBlock" time="1.162"/>
  <system-out><![CDATA[24194      INFO  Test worker     d.u.i.k.n.KeyIO           Parsing took 3 ms 
24194      DEBUG Test worker     d.u.i.k.n.KeyIO           Load declarations of de.uka.ilkd.key.nparser.KeyAst$File:  /home/runner/work/key/key/key.core/src/test/resources/testcase/testrules.key:9#1 
24195      INFO  Test worker     d.u.i.k.n.KeyIO           MODE: declarations took 1 ms 
24195      DEBUG Test worker     d.u.i.k.n.KeyIO           MODE: 2nd degree decls took 0 
24289      DEBUG Test worker     d.u.i.k.n.KeyIO           MODE: taclets took 93ms 
]]></system-out>
  <system-err><![CDATA[]]></system-err>
</testsuite>
