<?xml version="1.0" encoding="UTF-8"?>
<testsuite name="de.uka.ilkd.key.rule.TestSchemaModalOperators" tests="4" skipped="0" failures="0" errors="0" timestamp="2023-04-24T12:49:58" hostname="fv-az951-193" time="1.308">
  <properties/>
  <testcase name="testSchemaModalities1()" classname="de.uka.ilkd.key.rule.TestSchemaModalOperators" time="1.272"/>
  <testcase name="testSchemaModalities2()" classname="de.uka.ilkd.key.rule.TestSchemaModalOperators" time="0.01"/>
  <testcase name="testSchemaModalities3()" classname="de.uka.ilkd.key.rule.TestSchemaModalOperators" time="0.009"/>
  <testcase name="testSchemaModalities4()" classname="de.uka.ilkd.key.rule.TestSchemaModalOperators" time="0.017"/>
  <system-out><![CDATA[474590     INFO  Test worker     d.u.i.k.n.KeyIO           Parsing took 3 ms 
474590     DEBUG Test worker     d.u.i.k.n.KeyIO           Load declarations of de.uka.ilkd.key.nparser.KeyAst$File:  /home/runner/work/key/key/key.core/src/test/resources/testcase/testrules.key:9#1 
474593     INFO  Test worker     d.u.i.k.n.KeyIO           MODE: declarations took 3 ms 
474593     DEBUG Test worker     d.u.i.k.n.KeyIO           MODE: 2nd degree decls took 0 
474620     DEBUG Test worker     d.u.i.k.n.KeyIO           MODE: taclets took 27ms 
]]></system-out>
  <system-err><![CDATA[]]></system-err>
</testsuite>
