<?xml version="1.0" encoding="UTF-8"?>
<testsuite name="org.key_project.util.collection.TestDirectedGraph" tests="2" skipped="0" failures="0" errors="0" timestamp="2023-03-31T21:50:21" hostname="fv-az203-458" time="0.062">
  <properties/>
  <testcase name="insertAndRemove()" classname="org.key_project.util.collection.TestDirectedGraph" time="0.054"/>
  <testcase name="insertAndRemoveEdges()" classname="org.key_project.util.collection.TestDirectedGraph" time="0.002"/>
  <system-out><![CDATA[]]></system-out>
  <system-err><![CDATA[]]></system-err>
</testsuite>
