<?xml version="1.0" encoding="UTF-8"?>
<testsuite name="de.uka.ilkd.key.symbolic_execution.testcase.util.TestSideProofStore" tests="2" skipped="0" failures="0" errors="0" timestamp="2023-04-03T21:31:35" hostname="fv-az442-215" time="0.008">
  <properties/>
  <testcase name="testEnabledState()" classname="de.uka.ilkd.key.symbolic_execution.testcase.util.TestSideProofStore" time="0.004"/>
  <testcase name="testProofManagement()" classname="de.uka.ilkd.key.symbolic_execution.testcase.util.TestSideProofStore" time="0.004"/>
  <system-out><![CDATA[]]></system-out>
  <system-err><![CDATA[]]></system-err>
</testsuite>
